1:0:25: nice ping (STEAM_0:0:147125171) подключился.
1:1:9: nice ping has loaded the character 'Ryan Stiller'.
1:3:58: Ryan Stiller has gained a Empty Soda Can 1491249300.
1:4:0: Ryan Stiller has gained a Empty Glass Bottle 1491249576.
1:4:6: Ryan Stiller has gained a Empty Tin Can 1491249768.
1:4:8: Ryan Stiller has gained a Empty Tin Can 1491250003.
1:4:27: Ryan Stiller has gained a Empty Takeout Carton 1491250108.
1:4:31: Ryan Stiller has gained a Empty Jug 1491249652.
1:4:45: Ryan Stiller has gained a Plastic 1491252442.
1:5:23: Ryan Stiller has gained a Empty Tin Can 1491127176.
1:5:28: Ryan Stiller has gained a Empty Tin Can 1491250157.
1:5:31: Ryan Stiller has gained a Empty Takeout Carton 1491250250.
1:5:37: Ryan Stiller has gained a UU-Branded Canned Water 1491264407.
1:6:51: Ryan Stiller has gained a Cloth 1491264482.
1:7:45: Ryan Stiller has gained a CIV:REWARD.CARD-1L 1491264537.
1:7:48: Ryan Stiller has lost a Empty Glass Bottle 1491249576.
1:7:49: Ryan Stiller has lost a Empty Glass Bottle 1491218766.
1:7:50: Ryan Stiller has lost a Empty Jug 1491219398.
1:7:51: Ryan Stiller has lost a Empty Jug 1491249652.
1:7:52: Ryan Stiller has lost a Empty Soda Can 1491249300.
1:7:53: Ryan Stiller has lost a Empty Takeout Carton 1491250250.
1:7:54: Ryan Stiller has lost a Empty Takeout Carton 1491250108.
1:7:54: Ryan Stiller has lost a Empty Tin Can 1491249768.
1:7:55: Ryan Stiller has lost a Empty Tin Can 1491250157.
1:7:56: Ryan Stiller has lost a Empty Tin Can 1491127176.
1:7:56: Ryan Stiller has lost a Empty Tin Can 1491250003.
1:7:57: Ryan Stiller has lost a Plastic 1491252442.
1:8:34: Ryan Stiller has gained a Empty Soda Can 1491250004.
1:8:36: Ryan Stiller has gained a Empty Soda Can 1491249766.
1:8:50: Ryan Stiller has gained a Empty Tin Can 1491249302.
1:9:39: Ryan Stiller has lost a CIV:REWARD.CARD-1L 1491264537.
1:9:39: Ryan Stiller has used '/InvAction use civreward_1l 1491264537.00'.
1:10:15: Ryan Stiller has gained a Empty Carton 1491264688.
1:11:13: Ryan Stiller has lost a Empty Carton 1491264688.
1:11:14: Ryan Stiller has lost a Empty Soda Can 1491249766.
1:11:14: Ryan Stiller has lost a Empty Soda Can 1491250004.
1:11:15: Ryan Stiller has lost a Empty Tin Can 1491249302.
1:11:27: Ryan Stiller has gained a Empty Plastic Bottle 1491250646.
1:11:32: Ryan Stiller has lost a Empty Plastic Bottle 1491250646.
1:11:43: Ryan Stiller has gained a Paper 1490950718.
1:11:43: Ryan Stiller has used '/InvAction use paper 1490950718'.
1:11:43: Ryan Stiller has lost a Paper 1490950718.
1:11:47: Ryan Stiller has gained a Paper 1490950718.
1:12:41: nice ping has loaded the character 'Mark Applebee'.
1:13:7: Mark Applebee has used '/StorageClose'.
1:13:12: Mark Applebee has used '/StorageClose'.
1:13:17: Mark Applebee has used '/StorageClose'.
1:13:19: Mark Applebee has used '/StorageClose'.
1:13:22: Mark Applebee has used '/StorageClose'.
1:13:25: Mark Applebee has gained a UU-Branded Sardines 1491154942.
1:13:25: Mark Applebee has used '/StorageTakeItem uu-branded_sardines 1491154942.00'.
1:13:25: Mark Applebee has gained a UU-Branded Sardines 1491154943.
1:13:25: Mark Applebee has used '/StorageTakeItem uu-branded_sardines 1491154943.00'.
1:13:27: Mark Applebee has used '/StorageClose'.
1:13:32: Mark Applebee has gained a Shotgun 1491115696.
1:13:32: Mark Applebee has used '/StorageTakeItem sxbase_spas12 1491115696.00'.
1:13:36: Mark Applebee has used '/StorageClose'.
1:13:42: Mark Applebee has lost a Shotgun 1491115696.
1:13:42: Mark Applebee has used '/StorageGiveItem sxbase_spas12 1491115696.00'.
1:13:43: Mark Applebee has used '/StorageClose'.
1:13:48: Mark Applebee has lost a UU-Branded Sardines 1491154942.
1:13:48: Mark Applebee has used '/StorageGiveItem uu-branded_sardines 1491154942.00'.
1:13:48: Mark Applebee has lost a UU-Branded Sardines 1491154943.
1:13:48: Mark Applebee has used '/StorageGiveItem uu-branded_sardines 1491154943.00'.
1:13:49: Mark Applebee has lost a Headcrab 1491224877.
1:13:49: Mark Applebee has used '/StorageGiveItem headcrab 1491224877.00'.
1:13:50: Mark Applebee has lost a Headcrab 1491224878.
1:13:50: Mark Applebee has used '/StorageGiveItem headcrab 1491224878.00'.
1:13:54: Mark Applebee has used '/StorageClose'.
1:13:56: Mark Applebee has used '/StorageClose'.
1:14:0: Mark Applebee has used '/StorageClose'.
1:14:5: Mark Applebee has used '/StorageClose'.
1:14:8: Mark Applebee has gained a 9mm Pistol Bullets 1491219109.
1:14:8: Mark Applebee has used '/StorageTakeItem ammo_pistol 1491219109.00'.
1:14:9: Mark Applebee has gained a USP Match 1491227704.
1:14:9: Mark Applebee has used '/StorageTakeItem sxbase_uspmatch 1491227704.00'.
1:14:10: Mark Applebee has gained a USP Match 1491227705.
1:14:10: Mark Applebee has used '/StorageTakeItem sxbase_uspmatch 1491227705.00'.
1:14:11: Mark Applebee has used '/StorageClose'.
1:14:14: Mark Applebee has gained a USP Match 1491227703.
1:14:14: Mark Applebee has used '/StorageTakeItem sxbase_uspmatch 1491227703.00'.
1:14:14: Mark Applebee has gained a USP Match 1491227043.
1:14:14: Mark Applebee has used '/StorageTakeItem sxbase_uspmatch 1491227043.00'.
1:14:15: Mark Applebee has gained a MP7 1491117260.
1:14:15: Mark Applebee has used '/StorageTakeItem sxbase_mp7 1491117260.00'.
1:14:17: Mark Applebee has gained a MP7 1490877716.
1:14:17: Mark Applebee has used '/StorageTakeItem sxbase_mp7 1490877716.00'.
1:14:20: Mark Applebee has lost a USP Match 1491227043.
1:14:20: Mark Applebee has used '/StorageGiveItem sxbase_uspmatch 1491227043.00'.
1:14:21: Mark Applebee has lost a USP Match 1491227703.
1:14:21: Mark Applebee has used '/StorageGiveItem sxbase_uspmatch 1491227703.00'.
1:14:22: Mark Applebee has lost a USP Match 1491227704.
1:14:22: Mark Applebee has used '/StorageGiveItem sxbase_uspmatch 1491227704.00'.
1:14:24: Mark Applebee has lost a 9mm Pistol Bullets 1491219109.
1:14:24: Mark Applebee has used '/StorageGiveItem ammo_pistol 1491219109.00'.
1:14:28: Mark Applebee has lost a USP Match 1491227705.
1:14:28: Mark Applebee has used '/StorageGiveItem sxbase_uspmatch 1491227705.00'.
1:14:33: Mark Applebee has used '/StorageClose'.
1:14:40: Mark Applebee has lost a MP7 w/ Micro-T1 & AN/PEQ-15 1491227684.
1:14:40: Mark Applebee has used '/InvAction use sxbase_mp7_micro_ls 1491227684.00'.
1:14:45: Mark Applebee has lost a MP7 1490877716.
1:14:45: Mark Applebee has used '/StorageGiveItem sxbase_mp7 1490877716.00'.
1:14:46: Mark Applebee has lost a MP7 1491117260.
1:14:46: Mark Applebee has used '/StorageGiveItem sxbase_mp7 1491117260.00'.
1:14:55: Mark Applebee has used '/StorageClose'.
1:14:58: Mark Applebee has used '/StorageClose'.
1:15:15: Mark Applebee has gained a Empty Carton 1491232163.
1:15:39: Mark Applebee has gained a Reclaimed Metal 1491067608.
1:15:41: Mark Applebee has gained a Cables 1491095536.
1:15:42: Mark Applebee has gained a Refined Metal 1491216092.
1:15:46: Mark Applebee has lost a Refined Metal 1491216092.
1:15:46: Mark Applebee has used '/InvAction drop refined_metal 1491216092.00'.
1:15:49: Mark Applebee has lost a Reclaimed Metal 1491067608.
1:15:49: Mark Applebee has used '/InvAction drop reclaimed_metal 1491067608.00'.
1:15:51: Mark Applebee has lost a Cables 1491095536.
1:15:51: Mark Applebee has used '/InvAction drop cables 1491095536.00'.
1:15:55: Mark Applebee has gained a Cables 1491095536.
1:15:58: Mark Applebee has lost a Cables 1491095536.
1:15:58: Mark Applebee has used '/InvAction drop cables 1491095536.00'.
1:16:3: Mark Applebee has gained a Spray Can 1491151439.
1:16:10: Mark Applebee has lost a Spray Can 1491151439.
1:16:10: Mark Applebee has used '/InvAction drop spray_can 1491151439.00'.
1:16:30: nice ping has loaded the character 'Ryan Stiller'.
1:17:31: Ryan Stiller has lost a Cloth 1491264482.
1:17:31: Ryan Stiller has used '/InvAction drop cloth 1491264482.00'.
1:18:39: Ryan Stiller has used '/StorageClose'.
1:19:44: Ryan Stiller has gained a Ration 1491265256.
1:20:13: Ryan Stiller has gained a UU-Branded Citizen Supplements 1491265288.
1:20:13: Ryan Stiller has gained a Breen's Water 1491265289.
1:20:13: Ryan Stiller has lost a Ration 1491218922.
1:20:13: Ryan Stiller has used '/InvAction use ration 1491218922.00'.
1:20:14: Ryan Stiller has gained a Empty Tin Can 1491265291.
1:20:14: Ryan Stiller has lost a UU-Branded Citizen Supplements 1491265288.
1:20:14: Ryan Stiller has used '/InvAction use citizen_supplements 1491265288.00'.
1:20:15: Ryan Stiller has gained a Empty Soda Can 1491265293.
1:20:15: Ryan Stiller has lost a Breen's Water 1491265289.
1:20:15: Ryan Stiller has used '/InvAction use breens_water 1491265289.00'.
1:20:16: Ryan Stiller has gained a Empty Soda Can 1491265295.
1:20:16: Ryan Stiller has lost a UU-Branded Canned Water 1491264407.
1:20:16: Ryan Stiller has used '/InvAction use canned_water 1491264407.00'.
1:20:53: Ryan Stiller has gained a Empty Soda Can 1491265333.
1:21:49: Ryan Stiller has lost a Empty Soda Can 1491265295.
1:21:50: Ryan Stiller has lost a Empty Soda Can 1491265293.
1:21:51: Ryan Stiller has lost a Empty Soda Can 1491265333.
1:21:52: Ryan Stiller has lost a Empty Tin Can 1491265291.
1:22:9: nice ping has loaded the character 'Mark Applebee'.
1:22:18: Mark Applebee has gained a UU-Branded Sardines 1491154943.
1:22:18: Mark Applebee has used '/StorageTakeItem uu-branded_sardines 1491154943.00'.
1:22:20: Mark Applebee has lost a UU-Branded Sardines 1491154943.
1:22:20: Mark Applebee has used '/StorageGiveItem uu-branded_sardines 1491154943.00'.
1:22:22: Mark Applebee has gained a UU-Branded Sardines 1491154943.
1:22:22: Mark Applebee has used '/StorageTakeItem uu-branded_sardines 1491154943.00'.
1:22:24: Mark Applebee has lost a UU-Branded Sardines 1491154943.
1:22:24: Mark Applebee has used '/StorageGiveItem uu-branded_sardines 1491154943.00'.
1:22:26: Mark Applebee has gained a UU-Branded Milk Jugs 1491154946.
1:22:26: Mark Applebee has used '/StorageTakeItem uu-branded_milk_jugs 1491154946.00'.
1:22:26: Mark Applebee has used '/StorageClose'.
1:22:28: Mark Applebee has lost a Headcrab 1491224876.
1:22:28: Mark Applebee has used '/InvAction use headcrab 1491224876.00'.
1:22:31: Mark Applebee has gained a Empty Jug 1491265432.
1:22:31: Mark Applebee has lost a UU-Branded Milk Jugs 1491154946.
1:22:31: Mark Applebee has used '/InvAction use uu-branded_milk_jugs 1491154946.00'.
1:22:43: Mark Applebee has lost a Flashlight 1490970809.
1:22:43: Mark Applebee has used '/InvAction use cw_flashlight 1490970809.00'.
1:22:45: Mark Applebee has lost a MP7 w/ Micro-T1 & AN/PEQ-15 1491227684.
1:22:45: Mark Applebee has used '/InvAction use sxbase_mp7_micro_ls 1491227684.00'.
1:23:51: Mark Applebee has lost a Empty Jug 1491230247.
1:23:52: Mark Applebee has lost a Empty Jug 1491265432.
1:23:54: Mark Applebee has lost a Empty Plastic Bottle 1491231771.
1:23:54: Mark Applebee has lost a Empty Takeout Carton 1491232153.
1:23:55: Mark Applebee has lost a Empty Tin Can 1491229772.
1:25:29: Mark Applebee has gained a Empty Tin Can 1491265611.
1:25:35: Mark Applebee has gained a Canned Beans 1491265618.
1:26:33: nice ping has loaded the character 'Ryan Stiller'.
1:26:42: Ryan Stiller has gained a Empty Takeout Carton 1491265686.
1:28:32: Ryan Stiller has gained a Chinese Takeout 1491265797.
1:28:39: Ryan Stiller has lost a Empty Takeout Carton 1491265686.
1:28:59: nice ping has loaded the character 'Mark Applebee'.
1:29:20: Mark Applebee has gained a Empty Jug 1491235011.
1:29:26: nice ping has loaded the character 'Ryan Stiller'.
1:29:38: Ryan Stiller has gained a Empty Plastic Bottle 1491265864.
1:33:7: Ryan Stiller has gained a Ration 1491266074.
1:33:14: Ryan Stiller has gained a Chinese Takeout 1491266082.
1:33:30: Ryan Stiller has gained a UU-Branded Citizen Supplements 1491266099.
1:33:30: Ryan Stiller has gained a Breen's Water 1491266100.
1:33:30: Ryan Stiller has lost a Ration 1491266074.
1:33:30: Ryan Stiller has used '/InvAction use ration 1491266074.00'.
1:33:32: Ryan Stiller has gained a Empty Takeout Carton 1491266103.
1:33:32: Ryan Stiller has lost a Chinese Takeout 1491266082.
1:33:32: Ryan Stiller has used '/InvAction use chinese_takeout 1491266082.00'.
1:33:32: Ryan Stiller has gained a Empty Takeout Carton 1491266104.
1:33:32: Ryan Stiller has lost a Chinese Takeout 1491265797.
1:33:32: Ryan Stiller has used '/InvAction use chinese_takeout 1491265797.00'.
1:33:33: Ryan Stiller has gained a Empty Tin Can 1491266106.
1:33:33: Ryan Stiller has lost a UU-Branded Citizen Supplements 1491266099.
1:33:33: Ryan Stiller has used '/InvAction use citizen_supplements 1491266099.00'.
1:33:34: Ryan Stiller has gained a Empty Soda Can 1491266108.
1:33:34: Ryan Stiller has lost a Breen's Water 1491266100.
1:33:34: Ryan Stiller has used '/InvAction use breens_water 1491266100.00'.
1:33:55: Ryan Stiller has gained a Empty Tin Can 1491219582.
1:33:57: Ryan Stiller has gained a Empty Can 1491249296.
1:34:24: Ryan Stiller has gained a Empty Soda Can 1491266159.
1:34:29: Ryan Stiller has lost a Empty Can 1491249296.
1:34:33: Ryan Stiller has lost a Empty Plastic Bottle 1491265864.
1:34:33: Ryan Stiller has lost a Empty Soda Can 1491266159.
1:34:34: Ryan Stiller has lost a Empty Soda Can 1491266108.
1:34:35: Ryan Stiller has lost a Empty Takeout Carton 1491266103.
1:34:35: Ryan Stiller has lost a Empty Takeout Carton 1491266104.
1:34:36: Ryan Stiller has lost a Empty Tin Can 1491219582.
1:34:37: Ryan Stiller has lost a Empty Tin Can 1491266106.
1:34:55: nice ping has loaded the character 'Mark Applebee'.
1:35:9: Mark Applebee has gained a Chinese Takeout 1491266205.
1:35:43: Mark Applebee has gained a Empty Tin Can 1491266240.
1:35:59: Mark Applebee has gained a Empty Glass Bottle 1491266257.
1:39:42: nice ping has loaded the character 'Ryan Stiller'.
1:40:1: Ryan Stiller has gained a Energy Cell 1491266500.
1:40:20: Ryan Stiller has gained a Empty Tin Can 1491266520.
1:40:27: Ryan Stiller has lost a Empty Tin Can 1491266520.
1:42:25: Ryan Stiller has gained a Empty Glass Bottle 1491266646.
1:42:51: Ryan Stiller has gained a Minimal Ration 1491266673.
1:42:54: Ryan Stiller has gained a UU-Branded Breen's Water 1491266677.
1:42:54: Ryan Stiller has gained a UU-Branded Minimal Food set 1491266678.
1:42:54: Ryan Stiller has lost a Minimal Ration 1491266673.
1:42:54: Ryan Stiller has used '/InvAction use minimal_ration 1491266673.00'.
1:42:56: Ryan Stiller has lost a UU-Branded Minimal Food set 1491266678.
1:42:56: Ryan Stiller has used '/InvAction use uu-branded_minimal_food_set 1491266678.00'.
1:42:57: Ryan Stiller has gained a Empty Soda Can 1491266682.
1:42:57: Ryan Stiller has lost a UU-Branded Breen's Water 1491266677.
1:42:57: Ryan Stiller has used '/InvAction use uu-branded_breens_water 1491266677.00'.
1:42:58: Ryan Stiller has gained a Empty Glass Bottle 1491266684.
1:43:2: Ryan Stiller has lost a Empty Glass Bottle 1491266646.
1:43:3: Ryan Stiller has lost a Empty Glass Bottle 1491266684.
1:43:4: Ryan Stiller has lost a Empty Soda Can 1491266682.
1:48:10: Ryan Stiller has gained a Empty Plastic Bottle 1491266997.
1:49:51: Ryan Stiller has lost a Empty Plastic Bottle 1491266997.
1:54:40: Ryan Stiller has gained a Empty Glass Bottle 1491267388.
1:55:59: nice ping has loaded the character 'Mark Applebee'.
1:56:36: Mark Applebee has gained a Empty Takeout Carton 1491267505.
1:57:8: Mark Applebee has gained a Empty Soda Can 1491267538.
1:57:20: nice ping has loaded the character 'Ryan Stiller'.
2:2:28: Ryan Stiller has gained a Breen's Water 1491267859.
2:2:58: Ryan Stiller has gained a Cloth 1491267890.
2:3:12: Ryan Stiller has gained a UU-Branded Citizen Supplements 1491267905.
2:3:12: Ryan Stiller has gained a Breen's Water 1491267906.
2:3:12: Ryan Stiller has lost a Ration 1491265256.
2:3:12: Ryan Stiller has used '/InvAction use ration 1491265256.00'.
2:3:14: Ryan Stiller has gained a Empty Tin Can 1491267909.
2:3:14: Ryan Stiller has lost a UU-Branded Citizen Supplements 1491267905.
2:3:14: Ryan Stiller has used '/InvAction use citizen_supplements 1491267905.00'.
2:3:14: Ryan Stiller has gained a Empty Soda Can 1491267910.
2:3:14: Ryan Stiller has lost a Breen's Water 1491267859.
2:3:14: Ryan Stiller has used '/InvAction use breens_water 1491267859.00'.
2:3:15: Ryan Stiller has gained a Empty Soda Can 1491267912.
2:3:15: Ryan Stiller has lost a Breen's Water 1491267906.
2:3:15: Ryan Stiller has used '/InvAction use breens_water 1491267906.00'.
2:3:23: Ryan Stiller has lost a Empty Glass Bottle 1491267388.
2:3:24: Ryan Stiller has lost a Empty Soda Can 1491267910.
2:3:25: Ryan Stiller has lost a Empty Soda Can 1491267912.
2:3:25: Ryan Stiller has lost a Empty Tin Can 1491267909.
2:3:41: nice ping has loaded the character 'Mark Applebee'.
2:3:50: Mark Applebee has gained a Empty Jug 1491267948.
2:3:56: Mark Applebee has gained a Empty Soda Can 1491267955.
2:4:11: Mark Applebee has gained a Chinese Takeout 1491267971.
2:4:27: Mark Applebee has gained a Large Soda 1491267988.
2:4:42: Mark Applebee has gained a Empty Soda Can 1491268004.
2:4:51: Mark Applebee has gained a Empty Plastic Bottle 1491268014.
2:4:54: Mark Applebee has lost a MP7 w/ Micro-T1 & AN/PEQ-15 1491227684.
2:4:54: Mark Applebee has used '/InvAction use sxbase_mp7_micro_ls 1491227684.00'.
2:4:55: Mark Applebee has lost a Crowbar 1490956812.
2:4:55: Mark Applebee has used '/InvAction use sxbase_crowbar 1490956812.00'.
2:4:55: Mark Applebee has lost a Flashlight 1490970809.
2:4:55: Mark Applebee has used '/InvAction use cw_flashlight 1490970809.00'.
2:4:57: Mark Applebee has lost a M7A3 Smoke Grenade 1491227749.
2:4:57: Mark Applebee has used '/InvAction use sxbase_sg 1491227749.00'.
2:4:58: Mark Applebee has lost a M7A3 Flashbang 1491227732.
2:4:58: Mark Applebee has used '/InvAction use sxbase_fg 1491227732.00'.
2:5:21: Mark Applebee has gained a Crowbar 1490956812.
2:5:23: Mark Applebee has gained a MP7 w/ Micro-T1 & AN/PEQ-15 1491227684.
2:5:25: Mark Applebee has gained a M7A3 Flashbang 1491227732.
2:5:27: Mark Applebee has gained a M7A3 Smoke Grenade 1491227749.
2:5:28: Mark Applebee has gained a Flashlight 1490970809.
2:5:39: nice ping has loaded the character 'Ryan Stiller'.
2:6:40: Ryan Stiller has gained a Empty Jug 1491268124.
2:7:6: Ryan Stiller has used '/StorageClose'.
2:7:23: Ryan Stiller has used '/CharFallOver'.
2:7:24: Ryan Stiller has used '/CharGetUp'.
2:7:54: Ryan Stiller has used '/CharFallOver'.
2:7:57: Ryan Stiller has used '/CharFallOver'.
2:7:58: Ryan Stiller has used '/CharGetUp'.
2:7:59: Ryan Stiller has used '/CharGetUp'.
2:8:0: Ryan Stiller has used '/CharGetUp'.
2:8:2: Ryan Stiller has used '/CharGetUp'.
2:9:6: Ryan Stiller has used '/Me шарится под кроватями'.
2:9:8: Ryan Stiller has gained a UU-Branded Metropolice Supplements 1490982168.
2:9:27: Ryan Stiller has used '/StorageClose'.
2:9:30: Ryan Stiller has used '/StorageClose'.
2:9:45: Ryan Stiller has used '/StorageClose'.
2:11:11: Ryan Stiller has used '/StorageClose'.
2:11:17: Ryan Stiller has used '/StorageClose'.
2:11:36: Ryan Stiller has used '/StorageClose'.
2:11:41: Ryan Stiller has used '/StorageClose'.
2:12:26: Ryan Stiller has gained a Empty Soda Can 1491249240.
2:13:5: Ryan Stiller has gained a Empty Takeout Carton 1491268510.
2:14:27: Ryan Stiller has gained a Empty Tin Can 1491268593.
2:14:27: Ryan Stiller has lost a UU-Branded Metropolice Supplements 1490982168.
2:14:27: Ryan Stiller has used '/InvAction use metropolice_supplements 1490982168.00'.
2:14:37: Ryan Stiller has lost a Empty Jug 1491268124.
2:14:38: Ryan Stiller has lost a Empty Soda Can 1491249240.
2:14:39: Ryan Stiller has lost a Empty Takeout Carton 1491268510.
2:14:40: Ryan Stiller has lost a Empty Tin Can 1491268593.
2:15:7: Ryan Stiller has gained a Empty Soda Can 1491268634.
2:16:7: nice ping has loaded the character 'Mark Applebee'.
2:16:15: Mark Applebee has gained a Empty Carton 1491268703.
2:16:29: Mark Applebee has gained a Smooth Breen's Water 1491268718.
2:16:36: Mark Applebee has gained a Empty Takeout Carton 1491268726.
2:19:7: nice ping has loaded the character 'Ryan Stiller'.
2:19:28: Ryan Stiller has gained a Empty Soda Can 1491268899.
2:19:37: Ryan Stiller has lost a Empty Soda Can 1491268899.
2:19:38: Ryan Stiller has lost a Empty Soda Can 1491268634.
2:20:0: Ryan Stiller (STEAM_0:0:147125171) вышел с сервера.
2:26:30: nice ping (STEAM_0:0:147125171) подключился.
2:27:20: nice ping has loaded the character 'Ryan Stiller'.
2:27:30: Ryan Stiller has gained a Empty Jug 1491269382.
2:27:45: Ryan Stiller has gained a Empty Takeout Carton 1491269398.
2:28:7: Ryan Stiller has gained a Minimal Ration 1491269421.
2:28:43: Ryan Stiller has gained a Flashlight 1491269458.
2:28:48: Ryan Stiller has gained a UU-Branded Breen's Water 1491269464.
2:28:48: Ryan Stiller has gained a UU-Branded Minimal Food set 1491269465.
2:28:48: Ryan Stiller has lost a Minimal Ration 1491269421.
2:28:48: Ryan Stiller has used '/InvAction use minimal_ration 1491269421.00'.
2:29:2: Ryan Stiller has gained a Empty Tin Can 1491269480.
2:29:58: Ryan Stiller has lost a Flashlight 1491269458.
2:29:58: Ryan Stiller has used '/InvAction use cw_flashlight 1491269458.00'.
2:30:9: Ryan Stiller has lost a Empty Jug 1491269382.
2:30:11: Ryan Stiller has lost a Empty Takeout Carton 1491269398.
2:30:11: Ryan Stiller has lost a Empty Tin Can 1491269480.
2:30:20: Ryan Stiller has gained a Empty Glass Bottle 1491127194.
2:30:21: Ryan Stiller has gained a Empty Glass Bottle 1491222126.
2:30:23: Ryan Stiller has gained a Empty Plastic Bottle 1491126758.
2:30:30: Ryan Stiller has lost a Empty Glass Bottle 1491222126.
2:30:31: Ryan Stiller has lost a Empty Glass Bottle 1491127194.
2:30:32: Ryan Stiller has lost a Empty Plastic Bottle 1491126758.
2:30:47: Ryan Stiller has gained a Empty Takeout Carton 1491126661.
2:32:3: Ryan Stiller has gained a Headcrab 1490897836.
2:32:17: Ryan Stiller has lost a Empty Takeout Carton 1491126661.
2:32:35: Ryan Stiller has gained a Empty Jug 1491126640.
2:32:41: Ryan Stiller has gained a Empty Jug 1491126675.
2:32:47: Ryan Stiller has lost a Headcrab 1490897836.
2:32:47: Ryan Stiller has used '/InvAction drop headcrab 1490897836.00'.
2:33:28: Ryan Stiller has gained a Empty Tin Can 1491269747.
2:33:32: Ryan Stiller has lost a Empty Jug 1491126675.
2:33:33: Ryan Stiller has lost a Empty Jug 1491126640.
2:33:34: Ryan Stiller has lost a Empty Tin Can 1491269747.
2:34:0: Ryan Stiller has gained a Bleach 1491001346.
2:34:4: Ryan Stiller has lost a Bleach 1491001346.
2:34:4: Ryan Stiller has used '/InvAction drop bleach 1491001346.00'.
2:34:41: Ryan Stiller has gained a Headcrab 1490897836.
2:34:41: Ryan Stiller has lost a Headcrab 1490897836.
2:34:41: Ryan Stiller has used '/InvAction use headcrab 1490897836'.
2:34:57: Ryan Stiller has gained a Empty Jug 1491269837.
2:35:7: Ryan Stiller has lost a Empty Jug 1491269837.
2:35:52: Ryan Stiller has gained a Boxed Backpack 1491269893.
2:35:57: Ryan Stiller has gained a Backpack 1491269899.
2:35:57: Ryan Stiller has lost a Boxed Backpack 1491269893.
2:35:57: Ryan Stiller has used '/InvAction use boxed_backpack 1491269893.00'.
2:36:14: Ryan Stiller has gained a Standard Ration 1491269917.
2:36:17: Ryan Stiller has gained a UU-Branded Breen's Water 1491269921.
2:36:17: Ryan Stiller has gained a UU-Branded Standard Food set 1491269922.
2:36:17: Ryan Stiller has lost a Standard Ration 1491269917.
2:36:17: Ryan Stiller has used '/InvAction use standard_ration 1491269917.00'.
2:36:28: Ryan Stiller has gained a Empty Cardboard box 1491269934.
2:36:28: Ryan Stiller has lost a UU-Branded Standard Food set 1491269922.
2:36:28: Ryan Stiller has used '/InvAction use uu-branded_standard_food_set 1491269922.00'.
2:36:29: Ryan Stiller has lost a UU-Branded Minimal Food set 1491269465.
2:36:29: Ryan Stiller has used '/InvAction use uu-branded_minimal_food_set 1491269465.00'.
2:36:33: Ryan Stiller has gained a Empty Soda Can 1491269940.
2:36:33: Ryan Stiller has lost a UU-Branded Breen's Water 1491269464.
2:36:33: Ryan Stiller has used '/InvAction use uu-branded_breens_water 1491269464.00'.
2:36:33: Ryan Stiller has gained a Empty Soda Can 1491269941.
2:36:33: Ryan Stiller has lost a UU-Branded Breen's Water 1491269921.
2:36:33: Ryan Stiller has used '/InvAction use uu-branded_breens_water 1491269921.00'.
2:36:47: Ryan Stiller has lost a Empty Soda Can 1491269940.
2:36:48: Ryan Stiller has lost a Empty Cardboard box 1491269934.
2:36:49: Ryan Stiller has lost a Empty Soda Can 1491269941.
2:37:1: Ryan Stiller has gained a Bleach 1491001346.
2:37:4: Ryan Stiller has lost a Bleach 1491001346.
2:37:4: Ryan Stiller has used '/InvAction drop bleach 1491001346.00'.
2:38:10: Ryan Stiller (STEAM_0:0:147125171) вышел с сервера.
4:6:22: nice ping (STEAM_0:0:147125171) подключился.
4:7:2: nice ping has loaded the character 'Ryan Stiller'.
4:7:12: Ryan Stiller has gained a Empty Jug 1491275302.
4:7:24: Ryan Stiller has gained a Empty Soda Can 1491275315.
4:7:31: Ryan Stiller has gained a Empty Tin Can 1491275323.
4:7:47: Ryan Stiller has lost a Empty Jug 1491275302.
4:7:48: Ryan Stiller has lost a Empty Soda Can 1491275315.
4:7:49: Ryan Stiller has lost a Empty Tin Can 1491275323.
4:8:2: Ryan Stiller has taken damage from worldspawn.
4:8:23: Ryan Stiller has gained a Minimal Ration 1491275376.
4:8:27: Ryan Stiller has gained a UU-Branded Breen's Water 1491275381.
4:8:27: Ryan Stiller has gained a UU-Branded Minimal Food set 1491275382.
4:8:27: Ryan Stiller has lost a Minimal Ration 1491275376.
4:8:27: Ryan Stiller has used '/InvAction use minimal_ration 1491275376.00'.
4:8:29: Ryan Stiller has lost a UU-Branded Minimal Food set 1491275382.
4:8:29: Ryan Stiller has used '/InvAction use uu-branded_minimal_food_set 1491275382.00'.
4:8:30: Ryan Stiller has gained a Empty Soda Can 1491275386.
4:8:30: Ryan Stiller has lost a UU-Branded Breen's Water 1491275381.
4:8:30: Ryan Stiller has used '/InvAction use uu-branded_breens_water 1491275381.00'.
4:8:37: Ryan Stiller has gained a Empty Tin Can 1491275394.
4:8:53: Ryan Stiller has lost a Empty Soda Can 1491275386.
4:8:54: Ryan Stiller has lost a Empty Tin Can 1491275394.
4:9:44: Ryan Stiller has lost a Cloth 1491267890.
4:9:44: Ryan Stiller has used '/InvAction drop cloth 1491267890.00'.
4:13:54: Ryan Stiller has gained a Beer 1491275712.
4:13:58: Ryan Stiller has gained a Empty Glass Bottle 1491275717.
4:13:58: Ryan Stiller has lost a Beer 1491275712.
4:13:58: Ryan Stiller has used '/InvAction use beer 1491275712.00'.
4:14:43: Ryan Stiller has gained a Canned Beans 1491275763.
4:14:45: Ryan Stiller has gained a Empty Can 1491275766.
4:14:45: Ryan Stiller has lost a Canned Beans 1491275763.
4:14:45: Ryan Stiller has used '/InvAction use canned_beans 1491275763.00'.
4:14:50: Ryan Stiller has lost a Empty Can 1491275766.
4:14:51: Ryan Stiller has lost a Empty Glass Bottle 1491275717.
4:15:43: nice ping has loaded the character 'Mark Applebee'.
4:15:59: Mark Applebee has lost a Empty Carton 1491268703.
4:16:0: Mark Applebee has lost a Empty Carton 1491232163.
4:16:1: Mark Applebee has lost a Empty Glass Bottle 1491266257.
4:16:2: Mark Applebee has lost a Empty Jug 1491235011.
4:16:3: Mark Applebee has lost a Empty Jug 1491267948.
4:16:4: Mark Applebee has lost a Empty Plastic Bottle 1491268014.
4:16:5: Mark Applebee has lost a Empty Takeout Carton 1491267505.
4:16:6: Mark Applebee has lost a Empty Takeout Carton 1491268726.
4:16:7: Mark Applebee has lost a Empty Tin Can 1491265611.
4:16:7: Mark Applebee has lost a Empty Tin Can 1491266240.
4:17:34: Mark Applebee has lost a Empty Soda Can 1491267538.
4:17:34: Mark Applebee has used '/InvAction drop empty_soda_can 1491267538.00'.
4:17:35: Mark Applebee has lost a Empty Soda Can 1491267955.
4:17:35: Mark Applebee has used '/InvAction drop empty_soda_can 1491267955.00'.
4:17:42: Mark Applebee has lost a Empty Soda Can 1491268004.
4:17:42: Mark Applebee has used '/InvAction drop empty_soda_can 1491268004.00'.
4:18:21: Mark Applebee has lost a Flashlight 1490970809.
4:18:21: Mark Applebee has used '/InvAction use cw_flashlight 1490970809.00'.
4:18:22: Mark Applebee has lost a MP7 w/ Micro-T1 & AN/PEQ-15 1491227684.
4:18:22: Mark Applebee has used '/InvAction use sxbase_mp7_micro_ls 1491227684.00'.
4:21:12: Mark Applebee has gained a Scrap Metal 1491214618.
4:21:13: Mark Applebee has gained a Scrap Metal 1491141966.
4:21:16: Mark Applebee has gained a Reclaimed Metal 1491067608.
4:21:19: Mark Applebee has gained a Box of Screws 1490961442.
4:21:21: Mark Applebee has gained a Broken Shotgun 1491152689.
4:21:25: Mark Applebee has gained a Screw Driver 1491111992.
4:23:48: Mark Applebee has gained a Empty Tin Can 1491276310.
4:23:57: Mark Applebee has gained a UU-Branded Canned Water 1491276320.
4:24:20: Mark Applebee has gained a Empty Plastic Bottle 1491276344.
4:24:35: Mark Applebee has gained a UU-Branded Canned Water 1491276360.
4:24:55: nice ping has loaded the character 'Ryan Stiller'.
4:25:9: Ryan Stiller has gained a Energy Cell 1491276395.
4:25:47: Ryan Stiller has gained a Empty Tin Can 1491276434.
4:26:43: Ryan Stiller has gained a Empty Soda Can 1491276491.
4:27:4: Ryan Stiller has lost a Empty Tin Can 1491276434.
4:27:5: Ryan Stiller has lost a Empty Soda Can 1491276491.
4:27:14: nice ping has loaded the character 'Mark Applebee'.
4:28:33: Mark Applebee has gained a Empty Soda Can 1491276602.
4:28:33: Mark Applebee has lost a Smooth Breen's Water 1491268718.
4:28:33: Mark Applebee has used '/InvAction use smooth_breens_water 1491268718.00'.
4:28:34: Mark Applebee has gained a Empty Soda Can 1491276604.
4:28:34: Mark Applebee has lost a UU-Branded Canned Water 1491276320.
4:28:34: Mark Applebee has used '/InvAction use canned_water 1491276320.00'.
4:28:35: Mark Applebee has gained a Empty Soda Can 1491276606.
4:28:35: Mark Applebee has lost a UU-Branded Canned Water 1491276360.
4:28:35: Mark Applebee has used '/InvAction use canned_water 1491276360.00'.
4:28:36: Mark Applebee has gained a Empty Can 1491276608.
4:28:36: Mark Applebee has lost a Canned Beans 1491265618.
4:28:36: Mark Applebee has used '/InvAction use canned_beans 1491265618.00'.
4:32:24: Mark Applebee has gained a Standard Ration 1491276837.
4:32:33: Mark Applebee has gained a Empty Soda Can 1491276847.
4:32:42: Mark Applebee has gained a UU-Branded Breen's Water 1491276857.
4:32:42: Mark Applebee has gained a UU-Branded Standard Food set 1491276858.
4:32:42: Mark Applebee has lost a Standard Ration 1491276837.
4:32:42: Mark Applebee has used '/InvAction use standard_ration 1491276837.00'.
4:32:43: Mark Applebee has gained a Empty Soda Can 1491276860.
4:32:43: Mark Applebee has lost a UU-Branded Breen's Water 1491276857.
4:32:43: Mark Applebee has used '/InvAction use uu-branded_breens_water 1491276857.00'.
4:32:54: Mark Applebee has gained a Empty Cardboard box 1491276872.
4:32:54: Mark Applebee has lost a UU-Branded Standard Food set 1491276858.
4:32:54: Mark Applebee has used '/InvAction use uu-branded_standard_food_set 1491276858.00'.
4:33:13: Mark Applebee has gained a Plastic 1491276892.
4:34:54: nice ping has loaded the character 'Ryan Stiller'.
4:35:15: Ryan Stiller has gained a Empty Jug 1491277015.
4:35:23: Ryan Stiller has gained a Empty Glass Bottle 1491250117.
4:36:4: Ryan Stiller has gained a Empty Soda Can 1491277065.
4:36:16: Ryan Stiller has lost a Empty Glass Bottle 1491250117.
4:36:17: Ryan Stiller has lost a Empty Jug 1491277015.
4:36:18: Ryan Stiller has lost a Empty Soda Can 1491277065.
4:37:17: nice ping has loaded the character 'Mark Applebee'.
4:43:15: Mark Applebee has gained a Minimal Ration 1491277497.
4:43:20: Mark Applebee has gained a UU-Branded Breen's Water 1491277503.
4:43:20: Mark Applebee has gained a UU-Branded Minimal Food set 1491277504.
4:43:20: Mark Applebee has lost a Minimal Ration 1491277497.
4:43:20: Mark Applebee has used '/InvAction use minimal_ration 1491277497.00'.
4:43:21: Mark Applebee has gained a Empty Soda Can 1491277506.
4:43:21: Mark Applebee has lost a UU-Branded Breen's Water 1491277503.
4:43:21: Mark Applebee has used '/InvAction use uu-branded_breens_water 1491277503.00'.
4:43:22: Mark Applebee has lost a UU-Branded Minimal Food set 1491277504.
4:43:22: Mark Applebee has used '/InvAction use uu-branded_minimal_food_set 1491277504.00'.
4:43:36: Mark Applebee has gained a Standard Ration 1491277522.
4:44:5: Mark Applebee has gained a Empty Plastic Bottle 1491277552.
4:44:17: Mark Applebee has lost a Flashlight 1490970809.
4:44:17: Mark Applebee has used '/InvAction use cw_flashlight 1490970809.00'.
4:46:3: Mark Applebee has lost a Empty Soda Can 1491276602.
4:46:3: Mark Applebee has used '/InvAction drop empty_soda_can 1491276602.00'.
4:46:6: Mark Applebee has lost a Empty Soda Can 1491276604.
4:46:6: Mark Applebee has used '/InvAction drop empty_soda_can 1491276604.00'.
4:46:9: Mark Applebee has lost a Empty Soda Can 1491276606.
4:46:9: Mark Applebee has used '/InvAction drop empty_soda_can 1491276606.00'.
4:46:12: Mark Applebee has lost a Empty Soda Can 1491276847.
4:46:12: Mark Applebee has used '/InvAction drop empty_soda_can 1491276847.00'.
4:46:16: Mark Applebee has lost a Empty Tin Can 1491276310.
4:46:16: Mark Applebee has used '/InvAction drop empty_tin_can 1491276310.00'.
4:46:20: Mark Applebee has gained a Empty Tin Can 1491276310.
4:46:21: Mark Applebee has lost a Empty Soda Can 1491276860.
4:46:21: Mark Applebee has used '/InvAction drop empty_soda_can 1491276860.00'.
4:46:24: Mark Applebee has lost a Empty Soda Can 1491277506.
4:46:24: Mark Applebee has used '/InvAction drop empty_soda_can 1491277506.00'.
4:46:38: Mark Applebee has gained a Canned Beans 1491154932.
4:46:38: Mark Applebee has used '/StorageTakeItem canned_beans 1491154932.00'.
4:46:40: Mark Applebee has lost a Chinese Takeout 1491266205.
4:46:40: Mark Applebee has used '/StorageGiveItem chinese_takeout 1491266205.00'.
4:46:42: Mark Applebee has lost a Chinese Takeout 1491267971.
4:46:42: Mark Applebee has used '/StorageGiveItem chinese_takeout 1491267971.00'.
4:46:44: Mark Applebee has lost a Large Soda 1491267988.
4:46:44: Mark Applebee has used '/StorageGiveItem large_soda 1491267988.00'.
4:46:46: Mark Applebee has used '/StorageClose'.
4:46:48: Mark Applebee has gained a Empty Can 1491277716.
4:46:48: Mark Applebee has lost a Canned Beans 1491154932.
4:46:48: Mark Applebee has used '/InvAction use canned_beans 1491154932.00'.
4:46:54: Mark Applebee has lost a Empty Can 1491276608.
4:46:54: Mark Applebee has used '/InvAction drop empty_can 1491276608.00'.
4:46:58: Mark Applebee has lost a Empty Can 1491277716.
4:46:58: Mark Applebee has used '/InvAction drop empty_can 1491277716.00'.
4:47:7: Mark Applebee has gained a Scrap Electronics 1491213919.
4:47:9: Mark Applebee has gained a Scrap Electronics 1491099778.
4:47:14: Mark Applebee has lost a Scrap Electronics 1491099778.
4:47:14: Mark Applebee has used '/InvAction drop scrap_electronics 1491099778.00'.
4:47:27: Mark Applebee has lost a Scrap Electronics 1491213919.
4:47:27: Mark Applebee has used '/InvAction drop scrap_electronics 1491213919.00'.
4:47:59: Mark Applebee has gained a Scrap Electronics 1491099778.
4:48:0: Mark Applebee has gained a Scrap Electronics 1491117924.
4:48:1: Mark Applebee has gained a Scrap Electronics 1491102748.
4:48:3: Mark Applebee has gained a Scrap Electronics 1491213919.
4:48:6: Mark Applebee has gained a Scrap Electronics 1491101419.
4:48:7: Mark Applebee has gained a Scrap Electronics 1491077264.
4:48:16: Mark Applebee has gained a Reclaimed Metal 1491044011.
4:49:45: Mark Applebee has gained a Scrap Metal 1491277760.
4:49:49: Mark Applebee has crafted a Reclaimed Metal.
4:49:49: Mark Applebee has lost a Scrap Metal 1491214618.
4:49:49: Mark Applebee has lost a Scrap Metal 1491277760.
4:49:49: Mark Applebee has lost a Scrap Metal 1491141966.
4:49:49: Mark Applebee has gained a Reclaimed Metal 1491277899.
4:49:49: Mark Applebee has used '/CraftItem blueprint_reclaimed_metal'.
4:50:9: Mark Applebee has crafted a Shotgun.
4:50:9: Mark Applebee has lost a Broken Shotgun 1491152689.
4:50:9: Mark Applebee has lost a Reclaimed Metal 1491067608.
4:50:9: Mark Applebee has lost a Reclaimed Metal 1491044011.
4:50:9: Mark Applebee has lost a Box of Screws 1490961442.
4:50:9: Mark Applebee has gained a Shotgun 1491277920.
4:50:9: Mark Applebee has used '/CraftItem blueprint_shotgun'.
4:52:6: Mark Applebee has lost a Shotgun 1491277920.
4:52:6: Mark Applebee has used '/InvAction use sxbase_spas12 1491277920.00'.
4:52:27: Mark Applebee has used '/StorageClose'.
4:52:33: Mark Applebee has used '/StorageClose'.
4:52:41: Mark Applebee has used '/StorageClose'.
4:52:44: Mark Applebee has gained a Shotgun 1491277920.
4:52:48: Mark Applebee has lost a MP7 w/ Micro-T1 & AN/PEQ-15 1491227684.
4:52:48: Mark Applebee has used '/StorageGiveItem sxbase_mp7_micro_ls 1491227684.00'.
4:52:52: Mark Applebee has gained a MP7 w/ Micro-T1 & AN/PEQ-15 1491227684.
4:52:52: Mark Applebee has used '/StorageTakeItem sxbase_mp7_micro_ls 1491227684.00'.
4:52:54: Mark Applebee has lost a Shotgun 1491277920.
4:52:54: Mark Applebee has used '/StorageGiveItem sxbase_spas12 1491277920.00'.
4:53:2: Mark Applebee has used '/StorageClose'.
4:53:10: Mark Applebee has used '/StorageClose'.
4:53:27: Mark Applebee has lost a Rebel Card 1491232681.
4:53:27: Mark Applebee has used '/StorageGiveItem rebel_card 1491232681.00'.
4:53:30: Mark Applebee has used '/StorageClose'.
4:53:41: Mark Applebee has gained a Refined Metal 1491216092.
4:53:48: Mark Applebee has gained a Refined Metal 1491043899.
4:53:50: Mark Applebee has gained a Box of Bolts 1491034115.
4:53:52: Mark Applebee has gained a Gunpowder 1491232085.
4:53:55: Mark Applebee has lost a Box of Bolts 1491034115.
4:53:55: Mark Applebee has used '/InvAction drop box_of_bolts 1491034115.00'.
4:53:59: Mark Applebee has gained a Box of Bolts 1491034115.
4:54:2: Mark Applebee has lost a Refined Metal 1491043899.
4:54:2: Mark Applebee has used '/InvAction drop refined_metal 1491043899.00'.
4:54:6: Mark Applebee has lost a Refined Metal 1491216092.
4:54:6: Mark Applebee has used '/InvAction drop refined_metal 1491216092.00'.
4:54:9: Mark Applebee has lost a Reclaimed Metal 1491277899.
4:54:9: Mark Applebee has used '/InvAction drop reclaimed_metal 1491277899.00'.
4:54:13: Mark Applebee has lost a Box of Bolts 1491034115.
4:54:13: Mark Applebee has used '/InvAction drop box_of_bolts 1491034115.00'.
4:54:16: Mark Applebee has lost a Gunpowder 1491232085.
4:54:16: Mark Applebee has used '/InvAction drop gunpowder 1491232085.00'.
4:54:33: Mark Applebee has gained a Gunpowder 1491232085.
4:54:34: Mark Applebee has gained a Box of Bolts 1491034115.
4:54:37: Mark Applebee has lost a Box of Bolts 1491034115.
4:54:37: Mark Applebee has used '/InvAction drop box_of_bolts 1491034115.00'.
4:54:40: Mark Applebee has lost a Gunpowder 1491232085.
4:54:40: Mark Applebee has used '/InvAction drop gunpowder 1491232085.00'.
4:54:42: Mark Applebee has gained a Gunpowder 1491232085.
4:54:44: Mark Applebee has lost a Gunpowder 1491232085.
4:54:44: Mark Applebee has used '/InvAction drop gunpowder 1491232085.00'.
4:54:48: Mark Applebee has lost a Scrap Electronics 1491077264.
4:54:48: Mark Applebee has used '/InvAction drop scrap_electronics 1491077264.00'.
4:54:51: Mark Applebee has lost a Scrap Electronics 1491099778.
4:54:51: Mark Applebee has used '/InvAction drop scrap_electronics 1491099778.00'.
4:54:54: Mark Applebee has gained a Scrap Electronics 1491099778.
4:54:57: Mark Applebee has lost a Scrap Electronics 1491101419.
4:54:57: Mark Applebee has used '/InvAction drop scrap_electronics 1491101419.00'.
4:55:0: Mark Applebee has lost a Scrap Electronics 1491102748.
4:55:0: Mark Applebee has used '/InvAction drop scrap_electronics 1491102748.00'.
4:55:2: Mark Applebee has gained a Scrap Electronics 1491102748.
4:55:3: Mark Applebee has gained a Scrap Electronics 1491101419.
4:55:5: Mark Applebee has lost a Scrap Electronics 1491101419.
4:55:5: Mark Applebee has used '/InvAction drop scrap_electronics 1491101419.00'.
4:55:9: Mark Applebee has lost a Scrap Electronics 1491117924.
4:55:9: Mark Applebee has used '/InvAction drop scrap_electronics 1491117924.00'.
4:55:13: Mark Applebee has lost a Scrap Electronics 1491102748.
4:55:13: Mark Applebee has used '/InvAction drop scrap_electronics 1491102748.00'.
4:55:15: Mark Applebee has gained a Scrap Electronics 1491102748.
4:55:16: Mark Applebee has lost a Scrap Electronics 1491102748.
4:55:16: Mark Applebee has used '/InvAction drop scrap_electronics 1491102748.00'.
4:55:19: Mark Applebee has gained a Scrap Electronics 1491102748.
4:55:20: Mark Applebee has lost a Scrap Electronics 1491102748.
4:55:20: Mark Applebee has used '/InvAction drop scrap_electronics 1491102748.00'.
4:55:24: Mark Applebee has gained a Scrap Electronics 1491102748.
4:55:26: Mark Applebee has lost a Scrap Electronics 1491099778.
4:55:26: Mark Applebee has used '/InvAction drop scrap_electronics 1491099778.00'.
4:55:28: Mark Applebee has gained a Scrap Electronics 1491099778.
4:55:30: Mark Applebee has lost a Scrap Electronics 1491099778.
4:55:30: Mark Applebee has used '/InvAction drop scrap_electronics 1491099778.00'.
4:55:33: Mark Applebee has lost a Scrap Electronics 1491102748.
4:55:33: Mark Applebee has used '/InvAction drop scrap_electronics 1491102748.00'.
4:55:37: Mark Applebee has lost a Scrap Electronics 1491213919.
4:55:37: Mark Applebee has used '/InvAction drop scrap_electronics 1491213919.00'.
4:55:41: Mark Applebee has gained a Scrap Electronics 1491213919.
4:55:44: Mark Applebee has lost a Scrap Electronics 1491213919.
4:55:44: Mark Applebee has used '/InvAction drop scrap_electronics 1491213919.00'.
4:55:52: Mark Applebee has lost a Plastic 1491276892.
4:55:52: Mark Applebee has used '/InvAction drop plastic 1491276892.00'.
4:56:20: Mark Applebee (STEAM_0:0:147125171) вышел с сервера.
7:46:45: -=|DHRM|Avirol=- (STEAM_0:1:169876222) подключился.
7:48:23: -=|DHRM|Avirol=- has loaded the character 'Дмитрий Кранчо'.
7:49:53: -=|DHRM|Avirol=- has created a Cremator character called 'UU-CREMATOR.710'.
7:50:0: -=|DHRM|Avirol=- has loaded the character 'UU-CREMATOR.710'.
7:52:32: UU-CREMATOR.710 has used '/r [[ проверка'.
7:52:38: UU-CREMATOR.710 has used '/Radio [[ проверка'.
7:53:12: [LOOC] UU-CREMATOR.710: void
7:56:24: UU-CREMATOR.710 (STEAM_0:1:169876222) вышел с сервера.
8:11:30: -=|DHRM|Avirol=- (STEAM_0:1:169876222) подключился.
8:14:8: -=|DHRM|Avirol=- has loaded the character 'UU-CREMATOR.710'.
8:22:57: [LOOC] UU-CREMATOR.710: void
8:24:25: J'zargo (STEAM_0:1:75772998) подключился.
8:26:55: J'zargo has loaded the character 'Sam Jonas'.
8:26:59: J'zargo has loaded the character 'Хэдкраб Игорь'.
8:27:1: Хэдкраб Игорь has used '/Observer'.
8:27:2: Хэдкраб Игорь has used '/Observer'.
8:27:9: [OOC] UU-CREMATOR.710: Э,привет Зарго.
8:27:12: J'zargo has loaded the character 'Roxy Carroll'.
8:27:21: [OOC] Roxy Carroll: Бля. Майк забанен
8:27:25: [OOC] Roxy Carroll: Вот как специально.
8:27:38: Roxy Carroll has used '/CharUnPermaKill Mike Johnson'.
8:27:42: J'zargo has loaded the character 'Mike Johnson'.
8:27:58: [OOC] Mike Johnson: О, всё отлично. Вещи остались.
8:28:18: UU-CREMATOR.710 has used '/PM Mike разбань моего кремтаора'.
8:28:29: UU-CREMATOR.710 has used '/PM Mike 010'.
8:29:0: Mike Johnson has used '/PM UU-CREMATOR.710 Полностью скинь ник'.
8:29:14: Mike Johnson has used '/CharUnPermaKill UU-CREMATOR.010'.
8:29:29: -=|DHRM|Avirol=- has loaded the character 'UU-CREMATOR.010'.
8:29:37: [OOC] UU-CREMATOR.010: Спасибо
8:29:43: -=|DHRM|Avirol=- has loaded the character 'Келл Геральд'.
8:30:15: Mike Johnson has lost a Screw Driver 1491234836.
8:30:15: Mike Johnson has used '/InvAction drop screw_driver 1491234836.00'.
8:30:19: Mike Johnson has used '/Observer'.
8:30:42: Mike Johnson has used '/StorageClose'.
8:30:46: Mike Johnson has used '/StorageClose'.
8:30:50: Mike Johnson has gained a Refined Metal 1490969679.
8:30:50: Mike Johnson has used '/StorageTakeItem refined_metal 1490969679.00'.
8:30:53: Mike Johnson has gained a Bullet Casings 1491045982.
8:30:53: Mike Johnson has used '/StorageTakeItem bullet_casings 1491045982.00'.
8:30:54: Mike Johnson has gained a Bullet Casings 1491054743.
8:30:54: Mike Johnson has used '/StorageTakeItem bullet_casings 1491054743.00'.
8:30:56: Mike Johnson has used '/StorageTakeItem gunpowder 1491050968.00'.
8:30:58: Mike Johnson has used '/StorageClose'.
8:31:16: Mike Johnson has used '/Observer'.
8:31:19: Mike Johnson has lost a Bullet Casings 1491045982.
8:31:19: Mike Johnson has used '/InvAction drop bullet_casings 1491045982.00'.
8:31:21: Mike Johnson has used '/Observer'.
8:31:22: Mike Johnson has used '/Observer'.
8:31:25: Mike Johnson has lost a Bullet Casings 1491054743.
8:31:25: Mike Johnson has used '/InvAction drop bullet_casings 1491054743.00'.
8:32:13: Mike Johnson has lost a Refined Metal 1490969679.
8:32:13: Mike Johnson has used '/InvAction drop refined_metal 1490969679.00'.
8:32:38: Mike Johnson has used '/Observer'.
8:32:59: Mike Johnson has gained a Scrap Electronics 1490988216.
8:32:59: Mike Johnson has used '/StorageTakeItem scrap_electronics 1490988216.00'.
8:33:1: Mike Johnson has gained a Scrap Metal 1490967587.
8:33:1: Mike Johnson has used '/StorageTakeItem scrap_metal 1490967587.00'.
8:33:4: Mike Johnson has gained a Gunpowder 1491050968.
8:33:4: Mike Johnson has used '/StorageTakeItem gunpowder 1491050968.00'.
8:33:5: Mike Johnson has gained a Cloth 1491050826.
8:33:5: Mike Johnson has used '/StorageTakeItem cloth 1491050826.00'.
8:33:5: Mike Johnson has gained a Cables 1490970421.
8:33:5: Mike Johnson has used '/StorageTakeItem cables 1490970421.00'.
8:33:6: Mike Johnson has gained a Cables 1491077390.
8:33:6: Mike Johnson has used '/StorageTakeItem cables 1491077390.00'.
8:33:7: Mike Johnson has gained a Cloth 1491051432.
8:33:7: Mike Johnson has used '/StorageTakeItem cloth 1491051432.00'.
8:33:8: Mike Johnson has used '/StorageClose'.
8:33:12: Mike Johnson has used '/StorageClose'.
8:33:22: -=|DHRM|Avirol=- has loaded the character 'UU-CREMATOR.710'.
8:33:30: Mike Johnson has used '/StorageClose'.
8:33:33: Mike Johnson has used '/StorageClose'.
8:33:36: Mike Johnson has used '/StorageClose'.
8:33:40: Mike Johnson has used '/Observer'.
8:33:44: Mike Johnson has lost a Scrap Metal 1490967587.
8:33:44: Mike Johnson has used '/InvAction drop scrap_metal 1490967587.00'.
8:33:54: Mike Johnson has lost a Scrap Electronics 1490988216.
8:33:54: Mike Johnson has used '/InvAction drop scrap_electronics 1490988216.00'.
8:33:56: Mike Johnson has lost a Cables 1490970421.
8:33:56: Mike Johnson has used '/InvAction drop cables 1490970421.00'.
8:33:58: Mike Johnson has lost a Cables 1491077390.
8:33:58: Mike Johnson has used '/InvAction drop cables 1491077390.00'.
8:34:2: Mike Johnson has lost a Gunpowder 1491050968.
8:34:2: Mike Johnson has used '/InvAction drop gunpowder 1491050968.00'.
8:34:4: Mike Johnson has lost a Cloth 1491051432.
8:34:4: Mike Johnson has used '/InvAction drop cloth 1491051432.00'.
8:34:6: Mike Johnson has gained a Cloth 1491051432.
8:34:12: Mike Johnson has gained a Spray Can 1491151439.
8:34:49: Mike Johnson has used '/Observer'.
8:34:56: Mike Johnson has used '/Observer'.
8:35:14: Mike Johnson (STEAM_0:1:75772998) вышел с сервера.
8:35:38: J'zargo (STEAM_0:1:75772998) подключился.
8:36:54: J'zargo has loaded the character 'Mike Johnson'.
8:37:22: Mike Johnson (STEAM_0:1:75772998) вышел с сервера.
8:37:44: J'zargo (STEAM_0:1:75772998) подключился.
8:38:53: [LOOC] UU-CREMATOR.710: void
8:39:9: J'zargo has loaded the character 'Mike Johnson'.
8:39:41: -=|DHRM|Avirol=- has loaded the character 'Келл Геральд'.
8:39:51: Mike Johnson заспавнился 'models/props/cs_militia/bathroomwallhole01_tile.mdl'.
8:39:51: Mike Johnson заспавнился 'models/props/cs_militia/bathroomwallhole01_tile.mdl'.
8:40:0: Mike Johnson заспавнился 'models/props/cs_militia/wood_table.mdl'.
8:40:0: Mike Johnson заспавнился 'models/props/cs_militia/wood_table.mdl'.
8:40:6: Mike Johnson заспавнился 'models/props/cs_militia/tree_large_militia.mdl'.
8:40:6: Mike Johnson заспавнился 'models/props/cs_militia/tree_large_militia.mdl'.
8:40:12: Mike Johnson заспавнился 'models/props_wasteland/cafeteria_table001a.mdl'.
8:40:12: Mike Johnson заспавнился 'models/props_wasteland/cafeteria_table001a.mdl'.
8:40:42: Mike Johnson заспавнился 'models/props_wasteland/cafeteria_bench001a.mdl'.
8:40:42: Mike Johnson заспавнился 'models/props_wasteland/cafeteria_bench001a.mdl'.
8:40:49: Mike Johnson заспавнился 'models/props_wasteland/cafeteria_bench001a.mdl'.
8:40:49: Mike Johnson заспавнился 'models/props_wasteland/cafeteria_bench001a.mdl'.
8:41:11: Vini71 (STEAM_0:1:97898692) подключился.
8:42:11: Mike Johnson заспавнился 'models/props_wasteland/cafeteria_table001a.mdl'.
8:42:11: Mike Johnson заспавнился 'models/props_wasteland/cafeteria_table001a.mdl'.
8:42:21: Mike Johnson заспавнился 'models/props_wasteland/cafeteria_bench001a.mdl'.
8:42:21: Mike Johnson заспавнился 'models/props_wasteland/cafeteria_bench001a.mdl'.
8:42:49: Mike Johnson заспавнился 'models/props_wasteland/cafeteria_bench001a.mdl'.
8:42:49: Mike Johnson заспавнился 'models/props_wasteland/cafeteria_bench001a.mdl'.
8:43:12: Mike Johnson has used '/Observer'.
8:43:13: Mike Johnson has used '/Observer'.
8:43:16: Mike Johnson has used '/Observer'.
8:43:18: Mike Johnson has used '/Observer'.
8:43:18: Mike Johnson has used '/Observer'.
8:43:18: Mike Johnson has used '/Observer'.
8:43:28: Mike Johnson заспавнился 'models/props/cs_militia/footlocker01_closed.mdl'.
8:43:28: Mike Johnson заспавнился 'models/props/cs_militia/footlocker01_closed.mdl'.
8:43:35: Mike Johnson заспавнился 'models/props/cs_militia/footlocker01_closed.mdl'.
8:43:35: Mike Johnson заспавнился 'models/props/cs_militia/footlocker01_closed.mdl'.
8:44:39: Mike Johnson заспавнился 'models/props/cs_militia/footlocker01_closed.mdl'.
8:44:39: Mike Johnson заспавнился 'models/props/cs_militia/footlocker01_closed.mdl'.
8:44:52: Mike Johnson has used '/Observer'.
8:45:25: Mike Johnson has used '/Observer'.
8:45:35: Mike Johnson заспавнился 'models/props_c17/FurnitureDrawer001a.mdl'.
8:45:35: Mike Johnson заспавнился 'models/props_c17/FurnitureDrawer001a.mdl'.
8:45:43: Mike Johnson заспавнился 'models/props_c17/FurnitureDrawer002a.mdl'.
8:45:43: Mike Johnson заспавнился 'models/props_c17/FurnitureDrawer002a.mdl'.
8:45:47: Mike Johnson has used '/Observer'.
8:51:29: Mike Johnson заспавнился 'models/props_debris/concrete_debris128pile001a.mdl'.
8:51:29: Mike Johnson заспавнился 'models/props_debris/concrete_debris128pile001a.mdl'.
8:51:33: Mike Johnson заспавнился 'models/props_debris/concrete_debris256barricade001a.mdl'.
8:51:33: Mike Johnson заспавнился 'models/props_debris/concrete_debris256barricade001a.mdl'.
8:51:36: Mike Johnson заспавнился 'models/props_debris/concrete_debris128pile001b.mdl'.
8:51:36: Mike Johnson заспавнился 'models/props_debris/concrete_debris128pile001b.mdl'.
8:51:41: Mike Johnson заспавнился 'models/props_debris/concrete_debris256barricade001a.mdl'.
8:51:41: Mike Johnson заспавнился 'models/props_debris/concrete_debris256barricade001a.mdl'.
8:52:8: Mike Johnson has used '/Observer'.
8:52:44: Mike Johnson has used '/Observer'.
8:52:58: Mike Johnson заспавнился 'models/props_debris/concrete_debris128pile001a.mdl'.
8:52:58: Mike Johnson заспавнился 'models/props_debris/concrete_debris128pile001a.mdl'.
8:53:3: Mike Johnson заспавнился 'models/props_debris/concrete_wallpile01a.mdl'.
8:53:3: Mike Johnson заспавнился 'models/props_debris/concrete_wallpile01a.mdl'.
8:53:18: Mike Johnson заспавнился 'models/props_debris/plaster_ceilingpile001a.mdl'.
8:53:18: Mike Johnson заспавнился 'models/props_debris/plaster_ceilingpile001a.mdl'.
8:53:23: Mike Johnson заспавнился 'models/props_debris/walldestroyed09e.mdl'.
8:53:23: Mike Johnson заспавнился 'models/props_debris/walldestroyed09e.mdl'.
8:53:27: Mike Johnson заспавнился 'models/props_debris/barricade_tall01a.mdl'.
8:53:27: Mike Johnson заспавнился 'models/props_debris/barricade_tall01a.mdl'.
8:53:30: Mike Johnson заспавнился 'models/props_debris/barricade_short02a.mdl'.
8:53:30: Mike Johnson заспавнился 'models/props_debris/barricade_short02a.mdl'.
8:54:18: Mike Johnson has used '/StaticPropAdd'.
8:54:27: Mike Johnson has used '/StaticPropAdd'.
8:54:46: Mike Johnson заспавнился 'models/props_debris/plaster_ceiling001a.mdl'.
8:54:46: Mike Johnson заспавнился 'models/props_debris/plaster_ceiling001a.mdl'.
8:55:0: Mike Johnson заспавнился 'models/props_debris/concrete_debris256pile001a.mdl'.
8:55:0: Mike Johnson заспавнился 'models/props_debris/concrete_debris256pile001a.mdl'.
8:55:2: Mike Johnson заспавнился 'models/props_debris/concrete_debris128pile001b.mdl'.
8:55:2: Mike Johnson заспавнился 'models/props_debris/concrete_debris128pile001b.mdl'.
8:55:16: Mike Johnson заспавнился 'models/props_debris/concrete_debris256pile001a.mdl'.
8:55:16: Mike Johnson заспавнился 'models/props_debris/concrete_debris256pile001a.mdl'.
8:55:37: Mike Johnson has used '/Observer'.
8:55:42: Mike Johnson заспавнился 'models/props_debris/concrete_debris256pile001a.mdl'.
8:55:42: Mike Johnson заспавнился 'models/props_debris/concrete_debris256pile001a.mdl'.
8:55:46: Mike Johnson has used '/Observer'.
8:55:47: Mike Johnson has used '/Observer'.
8:55:51: Mike Johnson has used '/Observer'.
8:56:53: -=|DHRM|Avirol=- has loaded the character 'UU-CREMATOR.710'.
8:57:7: [OOC] UU-CREMATOR.710: CREMATOR#010. 10-8.
8:57:39: [LOOC] UU-CREMATOR.710: void
8:57:47: Mike Johnson has used '/Observer'.
8:57:56: Mike Johnson заспавнился 'models/props_debris/plaster_floorpile001a.mdl'.
8:57:56: Mike Johnson заспавнился 'models/props_debris/plaster_floorpile001a.mdl'.
8:58:11: [LOOC] UU-CREMATOR.710: void bl
8:58:13: Mike Johnson has used '/Observer'.
8:58:14: Mike Johnson has used '/Observer'.
8:58:21: Mike Johnson has used '/Observer'.
8:58:27: Mike Johnson has used '/Observer'.
8:58:44: Mike Johnson заспавнился 'models/props_debris/plaster_ceilingpile001a.mdl'.
8:58:44: Mike Johnson заспавнился 'models/props_debris/plaster_ceilingpile001a.mdl'.
8:58:45: Mike Johnson has used '/Observer'.
8:58:46: Mike Johnson has used '/Observer'.
8:58:48: Mike Johnson заспавнился 'models/props_debris/plaster_ceilingpile001a.mdl'.
8:58:48: Mike Johnson заспавнился 'models/props_debris/plaster_ceilingpile001a.mdl'.
8:59:7: Mike Johnson has used '/Observer'.
8:59:38: Mike Johnson has used '/Observer'.
8:59:40: Mike Johnson has used '/StaticPropAdd'.
8:59:43: Mike Johnson has used '/StaticPropAdd'.
8:59:44: Mike Johnson has used '/Observer'.
8:59:45: Mike Johnson has used '/Observer'.
8:59:46: Mike Johnson has used '/StaticPropAdd'.
8:59:47: Mike Johnson has used '/Observer'.
8:59:49: Mike Johnson has used '/Observer'.
8:59:51: Mike Johnson has used '/StaticPropAdd'.
8:59:53: Mike Johnson has used '/StaticPropAdd'.
8:59:54: Mike Johnson has used '/StaticPropAdd'.
8:59:56: Mike Johnson has used '/StaticPropAdd'.
8:59:57: Mike Johnson has used '/StaticPropAdd'.
8:59:57: Mike Johnson has used '/StaticPropAdd'.
8:59:59: Mike Johnson has used '/StaticPropAdd'.
9:0:2: Mike Johnson has used '/StaticPropAdd'.
9:0:3: Mike Johnson has used '/StaticPropAdd'.
9:0:5: Mike Johnson has used '/StaticPropAdd'.
9:0:6: [LOOC] UU-CREMATOR.710: void
9:0:36: [LOOC] UU-CREMATOR.710: void
9:1:19: Mike Johnson заспавнился 'models/props_debris/plaster_floorpile002a.mdl'.
9:1:19: Mike Johnson заспавнился 'models/props_debris/plaster_floorpile002a.mdl'.
9:1:21: Mike Johnson has used '/Observer'.
9:1:22: Mike Johnson has used '/Observer'.
9:1:31: Mike Johnson has used '/Observer'.
9:2:18: Mike Johnson has used '/Observer'.
9:2:21: Mike Johnson has used '/StaticPropAdd'.
9:2:22: Mike Johnson has used '/Observer'.
9:2:54: [LOOC] UU-CREMATOR.710: void
9:2:55: Mike Johnson has used '/Observer'.
9:3:3: Mike Johnson has used '/Observer'.
9:4:23: Mike Johnson заспавнился 'models/props_debris/walldestroyed09c.mdl'.
9:4:23: Mike Johnson заспавнился 'models/props_debris/walldestroyed09c.mdl'.
9:5:12: Mike Johnson has used '/Observer'.
9:5:14: Mike Johnson заспавнился 'models/props_debris/plaster_floorpile002a.mdl'.
9:5:14: Mike Johnson заспавнился 'models/props_debris/plaster_floorpile002a.mdl'.
9:5:16: Mike Johnson has used '/Observer'.
9:5:23: Mike Johnson has used '/Observer'.
9:5:31: Mike Johnson has used '/Observer'.
9:5:42: Mike Johnson has used '/Observer'.
9:5:50: Mike Johnson заспавнился 'models/props_junk/wood_crate001a.mdl'.
9:5:50: Mike Johnson заспавнился 'models/props_junk/wood_crate001a.mdl'.
9:9:32: Mike Johnson has used '/StaticPropAdd'.
9:9:46: Mike Johnson has used '/Observer'.
9:12:42: [LOOC] UU-CREMATOR.710: void
9:14:23: Mike Johnson has used '/Observer'.
9:14:29: Mike Johnson has used '/Observer'.
9:16:31: Vini71 (STEAM_0:1:97898692) подключился.
9:18:19: Vini71 has loaded the character 'Александр Грочевский'.
9:18:39: [OOC] Mike Johnson: Мне нужно отойти.
9:18:40: Mike Johnson (STEAM_0:1:75772998) вышел с сервера.
9:18:53: Александр Грочевский has gained a Health Vial 1491160647.
9:19:8: Александр Грочевский has used '/Y Ай, бля...'.
9:19:25: Александр Грочевский has used '/Me прсел в углу'.
9:19:34: Александр Грочевский has used '/AnimSit'.
9:19:45: Александр Грочевский has lost a Health Vial 1491160647.
9:19:45: Александр Грочевский has used '/InvAction use health_vial 1491160647.00'.
9:21:10: Александр Грочевский has used '/CharPhysDesc'.
9:21:22: Александр Грочевский has used '/CharPhysDesc Одет в одежду сита, белый цвет кожи, среднего телосложения, без волос, маленькая черная бородка. Ожог на лево'.
9:21:49: Александр Грочевский has used '/Y НУ А ТЕПЕРЬ СЛБАО МЕНЯ ОВОЩАМ СДЕЛАТЬ?!'.
9:21:58: [LOOC] UU-CREMATOR.710: ?
9:22:1: [LOOC] UU-CREMATOR.710: иди сюда
9:22:20: [OOC] UU-CREMATOR.710: [Одет в одеж?...] yells "НУ А ТЕПЕРЬ СЛБАО МЕНЯ ОВОЩАМ СДЕЛАТЬ?!" Где а ну иди сюда животное размножатся будем Xd
9:22:43: [OOC] Александр Грочевский: Я дерзкий сит.
9:24:31: [OOC] UU-CREMATOR.710: Ох,коды убрали п*здец
9:24:41: UU-CREMATOR.710 has used '/PM Александр на форуме'.
9:26:11: Александр Грочевский has used '/AnimPantWall'.
9:26:19: Александр Грочевский has used '/AnimSitWall'.
9:26:33: Александр Грочевский has used '/AnimSitWall'.
9:26:45: Александр Грочевский has used '/AnimATW'.
9:26:51: Александр Грочевский has used '/AnimATW'.
9:26:53: Александр Грочевский has used '/AnimDeny'.
9:27:0: Александр Грочевский has used '/AnimSitWall'.
9:28:44: [LOOC] UU-CREMATOR.710: void
9:31:37: Александр Грочевский has used '/AnimPantWall'.
9:31:43: Александр Грочевский has used '/AnimSitWall'.
9:31:55: Александр Грочевский has used '/AnimWave Close'.
9:32:3: Александр Грочевский has used '/AnimSit'.
9:32:26: Vini71 has loaded the character 'Георгий Драгунов'.
9:32:38: Георгий Драгунов (STEAM_0:1:97898692) вышел с сервера.
9:36:50: [LOOC] UU-CREMATOR.710: void
9:36:54: UU-CREMATOR.710 (STEAM_0:1:169876222) вышел с сервера.
11:5:56: -=|DHRM|Avirol=- (STEAM_0:1:169876222) подключился.
11:7:28: -=|DHRM|Avirol=- has loaded the character 'UU-CREMATOR.710'.
