16:51:15: Septic (STEAM_0:0:34008601 / 25.60.24.72:27006) has connected.
16:52:25: Septic has created a Security character called 'Aaaaa Aaaaaaaaaaa'.
16:52:25: Septic has loaded the character 'Aaaaa Aaaaaaaaaaa'.
16:52:33: Aaaaa Aaaaaaaaaaa has used '/CharFallOver 0'.
16:52:56: Aaaaa Aaaaaaaaaaa has used '/InvAction use cuffs 1528890747.00'.
16:53:08: Aaaaa Aaaaaaaaaaa (STEAM_0:0:34008601 / 25.60.24.72:27006) has disconnected.
16:59:58: Septic (STEAM_0:0:34008601 / 25.60.24.72:27006) has connected.
17:00:18: Septic has loaded the character 'Aaaaa Aaaaaaaaaaa'.
17:00:19: Aaaaa Aaaaaaaaaaa has used '/Observer'.
17:00:22: Aaaaa Aaaaaaaaaaa has used '/Observer'.
17:00:58: Aaaaa Aaaaaaaaaaa has used '/CharGiveFlags aaa eptdvVcCnrG'.
17:01:18: Aaaaa Aaaaaaaaaaa has used '/AnimSit'.
17:01:21: Aaaaa Aaaaaaaaaaa has used '/CharFallOver 0'.
17:04:56: Aaaaa Aaaaaaaaaaa has used '/Observer'.
17:04:57: Aaaaa Aaaaaaaaaaa has used '/Observer'.
17:05:45: Aaaaa Aaaaaaaaaaa has used '/Observer'.
17:05:45: Aaaaa Aaaaaaaaaaa has used '/Observer'.
17:05:58: Aaaaa Aaaaaaaaaaa has used '/ClearanceAdd test'.
17:06:06: Aaaaa Aaaaaaaaaaa has used '/ClearanceRemove'.
17:06:23: Aaaaa Aaaaaaaaaaa has used '/CharGiveClearances Aaaa ab'.
17:09:37: Aaaaa Aaaaaaaaaaa has used '/SalesmanAdd'.
17:10:43: Aaaaa Aaaaaaaaaaa has gained a Flood Light 1528891844.
17:10:44: Aaaaa Aaaaaaaaaaa has used '/Observer'.
17:10:49: Aaaaa Aaaaaaaaaaa has lost a Flood Light 1528891844.
17:10:49: Aaaaa Aaaaaaaaaaa has used '/InvAction use flood_light 1528891844.00'.
17:10:50: Aaaaa Aaaaaaaaaaa has used '/Observer'.
17:12:32: Aaaaa Aaaaaaaaaaa (STEAM_0:0:34008601 / 25.60.24.72:27006) has disconnected.
17:18:58: Septic (STEAM_0:0:34008601 / 25.60.24.72:27006) has connected.
17:19:57: Septic has loaded the character 'Aaaaa Aaaaaaaaaaa'.
17:20:25: Aaaaa Aaaaaaaaaaa has used '/Observer'.
17:20:25: Aaaaa Aaaaaaaaaaa has used '/Observer'.
17:20:27: Aaaaa Aaaaaaaaaaa has used '/Observer'.
17:20:27: Aaaaa Aaaaaaaaaaa has used '/Observer'.
17:20:28: Aaaaa Aaaaaaaaaaa has used '/Observer'.
17:20:28: Aaaaa Aaaaaaaaaaa has used '/Observer'.
17:20:36: Aaaaa Aaaaaaaaaaa has used '/Observer'.
17:20:41: Aaaaa Aaaaaaaaaaa has used '/Observer'.
