13:04:34: Schwarz Kruppzo (STEAM_0:1:44629398 / 109.161.74.255:27005) has connected.
13:07:32: Schwarz Kruppzo has loaded the character 'Charles de Bukav'.
13:07:40: Charles de Bukav has used '/Observer'.
13:07:49: Charles de Bukav has used '/Observer'.
13:07:52: Charles de Bukav has used '/StorageClose'.
13:07:55: Charles de Bukav has used '/StorageClose'.
13:09:23: Charles de Bukav has used '/Observer'.
13:09:24: Charles de Bukav has used '/Observer'.
13:10:19: Charles de Bukav has used '/Observer'.
13:10:22: Charles de Bukav has used '/Observer'.
13:10:23: Charles de Bukav has used '/Observer'.
13:10:28: Charles de Bukav has used '/Observer'.
13:10:28: Charles de Bukav has used '/Observer'.
13:10:30: Charles de Bukav has used '/Observer'.
13:10:32: Charles de Bukav has used '/Observer'.
13:10:34: Charles de Bukav has used '/Observer'.
13:10:35: Charles de Bukav has used '/Observer'.
13:10:36: Charles de Bukav has used '/Observer'.
13:10:37: Charles de Bukav has used '/Observer'.
13:10:37: Charles de Bukav has used '/Observer'.
13:10:38: Charles de Bukav has used '/Observer'.
13:10:38: Charles de Bukav has used '/Observer'.
13:10:42: Charles de Bukav has used '/StorageClose'.
13:10:48: Charles de Bukav has used '/StorageClose'.
13:10:55: Charles de Bukav has used '/StorageClose'.
13:10:59: Charles de Bukav has used '/StorageClose'.
13:11:02: Charles de Bukav has used '/StorageClose'.
13:11:07: Charles de Bukav has used '/StaticRemove'.
13:11:09: Charles de Bukav has used '/StaticRemove'.
13:11:10: Charles de Bukav has used '/StaticRemove'.
13:13:38: Charles de Bukav has used '/Observer'.
13:13:38: Charles de Bukav has used '/Observer'.
13:13:39: Charles de Bukav has used '/Observer'.
13:13:40: Charles de Bukav has used '/Observer'.
13:13:41: Charles de Bukav has used '/Observer'.
13:13:41: Charles de Bukav has used '/Observer'.
13:13:42: Charles de Bukav has used '/Observer'.
13:13:44: Charles de Bukav has used '/Observer'.
13:13:45: Charles de Bukav has used '/Observer'.
13:13:46: Charles de Bukav has used '/Observer'.
13:13:46: Charles de Bukav has used '/Observer'.
13:13:47: Charles de Bukav has used '/Observer'.
13:13:48: Charles de Bukav has used '/Observer'.
13:13:49: Charles de Bukav has used '/Observer'.
13:13:49: Charles de Bukav has used '/Observer'.
13:13:50: Charles de Bukav has used '/Observer'.
13:13:52: Charles de Bukav has used '/Observer'.
13:13:52: Charles de Bukav has used '/Observer'.
13:13:56: Charles de Bukav has used '/Observer'.
13:14:00: Charles de Bukav has used '/Observer'.
13:14:02: Charles de Bukav has used '/Observer'.
13:14:02: Charles de Bukav has used '/Observer'.
13:14:12: Charles de Bukav has used '/StorageClose'.
13:14:15: Charles de Bukav has used '/StaticRemove'.
13:14:16: Charles de Bukav has used '/StaticRemove'.
13:14:20: Charles de Bukav has used '/StorageClose'.
13:14:40: Charles de Bukav has used '/Observer'.
13:14:41: Charles de Bukav has used '/Observer'.
13:14:44: Charles de Bukav has used '/Observer'.
13:14:45: Charles de Bukav has used '/Observer'.
13:14:45: Charles de Bukav has used '/Observer'.
13:14:47: Charles de Bukav has used '/Observer'.
13:14:47: Charles de Bukav has used '/Observer'.
13:14:48: Charles de Bukav has used '/Observer'.
13:14:48: Charles de Bukav has used '/Observer'.
13:14:49: Charles de Bukav has used '/Observer'.
13:14:50: Charles de Bukav has used '/Observer'.
13:14:50: Charles de Bukav has used '/Observer'.
13:14:51: Charles de Bukav has used '/Observer'.
13:14:52: Charles de Bukav has used '/Observer'.
13:14:52: Charles de Bukav has used '/Observer'.
13:14:53: Charles de Bukav has used '/Observer'.
13:14:54: Charles de Bukav has used '/Observer'.
13:14:55: Charles de Bukav has used '/Observer'.
13:14:55: Charles de Bukav has used '/Observer'.
13:14:57: Charles de Bukav has used '/Observer'.
13:14:59: Charles de Bukav has used '/Observer'.
13:14:59: Charles de Bukav has used '/Observer'.
13:14:59: Charles de Bukav has used '/Observer'.
13:15:00: Charles de Bukav has used '/Observer'.
13:15:01: Charles de Bukav has used '/Observer'.
13:15:02: Charles de Bukav has used '/Observer'.
13:15:03: Charles de Bukav has used '/Observer'.
13:15:07: Charles de Bukav has used '/Observer'.
13:15:08: Charles de Bukav has used '/Observer'.
13:15:14: Charles de Bukav has used '/Observer'.
13:15:15: Charles de Bukav has used '/Observer'.
13:15:15: Charles de Bukav has used '/Observer'.
13:15:16: Charles de Bukav has used '/Observer'.
13:15:18: Charles de Bukav has used '/Observer'.
13:15:18: Charles de Bukav has used '/Observer'.
13:15:21: Charles de Bukav has used '/Observer'.
13:15:24: Charles de Bukav has used '/Observer'.
13:15:29: Charles de Bukav has used '/Observer'.
13:17:34: Charles de Bukav has used '/Observer'.
13:17:36: Charles de Bukav has used '/Observer'.
13:17:37: Charles de Bukav has used '/Observer'.
13:17:38: Charles de Bukav has used '/Observer'.
13:17:38: Charles de Bukav has used '/Observer'.
13:17:39: Charles de Bukav has used '/Observer'.
13:17:40: Charles de Bukav has used '/Observer'.
13:17:44: Charles de Bukav has used '/Observer'.
13:17:45: Charles de Bukav has used '/Observer'.
13:17:45: Charles de Bukav has used '/Observer'.
13:17:46: Charles de Bukav has used '/Observer'.
13:17:48: Charles de Bukav has used '/Observer'.
13:17:49: Charles de Bukav has used '/Observer'.
13:17:51: Charles de Bukav has used '/Observer'.
13:17:52: Charles de Bukav has used '/Observer'.
13:17:53: Charles de Bukav has used '/Observer'.
13:17:54: Charles de Bukav has used '/Observer'.
13:17:57: Charles de Bukav has used '/Observer'.
13:17:57: Charles de Bukav has used '/Observer'.
13:17:59: Charles de Bukav has used '/Observer'.
13:17:59: Charles de Bukav has used '/Observer'.
13:18:00: Charles de Bukav has used '/Observer'.
13:18:01: Charles de Bukav has used '/Observer'.
13:18:02: Charles de Bukav has used '/Observer'.
13:18:03: Charles de Bukav has used '/Observer'.
13:18:04: Charles de Bukav has used '/Observer'.
13:18:05: Charles de Bukav has used '/Observer'.
13:18:06: Charles de Bukav has used '/Observer'.
13:18:08: Charles de Bukav has used '/Observer'.
13:18:08: Charles de Bukav has used '/Observer'.
13:18:09: Charles de Bukav has used '/Observer'.
13:18:10: Charles de Bukav has used '/Observer'.
13:18:11: Charles de Bukav has used '/Observer'.
13:18:12: Charles de Bukav has used '/Observer'.
13:18:13: Charles de Bukav has used '/Observer'.
13:18:14: Charles de Bukav has used '/Observer'.
13:18:16: Charles de Bukav has used '/Observer'.
13:18:16: Charles de Bukav has used '/Observer'.
13:18:44: Charles de Bukav has used '/Observer'.
13:18:45: Charles de Bukav has used '/Observer'.
13:18:46: Charles de Bukav has used '/Observer'.
13:18:46: Charles de Bukav has used '/Observer'.
13:18:47: Charles de Bukav has used '/Observer'.
13:19:06: Charles de Bukav has used '/Observer'.
13:19:07: Charles de Bukav has used '/Observer'.
13:19:08: Charles de Bukav has used '/Observer'.
13:19:09: Charles de Bukav has used '/Observer'.
13:19:10: Charles de Bukav has used '/Observer'.
13:19:11: Charles de Bukav has used '/Observer'.
13:19:12: Charles de Bukav has used '/Observer'.
13:19:12: worldspawn has dealt 106 damage to Charles de Bukav, killing them!
13:19:27: Charles de Bukav has used '/PlyRespawnStay bukav'.
13:19:44: Charles de Bukav has used '/StorageClose'.
13:19:53: Charles de Bukav has used '/CharSetHealth bukav 100'.
13:19:54: Charles de Bukav has used '/Observer'.
13:19:55: Charles de Bukav has used '/Observer'.
13:19:56: Charles de Bukav has used '/Observer'.
13:19:56: Charles de Bukav has used '/Observer'.
13:19:56: Charles de Bukav has used '/Observer'.
13:19:58: Charles de Bukav has used '/Observer'.
13:19:59: Charles de Bukav has used '/Observer'.
13:19:59: Charles de Bukav has used '/Observer'.
13:20:01: Charles de Bukav has used '/Observer'.
13:20:01: Charles de Bukav has used '/Observer'.
13:20:02: Charles de Bukav has used '/Observer'.
13:20:03: Charles de Bukav has used '/Observer'.
13:20:04: Charles de Bukav has used '/Observer'.
13:20:04: Charles de Bukav has used '/Observer'.
13:20:05: Charles de Bukav has used '/Observer'.
13:20:07: Charles de Bukav has used '/Observer'.
13:20:07: Charles de Bukav has used '/Observer'.
13:20:08: Charles de Bukav has used '/Observer'.
13:20:08: Charles de Bukav has used '/Observer'.
13:20:09: Charles de Bukav has used '/Observer'.
13:20:10: Charles de Bukav has used '/Observer'.
13:20:10: Charles de Bukav has used '/Observer'.
13:20:11: Charles de Bukav has used '/Observer'.
13:20:15: Charles de Bukav has used '/Observer'.
13:20:15: Charles de Bukav has used '/Observer'.
13:20:16: Charles de Bukav has used '/Observer'.
13:20:17: Charles de Bukav has used '/Observer'.
13:20:18: Charles de Bukav has used '/Observer'.
13:20:18: Charles de Bukav has used '/Observer'.
13:20:19: Charles de Bukav has used '/Observer'.
13:20:26: Charles de Bukav has used '/StorageClose'.
13:20:34: Charles de Bukav has used '/StorageClose'.
13:20:40: Charles de Bukav has used '/StorageClose'.
13:20:42: Charles de Bukav has used '/StorageClose'.
13:20:47: Charles de Bukav has used '/Observer'.
13:20:50: Charles de Bukav has used '/Observer'.
13:20:51: Charles de Bukav has used '/Observer'.
13:20:51: Charles de Bukav has used '/Observer'.
13:20:52: Charles de Bukav has used '/Observer'.
13:20:53: Charles de Bukav has used '/Observer'.
13:20:53: Charles de Bukav has used '/Observer'.
13:20:54: Charles de Bukav has used '/Observer'.
13:20:55: Charles de Bukav has used '/Observer'.
13:20:56: Charles de Bukav has used '/Observer'.
13:20:57: Charles de Bukav has used '/Observer'.
13:20:57: Charles de Bukav has used '/Observer'.
13:20:58: Charles de Bukav has used '/Observer'.
13:20:58: Charles de Bukav has used '/Observer'.
13:20:59: Charles de Bukav has used '/Observer'.
13:21:00: Charles de Bukav has used '/Observer'.
13:21:01: Charles de Bukav has used '/Observer'.
13:21:05: Charles de Bukav has used '/Observer'.
13:21:06: Charles de Bukav has used '/Observer'.
13:21:08: Charles de Bukav has used '/Observer'.
13:21:08: Charles de Bukav has used '/Observer'.
13:21:09: Charles de Bukav has used '/Observer'.
13:21:10: Charles de Bukav has used '/Observer'.
13:21:11: Charles de Bukav has used '/Observer'.
13:21:12: Charles de Bukav has used '/Observer'.
13:21:13: Charles de Bukav has used '/Observer'.
13:21:13: Charles de Bukav has used '/Observer'.
13:21:17: Charles de Bukav has used '/Observer'.
13:21:18: Charles de Bukav has used '/Observer'.
13:21:19: Charles de Bukav has used '/Observer'.
13:21:20: Charles de Bukav has used '/Observer'.
13:21:20: Charles de Bukav has used '/Observer'.
13:21:21: Charles de Bukav has used '/Observer'.
13:21:22: Charles de Bukav has used '/Observer'.
13:21:24: Charles de Bukav has used '/Observer'.
13:21:24: Charles de Bukav has used '/Observer'.
13:21:25: Charles de Bukav has used '/Observer'.
13:21:25: Charles de Bukav has used '/Observer'.
13:21:26: Charles de Bukav has used '/Observer'.
13:21:27: Charles de Bukav has used '/Observer'.
13:21:28: Charles de Bukav has used '/Observer'.
13:21:28: Charles de Bukav has used '/Observer'.
13:21:29: Charles de Bukav has used '/Observer'.
13:21:29: Charles de Bukav has used '/Observer'.
13:21:32: Charles de Bukav has used '/Observer'.
13:21:32: Charles de Bukav has used '/Observer'.
13:21:33: Charles de Bukav has used '/Observer'.
13:21:34: Charles de Bukav has used '/Observer'.
13:21:35: Charles de Bukav has used '/Observer'.
13:21:39: Charles de Bukav has used '/Observer'.
13:21:46: Charles de Bukav has used '/Observer'.
13:21:46: Charles de Bukav has used '/Observer'.
13:21:58: Charles de Bukav has used '/Observer'.
13:21:59: Charles de Bukav has used '/Observer'.
13:21:59: Charles de Bukav has used '/Observer'.
13:22:01: Charles de Bukav has used '/Observer'.
13:22:01: Charles de Bukav has used '/Observer'.
13:22:02: Charles de Bukav has used '/Observer'.
13:22:03: Charles de Bukav has used '/Observer'.
13:22:03: Charles de Bukav has used '/Observer'.
13:22:04: Charles de Bukav has used '/Observer'.
13:22:04: Charles de Bukav has used '/Observer'.
13:22:05: Charles de Bukav has used '/Observer'.
13:22:05: Charles de Bukav has used '/Observer'.
13:22:07: Charles de Bukav has used '/Observer'.
13:22:07: Charles de Bukav has used '/Observer'.
13:22:08: Charles de Bukav has used '/Observer'.
13:22:08: Charles de Bukav has used '/Observer'.
13:22:10: Charles de Bukav has used '/Observer'.
13:22:11: Charles de Bukav has used '/Observer'.
13:22:14: Charles de Bukav has used '/Observer'.
13:22:14: Charles de Bukav has used '/Observer'.
13:22:14: Charles de Bukav has used '/Observer'.
13:22:15: Charles de Bukav has used '/Observer'.
13:22:25: Charles de Bukav has used '/Observer'.
13:22:32: Charles de Bukav has used '/Observer'.
13:22:32: Charles de Bukav has used '/Observer'.
13:22:34: Charles de Bukav has used '/Observer'.
13:22:34: Charles de Bukav has used '/Observer'.
13:22:37: Charles de Bukav has used '/Observer'.
13:22:38: Charles de Bukav has used '/Observer'.
13:22:38: Charles de Bukav has used '/Observer'.
13:22:54: Charles de Bukav has used '/Observer'.
13:22:55: Charles de Bukav has used '/Observer'.
13:22:55: Charles de Bukav has used '/Observer'.
13:22:56: Charles de Bukav has used '/Observer'.
13:22:57: Charles de Bukav has used '/Observer'.
13:22:58: Charles de Bukav has used '/Observer'.
13:22:59: Charles de Bukav has used '/Observer'.
13:23:01: Charles de Bukav has used '/Observer'.
13:23:02: Charles de Bukav has used '/Observer'.
13:23:02: Charles de Bukav has used '/Observer'.
13:23:03: Charles de Bukav has used '/Observer'.
13:23:04: Charles de Bukav has used '/Observer'.
13:23:05: Charles de Bukav has used '/Observer'.
13:23:05: Charles de Bukav has used '/Observer'.
13:23:06: Charles de Bukav has used '/Observer'.
13:23:07: Charles de Bukav has used '/Observer'.
13:23:08: Charles de Bukav has used '/Observer'.
13:23:08: Charles de Bukav has used '/Observer'.
13:23:09: Charles de Bukav has used '/Observer'.
13:23:09: Charles de Bukav has used '/Observer'.
13:23:10: Charles de Bukav has used '/Observer'.
13:23:10: Charles de Bukav has used '/Observer'.
13:23:11: Charles de Bukav has used '/Observer'.
13:23:11: Charles de Bukav has used '/Observer'.
13:23:13: Charles de Bukav has used '/Observer'.
13:23:13: Charles de Bukav has used '/Observer'.
13:23:14: Charles de Bukav has used '/Observer'.
13:23:14: Charles de Bukav has used '/Observer'.
13:23:15: Charles de Bukav has used '/Observer'.
13:23:15: Charles de Bukav has used '/Observer'.
13:23:16: Charles de Bukav has used '/Observer'.
13:23:17: Charles de Bukav has used '/Observer'.
13:23:19: Charles de Bukav has used '/Observer'.
13:23:20: Charles de Bukav has used '/Observer'.
13:23:21: Charles de Bukav has used '/Observer'.
13:23:22: Charles de Bukav has used '/Observer'.
13:23:24: Charles de Bukav has used '/Observer'.
13:23:26: Charles de Bukav has used '/Observer'.
13:23:29: Charles de Bukav has used '/Observer'.
13:23:30: Charles de Bukav has used '/Observer'.
13:23:31: Charles de Bukav has used '/Observer'.
13:23:33: Charles de Bukav has used '/Observer'.
13:23:33: Charles de Bukav has used '/Observer'.
13:23:35: Charles de Bukav has used '/Observer'.
13:23:36: Charles de Bukav has used '/Observer'.
13:23:37: Charles de Bukav has used '/Observer'.
13:23:38: Charles de Bukav has used '/Observer'.
13:23:40: Charles de Bukav has used '/Observer'.
13:23:40: Charles de Bukav has used '/Observer'.
13:23:41: Charles de Bukav has used '/Observer'.
13:23:42: Charles de Bukav has used '/Observer'.
13:23:43: Charles de Bukav has used '/Observer'.
13:23:43: Charles de Bukav has used '/Observer'.
13:23:45: Charles de Bukav has used '/Observer'.
13:23:45: Charles de Bukav has used '/Observer'.
13:23:47: Charles de Bukav has used '/Observer'.
13:23:48: Charles de Bukav has used '/Observer'.
13:23:48: Charles de Bukav has used '/Observer'.
13:23:49: Charles de Bukav has used '/Observer'.
13:23:49: Charles de Bukav has used '/Observer'.
13:23:50: Charles de Bukav has used '/Observer'.
13:23:51: Charles de Bukav has used '/Observer'.
13:23:52: Charles de Bukav has used '/Observer'.
13:23:52: Charles de Bukav has used '/Observer'.
13:23:53: Charles de Bukav has used '/Observer'.
13:23:54: Charles de Bukav has used '/Observer'.
13:23:55: Charles de Bukav has used '/Observer'.
13:23:55: Charles de Bukav has used '/Observer'.
13:23:56: Charles de Bukav has used '/Observer'.
13:23:57: Charles de Bukav has used '/Observer'.
13:23:58: Charles de Bukav has used '/Observer'.
13:24:01: Charles de Bukav has used '/Observer'.
13:24:02: Charles de Bukav has used '/Observer'.
13:24:03: Charles de Bukav has used '/Observer'.
13:24:04: Charles de Bukav has used '/Observer'.
13:24:04: Charles de Bukav has used '/Observer'.
13:24:05: Charles de Bukav has used '/Observer'.
13:24:05: Charles de Bukav has used '/Observer'.
13:24:05: Charles de Bukav has used '/Observer'.
13:24:06: Charles de Bukav has used '/Observer'.
13:24:06: Charles de Bukav has used '/Observer'.
13:24:06: Charles de Bukav has used '/Observer'.
13:24:06: Charles de Bukav has used '/Observer'.
13:24:06: Charles de Bukav has used '/Observer'.
13:24:06: Charles de Bukav has used '/Observer'.
13:24:07: Charles de Bukav has used '/Observer'.
13:24:07: Charles de Bukav has used '/Observer'.
13:24:07: Charles de Bukav has used '/Observer'.
13:24:07: Charles de Bukav has used '/Observer'.
13:24:07: Charles de Bukav has used '/Observer'.
13:24:08: Charles de Bukav has used '/Observer'.
13:24:08: Charles de Bukav has used '/Observer'.
13:24:08: Charles de Bukav has used '/Observer'.
13:24:09: Charles de Bukav has used '/Observer'.
13:24:10: Charles de Bukav has used '/Observer'.
13:24:10: Charles de Bukav has used '/Observer'.
13:24:43: Charles de Bukav has used '/Observer'.
13:24:46: Charles de Bukav has used '/Observer'.
13:24:46: Charles de Bukav has used '/Observer'.
13:24:49: Charles de Bukav has used '/Observer'.
13:24:49: Charles de Bukav has used '/Observer'.
13:24:54: Charles de Bukav has used '/Observer'.
13:25:06: Charles de Bukav has used '/Observer'.
13:25:07: Charles de Bukav has used '/Observer'.
13:25:11: Charles de Bukav has used '/Observer'.
13:25:12: Charles de Bukav has used '/Observer'.
13:25:17: Charles de Bukav has used '/Observer'.
13:25:19: Charles de Bukav has used '/Observer'.
13:25:20: Charles de Bukav has used '/Observer'.
13:25:22: Charles de Bukav has used '/Observer'.
13:25:23: Charles de Bukav has used '/Observer'.
13:25:24: Charles de Bukav has used '/Observer'.
13:25:25: Charles de Bukav has used '/Observer'.
13:25:27: Charles de Bukav has used '/Observer'.
13:25:28: Charles de Bukav has used '/Observer'.
13:25:29: Charles de Bukav has used '/Observer'.
13:25:32: Charles de Bukav has used '/Observer'.
13:25:45: Charles de Bukav has used '/Observer'.
13:25:49: Charles de Bukav has used '/Observer'.
13:25:51: Charles de Bukav has used '/Observer'.
13:26:30: Charles de Bukav has used '/Observer'.
13:26:31: Charles de Bukav has used '/Observer'.
13:26:35: Charles de Bukav has used '/Observer'.
13:26:36: Charles de Bukav has used '/Observer'.
13:26:39: Charles de Bukav has used '/Observer'.
13:26:49: Charles de Bukav has used '/Observer'.
13:27:24: Charles de Bukav has used '/Observer'.
13:27:34: Charles de Bukav has used '/Observer'.
13:27:38: Charles de Bukav has used '/Observer'.
13:28:27: Charles de Bukav has used '/Observer'.
13:28:28: Charles de Bukav has used '/Observer'.
13:28:37: Charles de Bukav has used '/Observer'.
13:28:37: Charles de Bukav has used '/Observer'.
13:28:38: Charles de Bukav has used '/Observer'.
13:28:38: Charles de Bukav has used '/Observer'.
13:28:43: Charles de Bukav has used '/Observer'.
13:28:44: Charles de Bukav has used '/Observer'.
13:28:48: Charles de Bukav has used '/Observer'.
13:28:49: Charles de Bukav has used '/Observer'.
13:29:08: Charles de Bukav has used '/Observer'.
13:33:19: Charles de Bukav has used '/Observer'.
13:33:29: Charles de Bukav has used '/Observer'.
13:33:36: Charles de Bukav has used '/Observer'.
13:33:37: Charles de Bukav has used '/Observer'.
13:33:38: Charles de Bukav has used '/Observer'.
13:33:47: Charles de Bukav has used '/Observer'.
13:33:48: Charles de Bukav has used '/Observer'.
13:33:50: Charles de Bukav has used '/Observer'.
13:33:51: Charles de Bukav has used '/Observer'.
13:33:52: Charles de Bukav has used '/Observer'.
13:33:53: Charles de Bukav has used '/Observer'.
13:33:57: Charles de Bukav has used '/Observer'.
13:33:58: Charles de Bukav has used '/Observer'.
13:33:59: Charles de Bukav has used '/Observer'.
13:34:00: Charles de Bukav has used '/Observer'.
13:34:06: Charles de Bukav has used '/StorageClose'.
13:34:09: Charles de Bukav has used '/Observer'.
13:34:18: Charles de Bukav has used '/Observer'.
13:34:23: Charles de Bukav has used '/Observer'.
13:34:24: Charles de Bukav has used '/Observer'.
13:34:26: Charles de Bukav has used '/Observer'.
13:34:27: Charles de Bukav has used '/Observer'.
13:34:30: Charles de Bukav has used '/Observer'.
13:34:30: Charles de Bukav has used '/Observer'.
13:35:01: Charles de Bukav has used '/Observer'.
13:35:02: Charles de Bukav has used '/Observer'.
13:35:03: Charles de Bukav has used '/Observer'.
13:35:04: Charles de Bukav has used '/Observer'.
13:35:08: Charles de Bukav has used '/Observer'.
13:35:11: Charles de Bukav has used '/Observer'.
13:35:11: Charles de Bukav has used '/Observer'.
13:35:12: Charles de Bukav has used '/Observer'.
13:35:12: Charles de Bukav has used '/Observer'.
13:35:13: Charles de Bukav has used '/Observer'.
13:35:16: Charles de Bukav has used '/Observer'.
13:35:18: Charles de Bukav has used '/Observer'.
13:35:18: Charles de Bukav has used '/Observer'.
13:35:19: Charles de Bukav has used '/Observer'.
13:35:19: Charles de Bukav has used '/Observer'.
13:35:20: Charles de Bukav has used '/Observer'.
13:35:23: Charles de Bukav has used '/Observer'.
13:35:24: Charles de Bukav has used '/Observer'.
13:35:26: Charles de Bukav has used '/Observer'.
13:35:27: Charles de Bukav has used '/Observer'.
13:35:29: Charles de Bukav has used '/Observer'.
13:35:30: Charles de Bukav has used '/Observer'.
13:35:30: Charles de Bukav has used '/Observer'.
13:35:31: Charles de Bukav has used '/Observer'.
13:35:31: Charles de Bukav has used '/Observer'.
13:35:31: Charles de Bukav has used '/Observer'.
13:35:31: Charles de Bukav has used '/Observer'.
13:35:32: Charles de Bukav has used '/Observer'.
13:35:32: Charles de Bukav has used '/Observer'.
13:35:32: Charles de Bukav has used '/Observer'.
13:35:32: Charles de Bukav has used '/Observer'.
13:35:33: Charles de Bukav has used '/Observer'.
13:35:33: Charles de Bukav has used '/Observer'.
13:35:33: Charles de Bukav has used '/Observer'.
13:35:33: Charles de Bukav has used '/Observer'.
13:35:34: Charles de Bukav has used '/Observer'.
13:35:34: Charles de Bukav has used '/Observer'.
13:35:34: Charles de Bukav has used '/Observer'.
13:35:34: Charles de Bukav has used '/Observer'.
13:35:34: Charles de Bukav has used '/Observer'.
13:35:35: Charles de Bukav has used '/Observer'.
13:35:35: Charles de Bukav has used '/Observer'.
13:35:36: Charles de Bukav has used '/Observer'.
13:35:37: Charles de Bukav has used '/Observer'.
13:35:37: Charles de Bukav has used '/Observer'.
13:35:37: Charles de Bukav has used '/Observer'.
13:35:38: Charles de Bukav has used '/Observer'.
13:35:38: Charles de Bukav has used '/Observer'.
13:35:38: Charles de Bukav has used '/Observer'.
13:35:39: Charles de Bukav has used '/Observer'.
13:35:39: Charles de Bukav has used '/Observer'.
13:35:39: Charles de Bukav has used '/Observer'.
13:35:39: Charles de Bukav has used '/Observer'.
13:35:40: Charles de Bukav has used '/Observer'.
13:35:40: Charles de Bukav has used '/Observer'.
13:35:40: Charles de Bukav has used '/Observer'.
13:35:40: Charles de Bukav has used '/Observer'.
13:35:41: Charles de Bukav has used '/Observer'.
13:35:41: Charles de Bukav has used '/Observer'.
13:35:41: Charles de Bukav has used '/Observer'.
13:35:41: Charles de Bukav has used '/Observer'.
13:35:42: Charles de Bukav has used '/Observer'.
13:35:43: Charles de Bukav has used '/Observer'.
13:35:43: Charles de Bukav has used '/Observer'.
13:35:44: Charles de Bukav has used '/Observer'.
13:35:45: Charles de Bukav has used '/Observer'.
13:35:45: Charles de Bukav has used '/Observer'.
13:35:46: Charles de Bukav has taken 44 damage from worldspawn, leaving them at 56 health!
13:35:46: Charles de Bukav has used '/Observer'.
13:35:57: Charles de Bukav has used '/Observer'.
13:36:12: Charles de Bukav has used '/Observer'.
13:36:12: Charles de Bukav has used '/Observer'.
13:36:13: Charles de Bukav has used '/Observer'.
13:36:16: Charles de Bukav has used '/Observer'.
13:36:40: Charles de Bukav has taken 4 damage from npc_headcrab_black, leaving them at 52 health!
13:36:40: Charles de Bukav has taken 39 damage from npc_headcrab_black, leaving them at 13 health!
13:36:42: Charles de Bukav has used '/Observer'.
13:36:51: Charles de Bukav has used '/Observer'.
13:36:51: Charles de Bukav has used '/Observer'.
13:36:56: Charles de Bukav has used '/Observer'.
13:36:57: Charles de Bukav has used '/Observer'.
13:37:05: Charles de Bukav has used '/Observer'.
13:37:06: Charles de Bukav has used '/Observer'.
13:37:07: Charles de Bukav has used '/Observer'.
13:37:08: Charles de Bukav has used '/Observer'.
13:37:08: Charles de Bukav has used '/Observer'.
13:37:09: Charles de Bukav has used '/Observer'.
13:37:10: Charles de Bukav has used '/Observer'.
13:37:13: Charles de Bukav has used '/Observer'.
13:37:15: Charles de Bukav has used '/Observer'.
13:37:16: Charles de Bukav has used '/Observer'.
13:37:17: Charles de Bukav has used '/Observer'.
13:37:17: Charles de Bukav has used '/Observer'.
13:37:18: Charles de Bukav has used '/Observer'.
13:37:19: Charles de Bukav has used '/Observer'.
13:37:24: Charles de Bukav has used '/Observer'.
13:37:29: Charles de Bukav has used '/StorageClose'.
13:37:38: Charles de Bukav has used '/StorageClose'.
13:37:43: Charles de Bukav has used '/StorageClose'.
13:37:49: Charles de Bukav has used '/CharSetHealth bukav 100'.
13:37:50: Charles de Bukav has used '/Observer'.
13:37:54: Charles de Bukav has used '/Observer'.
13:37:55: Charles de Bukav has used '/Observer'.
13:37:57: Charles de Bukav has used '/Observer'.
13:37:58: Charles de Bukav has used '/Observer'.
13:38:12: Charles de Bukav has used '/Observer'.
13:38:22: Charles de Bukav has used '/Observer'.
13:38:23: Charles de Bukav has used '/Observer'.
13:38:24: Charles de Bukav has used '/Observer'.
13:38:25: Charles de Bukav has used '/Observer'.
13:38:30: Charles de Bukav has used '/Observer'.
13:38:31: Charles de Bukav has used '/Observer'.
13:38:34: Charles de Bukav has used '/Observer'.
13:38:35: Charles de Bukav has used '/Observer'.
13:38:44: Charles de Bukav has used '/Observer'.
13:38:48: Charles de Bukav has used '/Observer'.
13:38:48: Charles de Bukav has used '/Observer'.
13:38:49: Charles de Bukav has used '/Observer'.
13:38:56: Charles de Bukav has used '/Observer'.
13:38:57: Charles de Bukav has used '/Observer'.
13:39:04: Charles de Bukav has used '/Observer'.
13:39:31: Charles de Bukav has used '/Observer'.
13:39:50: Charles de Bukav has used '/Observer'.
13:39:52: Charles de Bukav has used '/Observer'.
13:39:54: Charles de Bukav has used '/Observer'.
13:39:57: Charles de Bukav has used '/Observer'.
13:40:02: Charles de Bukav has used '/Observer'.
13:40:03: Charles de Bukav has used '/Observer'.
13:40:03: Charles de Bukav has used '/Observer'.
13:40:07: Charles de Bukav has used '/Observer'.
13:40:07: Charles de Bukav has used '/Observer'.
13:40:24: Charles de Bukav has used '/Observer'.
13:40:38: Charles de Bukav has used '/Observer'.
13:40:39: Charles de Bukav has used '/Observer'.
13:40:40: Charles de Bukav has used '/Observer'.
13:40:40: Charles de Bukav has used '/Observer'.
13:40:42: Charles de Bukav has used '/Observer'.
13:40:42: Charles de Bukav has used '/Observer'.
13:40:43: Charles de Bukav has used '/Observer'.
13:40:45: Charles de Bukav has used '/Observer'.
13:40:45: Charles de Bukav has used '/Observer'.
13:40:46: Charles de Bukav has used '/Observer'.
13:40:47: Charles de Bukav has used '/Observer'.
13:40:57: Charles de Bukav has used '/Observer'.
13:40:58: Charles de Bukav has used '/Observer'.
13:41:02: Charles de Bukav has used '/Observer'.
13:41:02: Charles de Bukav has used '/Observer'.
13:41:08: Charles de Bukav has used '/Observer'.
13:41:09: Charles de Bukav has used '/Observer'.
13:41:53: Charles de Bukav has used '/Observer'.
13:41:55: Charles de Bukav has used '/Observer'.
13:41:56: Charles de Bukav has used '/Observer'.
13:42:04: Charles de Bukav has taken 4 damage from npc_headcrab_black, leaving them at 96 health!
13:42:04: Charles de Bukav has taken 72 damage from npc_headcrab_black, leaving them at 24 health!
13:42:25: Charles de Bukav has taken 4 damage from npc_headcrab_black, leaving them at 20 health!
13:42:25: Charles de Bukav has taken 15 damage from npc_headcrab_black, leaving them at 5 health!
13:42:34: Charles de Bukav has taken 3 damage from npc_headcrab_black, leaving them at 2 health!
13:42:34: npc_headcrab_black has dealt 1 damage to Charles de Bukav, killing them!
13:42:47: Charles de Bukav has used '/PlyRespawnStay bukav'.
13:42:48: Charles de Bukav has used '/CharSetHealth bukav 100'.
13:42:48: Charles de Bukav has used '/Observer'.
13:42:54: Charles de Bukav has used '/Observer'.
13:42:58: Charles de Bukav has used '/Observer'.
13:43:29: Charles de Bukav has used '/Observer'.
13:43:32: Charles de Bukav has used '/Observer'.
13:43:32: Charles de Bukav has used '/Observer'.
13:44:11: Charles de Bukav has used '/Observer'.
13:44:36: Charles de Bukav has used '/Observer'.
13:45:12: Charles de Bukav (STEAM_0:1:44629398 / 109.161.74.255:27005) has disconnected.
