13:16:46: Hosh (STEAM_0:1:37316814 / 46.172.17.5:27005) has connected.
13:17:18: Hosh has loaded the character 'Hakku und Zagu'.
13:17:55: Hakku und Zagu has used '/Observer'.
13:17:55: Hakku und Zagu has used '/Observer'.
13:18:01: Hakku und Zagu has used '/Observer'.
13:18:01: Hakku und Zagu has used '/Observer'.
13:18:11: Hakku und Zagu has used '/Observer'.
13:18:12: Hakku und Zagu has used '/Observer'.
13:18:13: Hakku und Zagu has used '/Observer'.
13:18:14: Hakku und Zagu has used '/Observer'.
13:18:15: Hakku und Zagu has used '/Observer'.
13:18:15: Hakku und Zagu has used '/Observer'.
13:18:18: Hakku und Zagu has used '/Observer'.
13:18:20: Hakku und Zagu has used '/Observer'.
13:18:20: Hakku und Zagu has used '/Observer'.
13:18:21: Hakku und Zagu has used '/Observer'.
13:18:25: Hakku und Zagu has used '/Observer'.
13:18:26: Hakku und Zagu has used '/Observer'.
13:18:27: Hakku und Zagu has taken 36 damage from worldspawn, leaving them at 64 health!
13:18:28: Hakku und Zagu has used '/Observer'.
13:18:28: Hakku und Zagu has used '/Observer'.
13:18:31: Hakku und Zagu has used '/Observer'.
13:18:32: Hakku und Zagu has used '/Observer'.
13:18:33: Hakku und Zagu has used '/Observer'.
13:18:33: Hakku und Zagu has used '/Observer'.
13:18:35: Hakku und Zagu has used '/Observer'.
13:18:36: Hakku und Zagu has used '/Observer'.
13:18:36: Hakku und Zagu has used '/Observer'.
13:18:37: Hakku und Zagu has used '/Observer'.
13:18:45: Hakku und Zagu has used '/Observer'.
13:18:45: Hakku und Zagu has used '/Observer'.
13:18:47: Hakku und Zagu has used '/Observer'.
13:18:47: Hakku und Zagu has used '/Observer'.
13:18:52: Hakku und Zagu has used '/Observer'.
13:18:53: Hakku und Zagu has used '/Observer'.
13:18:55: Hakku und Zagu has used '/Observer'.
13:18:56: Hakku und Zagu has used '/Observer'.
13:19:01: Hakku und Zagu has used '/Observer'.
13:19:01: Hakku und Zagu has used '/Observer'.
13:19:05: Hakku und Zagu has used '/Observer'.
13:19:05: Hakku und Zagu has used '/Observer'.
13:19:08: Hakku und Zagu has used '/Observer'.
13:19:10: Hakku und Zagu has used '/Observer'.
13:19:14: Hakku und Zagu has used '/Observer'.
13:19:16: Hakku und Zagu has used '/Observer'.
13:26:23: Hakku und Zagu has taken 45 damage from Hakku und Zagu with an unknown weapon, leaving them at 105 health!
13:26:42: worldspawn has dealt 309 damage to Hakku und Zagu, killing them!
13:26:53: Hakku und Zagu has used '/PlyRespawn Hakku und Zagu'.
13:26:56: Hakku und Zagu has used '/Observer'.
13:27:00: Hakku und Zagu has used '/Observer'.
13:33:30: Hosh (STEAM_0:1:37316814 / 46.172.17.5:27005) has connected.
13:34:53: Hosh has loaded the character 'Hakku und Zagu'.
13:34:54: Hakku und Zagu has used '/Observer'.
13:34:57: Hakku und Zagu has used '/Observer'.
13:34:59: Hakku und Zagu has used '/Observer'.
13:35:00: Hakku und Zagu has used '/Observer'.
13:49:01: Hakku und Zagu has used '/Observer'.
13:49:02: Hakku und Zagu has used '/Observer'.
13:49:51: Hakku und Zagu has used '/Observer'.
13:49:53: Hakku und Zagu has used '/Observer'.
13:50:07: Hakku und Zagu has used '/Observer'.
13:50:08: Hakku und Zagu has used '/Observer'.
13:50:17: Hakku und Zagu has used '/Observer'.
13:50:55: gw_strider has dealt 140 damage to Hakku und Zagu, killing them!
13:51:07: Hakku und Zagu has used '/PlyRespawn Hakku und Zagu'.
13:51:09: Hakku und Zagu has used '/Observer'.
13:51:10: Hakku und Zagu has used '/Observer'.
13:57:15: Hosh (STEAM_0:1:37316814 / 46.172.17.5:27005) has connected.
13:58:07: Hosh has loaded the character 'Hakku und Zagu'.
13:58:58: Hakku und Zagu has taken 4 damage from Hakku und Zagu with cw_hands, leaving them at 96 health!
13:59:35: Hakku und Zagu has used '/Observer'.
13:59:38: Hakku und Zagu has used '/Observer'.
13:59:43: Hakku und Zagu has used '/SalesmanAdd'.
14:00:12: Hakku und Zagu has used '/InvAction use cw_suitcase 1531311886.00'.
14:00:22: Hakku und Zagu has used '/SalesmanEdit'.
14:00:26: Hakku und Zagu has gained a Light Medic T-Shirt with vest 1531393227.
14:00:28: Hakku und Zagu has used '/InvAction use light_medic_t-shirt_with_vest 1531393227.00'.
14:01:19: Hakku und Zagu has gained a Bacon substitute 1531393279.
14:01:19: Hakku und Zagu has lost a Bacon substitute 1531393279.
14:01:19: Hakku und Zagu has used '/InvAction use bacon_substitute 1531393279'.
14:01:31: Hakku und Zagu has gained a Burger 1531393293.
14:01:31: Hakku und Zagu has lost a Burger 1531393293.
14:01:31: Hakku und Zagu has used '/InvAction use burger 1531393293'.
14:01:35: Hakku und Zagu has gained a Ketchup 1531393298.
14:01:35: Hakku und Zagu has lost a Ketchup 1531393298.
14:01:35: Hakku und Zagu has used '/InvAction use ketchup 1531393298'.
14:01:38: Hakku und Zagu has gained a Union Branded Bran Flakes 1531393302.
14:01:38: Hakku und Zagu has lost a Union Branded Bran Flakes 1531393302.
14:01:38: Hakku und Zagu has used '/InvAction use union_branded_bran_flakes 1531393302'.
14:01:47: Hakku und Zagu (STEAM_0:1:37316814 / 46.172.17.5:27005) has disconnected.
15:33:03: Hosh (STEAM_0:1:37316814 / 46.172.17.5:27005) has connected.
15:33:34: Hosh has loaded the character 'Hakku und Zagu'.
15:38:18: vladkick (STEAM_0:1:78186203 / 46.98.47.29:27005) has connected.
15:39:01: Hakku und Zagu has used '/CharFallOver'.
15:39:02: Hakku und Zagu has used '/CharGetUp'.
15:39:18: Hakku und Zagu has used '/CharFallOver'.
15:39:20: Hakku und Zagu has used '/CharGetUp'.
15:39:36: Hakku und Zagu has used '/CharFallOver'.
15:39:36: Hakku und Zagu has used '/CharGetUp'.
15:39:49: Hakku und Zagu has used '/Observer'.
15:39:49: Hakku und Zagu has used '/Observer'.
15:39:50: Hakku und Zagu has used '/Observer'.
15:39:51: Hakku und Zagu has used '/Observer'.
15:39:53: Hakku und Zagu has used '/Observer'.
15:39:55: Hakku und Zagu has used '/Observer'.
15:39:55: Hakku und Zagu has used '/Observer'.
15:39:56: Hakku und Zagu has used '/Observer'.
15:41:35: vladkick has created a Citizen character called 'Жмышенко Валерий Альбертович'.
15:41:35: vladkick has loaded the character 'Жмышенко Валерий Альбертович'.
15:45:10: Hakku und Zagu has used '/PlySetGroup Жмышенко Валерий Альбертович superadmin'.
15:45:39: Hakku und Zagu has used '/CharGiveFlags Жмышенко Валерий Альбертович qwertyuipdfghjklzxcvbnm1234567890QWERTYUIOPASDFGHJKLZXCVBNM'.
15:45:45: Hakku und Zagu has used '/Observer'.
15:45:46: Hakku und Zagu has used '/Observer'.
15:45:50: Жмышенко Валерий Альбертович has taken 69 damage from worldspawn, leaving them at 31 health!
15:45:54: Жмышенко Валерий Альбертович has used '/Observer'.
15:45:58: Hakku und Zagu has taken 72 damage from worldspawn, leaving them at 28 health!
15:45:58: Жмышенко Валерий Альбертович has used '/Observer'.
15:45:59: Hakku und Zagu has used '/Observer'.
15:46:00: Hakku und Zagu has used '/Observer'.
15:46:19: Hakku und Zagu has used '/CharSetModel Hakku models/npcs/ranger_armour_bad.mdl'.
15:46:29: Hakku und Zagu has used '/CharSetModel Hakku models/npcs/halo3elitescythebad.mdl'.
15:47:11: Hakku und Zagu has used '/CharSetModel Hakku models/backpackcp/policeoutlands.mdl'.
15:47:44: Жмышенко Валерий Альбертович has taken 2 damage from Hakku und Zagu with sxbase_stunstick, leaving them at 98 health!
15:47:45: Жмышенко Валерий Альбертович has taken 2 damage from Hakku und Zagu with sxbase_stunstick, leaving them at 96 health!
15:47:46: Жмышенко Валерий Альбертович has taken 2 damage from Hakku und Zagu with sxbase_stunstick, leaving them at 94 health!
15:47:48: Жмышенко Валерий Альбертович has taken 69 damage from worldspawn, leaving them at 25 health!
15:47:52: Жмышенко Валерий Альбертович has used '/Observer'.
15:47:55: Жмышенко Валерий Альбертович has used '/Observer'.
15:47:57: Hakku und Zagu has used '/CharSetModel Hakku models/tactical_rebel_female.mdl'.
15:48:04: Hakku und Zagu has used '/CharSetModel Hakku models/tactical_rebel_coat.mdl'.
15:48:18: Жмышенко Валерий Альбертович has used '/Observer'.
15:48:19: Жмышенко Валерий Альбертович has used '/Observer'.
15:48:24: Жмышенко Валерий Альбертович has used '/Observer'.
15:48:26: Жмышенко Валерий Альбертович has used '/Observer'.
15:48:27: Жмышенко Валерий Альбертович has used '/Observer'.
15:48:27: Жмышенко Валерий Альбертович has used '/Observer'.
15:48:28: Жмышенко Валерий Альбертович has used '/Observer'.
15:48:30: Жмышенко Валерий Альбертович has used '/Observer'.
15:49:24: Hakku und Zagu has used '/CharSetHealth Жмышенко Валерий Альбертович'.
15:49:34: Жмышенко Валерий Альбертович says: "чето нет"
15:53:16: Жмышенко Валерий Альбертович has used '/Observer'.
15:53:17: Жмышенко Валерий Альбертович has used '/Observer'.
15:53:26: Жмышенко Валерий Альбертович has used '/Observer'.
15:53:28: Жмышенко Валерий Альбертович has used '/Observer'.
15:54:22: Hakku und Zagu has used '/Observer'.
15:54:26: Hakku und Zagu has used '/Observer'.
15:54:27: Hakku und Zagu has taken 36 damage from worldspawn, leaving them at 64 health!
16:05:50: Hosh (STEAM_0:1:37316814 / 46.172.17.5:27005) has connected.
16:06:20: Hosh has loaded the character 'Hakku und Zagu'.
16:06:24: Hakku und Zagu has used '/Observer'.
16:06:28: Hakku und Zagu has used '/Observer'.
16:06:28: Hakku und Zagu has used '/Observer'.
16:06:32: Hakku und Zagu has used '/Observer'.
16:06:32: Hakku und Zagu has used '/Observer'.
16:06:35: Hakku und Zagu has used '/Observer'.
16:06:36: Hakku und Zagu has used '/Observer'.
16:06:38: Hakku und Zagu has used '/Observer'.
16:06:39: Hakku und Zagu has used '/Observer'.
16:06:40: Hakku und Zagu has used '/Observer'.
16:06:42: Hakku und Zagu has used '/Observer'.
16:06:43: Hakku und Zagu has used '/Observer'.
16:07:02: vladkick (STEAM_0:1:78186203 / 46.98.47.29:27005) has connected.
16:07:31: Hakku und Zagu has used '/Observer'.
16:07:35: Hakku und Zagu has used '/Observer'.
16:07:52: Hakku und Zagu has used '/Observer'.
16:07:54: Hakku und Zagu has used '/Observer'.
16:07:58: Hakku und Zagu has used '/Observer'.
16:07:59: Hakku und Zagu has used '/Observer'.
16:08:01: Hakku und Zagu has used '/Observer'.
16:08:02: Hakku und Zagu has used '/Observer'.
16:08:03: Hakku und Zagu has used '/Observer'.
16:08:04: Hakku und Zagu has used '/Observer'.
16:08:05: Hakku und Zagu has used '/Observer'.
16:08:05: Hakku und Zagu has used '/Observer'.
16:08:07: Hakku und Zagu has used '/Observer'.
16:08:07: Hakku und Zagu has used '/Observer'.
16:08:09: vladkick has loaded the character 'Жмышенко Валерий Альбертович'.
16:08:10: Hakku und Zagu has used '/Observer'.
16:08:11: Hakku und Zagu has used '/Observer'.
16:08:12: Жмышенко Валерий Альбертович has used '/Observer'.
16:08:13: Жмышенко Валерий Альбертович has used '/Observer'.
16:08:14: Жмышенко Валерий Альбертович has used '/Observer'.
16:08:16: Hakku und Zagu has used '/Observer'.
16:08:17: Hakku und Zagu has used '/Observer'.
16:08:21: Hakku und Zagu has used '/Observer'.
16:08:21: Hakku und Zagu has used '/Observer'.
16:08:22: Hakku und Zagu has used '/Observer'.
16:08:23: Hakku und Zagu has used '/Observer'.
16:08:25: Hakku und Zagu has used '/Observer'.
16:08:25: Жмышенко Валерий Альбертович has used '/Observer'.
16:08:25: Hakku und Zagu has used '/Observer'.
16:08:27: Hakku und Zagu has used '/Observer'.
16:08:27: Hakku und Zagu has used '/Observer'.
16:08:29: Hakku und Zagu has used '/Observer'.
16:08:29: Hakku und Zagu has used '/Observer'.
16:08:30: Hakku und Zagu has taken 34 damage from worldspawn, leaving them at 66 health!
16:08:51: Hakku und Zagu has spawned 'models/props_junk/metalcontainer02.mdl'.
16:08:51: Hakku und Zagu has spawned 'models/props_junk/metalcontainer02.mdl'.
16:09:16: Hakku und Zagu has spawned 'models/warz/items/binocs.mdl'.
16:09:16: Hakku und Zagu has spawned 'models/warz/items/binocs.mdl'.
16:09:17: Hakku und Zagu has spawned 'models/warz/items/binocs.mdl'.
16:09:17: Hakku und Zagu has spawned 'models/warz/items/binocs.mdl'.
16:09:19: Hakku und Zagu has spawned 'models/warz/items/lootcrate.mdl'.
16:09:19: Hakku und Zagu has spawned 'models/warz/items/lootcrate.mdl'.
16:09:20: Hakku und Zagu has spawned 'models/warz/items/medkit.mdl'.
16:09:20: Hakku und Zagu has spawned 'models/warz/items/medkit.mdl'.
16:09:36: Hakku und Zagu has spawned 'models/warz/consumables/can_tuna.mdl'.
16:09:36: Hakku und Zagu has spawned 'models/warz/consumables/can_tuna.mdl'.
16:09:40: Hakku und Zagu has spawned 'models/warz/consumables/can_spam.mdl'.
16:09:40: Hakku und Zagu has spawned 'models/warz/consumables/can_spam.mdl'.
16:09:58: Hakku und Zagu has spawned 'models/warz/consumables/bar_chocolate.mdl'.
16:09:58: Hakku und Zagu has spawned 'models/warz/consumables/bar_chocolate.mdl'.
16:10:00: Hakku und Zagu has spawned 'models/items/w_syringe.mdl'.
16:10:00: Hakku und Zagu has spawned 'models/items/w_syringe.mdl'.
16:10:22: Hakku und Zagu has spawned 'models/props_vehicles/crownvic_destroyed.mdl'.
16:10:22: Hakku und Zagu has spawned 'models/props_vehicles/crownvic_destroyed.mdl'.
16:10:32: Hakku und Zagu has spawned 'models/warz/items/c4.mdl'.
16:10:32: Hakku und Zagu has spawned 'models/warz/items/c4.mdl'.
16:10:34: Hakku und Zagu has spawned 'models/warz/items/lockbox.mdl'.
16:10:34: Hakku und Zagu has spawned 'models/warz/items/lockbox.mdl'.
16:10:37: Hakku und Zagu has spawned 'models/warz/items/money.mdl'.
16:10:37: Hakku und Zagu has spawned 'models/warz/items/money.mdl'.
16:10:38: Hakku und Zagu has spawned 'models/warz/items/rangefinder.mdl'.
16:10:38: Hakku und Zagu has spawned 'models/warz/items/rangefinder.mdl'.
16:10:41: Hakku und Zagu has spawned 'models/warz/items/riot_crate.mdl'.
16:10:41: Hakku und Zagu has spawned 'models/warz/items/riot_crate.mdl'.
16:10:43: Hakku und Zagu has spawned 'models/warz/items/woodshield_built.mdl'.
16:10:43: Hakku und Zagu has spawned 'models/warz/items/woodshield_built.mdl'.
16:10:52: Hakku und Zagu has used '/Observer'.
16:11:01: Hakku und Zagu has used '/Observer'.
16:11:13: Hakku und Zagu has spawned 'models/warz/consumables/medicine.mdl'.
16:11:13: Hakku und Zagu has spawned 'models/warz/consumables/medicine.mdl'.
16:11:24: Hakku und Zagu has used '/Observer'.
16:11:26: Hakku und Zagu has used '/Observer'.
16:11:32: Жмышенко Валерий Альбертович has spawned 'models/props_c17/FurnitureChair001a.mdl'.
16:11:32: Жмышенко Валерий Альбертович has spawned 'models/props_c17/FurnitureChair001a.mdl'.
16:11:32: Hakku und Zagu has spawned 'models/glowstick/stick_pnk.mdl'.
16:11:32: Hakku und Zagu has spawned 'models/glowstick/stick_pnk.mdl'.
16:11:54: Hakku und Zagu has spawned 'models/props_c17/FurnitureCouch002a.mdl'.
16:11:54: Hakku und Zagu has spawned 'models/props_c17/FurnitureCouch002a.mdl'.
16:12:04: Жмышенко Валерий Альбертович has spawned 'models/props_c17/FurnitureCouch002a.mdl'.
16:12:04: Жмышенко Валерий Альбертович has spawned 'models/props_c17/FurnitureCouch002a.mdl'.
16:12:30: Жмышенко Валерий Альбертович (STEAM_0:1:78186203 / 46.98.47.29:27005) has disconnected.
16:16:33: Hakku und Zagu has spawned 'models/props_c17/FurnitureDrawer001a.mdl'.
16:16:33: Hakku und Zagu has spawned 'models/props_c17/FurnitureDrawer001a.mdl'.
16:20:28: Hakku und Zagu has used '/Observer'.
16:20:28: Hakku und Zagu has used '/Observer'.
16:21:00: Hakku und Zagu has used '/Observer'.
16:21:01: Hakku und Zagu has used '/Observer'.
16:21:02: Hakku und Zagu has spawned 'models/props_c17/display_cooler01a.mdl'.
16:21:02: Hakku und Zagu has spawned 'models/props_c17/display_cooler01a.mdl'.
16:21:23: Hakku und Zagu has spawned 'models/props_c17/door01_left.mdl'.
16:21:23: Hakku und Zagu has spawned 'models/props_c17/door01_left.mdl'.
16:21:51: Hakku und Zagu has spawned 'models/freespace/house.mdl'.
16:21:51: Hakku und Zagu has spawned 'models/freespace/house.mdl'.
16:21:52: Hakku und Zagu has used '/Observer'.
16:21:55: Hakku und Zagu has spawned 'models/hazard24/hoover_003.mdl'.
16:21:55: Hakku und Zagu has spawned 'models/hazard24/hoover_003.mdl'.
16:22:21: Hakku und Zagu has spawned 'models/hazard24/hoover_004.mdl'.
16:22:21: Hakku und Zagu has spawned 'models/hazard24/hoover_004.mdl'.
16:22:24: Hakku und Zagu has used '/Observer'.
16:22:32: Hakku und Zagu has used '/Observer'.
16:22:33: Hakku und Zagu has spawned 'models/highway/gas_station.mdl'.
16:22:33: Hakku und Zagu has spawned 'models/highway/gas_station.mdl'.
16:22:37: Hakku und Zagu has spawned 'models/hazard24/hoover_006.mdl'.
16:22:37: Hakku und Zagu has spawned 'models/hazard24/hoover_006.mdl'.
16:22:41: vladkick (STEAM_0:1:78186203 / 46.98.47.29:27005) has connected.
16:22:44: Hakku und Zagu has spawned 'models/hazard24/hoover_005.mdl'.
16:22:44: Hakku und Zagu has spawned 'models/hazard24/hoover_005.mdl'.
16:22:54: Hakku und Zagu has spawned 'models/hazard24/hoover_004.mdl'.
16:22:54: Hakku und Zagu has spawned 'models/hazard24/hoover_004.mdl'.
16:22:56: Hakku und Zagu has spawned 'models/hazard24/hoover_004.mdl'.
16:22:56: Hakku und Zagu has spawned 'models/hazard24/hoover_004.mdl'.
16:23:05: Hakku und Zagu has spawned 'models/hazard24/hoover_003.mdl'.
16:23:05: Hakku und Zagu has spawned 'models/hazard24/hoover_003.mdl'.
16:23:20: vladkick has loaded the character 'Жмышенко Валерий Альбертович'.
16:23:24: Hakku und Zagu has used '/charSetThirst Hakku 100'.
16:23:29: Hakku und Zagu has used '/charSetHunger Hakku 100'.
16:23:34: Hakku und Zagu has used '/Observer'.
16:23:36: Hakku und Zagu has spawned 'models/hazard24/hoover_003.mdl'.
16:23:36: Hakku und Zagu has spawned 'models/hazard24/hoover_003.mdl'.
16:23:41: Жмышенко Валерий Альбертович has used '/Observer'.
16:23:45: Hakku und Zagu has spawned 'models/hazard24/hoover_005.mdl'.
16:23:45: Hakku und Zagu has spawned 'models/hazard24/hoover_005.mdl'.
16:23:46: Жмышенко Валерий Альбертович has used '/Observer'.
16:23:56: Hakku und Zagu has spawned 'models/props/city/tunnels/tunnel_large.mdl'.
16:23:56: Hakku und Zagu has spawned 'models/props/city/tunnels/tunnel_large.mdl'.
16:23:57: Hakku und Zagu has used '/Observer'.
16:23:59: Hakku und Zagu has spawned 'models/props/city/tunnels/tunnel_large.mdl'.
16:23:59: Hakku und Zagu has spawned 'models/props/city/tunnels/tunnel_large.mdl'.
16:24:01: Жмышенко Валерий Альбертович has used '/Observer'.
16:24:04: Hakku und Zagu has spawned 'models/props/guard/big_guard_tower.mdl'.
16:24:04: Hakku und Zagu has spawned 'models/props/guard/big_guard_tower.mdl'.
16:24:09: Hakku und Zagu has spawned 'models/props/city/tunnels/tunnel_small.mdl'.
16:24:09: Hakku und Zagu has spawned 'models/props/city/tunnels/tunnel_small.mdl'.
16:24:12: Hakku und Zagu has spawned 'models/freespace/house.mdl'.
16:24:12: Hakku und Zagu has spawned 'models/freespace/house.mdl'.
16:24:12: Жмышенко Валерий Альбертович has used '/Observer'.
16:24:17: Hakku und Zagu has used '/Observer'.
16:25:45: Hakku und Zagu has spawned 'models/items/magazines/rif_m4a1_mag.mdl'.
16:25:45: Hakku und Zagu has spawned 'models/items/magazines/rif_m4a1_mag.mdl'.
16:25:51: Hakku und Zagu has spawned 'models/pg_props/pg_obj/pg_flashlight.mdl'.
16:25:51: Hakku und Zagu has spawned 'models/pg_props/pg_obj/pg_flashlight.mdl'.
16:25:53: Жмышенко Валерий Альбертович has used '/Observer'.
16:25:55: Hakku und Zagu has used '/Observer'.
16:25:56: Hakku und Zagu has used '/Observer'.
16:25:57: Hakku und Zagu has spawned 'models/pg_props/pg_obj/pg_flashlight.mdl'.
16:25:57: Hakku und Zagu has spawned 'models/pg_props/pg_obj/pg_flashlight.mdl'.
16:25:59: Hakku und Zagu has spawned 'models/pg_props/pg_obj/pg_flare_pack.mdl'.
16:25:59: Hakku und Zagu has spawned 'models/pg_props/pg_obj/pg_flare_pack.mdl'.
16:26:00: Жмышенко Валерий Альбертович has used '/Observer'.
16:26:01: Жмышенко Валерий Альбертович has used '/Observer'.
16:26:04: Жмышенко Валерий Альбертович has used '/Observer'.
16:26:08: Hakku und Zagu has spawned 'models/pg_props/pg_obj/pg_flare.mdl'.
16:26:08: Hakku und Zagu has spawned 'models/pg_props/pg_obj/pg_flare.mdl'.
16:26:10: Hakku und Zagu has spawned 'models/pg_props/pg_obj/pg_cd_case.mdl'.
16:26:10: Hakku und Zagu has spawned 'models/pg_props/pg_obj/pg_cd_case.mdl'.
16:26:11: Hakku und Zagu has spawned 'models/pg_props/pg_obj/pg_battery_pack.mdl'.
16:26:11: Hakku und Zagu has spawned 'models/pg_props/pg_obj/pg_battery_pack.mdl'.
16:26:17: Hakku und Zagu has spawned 'models/pg_props/pg_food/pg_tortellinis.mdl'.
16:26:17: Hakku und Zagu has spawned 'models/pg_props/pg_food/pg_tortellinis.mdl'.
16:26:19: Hakku und Zagu has spawned 'models/items/ammo/ammo_flares.mdl'.
16:26:19: Hakku und Zagu has spawned 'models/items/ammo/ammo_flares.mdl'.
16:26:28: Hakku und Zagu has used '/CharSetModel Hakku models/npcs/ranger_armour_bad.mdl'.
16:28:11: Hakku und Zagu has gained a Impulse Rifle Mk.2 1531402078.
16:28:13: Hakku und Zagu has used '/InvAction use sxbase_ar2 1531402078.00'.
16:28:18: Жмышенко Валерий Альбертович has gained a Impulse Rifle Mk.1 1531402098.
16:28:57: Жмышенко Валерий Альбертович has gained a Bleach 1531402139.
16:28:57: Жмышенко Валерий Альбертович has dealt 143 damage to Жмышенко Валерий Альбертович, killing them!
16:28:57: Жмышенко Валерий Альбертович has lost a Bleach 1531402139.
16:28:57: Жмышенко Валерий Альбертович has used '/InvAction use bleach 1531402139'.
16:29:21: Hakku und Zagu has used '/CharFallOver'.
16:29:22: Hakku und Zagu has used '/CharGetUp'.
16:29:27: Hakku und Zagu has used '/CharFallOver'.
16:29:28: Hakku und Zagu has used '/CharGetUp'.
16:29:34: Hakku und Zagu has used '/Observer'.
16:29:36: Hakku und Zagu has used '/Observer'.
16:29:39: Hakku und Zagu has lost a Suitcase 1531311886.
16:29:39: Hakku und Zagu has lost a Impulse Rifle Mk.2 1531402078.
16:29:39: worldspawn has dealt 371 damage to Hakku und Zagu, killing them!
16:30:37: Жмышенко Валерий Альбертович has lost a Suitcase 1531399296.
16:30:37: Жмышенко Валерий Альбертович has used '/StorageGiveItem cw_suitcase 1531399296.00'.
16:30:39: Жмышенко Валерий Альбертович has used '/StorageClose'.
16:32:13: Жмышенко Валерий Альбертович has used '/Observer'.
16:32:16: Жмышенко Валерий Альбертович has used '/Observer'.
16:32:17: Жмышенко Валерий Альбертович has used '/Observer'.
16:32:18: Жмышенко Валерий Альбертович has used '/Observer'.
16:32:19: Жмышенко Валерий Альбертович has used '/Observer'.
16:32:22: Жмышенко Валерий Альбертович has used '/Observer'.
16:32:23: Жмышенко Валерий Альбертович has used '/Observer'.
16:32:25: Жмышенко Валерий Альбертович has used '/Observer'.
16:32:30: Жмышенко Валерий Альбертович says: "Привет, друг"
16:33:04: Septic (STEAM_0:0:34008601 / 94.181.42.24:27005) has connected.
16:33:28: Жмышенко Валерий Альбертович has spawned 'models/props_c17/FurnitureChair001a.mdl'.
16:33:28: Жмышенко Валерий Альбертович has spawned 'models/props_c17/FurnitureChair001a.mdl'.
16:33:37: Жмышенко Валерий Альбертович has spawned 'models/props_c17/FurnitureTable001a.mdl'.
16:33:37: Жмышенко Валерий Альбертович has spawned 'models/props_c17/FurnitureTable001a.mdl'.
16:33:45: Жмышенко Валерий Альбертович has spawned 'models/props_c17/FurnitureCouch001a.mdl'.
16:33:45: Жмышенко Валерий Альбертович has spawned 'models/props_c17/FurnitureCouch001a.mdl'.
16:33:59: Hakku und Zagu has used '/Observer'.
16:34:00: Hakku und Zagu has used '/Observer'.
16:34:01: Hakku und Zagu has used '/Observer'.
16:34:01: Жмышенко Валерий Альбертович has spawned 'models/props_interiors/BathTub01a.mdl'.
16:34:01: Жмышенко Валерий Альбертович has spawned 'models/props_interiors/BathTub01a.mdl'.
16:34:02: Hakku und Zagu has used '/Observer'.
16:34:06: Hakku und Zagu has used '/Observer'.
16:34:08: Hakku und Zagu has used '/Observer'.
16:34:09: Hakku und Zagu has used '/Observer'.
16:34:12: Жмышенко Валерий Альбертович has used '/Observer'.
16:34:13: Жмышенко Валерий Альбертович has used '/Observer'.
16:34:13: Жмышенко Валерий Альбертович has used '/Observer'.
16:34:14: Hakku und Zagu has used '/Observer'.
16:34:14: Hakku und Zagu has used '/Observer'.
16:34:14: Жмышенко Валерий Альбертович has used '/Observer'.
16:34:16: Жмышенко Валерий Альбертович has used '/Observer'.
16:34:17: Hakku und Zagu has used '/Observer'.
16:34:19: Hakku und Zagu has used '/Observer'.
16:34:19: Жмышенко Валерий Альбертович has used '/Observer'.
16:34:20: Жмышенко Валерий Альбертович has used '/Observer'.
16:34:20: Hakku und Zagu has used '/Observer'.
16:34:21: Hakku und Zagu has used '/Observer'.
16:34:22: Hakku und Zagu has used '/Observer'.
16:34:23: Hakku und Zagu has used '/Observer'.
16:34:24: Жмышенко Валерий Альбертович has used '/Observer'.
16:34:24: Hakku und Zagu has used '/Observer'.
16:34:26: Hakku und Zagu has used '/Observer'.
16:34:27: Жмышенко Валерий Альбертович says: "!menu"
16:34:32: Hakku und Zagu has used '/Observer'.
16:34:33: Hakku und Zagu has used '/Observer'.
16:34:37: Hakku und Zagu has used '/Observer'.
16:34:39: Hakku und Zagu has used '/Observer'.
16:34:41: Hakku und Zagu has used '/Observer'.
16:34:51: Septic has loaded the character '111111111111111111111'.
16:35:01: Жмышенко Валерий Альбертович has used '/CharFallOver'.
16:35:02: Hakku und Zagu has used '/Observer'.
16:35:02: Жмышенко Валерий Альбертович has used '/CharGetUp'.
16:35:04: Hakku und Zagu has used '/Observer'.
16:35:08: Hakku und Zagu has used '/Observer'.
16:35:10: 111111111111111111111 says: "ог"
16:35:12: 111111111111111111111 says: "эррор"
16:35:12: Жмышенко Валерий Альбертович has used '/CharFallOver'.
16:35:14: Hakku und Zagu has used '/Observer'.
16:35:24: Жмышенко Валерий Альбертович says: "где еррор"
16:35:24: Жмышенко Валерий Альбертович has used '/CharGetUp'.
16:35:36: Жмышенко Валерий Альбертович has used '/Observer'.
16:35:39: Жмышенко Валерий Альбертович has used '/Observer'.
16:36:30: Жмышенко Валерий Альбертович has used '/Observer'.
16:36:31: Жмышенко Валерий Альбертович has used '/Observer'.
16:36:33: Жмышенко Валерий Альбертович has used '/Observer'.
16:36:33: Жмышенко Валерий Альбертович has used '/Observer'.
16:36:36: Жмышенко Валерий Альбертович has used '/Observer'.
16:36:36: Жмышенко Валерий Альбертович has used '/Observer'.
16:36:40: Жмышенко Валерий Альбертович has used '/Observer'.
16:36:40: Жмышенко Валерий Альбертович has used '/Observer'.
16:36:42: Жмышенко Валерий Альбертович has used '/Observer'.
16:36:43: Жмышенко Валерий Альбертович has used '/Observer'.
16:36:45: Жмышенко Валерий Альбертович has used '/Observer'.
16:36:54: Жмышенко Валерий Альбертович has used '/Observer'.
16:36:55: Жмышенко Валерий Альбертович has used '/Observer'.
16:36:56: Жмышенко Валерий Альбертович has used '/Observer'.
16:37:08: Жмышенко Валерий Альбертович has spawned 'models/props_docks/dock02_pole02a_256.mdl'.
16:37:08: Жмышенко Валерий Альбертович has spawned 'models/props_docks/dock02_pole02a_256.mdl'.
16:37:13: Жмышенко Валерий Альбертович has spawned 'models/props_docks/dock02_pole02a.mdl'.
16:37:13: Жмышенко Валерий Альбертович has spawned 'models/props_docks/dock02_pole02a.mdl'.
16:37:16: Жмышенко Валерий Альбертович has spawned 'models/props_doors/door03_slotted_left.mdl'.
16:37:16: Жмышенко Валерий Альбертович has spawned 'models/props_doors/door03_slotted_left.mdl'.
16:37:17: Жмышенко Валерий Альбертович has spawned 'models/props_interiors/Furniture_Vanity01a.mdl'.
16:37:17: Жмышенко Валерий Альбертович has spawned 'models/props_interiors/Furniture_Vanity01a.mdl'.
16:37:18: Жмышенко Валерий Альбертович has spawned 'models/props_docks/dock03_pole01a_256.mdl'.
16:37:18: Жмышенко Валерий Альбертович has spawned 'models/props_docks/dock03_pole01a_256.mdl'.
16:37:28: Жмышенко Валерий Альбертович has spawned 'models/props_docks/dock01_pole01a_256.mdl'.
16:37:28: Жмышенко Валерий Альбертович has spawned 'models/props_docks/dock01_pole01a_256.mdl'.
16:37:33: Жмышенко Валерий Альбертович has spawned 'models/props_wasteland/buoy01.mdl'.
16:37:33: Жмышенко Валерий Альбертович has spawned 'models/props_wasteland/buoy01.mdl'.
16:37:34: Жмышенко Валерий Альбертович has spawned 'models/props_trainstation/trainstation_column001.mdl'.
16:37:34: Жмышенко Валерий Альбертович has spawned 'models/props_trainstation/trainstation_column001.mdl'.
16:38:04: Жмышенко Валерий Альбертович has spawned 'models/props_c17/column02a.mdl'.
16:38:04: Жмышенко Валерий Альбертович has spawned 'models/props_c17/column02a.mdl'.
16:38:14: 111111111111111111111 has used '/CharFallOver 0'.
16:38:22: Жмышенко Валерий Альбертович has used '/SetTokens жмышенко 2500'.
16:38:24: 111111111111111111111 (STEAM_0:0:34008601 / 94.181.42.24:27005) has disconnected.
16:38:43: Жмышенко Валерий Альбертович has spawned 'models/props_junk/harpoon002a.mdl'.
16:38:43: Жмышенко Валерий Альбертович has spawned 'models/props_junk/harpoon002a.mdl'.
16:38:53: Жмышенко Валерий Альбертович has spawned 'models/props_junk/meathook001a.mdl'.
16:38:53: Жмышенко Валерий Альбертович has spawned 'models/props_junk/meathook001a.mdl'.
16:39:24: Hakku und Zagu has used '/Observer'.
16:39:25: Hakku und Zagu has used '/Observer'.
16:42:34: Hosh has created a Civil Protection character called 'CCA:c17.r.0602'.
16:42:37: Hosh has loaded the character 'CCA:c17.r.0602'.
16:42:37: CCA:c17.r.0602 has gained a 9mm Pistol Bullets 1531402963.
16:42:37: CCA:c17.r.0602 has gained a 9mm Pistol Bullets 1531402964.
16:42:38: CCA:c17.r.0602 has used '/Observer'.
16:42:39: CCA:c17.r.0602 has used '/Observer'.
16:42:44: Septic (STEAM_0:0:34008601 / 94.181.42.24:27005) has connected.
16:42:47: CCA:c17.r.0602 has used '/Observer'.
16:42:50: CCA:c17.r.0602 has used '/Observer'.
16:42:57: CCA:c17.r.0602 has used '/SalesmanAdd'.
16:43:26: Septic has loaded the character '111111111111111111111'.
16:43:31: CCA:c17.r.0602 has used '/SalesmanEdit'.
16:43:36: CCA:c17.r.0602 has gained a Standard Civil Protection Support Headset 1531403024.
16:43:36: CCA:c17.r.0602 has gained a Gasmask Mark 2 1531403025.
16:43:36: 111111111111111111111 (STEAM_0:0:34008601 / 94.181.42.24:27005) has disconnected.
16:43:36: CCA:c17.r.0602 has gained a #CPArmband:i1; 1531403026.
16:43:41: CCA:c17.i1.0602 has lost a #CPArmband:i1; 1531403026.
16:43:41: CCA:c17.i1.0602 has used '/InvAction use armband_i1 1531403026.00'.
16:43:43: CCA:c17.i1.0602 has used '/InvAction use standard_civil_protection_support_headset 1531403024.00'.
16:43:45: CCA:c17.i1.0602 has used '/InvAction use gasmask_mark_2 1531403025.00'.
16:43:46: CCA:c17.i1.0602 has used '/Observer'.
16:43:47: CCA:c17.i1.0602 has used '/Observer'.
16:43:50: CCA:c17.i1.0602 has used '/Observer'.
16:43:51: CCA:c17.i1.0602 has used '/Observer'.
16:43:51: CCA:c17.i1.0602 has used '/Observer'.
16:43:52: CCA:c17.i1.0602 has used '/Observer'.
16:43:57: CCA:c17.i1.0602 has used '/ToggleVisor'.
16:44:41: CCA:c17.i1.0602 has taken 30 damage from prop_physics, leaving them at 70 health and 120 armor!
16:44:43: prop_physics has dealt 150 damage to CCA:c17.i1.0602, killing them!
16:45:14: CCA:c17.i1.0602 has used '/PlyRespawn CCA:c17.i1.0602'.
16:45:16: CCA:c17.i1.0602 has used '/Observer'.
16:45:16: CCA:c17.i1.0602 has used '/Observer'.
16:45:17: CCA:c17.i1.0602 has used '/Observer'.
16:45:18: CCA:c17.i1.0602 has used '/Observer'.
16:45:37: Жмышенко Валерий Альбертович says: "привет друг"
16:45:39: CCA:c17.i1.0602 says: "<:: Хай"
16:45:46: CCA:c17.i1.0602 says: "<:: Имя фомилия очиство"
16:45:54: Жмышенко Валерий Альбертович says: "Жмышенко Валерий Альбертович"
16:45:56: CCA:c17.i1.0602 says: "<:: Ок"
16:46:07: CCA:c17.i1.0602 has used '/CharFallOver'.
16:46:08: CCA:c17.i1.0602 has used '/CharGetUp'.
16:46:30: Жмышенко Валерий Альбертович has used '/Observer'.
16:46:33: Жмышенко Валерий Альбертович has used '/Observer'.
16:46:35: Жмышенко Валерий Альбертович has used '/Observer'.
16:46:44: Жмышенко Валерий Альбертович has used '/Observer'.
16:46:45: Жмышенко Валерий Альбертович has used '/Observer'.
16:46:45: Жмышенко Валерий Альбертович has used '/Observer'.
16:49:02: Жмышенко Валерий Альбертович has used '/Observer'.
16:49:03: Жмышенко Валерий Альбертович has used '/Observer'.
16:49:04: Жмышенко Валерий Альбертович has used '/Observer'.
16:49:04: Жмышенко Валерий Альбертович has used '/Observer'.
16:49:07: Жмышенко Валерий Альбертович has used '/Observer'.
16:49:08: Жмышенко Валерий Альбертович has used '/Observer'.
16:49:09: Жмышенко Валерий Альбертович has used '/Observer'.
16:49:09: Жмышенко Валерий Альбертович has used '/Observer'.
16:49:12: Жмышенко Валерий Альбертович has used '/Observer'.
16:49:13: Жмышенко Валерий Альбертович has used '/Observer'.
16:49:13: Жмышенко Валерий Альбертович has used '/Observer'.
16:49:14: Жмышенко Валерий Альбертович has used '/Observer'.
16:49:15: Жмышенко Валерий Альбертович has used '/Observer'.
16:49:17: Жмышенко Валерий Альбертович has used '/Observer'.
16:49:18: Жмышенко Валерий Альбертович has used '/Observer'.
16:49:19: Жмышенко Валерий Альбертович has used '/Observer'.
16:49:19: Жмышенко Валерий Альбертович has used '/Observer'.
16:49:20: Жмышенко Валерий Альбертович has used '/Observer'.
16:49:21: Жмышенко Валерий Альбертович has used '/Observer'.
16:49:21: Жмышенко Валерий Альбертович has used '/Observer'.
16:49:25: Жмышенко Валерий Альбертович has used '/Observer'.
16:49:26: Жмышенко Валерий Альбертович has used '/Observer'.
16:50:02: Жмышенко Валерий Альбертович has spawned 'models/props_vehicles/car001a_hatchback.mdl'.
16:50:02: Жмышенко Валерий Альбертович has spawned 'models/props_vehicles/car001a_hatchback.mdl'.
16:50:06: Жмышенко Валерий Альбертович has spawned 'models/props_vehicles/car001a_hatchback.mdl'.
16:50:06: Жмышенко Валерий Альбертович has spawned 'models/props_vehicles/car001a_hatchback.mdl'.
16:50:26: Жмышенко Валерий Альбертович has used '/StorageClose'.
16:50:30: Жмышенко Валерий Альбертович has used '/StorageClose'.
16:52:34: Жмышенко Валерий Альбертович (STEAM_0:1:78186203 / 46.98.47.29:27005) has disconnected.
16:55:11: CCA:c17.i1.0602 has used '/Observer'.
16:55:15: CCA:c17.i1.0602 has used '/Observer'.
16:55:21: CCA:c17.i1.0602 has used '/StorageClose'.
17:12:56: CCA:c17.i1.0602 has used '/Observer'.
17:12:57: CCA:c17.i1.0602 has used '/Observer'.
17:13:01: CCA:c17.i1.0602 has used '/Observer'.
17:13:02: CCA:c17.i1.0602 has used '/Observer'.
17:13:21: Hosh has loaded the character 'Hakku und Zagu'.
17:13:24: Hakku und Zagu has spawned 'models/items/ammo/ammo_9mm.mdl'.
17:13:24: Hakku und Zagu has spawned 'models/items/ammo/ammo_9mm.mdl'.
17:13:56: Hakku und Zagu has used '/PlyWhitelist Hakku und Zagu Vortigaunts'.
17:14:15: Hosh has created a Vortigaunts character called 'Gulanga Gulanga'.
17:14:18: Hosh has loaded the character 'Gulanga Gulanga'.
17:15:02: Gulanga Gulanga has used '/CharGiveFlags Gulanga Gulanga qwertyuipdfghjklzxcvbnmQWERTYUIOPASDFGHJKLZXCVBNM1234567890'.
17:15:09: Gulanga Gulanga has used '/CharSetModel Gulanga models/npcs/halo3elitescythebad.mdl'.
17:15:51: Gulanga Gulanga has used '/CharSetModel Gulanga models/vortigaunt_ozaxi.mdl'.
17:16:12: Gulanga Gulanga has used '/CharSetModel Gulanga models/vortigaunt.mdl'.
17:17:24: Gulanga Gulanga has used '/Observer'.
17:17:25: Gulanga Gulanga has used '/Observer'.
17:35:04: Gulanga Gulanga has used '/Observer'.
17:35:04: Gulanga Gulanga has used '/Observer'.
17:36:16: Hosh has loaded the character 'CCA:c17.i1.0602'.
18:17:20: Hosh (STEAM_0:1:37316814 / 46.172.17.5:27005) has connected.
18:18:37: Hosh has loaded the character 'Hakku und Zagu'.
18:19:30: Hakku und Zagu has used '/SalesmanAdd'.
18:21:12: Hakku und Zagu has used '/CharGiveItem Hakku seed_corn'.
18:55:05: Hosh (STEAM_0:1:37316814 / 46.172.17.5:27005) has connected.
18:56:14: Hosh has loaded the character 'Hakku und Zagu'.
18:56:54: Hakku und Zagu has used '/SalesmanEdit'.
19:16:57: Hakku und Zagu (STEAM_0:1:37316814 / 46.172.17.5:27005) has disconnected.
20:02:14: Septic (STEAM_0:0:34008601 / 94.181.42.24:27005) has connected.
20:02:42: Septic has loaded the character '111111111111111111111'.
20:03:07: 111111111111111111111 has gained a Impulse Rifle Mk.2 1531402078.
20:03:07: 111111111111111111111 has used '/InvAction use sxbase_ar2 1531402078'.
20:06:34: 111111111111111111111 (STEAM_0:0:34008601 / 94.181.42.24:27005) has disconnected.
20:31:37: vladkick (STEAM_0:1:78186203 / 46.98.85.93:27005) has connected.
20:32:09: vladkick has loaded the character 'Жмышенко Валерий Альбертович'.
20:32:35: Жмышенко Валерий Альбертович has used '/Observer'.
20:32:35: Жмышенко Валерий Альбертович has used '/Observer'.
20:32:38: Жмышенко Валерий Альбертович has used '/Observer'.
20:32:39: Жмышенко Валерий Альбертович has used '/Observer'.
20:32:40: Жмышенко Валерий Альбертович has used '/Observer'.
20:32:40: Жмышенко Валерий Альбертович has used '/Observer'.
20:32:41: Жмышенко Валерий Альбертович has used '/Observer'.
20:32:44: Жмышенко Валерий Альбертович has used '/Observer'.
20:32:52: Жмышенко Валерий Альбертович has gained a Gasmask Mark 2 1531416773.
20:32:54: Жмышенко Валерий Альбертович has gained a Standard Civil Protection Support Headset 1531416776.
20:33:30: Жмышенко Валерий Альбертович has lost a Gasmask Mark 2 1531416773.
20:33:30: Жмышенко Валерий Альбертович has used '/InvAction use gasmask_mark_2 1531416773.00'.
20:33:33: Жмышенко Валерий Альбертович has lost a Standard Civil Protection Support Headset 1531416776.
20:33:33: Жмышенко Валерий Альбертович has used '/InvAction use standard_civil_protection_support_headset 1531416776.00'.
20:33:46: Жмышенко Валерий Альбертович has gained a Light Medic T-Shirt with vest 1531416829.
20:33:55: Жмышенко Валерий Альбертович has used '/InvAction use light_medic_t-shirt_with_vest 1531416829.00'.
20:34:22: Жмышенко Валерий Альбертович has lost a Light Medic T-Shirt with vest 1531416829.
20:34:22: Жмышенко Валерий Альбертович has used '/InvAction #Drop light_medic_t-shirt_with_vest 1531416829.00'.
20:34:47: Жмышенко Валерий Альбертович has used '/Observer'.
20:34:48: Жмышенко Валерий Альбертович has used '/Observer'.
20:34:48: Жмышенко Валерий Альбертович has used '/Observer'.
20:34:51: Жмышенко Валерий Альбертович has used '/Observer'.
20:34:51: worldspawn has dealt 119 damage to Жмышенко Валерий Альбертович, killing them!
20:36:29: Жмышенко Валерий Альбертович has spawned 'models/props_c17/FurnitureDrawer003a.mdl'.
20:36:29: Жмышенко Валерий Альбертович has spawned 'models/props_c17/FurnitureDrawer003a.mdl'.
20:36:42: Жмышенко Валерий Альбертович has used '/StorageClose'.
20:36:50: Жмышенко Валерий Альбертович has used '/InvAction use sxbase_ar21 1531402098.00'.
20:37:50: Жмышенко Валерий Альбертович has gained a Pulse-Rifle Energy 1531417077.
20:37:53: Жмышенко Валерий Альбертович has gained a Pulse-Rifle Energy 1531417080.
20:37:55: Жмышенко Валерий Альбертович has gained a Pulse-Rifle Energy 1531417081.
20:37:57: Жмышенко Валерий Альбертович has gained a Pulse-Rifle Energy 1531417078.
20:37:58: Жмышенко Валерий Альбертович has gained a Pulse-Rifle Energy 1531417076.
20:38:04: Жмышенко Валерий Альбертович has lost a Pulse-Rifle Energy 1531417080.
20:38:04: Жмышенко Валерий Альбертович has used '/InvAction use ammo_ar2 1531417080.00'.
20:38:05: Жмышенко Валерий Альбертович has lost a Pulse-Rifle Energy 1531417081.
20:38:05: Жмышенко Валерий Альбертович has used '/InvAction use ammo_ar2 1531417081.00'.
20:38:07: Жмышенко Валерий Альбертович has lost a Pulse-Rifle Energy 1531417078.
20:38:07: Жмышенко Валерий Альбертович has used '/InvAction use ammo_ar2 1531417078.00'.
20:38:10: Жмышенко Валерий Альбертович has lost a Pulse-Rifle Energy 1531417076.
20:38:10: Жмышенко Валерий Альбертович has used '/InvAction use ammo_ar2 1531417076.00'.
20:38:11: Жмышенко Валерий Альбертович has lost a Pulse-Rifle Energy 1531417077.
20:38:11: Жмышенко Валерий Альбертович has used '/InvAction use ammo_ar2 1531417077.00'.
20:38:24: Жмышенко Валерий Альбертович has used '/Observer'.
20:38:27: Жмышенко Валерий Альбертович has used '/Observer'.
20:38:28: Жмышенко Валерий Альбертович has used '/Observer'.
20:38:29: Жмышенко Валерий Альбертович has used '/Observer'.
20:39:57: Жмышенко Валерий Альбертович has used '/Observer'.
20:40:57: Жмышенко Валерий Альбертович has used '/Observer'.
20:41:01: Жмышенко Валерий Альбертович has used '/Observer'.
20:41:03: Жмышенко Валерий Альбертович has used '/Observer'.
20:41:04: Жмышенко Валерий Альбертович has used '/Observer'.
20:41:05: Жмышенко Валерий Альбертович has used '/Observer'.
20:41:05: Жмышенко Валерий Альбертович has used '/Observer'.
20:41:06: Жмышенко Валерий Альбертович has used '/Observer'.
20:41:07: Жмышенко Валерий Альбертович has used '/Observer'.
20:41:08: Жмышенко Валерий Альбертович has used '/Observer'.
20:41:09: Жмышенко Валерий Альбертович has used '/Observer'.
20:43:11: Жмышенко Валерий Альбертович has used '/Observer'.
20:43:12: Жмышенко Валерий Альбертович has used '/Observer'.
20:43:13: Жмышенко Валерий Альбертович has used '/Observer'.
20:43:26: Жмышенко Валерий Альбертович has gained a Gasmask Mark 2 1531417418.
20:43:33: Жмышенко Валерий Альбертович has lost a Gasmask Mark 2 1531417418.
20:43:33: Жмышенко Валерий Альбертович has used '/InvAction use gasmask_mark_2 1531417418.00'.
20:44:09: Жмышенко Валерий Альбертович has gained a Standard Civil Protection Headset 1531417464.
20:44:09: Жмышенко Валерий Альбертович has lost a Standard Civil Protection Headset 1531417464.
20:44:09: Жмышенко Валерий Альбертович has used '/InvAction use standard_civil_protection_headset 1531417464'.
20:44:35: Жмышенко Валерий Альбертович has gained a Gasmask 1531417490.
20:44:35: Жмышенко Валерий Альбертович has used '/InvAction use gasmask 1531417490'.
20:44:53: Жмышенко Валерий Альбертович has spawned 'models/props_c17/metalladder002b.mdl'.
20:44:53: Жмышенко Валерий Альбертович has spawned 'models/props_c17/metalladder002b.mdl'.
20:45:04: Жмышенко Валерий Альбертович has spawned 'models/props_c17/metalladder003.mdl'.
20:45:04: Жмышенко Валерий Альбертович has spawned 'models/props_c17/metalladder003.mdl'.
20:45:22: Жмышенко Валерий Альбертович has spawned 'models/props_c17/oildrum001_explosive.mdl'.
20:45:22: Жмышенко Валерий Альбертович has spawned 'models/props_c17/oildrum001_explosive.mdl'.
20:45:25: Жмышенко Валерий Альбертович has spawned 'models/props_c17/oildrum001.mdl'.
20:45:25: Жмышенко Валерий Альбертович has spawned 'models/props_c17/oildrum001.mdl'.
20:45:30: Жмышенко Валерий Альбертович has spawned 'models/props_combine/breenchair.mdl'.
20:45:30: Жмышенко Валерий Альбертович has spawned 'models/props_combine/breenchair.mdl'.
20:46:21: Жмышенко Валерий Альбертович has used '/Observer'.
20:46:26: Жмышенко Валерий Альбертович has used '/Observer'.
20:46:27: Жмышенко Валерий Альбертович has used '/Observer'.
20:46:28: Жмышенко Валерий Альбертович has used '/Observer'.
20:47:00: Жмышенко Валерий Альбертович has used '/Observer'.
20:47:05: Жмышенко Валерий Альбертович has used '/Observer'.
20:47:20: Жмышенко Валерий Альбертович has gained a Suitcase 1531399296.
20:47:25: Жмышенко Валерий Альбертович has lost a Suitcase 1531399296.
20:47:25: Жмышенко Валерий Альбертович has used '/InvAction #Drop cw_suitcase 1531399296.00'.
20:47:31: Жмышенко Валерий Альбертович has used '/Observer'.
20:47:33: Жмышенко Валерий Альбертович has used '/Observer'.
20:47:33: Жмышенко Валерий Альбертович has used '/Observer'.
20:47:34: Жмышенко Валерий Альбертович has used '/Observer'.
20:47:39: Жмышенко Валерий Альбертович has used '/Observer'.
20:47:40: Жмышенко Валерий Альбертович has used '/Observer'.
20:47:43: Жмышенко Валерий Альбертович has used '/Observer'.
20:47:44: Жмышенко Валерий Альбертович has used '/Observer'.
20:48:09: Жмышенко Валерий Альбертович has used '/Observer'.
20:48:10: Жмышенко Валерий Альбертович has used '/Observer'.
20:48:11: Жмышенко Валерий Альбертович has used '/Observer'.
20:48:12: Жмышенко Валерий Альбертович has used '/Observer'.
20:48:12: Жмышенко Валерий Альбертович has used '/Observer'.
20:48:13: Жмышенко Валерий Альбертович has used '/Observer'.
20:48:20: Жмышенко Валерий Альбертович has spawned 'models/props_c17/FurnitureTable002a.mdl'.
20:48:20: Жмышенко Валерий Альбертович has spawned 'models/props_c17/FurnitureTable002a.mdl'.
20:48:23: Жмышенко Валерий Альбертович has spawned 'models/props_c17/FurnitureDrawer001a.mdl'.
20:48:23: Жмышенко Валерий Альбертович has spawned 'models/props_c17/FurnitureDrawer001a.mdl'.
20:48:26: Жмышенко Валерий Альбертович has spawned 'models/props_c17/FurnitureDrawer001a.mdl'.
20:48:26: Жмышенко Валерий Альбертович has spawned 'models/props_c17/FurnitureDrawer001a.mdl'.
20:48:28: Жмышенко Валерий Альбертович has spawned 'models/props_c17/FurnitureCupboard001a.mdl'.
20:48:28: Жмышенко Валерий Альбертович has spawned 'models/props_c17/FurnitureCupboard001a.mdl'.
20:48:36: Жмышенко Валерий Альбертович has spawned 'models/props_c17/FurnitureDrawer001a_Chunk01.mdl'.
20:48:36: Жмышенко Валерий Альбертович has spawned 'models/props_c17/FurnitureDrawer001a_Chunk01.mdl'.
20:48:40: Жмышенко Валерий Альбертович has spawned 'models/props_borealis/borealis_door001a.mdl'.
20:48:40: Жмышенко Валерий Альбертович has spawned 'models/props_borealis/borealis_door001a.mdl'.
20:48:51: Жмышенко Валерий Альбертович has spawned 'models/props_junk/wood_crate001a_damaged.mdl'.
20:48:51: Жмышенко Валерий Альбертович has spawned 'models/props_junk/wood_crate001a_damaged.mdl'.
20:48:54: Жмышенко Валерий Альбертович has spawned 'models/props_junk/wood_crate002a.mdl'.
20:48:54: Жмышенко Валерий Альбертович has spawned 'models/props_junk/wood_crate002a.mdl'.
20:48:57: Жмышенко Валерий Альбертович has spawned 'models/props_junk/wood_crate001a_damaged.mdl'.
20:48:57: Жмышенко Валерий Альбертович has spawned 'models/props_junk/wood_crate001a_damaged.mdl'.
20:49:00: Жмышенко Валерий Альбертович has used '/StorageClose'.
20:49:04: Жмышенко Валерий Альбертович has used '/StorageClose'.
20:49:11: Жмышенко Валерий Альбертович has used '/StorageClose'.
20:49:13: Жмышенко Валерий Альбертович has spawned 'models/props_junk/metalgascan.mdl'.
20:49:13: Жмышенко Валерий Альбертович has spawned 'models/props_junk/metalgascan.mdl'.
20:49:19: Жмышенко Валерий Альбертович has used '/Observer'.
20:49:20: Жмышенко Валерий Альбертович has used '/Observer'.
20:49:21: Жмышенко Валерий Альбертович has used '/Observer'.
20:49:21: Жмышенко Валерий Альбертович has used '/Observer'.
20:49:24: Жмышенко Валерий Альбертович получил 59 из 100.
20:49:24: Жмышенко Валерий Альбертович has used '/Roll'.
20:49:30: Жмышенко Валерий Альбертович has used '/Me сосать'.
20:49:31: Жмышенко Валерий Альбертович has used '/Observer'.
20:49:32: Жмышенко Валерий Альбертович has used '/Observer'.
20:49:33: Жмышенко Валерий Альбертович has used '/Observer'.
20:49:35: Жмышенко Валерий Альбертович has used '/Observer'.
20:49:36: Жмышенко Валерий Альбертович has taken 98 damage from worldspawn, leaving them at 2 health!
20:49:49: Жмышенко Валерий Альбертович has gained a Health Kit 1531417806.
20:49:49: Жмышенко Валерий Альбертович has lost a Health Kit 1531417806.
20:49:49: Жмышенко Валерий Альбертович has used '/InvAction use health_kit 1531417806'.
20:49:53: Жмышенко Валерий Альбертович has gained a Health Kit 1531417814.
20:49:53: Жмышенко Валерий Альбертович has lost a Health Kit 1531417814.
20:49:53: Жмышенко Валерий Альбертович has used '/InvAction use health_kit 1531417814'.
20:49:57: Жмышенко Валерий Альбертович has gained a Health Kit 1531417811.
20:49:57: Жмышенко Валерий Альбертович has lost a Health Kit 1531417811.
20:49:57: Жмышенко Валерий Альбертович has used '/InvAction use health_kit 1531417811'.
20:49:58: Жмышенко Валерий Альбертович has gained a Health Kit 1531417810.
20:49:58: Жмышенко Валерий Альбертович has lost a Health Kit 1531417810.
20:49:58: Жмышенко Валерий Альбертович has used '/InvAction use health_kit 1531417810'.
20:50:00: Жмышенко Валерий Альбертович has gained a Health Kit 1531417813.
20:50:00: Жмышенко Валерий Альбертович has lost a Health Kit 1531417813.
20:50:00: Жмышенко Валерий Альбертович has used '/InvAction use health_kit 1531417813'.
20:50:04: Жмышенко Валерий Альбертович has used '/Observer'.
20:50:05: Жмышенко Валерий Альбертович has used '/Observer'.
20:50:16: Жмышенко Валерий Альбертович has taken 1 damage from npc_combine_s, leaving them at 99 health!
20:50:16: Жмышенко Валерий Альбертович has taken 1 damage from npc_combine_s, leaving them at 98 health!
20:50:21: Жмышенко Валерий Альбертович has taken 3 damage from npc_combine_s, leaving them at 97 health!
20:50:22: Жмышенко Валерий Альбертович has taken 14 damage from npc_combine_s, leaving them at 83 health!
20:50:22: Жмышенко Валерий Альбертович has taken 1 damage from npc_combine_s, leaving them at 82 health!
20:50:22: Жмышенко Валерий Альбертович has taken 3 damage from npc_combine_s, leaving them at 79 health!
20:50:22: Жмышенко Валерий Альбертович has taken 1 damage from npc_combine_s, leaving them at 78 health!
20:50:59: Жмышенко Валерий Альбертович has used '/Observer'.
20:51:01: Жмышенко Валерий Альбертович has used '/Observer'.
20:51:56: Жмышенко Валерий Альбертович has gained a Red Pepper 1531417932.
20:51:56: Жмышенко Валерий Альбертович has lost a Red Pepper 1531417932.
20:51:56: Жмышенко Валерий Альбертович has used '/InvAction use red_pepper 1531417932'.
20:52:07: Жмышенко Валерий Альбертович has gained a Union Branded Banana 1531417944.
20:52:07: Жмышенко Валерий Альбертович has lost a Union Branded Banana 1531417944.
20:52:07: Жмышенко Валерий Альбертович has used '/InvAction use union_branded_banana 1531417944'.
20:52:37: Жмышенко Валерий Альбертович has used '/Observer'.
20:52:41: Жмышенко Валерий Альбертович has used '/Observer'.
20:52:59: Жмышенко Валерий Альбертович has used '/Observer'.
20:52:59: Жмышенко Валерий Альбертович has used '/Observer'.
20:53:00: Жмышенко Валерий Альбертович has used '/Observer'.
20:53:02: Жмышенко Валерий Альбертович has used '/Observer'.
20:53:03: Жмышенко Валерий Альбертович has taken 21 damage from worldspawn, leaving them at 79 health!
20:54:16: Жмышенко Валерий Альбертович has used '/Observer'.
20:54:17: Жмышенко Валерий Альбертович has used '/Observer'.
20:54:18: Жмышенко Валерий Альбертович has used '/Observer'.
20:54:19: Жмышенко Валерий Альбертович has used '/Observer'.
20:54:22: Жмышенко Валерий Альбертович has used '/Observer'.
20:54:23: Жмышенко Валерий Альбертович has used '/Observer'.
20:54:26: Жмышенко Валерий Альбертович has used '/Observer'.
20:54:28: Жмышенко Валерий Альбертович has used '/Observer'.
20:54:30: Жмышенко Валерий Альбертович has used '/Observer'.
20:54:31: Жмышенко Валерий Альбертович has used '/Observer'.
20:54:37: Жмышенко Валерий Альбертович has used '/Observer'.
20:54:38: Жмышенко Валерий Альбертович has used '/Observer'.
20:55:21: Жмышенко Валерий Альбертович has used '/Me поднявшись со стула, начал целиться из пистолета куда-то в даль.'.
20:55:35: Жмышенко Валерий Альбертович has used '/Me медленно нажал на курок.'.
20:55:50: Жмышенко Валерий Альбертович says: "Ёбаный рот блять шо нахуй"
20:55:53: Жмышенко Валерий Альбертович says: "хули так громка ебать"
20:56:02: Жмышенко Валерий Альбертович says: "Маи уши нахуй"
20:56:20: Жмышенко Валерий Альбертович says: "Вот парень"
20:56:23: Жмышенко Валерий Альбертович says: "Смотри и учись нахуй"
20:56:25: Жмышенко Валерий Альбертович has used '/Observer'.
20:56:26: Жмышенко Валерий Альбертович has used '/Observer'.
20:56:26: Жмышенко Валерий Альбертович has lost a Impulse Rifle Mk.1 1531402098.
20:56:26: worldspawn has dealt 169 damage to Жмышенко Валерий Альбертович, killing them!
20:57:42: Жмышенко Валерий Альбертович has used '/Observer'.
20:57:44: Жмышенко Валерий Альбертович has used '/Observer'.
20:57:45: Жмышенко Валерий Альбертович has used '/Observer'.
20:57:47: Жмышенко Валерий Альбертович has used '/Observer'.
20:57:53: Жмышенко Валерий Альбертович has taken 1 damage from npc_combine_s, leaving them at 99 health!
20:57:54: Жмышенко Валерий Альбертович has taken 1 damage from npc_combine_s, leaving them at 98 health!
20:57:55: Жмышенко Валерий Альбертович has taken 3 damage from npc_combine_s, leaving them at 95 health!
20:57:55: Жмышенко Валерий Альбертович has taken 3 damage from npc_combine_s, leaving them at 92 health!
20:57:56: Жмышенко Валерий Альбертович has taken 1 damage from npc_combine_s, leaving them at 91 health!
20:58:00: Жмышенко Валерий Альбертович has taken 1 damage from npc_combine_s, leaving them at 92 health!
20:58:01: Жмышенко Валерий Альбертович has taken 3 damage from npc_combine_s, leaving them at 89 health!
20:58:01: Жмышенко Валерий Альбертович has taken 3 damage from npc_combine_s, leaving them at 86 health!
20:58:04: Жмышенко Валерий Альбертович has taken 3 damage from npc_combine_s, leaving them at 85 health!
20:58:04: Жмышенко Валерий Альбертович has taken 3 damage from npc_combine_s, leaving them at 82 health!
20:58:04: Жмышенко Валерий Альбертович has taken 3 damage from npc_combine_s, leaving them at 79 health!
20:58:04: Жмышенко Валерий Альбертович has taken 1 damage from npc_combine_s, leaving them at 78 health!
20:58:05: Жмышенко Валерий Альбертович has taken 16 damage from npc_combine_s, leaving them at 62 health!
20:58:05: Жмышенко Валерий Альбертович has taken 1 damage from npc_combine_s, leaving them at 61 health!
20:58:05: Жмышенко Валерий Альбертович has taken 3 damage from npc_combine_s, leaving them at 58 health!
20:58:07: Жмышенко Валерий Альбертович has taken 3 damage from npc_combine_s, leaving them at 55 health!
20:58:08: Жмышенко Валерий Альбертович has taken 3 damage from npc_combine_s, leaving them at 52 health!
20:58:17: Жмышенко Валерий Альбертович has used '/Observer'.
20:58:18: Жмышенко Валерий Альбертович has used '/Observer'.
20:58:19: Жмышенко Валерий Альбертович has used '/Observer'.
20:58:20: Жмышенко Валерий Альбертович has used '/Observer'.
20:58:21: Жмышенко Валерий Альбертович has used '/Observer'.
20:58:24: Жмышенко Валерий Альбертович has used '/Observer'.
20:59:41: Жмышенко Валерий Альбертович has used '/Observer'.
20:59:44: Жмышенко Валерий Альбертович has used '/Observer'.
20:59:52: Жмышенко Валерий Альбертович has lost a Gasmask 1531417490.
20:59:52: Жмышенко Валерий Альбертович has used '/StorageGiveItem gasmask 1531417490.00'.
20:59:53: Жмышенко Валерий Альбертович has gained a Gasmask 1531417490.
20:59:53: Жмышенко Валерий Альбертович has used '/StorageTakeItem gasmask 1531417490.00'.
20:59:55: Жмышенко Валерий Альбертович has used '/StorageClose'.
20:59:59: Жмышенко Валерий Альбертович has used '/StorageClose'.
21:00:20: Жмышенко Валерий Альбертович has gained a Cutting Knife 1531418443.
21:00:29: Жмышенко Валерий Альбертович has gained a Union Branded Banana 1531418455.
21:00:44: Жмышенко Валерий Альбертович has used '/Observer'.
21:00:53: Жмышенко Валерий Альбертович has gained a Flashlight 1531418471.
21:01:14: Жмышенко Валерий Альбертович has used '/Observer'.
21:01:28: Жмышенко Валерий Альбертович has used '/Observer'.
21:01:29: Жмышенко Валерий Альбертович has used '/Observer'.
21:01:29: worldspawn has dealt 105 damage to Жмышенко Валерий Альбертович, killing them!
21:03:16: Жмышенко Валерий Альбертович has used '/Observer'.
21:03:18: Жмышенко Валерий Альбертович has used '/Observer'.
21:03:25: Hosh (STEAM_0:1:37316814 / 46.172.17.5:27005) has connected.
21:03:25: Жмышенко Валерий Альбертович has used '/StorageClose'.
21:03:25: Жмышенко Валерий Альбертович has used '/Observer'.
21:03:31: Жмышенко Валерий Альбертович has used '/Observer'.
21:03:34: Жмышенко Валерий Альбертович has used '/Observer'.
21:04:50: Hosh has loaded the character 'Hakku und Zagu'.
21:04:55: Hakku und Zagu has used '/Observer'.
21:05:01: Hakku und Zagu has used '/Observer'.
21:05:09: Hakku und Zagu has used '/Observer'.
21:05:10: Hakku und Zagu has used '/Observer'.
21:05:26: Hakku und Zagu (STEAM_0:1:37316814 / 46.172.17.5:27005) has disconnected.
21:14:49: Жмышенко Валерий Альбертович has used '/Observer'.
21:14:52: Жмышенко Валерий Альбертович has used '/Observer'.
21:14:53: Жмышенко Валерий Альбертович has used '/Observer'.
21:14:54: Жмышенко Валерий Альбертович has used '/Observer'.
21:14:55: Жмышенко Валерий Альбертович has used '/Observer'.
21:14:55: Жмышенко Валерий Альбертович has used '/Observer'.
21:14:56: Жмышенко Валерий Альбертович has used '/Observer'.
21:14:56: Жмышенко Валерий Альбертович has used '/Observer'.
21:14:58: Жмышенко Валерий Альбертович has used '/Observer'.
21:16:27: Жмышенко Валерий Альбертович has used '/Observer'.
21:16:27: Жмышенко Валерий Альбертович has used '/Observer'.
21:16:28: Жмышенко Валерий Альбертович has used '/Observer'.
21:16:29: Жмышенко Валерий Альбертович has used '/Observer'.
21:16:30: Жмышенко Валерий Альбертович has used '/Observer'.
21:16:30: Жмышенко Валерий Альбертович has used '/Observer'.
21:16:34: Жмышенко Валерий Альбертович has used '/Observer'.
21:16:35: Жмышенко Валерий Альбертович has used '/Observer'.
21:16:36: Жмышенко Валерий Альбертович has used '/Observer'.
21:16:37: Жмышенко Валерий Альбертович has used '/Observer'.
21:16:38: Жмышенко Валерий Альбертович has used '/Observer'.
21:16:39: Жмышенко Валерий Альбертович has used '/Observer'.
21:16:40: Жмышенко Валерий Альбертович has used '/Observer'.
21:16:41: Жмышенко Валерий Альбертович has used '/Observer'.
21:16:42: Жмышенко Валерий Альбертович has used '/Observer'.
21:16:42: Жмышенко Валерий Альбертович has used '/Observer'.
21:16:43: Жмышенко Валерий Альбертович has used '/Observer'.
21:16:44: Жмышенко Валерий Альбертович has used '/Observer'.
21:16:45: Жмышенко Валерий Альбертович has used '/Observer'.
21:16:46: Жмышенко Валерий Альбертович has used '/Observer'.
21:16:46: Жмышенко Валерий Альбертович has used '/Observer'.
21:16:47: Жмышенко Валерий Альбертович has used '/Observer'.
21:16:47: Жмышенко Валерий Альбертович has used '/Observer'.
21:16:48: Жмышенко Валерий Альбертович has used '/Observer'.
21:16:49: Жмышенко Валерий Альбертович has used '/Observer'.
21:16:50: Жмышенко Валерий Альбертович has used '/Observer'.
21:16:53: Жмышенко Валерий Альбертович has used '/Observer'.
21:16:54: Жмышенко Валерий Альбертович has used '/Observer'.
21:16:55: Жмышенко Валерий Альбертович has used '/Observer'.
21:16:56: Жмышенко Валерий Альбертович has used '/Observer'.
21:16:56: Жмышенко Валерий Альбертович has taken 51 damage from worldspawn, leaving them at 49 health!
21:17:11: Жмышенко Валерий Альбертович has used '/Observer'.
21:17:12: Жмышенко Валерий Альбертович has used '/Observer'.
21:17:14: Жмышенко Валерий Альбертович has used '/Observer'.
21:17:15: Жмышенко Валерий Альбертович has used '/Observer'.
21:17:36: Жмышенко Валерий Альбертович has used '/It говно полезло со стен'.
21:18:11: Жмышенко Валерий Альбертович has used '/Observer'.
21:18:11: Жмышенко Валерий Альбертович has used '/Observer'.
21:18:13: Жмышенко Валерий Альбертович has used '/Observer'.
21:18:13: Жмышенко Валерий Альбертович has used '/Observer'.
21:18:27: Жмышенко Валерий Альбертович has used '/Observer'.
21:18:28: Жмышенко Валерий Альбертович has used '/Observer'.
21:18:28: Жмышенко Валерий Альбертович has used '/Observer'.
21:18:29: Жмышенко Валерий Альбертович has used '/Observer'.
21:18:30: Жмышенко Валерий Альбертович has used '/Observer'.
21:18:30: Жмышенко Валерий Альбертович has used '/Observer'.
21:18:31: Жмышенко Валерий Альбертович has taken 27 damage from worldspawn, leaving them at 54 health!
21:18:38: Жмышенко Валерий Альбертович has used '/Observer'.
21:18:38: Жмышенко Валерий Альбертович has used '/Observer'.
21:18:40: Жмышенко Валерий Альбертович has used '/Observer'.
21:18:42: Жмышенко Валерий Альбертович has used '/Observer'.
21:19:29: Жмышенко Валерий Альбертович has used '/Observer'.
21:19:29: Жмышенко Валерий Альбертович has used '/Observer'.
21:19:33: Жмышенко Валерий Альбертович has used '/Observer'.
21:19:33: Жмышенко Валерий Альбертович has used '/Observer'.
21:19:38: Жмышенко Валерий Альбертович has used '/Observer'.
21:19:57: Жмышенко Валерий Альбертович has used '/Observer'.
21:23:07: Жмышенко Валерий Альбертович has used '/Observer'.
21:23:19: Жмышенко Валерий Альбертович has used '/Observer'.
21:23:23: Жмышенко Валерий Альбертович has used '/Observer'.
21:23:24: Жмышенко Валерий Альбертович has used '/Observer'.
21:23:26: Жмышенко Валерий Альбертович has used '/Observer'.
21:23:36: Жмышенко Валерий Альбертович (STEAM_0:1:78186203 / 46.98.85.93:27005) has disconnected.
