15:11:42: Hosh (STEAM_0:1:37316814 / 46.172.17.5:27006) has connected.
15:23:42: Hosh (STEAM_0:1:37316814 / 46.172.17.5:27006) has connected.
15:24:45: Hosh has created a Citizen character called 'Hakku und Zagu'.
15:24:45: Hosh has loaded the character 'Hakku und Zagu'.
15:24:47: trigger_hurt has dealt 750 damage to Hakku und Zagu, killing them!
15:25:40: Hakku und Zagu has used '/PlyRespawn Hakku und Zagu'.
15:25:41: Hakku und Zagu has used '/Observer'.
15:25:43: Hakku und Zagu has used '/Observer'.
15:25:43: Hakku und Zagu has used '/Observer'.
15:25:44: Hakku und Zagu has used '/Observer'.
15:25:45: Hakku und Zagu has used '/Observer'.
15:27:19: Hakku und Zagu has used '/Observer'.
15:27:20: Hakku und Zagu has used '/Observer'.
15:27:22: Hakku und Zagu has used '/Observer'.
15:27:22: Hakku und Zagu has used '/Observer'.
15:28:54: Septic (STEAM_0:0:34008601 / 37.113.148.60:27005) has connected.
15:29:53: Septic has created a Citizen character called '1111111111111111111111111'.
15:29:53: Septic has loaded the character '1111111111111111111111111'.
15:29:55: trigger_hurt has dealt 750 damage to 1111111111111111111111111, killing them!
15:31:59: Septic (STEAM_0:0:34008601 / 37.113.148.60:27005) has connected.
15:32:39: Septic has created a Citizen character called '111111111111111111111'.
15:32:44: Hosh (STEAM_0:1:37316814 / 46.172.17.5:27006) has connected.
15:37:32: Hosh (STEAM_0:1:37316814 / 46.172.17.5:27006) has connected.
15:37:57: Hosh has loaded the character 'Hakku und Zagu'.
15:41:35: Hakku und Zagu has used '/Observer'.
15:41:36: Hakku und Zagu has used '/Observer'.
15:41:37: Hakku und Zagu has used '/Observer'.
15:41:38: Hakku und Zagu has used '/Observer'.
15:41:50: Hakku und Zagu has used '/Observer'.
15:41:50: Hakku und Zagu has used '/Observer'.
15:42:48: Hakku und Zagu has used '/Observer'.
15:42:52: Hakku und Zagu has used '/Observer'.
15:42:53: Hakku und Zagu has used '/Observer'.
15:42:54: Hakku und Zagu has used '/Observer'.
15:45:27: Hakku und Zagu (STEAM_0:1:37316814 / 46.172.17.5:27006) has disconnected.
15:45:57: Hosh (STEAM_0:1:37316814 / 46.172.17.5:27006) has connected.
15:46:58: Hosh has loaded the character 'Hakku und Zagu'.
15:46:59: Hakku und Zagu has used '/Observer'.
15:47:02: Hakku und Zagu has used '/Observer'.
15:51:14: Hakku und Zagu has used '/Observer'.
15:51:15: Hakku und Zagu has used '/Observer'.
15:51:16: Hakku und Zagu has used '/Observer'.
15:51:17: Hakku und Zagu has used '/Observer'.
15:51:21: Hakku und Zagu has used '/Observer'.
15:51:21: Hakku und Zagu has used '/Observer'.
15:52:06: Hakku und Zagu has used '/Observer'.
15:52:10: Hakku und Zagu has used '/Observer'.
15:53:04: Hakku und Zagu has used '/Observer'.
15:53:05: Hakku und Zagu has used '/Observer'.
15:53:11: Hakku und Zagu has used '/Observer'.
15:53:13: Hakku und Zagu has used '/Observer'.
15:54:00: Hakku und Zagu has used '/SetMood Relaxed'.
15:54:07: Hakku und Zagu has used '/SetMood Frustrated'.
15:54:36: Hakku und Zagu has used '/Observer'.
15:54:40: Hakku und Zagu has used '/Observer'.
15:54:40: Hakku und Zagu has used '/Observer'.
15:54:41: Hakku und Zagu has used '/Observer'.
15:54:42: Hakku und Zagu has used '/Observer'.
15:54:43: Hakku und Zagu has used '/Observer'.
15:54:53: Hakku und Zagu has used '/Observer'.
15:54:54: Hakku und Zagu has used '/Observer'.
15:54:55: Hakku und Zagu has used '/Observer'.
15:54:55: Hakku und Zagu has used '/Observer'.
15:55:00: Hakku und Zagu has used '/Observer'.
15:55:02: Hakku und Zagu has used '/Observer'.
15:55:13: Hakku und Zagu has used '/Observer'.
15:55:14: Hakku und Zagu has used '/Observer'.
15:55:14: Hakku und Zagu has used '/Observer'.
15:55:15: Hakku und Zagu has used '/Observer'.
15:55:16: Hakku und Zagu has used '/Observer'.
15:55:17: Hakku und Zagu has used '/Observer'.
15:56:09: Hakku und Zagu has used '/Observer'.
15:56:10: Hakku und Zagu has used '/Observer'.
15:58:38: Hakku und Zagu has used '/Observer'.
15:58:41: Hakku und Zagu has used '/Observer'.
15:58:41: Hakku und Zagu has used '/Observer'.
15:58:43: Hakku und Zagu has used '/Observer'.
15:58:43: Hakku und Zagu has used '/Observer'.
15:58:46: Hakku und Zagu has used '/Observer'.
15:58:51: Hakku und Zagu has used '/Observer'.
15:58:52: Hakku und Zagu has used '/Observer'.
16:00:04: Hakku und Zagu has used '/CharSetFlags Hakku ept'.
16:01:58: Hakku und Zagu has used '/Observer'.
16:01:59: Hakku und Zagu has used '/Observer'.
16:01:59: Hakku und Zagu has used '/Observer'.
16:02:01: Hakku und Zagu has used '/Observer'.
16:02:03: Hakku und Zagu has used '/Observer'.
16:02:04: Hakku und Zagu has used '/Observer'.
16:02:26: Hakku und Zagu has used '/Observer'.
16:02:26: Hakku und Zagu has used '/Observer'.
16:02:27: Hakku und Zagu has used '/Observer'.
16:02:28: Hakku und Zagu has used '/Observer'.
16:04:25: Hakku und Zagu has used '/Observer'.
16:04:26: Hakku und Zagu has used '/Observer'.
16:04:31: Hakku und Zagu has used '/Observer'.
16:04:32: Hakku und Zagu has used '/Observer'.
16:04:33: Hakku und Zagu has used '/Observer'.
16:04:34: Hakku und Zagu has used '/Observer'.
16:04:34: Hakku und Zagu has used '/Observer'.
16:04:35: Hakku und Zagu has used '/Observer'.
16:04:37: Hakku und Zagu has used '/Observer'.
16:04:38: Hakku und Zagu has used '/Observer'.
16:04:38: Hakku und Zagu has used '/Observer'.
16:04:40: Hakku und Zagu has used '/Observer'.
16:08:19: Hakku und Zagu has used '/Observer'.
16:08:22: Hakku und Zagu has used '/Observer'.
16:08:36: Hakku und Zagu has used '/Observer'.
16:08:38: Hakku und Zagu has used '/Observer'.
16:08:40: Hakku und Zagu has used '/Observer'.
16:08:40: Hakku und Zagu has used '/Observer'.
16:08:43: Hakku und Zagu has used '/Observer'.
16:08:46: Hakku und Zagu has used '/Observer'.
16:11:10: Hakku und Zagu has used '/Observer'.
16:11:11: Hakku und Zagu has used '/Observer'.
16:11:19: Hakku und Zagu has used '/Observer'.
16:11:21: Hakku und Zagu has used '/Observer'.
16:12:25: Hakku und Zagu has used '/Observer'.
16:12:28: Hakku und Zagu has used '/Observer'.
16:13:56: Hakku und Zagu has used '/Observer'.
16:14:00: Hakku und Zagu has used '/Observer'.
16:14:20: Hakku und Zagu has used '/Observer'.
16:14:22: Hakku und Zagu has used '/Observer'.
16:16:52: Hakku und Zagu has used '/Observer'.
16:16:54: Hakku und Zagu has used '/Observer'.
16:16:54: Hakku und Zagu has used '/Observer'.
16:16:55: Hakku und Zagu has used '/Observer'.
16:25:17: Hosh (STEAM_0:1:37316814 / 46.172.17.5:27006) has connected.
16:26:02: Hosh has loaded the character 'Hakku und Zagu'.
16:26:03: Hakku und Zagu has used '/Observer'.
16:26:06: Hakku und Zagu has used '/Observer'.
16:26:06: Hakku und Zagu has used '/CharFallOver'.
16:26:07: worldspawn has dealt 300 damage to Hakku und Zagu, killing them!
16:26:15: Hakku und Zagu has used '/PlyRespawn Hakku und Zagu'.
16:26:15: Hakku und Zagu has used '/Observer'.
16:26:17: Hakku und Zagu has used '/Observer'.
16:26:18: Hakku und Zagu has used '/CharFallOver'.
16:26:19: Hakku und Zagu has used '/CharGetUp'.
16:31:25: Hakku und Zagu has used '/CharSetFlags Hakku qwertyuiopasdfghjklzxcvbnm1234567890'.
16:31:36: Hakku und Zagu has used '/PlySetGroup Hakku und Zagu superadmin'.
16:31:44: Hakku und Zagu has used '/CharSetFlags Hakku qwertyuiopasdfghjklzxcvbnm1234567890'.
16:31:51: Hakku und Zagu has used '/CharSetFlags Hakku qwertyuipdfghjklzxcvbnm1234567890'.
16:32:03: Hakku und Zagu has used '/Observer'.
16:32:04: Hakku und Zagu has used '/Observer'.
16:32:05: Hakku und Zagu has used '/Observer'.
16:32:07: Hakku und Zagu has used '/Observer'.
16:34:00: Hakku und Zagu has spawned 'models/props_c17/door02_double.mdl'.
16:34:00: Hakku und Zagu has spawned 'models/props_c17/door02_double.mdl'.
16:35:06: Hakku und Zagu has used '/Observer'.
16:35:10: Hakku und Zagu has used '/Observer'.
16:35:33: Hakku und Zagu has used '/Observer'.
16:35:35: Hakku und Zagu has used '/Observer'.
16:35:43: Hakku und Zagu has used '/Observer'.
16:35:44: Hakku und Zagu has used '/Observer'.
16:35:44: Hakku und Zagu has used '/Observer'.
16:35:45: Hakku und Zagu has used '/Observer'.
16:35:46: Hakku und Zagu has used '/Observer'.
16:35:47: Hakku und Zagu has used '/Observer'.
16:35:47: Hakku und Zagu has used '/Observer'.
16:35:48: Hakku und Zagu has used '/Observer'.
16:35:49: Hakku und Zagu has used '/Observer'.
16:35:50: Hakku und Zagu has used '/Observer'.
16:35:52: Hakku und Zagu has used '/Observer'.
16:35:54: Hakku und Zagu has used '/Observer'.
16:36:16: Hakku und Zagu has used '/Observer'.
16:36:18: Hakku und Zagu has used '/Observer'.
16:36:28: Hakku und Zagu has used '/PlyWhitelist Hakku und Zagu Civil Protection'.
16:37:01: Hakku und Zagu has used '/CharSetFlags Hakku QWERTYUIOPASDFGHJKLZXCVBNM'.
16:37:39: Hakku und Zagu has used '/CharSetFlags Hakku qwertyuiopasdfghjklzxcvbnmQWERTYUIOPASDFGHJKLZXCVBNM1234567890'.
16:37:45: Hakku und Zagu has used '/CharSetFlags Hakku qwertyuipdfghjklzxcvbnmQWERTYUIOPASDFGHJKLZXCVBNM1234567890'.
16:37:58: Hakku und Zagu has used '/Observer'.
16:37:59: Hakku und Zagu has used '/Observer'.
16:40:11: Hakku und Zagu has used '/SalesmanAdd'.
16:55:05: Hakku und Zagu (STEAM_0:1:37316814 / 46.172.17.5:27006) has disconnected.
