18:22:46: Septic (STEAM_0:0:34008601 / 25.60.24.72:27006) has connected.
18:23:10: Septic has loaded the character 'Aaaaa Aaaaaaaaaaa'.
18:24:09: Aaaaa Aaaaaaaaaaa has used '/Observer'.
18:24:09: Aaaaa Aaaaaaaaaaa has used '/Observer'.
18:24:10: Aaaaa Aaaaaaaaaaa has used '/Observer'.
18:24:10: Aaaaa Aaaaaaaaaaa has used '/Observer'.
18:24:11: Aaaaa Aaaaaaaaaaa has used '/Observer'.
18:24:11: Aaaaa Aaaaaaaaaaa has used '/Observer'.
18:24:13: Aaaaa Aaaaaaaaaaa has used '/Observer'.
18:24:13: Aaaaa Aaaaaaaaaaa has used '/Observer'.
18:24:15: Aaaaa Aaaaaaaaaaa has used '/Observer'.
18:24:15: Aaaaa Aaaaaaaaaaa has used '/Observer'.
18:24:16: Aaaaa Aaaaaaaaaaa has used '/Observer'.
18:24:18: Aaaaa Aaaaaaaaaaa has used '/Observer'.
18:24:19: Aaaaa Aaaaaaaaaaa has used '/Observer'.
18:24:19: Aaaaa Aaaaaaaaaaa has used '/Observer'.
18:24:21: Aaaaa Aaaaaaaaaaa has used '/Observer'.
18:24:21: Aaaaa Aaaaaaaaaaa has used '/Observer'.
18:24:23: Aaaaa Aaaaaaaaaaa has used '/Observer'.
18:24:23: Aaaaa Aaaaaaaaaaa has used '/Observer'.
18:34:33: Septic (STEAM_0:0:34008601 / 25.60.24.72:27006) has connected.
18:34:57: Septic has loaded the character 'Aaaaa Aaaaaaaaaaa'.
18:34:58: Aaaaa Aaaaaaaaaaa has used '/Observer'.
18:34:59: Aaaaa Aaaaaaaaaaa has used '/Observer'.
18:35:00: Aaaaa Aaaaaaaaaaa has used '/Observer'.
18:35:00: Aaaaa Aaaaaaaaaaa has used '/Observer'.
18:35:07: Aaaaa Aaaaaaaaaaa has used '/Observer'.
18:35:10: Aaaaa Aaaaaaaaaaa has used '/Observer'.
18:35:12: Aaaaa Aaaaaaaaaaa has used '/Observer'.
18:35:13: Aaaaa Aaaaaaaaaaa has used '/Observer'.
18:35:14: Aaaaa Aaaaaaaaaaa has used '/Observer'.
18:35:14: Aaaaa Aaaaaaaaaaa has used '/Observer'.
18:35:15: Aaaaa Aaaaaaaaaaa has used '/Observer'.
18:35:15: Aaaaa Aaaaaaaaaaa has used '/Observer'.
18:35:17: Aaaaa Aaaaaaaaaaa has used '/Observer'.
18:35:17: Aaaaa Aaaaaaaaaaa has used '/Observer'.
18:35:18: Aaaaa Aaaaaaaaaaa has used '/Observer'.
18:35:18: Aaaaa Aaaaaaaaaaa has used '/Observer'.
18:35:20: Aaaaa Aaaaaaaaaaa has used '/Observer'.
18:35:20: Aaaaa Aaaaaaaaaaa has used '/Observer'.
18:35:22: Aaaaa Aaaaaaaaaaa has used '/Observer'.
18:35:22: Aaaaa Aaaaaaaaaaa has used '/Observer'.
18:35:25: Aaaaa Aaaaaaaaaaa has used '/Observer'.
18:35:25: Aaaaa Aaaaaaaaaaa has used '/Observer'.
18:35:27: Aaaaa Aaaaaaaaaaa has used '/Observer'.
18:35:27: Aaaaa Aaaaaaaaaaa has used '/Observer'.
18:35:27: Aaaaa Aaaaaaaaaaa has used '/Observer'.
18:35:27: Aaaaa Aaaaaaaaaaa has used '/Observer'.
18:35:28: Aaaaa Aaaaaaaaaaa has used '/Observer'.
18:35:28: Aaaaa Aaaaaaaaaaa has used '/Observer'.
18:35:28: Aaaaa Aaaaaaaaaaa has used '/Observer'.
18:35:29: Aaaaa Aaaaaaaaaaa has used '/Observer'.
18:35:29: Aaaaa Aaaaaaaaaaa has used '/Observer'.
18:35:30: Aaaaa Aaaaaaaaaaa has used '/Observer'.
18:35:31: Aaaaa Aaaaaaaaaaa has used '/Observer'.
18:35:32: Aaaaa Aaaaaaaaaaa has used '/Observer'.
18:35:32: Aaaaa Aaaaaaaaaaa has used '/Observer'.
18:35:33: Aaaaa Aaaaaaaaaaa has used '/Observer'.
18:35:34: Aaaaa Aaaaaaaaaaa has used '/Observer'.
18:35:34: Aaaaa Aaaaaaaaaaa has used '/Observer'.
18:35:35: Aaaaa Aaaaaaaaaaa has used '/Observer'.
18:35:35: Aaaaa Aaaaaaaaaaa has used '/Observer'.
18:35:36: Aaaaa Aaaaaaaaaaa has used '/Observer'.
18:35:37: Aaaaa Aaaaaaaaaaa has used '/Observer'.
18:35:37: Aaaaa Aaaaaaaaaaa has used '/Observer'.
18:35:37: Aaaaa Aaaaaaaaaaa has used '/Observer'.
18:35:38: Aaaaa Aaaaaaaaaaa has used '/Observer'.
18:35:39: Aaaaa Aaaaaaaaaaa has used '/Observer'.
18:35:40: Aaaaa Aaaaaaaaaaa has used '/Observer'.
18:35:41: Aaaaa Aaaaaaaaaaa has used '/Observer'.
18:35:41: Aaaaa Aaaaaaaaaaa has used '/Observer'.
18:35:42: Aaaaa Aaaaaaaaaaa has used '/Observer'.
18:35:44: Aaaaa Aaaaaaaaaaa has taken 86 damage from worldspawn, leaving them at 14 health and 100 armor!
18:39:22: Septic (STEAM_0:0:34008601 / 25.60.24.72:27006) has connected.
18:39:42: Septic has loaded the character 'Aaaaa Aaaaaaaaaaa'.
18:40:01: Aaaaa Aaaaaaaaaaa has used '/SalesmanAdd'.
18:40:48: Aaaaa Aaaaaaaaaaa has used '/VendorAdd 1'.
18:40:58: Aaaaa Aaaaaaaaaaa has used '/VendorAdd 2'.
18:41:04: Aaaaa Aaaaaaaaaaa has used '/VendorAdd 3'.
18:41:18: Aaaaa Aaaaaaaaaaa has used '/Observer'.
18:41:19: Aaaaa Aaaaaaaaaaa has used '/Observer'.
18:41:19: Aaaaa Aaaaaaaaaaa has used '/Observer'.
18:41:19: Aaaaa Aaaaaaaaaaa has used '/Observer'.
18:41:20: Aaaaa Aaaaaaaaaaa has used '/Observer'.
18:41:20: Aaaaa Aaaaaaaaaaa has used '/Observer'.
18:41:23: Aaaaa Aaaaaaaaaaa has used '/Observer'.
18:41:25: Aaaaa Aaaaaaaaaaa has used '/Observer'.
19:17:01: Septic (STEAM_0:0:34008601 / 25.60.24.72:27006) has connected.
19:17:32: Septic has loaded the character 'Aaaaa Aaaaaaaaaaa'.
19:17:37: Aaaaa Aaaaaaaaaaa has used '/Observer'.
19:17:51: Aaaaa Aaaaaaaaaaa has used '/Observer'.
19:17:56: Aaaaa Aaaaaaaaaaa has used '/Observer'.
19:18:02: Aaaaa Aaaaaaaaaaa has used '/Observer'.
19:18:02: Aaaaa Aaaaaaaaaaa has used '/Observer'.
19:18:11: Aaaaa Aaaaaaaaaaa has used '/Observer'.
19:18:12: Aaaaa Aaaaaaaaaaa has used '/Observer'.
19:18:15: Aaaaa Aaaaaaaaaaa has used '/Observer'.
19:18:26: Aaaaa Aaaaaaaaaaa has used '/Observer'.
19:18:29: Aaaaa Aaaaaaaaaaa has used '/Observer'.
19:18:34: Aaaaa Aaaaaaaaaaa (STEAM_0:0:34008601 / 25.60.24.72:27006) has disconnected.
