16:30:49: Taishō Septic (STEAM_0:0:34008601 / 37.113.151.16:27005) has connected.
16:31:32: Taishō Septic has loaded the character 'CCA:c08.sc.0328'.
16:31:34: CCA:c08.sc.0328 has used '/Observer'.
16:31:36: CCA:c08.sc.0328 has used '/Observer'.
16:31:42: Bot03 (BOT / Error!) has connected.
16:31:42: Bot03 has gained a 9mm Pistol Bullets 1533994334.
16:31:42: Bot03 has gained a 9mm Pistol Bullets 1533994335.
16:31:54: Bot04 (BOT / Error!) has connected.
16:32:03: CCA:c08.sc.0328 has used '/Observer'.
16:32:05: CCA:c08.sc.0328 has used '/Observer'.
16:32:36: CCA:c08.sc.0328 has used '/CharSetName Bot04 Alice de Blois'.
16:32:42: CCA:c08.sc.0328 has used '/Datafile Alice'.
16:36:02: CCA:c08.sc.0328 has changed Alice de Blois's Civil Status to: Brown
16:36:02: CCA:c08.sc.0328 has added an entry to Alice de Blois's datafile with category: union
16:36:09: CCA:c08.sc.0328 has changed Alice de Blois's Civil Status to: Black
16:36:09: CCA:c08.sc.0328 has added an entry to Alice de Blois's datafile with category: union
16:36:32: CCA:c08.sc.0328 has added an entry to Alice de Blois's datafile with category: civil
16:36:39: CCA:c08.sc.0328 has added an entry to Alice de Blois's datafile with category: civil
16:36:49: CCA:c08.sc.0328 has added an entry to Alice de Blois's datafile with category: civil
16:36:57: CCA:c08.sc.0328 has added an entry to Alice de Blois's datafile with category: med
16:37:03: CCA:c08.sc.0328 has added an entry to Alice de Blois's datafile with category: med
16:37:18: CCA:c08.sc.0328 has added an entry to Alice de Blois's datafile with category: civil
16:37:37: CCA:c08.sc.0328 has changed Alice de Blois's Civil Status to: Platinum
16:37:37: CCA:c08.sc.0328 has added an entry to Alice de Blois's datafile with category: union
16:37:48: CCA:c08.sc.0328 has added an entry to Alice de Blois's datafile with category: civil
16:37:53: CCA:c08.sc.0328 has added an entry to Alice de Blois's datafile with category: civil
16:37:57: CCA:c08.sc.0328 has used '/Datafile Alice'.
16:38:05: CCA:c08.sc.0328 has added an entry to Alice de Blois's datafile with category: civil
16:38:13: CCA:c08.sc.0328 has added an entry to Alice de Blois's datafile with category: union
16:38:15: CCA:c08.sc.0328 has added an entry to Alice de Blois's datafile with category: union
16:38:17: CCA:c08.sc.0328 has added an entry to Alice de Blois's datafile with category: union
16:38:19: CCA:c08.sc.0328 has added an entry to Alice de Blois's datafile with category: union
16:38:51: CCA:c08.sc.0328 has added an entry to Alice de Blois's datafile with category: civil
16:38:53: CCA:c08.sc.0328 has added an entry to Alice de Blois's datafile with category: union
16:38:55: CCA:c08.sc.0328 has added an entry to Alice de Blois's datafile with category: union
16:38:59: CCA:c08.sc.0328 has used '/Datafile Alice'.
16:39:05: CCA:c08.sc.0328 has added an entry to Alice de Blois's datafile with category: civil
16:39:16: CCA:c08.sc.0328 has added an entry to Alice de Blois's datafile with category: civil
16:39:51: CCA:c08.sc.0328 has added an entry to Alice de Blois's datafile with category: union
16:41:00: CCA:c08.sc.0328 has added an entry to Alice de Blois's datafile with category: civil
16:41:27: CCA:c08.sc.0328 has used '/Datafile Alice'.
16:41:33: CCA:c08.sc.0328 has added an entry to Alice de Blois's datafile with category: civil
16:41:37: CCA:c08.sc.0328 has used '/Datafile Alice'.
16:41:52: CCA:c08.sc.0328 has added an entry to Alice de Blois's datafile with category: civil
16:42:10: CCA:c08.sc.0328 has used '/Datafile Alice'.
16:42:21: CCA:c08.sc.0328 has changed Alice de Blois's Civil Status to: Anti-Citizen
16:42:21: CCA:c08.sc.0328 has added an entry to Alice de Blois's datafile with category: union
16:42:31: CCA:c08.sc.0328 has changed Alice de Blois's Civil Status to: Citizen
16:42:31: CCA:c08.sc.0328 has added an entry to Alice de Blois's datafile with category: union
16:42:54: CCA:c08.sc.0328 has used '/Datafile Alice'.
16:42:55: CCA:c08.sc.0328 has added an entry to Alice de Blois's datafile with category: union
16:42:57: CCA:c08.sc.0328 has added an entry to Alice de Blois's datafile with category: union
16:42:59: CCA:c08.sc.0328 has used '/Datafile Alice'.
16:43:00: CCA:c08.sc.0328 has added an entry to Alice de Blois's datafile with category: union
16:43:01: CCA:c08.sc.0328 has added an entry to Alice de Blois's datafile with category: union
16:43:03: CCA:c08.sc.0328 has added an entry to Alice de Blois's datafile with category: union
16:43:05: CCA:c08.sc.0328 has added an entry to Alice de Blois's datafile with category: union
16:43:08: CCA:c08.sc.0328 has changed Alice de Blois's Civil Status to: Red
16:43:08: CCA:c08.sc.0328 has added an entry to Alice de Blois's datafile with category: union
16:43:09: CCA:c08.sc.0328 has added an entry to Alice de Blois's datafile with category: union
16:43:24: CCA:c08.sc.0328 has used '/Datafile Alice'.
16:43:26: CCA:c08.sc.0328 has added an entry to Alice de Blois's datafile with category: union
16:43:27: CCA:c08.sc.0328 has added an entry to Alice de Blois's datafile with category: union
16:43:40: CCA:c08.sc.0328 has added an entry to Alice de Blois's datafile with category: union
16:43:46: CCA:c08.sc.0328 has added an entry to Alice de Blois's datafile with category: union
16:43:47: CCA:c08.sc.0328 has added an entry to Alice de Blois's datafile with category: union
16:43:51: CCA:c08.sc.0328 has added an entry to Alice de Blois's datafile with category: union
16:44:18: CCA:c08.sc.0328 has added an entry to Alice de Blois's datafile with category: union
16:44:19: CCA:c08.sc.0328 has added an entry to Alice de Blois's datafile with category: union
16:44:43: CCA:c08.sc.0328 has used '/Datafile Alice'.
16:44:50: CCA:c08.sc.0328 has added an entry to Alice de Blois's datafile with category: civil
16:44:52: CCA:c08.sc.0328 has added an entry to Alice de Blois's datafile with category: union
16:45:38: CCA:c08.sc.0328 has used '/Datafile Alice'.
16:45:52: CCA:c08.sc.0328 has used '/ToggleVisor'.
16:45:58: CCA:c08.sc.0328 has used '/Datafile Alice'.
16:46:00: CCA:c08.sc.0328 has added an entry to Alice de Blois's datafile with category: union
16:46:48: Alice de Blois has taken 75 damage from CCA:c08.sc.0328 with sxbase_357, leaving them at 25 health!
16:46:50: CCA:c08.sc.0328 has dealt 75 damage to Alice de Blois with .357 Magnum, killing them!
16:47:48: CCA:c08.sc.0328 has used '/Observer'.
16:47:53: CCA:c08.sc.0328 has used '/Observer'.
16:48:05: CCA:c08.sc.0328 has used '/Observer'.
16:48:09: CCA:c08.sc.0328 has used '/Observer'.
16:54:33: CCA:c08.sc.0328 has used '/Datafile Alice'.
17:02:27: Schwarz Kruppzo (STEAM_0:1:44629398 / 109.161.74.255:27005) has connected.
17:03:00: CCA:c08.sc.0328 has used '/Observer'.
17:03:03: CCA:c08.sc.0328 has used '/Observer'.
17:03:07: Taishō Septic has loaded the character 'Jack Whitehouse'.
17:03:11: Jack Whitehouse has used '/Observer'.
17:03:14: Jack Whitehouse has used '/Observer'.
17:03:15: Jack Whitehouse has used '/Observer'.
17:03:19: Jack Whitehouse has used '/Observer'.
17:03:19: Jack Whitehouse has used '/Observer'.
17:03:20: Jack Whitehouse has used '/Observer'.
17:03:21: Jack Whitehouse has used '/Observer'.
17:03:21: Jack Whitehouse has used '/Observer'.
17:03:32: Jack Whitehouse has used '/CharTransfer Whitehouse Civil Worker Union'.
17:03:48: Jack Whitehouse has used '/CharGiveFlags Jack Whitehouse Ww'.
17:04:04: Jack Whitehouse has used '/PlyWhitelist Whitehouse Civil Worker Union'.
17:04:06: Jack Whitehouse has used '/CharTransfer Whitehouse Civil Worker Union'.
17:04:10: Jack Whitehouse has used '/Datafile Alice'.
17:04:50: Jack Whitehouse has changed Alice de Blois's Civil Status to: Anti-Citizen
17:04:50: Jack Whitehouse has added an entry to Alice de Blois's datafile with category: union
17:05:06: Jack Whitehouse has added an entry to Alice de Blois's datafile with category: med
17:05:23: Jack Whitehouse has added an entry to Alice de Blois's datafile with category: union
17:05:28: Schwarz Kruppzo has loaded the character 'CCA:c08.r.1360'.
17:05:33: CCA:c08.r.1360 has used '/Observer'.
17:05:34: CCA:c08.r.1360 has used '/Observer'.
17:05:41: [OOC] CCA:c08.r.1360: ину И ЧМО БЛЯТЬ
17:05:44: CCA:c08.r.1360 has used '/Observer'.
17:05:46: CCA:c08.r.1360 has used '/Observer'.
17:05:48: CCA:c08.r.1360 has used '/Observer'.
17:05:49: CCA:c08.r.1360 has used '/Observer'.
17:05:53: Alice de Blois has taken 57 damage from Jack Whitehouse with weapon_stunstick, leaving them at 43 health!
17:05:54: Jack Whitehouse has dealt 57 damage to Alice de Blois with weapon_stunstick, killing them!
17:05:57: CCA:c08.r.1360 has used '/Datafile bot03'.
17:06:09: CCA:c08.r.1360 has added an entry to Bot03's datafile with category: union
17:06:11: Jack Whitehouse has used '/CharTransfer Whitehouse Citizen'.
17:06:12: Jack Whitehouse has used '/Observer'.
17:06:13: Jack Whitehouse has used '/Observer'.
17:06:18: Jack Whitehouse has used '/Datafile Alice'.
17:06:18: CCA:c08.r.1360 has added an entry to Bot03's datafile with category: union
17:06:19: Jack Whitehouse has used '/Observer'.
17:06:20: Jack Whitehouse has used '/Observer'.
17:06:21: Jack Whitehouse has used '/Observer'.
17:06:21: Jack Whitehouse has used '/Observer'.
17:06:22: Jack Whitehouse has used '/Observer'.
17:06:23: CCA:c08.r.1360 has added an entry to Bot03's datafile with category: union
17:06:23: Jack Whitehouse has used '/Observer'.
17:06:24: Jack Whitehouse has used '/Observer'.
17:06:24: Jack Whitehouse has used '/Observer'.
17:06:33: Jack Whitehouse has used '/Observer'.
17:06:33: Jack Whitehouse has used '/Observer'.
17:06:37: Taishō Septic has loaded the character 'CCA:c08.sc.0328'.
17:06:42: CCA:c08.sc.0328 has used '/Datafile 13'.
17:06:47: CCA:c08.r.1360 has used '/Datafile bot03'.
17:07:07: CCA:c08.sc.0328 has added an entry to CCA:c08.r.1360's datafile with category: civil
17:07:07: CCA:c08.sc.0328 has used '/RestrictDatafile 13 lox'.
17:07:10: CCA:c08.sc.0328 has used '/Datafile 13'.
17:07:10: CCA:c08.r.1360 has used '/Datafile bot03'.
17:07:15: CCA:c08.sc.0328 has used '/Observer'.
17:07:17: CCA:c08.sc.0328 has used '/Observer'.
17:07:21: CCA:c08.sc.0328 has used '/Observer'.
17:07:29: CCA:c08.sc.0328 has used '/Observer'.
17:07:31: CCA:c08.sc.0328 has used '/Observer'.
17:07:34: CCA:c08.sc.0328 has used '/Observer'.
17:08:24: CCA:c08.r.1360 has used '/Observer'.
17:08:24: CCA:c08.r.1360 has used '/Observer'.
17:08:31: Schwarz Kruppzo has loaded the character 'Schwarz Kruppzo'.
17:08:36: [OOC] Schwarz Kruppzo: на мне проверь
17:08:43: Schwarz Kruppzo has used '/Observer'.
17:08:47: Schwarz Kruppzo has used '/Observer'.
17:08:48: Schwarz Kruppzo has used '/Observer'.
17:08:48: Schwarz Kruppzo has used '/Observer'.
17:08:59: Schwarz Kruppzo has used '/Observer'.
17:09:01: Schwarz Kruppzo has used '/Observer'.
17:09:02: Schwarz Kruppzo has used '/Observer'.
17:09:02: Schwarz Kruppzo has used '/Observer'.
17:09:02: Schwarz Kruppzo has used '/Observer'.
17:09:02: Schwarz Kruppzo has used '/Observer'.
17:10:25: CCA:c08.sc.0328 has used '/Observer'.
17:10:31: CCA:c08.sc.0328 has used '/Observer'.
17:10:32: CCA:c08.sc.0328 has used '/Observer'.
17:10:34: CCA:c08.sc.0328 has used '/Observer'.
17:10:42: CCA:c08.sc.0328 has used '/Observer'.
17:10:44: CCA:c08.sc.0328 has used '/Observer'.
17:10:48: CCA:c08.sc.0328 says: "<:: может ты пидор"
17:10:51: CCA:c08.sc.0328 says: "<:: я не могу открыть тебя"
17:10:56: Schwarz Kruppzo has loaded the character 'Charles de Bukav'.
17:11:02: Schwarz Kruppzo has loaded the character 'Schwarz Kruppzo'.
17:11:05: Schwarz Kruppzo says: "щас попробуй"
17:11:09: CCA:c08.sc.0328 has used '/Datafile Sch'.
17:11:16: CCA:c08.sc.0328 has added an entry to Schwarz Kruppzo's datafile with category: civil
17:11:22: CCA:c08.sc.0328 has added an entry to Schwarz Kruppzo's datafile with category: union
17:11:23: CCA:c08.sc.0328 has added an entry to Schwarz Kruppzo's datafile with category: union
17:11:24: CCA:c08.sc.0328 has added an entry to Schwarz Kruppzo's datafile with category: union
17:11:26: CCA:c08.sc.0328 has added an entry to Schwarz Kruppzo's datafile with category: union
17:11:27: CCA:c08.sc.0328 has added an entry to Schwarz Kruppzo's datafile with category: union
17:11:29: CCA:c08.sc.0328 has used '/Datafile Sch'.
17:11:36: CCA:c08.sc.0328 says: "<:: короче"
17:11:40: CCA:c08.sc.0328 says: "<:: Add BOL не убирается"
17:11:42: CCA:c08.sc.0328 has used '/Datafile Sch'.
17:11:50: CCA:c08.sc.0328 has added an entry to Schwarz Kruppzo's datafile with category: civil
17:11:52: CCA:c08.sc.0328 has used '/Datafile Sch'.
17:11:55: CCA:c08.sc.0328 has used '/Datafile Sch'.
17:12:02: CCA:c08.sc.0328 says: "<:: и дело то ли обновляется то ли нет"
17:12:03: CCA:c08.sc.0328 says: "<:: и дело то ли обновляется то ли нет"
17:12:04: CCA:c08.sc.0328 has used '/Datafile Sch'.
17:12:13: CCA:c08.sc.0328 says: "<:: моя вторая запись до сих пор не появилась"
17:12:15: CCA:c08.sc.0328 has used '/Datafile Sch'.
17:12:25: CCA:c08.sc.0328 says: "<:: хотя она появляется после нажати"
17:12:27: CCA:c08.sc.0328 says: "<:: я"
17:12:30: CCA:c08.sc.0328 says: "<:: УПДАТЕ ЛАСТ СИН"
17:12:33: CCA:c08.sc.0328 has used '/Datafile Sch'.
17:12:39: CCA:c08.sc.0328 has added an entry to Schwarz Kruppzo's datafile with category: civil
17:12:49: CCA:c08.sc.0328 says: "<:: лол"
17:13:06: CCA:c08.sc.0328 says: "<:: короче я тебе в первый раз добавил 3 очка, потом сделал запись на -3"
17:13:11: CCA:c08.sc.0328 says: "<:: на -3 появилась"
17:13:13: CCA:c08.sc.0328 says: "<:: потом пропала"
17:13:17: CCA:c08.sc.0328 has used '/Datafile Sch'.
17:13:25: CCA:c08.sc.0328 has used '/Datafile Sch'.
17:13:30: CCA:c08.sc.0328 has added an entry to Schwarz Kruppzo's datafile with category: civil
17:13:39: CCA:c08.sc.0328 says: "<:: то 3 очка то 5"
17:13:45: CCA:c08.sc.0328 says: "<:: то одна запись то их четыре"
17:13:49: CCA:c08.sc.0328 says: "<:: проверь сам"
17:13:54: CCA:c08.sc.0328 has used '/Observer'.
17:13:54: CCA:c08.sc.0328 has used '/Observer'.
17:13:57: CCA:c08.sc.0328 has used '/Datafile 328'.
17:16:30: CCA:c08.sc.0328 has used '/Observer'.
17:16:33: CCA:c08.sc.0328 has used '/Observer'.
17:17:09: CCA:c08.sc.0328 has used '/Datafile 328'.
17:17:14: CCA:c08.sc.0328 has used '/Datafile Sch'.
17:17:52: CCA:c08.sc.0328 has used '/Observer'.
17:17:53: CCA:c08.sc.0328 has used '/Observer'.
17:17:54: CCA:c08.sc.0328 has used '/Observer'.
17:17:55: CCA:c08.sc.0328 has used '/Observer'.
17:17:56: CCA:c08.sc.0328 has used '/Observer'.
17:17:56: CCA:c08.sc.0328 has used '/Observer'.
17:17:57: CCA:c08.sc.0328 has used '/Observer'.
17:17:58: CCA:c08.sc.0328 has used '/Observer'.
17:17:59: CCA:c08.sc.0328 has used '/Observer'.
17:17:59: CCA:c08.sc.0328 has used '/Observer'.
17:18:00: CCA:c08.sc.0328 has used '/Observer'.
17:18:01: CCA:c08.sc.0328 has used '/Observer'.
17:18:03: CCA:c08.sc.0328 has lost a Stunstick 1532790454.
17:18:03: CCA:c08.sc.0328 has lost a M7A3 Smoke Grenade 1533562646.
17:18:03: CCA:c08.sc.0328 has lost a Impulse Rifle Mk.2 1533675763.
17:18:03: CCA:c08.sc.0328 has lost a .357 Magnum 1533571158.
17:18:03: worldspawn has dealt 214 damage to CCA:c08.sc.0328, killing them!
17:18:09: CCA:c08.sc.0328 has used '/PlyRespawnStay 328'.
17:18:14: CCA:c08.sc.0328 has gained a Stunstick 1532790454.
17:18:16: CCA:c08.sc.0328 has gained a Impulse Rifle Mk.2 1533675763.
17:18:21: CCA:c08.sc.0328 has gained a .357 Magnum 1533571158.
17:18:22: CCA:c08.sc.0328 has used '/Observer'.
17:18:26: CCA:c08.sc.0328 has used '/Observer'.
17:18:26: CCA:c08.sc.0328 has used '/Observer'.
17:18:27: CCA:c08.sc.0328 has used '/Observer'.
17:18:28: CCA:c08.sc.0328 has used '/Observer'.
17:18:28: CCA:c08.sc.0328 has used '/Observer'.
17:18:59: CCA:c08.sc.0328 has used '/Observer'.
17:19:01: CCA:c08.sc.0328 has used '/Observer'.
17:19:02: CCA:c08.sc.0328 has used '/Observer'.
17:19:07: CCA:c08.sc.0328 has used '/Observer'.
17:19:08: CCA:c08.sc.0328 has used '/Observer'.
17:19:09: CCA:c08.sc.0328 has used '/Observer'.
17:19:13: CCA:c08.sc.0328 has used '/Datafile Sch'.
17:27:56: CCA:c08.sc.0328 has used '/Datafile Sch'.
17:29:51: CCA:c08.sc.0328 has used '/Observer'.
17:29:53: CCA:c08.sc.0328 has used '/Observer'.
17:29:54: CCA:c08.sc.0328 has used '/Observer'.
17:30:01: CCA:c08.sc.0328 has used '/CharSetHealth 328 100'.
17:30:04: CCA:c08.sc.0328 has used '/Observer'.
17:30:06: CCA:c08.sc.0328 has used '/Datafile Sch'.
17:30:12: CCA:c08.sc.0328 has used '/Observer'.
17:30:19: CCA:c08.sc.0328 has used '/Observer'.
17:35:10: Taishō Septic (STEAM_0:0:34008601 / 37.113.151.16:27005) has connected.
17:36:35: Schwarz Kruppzo (STEAM_0:1:44629398 / 109.161.74.255:27005) has connected.
17:40:09: Schwarz Kruppzo has loaded the character 'Schwarz Kruppzo'.
17:40:11: Schwarz Kruppzo has used '/Observer'.
17:40:28: Taishō Septic has loaded the character 'CCA:c08.sc.0328'.
17:40:30: CCA:c08.sc.0328 has used '/Observer'.
17:40:35: CCA:c08.sc.0328 has used '/Observer'.
17:40:37: Schwarz Kruppzo has used '/Observer'.
17:40:38: Schwarz Kruppzo has used '/Observer'.
17:40:44: CCA:c08.sc.0328 has used '/Datafile Sch'.
17:40:45: Schwarz Kruppzo has used '/Observer'.
17:40:50: Schwarz Kruppzo has used '/Observer'.
17:40:50: Schwarz Kruppzo has used '/Observer'.
17:40:51: Schwarz Kruppzo has used '/Observer'.
17:40:51: Schwarz Kruppzo has used '/Observer'.
17:40:53: Schwarz Kruppzo has used '/Observer'.
17:40:53: Schwarz Kruppzo has used '/Observer'.
17:40:54: Schwarz Kruppzo has used '/Observer'.
17:40:54: CCA:c08.sc.0328 has added an entry to Schwarz Kruppzo's datafile with category: civil
17:40:55: Schwarz Kruppzo has used '/Observer'.
17:40:55: Schwarz Kruppzo has used '/Observer'.
17:40:56: Schwarz Kruppzo has used '/Observer'.
17:41:03: CCA:c08.sc.0328 has used '/Observer'.
17:41:04: CCA:c08.sc.0328 has used '/Observer'.
17:41:05: CCA:c08.sc.0328 has used '/Observer'.
17:41:06: CCA:c08.sc.0328 has used '/Observer'.
17:41:06: CCA:c08.sc.0328 has used '/Observer'.
17:41:07: CCA:c08.sc.0328 has used '/Observer'.
17:41:08: CCA:c08.sc.0328 has used '/Observer'.
17:41:08: CCA:c08.sc.0328 has used '/Observer'.
17:41:09: CCA:c08.sc.0328 has used '/Observer'.
17:41:09: CCA:c08.sc.0328 has used '/Observer'.
17:41:10: Schwarz Kruppzo has used '/Observer'.
17:41:10: CCA:c08.sc.0328 has used '/Observer'.
17:41:11: CCA:c08.sc.0328 has used '/Observer'.
17:41:11: Schwarz Kruppzo has used '/Observer'.
17:41:13: Schwarz Kruppzo has used '/Observer'.
17:41:13: CCA:c08.sc.0328 has used '/Datafile Sch'.
17:41:15: Schwarz Kruppzo has used '/Observer'.
17:41:15: Schwarz Kruppzo has used '/Observer'.
17:41:17: Schwarz Kruppzo has used '/Observer'.
17:41:19: Schwarz Kruppzo has used '/Observer'.
17:41:19: Schwarz Kruppzo has used '/Observer'.
17:41:20: Schwarz Kruppzo has used '/Observer'.
17:41:21: Schwarz Kruppzo has used '/Observer'.
17:41:22: Schwarz Kruppzo has used '/Observer'.
17:41:22: Schwarz Kruppzo has used '/Observer'.
17:41:23: Schwarz Kruppzo has used '/Observer'.
17:41:25: Schwarz Kruppzo has used '/Observer'.
17:41:31: Schwarz Kruppzo has used '/Observer'.
17:41:32: Schwarz Kruppzo has used '/Observer'.
17:41:33: Schwarz Kruppzo has used '/Observer'.
17:41:34: Schwarz Kruppzo has used '/Observer'.
17:41:34: Schwarz Kruppzo has used '/Observer'.
17:41:35: Schwarz Kruppzo has used '/Observer'.
17:41:36: Schwarz Kruppzo has used '/Observer'.
17:41:37: Schwarz Kruppzo has used '/Observer'.
17:41:39: Schwarz Kruppzo has used '/Observer'.
17:41:40: Schwarz Kruppzo has used '/Observer'.
17:41:40: Schwarz Kruppzo has used '/Observer'.
17:41:41: Schwarz Kruppzo has used '/Observer'.
17:41:49: CCA:c08.sc.0328 has used '/Observer'.
17:41:50: CCA:c08.sc.0328 has used '/Observer'.
17:42:12: Schwarz Kruppzo has used '/Observer'.
17:42:13: Schwarz Kruppzo has used '/Observer'.
17:42:13: Schwarz Kruppzo has used '/Observer'.
17:42:15: Schwarz Kruppzo has used '/Observer'.
17:42:15: Schwarz Kruppzo has used '/Observer'.
17:42:17: Schwarz Kruppzo has used '/Observer'.
17:44:43: CCA:c08.sc.0328 has used '/Datafile Sch'.
17:44:48: CCA:c08.sc.0328 has added an entry to Schwarz Kruppzo's datafile with category: civil
17:45:00: CCA:c08.sc.0328 has used '/Observer'.
17:45:00: CCA:c08.sc.0328 has used '/Observer'.
17:45:00: CCA:c08.sc.0328 has used '/Observer'.
17:45:01: CCA:c08.sc.0328 has used '/Observer'.
17:45:02: CCA:c08.sc.0328 has used '/Observer'.
17:45:03: CCA:c08.sc.0328 has used '/Observer'.
17:45:08: CCA:c08.sc.0328 has used '/Observer'.
17:45:19: CCA:c08.sc.0328 has used '/Observer'.
17:45:20: CCA:c08.sc.0328 has used '/Observer'.
17:45:20: CCA:c08.sc.0328 has used '/Observer'.
17:45:22: CCA:c08.sc.0328 has used '/Datafile Sch'.
17:45:56: CCA:c08.sc.0328 has used '/Observer'.
17:45:57: CCA:c08.sc.0328 has used '/Observer'.
17:46:01: CCA:c08.sc.0328 has used '/Observer'.
17:46:02: CCA:c08.sc.0328 has used '/Observer'.
17:46:04: CCA:c08.sc.0328 has used '/Observer'.
17:46:04: CCA:c08.sc.0328 has used '/Observer'.
17:46:05: CCA:c08.sc.0328 has used '/Observer'.
17:46:06: CCA:c08.sc.0328 has used '/Observer'.
17:46:07: CCA:c08.sc.0328 has used '/Observer'.
17:46:08: CCA:c08.sc.0328 has used '/Observer'.
17:46:09: CCA:c08.sc.0328 has used '/Observer'.
17:46:11: CCA:c08.sc.0328 has used '/Observer'.
17:46:13: CCA:c08.sc.0328 has used '/Observer'.
17:46:13: CCA:c08.sc.0328 has used '/Observer'.
17:46:15: CCA:c08.sc.0328 has used '/Observer'.
17:46:16: CCA:c08.sc.0328 has used '/Observer'.
17:46:18: CCA:c08.sc.0328 has used '/Observer'.
17:46:19: CCA:c08.sc.0328 has used '/Observer'.
17:46:20: CCA:c08.sc.0328 has used '/Observer'.
17:46:21: CCA:c08.sc.0328 has used '/Observer'.
17:46:21: CCA:c08.sc.0328 has used '/Observer'.
17:46:22: CCA:c08.sc.0328 has used '/Observer'.
17:46:23: CCA:c08.sc.0328 has used '/Observer'.
17:46:23: CCA:c08.sc.0328 has used '/Observer'.
17:47:03: CCA:c08.sc.0328 has used '/Datafile Sch'.
17:47:11: CCA:c08.sc.0328 has added an entry to Schwarz Kruppzo's datafile with category: civil
17:47:32: CCA:c08.sc.0328 has added an entry to Schwarz Kruppzo's datafile with category: civil
17:47:48: CCA:c08.sc.0328 has used '/Observer'.
17:47:49: CCA:c08.sc.0328 has used '/Observer'.
17:47:50: CCA:c08.sc.0328 has taken 35 damage from worldspawn, leaving them at 65 health and 120 armor!
17:47:51: CCA:c08.sc.0328 has used '/Observer'.
17:47:51: CCA:c08.sc.0328 has used '/Observer'.
17:47:53: CCA:c08.sc.0328 has used '/Datafile Sch'.
17:47:59: CCA:c08.sc.0328 has used '/Observer'.
17:47:59: CCA:c08.sc.0328 has used '/Observer'.
17:48:11: CCA:c08.sc.0328 has used '/Datafile Sch'.
17:55:21: CCA:c08.sc.0328 has used '/Observer'.
17:55:55: CCA:c08.sc.0328 has used '/Observer'.
17:55:56: CCA:c08.sc.0328 has used '/Observer'.
17:55:59: CCA:c08.sc.0328 has used '/Observer'.
17:56:20: CCA:c08.sc.0328 has used '/CharFallOver 1'.
17:56:25: CCA:c08.sc.0328 has used '/CharFallOver 1'.
17:56:36: CCA:c08.sc.0328 has used '/Observer'.
17:57:09: CCA:c08.sc.0328 has used '/Observer'.
17:57:10: CCA:c08.sc.0328 has used '/Observer'.
17:57:13: CCA:c08.sc.0328 has used '/Observer'.
17:59:17: Schwarz Kruppzo (STEAM_0:1:44629398 / 109.161.74.255:27005) has disconnected.
18:11:49: CCA:c08.sc.0328 (STEAM_0:0:34008601 / 37.113.151.16:27005) has disconnected.
