00:00:01: [LOOC] Robert O'Connor: А если я тебе одновременно с двух рук бью,ты будешь ловить две плюхи?
00:00:01: [LOOC] Robert O'Connor: А если я тебе одновременно с двух рук бью,ты будешь ловить две плюхи?
00:00:04: [LOOC] Robert O'Connor: Ответь.
00:00:04: [LOOC] Robert O'Connor: Ответь.
00:00:11: [LOOC] Sam Brigerd: Это разные вещи
00:00:11: [LOOC] Sam Brigerd: Это разные вещи
00:00:13: [LOOC] Robert O'Connor: Неа.
00:00:13: [LOOC] Robert O'Connor: Неа.
00:00:19: [LOOC] Robert O'Connor: Ключевое слово одновременно.
00:00:19: [LOOC] Robert O'Connor: Ключевое слово одновременно.
00:00:31: [LOOC] Robert O'Connor: И то и то синхронно выполненные ЛЕГКИЕ действия.
00:00:31: [LOOC] Robert O'Connor: И то и то синхронно выполненные ЛЕГКИЕ действия.
00:00:36: [LOOC] Sam Brigerd: Ты сравниваешь вещи, которые чисто не совмещаются
00:00:36: [LOOC] Sam Brigerd: Ты сравниваешь вещи, которые чисто не совмещаются
00:00:37: [LOOC] Robert O'Connor: Так что аналогию можно составить.
00:00:37: [LOOC] Robert O'Connor: Так что аналогию можно составить.
00:00:48: [LOOC] Robert O'Connor: То есть?Если я тебя бью сразу в два уха.
00:00:48: [LOOC] Robert O'Connor: То есть?Если я тебя бью сразу в два уха.
00:00:53: [LOOC] Sam Brigerd: Нельзя аналогично составить исходя из правил РП боя
00:00:53: [LOOC] Sam Brigerd: Нельзя аналогично составить исходя из правил РП боя
00:00:54: [LOOC] Robert O'Connor: Ты будешь ловить две плюхи?
00:00:54: [LOOC] Robert O'Connor: Ты будешь ловить две плюхи?
00:00:59: ScorpKrutoy (STEAM_0:0:70796635/95.47.27.76:27005) has connected.
00:01:03: [LOOC] Sam Brigerd: Ибо каждый удар может снять одно хп
00:01:03: [LOOC] Sam Brigerd: Ибо каждый удар может снять одно хп
00:01:07: [LOOC] Sam Brigerd: эмоут
00:01:07: [LOOC] Sam Brigerd: эмоут
00:01:13: [LOOC] Robert O'Connor: А ты меня и вяжешь,и бьешь.
00:01:13: [LOOC] Robert O'Connor: А ты меня и вяжешь,и бьешь.
00:01:16: [LOOC] Sam Brigerd: серию ударов нанести, конечно, можно
00:01:16: [LOOC] Sam Brigerd: серию ударов нанести, конечно, можно
00:01:17: [LOOC] Robert O'Connor: Это много.
00:01:17: [LOOC] Robert O'Connor: Это много.
00:01:22: [LOOC] Sam Brigerd: Я тебя не вяжу.
00:01:22: [LOOC] Sam Brigerd: Я тебя не вяжу.
00:01:27: [LOOC] Robert O'Connor: А нахуй тогда рукИ?
00:01:27: [LOOC] Robert O'Connor: А нахуй тогда рукИ?
00:01:37: [LOOC] Robert O'Connor: Просто чтобы отмазаться после сильного первого действия?
00:01:37: [LOOC] Robert O'Connor: Просто чтобы отмазаться после сильного первого действия?
00:01:39: [LOOC] Sam Brigerd: Я, на тебя напрыгивая, уже готовлю руки, чтобы схватить
00:01:39: [LOOC] Sam Brigerd: Я, на тебя напрыгивая, уже готовлю руки, чтобы схватить
00:01:43: [LOOC] Gavin Walton: за время того, как ты хватаешь руки, можно и согнуться, и в сторону уйти
00:01:43: [LOOC] Gavin Walton: за время того, как ты хватаешь руки, можно и согнуться, и в сторону уйти
00:01:45: [LOOC] Sam Brigerd: И бью
00:01:45: [LOOC] Sam Brigerd: И бью
00:01:50: [LOOC] Robert O'Connor: Так-то да.
00:01:50: [LOOC] Robert O'Connor: Так-то да.
00:02:05: [LOOC] Robert O'Connor: Так что давай битву 1-1 выполнять одно действие - 1 емоут.
00:02:05: [LOOC] Robert O'Connor: Так что давай битву 1-1 выполнять одно действие - 1 емоут.
00:02:17: [LOOC] Sam Brigerd: Мое действие не снимает с тебя только 1 хп
00:02:17: [LOOC] Sam Brigerd: Мое действие не снимает с тебя только 1 хп
00:02:23: [LOOC] Sam Brigerd: И мои действия поддаются логике
00:02:23: [LOOC] Sam Brigerd: И мои действия поддаются логике
00:02:34: [LOOC] Robert O'Connor: То есть не снимает с меня только 1 хп?
00:02:34: [LOOC] Robert O'Connor: То есть не снимает с меня только 1 хп?
00:02:37: [LOOC] Robert O'Connor: Смотри.
00:02:37: [LOOC] Robert O'Connor: Смотри.
00:02:40: [LOOC] Robert O'Connor: Объясняю логически.
00:02:40: [LOOC] Robert O'Connor: Объясняю логически.
00:02:44: [LOOC] Sam Brigerd: С тебя снимает 1 хп
00:02:44: [LOOC] Sam Brigerd: С тебя снимает 1 хп
00:02:45: [LOOC] Robert O'Connor: Ты меня хватаешь руками.
00:02:45: [LOOC] Robert O'Connor: Ты меня хватаешь руками.
00:02:46: [LOOC] Robert O'Connor: Верно
00:02:46: [LOOC] Robert O'Connor: Верно
00:02:52: [LOOC] Robert O'Connor: Ты бьешь меня в голову.
00:02:52: [LOOC] Robert O'Connor: Ты бьешь меня в голову.
00:03:00: [LOOC] Sam Brigerd: Я тебя одновременно хватаю руками и бью головой
00:03:00: [LOOC] Sam Brigerd: Я тебя одновременно хватаю руками и бью головой
00:03:02: [LOOC] Robert O'Connor: Если ты меня не хватаешь - можешь еще раз роллировать.
00:03:02: [LOOC] Robert O'Connor: Если ты меня не хватаешь - можешь еще раз роллировать.
00:03:09: [LOOC] Robert O'Connor: НО ТЫ МЕНЯ НЕ ВЯЖЕШЬ,как ты сказал.
00:03:09: [LOOC] Robert O'Connor: НО ТЫ МЕНЯ НЕ ВЯЖЕШЬ,как ты сказал.
00:03:16: [LOOC] Robert O'Connor: Какой толк первого действия?
00:03:16: [LOOC] Robert O'Connor: Какой толк первого действия?
00:03:17: [LOOC] Sam Brigerd: Я и не говорил, что я тебя вяжу
00:03:17: [LOOC] Sam Brigerd: Я и не говорил, что я тебя вяжу
00:03:30: [LOOC] Robert O'Connor: Вязать,я имею ввиду в плане драки.
00:03:30: [LOOC] Robert O'Connor: Вязать,я имею ввиду в плане драки.
00:03:39: [LOOC] Robert O'Connor: Руки руками хватать.
00:03:39: [LOOC] Robert O'Connor: Руки руками хватать.
00:03:40: [LOOC] Sam Brigerd: Толк первого действия -- оставить тебя без возможности контр-атаки руками
00:03:40: [LOOC] Sam Brigerd: Толк первого действия -- оставить тебя без возможности контр-атаки руками
00:04:24: [LOOC] Robert O'Connor: Так оло,это нелогично нехуя.
00:04:24: [LOOC] Robert O'Connor: Так оло,это нелогично нехуя.
00:04:39: [LOOC] Robert O'Connor: Ты меня ОГРАНИЧЕВАЕШЬ выполнять действие.
00:04:39: [LOOC] Robert O'Connor: Ты меня ОГРАНИЧЕВАЕШЬ выполнять действие.
00:04:47: [LOOC] Robert O'Connor: Тобишь,либо ты ОГРАНИЧИВАЕШЬ,хватая.
00:04:47: [LOOC] Robert O'Connor: Тобишь,либо ты ОГРАНИЧИВАЕШЬ,хватая.
00:04:51: [LOOC] Robert O'Connor: Либо,ты меня БЬЕШЬ.
00:04:51: [LOOC] Robert O'Connor: Либо,ты меня БЬЕШЬ.
00:04:54: [LOOC] Robert O'Connor: Два выхода.
00:04:54: [LOOC] Robert O'Connor: Два выхода.
00:05:05: [LOOC] Sam Brigerd: С точки зрения логики я могу тебя одновременно ограничить и ударить
00:05:05: [LOOC] Sam Brigerd: С точки зрения логики я могу тебя одновременно ограничить и ударить
00:05:12: [LOOC] Sam Brigerd: С точки зрения РП боя я могу это сделать
00:05:12: [LOOC] Sam Brigerd: С точки зрения РП боя я могу это сделать
00:05:15: [LOOC] Robert O'Connor: Ну блять,с точки зрения РП нет.
00:05:15: [LOOC] Robert O'Connor: Ну блять,с точки зрения РП нет.
00:05:24: [LOOC] Sam Brigerd: С точки зрения РП как раз таки да
00:05:24: [LOOC] Sam Brigerd: С точки зрения РП как раз таки да
00:05:27: [LOOC] Robert O'Connor: Неа.
00:05:27: [LOOC] Robert O'Connor: Неа.
00:05:29: [LOOC] Robert O'Connor: Смотри.
00:05:29: [LOOC] Robert O'Connor: Смотри.
00:05:36: [LOOC] Sam Brigerd: Я не собираюсь смотреть
00:05:36: [LOOC] Sam Brigerd: Я не собираюсь смотреть
00:05:40: [LOOC] Robert O'Connor: Ты говоришь,что я не могу нанести тебе два удара.
00:05:40: [LOOC] Robert O'Connor: Ты говоришь,что я не могу нанести тебе два удара.
00:05:46: [LOOC] Robert O'Connor: Так как это два снятия хп.
00:05:46: [LOOC] Robert O'Connor: Так как это два снятия хп.
00:05:54: [LOOC] Sam Brigerd: Ты можешь нанести два удара
00:05:54: [LOOC] Sam Brigerd: Ты можешь нанести два удара
00:05:58: [LOOC] Sam Brigerd: Но это снимет одно хп
00:05:58: [LOOC] Sam Brigerd: Но это снимет одно хп
00:06:02: [LOOC] Robert O'Connor: Но наносить удар и ограничивать мое действие ты делаешь.
00:06:02: [LOOC] Robert O'Connor: Но наносить удар и ограничивать мое действие ты делаешь.
00:06:06: [LOOC] Gavin Walton: Да бля, игарйте вы по одному действию за ход. СложноеЮ легкое, не авжно
00:06:06: [LOOC] Gavin Walton: Да бля, игарйте вы по одному действию за ход. СложноеЮ легкое, не авжно
00:06:18: [LOOC] Robert O'Connor: Так я говорю,он не хочет.
00:06:18: [LOOC] Robert O'Connor: Так я говорю,он не хочет.
00:06:20: [LOOC] Sam Brigerd: Я могу провести оба действия
00:06:20: [LOOC] Sam Brigerd: Я могу провести оба действия
00:06:27: [LOOC] Sam Brigerd: Потому, что я провожу их не по очереди
00:06:27: [LOOC] Sam Brigerd: Потому, что я провожу их не по очереди
00:06:32: [LOOC] Sam Brigerd: Я провожу их одновременно
00:06:32: [LOOC] Sam Brigerd: Я провожу их одновременно
00:06:40: [LOOC] Gavin Walton: бляяяять
00:06:40: [LOOC] Gavin Walton: бляяяять
00:06:45: [LOOC] Gavin Walton: че вы такие сложные
00:06:45: [LOOC] Gavin Walton: че вы такие сложные
00:06:48: [LOOC] Robert O'Connor: Окей,я блять отыгрываю челика,у которого много рук.
00:06:48: [LOOC] Robert O'Connor: Окей,я блять отыгрываю челика,у которого много рук.
00:07:01: [LOOC] Robert O'Connor: Если я за одно действие успею тебя опиздюлить,это будет считаться?
00:07:01: [LOOC] Robert O'Connor: Если я за одно действие успею тебя опиздюлить,это будет считаться?
00:07:09: [LOOC] Sam Brigerd: И мы кидаем 2 ролла потому, что я могу тебя схватить за руки, но не ударить по голове
00:07:09: [LOOC] Sam Brigerd: И мы кидаем 2 ролла потому, что я могу тебя схватить за руки, но не ударить по голове
00:07:16: [LOOC] Sam Brigerd: Ты не так сравниваешь вещи
00:07:16: [LOOC] Sam Brigerd: Ты не так сравниваешь вещи
00:07:20: [LOOC] Robert O'Connor: А как?
00:07:20: [LOOC] Robert O'Connor: А как?
00:07:28: [LOOC] Sam Brigerd: С точки зрения РП снести хп можно лишь одно
00:07:28: [LOOC] Sam Brigerd: С точки зрения РП снести хп можно лишь одно
00:07:33: [LOOC] Robert O'Connor: Не,ну а чо.
00:07:33: [LOOC] Robert O'Connor: Не,ну а чо.
00:07:37: [LOOC] Sam Brigerd: Но отсальные вещи он не ограничивает
00:07:37: [LOOC] Sam Brigerd: Но отсальные вещи он не ограничивает
00:07:43: [LOOC] Robert O'Connor: Я одновременно и ноги и руки и голову и хуй и туловище хватаю.
00:07:43: [LOOC] Robert O'Connor: Я одновременно и ноги и руки и голову и хуй и туловище хватаю.
00:07:47: [LOOC] Robert O'Connor: Кидай двадцать роллов.
00:07:47: [LOOC] Robert O'Connor: Кидай двадцать роллов.
00:07:52: [LOOC] Sam Brigerd: Если я тебе выстрелю в ногу
00:07:52: [LOOC] Sam Brigerd: Если я тебе выстрелю в ногу
00:08:07: [LOOC] Sam Brigerd: Мы кинем ролл на попадание и повреждение суставов или сухожилий
00:08:07: [LOOC] Sam Brigerd: Мы кинем ролл на попадание и повреждение суставов или сухожилий
00:08:13: [LOOC] Robert O'Connor: Один ролл,оле.
00:08:13: [LOOC] Robert O'Connor: Один ролл,оле.
00:08:21: [LOOC] Robert O'Connor: Далее кидает уже челик.
00:08:21: [LOOC] Robert O'Connor: Далее кидает уже челик.
00:08:26: [LOOC] Robert O'Connor: Именно в боевке 1 ролл.
00:08:26: [LOOC] Robert O'Connor: Именно в боевке 1 ролл.
00:08:30: [LOOC] Robert O'Connor: Второй уже НЕ боевой.
00:08:30: [LOOC] Robert O'Connor: Второй уже НЕ боевой.
00:08:34: [LOOC] Robert O'Connor: А ролл повреждения.
00:08:34: [LOOC] Robert O'Connor: А ролл повреждения.
00:08:39: [LOOC] Robert O'Connor: Он не считается ходом.
00:08:39: [LOOC] Robert O'Connor: Он не считается ходом.
00:08:46: [LOOC] Gavin Walton: блять чё сука сложного, играйте по одному действию, ебаный рот, всегда так было
00:08:46: [LOOC] Gavin Walton: блять чё сука сложного, играйте по одному действию, ебаный рот, всегда так было
00:08:49: [LOOC] Sam Brigerd: Мое обездвиживание тебя не является повреждением
00:08:49: [LOOC] Sam Brigerd: Мое обездвиживание тебя не является повреждением
00:08:51: [LOOC] Robert O'Connor: Вот рили.
00:08:51: [LOOC] Robert O'Connor: Вот рили.
00:08:55: [LOOC] Robert O'Connor: Гэвин.
00:08:55: [LOOC] Robert O'Connor: Гэвин.
00:08:58: [LOOC] Robert O'Connor: Тему говорит.
00:08:58: [LOOC] Robert O'Connor: Тему говорит.
00:09:00: [LOOC] Sam Brigerd: Ты просто уперся и несешь свою хуйню
00:09:00: [LOOC] Sam Brigerd: Ты просто уперся и несешь свою хуйню
00:09:06: [LOOC] Sam Brigerd: Да мне похуй на тему Гэвина
00:09:06: [LOOC] Sam Brigerd: Да мне похуй на тему Гэвина
00:09:09: [LOOC] Robert O'Connor: Всегда играли один ход один эмоут.
00:09:09: [LOOC] Robert O'Connor: Всегда играли один ход один эмоут.
00:09:10: [LOOC] Robert O'Connor: ВЕЗДЕ
00:09:10: [LOOC] Robert O'Connor: ВЕЗДЕ
00:09:12: [LOOC] Gavin Walton: ебаный пиздец
00:09:12: [LOOC] Gavin Walton: ебаный пиздец
00:09:19: [LOOC] Robert O'Connor: ОДНО ДЕЙСТВИЕ,ОДИН ЭМОУТ,
00:09:19: [LOOC] Robert O'Connor: ОДНО ДЕЙСТВИЕ,ОДИН ЭМОУТ,
00:09:30: [LOOC] Robert O'Connor: Такие эмоуты в два действия имбалансны.
00:09:30: [LOOC] Robert O'Connor: Такие эмоуты в два действия имбалансны.
00:09:36: [LOOC] Robert O'Connor: У тебя больше вероятность выиграть.
00:09:36: [LOOC] Robert O'Connor: У тебя больше вероятность выиграть.
00:09:41: [LOOC] Sam Brigerd: Этот эмоут не является имбалансным
00:09:41: [LOOC] Sam Brigerd: Этот эмоут не является имбалансным
00:09:44: [LOOC] Gavin Walton: не, ну знаешь, с точки зрения логики я могу тут же очнуться после удара по голове
00:09:44: [LOOC] Gavin Walton: не, ну знаешь, с точки зрения логики я могу тут же очнуться после удара по голове
00:09:45: [LOOC] Robert O'Connor: Является.
00:09:45: [LOOC] Robert O'Connor: Является.
00:09:50: [LOOC] Robert O'Connor: Ну да.
00:09:50: [LOOC] Robert O'Connor: Ну да.
00:09:50: [LOOC] Sam Brigerd: Ибо я не наношу тебе повреждения
00:09:50: [LOOC] Sam Brigerd: Ибо я не наношу тебе повреждения
00:09:54: [LOOC] Robert O'Connor: И?
00:09:54: [LOOC] Robert O'Connor: И?
00:09:56: [LOOC] Robert O'Connor: Ну чувак.
00:09:56: [LOOC] Robert O'Connor: Ну чувак.
00:10:00: [LOOC] Sam Brigerd: Хватом за руки
00:10:00: [LOOC] Sam Brigerd: Хватом за руки
00:10:02: [LOOC] Robert O'Connor: Везде,на всех серверах.
00:10:02: [LOOC] Robert O'Connor: Везде,на всех серверах.
00:10:11: [LOOC] Sam Brigerd: Можно совершить подобное действие
00:10:11: [LOOC] Sam Brigerd: Можно совершить подобное действие
00:10:21: [LOOC] Robert O'Connor: Хочешь сказать,действия которые не наносят дамаг,можно делать бесконечно?
00:10:21: [LOOC] Robert O'Connor: Хочешь сказать,действия которые не наносят дамаг,можно делать бесконечно?
00:10:25: [LOOC] Robert O'Connor: Этож тупо.
00:10:25: [LOOC] Robert O'Connor: Этож тупо.
00:10:41: [LOOC] Sam Brigerd: Мх можно делать, если они подходят с точки зрения логики
00:10:41: [LOOC] Sam Brigerd: Мх можно делать, если они подходят с точки зрения логики
00:10:53: [LOOC] Robert O'Connor: Я играю за монстра,с 20 руками.
00:10:53: [LOOC] Robert O'Connor: Я играю за монстра,с 20 руками.
00:11:02: [LOOC] Gavin Walton: так, а мы играем логик бой? Я думал что у нас бой с хп
00:11:02: [LOOC] Gavin Walton: так, а мы играем логик бой? Я думал что у нас бой с хп
00:11:02: [LOOC] Robert O'Connor: Я вяжу тебя со ВСЕХ сторон,и бью одной лапкой.
00:11:02: [LOOC] Robert O'Connor: Я вяжу тебя со ВСЕХ сторон,и бью одной лапкой.
00:11:09: [LOOC] Robert O'Connor: Ты будешь играть 19 роллов?
00:11:09: [LOOC] Robert O'Connor: Ты будешь играть 19 роллов?
00:11:23: [LOOC] Sam Brigerd: 2 ролла
00:11:23: [LOOC] Sam Brigerd: 2 ролла
00:11:25: [LOOC] Gavin Walton: блять
00:11:25: [LOOC] Gavin Walton: блять
00:11:27: [LOOC] Robert O'Connor: И причем,чтобы вырваться,тебе нужно будет кидать 12 роллов.
00:11:27: [LOOC] Robert O'Connor: И причем,чтобы вырваться,тебе нужно будет кидать 12 роллов.
00:11:28: [LOOC] Sam Brigerd: На удар и на хваты
00:11:28: [LOOC] Sam Brigerd: На удар и на хваты
00:11:32: [LOOC] Robert O'Connor: 19*
00:11:32: [LOOC] Robert O'Connor: 19*
00:11:35: [LOOC] Sam Brigerd: Нет 2
00:11:35: [LOOC] Sam Brigerd: Нет 2
00:11:38: [LOOC] Sam Brigerd: И сейчас
00:11:38: [LOOC] Sam Brigerd: И сейчас
00:11:43: [LOOC] Sam Brigerd: Мы кидаем 2 ролла потому
00:11:43: [LOOC] Sam Brigerd: Мы кидаем 2 ролла потому
00:11:43: [LOOC] Robert O'Connor: Так оло,одновременные же действия.
00:11:43: [LOOC] Robert O'Connor: Так оло,одновременные же действия.
00:12:02: [LOOC] Robert O'Connor: НУ С ТОЧКИ ЗРЕНИЯ ЛОГИКИ ТЫ НЕ МОЖЕШЬ ВЫРВАТЬ НОГУ,ВЫРЫВАЯ РУКУ
00:12:02: [LOOC] Robert O'Connor: НУ С ТОЧКИ ЗРЕНИЯ ЛОГИКИ ТЫ НЕ МОЖЕШЬ ВЫРВАТЬ НОГУ,ВЫРЫВАЯ РУКУ
00:12:10: [LOOC] Robert O'Connor: Давай играть по правилам рп.
00:12:10: [LOOC] Robert O'Connor: Давай играть по правилам рп.
00:12:13: [LOOC] Robert O'Connor: По правилам ИГРЫ.
00:12:13: [LOOC] Robert O'Connor: По правилам ИГРЫ.
00:12:16: [LOOC] Robert O'Connor: Мы не в ИРЛ,
00:12:16: [LOOC] Robert O'Connor: Мы не в ИРЛ,
00:12:33: [LOOC] Sam Brigerd: С точки зрения логики я могу брыкаться так, чтобы вырвать и руку, и ног
00:12:33: [LOOC] Sam Brigerd: С точки зрения логики я могу брыкаться так, чтобы вырвать и руку, и ног
00:12:39: [LOOC] Robert O'Connor: Ну так
00:12:39: [LOOC] Robert O'Connor: Ну так
00:12:41: [LOOC] Robert O'Connor: Два ролла
00:12:41: [LOOC] Robert O'Connor: Два ролла
00:12:44: [LOOC] Robert O'Connor: На руку и на ногу
00:12:44: [LOOC] Robert O'Connor: На руку и на ногу
00:12:47: vladkick (STEAM_0:1:78186203/46.98.109.97:1024) has connected.
00:12:51: [LOOC] Sam Brigerd: Если-бы я выйграл ролл на хват
00:12:51: [LOOC] Sam Brigerd: Если-бы я выйграл ролл на хват
00:12:55: [LOOC] Sam Brigerd: Ты-бы не ныл про то
00:12:55: [LOOC] Sam Brigerd: Ты-бы не ныл про то
00:13:01: [LOOC] Sam Brigerd: Что я роллю еще и на удар
00:13:01: [LOOC] Sam Brigerd: Что я роллю еще и на удар
00:13:09: [LOOC] Robert O'Connor: Как бы ало.
00:13:09: [LOOC] Robert O'Connor: Как бы ало.
00:13:13: [LOOC] Robert O'Connor: Ты меня захватываешь.
00:13:13: [LOOC] Robert O'Connor: Ты меня захватываешь.
00:13:16: [LOOC] Robert O'Connor: И еще бьешь.
00:13:16: [LOOC] Robert O'Connor: И еще бьешь.
00:13:19: [LOOC] Robert O'Connor: Смотри.
00:13:19: [LOOC] Robert O'Connor: Смотри.
00:13:24: [LOOC] Sam Brigerd: Я делаю это одновременно
00:13:24: [LOOC] Sam Brigerd: Я делаю это одновременно
00:13:25: [LOOC] Robert O'Connor: Вернемся к монстру.
00:13:25: [LOOC] Robert O'Connor: Вернемся к монстру.
00:13:45: [LOOC] Robert O'Connor: Я одновременно готовлю взрывчатку,хватаю тебя,бью тебя,готовлю пельмени и крафчу ствол.
00:13:45: [LOOC] Robert O'Connor: Я одновременно готовлю взрывчатку,хватаю тебя,бью тебя,готовлю пельмени и крафчу ствол.
00:13:47: [LOOC] Sam Brigerd: Монсру сложно будет так контролировать 20 конечностей, чтобы и схватить, и ударить
00:13:47: [LOOC] Sam Brigerd: Монсру сложно будет так контролировать 20 конечностей, чтобы и схватить, и ударить
00:13:51: [LOOC] Robert O'Connor: Да ну?
00:13:51: [LOOC] Robert O'Connor: Да ну?
00:14:09: [LOOC] Robert O'Connor: С точки зрения логики,он может ОХУЕННО ими контроллировать.
00:14:09: [LOOC] Robert O'Connor: С точки зрения логики,он может ОХУЕННО ими контроллировать.
00:14:12: [LOOC] Robert O'Connor: Он СВЕРХМОЗГ.
00:14:12: [LOOC] Robert O'Connor: Он СВЕРХМОЗГ.
00:14:23: [LOOC] Sam Brigerd: Это уже является имбалансным чаром
00:14:23: [LOOC] Sam Brigerd: Это уже является имбалансным чаром
00:14:34: [LOOC] Robert O'Connor: Твой удар в плане меня является ИМБАЛАНСНЫМ.
00:14:34: [LOOC] Robert O'Connor: Твой удар в плане меня является ИМБАЛАНСНЫМ.
00:14:44: [LOOC] Sam Brigerd: Он не является ибмалансным
00:14:44: [LOOC] Sam Brigerd: Он не является ибмалансным
00:14:57: [LOOC] Robert O'Connor: Потому что при выполнении двух действий НА ТВОЕЙ СТОРОНЕ,у тебя БОЛЬШЕ шансов победить.
00:14:57: [LOOC] Robert O'Connor: Потому что при выполнении двух действий НА ТВОЕЙ СТОРОНЕ,у тебя БОЛЬШЕ шансов победить.
00:15:20: [LOOC] Sam Brigerd: Я на тебя упал. Я тебя в слепую хватаю руками и внимательней бью головой
00:15:20: [LOOC] Sam Brigerd: Я на тебя упал. Я тебя в слепую хватаю руками и внимательней бью головой
00:15:34: [LOOC] Robert O'Connor: Давай тогда честно и по логике,пока ты хватаешь мои руки неудачно,я могу ебнуть тебя руками,ты же от них закрывался.
00:15:34: [LOOC] Robert O'Connor: Давай тогда честно и по логике,пока ты хватаешь мои руки неудачно,я могу ебнуть тебя руками,ты же от них закрывался.
00:15:42: [LOOC] Robert O'Connor: Раз уж ты ходишь ДВА раза.
00:15:42: [LOOC] Robert O'Connor: Раз уж ты ходишь ДВА раза.
00:15:48: [LOOC] Robert O'Connor: По логике РП.
00:15:48: [LOOC] Robert O'Connor: По логике РП.
00:15:51: [LOOC] Sam Brigerd: Я тебя одновременно хватаю руками и бью головой
00:15:51: [LOOC] Sam Brigerd: Я тебя одновременно хватаю руками и бью головой
00:15:57: [LOOC] Sam Brigerd: Пока ты замахиваешься
00:15:57: [LOOC] Sam Brigerd: Пока ты замахиваешься
00:16:00: [LOOC] Robert O'Connor: А я одновременно с этим вытягиваю руки.
00:16:00: [LOOC] Robert O'Connor: А я одновременно с этим вытягиваю руки.
00:16:02: [LOOC] Sam Brigerd: Я уже нанес удар головой
00:16:02: [LOOC] Sam Brigerd: Я уже нанес удар головой
00:16:05: [LOOC] Robert O'Connor: Не.
00:16:05: [LOOC] Robert O'Connor: Не.
00:16:08: [LOOC] Robert O'Connor: Я не замахиваюсь.
00:16:08: [LOOC] Robert O'Connor: Я не замахиваюсь.
00:16:11: [LOOC] Robert O'Connor: Я ОДНОВРЕМЕННО
00:16:11: [LOOC] Robert O'Connor: Я ОДНОВРЕМЕННО
00:16:21: [LOOC] Robert O'Connor: Бью тебя,пока ты хватаешь меня.
00:16:21: [LOOC] Robert O'Connor: Бью тебя,пока ты хватаешь меня.
00:16:21: [LOOC] Sam Brigerd: Ты не можешь ходить во время моего хода
00:16:21: [LOOC] Sam Brigerd: Ты не можешь ходить во время моего хода
00:16:29: [LOOC] Robert O'Connor: Да?
00:16:29: [LOOC] Robert O'Connor: Да?
00:16:36: vladkick has loaded the character 'Vladislav Sizov'.
00:16:44: [LOOC] Robert O'Connor: Тогда твое действие считается не честным.
00:16:44: [LOOC] Robert O'Connor: Тогда твое действие считается не честным.
00:16:45: [LOOC] Sam Brigerd: Сейчас все скатилось до того, что ты доебываешься до слов
00:16:45: [LOOC] Sam Brigerd: Сейчас все скатилось до того, что ты доебываешься до слов
00:16:53: [LOOC] Robert O'Connor: Я тебе говорю
00:16:53: [LOOC] Robert O'Connor: Я тебе говорю
00:16:57: [LOOC] Robert O'Connor: Действие НЕ честно.
00:16:57: [LOOC] Robert O'Connor: Действие НЕ честно.
00:17:06: [LOOC] Robert O'Connor: У тебя БОЛЬШЕ шансов это сделать,чем при одном ролле.
00:17:06: [LOOC] Robert O'Connor: У тебя БОЛЬШЕ шансов это сделать,чем при одном ролле.
00:17:10: [LOOC] Robert O'Connor: Потому что ход ТВОЙ,
00:17:10: [LOOC] Robert O'Connor: Потому что ход ТВОЙ,
00:17:17: [LOOC] Sam Brigerd: И ты-бы  сейчас не сраслся со мной, не будь у тебя ролл 95
00:17:17: [LOOC] Sam Brigerd: И ты-бы  сейчас не сраслся со мной, не будь у тебя ролл 95
00:17:30: [LOOC] Robert O'Connor: По-моему,ты сейчас прикапываешься.
00:17:30: [LOOC] Robert O'Connor: По-моему,ты сейчас прикапываешься.
00:17:35: [LOOC] Robert O'Connor: Следи за словами.
00:17:35: [LOOC] Robert O'Connor: Следи за словами.
00:17:39: [LOOC] Robert O'Connor: У тебя БОЛЬШЕ шанс.
00:17:39: [LOOC] Robert O'Connor: У тебя БОЛЬШЕ шанс.
00:17:41: [LOOC] Sam Brigerd: Я за ними слежу.
00:17:41: [LOOC] Sam Brigerd: Я за ними слежу.
00:17:48: [LOOC] Robert O'Connor: Так как ты ходишь в СВОЙ ход.
00:17:48: [LOOC] Robert O'Connor: Так как ты ходишь в СВОЙ ход.
00:17:49: [LOOC] Vladislav Sizov: вы все еще деретесь?
00:17:49: [LOOC] Vladislav Sizov: вы все еще деретесь?
00:17:51: [LOOC] Robert O'Connor: ДВА броска ролла.
00:17:51: [LOOC] Robert O'Connor: ДВА броска ролла.
00:17:59: [LOOC] Sam Brigerd: Два броска ролла потому
00:17:59: [LOOC] Sam Brigerd: Два броска ролла потому
00:18:07: [LOOC] Robert O'Connor: Это НЕЧЕСТНОЕ действие.
00:18:07: [LOOC] Robert O'Connor: Это НЕЧЕСТНОЕ действие.
00:18:09: [LOOC] Sam Brigerd: Что я могу тебя схватить руками, но не ударить головой
00:18:09: [LOOC] Sam Brigerd: Что я могу тебя схватить руками, но не ударить головой
00:18:13: [LOOC] Vladislav Sizov: они все еще дерутся?
00:18:13: [LOOC] Vladislav Sizov: они все еще дерутся?
00:18:15: [LOOC] Sam Brigerd: Это наиболее честное действие к тебе
00:18:15: [LOOC] Sam Brigerd: Это наиболее честное действие к тебе
00:18:16: [LOOC] Robert O'Connor: У тебя ДВА шанса.
00:18:16: [LOOC] Robert O'Connor: У тебя ДВА шанса.
00:18:18: [LOOC] Gavin Walton: Срутся
00:18:18: [LOOC] Gavin Walton: Срутся
00:18:22: [LOOC] Robert O'Connor: И это будет два РАЗНЫХ результата.
00:18:22: [LOOC] Robert O'Connor: И это будет два РАЗНЫХ результата.
00:18:23: [LOOC] Gavin Walton: Не мешай пж
00:18:23: [LOOC] Gavin Walton: Не мешай пж
00:18:23: [LOOC] Sam Brigerd: Это два шанса для тебя
00:18:23: [LOOC] Sam Brigerd: Это два шанса для тебя
00:18:24: [LOOC] Vladislav Sizov: аааааааааа
00:18:24: [LOOC] Vladislav Sizov: аааааааааа
00:18:29: [LOOC] Gavin Walton: фалловер
00:18:29: [LOOC] Gavin Walton: фалловер
00:18:30: [LOOC] Robert O'Connor: Я не делаю НИЧЕГО в твой ход.
00:18:30: [LOOC] Robert O'Connor: Я не делаю НИЧЕГО в твой ход.
00:18:36: [LOOC] Robert O'Connor: Это не дает мне профита.
00:18:36: [LOOC] Robert O'Connor: Это не дает мне профита.
00:18:43: [LOOC] Sam Brigerd: Я могу выйграть ролл в хвате, но не выйграть в ударе
00:18:43: [LOOC] Sam Brigerd: Я могу выйграть ролл в хвате, но не выйграть в ударе
00:18:56: [LOOC] Sam Brigerd: Это не мои два шанса,а твои
00:18:56: [LOOC] Sam Brigerd: Это не мои два шанса,а твои
00:18:58: Gavin Walton has gained a Bag of 'Lays' chips 1529875431.
00:18:59: [LOOC] Robert O'Connor: Чувак.
00:18:59: [LOOC] Robert O'Connor: Чувак.
00:19:06: [LOOC] Robert O'Connor: Если ТЫ не выиграешь.
00:19:06: [LOOC] Robert O'Connor: Если ТЫ не выиграешь.
00:19:11: [LOOC] Robert O'Connor: Ты НИЧЕГО не потеряешь.
00:19:11: [LOOC] Robert O'Connor: Ты НИЧЕГО не потеряешь.
00:19:14: [LOOC] Robert O'Connor: Если я ПРОИГРАЮ.
00:19:14: [LOOC] Robert O'Connor: Если я ПРОИГРАЮ.
00:19:15: [LOOC] Sam Brigerd: Это действие не имбалансно. Оно равняет наши шансы
00:19:15: [LOOC] Sam Brigerd: Это действие не имбалансно. Оно равняет наши шансы
00:19:21: [LOOC] Robert O'Connor: Я ловлю действие твое.
00:19:21: [LOOC] Robert O'Connor: Я ловлю действие твое.
00:19:37: [LOOC] Sam Brigerd: Если я не выиграваю хват
00:19:37: [LOOC] Sam Brigerd: Если я не выиграваю хват
00:19:43: [LOOC] Sam Brigerd: У тебя свободные руки для удара по мне
00:19:43: [LOOC] Sam Brigerd: У тебя свободные руки для удара по мне
00:19:47: [LOOC] Robert O'Connor: В этот же ход?
00:19:47: [LOOC] Robert O'Connor: В этот же ход?
00:19:53: [LOOC] Sam Brigerd: Вот твой выигрыш -- аннуляция действия хвата
00:19:53: [LOOC] Sam Brigerd: Вот твой выигрыш -- аннуляция действия хвата
00:19:59: [LOOC] Sam Brigerd: В свой, следующий ход
00:19:59: [LOOC] Sam Brigerd: В свой, следующий ход
00:20:02: [LOOC] Robert O'Connor: Это не мой выигрыш.
00:20:02: [LOOC] Robert O'Connor: Это не мой выигрыш.
00:20:05: [LOOC] Sam Brigerd: Ты сейчас тянешь бессмысленный срач
00:20:05: [LOOC] Sam Brigerd: Ты сейчас тянешь бессмысленный срач
00:20:05: [LOOC] Robert O'Connor: Я и ТАК мог это делать.
00:20:05: [LOOC] Robert O'Connor: Я и ТАК мог это делать.
00:20:15: [LOOC] Sam Brigerd: Чисто из-за того, что тебе выпал ролл 96
00:20:15: [LOOC] Sam Brigerd: Чисто из-за того, что тебе выпал ролл 96
00:20:19: [LOOC] Sam Brigerd: 95
00:20:19: [LOOC] Sam Brigerd: 95
00:20:19: [LOOC] Robert O'Connor: Ало,ты сейчас противоречишь всем правилам рп.
00:20:19: [LOOC] Robert O'Connor: Ало,ты сейчас противоречишь всем правилам рп.
00:20:23: [LOOC] Robert O'Connor: 2 действия в один ход.
00:20:23: [LOOC] Robert O'Connor: 2 действия в один ход.
00:20:35: [LOOC] Sam Brigerd: Я не противоречу правилам РП. Это действия, которые можно совершить одновременно
00:20:35: [LOOC] Sam Brigerd: Я не противоречу правилам РП. Это действия, которые можно совершить одновременно
00:20:39: [LOOC] Robert O'Connor: Нет.
00:20:39: [LOOC] Robert O'Connor: Нет.
00:20:44: [LOOC] Sam Brigerd: Ты меня уже откровенно заебал, так что иди нахуй. Я просто ливну
00:20:44: [LOOC] Sam Brigerd: Ты меня уже откровенно заебал, так что иди нахуй. Я просто ливну
00:20:45: [LOOC] Robert O'Connor: В правилах рп ВСЕГДА было.
00:20:45: [LOOC] Robert O'Connor: В правилах рп ВСЕГДА было.
00:20:50: [LOOC] Sam Brigerd: Я хочу спать
00:20:50: [LOOC] Sam Brigerd: Я хочу спать
00:20:54: [LOOC] Sam Brigerd: А не сраться с тобой
00:20:54: [LOOC] Sam Brigerd: А не сраться с тобой
00:20:54: [LOOC] Robert O'Connor: Чувак.
00:20:54: [LOOC] Robert O'Connor: Чувак.
00:20:58: [LOOC] Robert O'Connor: Ты не понимаешь.
00:20:58: [LOOC] Robert O'Connor: Ты не понимаешь.
00:21:03: [LOOC] Sam Brigerd: Завтра доиграем. И да, я все понимаю.
00:21:03: [LOOC] Sam Brigerd: Завтра доиграем. И да, я все понимаю.
00:21:05: [LOOC] Robert O'Connor: СТОЙ
00:21:05: [LOOC] Robert O'Connor: СТОЙ
00:21:15: [LOOC] Sam Brigerd: Что?
00:21:15: [LOOC] Sam Brigerd: Что?
00:21:21: [LOOC] Robert O'Connor: Кое-кому напишу.
00:21:21: [LOOC] Robert O'Connor: Кое-кому напишу.
00:21:23: [LOOC] Robert O'Connor: Жди.
00:21:23: [LOOC] Robert O'Connor: Жди.
00:21:30: [LOOC] Robert O'Connor: Atomanik: Одно действие - один ход.Atomanik: ?Atomanik: Верно же?Julia&K 💔 Septic ~: +
00:21:30: [LOOC] Robert O'Connor: Atomanik: Одно действие - один ход.Atomanik: ?Atomanik: Верно же?Julia&K 💔 Septic ~: +
00:21:37: [LOOC] Sam Brigerd: Я не собираюсь ждать
00:21:37: [LOOC] Sam Brigerd: Я не собираюсь ждать
00:21:41: [LOOC] Robert O'Connor: Админ сказал.
00:21:41: [LOOC] Robert O'Connor: Админ сказал.
00:21:47: [LOOC] Robert O'Connor: Одно действие - один ход.
00:21:47: [LOOC] Robert O'Connor: Одно действие - один ход.
00:21:51: [LOOC] Sam Brigerd: Твой вопрос был сформулирован так, что ответ на него очивиден
00:21:51: [LOOC] Sam Brigerd: Твой вопрос был сформулирован так, что ответ на него очивиден
00:22:03: [LOOC] Robert O'Connor: Она могла минус поставить.
00:22:03: [LOOC] Robert O'Connor: Она могла минус поставить.
00:22:04: [LOOC] Sam Brigerd: Подробней ты опиши ситуацию -- он ответил-бы по другому
00:22:04: [LOOC] Sam Brigerd: Подробней ты опиши ситуацию -- он ответил-бы по другому
00:22:08: [LOOC] Sam Brigerd: Оно
00:22:08: [LOOC] Sam Brigerd: Оно
00:22:10: [LOOC] Robert O'Connor: Смотри.
00:22:10: [LOOC] Robert O'Connor: Смотри.
00:22:13: [LOOC] Robert O'Connor: Пишу ей.
00:22:13: [LOOC] Robert O'Connor: Пишу ей.
00:22:27: Gavin Walton has used '/CharFallOver'.
00:22:28: Gavin Walton has used '/CharGetUp'.
00:22:29: [LOOC] Sam Brigerd: Я не собираюсь смотреть. Отъебись уже. Завтра отыграем, я не собираюсь тратить на тебя нервные клетки
00:22:29: [LOOC] Sam Brigerd: Я не собираюсь смотреть. Отъебись уже. Завтра отыграем, я не собираюсь тратить на тебя нервные клетки
00:22:33: [LOOC] Sam Brigerd: связи
00:22:33: [LOOC] Sam Brigerd: связи
00:22:35: [LOOC] Robert O'Connor: Нет блять.
00:22:35: [LOOC] Robert O'Connor: Нет блять.
00:22:38: [LOOC] Robert O'Connor: Стой.
00:22:38: [LOOC] Robert O'Connor: Стой.
00:22:42: [LOOC] Robert O'Connor: Не ливрпш.
00:22:42: [LOOC] Robert O'Connor: Не ливрпш.
00:22:51: [LOOC] Sam Brigerd: Я не ЛивРПшу. Я готов доиграть потом
00:22:51: [LOOC] Sam Brigerd: Я не ЛивРПшу. Я готов доиграть потом
00:22:56: Sam Brigerd (STEAM_0:0:78302726/78.108.79.30:40312) has disconnected.
00:23:08: [OOC] Gavin Walton: На чем порешали
00:23:26: [LOOC] Vladislav Sizov: suklol
00:23:26: [LOOC] Vladislav Sizov: suklol
00:23:45: [OOC] Vladislav Sizov: ладно, пойду. спокойной ночи
00:23:53: Gavin Walton has used '/PM Siz Давай'.
00:24:38: Gavin Walton has gained a Bag of 'Lays' chips 1529596329.
00:24:41: Vladislav Sizov (STEAM_0:1:78186203/46.98.109.97:1024) has disconnected.
00:25:02: [LOOC] Gavin Walton: Че решили то
00:25:02: [LOOC] Gavin Walton: Че решили то
00:25:05: [LOOC] Robert O'Connor: Он ливнул
00:25:05: [LOOC] Robert O'Connor: Он ливнул
00:25:07: [LOOC] Robert O'Connor: Нихуя не решили
00:25:07: [LOOC] Robert O'Connor: Нихуя не решили
00:25:09: [LOOC] Gavin Walton: блять
00:25:09: [LOOC] Gavin Walton: блять
00:27:31: [OOC] Gavin Walton: Ладно, давай, удачи
00:27:35: [OOC] Robert O'Connor: Давай
00:27:45: Gavin Walton (STEAM_0:1:103985165/90.188.169.167:27005) has disconnected.
00:36:40: Robert O'Connor (STEAM_0:1:87722073/83.149.47.170:59980) has disconnected.
