19:01:02: Taishō Septic (STEAM_0:0:34008601 / 37.113.186.70:27005) has connected.
19:01:49: Taishō Septic has loaded the character 'CCA:c17.sc.0328'.
19:01:51: CCA:c17.sc.0328 has used '/Observer'.
19:02:24: CCA:c17.sc.0328 has used '/Observer'.
19:03:29: CCA:c17.sc.0328 has gained a Standard Civil Protection Headset 1532102609.
19:03:29: CCA:c17.sc.0328 has used '/InvAction use standard_civil_protection_headset 1532102609'.
19:03:32: CCA:c17.sc.0328 has gained a Gasmask Mark 2 1532102613.
19:03:32: CCA:c17.sc.0328 has used '/InvAction use gasmask_mark_2 1532102613'.
19:03:39: CCA:c17.sc.0328 has lost a Gasmask Mark 2 1532102613.
19:03:43: CCA:c17.sc.0328 has gained a Gasmask Mark 3 1532102625.
19:03:43: CCA:c17.sc.0328 has used '/InvAction use gasmask_mark_3 1532102625'.
19:03:58: CCA:c17.sc.0328 has used '/Observer'.
19:04:21: CCA:c17.sc.0328 has used '/Observer'.
19:04:25: CCA:c17.sc.0328 has used '/Observer'.
19:04:27: CCA:c17.sc.0328 has used '/Observer'.
19:04:41: CCA:c17.sc.0328 has used '/Observer'.
19:04:46: CCA:c17.sc.0328 has used '/AdvertRemove'.
19:04:49: CCA:c17.sc.0328 has used '/AdvertRemove'.
19:04:51: CCA:c17.sc.0328 has used '/AdvertRemove'.
19:04:52: CCA:c17.sc.0328 has used '/AdvertRemove'.
19:04:55: CCA:c17.sc.0328 has used '/AdvertRemove'.
19:04:57: CCA:c17.sc.0328 has used '/AdvertRemove'.
19:04:58: CCA:c17.sc.0328 has used '/AdvertRemove'.
19:04:59: CCA:c17.sc.0328 has used '/AdvertRemove'.
19:07:53: CCA:c17.sc.0328 has used '/Observer'.
19:08:36: CCA:c17.sc.0328 has used '/Observer'.
19:09:04: CCA:c17.sc.0328 has used '/Observer'.
19:09:05: CCA:c17.sc.0328 has used '/Observer'.
19:09:06: CCA:c17.sc.0328 has used '/Observer'.
19:09:07: CCA:c17.sc.0328 has used '/Observer'.
19:09:07: CCA:c17.sc.0328 has used '/Observer'.
19:09:07: CCA:c17.sc.0328 has used '/Observer'.
19:09:08: CCA:c17.sc.0328 has used '/Observer'.
19:09:09: CCA:c17.sc.0328 has used '/Observer'.
19:09:09: CCA:c17.sc.0328 has used '/Observer'.
19:09:11: CCA:c17.sc.0328 has used '/Observer'.
19:09:11: CCA:c17.sc.0328 has used '/Observer'.
19:09:13: CCA:c17.sc.0328 has used '/Observer'.
19:09:13: CCA:c17.sc.0328 has used '/Observer'.
19:09:26: CCA:c17.sc.0328 has used '/Observer'.
19:10:50: CCA:c17.sc.0328 has used '/Observer'.
19:10:50: CCA:c17.sc.0328 has used '/Observer'.
19:10:51: CCA:c17.sc.0328 has used '/Observer'.
19:10:51: CCA:c17.sc.0328 has used '/Observer'.
19:10:52: CCA:c17.sc.0328 has used '/Observer'.
19:10:52: CCA:c17.sc.0328 has used '/Observer'.
19:10:52: CCA:c17.sc.0328 has used '/Observer'.
19:10:53: CCA:c17.sc.0328 has used '/Observer'.
19:10:53: CCA:c17.sc.0328 has used '/Observer'.
19:10:54: CCA:c17.sc.0328 has used '/Observer'.
19:10:55: CCA:c17.sc.0328 has used '/Observer'.
19:10:56: CCA:c17.sc.0328 has used '/Observer'.
19:10:56: CCA:c17.sc.0328 has used '/Observer'.
19:10:57: CCA:c17.sc.0328 has used '/Observer'.
19:10:57: CCA:c17.sc.0328 has used '/Observer'.
19:10:58: CCA:c17.sc.0328 has used '/Observer'.
19:10:58: CCA:c17.sc.0328 has used '/Observer'.
19:11:00: CCA:c17.sc.0328 has used '/Observer'.
19:11:07: [OOC] CCA:c17.sc.0328: ейц
19:11:09: CCA:c17.sc.0328 has used '/Observer'.
19:11:12: CCA:c17.sc.0328 has used '/Observer'.
19:11:18: CCA:c17.sc.0328 has used '/Observer'.
19:11:19: CCA:c17.sc.0328 has used '/Observer'.
19:11:41: CCA:c17.sc.0328 has used '/Observer'.
19:11:43: CCA:c17.sc.0328 has used '/Observer'.
19:11:45: CCA:c17.sc.0328 has used '/Observer'.
19:11:46: CCA:c17.sc.0328 has used '/Observer'.
19:11:47: CCA:c17.sc.0328 has used '/Observer'.
19:12:59: Julia&K (STEAM_0:0:159174126 / 188.163.41.194:27705) has connected.
19:14:51: CCA:c17.sc.0328 has gained a Gasmask Mark 3 1532102625.
19:14:56: CCA:c17.sc.0328 has used '/InvAction use gasmask_mark_3 1532102625.00'.
19:15:34: CCA:c17.sc.0328 has taken 6 damage from npc_headcrab_fast, leaving them at 100 health and 114 armor!
19:15:37: CCA:c17.sc.0328 has taken 6 damage from npc_headcrab_fast, leaving them at 100 health and 107 armor!
19:15:41: CCA:c17.sc.0328 has taken 6 damage from npc_headcrab_fast, leaving them at 100 health and 100 armor!
19:15:42: CCA:c17.sc.0328 has taken 6 damage from npc_headcrab_fast, leaving them at 100 health and 93 armor!
19:15:44: CCA:c17.sc.0328 has taken 6 damage from npc_headcrab_fast, leaving them at 100 health and 86 armor!
19:15:46: CCA:c17.sc.0328 has taken 6 damage from npc_headcrab_fast, leaving them at 100 health and 79 armor!
19:15:48: CCA:c17.sc.0328 has taken 6 damage from npc_headcrab_fast, leaving them at 100 health and 72 armor!
19:15:52: CCA:c17.sc.0328 has taken 6 damage from npc_headcrab_fast, leaving them at 100 health and 65 armor!
19:15:56: Julia&K has loaded the character 'CCA:c17.is:i.0662'.
19:15:58: CCA:c17.sc.0328 has taken 6 damage from npc_headcrab_fast, leaving them at 100 health and 58 armor!
19:16:00: CCA:c17.sc.0328 has taken 6 damage from npc_headcrab_fast, leaving them at 100 health and 51 armor!
19:16:05: [OOC] CCA:c17.is:i.0662: не, нихуя. бд не чистили
19:16:09: CCA:c17.is:i.0662 has used '/Observer'.
19:16:21: CCA:c17.is:i.0662 has used '/PlyGoTo 328'.
19:16:22: CCA:c17.is:i.0662 has taken 20 damage from CCA:c17.sc.0328 with sxbase_fireaxe, leaving them at 100 health and 95 armor!
19:16:37: CCA:c17.is:i.0662 has used '/Ad секунду, виснет'.
19:16:38: CCA:c17.is:i.0662 has used '/Observer'.
19:16:49: CCA:c17.is:i.0662 has used '/Observer'.
19:16:54: CCA:c17.is:i.0662 says: "<:: нахуй те топор"
19:18:13: CCA:c17.is:i.0662 says: "<:: пиздец че так замудренно бля"
19:18:18: CCA:c17.is:i.0662 says: "<:: слава украине"
19:18:28: CCA:c17.is:i.0662 says: "<:: океей"
19:18:44: CCA:c17.is:i.0662 has used '/Ad как опечатель рабоате'.
19:18:52: Taishō Septic has loaded the character '3333333333333333'.
19:18:54: 3333333333333333 has used '/PlyGoTo is'.
19:18:55: 3333333333333333 has used '/Observer'.
19:18:55: 3333333333333333 has used '/Observer'.
19:18:59: CCA:c17.is:i.0662 has used '/Observer'.
19:19:01: CCA:c17.is:i.0662 has used '/Observer'.
19:19:45: CCA:c17.is:i.0662 says: "<:: ох нихуя"
19:19:50: CCA:c17.is:i.0662 says: "<:: технологии укропов"
19:19:54: Taishō Septic has loaded the character 'CCA:c17.sc.0328'.
19:20:14: CCA:c17.is:i.0662 says: "<:: цкак бы еще это расположить"
19:20:18: CCA:c17.is:i.0662 has spawned 'models/props_wasteland/controlroom_desk001b.mdl'.
19:20:18: CCA:c17.is:i.0662 has spawned 'models/props_wasteland/controlroom_desk001b.mdl'.
19:20:26: CCA:c17.is:i.0662 has spawned 'models/props_wasteland/controlroom_desk001b.mdl'.
19:20:26: CCA:c17.is:i.0662 has spawned 'models/props_wasteland/controlroom_desk001b.mdl'.
19:20:49: CCA:c17.is:i.0662 has spawned 'models/props_wasteland/controlroom_desk001b.mdl'.
19:20:49: CCA:c17.is:i.0662 has spawned 'models/props_wasteland/controlroom_desk001b.mdl'.
19:20:52: CCA:c17.is:i.0662 has spawned 'models/props_wasteland/controlroom_desk001a.mdl'.
19:20:52: CCA:c17.is:i.0662 has spawned 'models/props_wasteland/controlroom_desk001a.mdl'.
19:20:53: CCA:c17.sc.0328 has used '/Observer'.
19:21:33: CCA:c17.is:i.0662 has spawned 'models/props_phx/construct/metal_plate2x4.mdl'.
19:21:33: CCA:c17.is:i.0662 has spawned 'models/props_phx/construct/metal_plate2x4.mdl'.
19:21:38: CCA:c17.sc.0328 has used '/Observer'.
19:21:50: CCA:c17.sc.0328 has used '/Observer'.
19:22:00: CCA:c17.is:i.0662 has used '/Ad я воду и говно наверно рядом ебану'.
19:22:38: CCA:c17.is:i.0662 has spawned 'models/props_wasteland/controlroom_desk001b.mdl'.
19:22:38: CCA:c17.is:i.0662 has spawned 'models/props_wasteland/controlroom_desk001b.mdl'.
19:22:40: CCA:c17.sc.0328 has used '/Observer'.
19:22:40: CCA:c17.sc.0328 has used '/Observer'.
19:22:40: CCA:c17.is:i.0662 has spawned 'models/props_wasteland/controlroom_desk001a.mdl'.
19:22:40: CCA:c17.is:i.0662 has spawned 'models/props_wasteland/controlroom_desk001a.mdl'.
19:22:41: CCA:c17.sc.0328 has used '/Observer'.
19:22:43: CCA:c17.sc.0328 has used '/Observer'.
19:22:54: CCA:c17.is:i.0662 has spawned 'models/props_wasteland/controlroom_desk001b.mdl'.
19:22:54: CCA:c17.is:i.0662 has spawned 'models/props_wasteland/controlroom_desk001b.mdl'.
19:23:04: CCA:c17.is:i.0662 has spawned 'models/props_wasteland/controlroom_desk001b.mdl'.
19:23:04: CCA:c17.is:i.0662 has spawned 'models/props_wasteland/controlroom_desk001b.mdl'.
19:23:59: [OOC] CCA:c17.is:i.0662: ЭХ ТАЧАНКА РАСТАВЧАНКА
19:24:41: CCA:c17.is:i.0662 has spawned 'models/props_c17/fence02a.mdl'.
19:24:41: CCA:c17.is:i.0662 has spawned 'models/props_c17/fence02a.mdl'.
19:24:43: CCA:c17.is:i.0662 has spawned 'models/props_c17/fence01a.mdl'.
19:24:43: CCA:c17.is:i.0662 has spawned 'models/props_c17/fence01a.mdl'.
19:25:03: CCA:c17.is:i.0662 has spawned 'models/props_c17/fence03a.mdl'.
19:25:03: CCA:c17.is:i.0662 has spawned 'models/props_c17/fence03a.mdl'.
19:26:23: CCA:c17.is:i.0662 has used '/Observer'.
19:26:27: CCA:c17.is:i.0662 has used '/StaticAdd'.
19:26:28: CCA:c17.is:i.0662 has used '/StaticAdd'.
19:26:29: CCA:c17.is:i.0662 has used '/Observer'.
19:26:49: CCA:c17.sc.0328 has used '/Observer'.
19:26:50: CCA:c17.sc.0328 has used '/Observer'.
19:26:56: CCA:c17.sc.0328 has used '/Observer'.
19:27:04: CCA:c17.sc.0328 has used '/Observer'.
19:27:56: CCA:c17.is:i.0662 has spawned 'models/props_wasteland/controlroom_desk001b.mdl'.
19:27:56: CCA:c17.is:i.0662 has spawned 'models/props_wasteland/controlroom_desk001b.mdl'.
19:28:20: CCA:c17.is:i.0662 has spawned 'models/props_wasteland/laundry_cart002.mdl'.
19:28:20: CCA:c17.is:i.0662 has spawned 'models/props_wasteland/laundry_cart002.mdl'.
19:28:23: CCA:c17.is:i.0662 has spawned 'models/props_wasteland/laundry_cart002.mdl'.
19:28:23: CCA:c17.is:i.0662 has spawned 'models/props_wasteland/laundry_cart002.mdl'.
19:28:28: CCA:c17.sc.0328 has used '/Observer'.
19:28:29: CCA:c17.is:i.0662 has spawned 'models/props_wasteland/laundry_cart002.mdl'.
19:28:29: CCA:c17.is:i.0662 has spawned 'models/props_wasteland/laundry_cart002.mdl'.
19:28:54: CCA:c17.is:i.0662 has used '/Observer'.
19:29:08: CCA:c17.is:i.0662 has used '/Observer'.
19:29:25: CCA:c17.sc.0328 has used '/Observer'.
19:30:08: [OOC] CCA:c17.is:i.0662: где пропы лебовски
19:30:14: CCA:c17.sc.0328 has used '/Observer'.
19:30:21: [OOC] CCA:c17.is:i.0662: models/hunter/plates/plate7x8.mdl
19:30:36: CCA:c17.is:i.0662 has spawned 'models/props_wasteland/kitchen_counter001a.mdl'.
19:30:36: CCA:c17.is:i.0662 has spawned 'models/props_wasteland/kitchen_counter001a.mdl'.
19:30:49: CCA:c17.is:i.0662 has spawned 'models/props_wasteland/kitchen_counter001a.mdl'.
19:30:49: CCA:c17.is:i.0662 has spawned 'models/props_wasteland/kitchen_counter001a.mdl'.
19:30:56: CCA:c17.is:i.0662 has spawned 'models/props_wasteland/controlroom_storagecloset001a.mdl'.
19:30:56: CCA:c17.is:i.0662 has spawned 'models/props_wasteland/controlroom_storagecloset001a.mdl'.
19:30:58: CCA:c17.is:i.0662 has spawned 'models/props_wasteland/kitchen_counter001a.mdl'.
19:30:58: CCA:c17.is:i.0662 has spawned 'models/props_wasteland/kitchen_counter001a.mdl'.
19:32:08: CCA:c17.sc.0328 has spawned 'models/props_c17/FurnitureCouch002a.mdl'.
19:32:08: CCA:c17.sc.0328 has spawned 'models/props_c17/FurnitureCouch002a.mdl'.
19:32:29: CCA:c17.is:i.0662 has used '/Observer'.
19:32:38: CCA:c17.is:i.0662 has used '/Observer'.
19:32:49: CCA:c17.sc.0328 has used '/SalesmanAdd 393'.
19:33:05: CCA:c17.sc.0328 has used '/SalesmanEdit  	394'.
19:33:12: CCA:c17.sc.0328 has used '/SalesmanEdit 394'.
19:33:31: CCA:c17.sc.0328 has used '/SalesmanEdit 	392'.
19:33:46: CCA:c17.sc.0328 has used '/SalesmanEdit 395'.
19:34:18: CCA:c17.sc.0328 has used '/SalesmanEdit 398'.
19:34:34: CCA:c17.sc.0328 has used '/Observer'.
19:35:18: CCA:c17.is:i.0662 has spawned 'models/props_c17/fence03a.mdl'.
19:35:18: CCA:c17.is:i.0662 has spawned 'models/props_c17/fence03a.mdl'.
19:36:45: CCA:c17.sc.0328 has used '/Observer'.
19:36:59: CCA:c17.sc.0328 has used '/Observer'.
19:37:20: CCA:c17.sc.0328 has used '/Observer'.
19:37:50: CCA:c17.sc.0328 has used '/SalesmanEdit 62'.
19:37:56: CCA:c17.sc.0328 has used '/SalesmanEdit 100'.
19:38:02: CCA:c17.sc.0328 has used '/SalesmanEdit 101'.
19:38:08: CCA:c17.sc.0328 has used '/SalesmanEdit 105'.
19:38:20: CCA:c17.sc.0328 has used '/SalesmanEdit 120'.
19:38:27: CCA:c17.sc.0328 has used '/SalesmanEdit 119'.
19:39:11: CCA:c17.sc.0328 has used '/SalesmanAdd'.
19:39:21: CCA:c17.sc.0328 has used '/SalesmanEdit 119'.
19:39:23: CCA:c17.sc.0328 has used '/SalesmanEdit 119'.
19:40:07: CCA:c17.sc.0328 has used '/SalesmanEdit'.
19:40:57: CCA:c17.is:i.0662 has used '/Observer'.
19:40:58: CCA:c17.is:i.0662 has used '/Observer'.
19:41:31: CCA:c17.is:i.0662 has spawned 'models/props_c17/fence01a.mdl'.
19:41:31: CCA:c17.is:i.0662 has spawned 'models/props_c17/fence01a.mdl'.
19:41:33: CCA:c17.is:i.0662 has spawned 'models/props_c17/fence03a.mdl'.
19:41:33: CCA:c17.is:i.0662 has spawned 'models/props_c17/fence03a.mdl'.
19:41:39: CCA:c17.is:i.0662 has spawned 'models/props_c17/fence03a.mdl'.
19:41:39: CCA:c17.is:i.0662 has spawned 'models/props_c17/fence03a.mdl'.
19:43:47: CCA:c17.is:i.0662 has spawned 'models/props_wasteland/kitchen_counter001c.mdl'.
19:43:47: CCA:c17.is:i.0662 has spawned 'models/props_wasteland/kitchen_counter001c.mdl'.
19:43:53: CCA:c17.is:i.0662 has spawned 'models/props_wasteland/kitchen_counter001c.mdl'.
19:43:53: CCA:c17.is:i.0662 has spawned 'models/props_wasteland/kitchen_counter001c.mdl'.
19:44:06: CCA:c17.is:i.0662 has spawned 'models/props_wasteland/kitchen_counter001c.mdl'.
19:44:06: CCA:c17.is:i.0662 has spawned 'models/props_wasteland/kitchen_counter001c.mdl'.
19:44:10: CCA:c17.is:i.0662 has spawned 'models/props_wasteland/kitchen_counter001c.mdl'.
19:44:10: CCA:c17.is:i.0662 has spawned 'models/props_wasteland/kitchen_counter001c.mdl'.
19:44:14: CCA:c17.is:i.0662 has spawned 'models/props_wasteland/kitchen_counter001c.mdl'.
19:44:14: CCA:c17.is:i.0662 has spawned 'models/props_wasteland/kitchen_counter001c.mdl'.
19:45:07: CCA:c17.sc.0328 has used '/SalesmanEdit'.
19:45:16: CCA:c17.is:i.0662 has spawned 'models/props_wasteland/kitchen_counter001c.mdl'.
19:45:16: CCA:c17.is:i.0662 has spawned 'models/props_wasteland/kitchen_counter001c.mdl'.
19:46:06: CCA:c17.sc.0328 has used '/SalesmanEdit'.
19:46:37: CCA:c17.is:i.0662 has spawned 'models/props_interiors/Radiator01a.mdl'.
19:46:37: CCA:c17.is:i.0662 has spawned 'models/props_interiors/Radiator01a.mdl'.
19:47:43: CCA:c17.sc.0328 has used '/Observer'.
19:48:14: CCA:c17.is:i.0662 has spawned 'models/props_junk/PushCart01a.mdl'.
19:48:14: CCA:c17.is:i.0662 has spawned 'models/props_junk/PushCart01a.mdl'.
19:48:28: CCA:c17.is:i.0662 has spawned 'models\props/CS_militia/crate_extrasmallmill.mdl'.
19:48:28: CCA:c17.is:i.0662 has spawned 'models\props/CS_militia/crate_extrasmallmill.mdl'.
19:49:12: CCA:c17.sc.0328 has used '/Observer'.
19:49:20: CCA:c17.is:i.0662 has spawned 'models\props/cs_office/Crates_indoor.mdl'.
19:49:20: CCA:c17.is:i.0662 has spawned 'models\props/cs_office/Crates_indoor.mdl'.
19:49:23: CCA:c17.sc.0328 has used '/SalesmanAdd'.
19:49:33: CCA:c17.is:i.0662 has spawned 'models\props/CS_militia/fishriver01.mdl'.
19:49:33: CCA:c17.is:i.0662 has spawned 'models\props/CS_militia/fishriver01.mdl'.
19:49:35: CCA:c17.is:i.0662 has spawned 'models\props/CS_militia/food_stack.mdl'.
19:49:35: CCA:c17.is:i.0662 has spawned 'models\props/CS_militia/food_stack.mdl'.
19:49:40: CCA:c17.sc.0328 has used '/SalesmanEdit 150'.
19:49:44: CCA:c17.sc.0328 has used '/SalesmanEdit 151'.
19:49:46: CCA:c17.is:i.0662 has spawned 'models\props/cs_office/Cardboard_box03.mdl'.
19:49:46: CCA:c17.is:i.0662 has spawned 'models\props/cs_office/Cardboard_box03.mdl'.
19:49:48: CCA:c17.is:i.0662 has spawned 'models\props/cs_office/Cardboard_box02.mdl'.
19:49:48: CCA:c17.is:i.0662 has spawned 'models\props/cs_office/Cardboard_box02.mdl'.
19:49:52: CCA:c17.sc.0328 has used '/SalesmanEdit 122'.
19:49:53: CCA:c17.is:i.0662 has spawned 'models/props/de_nuke/crate_extrasmall.mdl'.
19:49:53: CCA:c17.is:i.0662 has spawned 'models/props/de_nuke/crate_extrasmall.mdl'.
19:49:57: CCA:c17.is:i.0662 has spawned 'models\props/CS_militia/crate_extrasmallmill.mdl'.
19:49:57: CCA:c17.is:i.0662 has spawned 'models\props/CS_militia/crate_extrasmallmill.mdl'.
19:49:57: CCA:c17.sc.0328 has used '/SalesmanEdit 121'.
19:50:04: CCA:c17.sc.0328 has used '/Observer'.
19:50:05: CCA:c17.is:i.0662 has used '/Observer'.
19:50:08: CCA:c17.is:i.0662 has spawned 'models\props/CS_militia/footlocker01_closed.mdl'.
19:50:08: CCA:c17.is:i.0662 has spawned 'models\props/CS_militia/footlocker01_closed.mdl'.
19:50:14: CCA:c17.is:i.0662 has used '/Observer'.
19:50:36: CCA:c17.sc.0328 has used '/SalesmanAdd 121'.
19:52:08: CCA:c17.is:i.0662 has spawned 'models/props_wasteland/kitchen_counter001a.mdl'.
19:52:08: CCA:c17.is:i.0662 has spawned 'models/props_wasteland/kitchen_counter001a.mdl'.
19:52:22: CCA:c17.is:i.0662 has spawned 'models/props_junk/TrashDumpster02b.mdl'.
19:52:22: CCA:c17.is:i.0662 has spawned 'models/props_junk/TrashDumpster02b.mdl'.
19:52:23: CCA:c17.is:i.0662 has used '/Observer'.
19:52:24: CCA:c17.is:i.0662 has used '/Observer'.
19:53:34: CCA:c17.is:i.0662 has used '/Observer'.
19:53:38: CCA:c17.is:i.0662 has used '/Observer'.
19:53:42: CCA:c17.is:i.0662 has used '/Observer'.
19:54:05: CCA:c17.is:i.0662 has spawned 'models/props_combine/tprotato1.mdl'.
19:54:05: CCA:c17.is:i.0662 has spawned 'models/props_combine/tprotato1.mdl'.
19:54:08: CCA:c17.is:i.0662 has spawned 'models/props_combine/combine_barricade_tall01a.mdl'.
19:54:08: CCA:c17.is:i.0662 has spawned 'models/props_combine/combine_barricade_tall01a.mdl'.
19:55:42: CCA:c17.sc.0328 has used '/SalesmanEdit'.
19:55:44: CCA:c17.is:i.0662 has spawned 'models/props_phx/construct/metal_plate2x4.mdl'.
19:55:44: CCA:c17.is:i.0662 has spawned 'models/props_phx/construct/metal_plate2x4.mdl'.
19:57:18: CCA:c17.is:i.0662 has used '/Observer'.
19:57:54: CCA:c17.is:i.0662 has used '/Observer'.
19:57:59: CCA:c17.is:i.0662 has spawned 'models/props_phx/construct/metal_plate2x4.mdl'.
19:57:59: CCA:c17.is:i.0662 has spawned 'models/props_phx/construct/metal_plate2x4.mdl'.
19:59:16: CCA:c17.is:i.0662 has used '/Observer'.
19:59:56: CCA:c17.is:i.0662 has spawned 'models/props_phx/construct/metal_plate1x2.mdl'.
19:59:56: CCA:c17.is:i.0662 has spawned 'models/props_phx/construct/metal_plate1x2.mdl'.
20:00:04: CCA:c17.is:i.0662 has spawned 'models/props_phx/construct/metal_plate1.mdl'.
20:00:04: CCA:c17.is:i.0662 has spawned 'models/props_phx/construct/metal_plate1.mdl'.
20:00:26: CCA:c17.is:i.0662 has spawned 'models/props_phx/construct/metal_plate1.mdl'.
20:00:26: CCA:c17.is:i.0662 has spawned 'models/props_phx/construct/metal_plate1.mdl'.
20:00:29: CCA:c17.sc.0328 has spawned 'models/props_junk/MetalBucket01a.mdl'.
20:00:29: CCA:c17.sc.0328 has spawned 'models/props_junk/MetalBucket01a.mdl'.
20:00:47: CCA:c17.is:i.0662 has spawned 'models/props_trainstation/traincar_rack001.mdl'.
20:00:47: CCA:c17.is:i.0662 has spawned 'models/props_trainstation/traincar_rack001.mdl'.
20:00:48: CCA:c17.sc.0328 has used '/StaticAdd'.
20:00:51: CCA:c17.is:i.0662 has spawned 'models/props_trainstation/trainstation_arch001.mdl'.
20:00:51: CCA:c17.is:i.0662 has spawned 'models/props_trainstation/trainstation_arch001.mdl'.
20:01:03: CCA:c17.sc.0328 has used '/Observer'.
20:01:04: CCA:c17.is:i.0662 has spawned 'models/props_c17/FurnitureShelf001b.mdl'.
20:01:04: CCA:c17.is:i.0662 has spawned 'models/props_c17/FurnitureShelf001b.mdl'.
20:01:10: CCA:c17.sc.0328 has used '/CraftItem blueprint_uspmatch'.
20:01:13: CCA:c17.is:i.0662 has spawned 'models/props_phx/construct/metal_plate1.mdl'.
20:01:13: CCA:c17.is:i.0662 has spawned 'models/props_phx/construct/metal_plate1.mdl'.
20:01:14: CCA:c17.sc.0328 has used '/Observer'.
20:03:01: CCA:c17.is:i.0662 has used '/Observer'.
20:03:10: CCA:c17.is:i.0662 has used '/Ad так, ну что-то я попыталась смастерить'.
20:03:43: CCA:c17.is:i.0662 has used '/Ad кектик'.
20:04:24: CCA:c17.sc.0328 has used '/Observer'.
20:04:37: CCA:c17.sc.0328 has used '/Observer'.
20:05:35: CCA:c17.sc.0328 has used '/Observer'.
20:05:40: CCA:c17.sc.0328 has used '/Observer'.
20:06:36: CCA:c17.sc.0328 has used '/Observer'.
20:07:03: CCA:c17.sc.0328 has used '/SalesmanAdd 190'.
20:10:24: CCA:c17.is:i.0662 has used '/Observer'.
20:10:26: CCA:c17.is:i.0662 has used '/Observer'.
20:11:07: CCA:c17.sc.0328 has used '/Observer'.
20:11:08: CCA:c17.sc.0328 has used '/Observer'.
20:11:13: CCA:c17.sc.0328 has used '/SalesmanAdd 191'.
20:11:17: CCA:c17.is:i.0662 says: "<:: пахан"
20:11:22: CCA:c17.is:i.0662 says: "<:: ЕЩЕ ОДИН"
20:11:28: CCA:c17.is:i.0662 says: "<:: мужик размножается"
20:11:28: CCA:c17.sc.0328 has used '/SalesmanEdit 189'.
20:11:34: CCA:c17.sc.0328 has used '/SalesmanEdit 170'.
20:11:47: CCA:c17.sc.0328 has used '/SalesmanEdit 169'.
20:11:53: CCA:c17.sc.0328 has used '/SalesmanEdit 168'.
20:11:59: CCA:c17.sc.0328 has used '/SalesmanEdit 167'.
20:12:03: CCA:c17.sc.0328 has used '/SalesmanEdit 166'.
20:12:08: CCA:c17.sc.0328 has used '/SalesmanEdit 165'.
20:12:13: CCA:c17.sc.0328 has used '/SalesmanEdit 164'.
20:12:20: CCA:c17.sc.0328 has used '/SalesmanEdit 173'.
20:12:25: CCA:c17.is:i.0662 has used '/Observer'.
20:12:28: CCA:c17.is:i.0662 says: "<:: вот бы он смотрел"
20:12:29: CCA:c17.sc.0328 has used '/SalesmanEdit 174'.
20:12:31: CCA:c17.is:i.0662 says: "<:: в другу ю сторону"
20:12:35: CCA:c17.is:i.0662 says: "<:: Haha"
20:12:42: CCA:c17.sc.0328 has used '/SalesmanEdit 175'.
20:12:44: CCA:c17.is:i.0662 says: "<:: Нопе"
20:12:48: CCA:c17.sc.0328 has used '/SalesmanEdit 176'.
20:12:50: CCA:c17.sc.0328 has used '/SalesmanEdit 176'.
20:12:50: CCA:c17.sc.0328 has used '/SalesmanEdit 176'.
20:12:52: CCA:c17.is:i.0662 has used '/Observer'.
20:12:52: CCA:c17.sc.0328 has used '/SalesmanEdit 176'.
20:13:05: CCA:c17.sc.0328 has used '/SalesmanEdit 190'.
20:13:07: CCA:c17.sc.0328 has used '/SalesmanEdit 190'.
20:13:11: CCA:c17.sc.0328 has used '/SalesmanEdit 200'.
20:13:16: CCA:c17.sc.0328 has used '/SalesmanEdit 210'.
20:13:21: CCA:c17.sc.0328 has used '/SalesmanEdit 211'.
20:13:33: CCA:c17.sc.0328 has used '/SalesmanEdit 212'.
20:13:39: CCA:c17.sc.0328 has used '/SalesmanEdit 300'.
20:13:48: CCA:c17.sc.0328 has used '/SalesmanEdit 310'.
20:13:53: CCA:c17.sc.0328 has used '/SalesmanEdit 320'.
20:13:59: CCA:c17.sc.0328 has used '/SalesmanEdit 323'.
20:14:05: CCA:c17.sc.0328 has used '/SalesmanEdit 329'.
20:14:10: CCA:c17.sc.0328 has used '/SalesmanEdit 330'.
20:14:15: CCA:c17.sc.0328 has used '/SalesmanEdit 360'.
20:14:21: CCA:c17.sc.0328 has used '/SalesmanEdit 390'.
20:14:46: CCA:c17.sc.0328 has used '/Observer'.
20:14:47: CCA:c17.is:i.0662 says: "<:: он будто-бы приуныл"
20:14:52: CCA:c17.sc.0328 has used '/Observer'.
20:14:58: CCA:c17.is:i.0662 says: "<:: он умретб...."
20:14:59: CCA:c17.is:i.0662 has used '/Observer'.
20:15:06: CCA:c17.sc.0328 has used '/SalesmanEdit'.
20:15:08: CCA:c17.is:i.0662 has used '/Observer'.
20:17:48: CCA:c17.sc.0328 says: "<:: й"
20:17:55: CCA:c17.sc.0328 has used '/Observer'.
20:19:14: CCA:c17.sc.0328 has used '/SalesmanAdd 7'.
20:22:07: CCA:c17.sc.0328 has used '/SalesmanEdit'.
20:23:33: CCA:c17.sc.0328 has used '/Observer'.
20:23:34: CCA:c17.sc.0328 has used '/Observer'.
20:23:34: CCA:c17.sc.0328 has used '/Observer'.
20:23:48: CCA:c17.sc.0328 has used '/Observer'.
20:23:57: CCA:c17.sc.0328 has used '/Observer'.
20:23:57: CCA:c17.sc.0328 has used '/Observer'.
20:24:15: CCA:c17.sc.0328 has used '/SalesmanEdit'.
20:24:17: CCA:c17.sc.0328 has used '/Observer'.
20:24:17: CCA:c17.sc.0328 has used '/Observer'.
20:24:18: CCA:c17.sc.0328 has used '/Observer'.
20:24:20: CCA:c17.sc.0328 has used '/SalesmanEdit'.
20:24:21: CCA:c17.sc.0328 has used '/SalesmanEdit'.
20:24:23: CCA:c17.sc.0328 has used '/SalesmanEdit'.
20:24:24: CCA:c17.is:i.0662 has used '/Ad тут'.
20:24:38: CCA:c17.sc.0328 has used '/Observer'.
20:24:44: CCA:c17.sc.0328 has used '/Observer'.
20:24:52: CCA:c17.sc.0328 has used '/SalesmanEdit'.
20:25:03: CCA:c17.sc.0328 has used '/Observer'.
20:25:07: CCA:c17.sc.0328 has used '/Observer'.
20:25:09: CCA:c17.sc.0328 has used '/SalesmanEdit'.
20:25:21: CCA:c17.sc.0328 has used '/Observer'.
20:25:31: CCA:c17.sc.0328 has used '/SalesmanEdit'.
20:26:09: CCA:c17.sc.0328 has used '/Observer'.
20:26:12: CCA:c17.sc.0328 has used '/SalesmanEdit'.
20:26:41: CCA:c17.sc.0328 has used '/SalesmanEdit'.
20:27:11: CCA:c17.sc.0328 has used '/Observer'.
20:27:13: CCA:c17.sc.0328 has used '/Observer'.
20:27:16: CCA:c17.sc.0328 has gained a Cup of tea 1532107645.
20:27:24: CCA:c17.sc.0328 has lost a Cup of tea 1532107645.
20:27:24: CCA:c17.sc.0328 has used '/InvAction use cup_of_tea 1532107645.00'.
20:27:27: CCA:c17.sc.0328 has used '/Observer'.
20:27:55: CCA:c17.sc.0328 has used '/Observer'.
20:27:57: CCA:c17.sc.0328 has used '/Observer'.
20:28:02: CCA:c17.sc.0328 has used '/Observer'.
20:28:03: CCA:c17.sc.0328 has used '/Observer'.
20:28:03: CCA:c17.sc.0328 has used '/Observer'.
20:28:04: CCA:c17.sc.0328 has used '/Observer'.
20:28:04: CCA:c17.sc.0328 has used '/Observer'.
20:30:12: CCA:c17.is:i.0662 has used '/Ad у нас тренинг зал не обустроен, тут кроме горки нихуя нет'.
20:30:19: CCA:c17.is:i.0662 has used '/Observer'.
20:30:21: CCA:c17.is:i.0662 has used '/Observer'.
20:32:21: CCA:c17.is:i.0662 has used '/Observer'.
20:32:24: CCA:c17.is:i.0662 has used '/Observer'.
20:34:11: CCA:c17.is:i.0662 has used '/Observer'.
20:34:12: CCA:c17.is:i.0662 has used '/Observer'.
20:34:12: CCA:c17.is:i.0662 has used '/Observer'.
20:34:20: CCA:c17.is:i.0662 has used '/Ad у нас тренинг зал не обустроен, тут кроме горки нихуя '.
20:35:09: CCA:c17.is:i.0662 has used '/CharSetCPVisor 662 5_1_5 5_1_5'.
20:35:13: CCA:c17.is:i.0662 has used '/Observer'.
20:35:35: CCA:c17.is:i.0662 has used '/Ad а можно черный вход в БА закрыть?'.
20:37:47: CCA:c17.is:i.0662 has used '/Observer'.
20:37:51: CCA:c17.is:i.0662 has used '/InvAction use sxbase_mp7_s_micro_ls 1531500826.00'.
20:38:08: CCA:c17.is:i.0662 has used '/Observer'.
20:38:15: CCA:c17.is:i.0662 has gained a MP7 w/ Suppressor & Micro-T1 & AN/PEQ-15 1531500826.
20:39:30: CCA:c17.sc.0328 has used '/Observer'.
20:43:12: CCA:c17.is:i.0662 has used '/Observer'.
20:43:15: CCA:c17.is:i.0662 has used '/Observer'.
20:48:43: CCA:c17.is:i.0662 has spawned 'models/props_debris/concrete_spawnplug001a.mdl'.
20:48:43: CCA:c17.is:i.0662 has spawned 'models/props_debris/concrete_spawnplug001a.mdl'.
20:48:59: CCA:c17.is:i.0662 has used '/Observer'.
20:49:03: CCA:c17.is:i.0662 has used '/Observer'.
20:49:27: CCA:c17.is:i.0662 has spawned 'models/props_combine/headcrabcannister01b.mdl'.
20:49:27: CCA:c17.is:i.0662 has spawned 'models/props_combine/headcrabcannister01b.mdl'.
20:50:05: CCA:c17.is:i.0662 has used '/Observer'.
20:50:08: CCA:c17.is:i.0662 has used '/Observer'.
20:50:31: CCA:c17.is:i.0662 has spawned 'models/props_debris/concrete_floorpile01a.mdl'.
20:50:31: CCA:c17.is:i.0662 has spawned 'models/props_debris/concrete_floorpile01a.mdl'.
20:50:57: CCA:c17.is:i.0662 has used '/Observer'.
20:51:00: CCA:c17.is:i.0662 has used '/Observer'.
20:51:01: CCA:c17.is:i.0662 has used '/Observer'.
20:51:03: CCA:c17.is:i.0662 has used '/Observer'.
20:51:09: CCA:c17.is:i.0662 has spawned 'models/props_debris/concrete_column001a_chunk02.mdl'.
20:51:09: CCA:c17.is:i.0662 has spawned 'models/props_debris/concrete_column001a_chunk02.mdl'.
20:51:11: CCA:c17.is:i.0662 has spawned 'models/props_debris/concrete_column001a_chunk04.mdl'.
20:51:11: CCA:c17.is:i.0662 has spawned 'models/props_debris/concrete_column001a_chunk04.mdl'.
20:51:13: CCA:c17.is:i.0662 has spawned 'models/props_debris/concrete_column001a_chunk01.mdl'.
20:51:13: CCA:c17.is:i.0662 has spawned 'models/props_debris/concrete_column001a_chunk01.mdl'.
20:51:21: CCA:c17.is:i.0662 has spawned 'models/props_debris/concrete_cornerpile01a.mdl'.
20:51:21: CCA:c17.is:i.0662 has spawned 'models/props_debris/concrete_cornerpile01a.mdl'.
20:52:10: CCA:c17.is:i.0662 has spawned 'models\props/CS_militia/footlocker01_closed.mdl'.
20:52:10: CCA:c17.is:i.0662 has spawned 'models\props/CS_militia/footlocker01_closed.mdl'.
20:52:12: CCA:c17.is:i.0662 has spawned 'models\props/CS_militia/footlocker01_open.mdl'.
20:52:12: CCA:c17.is:i.0662 has spawned 'models\props/CS_militia/footlocker01_open.mdl'.
20:52:22: CCA:c17.is:i.0662 has spawned 'models/props/de_nuke/cinderblock_stack.mdl'.
20:52:22: CCA:c17.is:i.0662 has spawned 'models/props/de_nuke/cinderblock_stack.mdl'.
20:52:45: CCA:c17.is:i.0662 has spawned 'models/props_wasteland/controlroom_desk001b.mdl'.
20:52:45: CCA:c17.is:i.0662 has spawned 'models/props_wasteland/controlroom_desk001b.mdl'.
20:52:49: CCA:c17.is:i.0662 has spawned 'models/props_wasteland/controlroom_chair001a.mdl'.
20:52:49: CCA:c17.is:i.0662 has spawned 'models/props_wasteland/controlroom_chair001a.mdl'.
20:53:18: CCA:c17.is:i.0662 has spawned 'models/props_c17/FurnitureBed001a.mdl'.
20:53:18: CCA:c17.is:i.0662 has spawned 'models/props_c17/FurnitureBed001a.mdl'.
20:53:28: CCA:c17.is:i.0662 has spawned 'models/props_c17/FurnitureBed001a.mdl'.
20:53:28: CCA:c17.is:i.0662 has spawned 'models/props_c17/FurnitureBed001a.mdl'.
20:53:36: CCA:c17.is:i.0662 has spawned 'models/props_c17/oildrum001.mdl'.
20:53:36: CCA:c17.is:i.0662 has spawned 'models/props_c17/oildrum001.mdl'.
20:53:40: CCA:c17.is:i.0662 has spawned 'models/props_debris/metal_panel02a.mdl'.
20:53:40: CCA:c17.is:i.0662 has spawned 'models/props_debris/metal_panel02a.mdl'.
20:53:47: CCA:c17.is:i.0662 has spawned 'models/props_c17/chair02a.mdl'.
20:53:47: CCA:c17.is:i.0662 has spawned 'models/props_c17/chair02a.mdl'.
20:54:36: CCA:c17.is:i.0662 has spawned 'models/props_interiors/Furniture_Lamp01a.mdl'.
20:54:36: CCA:c17.is:i.0662 has spawned 'models/props_interiors/Furniture_Lamp01a.mdl'.
20:54:40: CCA:c17.is:i.0662 has spawned 'models/props_interiors/refrigerator01a.mdl'.
20:54:40: CCA:c17.is:i.0662 has spawned 'models/props_interiors/refrigerator01a.mdl'.
20:54:47: CCA:c17.is:i.0662 has spawned 'models/props_interiors/refrigeratorDoor01a.mdl'.
20:54:47: CCA:c17.is:i.0662 has spawned 'models/props_interiors/refrigeratorDoor01a.mdl'.
20:55:07: CCA:c17.is:i.0662 has spawned 'models/props_interiors/pot02a.mdl'.
20:55:07: CCA:c17.is:i.0662 has spawned 'models/props_interiors/pot02a.mdl'.
20:55:14: CCA:c17.is:i.0662 has used '/StaticAdd'.
20:55:26: CCA:c17.is:i.0662 has spawned 'models/props_interiors/refrigerator01a.mdl'.
20:55:26: CCA:c17.is:i.0662 has spawned 'models/props_interiors/refrigerator01a.mdl'.
20:55:37: CCA:c17.is:i.0662 has spawned 'models/props_junk/PushCart01a.mdl'.
20:55:37: CCA:c17.is:i.0662 has spawned 'models/props_junk/PushCart01a.mdl'.
20:55:50: CCA:c17.is:i.0662 has spawned 'models/props_c17/FurnitureFridge001a.mdl'.
20:55:50: CCA:c17.is:i.0662 has spawned 'models/props_c17/FurnitureFridge001a.mdl'.
20:55:58: CCA:c17.is:i.0662 has used '/Observer'.
20:56:02: CCA:c17.is:i.0662 has used '/Observer'.
20:56:15: CCA:c17.is:i.0662 has spawned 'models/props_debris/concrete_debris256barricade001a.mdl'.
20:56:15: CCA:c17.is:i.0662 has spawned 'models/props_debris/concrete_debris256barricade001a.mdl'.
20:56:18: CCA:c17.is:i.0662 has spawned 'models/props_debris/concrete_debris256barricade001a.mdl'.
20:56:18: CCA:c17.is:i.0662 has spawned 'models/props_debris/concrete_debris256barricade001a.mdl'.
20:56:44: CCA:c17.is:i.0662 has used '/Observer'.
20:56:54: CCA:c17.is:i.0662 has used '/Observer'.
20:56:56: CCA:c17.is:i.0662 has spawned 'models/props_debris/concrete_section128floor001a.mdl'.
20:56:56: CCA:c17.is:i.0662 has spawned 'models/props_debris/concrete_section128floor001a.mdl'.
20:57:00: CCA:c17.is:i.0662 has spawned 'models/props_debris/concrete_section128floor001a.mdl'.
20:57:00: CCA:c17.is:i.0662 has spawned 'models/props_debris/concrete_section128floor001a.mdl'.
20:57:16: CCA:c17.is:i.0662 has spawned 'models/props_debris/concrete_debris128pile001a.mdl'.
20:57:16: CCA:c17.is:i.0662 has spawned 'models/props_debris/concrete_debris128pile001a.mdl'.
20:57:41: CCA:c17.is:i.0662 has used '/Observer'.
20:57:43: CCA:c17.is:i.0662 has used '/Observer'.
20:57:46: CCA:c17.is:i.0662 has spawned 'models/props_debris/beam01e.mdl'.
20:57:46: CCA:c17.is:i.0662 has spawned 'models/props_debris/beam01e.mdl'.
20:57:53: CCA:c17.is:i.0662 has spawned 'models/props_debris/rebar_cluster002b.mdl'.
20:57:53: CCA:c17.is:i.0662 has spawned 'models/props_debris/rebar_cluster002b.mdl'.
20:58:25: CCA:c17.is:i.0662 has spawned 'models/Gibs/HGIBS.mdl'.
20:58:25: CCA:c17.is:i.0662 has spawned 'models/Gibs/HGIBS.mdl'.
20:58:39: CCA:c17.is:i.0662 has used '/StaticAdd'.
20:58:54: CCA:c17.is:i.0662 has spawned 'models/props_junk/MetalBucket02a.mdl'.
20:58:54: CCA:c17.is:i.0662 has spawned 'models/props_junk/MetalBucket02a.mdl'.
20:59:11: CCA:c17.is:i.0662 has spawned 'models/props_marines/cot.mdl'.
20:59:11: CCA:c17.is:i.0662 has spawned 'models/props_marines/cot.mdl'.
20:59:16: CCA:c17.is:i.0662 has spawned 'models/props_marines/cot.mdl'.
20:59:16: CCA:c17.is:i.0662 has spawned 'models/props_marines/cot.mdl'.
20:59:50: CCA:c17.is:i.0662 has spawned 'models/props_marines/prc77_radio.mdl'.
20:59:50: CCA:c17.is:i.0662 has spawned 'models/props_marines/prc77_radio.mdl'.
20:59:56: CCA:c17.is:i.0662 has spawned 'models/pg_props/pg_weapons/pg_smg_ammo_closed.mdl'.
20:59:56: CCA:c17.is:i.0662 has spawned 'models/pg_props/pg_weapons/pg_smg_ammo_closed.mdl'.
21:00:02: CCA:c17.is:i.0662 has spawned 'models/pg_props/pg_hospital/pg_opverbandschere.mdl'.
21:00:02: CCA:c17.is:i.0662 has spawned 'models/pg_props/pg_hospital/pg_opverbandschere.mdl'.
21:00:10: CCA:c17.is:i.0662 has spawned 'models/props_junk/cardboardbox07.mdl'.
21:00:10: CCA:c17.is:i.0662 has spawned 'models/props_junk/cardboardbox07.mdl'.
21:00:32: CCA:c17.is:i.0662 has spawned 'models/props_forest/mine_barricade_1.mdl'.
21:00:32: CCA:c17.is:i.0662 has spawned 'models/props_forest/mine_barricade_1.mdl'.
21:00:37: CCA:c17.is:i.0662 has spawned 'models/props_c17/attic_barricade.mdl'.
21:00:37: CCA:c17.is:i.0662 has spawned 'models/props_c17/attic_barricade.mdl'.
21:01:28: CCA:c17.is:i.0662 has spawned 'models/warz/items/lootcrate.mdl'.
21:01:28: CCA:c17.is:i.0662 has spawned 'models/warz/items/lootcrate.mdl'.
21:01:31: CCA:c17.is:i.0662 has spawned 'models/warz/items/riot_crate.mdl'.
21:01:31: CCA:c17.is:i.0662 has spawned 'models/warz/items/riot_crate.mdl'.
21:01:34: CCA:c17.is:i.0662 has spawned 'models/warz/items/money.mdl'.
21:01:34: CCA:c17.is:i.0662 has spawned 'models/warz/items/money.mdl'.
21:01:36: CCA:c17.is:i.0662 has spawned 'models/warz/items/jerrycan.mdl'.
21:01:36: CCA:c17.is:i.0662 has spawned 'models/warz/items/jerrycan.mdl'.
21:01:42: CCA:c17.is:i.0662 has spawned 'models/warz/items/jerrycan.mdl'.
21:01:42: CCA:c17.is:i.0662 has spawned 'models/warz/items/jerrycan.mdl'.
21:01:47: CCA:c17.is:i.0662 has spawned 'models/warz/items/lockbox.mdl'.
21:01:47: CCA:c17.is:i.0662 has spawned 'models/warz/items/lockbox.mdl'.
21:01:53: CCA:c17.is:i.0662 has spawned 'models/warz/items/lootcrate.mdl'.
21:01:53: CCA:c17.is:i.0662 has spawned 'models/warz/items/lootcrate.mdl'.
21:01:58: CCA:c17.is:i.0662 has used '/StaticAdd'.
21:02:05: CCA:c17.is:i.0662 has spawned 'models/warz/items/lockbox.mdl'.
21:02:05: CCA:c17.is:i.0662 has spawned 'models/warz/items/lockbox.mdl'.
21:02:44: CCA:c17.is:i.0662 has used '/Observer'.
21:02:46: CCA:c17.is:i.0662 has used '/Observer'.
21:02:46: CCA:c17.is:i.0662 has used '/Observer'.
21:02:58: CCA:c17.is:i.0662 has used '/Observer'.
21:03:14: CCA:c17.is:i.0662 has spawned 'models/warz/items/sandbag_unbuilt.mdl'.
21:03:14: CCA:c17.is:i.0662 has spawned 'models/warz/items/sandbag_unbuilt.mdl'.
21:03:21: CCA:c17.is:i.0662 has spawned 'models/warz/items/woodshield_built.mdl'.
21:03:21: CCA:c17.is:i.0662 has spawned 'models/warz/items/woodshield_built.mdl'.
21:03:39: CCA:c17.is:i.0662 has spawned 'models/props_c17/FurnitureTable003a.mdl'.
21:03:39: CCA:c17.is:i.0662 has spawned 'models/props_c17/FurnitureTable003a.mdl'.
21:05:49: CCA:c17.is:i.0662 has spawned 'models/props_c17/tools_wrench01a.mdl'.
21:05:49: CCA:c17.is:i.0662 has spawned 'models/props_c17/tools_wrench01a.mdl'.
21:06:23: CCA:c17.is:i.0662 has spawned 'models/warz/items/barbed_unbuilt.mdl'.
21:06:23: CCA:c17.is:i.0662 has spawned 'models/warz/items/barbed_unbuilt.mdl'.
21:06:27: CCA:c17.is:i.0662 has spawned 'models/warz/items/barbed_built.mdl'.
21:06:27: CCA:c17.is:i.0662 has spawned 'models/warz/items/barbed_built.mdl'.
21:06:51: CCA:c17.is:i.0662 has spawned 'models/warz/items/chemlight.mdl'.
21:06:51: CCA:c17.is:i.0662 has spawned 'models/warz/items/chemlight.mdl'.
21:06:58: CCA:c17.is:i.0662 has spawned 'models/warz/consumables/bag_chips.mdl'.
21:06:58: CCA:c17.is:i.0662 has spawned 'models/warz/consumables/bag_chips.mdl'.
21:08:03: CCA:c17.is:i.0662 has spawned 'models/props_junk/wood_crate002a.mdl'.
21:08:03: CCA:c17.is:i.0662 has spawned 'models/props_junk/wood_crate002a.mdl'.
21:08:17: CCA:c17.is:i.0662 has spawned 'models/props_marines/cot.mdl'.
21:08:17: CCA:c17.is:i.0662 has spawned 'models/props_marines/cot.mdl'.
21:08:22: CCA:c17.is:i.0662 has used '/Observer'.
21:08:33: CCA:c17.is:i.0662 has used '/Observer'.
21:08:34: CCA:c17.is:i.0662 has used '/Observer'.
21:08:35: CCA:c17.is:i.0662 has used '/Observer'.
21:08:50: CCA:c17.is:i.0662 has spawned 'models/props_junk/MetalBucket02a.mdl'.
21:08:50: CCA:c17.is:i.0662 has spawned 'models/props_junk/MetalBucket02a.mdl'.
21:08:51: CCA:c17.is:i.0662 has spawned 'models/props_junk/wood_crate002a.mdl'.
21:08:51: CCA:c17.is:i.0662 has spawned 'models/props_junk/wood_crate002a.mdl'.
21:09:03: CCA:c17.is:i.0662 has spawned 'models/warz/items/barbed_unbuilt.mdl'.
21:09:03: CCA:c17.is:i.0662 has spawned 'models/warz/items/barbed_unbuilt.mdl'.
21:10:22: CCA:c17.is:i.0662 has spawned 'models/warz/items/woodshield_built.mdl'.
21:10:22: CCA:c17.is:i.0662 has spawned 'models/warz/items/woodshield_built.mdl'.
21:10:29: CCA:c17.is:i.0662 has used '/Observer'.
21:10:39: CCA:c17.is:i.0662 has spawned 'models/props_c17/streetsign004e.mdl'.
21:10:39: CCA:c17.is:i.0662 has spawned 'models/props_c17/streetsign004e.mdl'.
21:11:52: CCA:c17.is:i.0662 has spawned 'models/props_junk/TrashBin01a.mdl'.
21:11:52: CCA:c17.is:i.0662 has spawned 'models/props_junk/TrashBin01a.mdl'.
21:12:19: CCA:c17.is:i.0662 has spawned 'models/props_wasteland/prison_heater001a.mdl'.
21:12:19: CCA:c17.is:i.0662 has spawned 'models/props_wasteland/prison_heater001a.mdl'.
21:12:29: CCA:c17.is:i.0662 has used '/Observer'.
21:12:36: Hosh (STEAM_0:1:37316814 / 46.172.17.54:27006) has connected.
21:12:51: CCA:c17.is:i.0662 has spawned 'models/warz/items/medkit.mdl'.
21:12:51: CCA:c17.is:i.0662 has spawned 'models/warz/items/medkit.mdl'.
21:13:02: CCA:c17.is:i.0662 has spawned 'models/hazard24/hoover_006.mdl'.
21:13:02: CCA:c17.is:i.0662 has spawned 'models/hazard24/hoover_006.mdl'.
21:13:16: CCA:c17.is:i.0662 has spawned 'models/props_trainstation/mount_connection001a.mdl'.
21:13:16: CCA:c17.is:i.0662 has spawned 'models/props_trainstation/mount_connection001a.mdl'.
21:13:23: CCA:c17.is:i.0662 has spawned 'models/props_debris/beam01c.mdl'.
21:13:23: CCA:c17.is:i.0662 has spawned 'models/props_debris/beam01c.mdl'.
21:13:26: CCA:c17.is:i.0662 has spawned 'models/props_debris/beam01c.mdl'.
21:13:26: CCA:c17.is:i.0662 has spawned 'models/props_debris/beam01c.mdl'.
21:13:44: CCA:c17.is:i.0662 has spawned 'models/props_debris/barricade_tall04a.mdl'.
21:13:44: CCA:c17.is:i.0662 has spawned 'models/props_debris/barricade_tall04a.mdl'.
21:14:00: CCA:c17.is:i.0662 has spawned 'models/props_marines/cot.mdl'.
21:14:00: CCA:c17.is:i.0662 has spawned 'models/props_marines/cot.mdl'.
21:14:09: CCA:c17.is:i.0662 has spawned 'models/warz/items/barbed_unbuilt.mdl'.
21:14:09: CCA:c17.is:i.0662 has spawned 'models/warz/items/barbed_unbuilt.mdl'.
21:14:14: Hosh has loaded the character 'Hakku und Zagu'.
21:14:22: Hakku und Zagu has used '/Observer'.
21:14:24: Hakku und Zagu has used '/Observer'.
21:14:26: Hakku und Zagu has used '/Observer'.
21:14:27: Hakku und Zagu has used '/Observer'.
21:14:27: Hakku und Zagu has used '/Observer'.
21:14:29: CCA:c17.is:i.0662 has spawned 'models/warz/items/sandbag_unbuilt.mdl'.
21:14:29: CCA:c17.is:i.0662 has spawned 'models/warz/items/sandbag_unbuilt.mdl'.
21:14:30: Hakku und Zagu has used '/Observer'.
21:14:31: CCA:c17.is:i.0662 has spawned 'models/warz/items/sandbag_unbuilt.mdl'.
21:14:31: CCA:c17.is:i.0662 has spawned 'models/warz/items/sandbag_unbuilt.mdl'.
21:14:40: CCA:c17.is:i.0662 has spawned 'models/warz/items/barbed_built.mdl'.
21:14:40: CCA:c17.is:i.0662 has spawned 'models/warz/items/barbed_built.mdl'.
21:15:01: CCA:c17.is:i.0662 has spawned 'models/warz/items/woodshield_unbuilt.mdl'.
21:15:01: CCA:c17.is:i.0662 has spawned 'models/warz/items/woodshield_unbuilt.mdl'.
21:15:10: CCA:c17.is:i.0662 has spawned 'models/warz/items/woodshield_built.mdl'.
21:15:10: CCA:c17.is:i.0662 has spawned 'models/warz/items/woodshield_built.mdl'.
21:15:34: CCA:c17.is:i.0662 has spawned 'models/warz/items/woodshield_built.mdl'.
21:15:34: CCA:c17.is:i.0662 has spawned 'models/warz/items/woodshield_built.mdl'.
21:15:39: CCA:c17.is:i.0662 has spawned 'models/warz/items/barbed_built.mdl'.
21:15:39: CCA:c17.is:i.0662 has spawned 'models/warz/items/barbed_built.mdl'.
21:15:39: Hakku und Zagu has used '/charSetThirst Hakku 100'.
21:15:46: Hakku und Zagu has used '/charSetHunger Hakku 100'.
21:16:13: Hakku und Zagu has used '/CharSetHealth Hakku 100'.
21:16:21: CCA:c17.is:i.0662 has used '/Observer'.
21:16:23: Hakku und Zagu has used '/Observer'.
21:16:24: CCA:c17.is:i.0662 has used '/Observer'.
21:16:24: Hakku und Zagu has used '/Observer'.
21:16:28: CCA:c17.is:i.0662 has spawned 'models/props_wasteland/controlroom_chair001a.mdl'.
21:16:28: CCA:c17.is:i.0662 has spawned 'models/props_wasteland/controlroom_chair001a.mdl'.
21:16:28: Hakku und Zagu has used '/Observer'.
21:16:30: Hakku und Zagu has used '/Observer'.
21:16:31: Hakku und Zagu has used '/Observer'.
21:16:33: Hakku und Zagu has used '/Observer'.
21:16:34: CCA:c17.is:i.0662 has spawned 'models/props_c17/FurnitureTable002a.mdl'.
21:16:34: CCA:c17.is:i.0662 has spawned 'models/props_c17/FurnitureTable002a.mdl'.
21:16:34: Hakku und Zagu has used '/Observer'.
21:16:36: Hakku und Zagu has used '/Observer'.
21:16:39: CCA:c17.is:i.0662 has spawned 'models/props_marines/cot.mdl'.
21:16:39: CCA:c17.is:i.0662 has spawned 'models/props_marines/cot.mdl'.
21:16:42: Hakku und Zagu has used '/Observer'.
21:16:43: CCA:c17.is:i.0662 has spawned 'models/props_marines/cot.mdl'.
21:16:43: CCA:c17.is:i.0662 has spawned 'models/props_marines/cot.mdl'.
21:16:46: Hakku und Zagu has used '/Observer'.
21:16:46: Hakku und Zagu has used '/Observer'.
21:16:47: Hakku und Zagu has used '/Observer'.
21:16:50: CCA:c17.is:i.0662 has spawned 'models/props_junk/cardboardbox06.mdl'.
21:16:50: CCA:c17.is:i.0662 has spawned 'models/props_junk/cardboardbox06.mdl'.
21:16:55: Hakku und Zagu has used '/Observer'.
21:16:58: Hakku und Zagu has used '/Observer'.
21:18:12: Hakku und Zagu has spawned 'models/props_c17/booth_bench.mdl'.
21:18:12: Hakku und Zagu has spawned 'models/props_c17/booth_bench.mdl'.
21:18:22: Hakku und Zagu has spawned 'models/props_c17/booth_bench.mdl'.
21:18:22: Hakku und Zagu has spawned 'models/props_c17/booth_bench.mdl'.
21:18:24: Hakku und Zagu has spawned 'models/props_c17/booth_bench.mdl'.
21:18:24: Hakku und Zagu has spawned 'models/props_c17/booth_bench.mdl'.
21:18:26: Hakku und Zagu has spawned 'models/props_c17/booth_bench.mdl'.
21:18:26: Hakku und Zagu has spawned 'models/props_c17/booth_bench.mdl'.
21:19:04: Hakku und Zagu has spawned 'models/props_c17/booth_table.mdl'.
21:19:04: Hakku und Zagu has spawned 'models/props_c17/booth_table.mdl'.
21:19:05: Hakku und Zagu has spawned 'models/props_c17/booth_table.mdl'.
21:19:05: Hakku und Zagu has spawned 'models/props_c17/booth_table.mdl'.
21:19:10: Hakku und Zagu has used '/Observer'.
21:19:13: Hakku und Zagu has used '/Observer'.
21:19:26: Hakku und Zagu has spawned 'models/props_c17/booth_table.mdl'.
21:19:26: Hakku und Zagu has spawned 'models/props_c17/booth_table.mdl'.
21:19:45: CCA:c17.is:i.0662 has used '/Observer'.
21:20:32: Hakku und Zagu has used '/Observer'.
21:20:42: Hakku und Zagu has used '/Observer'.
21:20:45: Hakku und Zagu has used '/Observer'.
21:20:47: Hakku und Zagu has used '/Observer'.
21:20:48: Hakku und Zagu has used '/Observer'.
21:20:48: Hakku und Zagu has used '/Observer'.
21:20:50: Hakku und Zagu has used '/Observer'.
21:20:51: Hakku und Zagu has used '/Observer'.
21:20:52: Hakku und Zagu has used '/Observer'.
21:20:53: Hakku und Zagu has used '/Observer'.
21:20:53: Hakku und Zagu has used '/Observer'.
21:20:57: Hakku und Zagu has used '/Observer'.
21:21:02: Hakku und Zagu has used '/Observer'.
21:21:16: Hakku und Zagu has used '/Observer'.
21:21:21: Hakku und Zagu has used '/Observer'.
21:21:26: CCA:c17.is:i.0662 has used '/Observer'.
21:21:35: Hakku und Zagu has used '/Observer'.
21:21:43: Hakku und Zagu has spawned 'models/props_junk/drinkcan01.mdl'.
21:21:43: Hakku und Zagu has spawned 'models/props_junk/drinkcan01.mdl'.
21:21:47: Hakku und Zagu has used '/Observer'.
21:21:50: Hakku und Zagu has used '/Observer'.
21:22:08: Hakku und Zagu has spawned 'models/glowstick/stick_lblu.mdl'.
21:22:08: Hakku und Zagu has spawned 'models/glowstick/stick_lblu.mdl'.
21:22:16: Hakku und Zagu has spawned 'models/glowstick/stick_red.mdl'.
21:22:16: Hakku und Zagu has spawned 'models/glowstick/stick_red.mdl'.
21:22:24: Hakku und Zagu has used '/Observer'.
21:23:00: CCA:c17.is:i.0662 has used '/Observer'.
21:23:02: CCA:c17.is:i.0662 has used '/Observer'.
21:23:47: CCA:c17.is:i.0662 has used '/Ad мафея....'.
21:23:53: CCA:c17.sc.0328 has used '/Observer'.
21:23:57: CCA:c17.is:i.0662 has used '/Ad сука, что в нн толкан делает'.
21:23:57: Hakku und Zagu has spawned 'models/glowstick/stick_rng.mdl'.
21:23:57: Hakku und Zagu has spawned 'models/glowstick/stick_rng.mdl'.
21:23:59: CCA:c17.sc.0328 has used '/Observer'.
21:24:00: Hakku und Zagu has spawned 'models/glowstick/stick_red.mdl'.
21:24:00: Hakku und Zagu has spawned 'models/glowstick/stick_red.mdl'.
21:24:02: Hakku und Zagu has spawned 'models/glowstick/stick_red.mdl'.
21:24:02: Hakku und Zagu has spawned 'models/glowstick/stick_red.mdl'.
21:24:04: CCA:c17.sc.0328 has used '/Observer'.
21:24:16: CCA:c17.sc.0328 has used '/Observer'.
21:24:30: Hakku und Zagu has used '/Observer'.
21:24:33: CCA:c17.is:i.0662 has used '/Ad септик, зачем в стазисной толкан'.
21:24:41: CCA:c17.sc.0328 has used '/Observer'.
21:24:43: Hakku und Zagu has used '/Observer'.
21:24:45: CCA:c17.sc.0328 has used '/Observer'.
21:24:46: Hakku und Zagu has used '/Observer'.
21:24:47: CCA:c17.is:i.0662 has used '/Ad гений'.
21:24:54: Hakku und Zagu has used '/Observer'.
21:24:54: CCA:c17.is:i.0662 has used '/Ad толкан в стазисе'.
21:24:54: Hakku und Zagu has used '/Observer'.
21:24:58: Hakku und Zagu has used '/Observer'.
21:25:02: CCA:c17.sc.0328 has used '/Observer'.
21:25:04: Hakku und Zagu has used '/Observer'.
21:25:11: CCA:c17.is:i.0662 has used '/PlyGoTo Zaggu'.
21:25:14: CCA:c17.is:i.0662 has used '/PlyGoTo und'.
21:25:16: Hakku und Zagu has used '/Observer'.
21:25:16: Hakku und Zagu has used '/Observer'.
21:25:26: CCA:c17.is:i.0662 has used '/Observer'.
21:25:37: CCA:c17.sc.0328 has used '/Observer'.
21:25:38: CCA:c17.sc.0328 has used '/Observer'.
21:26:35: Hakku und Zagu has spawned 'models/props_junk/junk_glue.mdl'.
21:26:35: Hakku und Zagu has spawned 'models/props_junk/junk_glue.mdl'.
21:26:41: Hakku und Zagu has spawned 'models/pg_props/pg_weapons/pg_smg_ammo_closed.mdl'.
21:26:41: Hakku und Zagu has spawned 'models/pg_props/pg_weapons/pg_smg_ammo_closed.mdl'.
21:26:42: Hakku und Zagu has spawned 'models/props_c17/attic_barricade.mdl'.
21:26:42: Hakku und Zagu has spawned 'models/props_c17/attic_barricade.mdl'.
21:26:44: Hakku und Zagu has spawned 'models/props_c17/booth_bench.mdl'.
21:26:44: Hakku und Zagu has spawned 'models/props_c17/booth_bench.mdl'.
21:26:49: Hakku und Zagu has spawned 'models/pg_props/pg_obj/pg_flare_pack.mdl'.
21:26:49: Hakku und Zagu has spawned 'models/pg_props/pg_obj/pg_flare_pack.mdl'.
21:27:30: Hakku und Zagu has spawned 'models/pg_props/pg_obj/pg_keycard_reader.mdl'.
21:27:30: Hakku und Zagu has spawned 'models/pg_props/pg_obj/pg_keycard_reader.mdl'.
21:27:38: Hakku und Zagu has used '/Observer'.
21:27:39: Hakku und Zagu has used '/Observer'.
21:27:41: Hakku und Zagu has spawned 'models/pg_props/pg_obj/pg_keycard_reader.mdl'.
21:27:41: Hakku und Zagu has spawned 'models/pg_props/pg_obj/pg_keycard_reader.mdl'.
21:27:44: Hakku und Zagu has used '/Observer'.
21:27:45: Hakku und Zagu has used '/Observer'.
21:27:46: Hakku und Zagu has spawned 'models/pg_props/pg_obj/pg_keycard_reader.mdl'.
21:27:46: Hakku und Zagu has spawned 'models/pg_props/pg_obj/pg_keycard_reader.mdl'.
21:27:56: CCA:c17.sc.0328 has used '/Observer'.
21:28:03: CCA:c17.sc.0328 has used '/Observer'.
21:28:11: CCA:c17.sc.0328 has used '/Observer'.
21:28:36: CCA:c17.sc.0328 has used '/Observer'.
21:28:37: CCA:c17.sc.0328 has used '/Observer'.
21:28:47: CCA:c17.is:i.0662 has used '/Event сервак говно'.
21:28:55: CCA:c17.is:i.0662 says: "<:: хош"
21:28:59: Hakku und Zagu has used '/Observer'.
21:29:00: Hakku und Zagu has used '/Observer'.
21:29:01: CCA:c17.is:i.0662 says: "<:: а прон мод будет?"
21:29:01: CCA:c17.is:i.0662 has used '/Observer'.
21:29:06: CCA:c17.is:i.0662 says: "<:: блин"
21:29:10: CCA:c17.is:i.0662 says: "<:: как српашить"
21:29:11: CCA:c17.is:i.0662 has used '/Observer'.
21:29:13: Hakku und Zagu has used '/Observer'.
21:29:15: Hakku und Zagu has used '/Observer'.
21:29:15: Hakku und Zagu has used '/Observer'.
21:29:16: Hakku und Zagu has used '/Observer'.
21:29:17: Hakku und Zagu has used '/Observer'.
21:29:18: Hakku und Zagu has used '/Observer'.
21:29:44: Hakku und Zagu has spawned 'models/props_c17/booth_spaced.mdl'.
21:29:44: Hakku und Zagu has spawned 'models/props_c17/booth_spaced.mdl'.
21:30:20: Hakku und Zagu has spawned 'models/props_c17/booth_table.mdl'.
21:30:20: Hakku und Zagu has spawned 'models/props_c17/booth_table.mdl'.
21:30:24: Hakku und Zagu has used '/StaticAdd'.
21:30:26: Hakku und Zagu has used '/StaticAdd'.
21:30:26: Hakku und Zagu has used '/StaticAdd'.
21:30:27: Hakku und Zagu has used '/StaticAdd'.
21:30:28: Hakku und Zagu has used '/StaticAdd'.
21:30:29: Hakku und Zagu has used '/Observer'.
21:30:30: Hakku und Zagu has used '/Observer'.
21:30:43: Hakku und Zagu has spawned 'models/props_c17/booth_spaced.mdl'.
21:30:43: Hakku und Zagu has spawned 'models/props_c17/booth_spaced.mdl'.
21:31:04: Hakku und Zagu has spawned 'models/props_c17/booth_spaced.mdl'.
21:31:04: Hakku und Zagu has spawned 'models/props_c17/booth_spaced.mdl'.
21:31:39: Hakku und Zagu has used '/Observer'.
21:31:41: Hakku und Zagu has used '/Observer'.
21:31:43: Hakku und Zagu has used '/Observer'.
21:31:45: Hakku und Zagu has used '/Observer'.
21:31:56: Hakku und Zagu has used '/Observer'.
21:31:56: CCA:c17.sc.0328 has used '/Observer'.
21:32:03: Hakku und Zagu has used '/Observer'.
21:32:04: Taishō Septic has loaded the character '1111111111111111111111111'.
21:32:07: Hakku und Zagu has used '/Observer'.
21:32:08: Hakku und Zagu has used '/Observer'.
21:32:09: Hakku und Zagu has used '/Observer'.
21:32:10: Hakku und Zagu has used '/Observer'.
21:32:11: Hakku und Zagu has used '/Observer'.
21:32:12: 1111111111111111111111111 has gained a Дозиметр 1532111541.
21:32:13: Hakku und Zagu has used '/Observer'.
21:32:17: 1111111111111111111111111 has used '/Observer'.
21:32:18: 1111111111111111111111111 has used '/Observer'.
21:32:19: 1111111111111111111111111 has used '/Observer'.
21:32:21: Hakku und Zagu has used '/Observer'.
21:32:21: 1111111111111111111111111 has used '/Observer'.
21:32:24: [OOC] CCA:c17.is:i.0662: кек или ржек
21:32:27: [OOC] CCA:c17.is:i.0662: вот в чем кок
21:32:31: Hakku und Zagu has used '/Observer'.
21:32:31: Hakku und Zagu has used '/Observer'.
21:32:37: Hakku und Zagu has used '/Observer'.
21:32:41: 1111111111111111111111111 has used '/Observer'.
21:33:00: Hakku und Zagu has used '/Observer'.
21:33:04: Hakku und Zagu has used '/Observer'.
21:33:30: Hakku und Zagu has used '/Observer'.
21:33:31: Hakku und Zagu has used '/Observer'.
21:33:31: Hakku und Zagu has used '/Observer'.
21:33:32: [OOC] CCA:c17.is:i.0662: все можно
21:33:32: CCA:c17.is:i.0662 has used '/Observer'.
21:33:33: Hakku und Zagu has used '/Observer'.
21:33:38: CCA:c17.is:i.0662 has used '/Observer'.
21:33:44: CCA:c17.is:i.0662 has used '/Ad ну один украина'.
21:33:47: CCA:c17.is:i.0662 has used '/Ad второй слава'.
21:34:19: 1111111111111111111111111 has used '/Observer'.
21:34:40: CCA:c17.is:i.0662 has used '/Observer'.
21:34:43: CCA:c17.is:i.0662 says: "<:: верни ноги воро"
21:34:50: CCA:c17.is:i.0662 has used '/Observer'.
21:34:54: CCA:c17.is:i.0662 has used '/Observer'.
21:34:56: CCA:c17.is:i.0662 has used '/Observer'.
21:35:33: Hakku und Zagu has used '/Observer'.
21:35:34: Hakku und Zagu has used '/Observer'.
21:35:35: Hakku und Zagu has used '/Observer'.
21:35:36: 1111111111111111111111111 has used '/Observer'.
21:35:40: Hakku und Zagu has used '/Observer'.
21:35:41: Hakku und Zagu has used '/Observer'.
21:35:45: Hakku und Zagu has used '/Observer'.
21:35:51: 1111111111111111111111111 has used '/Observer'.
21:36:04: CCA:c17.is:i.0662 has used '/Ad не вижу'.
21:36:05: CCA:c17.is:i.0662 has used '/Observer'.
21:36:10: CCA:c17.is:i.0662 has used '/Observer'.
21:37:10: Hakku und Zagu has used '/Observer'.
21:37:14: Hakku und Zagu has used '/Observer'.
21:37:16: Hakku und Zagu has used '/Observer'.
21:37:16: Hakku und Zagu has used '/Observer'.
21:37:17: Hakku und Zagu has used '/Observer'.
21:37:18: Hakku und Zagu has used '/Observer'.
21:37:42: Hakku und Zagu has used '/Observer'.
21:37:45: Hakku und Zagu has used '/Observer'.
21:37:46: Hakku und Zagu has used '/Observer'.
21:37:47: Hakku und Zagu has used '/Observer'.
21:37:47: Hakku und Zagu has used '/Observer'.
21:38:03: 1111111111111111111111111 has used '/Observer'.
21:38:06: Hakku und Zagu has used '/Observer'.
21:38:41: Hakku und Zagu has used '/Observer'.
21:38:45: Hakku und Zagu has used '/Observer'.
21:38:50: Hakku und Zagu has used '/Observer'.
21:38:52: Hakku und Zagu has used '/Observer'.
21:38:52: Hakku und Zagu has used '/Observer'.
21:38:53: Hakku und Zagu has used '/Observer'.
21:38:56: Hakku und Zagu has used '/Observer'.
21:39:01: Hakku und Zagu has used '/Observer'.
21:39:02: Hakku und Zagu has used '/Observer'.
21:39:02: Hakku und Zagu has used '/Observer'.
21:39:05: Hakku und Zagu has used '/Observer'.
21:39:23: Hakku und Zagu has used '/Observer'.
21:39:27: 1111111111111111111111111 has used '/SalesmanAdd 300'.
21:39:47: Hakku und Zagu has spawned 'models/props_junk/plasticbasket01.mdl'.
21:39:47: Hakku und Zagu has spawned 'models/props_junk/plasticbasket01.mdl'.
21:39:56: Hakku und Zagu has spawned 'models/props_marines/prc77_radio.mdl'.
21:39:56: Hakku und Zagu has spawned 'models/props_marines/prc77_radio.mdl'.
21:39:58: Hakku und Zagu has used '/Observer'.
21:39:59: Hakku und Zagu has used '/Observer'.
21:40:00: Hakku und Zagu has used '/Observer'.
21:40:07: Hakku und Zagu has used '/Observer'.
21:40:15: Hakku und Zagu has used '/Observer'.
21:40:17: Hakku und Zagu has used '/Observer'.
21:40:21: Hakku und Zagu has used '/Observer'.
21:40:25: Hakku und Zagu has used '/Observer'.
21:40:25: Hakku und Zagu has used '/Observer'.
21:40:26: Hakku und Zagu has used '/Observer'.
21:40:33: Hakku und Zagu has used '/StaticAdd'.
21:40:39: Hakku und Zagu has used '/Observer'.
21:40:40: Hakku und Zagu has used '/Observer'.
21:40:40: Hakku und Zagu has used '/Observer'.
21:40:56: Hakku und Zagu has used '/Observer'.
21:40:57: Hakku und Zagu has used '/Observer'.
21:40:59: Hakku und Zagu has used '/Observer'.
21:40:59: Hakku und Zagu has used '/Observer'.
21:41:00: Hakku und Zagu has used '/Observer'.
21:41:01: Hakku und Zagu has used '/Observer'.
21:41:02: Hakku und Zagu has used '/Observer'.
21:41:07: Hakku und Zagu has used '/Observer'.
21:41:08: Hakku und Zagu has used '/Observer'.
21:41:12: Hakku und Zagu has used '/Observer'.
21:41:14: Hakku und Zagu has used '/Observer'.
21:41:20: Поскребок (STEAM_0:1:26557894 / 109.111.16.94:27005) has connected.
21:41:21: Hakku und Zagu has used '/Observer'.
21:41:21: Hakku und Zagu has used '/Observer'.
21:41:22: Hakku und Zagu has used '/Observer'.
21:41:23: Hakku und Zagu has used '/Observer'.
21:41:26: Hakku und Zagu has used '/Observer'.
21:41:28: Hakku und Zagu has used '/Observer'.
21:41:33: Hakku und Zagu has used '/Observer'.
21:41:34: Hakku und Zagu has used '/Observer'.
21:41:36: Hakku und Zagu has used '/Observer'.
21:41:38: Hakku und Zagu has used '/Observer'.
21:41:41: Hakku und Zagu has taken 36 damage from worldspawn, leaving them at 64 health!
21:41:42: Hakku und Zagu has used '/Observer'.
21:41:50: Hakku und Zagu has used '/Observer'.
21:41:52: Hakku und Zagu has used '/Observer'.
21:41:53: Hakku und Zagu has used '/Observer'.
21:42:02: Hakku und Zagu has used '/CharSetHealth Hakku und Zagu'.
21:42:03: Hakku und Zagu has used '/Observer'.
21:42:05: Hakku und Zagu has used '/Observer'.
21:42:47: Hakku und Zagu has used '/SalesmanEdit'.
21:43:06: 1111111111111111111111111 has used '/SalesmanAdd 200'.
21:43:18: 1111111111111111111111111 has used '/SalesmanEdit 200'.
21:43:24: 1111111111111111111111111 has used '/SalesmanEdit 7'.
21:43:25: 1111111111111111111111111 has used '/SalesmanEdit 7'.
21:43:35: 1111111111111111111111111 has used '/Observer'.
21:43:38: 1111111111111111111111111 has used '/SalesmanEdit'.
21:43:46: CCA:c17.is:i.0662 says: "<:: кекс"
21:44:11: 1111111111111111111111111 has used '/Observer'.
21:44:35: Hakku und Zagu has used '/Observer'.
21:44:35: Hakku und Zagu has used '/Observer'.
21:44:36: Hakku und Zagu has used '/Observer'.
21:44:38: 1111111111111111111111111 has used '/Observer'.
21:44:39: 1111111111111111111111111 has used '/Observer'.
21:44:41: Hakku und Zagu has used '/Observer'.
21:44:41: Hakku und Zagu has used '/Observer'.
21:44:42: Hakku und Zagu has used '/Observer'.
21:44:51: Hakku und Zagu has used '/SalesmanEdit'.
21:45:46: 1111111111111111111111111 has used '/Observer'.
21:45:55: [OOC] CCA:c17.is:i.0662: жаннет лефриц
21:45:58: 1111111111111111111111111 has used '/Observer'.
21:46:10: [OOC] CCA:c17.is:i.0662: ле фриц
21:46:20: [OOC] CCA:c17.is:i.0662: *злое немецкое бубуканье*
21:46:30: 1111111111111111111111111 has used '/Observer'.
21:46:33: 1111111111111111111111111 has used '/Observer'.
21:47:18: 1111111111111111111111111 has used '/MapSceneAdd'.
21:47:21: Hakku und Zagu has used '/SalesmanEdit'.
21:47:39: 1111111111111111111111111 has used '/MapSceneAdd'.
21:47:44: CCA:c17.is:i.0662 has used '/Dispatch ГОЛОСОВАНИЕ ЗАВЕРШЕНО'.
21:47:47: CCA:c17.is:i.0662 has used '/Dispatch shit'.
21:47:48: CCA:c17.is:i.0662 has used '/Dispatch shit'.
21:47:50: CCA:c17.is:i.0662 has used '/Dispatch shit'.
21:47:55: 1111111111111111111111111 has used '/Observer'.
21:48:04: 1111111111111111111111111 has used '/Observer'.
21:48:06: CCA:c17.is:i.0662 has used '/Dispatch Whistle tune'.
21:48:06: 1111111111111111111111111 has used '/Observer'.
21:48:12: 1111111111111111111111111 has spawned 'models/props_building_details/Storefront_Template001a_Bars.mdl'.
21:48:12: 1111111111111111111111111 has spawned 'models/props_building_details/Storefront_Template001a_Bars.mdl'.
21:48:50: 1111111111111111111111111 has used '/Observer'.
21:48:54: 1111111111111111111111111 has used '/Observer'.
21:49:03: 1111111111111111111111111 has used '/Observer'.
21:49:10: 1111111111111111111111111 has used '/Observer'.
21:49:24: 1111111111111111111111111 has used '/Observer'.
21:49:37: 1111111111111111111111111 has used '/Observer'.
21:49:47: 1111111111111111111111111 has used '/Observer'.
21:50:14: [OOC] CCA:c17.is:i.0662: жанеет ле фриц
21:50:15: Hakku und Zagu has used '/Observer'.
21:50:17: Hakku und Zagu has used '/Observer'.
21:50:18: Hakku und Zagu has used '/Observer'.
21:50:19: Hakku und Zagu has used '/Observer'.
21:50:20: Hakku und Zagu has used '/Observer'.
21:50:21: Hakku und Zagu has used '/Observer'.
21:50:22: Hakku und Zagu has used '/Observer'.
21:50:22: Hakku und Zagu has used '/Observer'.
21:50:25: 1111111111111111111111111 has used '/Observer'.
21:50:26: CCA:c17.is:i.0662 has used '/Observer'.
21:50:26: CCA:c17.is:i.0662 has used '/Observer'.
21:50:26: CCA:c17.is:i.0662 has used '/Observer'.
21:50:26: CCA:c17.is:i.0662 has used '/Observer'.
21:50:26: CCA:c17.is:i.0662 has used '/Observer'.
21:50:26: CCA:c17.is:i.0662 has used '/Observer'.
21:50:26: CCA:c17.is:i.0662 has used '/Observer'.
21:50:27: CCA:c17.is:i.0662 has used '/Observer'.
21:50:27: CCA:c17.is:i.0662 has used '/Observer'.
21:50:27: CCA:c17.is:i.0662 has used '/Observer'.
21:50:27: CCA:c17.is:i.0662 has used '/Observer'.
21:50:27: CCA:c17.is:i.0662 has used '/Observer'.
21:50:28: CCA:c17.is:i.0662 has used '/Observer'.
21:50:28: CCA:c17.is:i.0662 has used '/Observer'.
21:50:28: CCA:c17.is:i.0662 has used '/Observer'.
21:50:28: CCA:c17.is:i.0662 has used '/Observer'.
21:50:28: CCA:c17.is:i.0662 has used '/Observer'.
21:50:29: CCA:c17.is:i.0662 has used '/Observer'.
21:50:29: CCA:c17.is:i.0662 has used '/Observer'.
21:50:29: CCA:c17.is:i.0662 has used '/Observer'.
21:50:29: CCA:c17.is:i.0662 has used '/Observer'.
21:50:29: CCA:c17.is:i.0662 has used '/Observer'.
21:50:30: CCA:c17.is:i.0662 has used '/Observer'.
21:50:30: CCA:c17.is:i.0662 has used '/Observer'.
21:50:30: CCA:c17.is:i.0662 has used '/Observer'.
21:50:30: CCA:c17.is:i.0662 has used '/Observer'.
21:50:31: CCA:c17.is:i.0662 has used '/Observer'.
21:50:31: CCA:c17.is:i.0662 has used '/Observer'.
21:50:31: CCA:c17.is:i.0662 has used '/Observer'.
21:50:31: CCA:c17.is:i.0662 has used '/Observer'.
21:50:31: CCA:c17.is:i.0662 has used '/Observer'.
21:50:31: CCA:c17.is:i.0662 has used '/Observer'.
21:50:33: CCA:c17.is:i.0662 has used '/Observer'.
21:50:34: CCA:c17.is:i.0662 has used '/Observer'.
21:50:34: 1111111111111111111111111 (STEAM_0:0:34008601 / 37.113.186.70:27005) has disconnected.
21:50:34: CCA:c17.is:i.0662 has used '/Observer'.
21:50:35: CCA:c17.is:i.0662 has used '/Observer'.
21:50:35: CCA:c17.is:i.0662 has used '/Observer'.
21:50:35: CCA:c17.is:i.0662 has used '/Observer'.
21:50:35: CCA:c17.is:i.0662 has used '/Observer'.
21:50:35: CCA:c17.is:i.0662 has used '/Observer'.
21:50:36: CCA:c17.is:i.0662 has used '/Observer'.
21:50:36: CCA:c17.is:i.0662 has used '/Observer'.
21:50:36: CCA:c17.is:i.0662 has used '/Observer'.
21:50:36: CCA:c17.is:i.0662 has used '/Observer'.
21:50:36: CCA:c17.is:i.0662 has used '/Observer'.
21:50:37: CCA:c17.is:i.0662 has used '/Observer'.
21:50:37: CCA:c17.is:i.0662 has used '/Observer'.
21:50:37: CCA:c17.is:i.0662 has used '/Observer'.
21:50:37: CCA:c17.is:i.0662 has used '/Observer'.
21:50:38: CCA:c17.is:i.0662 has used '/Observer'.
21:50:44: Hakku und Zagu has used '/Observer'.
21:50:47: CCA:c17.is:i.0662 has used '/Observer'.
21:50:47: CCA:c17.is:i.0662 has used '/Observer'.
21:50:47: CCA:c17.is:i.0662 has used '/Observer'.
21:50:47: CCA:c17.is:i.0662 has used '/Observer'.
21:50:48: CCA:c17.is:i.0662 has used '/Observer'.
21:50:48: CCA:c17.is:i.0662 has used '/Observer'.
21:50:48: CCA:c17.is:i.0662 has used '/Observer'.
21:50:48: CCA:c17.is:i.0662 has used '/Observer'.
21:50:48: CCA:c17.is:i.0662 has used '/Observer'.
21:50:49: CCA:c17.is:i.0662 has used '/Observer'.
21:50:49: CCA:c17.is:i.0662 has used '/Observer'.
21:50:49: CCA:c17.is:i.0662 has used '/Observer'.
21:50:49: CCA:c17.is:i.0662 has used '/Observer'.
21:50:50: CCA:c17.is:i.0662 has used '/Observer'.
21:50:50: CCA:c17.is:i.0662 has used '/Observer'.
21:50:50: CCA:c17.is:i.0662 has used '/Observer'.
21:50:50: CCA:c17.is:i.0662 has used '/Observer'.
21:50:50: CCA:c17.is:i.0662 has used '/Observer'.
21:50:50: CCA:c17.is:i.0662 has used '/Observer'.
21:50:51: CCA:c17.is:i.0662 has used '/Observer'.
21:50:51: CCA:c17.is:i.0662 has used '/Observer'.
21:50:51: CCA:c17.is:i.0662 has used '/Observer'.
21:50:51: CCA:c17.is:i.0662 has used '/Observer'.
21:50:51: CCA:c17.is:i.0662 has used '/Observer'.
21:50:52: CCA:c17.is:i.0662 has used '/Observer'.
21:50:52: CCA:c17.is:i.0662 has used '/Observer'.
21:50:52: CCA:c17.is:i.0662 has used '/Observer'.
21:50:52: CCA:c17.is:i.0662 has used '/Observer'.
21:50:52: CCA:c17.is:i.0662 has used '/Observer'.
21:50:53: CCA:c17.is:i.0662 has used '/Observer'.
21:51:12: Hakku und Zagu has used '/Observer'.
21:51:22: Hakku und Zagu has gained a Дозиметр 1532112696.
21:51:23: Hakku und Zagu has used '/Observer'.
21:51:40: Hakku und Zagu has used '/Observer'.
21:51:42: Hakku und Zagu has used '/Observer'.
21:51:43: Hakku und Zagu has used '/Observer'.
21:51:44: Hakku und Zagu has used '/Observer'.
21:51:46: Hakku und Zagu has used '/Observer'.
21:51:53: Hakku und Zagu has used '/Observer'.
21:51:56: Hakku und Zagu has used '/Observer'.
21:51:59: Hakku und Zagu has used '/Observer'.
21:52:09: Hakku und Zagu has used '/Observer'.
21:52:09: Hakku und Zagu has used '/Observer'.
21:52:15: Hakku und Zagu has used '/Observer'.
21:52:17: Hakku und Zagu has gained a ПДБ-6 1532112753.
21:52:17: Hakku und Zagu has used '/InvAction use rad_checker 1532112753'.
21:52:17: Hakku und Zagu has lost a ПДБ-6 1532112753.
21:52:20: Hakku und Zagu has gained a ПДБ-6 1532112753.
21:53:08: CCA:c17.is:i.0662 has used '/It Ты ахуел'.
21:56:51: Hakku und Zagu has gained a Руководство по использованию ПДБ 1532113028.
21:56:51: Hakku und Zagu has used '/InvAction use pdb_book 1532113028'.
21:56:51: Hakku und Zagu has lost a Руководство по использованию ПДБ 1532113028.
21:56:55: Hakku und Zagu has gained a Руководство по использованию ПДБ 1532113028.
21:56:56: Hakku und Zagu has used '/InvAction use pdb_book 1532113028.00'.
21:57:00: Hakku und Zagu has used '/InvAction use pdb_book 1532113028.00'.
21:57:03: Hakku und Zagu has used '/InvAction use rad_checker 1532112753.00'.
21:57:30: Hakku und Zagu has used '/CharAttributeAdd Hakku Medicine 100'.
21:57:37: Hakku und Zagu has used '/CharAttributeAdd Hakku Medical 100'.
21:57:47: Hakku und Zagu has used '/CharAttributeAdd Hakku ATT_MEDICAL 100'.
21:57:49: Hakku und Zagu has used '/CharAttributeAdd Hakku ATT_MEDICINE 100'.
21:59:27: CCA:c17.is:i.0662 (STEAM_0:0:159174126 / 188.163.41.194:27705) has disconnected.
21:59:46: Hakku und Zagu has used '/Observer'.
21:59:47: Hakku und Zagu has used '/Observer'.
21:59:48: Hakku und Zagu has used '/Observer'.
21:59:51: Hakku und Zagu has used '/Observer'.
22:00:05: Hakku und Zagu has used '/Observer'.
22:00:09: Hakku und Zagu has used '/Observer'.
22:00:09: Hakku und Zagu has used '/Observer'.
22:00:13: Hakku und Zagu has used '/Observer'.
22:00:27: Hakku und Zagu has used '/Observer'.
22:00:29: Hakku und Zagu has used '/Observer'.
22:00:29: Hakku und Zagu has used '/Observer'.
22:00:53: Hakku und Zagu has used '/Observer'.
22:02:13: Поскребок (STEAM_0:1:26557894 / 109.111.16.94:27005) has connected.
22:07:15: Hakku und Zagu has used '/Observer'.
22:07:21: Поскребок has created a Citizen character called 'James MacSweazy'.
22:07:21: Поскребок has loaded the character 'James MacSweazy'.
22:07:34: Hakku und Zagu has used '/Observer'.
22:07:36: Hakku und Zagu has used '/Observer'.
22:07:38: Hakku und Zagu has used '/Observer'.
22:07:39: Hakku und Zagu has used '/Observer'.
22:07:41: Hakku und Zagu has used '/Observer'.
22:08:23: Hakku und Zagu has used '/PlyWhitelist James MacSweazy Administrator'.
22:08:27: Hakku und Zagu has used '/PlyWhitelist Hakku und Zagu Civil Protection'.
22:08:36: [LOOC] James MacSweazy: я тебя не слышу
22:08:36: [LOOC] James MacSweazy: я тебя не слышу
22:09:09: Hakku und Zagu has used '/PlyWhitelist James MacSweazy Civil Protection'.
22:10:30: Поскребок has created a Administrator character called 'James Green'.
22:10:33: Поскребок has loaded the character 'James Green'.
22:10:33: James Green has gained a 9mm Pistol Bullets 1532113853.
22:10:33: James Green has gained a 9mm Pistol Bullets 1532113854.
22:11:40: Hakku und Zagu has used '/Observer'.
22:11:41: Hakku und Zagu has used '/Observer'.
22:11:43: Hakku und Zagu has used '/Observer'.
22:11:44: Hakku und Zagu has used '/Observer'.
22:12:16: [LOOC] James Green: City Administration
22:12:16: [LOOC] James Green: City Administration
22:12:41: Hakku und Zagu has used '/CharSetCustomClass James Green City Administration'.
22:13:23: James Green has gained a Combine Lock Access Card: 1 1532114009.
22:13:24: James Green has gained a Combine Lock Access Card: 2 1532114011.
22:13:26: James Green has gained a Combine Lock Access Card: 3 1532114012.
22:13:27: James Green has gained a Combine Lock Access Card: 4 1532114014.
22:13:41: James Green has lost a 9mm Pistol Bullets 1532113854.
22:13:41: James Green has used '/InvAction #Drop ammo_pistol 1532113854.00'.
22:13:43: James Green has lost a 9mm Pistol Bullets 1532113853.
22:13:43: James Green has used '/InvAction #Drop ammo_pistol 1532113853.00'.
22:13:52: Hosh has loaded the character 'CCA:c17.i1.0602'.
22:13:53: CCA:c17.i1.0602 has used '/Observer'.
22:13:55: CCA:c17.i1.0602 has used '/Observer'.
22:14:24: CCA:c17.i1.0602 has used '/PlySetGroup James Green operator'.
22:14:27: James Green has used '/Observer'.
22:14:28: James Green has used '/Observer'.
22:15:27: CCA:c17.i1.0602 has used '/Observer'.
22:15:28: CCA:c17.i1.0602 has used '/Observer'.
22:15:35: CCA:c17.i1.0602 has used '/ToggleVisor'.
22:15:37: CCA:c17.i1.0602 has used '/ToggleVisor'.
22:16:11: CCA:c17.i1.0602 has used '/Observer'.
22:16:13: CCA:c17.i1.0602 has used '/Observer'.
22:16:24: CCA:c17.i1.0602 says: "<:: Напиши apply"
22:16:27: James Green says: "<:: Мой CID -  2090, James Green"
22:16:27: James Green has used '/Apply'.
22:16:44: CCA:c17.i1.0602 has used '/LPRequest 2090 11 100'.
22:17:11: James Green has used '/Radio /R'.
22:17:16: James Green has used '/r /r'.
22:17:27: CCA:c17.i1.0602 has used '/Observer'.
22:17:27: James Green has used '/Observer'.
22:17:36: CCA:c17.i1.0602 has used '/Observer'.
22:17:37: James Green has used '/Observer'.
22:17:38: CCA:c17.i1.0602 has used '/Observer'.
22:17:40: James Green has used '/Observer'.
22:18:10: James Green has used '/Observer'.
22:18:25: CCA:c17.i1.0602 has used '/Observer'.
22:18:29: CCA:c17.i1.0602 has used '/Observer'.
22:18:31: James Green has used '/Observer'.
22:18:32: James Green has used '/Observer'.
22:18:34: CCA:c17.i1.0602 has used '/Observer'.
22:19:09: James Green has used '/Observer'.
22:19:10: James Green has used '/Observer'.
22:19:10: CCA:c17.i1.0602 has used '/CharGiveFlags James ept'.
22:19:11: James Green has used '/Observer'.
22:19:12: CCA:c17.i1.0602 has used '/Observer'.
22:19:12: James Green has used '/Observer'.
22:19:13: CCA:c17.i1.0602 has used '/Observer'.
22:19:13: CCA:c17.i1.0602 has used '/Observer'.
22:19:14: CCA:c17.i1.0602 has used '/Observer'.
22:19:15: CCA:c17.i1.0602 has used '/Observer'.
22:19:20: James Green has used '/Observer'.
22:19:21: CCA:c17.i1.0602 has used '/Observer'.
22:19:27: James Green has used '/Observer'.
22:19:57: James Green has used '/Observer'.
22:20:04: CCA:c17.i1.0602 has used '/Observer'.
22:20:05: CCA:c17.i1.0602 has used '/Observer'.
22:20:05: CCA:c17.i1.0602 has used '/Observer'.
22:20:06: CCA:c17.i1.0602 has used '/Observer'.
22:20:06: CCA:c17.i1.0602 has used '/Observer'.
22:20:08: CCA:c17.i1.0602 has used '/Observer'.
22:20:08: James Green has used '/Observer'.
22:20:09: CCA:c17.i1.0602 has used '/Observer'.
22:20:11: James Green has used '/Observer'.
22:20:13: James Green has used '/Observer'.
22:20:17: CCA:c17.i1.0602 has used '/Observer'.
22:20:19: CCA:c17.i1.0602 has used '/Observer'.
22:20:21: CCA:c17.i1.0602 has used '/Observer'.
22:20:21: CCA:c17.i1.0602 has used '/Observer'.
22:20:21: James Green has used '/Observer'.
22:20:28: CCA:c17.i1.0602 has used '/Observer'.
22:20:28: CCA:c17.i1.0602 has used '/Observer'.
22:20:28: CCA:c17.i1.0602 has used '/Observer'.
22:20:32: James Green has used '/Observer'.
22:20:34: CCA:c17.i1.0602 has used '/Observer'.
22:20:35: CCA:c17.i1.0602 has used '/Observer'.
22:20:36: CCA:c17.i1.0602 has used '/Observer'.
22:20:56: CCA:c17.i1.0602 has used '/Observer'.
22:20:56: CCA:c17.i1.0602 has used '/Observer'.
22:20:57: CCA:c17.i1.0602 has used '/Observer'.
22:20:58: CCA:c17.i1.0602 has used '/Observer'.
22:20:59: CCA:c17.i1.0602 has used '/Observer'.
22:21:00: CCA:c17.i1.0602 has used '/Observer'.
22:21:01: CCA:c17.i1.0602 has used '/Observer'.
22:21:01: CCA:c17.i1.0602 has used '/Observer'.
22:21:02: CCA:c17.i1.0602 has used '/Observer'.
22:21:02: CCA:c17.i1.0602 has used '/Observer'.
22:21:03: CCA:c17.i1.0602 has used '/Observer'.
22:21:04: CCA:c17.i1.0602 has used '/Observer'.
22:21:04: CCA:c17.i1.0602 has used '/Observer'.
22:21:10: CCA:c17.i1.0602 has used '/Observer'.
22:21:11: CCA:c17.i1.0602 has used '/Observer'.
22:21:12: CCA:c17.i1.0602 has used '/Observer'.
22:21:13: CCA:c17.i1.0602 has used '/Observer'.
22:21:13: CCA:c17.i1.0602 has used '/Observer'.
22:21:14: CCA:c17.i1.0602 has used '/Observer'.
22:21:15: CCA:c17.i1.0602 has used '/Observer'.
22:21:15: CCA:c17.i1.0602 has used '/Observer'.
22:21:18: CCA:c17.i1.0602 has used '/Observer'.
22:21:48: CCA:c17.i1.0602 has used '/Observer'.
22:21:51: CCA:c17.i1.0602 has used '/Observer'.
22:21:55: CCA:c17.i1.0602 has used '/Observer'.
22:21:55: CCA:c17.i1.0602 has used '/Observer'.
22:21:59: CCA:c17.i1.0602 has used '/Observer'.
22:21:59: CCA:c17.i1.0602 has used '/Observer'.
22:22:00: CCA:c17.i1.0602 has used '/Observer'.
22:22:00: CCA:c17.i1.0602 has used '/Observer'.
22:22:07: CCA:c17.i1.0602 has used '/Observer'.
22:22:10: CCA:c17.i1.0602 has used '/Observer'.
22:22:12: CCA:c17.i1.0602 has used '/Observer'.
22:22:12: CCA:c17.i1.0602 has used '/Observer'.
22:22:13: James Green has used '/Observer'.
22:22:14: CCA:c17.i1.0602 has used '/Observer'.
22:22:16: CCA:c17.i1.0602 has used '/Observer'.
22:22:20: CCA:c17.i1.0602 has used '/Observer'.
22:22:26: CCA:c17.i1.0602 has used '/Observer'.
22:22:29: CCA:c17.i1.0602 has used '/Observer'.
22:22:29: CCA:c17.i1.0602 has used '/Observer'.
22:22:31: CCA:c17.i1.0602 has used '/Observer'.
22:22:33: James Green has used '/Observer'.
22:22:35: CCA:c17.i1.0602 has used '/Observer'.
22:22:38: CCA:c17.i1.0602 has used '/Observer'.
22:22:42: James Green has used '/Observer'.
22:22:44: CCA:c17.i1.0602 has used '/Observer'.
22:22:50: James Green has used '/Observer'.
22:22:50: Ａｓｓ  ｗｅ  ｃａｎ (STEAM_0:1:66593099 / 89.19.100.196:1404) has connected.
22:23:03: CCA:c17.i1.0602 has used '/Observer'.
22:23:04: CCA:c17.i1.0602 has used '/Observer'.
22:23:08: CCA:c17.i1.0602 has used '/Observer'.
22:23:08: CCA:c17.i1.0602 has used '/Observer'.
22:23:09: CCA:c17.i1.0602 has used '/Observer'.
22:23:12: CCA:c17.i1.0602 has used '/Observer'.
22:23:20: James Green has spawned 'models/props_c17/oildrum001.mdl'.
22:23:20: James Green has spawned 'models/props_c17/oildrum001.mdl'.
22:23:27: CCA:c17.i1.0602 has used '/Observer'.
22:23:47: James Green has used '/Observer'.
22:24:43: James Green has used '/Observer'.
22:25:24: CCA:c17.i1.0602 has used '/Observer'.
22:25:25: CCA:c17.i1.0602 has used '/Observer'.
22:25:55: CCA:c17.i1.0602 has used '/Observer'.
22:26:07: CCA:c17.i1.0602 has used '/Observer'.
22:26:08: CCA:c17.i1.0602 has used '/Observer'.
22:26:09: CCA:c17.i1.0602 has used '/Observer'.
22:26:10: CCA:c17.i1.0602 has used '/Observer'.
22:26:11: CCA:c17.i1.0602 has used '/Observer'.
22:26:11: CCA:c17.i1.0602 has used '/Observer'.
22:26:12: CCA:c17.i1.0602 has used '/Observer'.
22:26:13: CCA:c17.i1.0602 has used '/Observer'.
22:26:14: CCA:c17.i1.0602 has used '/Observer'.
22:26:15: CCA:c17.i1.0602 has used '/Observer'.
22:26:18: CCA:c17.i1.0602 has used '/Observer'.
22:26:18: CCA:c17.i1.0602 has used '/Observer'.
22:26:20: CCA:c17.i1.0602 has used '/Observer'.
22:26:20: CCA:c17.i1.0602 has used '/Observer'.
22:26:25: Поскребок has created a Civil Protection character called 'CCA:c08.r.0954'.
22:26:30: Поскребок has loaded the character 'CCA:c08.r.0954'.
22:26:30: CCA:c08.r.0954 has gained a 9mm Pistol Bullets 1532114817.
22:26:30: CCA:c08.r.0954 has gained a 9mm Pistol Bullets 1532114818.
22:26:38: CCA:c17.i1.0602 has used '/Observer'.
22:26:45: CCA:c08.r.0954 has used '/Observer'.
22:26:48: CCA:c08.r.0954 has used '/Observer'.
22:27:00: CCA:c08.r.0954 has used '/Observer'.
22:27:11: CCA:c08.r.0954 has used '/Observer'.
22:27:23: CCA:c08.r.0954 says: "<:: haha"
22:27:26: CCA:c08.r.0954 says: "<:: hsha"
22:27:27: CCA:c17.i1.0602 has used '/Observer'.
22:27:28: CCA:c17.i1.0602 has used '/Observer'.
22:27:35: CCA:c17.i1.0602 says: "<:: Haha"
22:27:50: CCA:c08.r.0954 has used '/InvAction use sxbase_stunstick 1532114811.00'.
22:28:21: CCA:c17.i1.0602 has used '/CharSetName 0954 CCA:c08.r.0720'.
22:28:37: CCA:c17.i1.0602 has used '/CharSetName 0720 CCA:c08.r.720'.
22:28:52: Ａｓｓ  ｗｅ  ｃａｎ has created a Citizen character called 'Solomon Lembretten'.
22:28:52: Ａｓｓ  ｗｅ  ｃａｎ has loaded the character 'Solomon Lembretten'.
22:28:59: Solomon Lembretten has used '/AnimIdle 1'.
22:28:59: Solomon Lembretten has used '/AnimIdle 1'.
22:29:01: CCA:c17.i1.0602 has used '/Observer'.
22:29:01: CCA:c17.i1.0602 has used '/Observer'.
22:29:02: CCA:c17.i1.0602 has used '/Observer'.
22:29:03: CCA:c17.i1.0602 has used '/Observer'.
22:29:04: Solomon Lembretten says: "hi"
22:29:04: Solomon Lembretten says: "hi"
22:29:05: Solomon Lembretten says: "hi"
22:29:05: Solomon Lembretten says: "hi"
22:29:06: Solomon Lembretten says: "hi"
22:29:07: Solomon Lembretten says: "hi"
22:29:07: Solomon Lembretten says: "hi"
22:29:08: Solomon Lembretten says: "hi"
22:29:08: Solomon Lembretten says: "hi"
22:29:09: Hosh has loaded the character 'Hakku und Zagu'.
22:29:09: Solomon Lembretten says: "hi"
22:29:10: Hakku und Zagu has used '/Observer'.
22:29:10: Solomon Lembretten says: "hi"
22:29:10: Solomon Lembretten says: "hi"
22:29:11: Solomon Lembretten says: "hi"
22:29:12: Solomon Lembretten says: "hi"
22:29:12: Hakku und Zagu has used '/Observer'.
22:29:19: Solomon Lembretten says: "а может ты пидор>"
22:29:48: CCA:c08.r.720 has gained a Standard Civil Protection Support Headset 1532115005.
22:29:48: CCA:c08.r.720 has used '/InvAction use standard_civil_protection_support_headset 1532115005'.
22:29:55: CCA:c08.r.720 has gained a Gasmask Mark 3 1532115024.
22:29:55: CCA:c08.r.720 has used '/InvAction use gasmask_mark_3 1532115024'.
22:30:00: CCA:c08.r.720 has gained a Gasmask Mark 3 1532115024.
22:30:03: CCA:c08.r.720 has lost a Gasmask Mark 3 1532115024.
22:30:03: CCA:c08.r.720 has used '/InvAction #Drop gasmask_mark_3 1532115024.00'.
22:30:04: Hakku und Zagu has used '/Observer'.
22:30:04: Hakku und Zagu has used '/Observer'.
22:30:08: CCA:c08.r.720 has gained a Gasmask Mark 2 1532115032.
22:30:08: CCA:c08.r.720 has used '/InvAction use gasmask_mark_2 1532115032'.
22:30:21: CCA:c08.r.720 has used '/AnimIdle 1'.
22:30:25: Hakku und Zagu has used '/Observer'.
22:30:26: Hakku und Zagu has used '/Observer'.
22:30:43: Hakku und Zagu has used '/CharSetModel 720 models/metropolice/male_04.mdl'.
22:31:50: Hakku und Zagu has used '/CharSetCPOutfit 720 0_0_0000000000_0_0_0'.
22:31:55: Hakku und Zagu has used '/CharSetCPOutfit 720 0_0_0000000000_10_0_0'.
22:31:57: Hakku und Zagu has used '/CharSetCPOutfit 720 0_0_0000000000_10_10_0'.
22:32:02: Hakku und Zagu has used '/CharSetCPOutfit 720 0_0_0000000000_10_10_10'.
22:32:06: Hakku und Zagu has used '/CharSetCPOutfit 720 0_0_00000000010_10_10_10'.
22:32:10: Hakku und Zagu has used '/CharSetCPOutfit 720 0_0_0000000009_10_10_10'.
22:32:13: Hakku und Zagu has used '/CharSetCPOutfit 720 0_0_0000000099_10_10_10'.
22:32:17: Hakku und Zagu has used '/CharSetCPOutfit 720 9_0_0000000099_10_10_10'.
22:32:22: Hakku und Zagu has used '/CharSetCPOutfit 720 9_10_0000000099_10_10_10'.
22:32:26: Hakku und Zagu has used '/CharSetCPOutfit 720 10_10_0000000099_10_10_10'.
22:32:30: Hakku und Zagu has used '/CharSetCPOutfit 720 11_10_0000000099_10_10_10'.
22:32:33: Hakku und Zagu has used '/CharSetCPOutfit 720 12_10_0000000099_10_10_10'.
22:32:36: Hakku und Zagu has used '/CharSetCPOutfit 720 13_10_0000000099_10_10_10'.
22:32:40: Hakku und Zagu has used '/CharSetCPOutfit 720 12_10_0000000099_10_10_10'.
22:32:44: Hakku und Zagu has used '/CharSetCPOutfit 720 8_10_0000000099_10_10_10'.
22:32:47: Hakku und Zagu has used '/CharSetCPOutfit 720 7_10_0000000099_10_10_10'.
22:32:49: Hakku und Zagu has used '/CharSetCPOutfit 720 6_10_0000000099_10_10_10'.
22:32:53: Hakku und Zagu has used '/CharSetCPOutfit 720 5_10_0000000099_10_10_10'.
22:32:56: Hakku und Zagu has used '/CharSetCPOutfit 720 4_10_0000000099_10_10_10'.
22:32:59: Hakku und Zagu has used '/CharSetCPOutfit 720 9_10_0000000099_10_10_10'.
22:33:05: Hakku und Zagu has used '/CharSetCPOutfit 720 9_9_0000000099_10_10_10'.
22:33:11: Hakku und Zagu has used '/CharSetCPOutfit 720 9_9_1000000099_10_10_10'.
22:33:14: Hakku und Zagu has used '/CharSetCPOutfit 720 9_9_2000000099_10_10_10'.
22:33:16: Hakku und Zagu has used '/CharSetCPOutfit 720 9_9_2300000099_10_10_10'.
22:33:24: Hakku und Zagu has used '/CharSetCPOutfit 720 9_9_2400000099_10_10_10'.
22:33:31: Hakku und Zagu has used '/CharSetCPOutfit 720 9_9_2010000099_10_10_10'.
22:33:35: Hakku und Zagu has used '/CharSetCPOutfit 720 9_9_2020000099_10_10_10'.
22:33:38: Hakku und Zagu has used '/CharSetCPOutfit 720 9_9_2021000099_10_10_10'.
22:33:41: Hakku und Zagu has used '/CharSetCPOutfit 720 9_9_2021100099_10_10_10'.
22:33:47: Hakku und Zagu has used '/CharSetCPOutfit 720 9_9_2021110099_10_10_10'.
22:33:50: Hakku und Zagu has used '/CharSetCPOutfit 720 9_9_2021101099_10_10_10'.
22:33:54: Hakku und Zagu has used '/CharSetCPOutfit 720 9_9_2021101090_10_10_10'.
22:34:02: Hakku und Zagu has used '/CharSetCPOutfit 720 9_9_2020001090_10_10_10'.
22:34:06: Hakku und Zagu has used '/CharSetCPOutfit 720 9_9_2000001090_10_10_10'.
22:34:18: CCA:c08.r.720 has gained a Gasmask Mark 2 1532115032.
22:34:22: CCA:c08.r.720 has used '/InvAction use gasmask_mark_2 1532115032.00'.
22:34:41: CCA:c08.r.720 has gained a Gasmask Mark 2 1532115032.
22:34:42: CCA:c08.r.720 has gained a Standard Civil Protection Support Headset 1532115005.
22:34:44: CCA:c08.r.720 has used '/InvAction use standard_civil_protection_support_headset 1532115005.00'.
22:34:45: CCA:c08.r.720 has used '/InvAction use gasmask_mark_2 1532115032.00'.
22:35:06: Hakku und Zagu has used '/CharSetCPVisor 720 1_1_1 0_0_0'.
22:35:22: Hakku und Zagu has used '/CharSetCPVisor 720 1_0_1 0_0_0'.
22:35:25: Hakku und Zagu has used '/CharSetCPVisor 720 1_0_0 0_0_0'.
22:35:30: Hakku und Zagu has used '/CharSetCPVisor 720 2_0_0 0_0_0'.
22:35:34: Hakku und Zagu has used '/CharSetCPVisor 720 1_0_0 0_0_0'.
22:35:52: Hakku und Zagu has used '/CharGiveFlags 720 ept'.
22:36:09: Solomon Lembretten has used '/AnimIdle 1'.
22:36:14: Hakku und Zagu has used '/PlySetGroup Solomon Lembretten admin'.
22:36:18: Solomon Lembretten has used '/AnimIdle 1'.
22:36:36: Solomon Lembretten has used '/Observer'.
22:36:43: Hakku und Zagu has used '/CharSetCPVisor 720 1_0_0 2_0_0'.
22:36:48: Hakku und Zagu has used '/CharSetCPVisor 720 3_0_0 2_0_0'.
22:36:52: Hakku und Zagu has used '/CharSetCPVisor 720 10_0_0 2_0_0'.
22:37:01: Hakku und Zagu has used '/CharSetCPVisor 720 1_0_0 2_0_0'.
22:37:05: Hakku und Zagu has used '/CharSetCPVisor 720 3_0_0 2_0_0'.
22:37:10: Hakku und Zagu has used '/PlySetGroup Solomon Lembretten superadmin'.
22:37:23: Hakku und Zagu has used '/CharSetCPVisor 720 3_0_0 1_0_0'.
22:37:24: Solomon Lembretten has used '/CharGiveFlags Solo ept'.
22:37:27: Hakku und Zagu has used '/CharSetCPVisor 720 3_0_0 _0_0'.
22:37:31: Hakku und Zagu has used '/CharSetCPVisor 720 3_0_0 0_0_0'.
22:37:57: CCA:c08.r.720 has gained a SPAS-12 1532115505.
22:38:02: Solomon Lembretten has used '/StaticRemove'.
22:38:03: Solomon Lembretten has used '/StaticRemove'.
22:38:04: Solomon Lembretten has used '/StaticRemove'.
22:38:05: Solomon Lembretten has used '/StaticRemove'.
22:38:15: Solomon Lembretten has used '/StaticRemove'.
22:38:15: Hakku und Zagu has used '/Observer'.
22:38:15: Solomon Lembretten has used '/StaticRemove'.
22:38:16: Solomon Lembretten has used '/StaticRemove'.
22:38:16: Solomon Lembretten has used '/StaticRemove'.
22:38:28: Hakku und Zagu has used '/Observer'.
22:38:29: Hakku und Zagu has used '/Observer'.
22:38:30: Hakku und Zagu has used '/Observer'.
22:38:32: Hakku und Zagu has used '/Observer'.
22:38:33: Hakku und Zagu has used '/Observer'.
22:38:34: Hakku und Zagu has used '/Observer'.
22:38:34: Hakku und Zagu has used '/Observer'.
22:38:36: Hakku und Zagu has used '/Observer'.
22:38:49: CCA:c08.r.720 has used '/Observer'.
22:38:51: Solomon Lembretten has used '/StaticRemove'.
22:38:52: Solomon Lembretten has used '/StaticRemove'.
22:38:53: Solomon Lembretten has used '/StaticRemove'.
22:38:54: Solomon Lembretten has used '/StaticRemove'.
22:38:56: Solomon Lembretten has used '/StaticRemove'.
22:38:56: Solomon Lembretten has used '/StaticRemove'.
22:39:09: Solomon Lembretten has used '/StaticRemove'.
22:39:09: Solomon Lembretten has used '/StaticRemove'.
22:39:10: CCA:c08.r.720 has used '/Observer'.
22:39:11: Solomon Lembretten has used '/StaticRemove'.
22:39:21: CCA:c08.r.720 has used '/Observer'.
22:39:22: CCA:c08.r.720 has used '/Observer'.
22:39:30: CCA:c08.r.720 has used '/Observer'.
22:39:33: CCA:c08.r.720 has used '/Observer'.
22:39:41: Solomon Lembretten has used '/Observer'.
22:39:48: Solomon Lembretten has used '/Observer'.
22:39:53: CCA:c08.r.720 has used '/Observer'.
22:39:57: Solomon Lembretten has used '/Observer'.
22:40:14: Solomon Lembretten has used '/PlyBring 720'.
22:40:19: Hakku und Zagu has used '/Observer'.
22:40:19: CCA:c08.r.720 has used '/Observer'.
22:40:21: CCA:c08.r.720 has used '/Observer'.
22:40:34: Solomon Lembretten says: "цэвэу офис"
22:40:37: Solomon Lembretten says: "виз гейс"
22:40:39: CCA:c08.r.720 says: "<:: Слава Альянсу"
22:40:39: Solomon Lembretten says: "бойс"
22:40:42: CCA:c08.r.720 has used '/Observer'.
22:40:44: Solomon Lembretten says: "энд слейвс"
22:40:44: CCA:c08.r.720 has used '/Observer'.
22:41:06: Hakku und Zagu (STEAM_0:1:37316814 / 46.172.17.54:27006) has disconnected.
22:41:21: Solomon Lembretten has spawned 'models/props_phx/construct/plastic/plastic_panel1x2.mdl'.
22:41:21: Solomon Lembretten has spawned 'models/props_phx/construct/plastic/plastic_panel1x2.mdl'.
22:41:31: Solomon Lembretten has spawned 'models/props_phx/construct/plastic/plastic_panel1x3.mdl'.
22:41:31: Solomon Lembretten has spawned 'models/props_phx/construct/plastic/plastic_panel1x3.mdl'.
22:41:38: Solomon Lembretten has spawned 'models/props_phx/construct/plastic/plastic_panel1x4.mdl'.
22:41:38: Solomon Lembretten has spawned 'models/props_phx/construct/plastic/plastic_panel1x4.mdl'.
22:41:52: Solomon Lembretten has used '/Observer'.
22:42:43: Поскребок has loaded the character 'James Green'.
22:42:43: James Green has gained a 9mm Pistol Bullets 1532115798.
22:42:43: James Green has gained a 9mm Pistol Bullets 1532115799.
22:42:44: James Green has used '/Observer'.
22:42:55: James Green has used '/Observer'.
22:43:27: Solomon Lembretten has used '/Observer'.
22:44:16: James Green has used '/Broadcast ASD'.
22:44:19: Solomon Lembretten has spawned 'models/props_phx/construct/plastic/plastic_panel1x3.mdl'.
22:44:19: Solomon Lembretten has spawned 'models/props_phx/construct/plastic/plastic_panel1x3.mdl'.
22:44:33: Solomon Lembretten has spawned 'models/props_phx/construct/plastic/plastic_panel1x4.mdl'.
22:44:33: Solomon Lembretten has spawned 'models/props_phx/construct/plastic/plastic_panel1x4.mdl'.
22:45:02: Solomon Lembretten has used '/Observer'.
22:45:53: Solomon Lembretten has used '/Observer'.
22:46:44: Solomon Lembretten has used '/Observer'.
22:46:45: Solomon Lembretten has used '/Observer'.
22:46:48: Solomon Lembretten has spawned 'models/squad/sf_bars/sf_bar4.mdl'.
22:46:48: Solomon Lembretten has spawned 'models/squad/sf_bars/sf_bar4.mdl'.
22:46:52: Solomon Lembretten has spawned 'models/squad/sf_plates/sf_plate1x4.mdl'.
22:46:52: Solomon Lembretten has spawned 'models/squad/sf_plates/sf_plate1x4.mdl'.
22:47:02: Solomon Lembretten has spawned 'models/squad/sf_plates/sf_plate1x7.mdl'.
22:47:02: Solomon Lembretten has spawned 'models/squad/sf_plates/sf_plate1x7.mdl'.
22:47:11: Solomon Lembretten has spawned 'models/squad/sf_plates/sf_plate1x8.mdl'.
22:47:11: Solomon Lembretten has spawned 'models/squad/sf_plates/sf_plate1x8.mdl'.
22:50:59: Solomon Lembretten (STEAM_0:1:66593099 / 89.19.100.196:1404) has disconnected.
22:53:29: James Green has used '/Observer'.
22:59:25: Ａｓｓ  ｗｅ  ｃａｎ (STEAM_0:1:66593099 / 89.19.100.196:3681) has connected.
23:01:07: Ａｓｓ  ｗｅ  ｃａｎ has loaded the character 'Solomon Lembretten'.
23:01:56: Solomon Lembretten has used '/Observer'.
23:03:39: Solomon Lembretten has spawned 'models/squad/sf_plates/sf_plate4x6.mdl'.
23:03:39: Solomon Lembretten has spawned 'models/squad/sf_plates/sf_plate4x6.mdl'.
23:03:43: Solomon Lembretten has spawned 'models/squad/sf_plates/sf_plate8x8.mdl'.
23:03:43: Solomon Lembretten has spawned 'models/squad/sf_plates/sf_plate8x8.mdl'.
23:05:02: Solomon Lembretten has spawned 'models/props_phx/construct/plastic/plastic_panel1x4.mdl'.
23:05:02: Solomon Lembretten has spawned 'models/props_phx/construct/plastic/plastic_panel1x4.mdl'.
23:05:07: Solomon Lembretten has spawned 'models/props_phx/construct/plastic/plastic_panel2x3.mdl'.
23:05:07: Solomon Lembretten has spawned 'models/props_phx/construct/plastic/plastic_panel2x3.mdl'.
23:05:18: Solomon Lembretten has spawned 'models/props_phx/construct/plastic/plastic_panel2x4.mdl'.
23:05:18: Solomon Lembretten has spawned 'models/props_phx/construct/plastic/plastic_panel2x4.mdl'.
23:07:28: Solomon Lembretten has used '/Observer'.
23:08:11: Solomon Lembretten has used '/Observer'.
23:09:33: Solomon Lembretten has used '/Observer'.
23:09:49: Solomon Lembretten has used '/Observer'.
23:09:54: Solomon Lembretten has used '/StaticAdd'.
23:09:55: Solomon Lembretten has used '/StaticAdd'.
23:09:56: Solomon Lembretten has used '/StaticAdd'.
23:09:57: Solomon Lembretten has used '/StaticAdd'.
23:09:57: Solomon Lembretten has used '/StaticAdd'.
23:09:59: Solomon Lembretten has used '/StaticAdd'.
23:10:08: Solomon Lembretten has used '/SalesmanAdd'.
23:10:51: Solomon Lembretten has gained a Combine Lock: 2 1532117488.
23:11:00: Solomon Lembretten has lost a Combine Lock: 2 1532117488.
23:11:00: Solomon Lembretten has used '/InvAction use combine_lock_2 1532117488.00'.
23:11:06: Solomon Lembretten has gained a Combine Lock: 2 1532117504.
23:11:12: Solomon Lembretten has lost a Combine Lock: 2 1532117504.
23:11:12: Solomon Lembretten has used '/InvAction use combine_lock_2 1532117504.00'.
23:11:24: Solomon Lembretten has used '/SalesmanEdit'.
23:12:49: James Green has used '/Observer'.
23:13:43: Solomon Lembretten has gained a Combine Lock Access Card: 2 1532117662.
23:13:44: Solomon Lembretten has gained a Combine Lock Access Card: 2 1532117664.
23:13:46: Solomon Lembretten has gained a Combine Lock Access Card: 2 1532117667.
23:13:58: James Green has used '/Observer'.
23:13:58: James Green has used '/Observer'.
23:14:05: Solomon Lembretten has gained a Combine Lock: 2 1532117687.
23:14:10: Solomon Lembretten has lost a Combine Lock: 2 1532117687.
23:14:10: Solomon Lembretten has used '/InvAction use combine_lock_2 1532117687.00'.
23:14:32: James Green has used '/Observer'.
23:14:37: James Green has used '/Observer'.
23:15:33: Solomon Lembretten has gained a Filled Ration 1532117766.
23:15:33: Solomon Lembretten has gained a Citizen Supplements 1532117779.
23:15:33: Solomon Lembretten has gained a Breen's Water 1532117780.
23:15:33: Solomon Lembretten has gained a Ration Package 1532117781.
23:15:33: Solomon Lembretten has lost a Filled Ration 1532117766.
23:15:33: Solomon Lembretten has used '/InvAction use filled_ration 1532117766'.
23:16:33: Solomon Lembretten has gained a Filled Ration 1532117829.
23:16:39: Solomon Lembretten has gained a Citizen Supplements 1532117851.
23:16:39: Solomon Lembretten has gained a Breen's Water 1532117852.
23:16:39: Solomon Lembretten has gained a Ration Package 1532117853.
23:16:39: Solomon Lembretten has lost a Filled Ration 1532117829.
23:16:39: Solomon Lembretten has used '/InvAction use filled_ration 1532117829.00'.
23:18:42: Solomon Lembretten has used '/Observer'.
23:18:44: Solomon Lembretten has used '/Observer'.
23:19:04: Solomon Lembretten has used '/Observer'.
23:19:08: Solomon Lembretten has used '/Observer'.
23:20:57: James Green has used '/Observer'.
23:20:59: James Green has used '/Observer'.
23:21:34: James Green has used '/Observer'.
23:22:07: James Green has used '/Observer'.
23:22:10: James Green says: "<:: Ага"
23:22:13: James Green says: "<:: Торгуешь"
23:22:17: James Green has used '/Observer'.
23:22:30: James Green has used '/Broadcast Надо речь придумать, бля'.
23:22:33: Solomon Lembretten has used '/Observer'.
23:22:36: Solomon Lembretten has used '/Observer'.
23:22:46: James Green has used '/Observer'.
23:22:48: James Green has used '/Observer'.
23:22:52: Solomon Lembretten has used '/Observer'.
23:22:53: Solomon Lembretten has used '/Observer'.
23:22:54: Solomon Lembretten has used '/Observer'.
23:22:54: Solomon Lembretten has used '/Observer'.
23:22:58: James Green has used '/Observer'.
23:22:59: James Green has used '/Observer'.
23:23:00: James Green has used '/Observer'.
23:23:02: James Green has used '/Observer'.
23:23:02: James Green has used '/Observer'.
23:23:10: James Green says: "<:: Септик себе такой кабинетище забрал"
23:23:12: James Green has used '/Observer'.
23:23:44: James Green has used '/Observer'.
23:23:50: Solomon Lembretten says: "nice!"
23:23:51: Solomon Lembretten has used '/Observer'.
23:23:52: James Green says: "<:: Как тебе моя хатка"
23:23:55: James Green says: "<:: Это не она"
23:24:03: James Green says: "<:: Это она"
23:24:06: Solomon Lembretten says: "klassno!"
23:24:07: James Green says: "<:: Не хормоы септика"
23:24:09: Solomon Lembretten has used '/Observer'.
23:24:10: James Green says: "<:: Но сойдет"
23:24:11: Solomon Lembretten has used '/Observer'.
23:24:14: Solomon Lembretten says: "yeah"
23:24:14: Solomon Lembretten has used '/Observer'.
23:24:18: James Green says: "<:: haha"
23:24:22: James Green says: "<:: Nooo"
23:24:24: James Green says: "<:: nice"
23:25:24: Solomon Lembretten has used '/Observer'.
23:25:24: Solomon Lembretten has used '/Observer'.
23:25:56: James Green has used '/Observer'.
23:26:22: James Green has used '/Observer'.
23:26:34: James Green has used '/Observer'.
23:26:34: James Green has used '/Observer'.
23:26:36: James Green has used '/Observer'.
23:26:41: James Green has used '/Observer'.
23:26:56: Solomon Lembretten has used '/StaticRemove'.
23:26:57: Solomon Lembretten has used '/StaticRemove'.
23:26:58: Solomon Lembretten has used '/StaticRemove'.
23:27:00: Solomon Lembretten has used '/StaticRemove'.
23:27:05: Поскребок has loaded the character 'CCA:c08.r.720'.
23:27:14: Поскребок has loaded the character 'James Green'.
23:27:25: James Green (STEAM_0:1:26557894 / 109.111.16.94:27005) has disconnected.
23:27:34: Solomon Lembretten has used '/SalesmanEdit'.
23:30:14: Solomon Lembretten has used '/SalesmanRemove'.
23:31:58: Solomon Lembretten (STEAM_0:1:66593099 / 89.19.100.196:3681) has disconnected.
