01:35:19: ☭СССР☭ (STEAM_0:1:168797096/46.53.182.78:54028) has connected.
01:43:19: ☭СССР☭ has created a Citizen character called 'Sergey Mohalenko'.
01:43:23: ☭СССР☭ has loaded the character 'Sergey Mohalenko'.
01:43:28: Sergey Mohalenko has used '/CharPhysDesc'.
01:46:58: Sergey Mohalenko has used '/CharPhysDesc l Мужчина l Крепкого телосложения l Выглядит на 26-28 лет l Рост примерно 180 см l Имеет волосеной покров на голове и подбородке каштанового цвета l Имеет зеленый цвет глаз l *Голос*: Имеет грубоватый, четкий голос, выражен русский акцент l Одет в обычную форму Гражданина "City-14" l'.
01:50:28: Sergey Mohalenko (STEAM_0:1:168797096/46.53.182.78:54028) has disconnected.
11:03:05: [UnionRP]super_cega (STEAM_0:1:213188528/80.251.152.183:27005) has connected.
12:18:30: Qwer (STEAM_0:0:89484693/178.213.35.187:27005) has connected.
12:22:29: Qwer has created a Refugee character called 'Ethan Jones'.
12:22:29: Qwer has loaded the character 'Ethan Jones'.
12:22:56: Ethan Jones has used '/AnimDeny'.
12:23:00: Ethan Jones has used '/AnimATW'.
12:23:03: Ethan Jones has used '/AnimLean Normal'.
12:23:08: Ethan Jones has used '/AnimMotion Left'.
12:25:34: Ethan Jones has taken 8 damage from trigger_hurt, leaving them at 92 health and 0 armor!
12:26:12: Ethan Jones has used '/CharSearch'.
12:29:29: Qwer has created a Citizen character called 'Henry Adamson'.
12:29:35: Qwer has loaded the character 'Henry Adamson'.
12:30:06: Henry Adamson has used '/CharPhysDesc'.
12:31:23: Henry Adamson has used '/CharPhysDesc Мужчина/Лет на вид 25-30/Рост ~180-190/Афроамериканец/Одет в стандартную форму гражданина.'.
12:31:37: Henry Adamson has used '/AnimSit'.
12:31:42: Henry Adamson has used '/AnimIdle'.
12:31:51: Henry Adamson has used '/AnimLean ArmsBack'.
12:31:59: Henry Adamson has used '/AnimWave Close'.
12:32:03: Henry Adamson has used '/AnimSitWall'.
12:34:17: Henry Adamson has lost a Suitcase 1514366971.
12:34:17: Henry Adamson has used '/InvAction use cw_suitcase 1514366971.00'.
12:34:21: Henry Adamson has gained a Suitcase 1514366971.
12:34:23: Henry Adamson has lost a Suitcase 1514366971.
12:34:23: Henry Adamson has used '/InvAction use cw_suitcase 1514366971.00'.
12:34:24: Henry Adamson has lost a Suitcase 1514366971.
12:34:33: Henry Adamson has gained a Suitcase 1514366971.
12:34:33: Henry Adamson has lost a Suitcase 1514366971.
12:34:33: Henry Adamson has used '/InvAction use cw_suitcase 1514366971'.
12:34:36: Henry Adamson has lost a Suitcase 1514366971.
12:34:37: Henry Adamson has gained a Suitcase 1514366971.
12:34:42: Henry Adamson has lost a Suitcase 1514366971.
12:34:42: Henry Adamson has used '/InvAction use cw_suitcase 1514366971.00'.
12:35:34: Henry Adamson says: "Hi"
12:35:38: Henry Adamson says: "Hi"
12:35:44: Henry Adamson says: "Run"
12:35:44: Henry Adamson says "Run"
12:35:48: Henry Adamson says: "Gtfo"
12:35:48: Henry Adamson says "Gtfo"
12:35:56: Henry Adamson says: "Oh god"
12:36:34: Henry Adamson has used '/Radio 1'.
12:37:13: Henry Adamson has used '/Me медленно правой рукой дернул ручку, после чего открыл дверь и не спеша вошел в здание'.
12:37:47: Henry Adamson has gained a Suitcase 1514366971.
12:37:49: Henry Adamson has lost a Suitcase 1514366971.
12:37:49: Henry Adamson has used '/InvAction use cw_suitcase 1514366971.00'.
12:41:31: Henry Adamson says: "@ 1"
12:41:31: Henry Adamson says "@ 1"
12:46:33: Henry Adamson has used '/AnimSit'.
12:46:37: Henry Adamson has used '/AnimSit'.
12:48:08: Henry Adamson has used '/AnimDeny'.
12:48:10: Henry Adamson has used '/AnimIdle'.
12:48:12: Henry Adamson has used '/AnimPant'.
12:50:06: Henry Adamson has lost a Suitcase 1514366971.
12:50:29: Henry Adamson has gained a Suitcase 1514366971.
12:50:35: Henry Adamson has lost a Suitcase 1514366971.
12:50:35: Henry Adamson has used '/InvAction use cw_suitcase 1514366971.00'.
12:50:38: Henry Adamson has lost a Suitcase 1514366971.
12:51:03: Henry Adamson has gained a Suitcase 1514366971.
12:54:17: Henry Adamson has used '/CharFallOver'.
12:54:18: Henry Adamson has used '/CharGetUp'.
12:55:32: Qwer has loaded the character 'Ethan Jones'.
12:55:36: Qwer has loaded the character 'Henry Adamson'.
12:55:52: Henry Adamson has rolled 70 out 100.
12:55:52: Henry Adamson has used '/Roll'.
12:55:55: Henry Adamson has rolled 24 out 100.
12:55:55: Henry Adamson has used '/Roll'.
12:55:59: Henry Adamson has rolled 60 out 100.
12:55:59: Henry Adamson has used '/Roll'.
12:56:01: Henry Adamson has rolled 83 out 100.
12:56:01: Henry Adamson has used '/Roll'.
12:56:03: Henry Adamson has rolled 2 out 100.
12:56:03: Henry Adamson has used '/Roll'.
12:56:04: Henry Adamson has rolled 18 out 100.
12:56:04: Henry Adamson has used '/Roll'.
12:56:07: Henry Adamson has rolled 39 out 100.
12:56:07: Henry Adamson has used '/Roll'.
12:56:10: Henry Adamson has rolled 8 out 100.
12:56:10: Henry Adamson has used '/Roll 100'.
12:56:15: Henry Adamson has rolled 2 out 2.
12:56:15: Henry Adamson has used '/Roll 2'.
12:56:19: Henry Adamson has rolled 26 out 50.
12:56:19: Henry Adamson has used '/Roll 50'.
12:56:28: Henry Adamson has rolled 700484415 out 1000000000.
12:56:28: Henry Adamson has used '/Roll 1000000000000000000000000000000'.
12:56:49: Henry Adamson (STEAM_0:0:89484693/178.213.35.187:27005) has disconnected.
13:09:58: Qwer (STEAM_0:0:89484693/178.213.35.187:27005) has connected.
13:10:24: Qwer has loaded the character 'Henry Adamson'.
13:10:27: ✙Solya_TEMPLAR✙ (STEAM_0:0:101886487/85.140.79.196:65459) has connected.
13:11:42: Henry Adamson has used '/CharPhysDesc'.
13:12:49: Henry Adamson has used '/StorageClose'.
13:13:15: ✙Solya_TEMPLAR✙ has created a Refugee character called 'Solomon Serent'.
13:13:15: ✙Solya_TEMPLAR✙ has loaded the character 'Solomon Serent'.
13:14:23: Solomon Serent has used '/StorageClose'.
13:14:28: Solomon Serent has lost a Suitcase 1514369598.
13:14:28: Solomon Serent has used '/InvAction use cw_suitcase 1514369598.00'.
13:14:42: Solomon Serent has lost a Suitcase 1514369598.
13:15:18: Solomon Serent has gained a Suitcase 1514369598.
13:15:18: Solomon Serent has lost a Suitcase 1514369598.
13:15:18: Solomon Serent has used '/InvAction use cw_suitcase 1514369598'.
13:15:21: Solomon Serent has used '/StorageClose'.
13:16:56: Solomon Serent has gained a Suitcase 1514369598.
13:18:44: Solomon Serent has used '/StorageClose'.
13:18:46: Solomon Serent has used '/StorageClose'.
13:18:57: Henry Adamson has used '/StorageClose'.
13:20:59: Solomon Serent has used '/CharFallOver'.
13:21:00: Solomon Serent has used '/CharGetUp'.
13:22:32: Solomon Serent says: "No"
13:22:32: Solomon Serent says "No"
13:22:39: Henry Adamson says: "Ho god"
13:22:39: Henry Adamson says "Ho god"
13:22:42: Henry Adamson says: "Oh god"
13:22:48: Solomon Serent says: "Oh god"
13:22:48: Solomon Serent says: "Oh god"
13:22:49: Solomon Serent says: "Oh god"
13:22:50: Solomon Serent says: "Oh god"
13:22:50: Solomon Serent says: "Oh god"
13:22:56: Henry Adamson says: "Take this medkit "
13:22:56: Henry Adamson says "Take this medkit "
13:23:05: Henry Adamson says: "No"
13:23:05: Henry Adamson says "No"
13:23:10: Solomon Serent says: "Oh god"
13:23:10: Henry Adamson says: "Yes"
13:23:10: Henry Adamson says "Yes"
13:23:14: Solomon Serent says: "Help"
13:23:20: Henry Adamson says: "CP"
13:23:20: Henry Adamson says "CP"
13:23:23: Henry Adamson says: "ГО"
13:23:23: Henry Adamson says "ГО"
13:23:25: Solomon Serent has used '/CharFallOver'.
13:23:27: Solomon Serent has used '/CharGetUp'.
13:23:30: Solomon Serent has used '/CharGetUp'.
13:23:35: Solomon Serent has used '/CharGetUp'.
13:24:02: Solomon Serent has used '/CharFallOver'.
13:24:05: Solomon Serent has used '/CharGetUp'.
13:24:06: Solomon Serent has used '/CharGetUp'.
13:24:37: Solomon Serent says: "Негр, помочь не могу"
13:24:37: Solomon Serent says "Негр, помочь не могу"
13:24:37: Henry Adamson says: "Help"
13:24:47: Henry Adamson says: "Oh god"
13:25:06: Solomon Serent has used '/SetFreq 11'.
13:25:10: Solomon Serent has used '/SetFreq 111.1'.
13:25:15: Solomon Serent has used '/Radio Пиздук'.
13:25:20: Solomon Serent has used '/CharFallOver'.
13:25:21: Solomon Serent has used '/CharGetUp'.
13:26:17: Solomon Serent (STEAM_0:0:101886487/85.140.79.196:65459) has disconnected.
13:26:22: Henry Adamson (STEAM_0:0:89484693/178.213.35.187:27005) has disconnected.
13:32:23: G13|Твой капитан (STEAM_0:0:168484685/95.190.154.237:27005) has connected.
13:35:13: G13|Твой капитан has created a Citizen character called 'Johny Mooller'.
13:35:13: G13|Твой капитан has loaded the character 'Johny Mooller'.
13:35:42: Johny Mooller has used '/PermitBuy business'.
13:35:51: Johny Mooller has lost a Suitcase 1514370914.
13:35:51: Johny Mooller has used '/InvAction use cw_suitcase 1514370914.00'.
13:48:49: Johny Mooller says: "!menu"
13:48:49: Johny Mooller says "!menu"
13:57:52: Johny Mooller has used '/Me обосрался блять'.
14:00:53: Johny Mooller has used '/Me обосрался блять'.
14:12:52: G13|Твой капитан has created a Refugee character called 'Питер Александрович'.
14:12:56: G13|Твой капитан has loaded the character 'Питер Александрович'.
14:17:54: Питер Александрович has used '/AnimDeny'.
14:18:00: Питер Александрович has used '/AnimLean ArmsBack'.
14:18:09: Питер Александрович has used '/AnimLean ArmsBack'.
14:18:14: Питер Александрович has used '/AnimLean ArmsBack'.
14:20:56: Питер Александрович (STEAM_0:0:168484685/95.190.154.237:27005) has disconnected.
15:06:21: Smoke (STEAM_0:0:66511224/109.110.50.17:9831) has connected.
15:07:46: ☭СССР☭ (STEAM_0:1:168797096/46.53.182.78:57997) has connected.
15:13:03: Smoke has created a Citizen character called 'Дмитрий Дренаж'.
15:13:03: Smoke has loaded the character 'Дмитрий Дренаж'.
15:17:54: Smoke has created a Refugee character called 'Джонатан Квимби'.
15:18:00: Smoke has loaded the character 'Джонатан Квимби'.
15:18:44: Джонатан Квимби has used '/CharSearch'.
15:18:54: Джонатан Квимби has used '/CharPhysDesc'.
15:19:13: Джонатан Квимби has used '/AnimATW'.
15:19:17: Джонатан Квимби has used '/AnimATW'.
15:19:21: Джонатан Квимби has used '/AnimATW'.
15:19:26: Джонатан Квимби has used '/AnimATW'.
15:19:30: Джонатан Квимби has used '/AnimMotion Right'.
15:19:43: Джонатан Квимби has used '/AnimATW'.
15:19:51: Джонатан Квимби has used '/AnimIdle'.
15:19:58: Джонатан Квимби has used '/AnimPantWall'.
15:20:02: Джонатан Квимби has used '/AnimPantWall'.
15:20:07: Джонатан Квимби has used '/AnimPantWall'.
15:20:17: Джонатан Квимби has used '/AnimWave Close'.
15:20:25: Джонатан Квимби has used '/AnimWave Close'.
15:20:58: Джонатан Квимби has lost a Suitcase 1514377076.
15:20:58: Джонатан Квимби has used '/InvAction use cw_suitcase 1514377076.00'.
15:24:27: Джонатан Квимби has used '/StorageClose'.
15:24:30: Джонатан Квимби has used '/StorageClose'.
15:24:32: Джонатан Квимби has used '/StorageClose'.
15:25:18: Джонатан Квимби has used '/CharSearch'.
15:28:38: Джонатан Квимби has used '/AnimLean ArmsBack'.
15:28:53: Джонатан Квимби has used '/AnimMotion Left'.
15:28:58: Джонатан Квимби has used '/AnimLean ArmsBack'.
15:29:05: Джонатан Квимби has used '/AnimSitWall'.
15:29:10: Джонатан Квимби has used '/AnimSitWall'.
15:29:19: Джонатан Квимби has used '/AnimSitWall'.
15:29:26: Джонатан Квимби has used '/AnimSitWall'.
15:29:29: Джонатан Квимби has used '/AnimSitWall'.
15:29:35: Джонатан Квимби has used '/AnimSitWall'.
15:29:50: Джонатан Квимби (STEAM_0:0:66511224/109.110.50.17:9831) has disconnected.
17:29:50: Deatcher (STEAM_0:0:176384152/109.252.91.82:9673) has connected.
17:33:32: Deatcher has created a Refugee character called 'Гари Норман'.
17:33:32: Deatcher has loaded the character 'Гари Норман'.
17:35:26: Deatcher has created a Citizen character called 'Эдик Перецьяно'.
17:35:46: Deatcher has loaded the character 'Эдик Перецьяно'.
17:36:52: Эдик Перецьяно says: "A dime"
17:37:35: Эдик Перецьяно has used '/InvAction use cw_suitcase 1514385213.00'.
17:39:34: Эдик Перецьяно (STEAM_0:0:176384152/109.252.91.82:9673) has disconnected.
