17:58:08: HECU LIVE (STEAM_0:1:47464086/90.188.5.138:27005) has connected.
18:00:43: HECU LIVE has created a Citizen character called 'Артем Кирьянов'.
18:00:43: HECU LIVE has loaded the character 'Артем Кирьянов'.
18:07:53: Nekweed (STEAM_0:0:129304006/37.190.104.33:27005) has connected.
18:15:32: HECU LIVE (STEAM_0:1:47464086/90.188.5.138:27005) has connected.
18:15:51: HECU LIVE has loaded the character 'Артем Кирьянов'.
18:15:59: Артем Кирьянов has used '/CharSearch'.
18:15:59: Артем Кирьянов has used '/CharSearch'.
18:18:48: HECU LIVE (STEAM_0:1:47464086/90.188.5.138:27005) has connected.
18:20:21: HECU LIVE has loaded the character 'Артем Кирьянов'.
18:32:33: Zalamar (STEAM_0:1:22889963/85.83.187.136:27005) has connected.
18:34:01: Zalamar has created a Citizen character called 'Cain Jensen'.
18:34:01: Zalamar has loaded the character 'Cain Jensen'.
18:35:12: Cain Jensen says: "No idea"
18:35:12: Cain Jensen says "No idea"
18:35:19: Артем Кирьянов says: "ты рсукий?"
18:35:19: Артем Кирьянов says "ты рсукий?"
18:35:22: Cain Jensen says: "Nope"
18:35:22: Cain Jensen says "Nope"
18:35:39: Артем Кирьянов says: "Du Sprechts Deutch?"
18:35:39: Артем Кирьянов says "Du Sprechts Deutch?"
18:35:51: Cain Jensen says: "Nein"
18:35:51: Cain Jensen says "Nein"
18:35:52: Cain Jensen has used '/CharSearch'.
18:35:56: Артем Кирьянов says: "Ja ja?"
18:35:56: Артем Кирьянов says "Ja ja?"
18:36:08: Cain Jensen says: "Nein"
18:36:08: Cain Jensen says "Nein"
18:36:09: Артем Кирьянов says: "You American?"
18:36:09: Артем Кирьянов says "You American?"
18:36:14: Cain Jensen says: "I'm not, no"
18:36:14: Cain Jensen says "I'm not, no"
18:36:18: Cain Jensen says: "But I do speak English"
18:36:18: Cain Jensen says "But I do speak English"
18:36:27: Cain Jensen says: "Ruski?"
18:36:27: Cain Jensen says "Ruski?"
18:36:36: Cain Jensen says: "No"
18:36:36: Cain Jensen says "No"
18:36:50: Cain Jensen says: "Denmark"
18:36:50: Cain Jensen says "Denmark"
18:36:56: Cain Jensen says: "Yes"
18:36:56: Cain Jensen says "Yes"
18:37:05: Cain Jensen says: "Blyat"
18:37:05: Cain Jensen says "Blyat"
18:37:11: Cain Jensen says: "Cyka"
18:37:11: Cain Jensen says "Cyka"
18:37:32: Cain Jensen says: "Okay"
18:38:11: Cain Jensen (STEAM_0:1:22889963/85.83.187.136:27005) has disconnected.
18:46:36: ♡Caver♡ (STEAM_0:0:62687023/109.169.235.3:27005) has connected.
18:47:13: Артем Кирьянов has used '/CharGiveFlags Hecu s'.
18:47:25: Артем Кирьянов has used '/CharGiveFlags Артем Кирьянов S'.
18:47:36: Артем Кирьянов has used '/CharGiveFlags Артем Кирьянов e'.
18:47:43: Артем Кирьянов has used '/CharGiveFlags Артем Кирьянов e'.
18:48:28: Артем Кирьянов has used '/CharGiveFlags Артем Кирьянов e'.
18:48:38: Артем Кирьянов has used '/CharGiveFlags Артем e'.
18:48:40: LogPlayerSpawnModel
18:48:43: LogPlayerSpawnModel
18:48:43: LogPlayerSpawnModel
18:48:45: LogPlayerSpawnModel
18:48:52: LogPlayerSpawnModel
18:51:53: ♡Caver♡ has created a Citizen character called 'Gerald Lyons'.
18:51:53: ♡Caver♡ has loaded the character 'Gerald Lyons'.
18:52:06: LogPlayerSpawnModel
18:52:09: LogPlayerSpawnModel
18:52:09: LogPlayerSpawnModel
18:52:11: LogPlayerSpawnModel
18:52:11: LogPlayerSpawnModel
18:52:17: LogPlayerSpawnModel
18:52:17: LogPlayerSpawnModel
18:52:21: Gerald Lyons says: "Hello"
18:52:21: Gerald Lyons says "Hello"
18:52:25: Артем Кирьянов says: "ку"
18:52:25: Артем Кирьянов says "ку"
18:52:54: Артем Кирьянов says: "Russian?"
18:52:54: Артем Кирьянов says "Russian?"
18:53:09: Артем Кирьянов has rolled 24 out 100.
18:53:09: Артем Кирьянов has used '/Roll'.
18:53:21: Gerald Lyons says: "Да. Я Сергей Воробьев"
18:53:21: Gerald Lyons says "Да. Я Сергей Воробьев"
18:53:59: Gerald Lyons has used '/CharSearch'.
18:54:23: Gerald Lyons has used '/InvAction drop cw_suitcase 1514303515.00'.
18:54:29: Gerald Lyons has lost a Suitcase 1514303515.
18:54:29: Gerald Lyons has used '/InvAction use cw_suitcase 1514303515.00'.
18:55:15: Gerald Lyons has lost a Suitcase 1514303515.
18:55:29: Gerald Lyons has gained a Suitcase 1514303515.
18:58:07: Gerald Lyons says: "Что такое?"
18:58:07: Gerald Lyons says "Что такое?"
19:00:37: Gerald Lyons has taken 69 damage from worldspawn, leaving them at 31 health and 0 armor!
19:01:16: Артем Кирьянов has taken 77 damage from worldspawn, leaving them at 23 health and 0 armor!
19:01:57: Артем Кирьянов (STEAM_0:1:47464086/90.188.5.138:27005) has disconnected.
19:02:03: worldspawn has dealt 69 damage to Gerald Lyons, killing them!
19:03:18: Gerald Lyons (STEAM_0:0:62687023/109.169.235.3:27005) has disconnected.
19:16:03: ☼FIRE☼ (STEAM_0:0:165832032/5.138.129.45:27021) has connected.
21:08:40: HECU LIVE (STEAM_0:1:47464086/90.188.5.138:27005) has connected.
21:09:19: HECU LIVE has loaded the character 'Артем Кирьянов'.
21:15:13: Chief Constable KSI (STEAM_0:0:64662528/82.32.231.80:27005) has connected.
21:15:25: Артем Кирьянов says: "а"
21:15:25: Артем Кирьянов says "а"
21:15:28: [LOOC] Артем Кирьянов: dasdasda
21:15:28: [LOOC] Артем Кирьянов: dasdasda
21:15:28: [LOOC] Артем Кирьянов: dasdasda
21:15:32: [OOC] Артем Кирьянов: dasdasdasda
21:15:32: [OOC] Артем Кирьянов: dasdasdasda
21:15:34: [OOC] Артем Кирьянов: dasdasdasda
21:15:58: Артем Кирьянов says: "йццццц"
21:15:58: Артем Кирьянов says "йццццц"
21:17:42: Артем Кирьянов has used '/DoorSetParent'.
21:17:47: Артем Кирьянов has used '/DoorUnparent'.
21:17:48: Артем Кирьянов has used '/DoorSetChild'.
21:17:48: Артем Кирьянов has used '/DoorUnparent'.
21:17:57: Артем Кирьянов has used '/DoorSetUnownable A Door It seem's to have a handle.'.
21:17:59: Chief Constable KSI has created a Citizen character called 'Jackson Fick'.
21:17:59: Chief Constable KSI has loaded the character 'Jackson Fick'.
21:18:07: Артем Кирьянов has used '/DoorSetUnownable A Door Дверь Не продается '.
21:18:17: Артем Кирьянов has used '/TextAdd <color=255,0,255,255>1211 0.00'.
21:18:21: Артем Кирьянов has used '/TextAdd <color=255,0,255,255>1211 0.00'.
21:18:30: Артем Кирьянов has used '/TextAdd <color=255,0,255,255>1211 0.00'.
21:18:32: Артем Кирьянов has used '/TextRemove'.
21:18:34: Артем Кирьянов has used '/TextRemove'.
21:18:34: Артем Кирьянов has used '/TextRemove'.
21:18:34: Артем Кирьянов has used '/TextRemove'.
21:18:35: Артем Кирьянов has used '/TextRemove'.
21:18:35: Артем Кирьянов has used '/TextRemove'.
21:18:35: Артем Кирьянов has used '/TextRemove'.
21:18:36: Артем Кирьянов has used '/TextRemove'.
21:18:36: Артем Кирьянов has used '/TextRemove'.
21:18:36: Артем Кирьянов has used '/TextRemove'.
21:18:37: Артем Кирьянов has used '/TextRemove'.
21:18:37: Артем Кирьянов has used '/TextRemove'.
21:18:37: Артем Кирьянов has used '/TextRemove'.
21:18:38: Артем Кирьянов has used '/TextRemove'.
21:18:38: Артем Кирьянов has used '/TextRemove'.
21:18:45: Артем Кирьянов has used '/TextAdd <color=255,0,255,255>1211 0.00'.
21:18:46: Артем Кирьянов has used '/TextRemove'.
21:18:46: Артем Кирьянов has used '/TextRemove'.
21:19:07: Артем Кирьянов says: "!gof"
21:19:07: Артем Кирьянов says "!gof"
21:19:10: Артем Кирьянов says: "!god"
21:19:10: Артем Кирьянов says "!god"
21:19:12: Артем Кирьянов says: "!menu"
21:19:12: Артем Кирьянов says "!menu"
21:19:17: Jackson Fick (STEAM_0:0:64662528/82.32.231.80:27005) has disconnected.
21:20:56: Артем Кирьянов has used '/SalesmanAdd'.
21:23:23: Артем Кирьянов has used '/SalesmanAdd'.
21:24:17: Артем Кирьянов has used '/SalesmanAdd'.
21:25:15: Артем Кирьянов says: "я"
21:25:15: Артем Кирьянов says "я"
21:25:38: Артем Кирьянов has used '/SetTokens Артем 100000'.
21:25:41: LogPlayerSpawnModel
21:25:41: LogPlayerSpawnModel
21:25:45: Артем Кирьянов has used '/StorageClose'.
21:25:48: Артем Кирьянов has gained a Spray Can 1514312750.
21:25:48: Артем Кирьянов has gained a Spray Can 1514312751.
21:25:48: Артем Кирьянов has gained a Spray Can 1514312752.
21:25:48: Артем Кирьянов has gained a Spray Can 1514312753.
21:25:48: Артем Кирьянов has gained a Spray Can 1514312754.
21:37:02: Артем Кирьянов has used '/StaticAdd'.
21:37:03: Артем Кирьянов has used '/StaticRemove'.
21:38:45: Артем Кирьянов (STEAM_0:1:47464086/90.188.5.138:27005) has disconnected.
