08:33:15: //waythink (STEAM_0:0:84716002/31.130.198.157:27006) has connected.
08:33:56: //waythink has created a Refugee character called 'Hecu Live'.
08:33:56: //waythink has loaded the character 'Hecu Live'.
08:35:07: Hecu Live has used '/StorageClose'.
08:35:47: Hecu Live (STEAM_0:0:84716002/31.130.198.157:27006) has disconnected.
11:02:23: sharf (STEAM_0:1:73434897/46.219.215.73:16455) has connected.
11:04:25: sharf (STEAM_0:1:73434897/46.219.215.73:16455) has connected.
11:13:57: sharf (STEAM_0:1:73434897/46.219.215.73:17095) has connected.
13:26:28: Mair Mask (STEAM_0:1:129386322/82.193.107.19:27005) has connected.
13:30:27: Mair Mask has created a Citizen character called 'Григорий Флавиа'.
13:30:27: Mair Mask has loaded the character 'Григорий Флавиа'.
13:33:44: Mistake (STEAM_0:0:234100950/94.25.167.95:65090) has connected.
13:33:58: [OOC] Григорий Флавиа: Прикольный сервер
13:35:05: Григорий Флавиа has lost a Suitcase 1514543428.
13:35:05: Григорий Флавиа has used '/InvAction use cw_suitcase 1514543428.00'.
13:35:36: Григорий Флавиа has used '/CharSearch'.
13:35:44: Григорий Флавиа has used '/CharSearch'.
13:36:27: Григорий Флавиа says: "Alright vorty"
13:36:39: Григорий Флавиа says: "Bad memory"
13:36:44: Mistake (STEAM_0:0:234100950/94.25.167.95:65090) has connected.
13:36:56: Григорий Флавиа says: "Can't be"
13:36:56: Григорий Флавиа says "Can't be"
13:37:01: Григорий Флавиа says: "Cant be"
13:37:11: Григорий Флавиа says: "Betting man"
13:37:36: Григорий Флавиа says: "Zombies"
13:37:51: Григорий Флавиа says: "We trusted you"
13:38:07: Григорий Флавиа says: "Vorts"
13:38:07: Григорий Флавиа says "Vorts"
13:38:11: Григорий Флавиа says: "Up here"
13:38:11: Григорий Флавиа says "Up here"
13:38:16: Григорий Флавиа says: "Uh oh"
13:38:29: Григорий Флавиа says: "Take his crowbar"
13:38:44: Григорий Флавиа says: "Speak english"
13:39:22: Григорий Флавиа has used '/CharSearch'.
13:39:39: Григорий Флавиа has used '/PermitBuy business'.
13:44:06: Григорий Флавиа has used '/AnimIdle'.
13:44:31: Григорий Флавиа has used '/AnimIdle'.
13:44:44: Григорий Флавиа has used '/AnimThreat'.
13:45:00: Григорий Флавиа has used '/AnimSit'.
13:45:15: Григорий Флавиа has used '/AnimPantWall'.
13:45:20: Григорий Флавиа has used '/AnimPantWall'.
13:48:59: Mair Mask has created a Refugee character called 'Александр Дрягуз'.
13:49:19: Григорий Флавиа has used '/CharFallOver'.
13:49:21: Григорий Флавиа has used '/CharGetUp'.
13:49:48: Григорий Флавиа has used '/AnimThreat'.
13:49:54: Григорий Флавиа has used '/CharPhysDesc'.
13:50:35: Mair Mask has loaded the character 'Александр Дрягуз'.
13:51:12: Александр Дрягуз has used '/AnimIdle'.
13:51:28: Александр Дрягуз has used '/AnimLean ArmsDown'.
13:51:37: Александр Дрягуз has used '/AnimLean ArmsDown'.
13:51:49: Александр Дрягуз has used '/AnimLean ArmsBack'.
13:52:04: Александр Дрягуз has used '/AnimLean Normal'.
13:52:12: Александр Дрягуз has used '/AnimLean Normal'.
13:52:24: Александр Дрягуз has used '/AnimCheer'.
13:52:31: Александр Дрягуз has used '/AnimPant'.
13:52:36: Александр Дрягуз has used '/AnimPantWall'.
13:52:42: Александр Дрягуз has used '/AnimPantWall'.
13:52:53: Александр Дрягуз has used '/AnimWave Close'.
13:53:02: Александр Дрягуз has used '/AnimWindow'.
13:53:08: Александр Дрягуз has used '/AnimWindow'.
13:56:22: Александр Дрягуз has lost a Suitcase 1514544541.
13:56:22: Александр Дрягуз has used '/StorageGiveItem cw_suitcase 1514544541.00'.
13:56:27: Александр Дрягуз has used '/StorageClose'.
14:01:59: Александр Дрягуз has used '/CharSearch'.
14:03:59: Александр Дрягуз has used '/AnimWindow'.
14:04:06: Александр Дрягуз has used '/AnimWindow'.
14:04:11: Александр Дрягуз has used '/AnimWindow'.
14:10:48: Александр Дрягуз (STEAM_0:1:129386322/82.193.107.19:27005) has disconnected.
17:12:51: //waythink (STEAM_0:0:84716002/31.130.198.157:27005) has connected.
17:13:04: //waythink has loaded the character 'Hecu Live'.
17:15:06: Hecu Live has taken 8 damage from trigger_hurt, leaving them at 92 health and 0 armor!
17:15:07: Hecu Live has taken 15 damage from trigger_hurt, leaving them at 77 health and 0 armor!
17:15:09: Hecu Live has taken 19 damage from trigger_hurt, leaving them at 58 health and 0 armor!
17:15:15: Hecu Live has taken 8 damage from trigger_hurt, leaving them at 50 health and 0 armor!
17:15:15: Hecu Live has taken 15 damage from trigger_hurt, leaving them at 35 health and 0 armor!
17:15:16: Hecu Live has taken 19 damage from trigger_hurt, leaving them at 16 health and 0 armor!
17:15:16: trigger_hurt has dealt 19 damage to Hecu Live, killing them!
17:15:23: Hecu Live (STEAM_0:0:84716002/31.130.198.157:27005) has disconnected.
18:08:07: //waythink (STEAM_0:0:84716002/31.130.198.157:27005) has connected.
18:08:22: //waythink has loaded the character 'Hecu Live'.
18:10:00: Vorius (STEAM_0:0:110386561/37.110.9.128:27005) has connected.
18:11:59: Vorius has created a Citizen character called 'Алексей Сверидов'.
18:12:01: Vorius has loaded the character 'Алексей Сверидов'.
18:12:14: Алексей Сверидов says: "братан это пизда"
18:12:14: Алексей Сверидов says "братан это пизда"
18:12:27: Алексей Сверидов says: "Братан.................."
18:12:27: Алексей Сверидов says "Братан.................."
18:12:35: Алексей Сверидов has used '/Me ролеплеит'.
18:12:41: Hecu Live says: "Здравствуйт"
18:12:41: Hecu Live says "Здравствуйт"
18:12:44: Алексей Сверидов says: "Я алексе"
18:12:44: Алексей Сверидов says "Я алексе"
18:12:46: Алексей Сверидов says: "Сверидов"
18:12:46: Алексей Сверидов says "Сверидов"
18:12:47: Алексей Сверидов says: "Вы знали"
18:12:47: Алексей Сверидов says "Вы знали"
18:12:51: Алексей Сверидов says: "My name is Алексей Сверидов."
18:12:51: Алексей Сверидов says "My name is Алексей Сверидов."
18:12:51: Алексей Сверидов has used '/NameSay'.
18:12:57: Hecu Live says: "My name is Hecu Live."
18:12:57: Hecu Live says "My name is Hecu Live."
18:12:57: Hecu Live has used '/NameSay'.
18:13:03: Алексей Сверидов says: "Oh"
18:13:03: Алексей Сверидов says "Oh"
18:13:05: Hecu Live says: "хАХАХА /APPLY Не робит!"
18:13:05: Hecu Live says "хАХАХА /APPLY Не робит!"
18:13:06: Алексей Сверидов says: "Cps"
18:13:08: Алексей Сверидов says: "Cps"
18:13:09: Hecu Live says: "Oh gos"
18:13:09: Hecu Live says "Oh gos"
18:13:10: Hecu Live says: "Oh god"
18:13:14: Алексей Сверидов says: "Cps"
18:13:15: Алексей Сверидов says: "Hacks"
18:13:18: Алексей Сверидов says: "Hacks"
18:13:20: Алексей Сверидов says: "Hacks"
18:13:20: Hecu Live says: "Ок давайте пойдем не орите все таки приличное место!"
18:13:20: Hecu Live says "Ок давайте пойдем не орите все таки приличное место!"
18:13:31: Алексей Сверидов says: "Общество"
18:13:31: Алексей Сверидов says "Общество"
18:13:32: Hecu Live says: "Так хм что ето"
18:13:32: Hecu Live says "Так хм что ето"
18:13:35: Hecu Live says: "Хм"
18:13:35: Hecu Live says "Хм"
18:13:36: Алексей Сверидов says: "Ето комната"
18:13:36: Алексей Сверидов says "Ето комната"
18:13:39: Hecu Live says: "Вернемся!"
18:13:39: Hecu Live says "Вернемся!"
18:13:52: Hecu Live says: "Ухты!"
18:13:52: Hecu Live says "Ухты!"
18:13:57: Алексей Сверидов says: "Жизнь..........."
18:13:57: Алексей Сверидов says "Жизнь..........."
18:13:58: Hecu Live says: "Что ето7!"
18:13:58: Hecu Live says "Что ето7!"
18:14:05: Алексей Сверидов says: "Пизда небо в ебале светитяч"
18:14:05: Алексей Сверидов says "Пизда небо в ебале светитяч"
18:14:06: Hecu Live says: "Это горад хеку лайв?!"
18:14:06: Hecu Live says "Это горад хеку лайв?!"
18:14:07: Алексей Сверидов says: "Светится"
18:14:07: Алексей Сверидов says "Светится"
18:14:11: Hecu Live says: "Да пиздец!"
18:14:11: Hecu Live says "Да пиздец!"
18:14:15: Hecu Live says: "Сука!"
18:14:15: Hecu Live says "Сука!"
18:14:15: Алексей Сверидов says: "Канал ютуб хеку лайф студио"
18:14:15: Алексей Сверидов says "Канал ютуб хеку лайф студио"
18:14:24: Hecu Live says: "А нихуя се то есть мы в хеку лайф сутидо"
18:14:24: Hecu Live says "А нихуя се то есть мы в хеку лайф сутидо"
18:14:26: Hecu Live says: "ПРОНИКЛИ"
18:14:26: Hecu Live says "ПРОНИКЛИ"
18:14:38: Алексей Сверидов says: "Сьемки сериала"
18:14:38: Алексей Сверидов says "Сьемки сериала"
18:14:44: Алексей Сверидов says: "Пизда закрыто"
18:14:44: Алексей Сверидов says "Пизда закрыто"
18:14:45: Hecu Live has used '/Me выхуярил дверь'.
18:14:47: Hecu Live says: "бьлять"
18:14:47: Hecu Live says "бьлять"
18:14:52: Hecu Live has used '/Me выхуярил дверь'.
18:14:59: Hecu Live says: "О телек"
18:14:59: Hecu Live says "О телек"
18:14:59: Алексей Сверидов says: "Рэмбооооооооо....................................."
18:14:59: Алексей Сверидов says "Рэмбооооооооо....................................."
18:15:00: Hecu Live says: "Спиздим?"
18:15:00: Hecu Live says "Спиздим?"
18:15:06: Алексей Сверидов says: "Там канал"
18:15:06: Алексей Сверидов says "Там канал"
18:15:07: Hecu Live says: "сука его приварили..."
18:15:07: Hecu Live says "сука его приварили..."
18:15:08: Алексей Сверидов says: "Хеку лайф"
18:15:08: Алексей Сверидов says "Хеку лайф"
18:15:11: Hecu Live says: "ебучие хеку лайвы"
18:15:11: Hecu Live says "ебучие хеку лайвы"
18:15:15: Алексей Сверидов says: "Плодяца"
18:15:15: Алексей Сверидов says "Плодяца"
18:15:18: Hecu Live says: "О ебать тупые"
18:15:18: Hecu Live says "О ебать тупые"
18:15:22: Hecu Live says: "Стол за то не приварили"
18:15:22: Hecu Live says "Стол за то не приварили"
18:15:23: Hecu Live says: "Спизжу нахуй"
18:15:23: Hecu Live says "Спизжу нахуй"
18:15:25: Алексей Сверидов says: "Пизда стул не приварили болтами"
18:15:25: Алексей Сверидов says "Пизда стул не приварили болтами"
18:15:32: Hecu Live says: "ХАХАХ тупые!"
18:15:32: Hecu Live says "ХАХАХ тупые!"
18:15:41: Hecu Live says: "АхуетЬ!"
18:15:41: Hecu Live says "АхуетЬ!"
18:15:44: Hecu Live says: "Тут людей ебут!"
18:15:44: Hecu Live says "Тут людей ебут!"
18:15:45: Алексей Сверидов says: "Это что"
18:15:45: Алексей Сверидов says "Это что"
18:15:47: Hecu Live says: "В жопы!"
18:15:47: Hecu Live says "В жопы!"
18:15:48: Алексей Сверидов says: "Крематорий"
18:15:48: Алексей Сверидов says "Крематорий"
18:15:49: Алексей Сверидов says: "Для"
18:15:49: Алексей Сверидов says "Для"
18:15:51: Алексей Сверидов says: "Евреев"
18:15:51: Алексей Сверидов says "Евреев"
18:15:52: Hecu Live says: "Для пидоров"
18:15:52: Hecu Live says "Для пидоров"
18:15:54: Hecu Live says: "пиздец"
18:15:54: Hecu Live says "пиздец"
18:16:02: Hecu Live says: "Еврей и пидор"
18:16:02: Hecu Live says "Еврей и пидор"
18:16:04: Hecu Live says: "Одна хуйня"
18:16:04: Hecu Live says "Одна хуйня"
18:16:14: Hecu Live says: "О ебать а где окна"
18:16:14: Hecu Live says "О ебать а где окна"
18:16:18: Алексей Сверидов says: "Воздоххххххххх"
18:16:18: Алексей Сверидов says "Воздоххххххххх"
18:16:24: Hecu Live has used '/Me подрочил и нарисовал спермой на стене окошко'.
18:16:25: Алексей Сверидов has used '/Me проебашил стену'.
18:16:26: Hecu Live says: "о ахуено"
18:16:26: Hecu Live says "о ахуено"
18:16:28: Алексей Сверидов has rolled 0 out 100.
18:16:28: Алексей Сверидов has used '/Roll 100'.
18:16:28: Hecu Live says: "это бля"
18:16:28: Hecu Live says "это бля"
18:16:29: Hecu Live says: "мда"
18:16:29: Hecu Live says "мда"
18:16:30: Алексей Сверидов says: "Блять"
18:16:30: Алексей Сверидов says "Блять"
18:16:32: Hecu Live says: "пиздец"
18:16:32: Hecu Live says "пиздец"
18:16:33: Hecu Live has rolled 76 out 100.
18:16:33: Hecu Live has used '/Roll'.
18:16:34: Алексей Сверидов says: "Сперма защитил"
18:16:34: Алексей Сверидов says "Сперма защитил"
18:16:35: Hecu Live says: "О ебать !"
18:16:35: Hecu Live says "О ебать !"
18:16:45: Hecu Live says: "ОПА ОКОШКО"
18:16:45: Hecu Live says "ОПА ОКОШКО"
18:16:51: Hecu Live says: "нА НХУЙ"
18:16:51: Hecu Live says "нА НХУЙ"
18:17:00: Hecu Live says: "А ебатьт ниухя"
18:17:00: Hecu Live says "А ебатьт ниухя"
18:17:04: Hecu Live says: "Чоза"
18:17:04: Hecu Live says "Чоза"
18:17:08: Алексей Сверидов says: "Бункер фалаут\"
18:17:08: Алексей Сверидов says "Бункер фалаут\"
18:17:09: Hecu Live says: "Ааха ебать"
18:17:09: Hecu Live says "Ааха ебать"
18:17:11: Hecu Live says: "Мда"
18:17:11: Hecu Live says "Мда"
18:17:16: Алексей Сверидов says: "О ебать жiжа"
18:17:16: Алексей Сверидов says "О ебать жiжа"
18:17:18: Hecu Live says: "Фу ебать там "
18:17:18: Hecu Live says "Фу ебать там "
18:17:19: Hecu Live says: "ХАха"
18:17:19: Hecu Live says "ХАха"
18:17:27: Hecu Live says: "Туда останки евреев смывали"
18:17:27: Hecu Live says "Туда останки евреев смывали"
18:17:32: Алексей Сверидов says: "Тупа контент"
18:17:32: Алексей Сверидов says "Тупа контент"
18:17:37: Алексей Сверидов says: "Пиздец все я поешл"
18:17:37: Алексей Сверидов says "Пиздец все я поешл"
18:17:38: Hecu Live says: "тупа"
18:17:38: Hecu Live says "тупа"
18:17:41: Hecu Live says: "Нет!"
18:17:41: Hecu Live says "Нет!"
18:17:43: Алексей Сверидов says: "НЫРЯЮ В ХЛ2РП"
18:17:43: Алексей Сверидов says "НЫРЯЮ В ХЛ2РП"
18:17:44: Алексей Сверидов has taken 8 damage from trigger_hurt, leaving them at 92 health and 0 armor!
18:17:45: Алексей Сверидов has taken 8 damage from trigger_hurt, leaving them at 84 health and 0 armor!
18:17:46: Алексей Сверидов has taken 15 damage from trigger_hurt, leaving them at 69 health and 0 armor!
18:17:46: Hecu Live has used '/CharFallOver'.
18:17:46: Алексей Сверидов says: "Бля"
18:17:46: Алексей Сверидов says "Бля"
18:17:46: Алексей Сверидов has taken 19 damage from trigger_hurt, leaving them at 50 health and 0 armor!
18:17:47: Алексей Сверидов has taken 19 damage from trigger_hurt, leaving them at 31 health and 0 armor!
18:17:47: Алексей Сверидов has taken 19 damage from trigger_hurt, leaving them at 12 health and 0 armor!
18:17:48: trigger_hurt has dealt 19 damage to Алексей Сверидов, killing them!
18:17:50: Hecu Live says: "АХАХАХАХ"
18:17:50: Hecu Live says "АХАХАХАХ"
18:17:51: Hecu Live says: "Я ЖИВ"
18:17:51: Hecu Live says "Я ЖИВ"
18:17:52: [OOC] Алексей Сверидов: пизда.......
18:17:56: [OOC] Hecu Live: за то я жив
18:17:56: Hecu Live has used '/CharGetUp'.
18:18:01: Hecu Live has taken 8 damage from trigger_hurt, leaving them at 92 health and 0 armor!
18:18:02: Hecu Live has taken 15 damage from trigger_hurt, leaving them at 77 health and 0 armor!
18:18:02: Hecu Live has taken 19 damage from trigger_hurt, leaving them at 58 health and 0 armor!
18:18:03: Hecu Live has taken 19 damage from trigger_hurt, leaving them at 39 health and 0 armor!
18:18:03: Hecu Live has taken 19 damage from trigger_hurt, leaving them at 20 health and 0 armor!
18:18:04: trigger_hurt has dealt 19 damage to Hecu Live, killing them!
18:19:36: Алексей Сверидов says: "Банапарт Кутузов"
18:19:36: Алексей Сверидов says "Банапарт Кутузов"
18:19:41: Hecu Live says: "чек "
18:19:41: Hecu Live says "чек "
18:19:42: Hecu Live says: "че"
18:19:42: Hecu Live says "че"
18:19:45: Алексей Сверидов says: "Че"
18:19:45: Алексей Сверидов says "Че"
18:19:46: Алексей Сверидов says: "Че вче че"
18:19:46: Алексей Сверидов says "Че вче че"
18:19:49: Hecu Live says: "хуй чтоли воткнуть вам уважемая леди"
18:19:49: Hecu Live says "хуй чтоли воткнуть вам уважемая леди"
18:19:54: Алексей Сверидов says: "Я трап"
18:19:54: Алексей Сверидов says "Я трап"
18:19:57: Hecu Live says: "Я бы в вас кончил!"
18:19:57: Hecu Live says "Я бы в вас кончил!"
18:19:58: Hecu Live says: "ой"
18:19:58: Hecu Live says "ой"
18:19:59: Алексей Сверидов has used '/Me махает хуем'.
18:20:02: Hecu Live says: "хахаха"
18:20:02: Hecu Live says "хахаха"
18:20:17: Алексей Сверидов says: "ЯСное солнце"
18:20:17: Алексей Сверидов says "ЯСное солнце"
18:20:22: Алексей Сверидов says: "Я ванадл"
18:20:22: Алексей Сверидов says "Я ванадл"
18:20:24: Hecu Live says: "На нахуй!"
18:20:24: Hecu Live says "На нахуй!"
18:20:24: Алексей Сверидов says: "Я вандал"
18:20:24: Алексей Сверидов says "Я вандал"
18:20:26: Hecu Live says: "ка"
18:20:26: Hecu Live says "ка"
18:20:33: Алексей Сверидов says: "Пиздец у меня так не поулчаетсяф"
18:20:33: Алексей Сверидов says "Пиздец у меня так не поулчаетсяф"
18:20:34: Hecu Live says: "Дрочи !"
18:20:34: Hecu Live says "Дрочи !"
18:20:39: Алексей Сверидов has taken 9 damage from Hecu Live with cw_hands, leaving them at 91 health and 0 armor!
18:20:42: Hecu Live has taken 9 damage from Алексей Сверидов with cw_hands, leaving them at 91 health and 0 armor!
18:20:43: Hecu Live has taken 9 damage from Алексей Сверидов with cw_hands, leaving them at 82 health and 0 armor!
18:20:43: Hecu Live says: "Ой блять"
18:20:43: Hecu Live says "Ой блять"
18:20:44: Hecu Live has taken 9 damage from Алексей Сверидов with cw_hands, leaving them at 73 health and 0 armor!
18:20:46: Алексей Сверидов says: "Ннаа поебалъ"
18:20:46: Алексей Сверидов says "Ннаа поебалъ"
18:20:49: Hecu Live says: "О ебать!"
18:20:49: Hecu Live says "О ебать!"
18:20:54: Алексей Сверидов says: "Мой дом"
18:20:54: Алексей Сверидов says "Мой дом"
18:20:56: Hecu Live says: "Охто блять!"
18:20:56: Hecu Live says "Охто блять!"
18:21:00: Hecu Live says: "Сука!"
18:21:00: Hecu Live says "Сука!"
18:21:05: Алексей Сверидов says: "Подсади"
18:21:05: Алексей Сверидов says "Подсади"
18:21:11: Hecu Live says: "Анга хуй атма!"
18:21:11: Hecu Live says "Анга хуй атма!"
18:21:17: Алексей Сверидов says: "Сувиниры"
18:21:17: Алексей Сверидов says "Сувиниры"
18:21:24: Hecu Live says: "Тут был великий хеку плюйв"
18:21:24: Hecu Live says "Тут был великий хеку плюйв"
18:21:50: Hecu Live says: "ААААААААААА"
18:21:50: Hecu Live says "ААААААААААА"
18:21:56: Hecu Live says: "ПЫЩТАНЦЫ!!!!!!!!!!!!!!!!!!!!!!!!!!!!!!!!!!!!!!!!!!!!!!!!!!!!!!!!!!!!!!!!!!!"
18:21:56: Hecu Live says "ПЫЩТАНЦЫ!!!!!!!!!!!!!!!!!!!!!!!!!!!!!!!!!!!!!!!!!!!!!!!!!!!!!!!!!!!!!!!!!!!"
18:22:04: Алексей Сверидов says: "Тут были мясечные"
18:22:04: Алексей Сверидов says "Тут были мясечные"
18:22:06: Алексей Сверидов says: "Хеку луф"
18:22:06: Алексей Сверидов says "Хеку луф"
18:22:09: Hecu Live says: "мда"
18:22:09: Hecu Live says "мда"
18:22:12: Hecu Live says: "жесть"
18:22:12: Hecu Live says "жесть"
18:22:14: Hecu Live says: "фу"
18:22:14: Hecu Live says "фу"
18:22:18: Hecu Live says: "надо было"
18:22:18: Hecu Live says "надо было"
18:22:20: Hecu Live says: "тампоны"
18:22:20: Hecu Live says "тампоны"
18:22:21: Hecu Live says: "брать"
18:22:21: Hecu Live says "брать"
18:22:39: Hecu Live says: "ах это че за"
18:22:39: Hecu Live says "ах это че за"
18:22:40: Алексей Сверидов says: "Узко как в пизде"
18:22:40: Алексей Сверидов says "Узко как в пизде"
18:22:44: Алексей Сверидов says: "Ебать"
18:22:44: Алексей Сверидов says "Ебать"
18:22:44: Hecu Live says: "Аахха альянс ебланоиды"
18:22:44: Hecu Live says "Аахха альянс ебланоиды"
18:22:54: Hecu Live says: "что за хуила"
18:22:54: Hecu Live says "что за хуила"
18:22:57: Hecu Live says: "это построил"
18:22:57: Hecu Live says "это построил"
18:23:11: Hecu Live says: "надо сбежать или хуй сосем"
18:23:11: Hecu Live says "надо сбежать или хуй сосем"
18:23:19: Алексей Сверидов says: "Пососу)))"
18:23:19: Алексей Сверидов says "Пососу)))"
18:23:25: Hecu Live says: "сука"
18:23:25: Hecu Live says "сука"
18:23:29: Hecu Live says: "АХАХАХ"
18:23:29: Hecu Live says "АХАХАХ"
18:23:31: Алексей Сверидов says: "Ооо заебись"
18:23:31: Алексей Сверидов says "Ооо заебись"
18:23:33: Hecu Live says: "ХУЯРЬ ХЕКУ ЛАЙВ!"
18:23:33: Hecu Live says "ХУЯРЬ ХЕКУ ЛАЙВ!"
18:23:34: Алексей Сверидов says: "Прыгай"
18:23:34: Алексей Сверидов says "Прыгай"
18:23:37: Алексей Сверидов says: "Фалловер"
18:23:37: Алексей Сверидов says "Фалловер"
18:23:38: Hecu Live says: "на окно ебать"
18:23:38: Hecu Live says "на окно ебать"
18:23:40: Hecu Live has used '/CharFallOver'.
18:23:42: Hecu Live has used '/CharGetUp'.
18:23:49: Hecu Live has used '/CharFallOver'.
18:23:50: Hecu Live has used '/CharGetUp'.
18:23:53: Алексей Сверидов says: "Пизда"
18:23:53: Алексей Сверидов says "Пизда"
18:23:55: Hecu Live has used '/CharGetUp'.
18:23:55: Алексей Сверидов says: "Еще раз"
18:23:55: Алексей Сверидов says "Еще раз"
18:23:58: Алексей Сверидов says: "Оо ебать"
18:23:58: Алексей Сверидов says "Оо ебать"
18:23:59: Hecu Live has used '/CharFallOver'.
18:24:00: Hecu Live has used '/CharGetUp'.
18:24:04: Алексей Сверидов says: "ЕБать подрыгни"
18:24:04: Алексей Сверидов says "ЕБать подрыгни"
18:24:05: Hecu Live says: "оо мощьно я вскочил да"
18:24:05: Hecu Live says "оо мощьно я вскочил да"
18:24:08: Hecu Live has used '/CharFallOver'.
18:24:09: Hecu Live has used '/CharGetUp'.
18:24:18: Hecu Live has used '/CharFallOver'.
18:24:20: Hecu Live says: "АХАХАХ"
18:24:20: Hecu Live says "АХАХАХ"
18:24:21: Алексей Сверидов says: "Поймал"
18:24:21: Алексей Сверидов says "Поймал"
18:24:25: Hecu Live says: "В ПОМОИ НЕ СКИНЬ ТОКО"
18:24:25: Hecu Live says "В ПОМОИ НЕ СКИНЬ ТОКО"
18:24:25: Hecu Live has used '/CharGetUp'.
18:24:26: Hecu Live says: "блять"
18:24:26: Hecu Live says "блять"
18:24:29: Hecu Live says: "Я НЕ ВЫЛЕЩУ..."
18:24:29: Hecu Live says "Я НЕ ВЫЛЕЩУ..."
18:24:30: Алексей Сверидов says: "Пизда..........."
18:24:30: Алексей Сверидов says "Пизда..........."
18:24:32: Алексей Сверидов has taken 9 damage from Hecu Live with cw_hands, leaving them at 91 health and 0 armor!
18:24:35: Hecu Live has taken 9 damage from Алексей Сверидов with cw_hands, leaving them at 91 health and 0 armor!
18:24:36: Hecu Live has taken 9 damage from Алексей Сверидов with cw_hands, leaving them at 84 health and 0 armor!
18:24:37: Hecu Live says: "дура сука"
18:24:37: Hecu Live says "дура сука"
18:24:39: Hecu Live says: "старая"
18:24:39: Hecu Live says "старая"
18:24:39: Алексей Сверидов says: "Нааа"
18:24:39: Алексей Сверидов says "Нааа"
18:24:41: Hecu Live has used '/CharFallOver'.
18:24:41: Hecu Live has used '/CharGetUp'.
18:24:43: Алексей Сверидов says: "Давй тем же спосбом"
18:24:43: Алексей Сверидов says "Давй тем же спосбом"
18:24:45: Hecu Live says: "ахаха"
18:24:45: Hecu Live says "ахаха"
18:24:48: Hecu Live says: "адвай шлюха"
18:24:48: Hecu Live says "адвай шлюха"
18:24:49: Hecu Live has taken 9 damage from Алексей Сверидов with cw_hands, leaving them at 79 health and 0 armor!
18:24:50: Hecu Live has taken 9 damage from Алексей Сверидов with cw_hands, leaving them at 70 health and 0 armor!
18:24:50: Hecu Live has used '/CharFallOver'.
18:24:50: Hecu Live has used '/CharGetUp'.
18:24:52: Hecu Live has taken 9 damage from Алексей Сверидов with cw_hands, leaving them at 61 health and 0 armor!
18:24:59: Алексей Сверидов says: "А я"
18:24:59: Алексей Сверидов says "А я"
18:25:01: Hecu Live says: "прыгшай"
18:25:01: Hecu Live says "прыгшай"
18:25:01: Алексей Сверидов has used '/CharFallOver'.
18:25:02: Алексей Сверидов has used '/CharGetUp'.
18:25:02: Алексей Сверидов has used '/CharGetUp'.
18:25:04: Алексей Сверидов says: "Да бля"
18:25:04: Алексей Сверидов says "Да бля"
18:25:04: Hecu Live says: "сука тупая"
18:25:04: Hecu Live says "сука тупая"
18:25:09: Алексей Сверидов has used '/CharFallOver'.
18:25:13: Алексей Сверидов says: "Уухх бля"
18:25:13: Алексей Сверидов says "Уухх бля"
18:25:22: Алексей Сверидов has used '/CharGetUp'.
18:25:24: Hecu Live says: "хуйня затея была пиздец!"
18:25:24: Hecu Live says "хуйня затея была пиздец!"
18:25:25: Алексей Сверидов says: "Я поднимаюсь"
18:25:25: Алексей Сверидов says "Я поднимаюсь"
18:25:32: Hecu Live says: "опа"
18:25:32: Hecu Live says "опа"
18:25:36: Hecu Live says: "это че еще за хуй"
18:25:36: Hecu Live says "это че еще за хуй"
18:25:36: Алексей Сверидов says: "Камеры"
18:25:36: Алексей Сверидов says "Камеры"
18:25:39: Hecu Live says: "дрочилы"
18:25:39: Hecu Live says "дрочилы"
18:25:43: Алексей Сверидов says: "Слыш мраз иди юда"
18:25:43: Алексей Сверидов says "Слыш мраз иди юда"
18:25:45: Hecu Live says: "э мудло ебло завали"
18:25:45: Hecu Live says "э мудло ебло завали"
18:25:50: Hecu Live says: "шаболда тупая"
18:25:50: Hecu Live says "шаболда тупая"
18:25:58: Hecu Live says: "хуйня"
18:25:58: Hecu Live says "хуйня"
18:26:28: Hecu Live says: "ауе"
18:26:28: Hecu Live says "ауе"
18:26:31: Алексей Сверидов says: "Хеку лайф"
18:26:31: Алексей Сверидов says "Хеку лайф"
18:26:35: Hecu Live says: "помои"
18:26:35: Hecu Live says "помои"
18:26:43: Hecu Live says: "опа"
18:26:43: Hecu Live says "опа"
18:26:47: Hecu Live says: "опа сука"
18:26:47: Hecu Live says "опа сука"
18:26:49: Hecu Live says: "дыры в стене"
18:26:49: Hecu Live says "дыры в стене"
18:26:52: Hecu Live says: "ебнутые нахуй"
18:26:52: Hecu Live says "ебнутые нахуй"
18:27:11: Hecu Live says: "хуйня"
18:27:11: Hecu Live says "хуйня"
18:27:19: Hecu Live says: "че тут так носками воняет"
18:27:19: Hecu Live says "че тут так носками воняет"
18:27:24: Алексей Сверидов says: "Хеку лайф "
18:27:24: Алексей Сверидов says "Хеку лайф "
18:27:26: Hecu Live says: "аха"
18:27:26: Hecu Live says "аха"
18:27:27: Алексей Сверидов says: "Тут был"
18:27:27: Алексей Сверидов says "Тут был"
18:27:32: Hecu Live says: "блять чтоже это"
18:27:32: Hecu Live says "блять чтоже это"
18:27:35: Hecu Live says: "там етсь тайны"
18:27:35: Hecu Live says "там етсь тайны"
18:27:36: Алексей Сверидов says: "Бункир"
18:27:36: Алексей Сверидов says "Бункир"
18:27:45: Hecu Live says: "бляд"
18:27:45: Hecu Live says "бляд"
18:27:47: Алексей Сверидов says: "О ебать"
18:27:47: Алексей Сверидов says "О ебать"
18:27:48: Hecu Live says: "опа"
18:27:48: Hecu Live says "опа"
18:27:57: Hecu Live says: "нечто ебнутое"
18:27:57: Hecu Live says "нечто ебнутое"
18:27:58: Алексей Сверидов says: "Что же это"
18:27:58: Алексей Сверидов says "Что же это"
18:28:08: Hecu Live says: "дрочильное"
18:28:08: Hecu Live says "дрочильное"
18:28:23: Hecu Live says: "опа ебтаь"
18:28:23: Hecu Live says "опа ебтаь"
18:28:24: Hecu Live says: "че это"
18:28:24: Hecu Live says "че это"
18:28:30: Алексей Сверидов says: "Хуйня альянсовская"
18:28:30: Алексей Сверидов says "Хуйня альянсовская"
18:28:33: Hecu Live says: "пидорство"
18:28:33: Hecu Live says "пидорство"
18:28:35: Алексей Сверидов says: "Дрочит секу"
18:28:35: Алексей Сверидов says "Дрочит секу"
18:28:38: Hecu Live says: "мда"
18:28:38: Hecu Live says "мда"
18:28:50: Hecu Live says: "бухлишко"
18:28:50: Hecu Live says "бухлишко"
18:29:01: Hecu Live says: "ОООООООООООО ПОБЕГ НАХУЙ"
18:29:01: Hecu Live says "ОООООООООООО ПОБЕГ НАХУЙ"
18:29:12: Hecu Live says: "ЕБА МЫ СБЕЖАЛИ"
18:29:12: Hecu Live says "ЕБА МЫ СБЕЖАЛИ"
18:29:14: Hecu Live says: "дрочим!"
18:29:14: Hecu Live says "дрочим!"
18:29:16: Алексей Сверидов says: "Криинмла"
18:29:16: Алексей Сверидов says "Криинмла"
18:29:23: Hecu Live says: "ОПА"
18:29:23: Hecu Live says "ОПА"
18:29:25: Hecu Live says: "анус"
18:29:25: Hecu Live says "анус"
18:29:28: Алексей Сверидов says: "О канавы"
18:29:28: Алексей Сверидов says "О канавы"
18:29:30: Hecu Live says: "моей подруги"
18:29:30: Hecu Live says "моей подруги"
18:29:38: Алексей Сверидов says: "Еще одни"
18:29:38: Алексей Сверидов says "Еще одни"
18:29:40: Hecu Live says: "О"
18:29:40: Hecu Live says "О"
18:29:41: Hecu Live says: "НИХУЯ"
18:29:41: Hecu Live says "НИХУЯ"
18:29:46: Алексей Сверидов has used '/Y СВОБОДА'.
18:29:46: Hecu Live says: "ВОТ ЭТО ДРОЧЕВО"
18:29:46: Hecu Live says "ВОТ ЭТО ДРОЧЕВО"
18:29:51: Hecu Live has used '/Y МОЩЬ СУКА'.
18:29:57: Hecu Live says: "БЛЯТЬ СТОЙ"
18:29:57: Hecu Live says "БЛЯТЬ СТОЙ"
18:29:58: Hecu Live says: "КУДА БЫ БОЙТИ"
18:29:58: Hecu Live says "КУДА БЫ БОЙТИ"
18:30:10: Hecu Live says: "ООО МОЩНЕЙШЕЕ"
18:30:10: Hecu Live says "ООО МОЩНЕЙШЕЕ"
18:30:27: Hecu Live says: "сука фашисты там"
18:30:27: Hecu Live says "сука фашисты там"
18:30:28: Алексей Сверидов says: "Газы"
18:30:28: Алексей Сверидов says "Газы"
18:30:31: Алексей Сверидов says: "Ебать"
18:30:31: Алексей Сверидов says "Ебать"
18:30:32: Hecu Live says: "фашисты"
18:30:32: Hecu Live says "фашисты"
18:30:36: Hecu Live says: "фу пиздец "
18:30:36: Hecu Live says "фу пиздец "
18:30:37: Алексей Сверидов says: "Похоже мне пизда"
18:30:37: Алексей Сверидов says "Похоже мне пизда"
18:30:38: Hecu Live says: "ща подохнем"
18:30:38: Hecu Live says "ща подохнем"
18:30:42: Hecu Live says: "ЕБАТЬ ЭТО ЧТО"
18:30:42: Hecu Live says "ЕБАТЬ ЭТО ЧТО"
18:30:49: Алексей Сверидов says: "Хуйня"
18:30:49: Алексей Сверидов says "Хуйня"
18:30:50: Hecu Live says: "БЛЯТЬ ЭТО МОЯ ЯМА СУКА"
18:30:50: Hecu Live says "БЛЯТЬ ЭТО МОЯ ЯМА СУКА"
18:30:55: Hecu Live says: "СУКА ОВОЩЕЯМА"
18:30:55: Hecu Live says "СУКА ОВОЩЕЯМА"
18:31:02: Hecu Live says: "я ТАМ КАРТОШКУ ХРАНИЛ"
18:31:02: Hecu Live says "я ТАМ КАРТОШКУ ХРАНИЛ"
18:31:03: Hecu Live has taken 8 damage from trigger_hurt, leaving them at 92 health and 0 armor!
18:31:04: Алексей Сверидов has taken 15 damage from trigger_hurt, leaving them at 85 health and 0 armor!
18:31:04: Hecu Live has taken 15 damage from trigger_hurt, leaving them at 77 health and 0 armor!
18:31:04: Алексей Сверидов has taken 19 damage from trigger_hurt, leaving them at 66 health and 0 armor!
18:31:04: Hecu Live has taken 19 damage from trigger_hurt, leaving them at 58 health and 0 armor!
18:31:05: Hecu Live says: "блять"
18:31:05: Hecu Live says "блять"
18:31:05: Алексей Сверидов has taken 19 damage from trigger_hurt, leaving them at 47 health and 0 armor!
18:31:05: Hecu Live has taken 19 damage from trigger_hurt, leaving them at 39 health and 0 armor!
18:31:05: Алексей Сверидов says: "Аа"
18:31:05: Алексей Сверидов says "Аа"
18:31:05: Алексей Сверидов has taken 19 damage from trigger_hurt, leaving them at 28 health and 0 armor!
18:31:05: Hecu Live has taken 19 damage from trigger_hurt, leaving them at 20 health and 0 armor!
18:31:06: Алексей Сверидов has taken 19 damage from trigger_hurt, leaving them at 9 health and 0 armor!
18:31:06: trigger_hurt has dealt 19 damage to Hecu Live, killing them!
18:31:06: trigger_hurt has dealt 19 damage to Алексей Сверидов, killing them!
18:31:10: [OOC] Hecu Live: сука
18:31:11: [OOC] Алексей Сверидов: я умер
18:32:12: Алексей Сверидов says: "Аниме?"
18:32:12: Алексей Сверидов says "Аниме?"
18:32:14: Hecu Live says: "сук"
18:32:14: Hecu Live says "сук"
18:32:35: Hecu Live has used '/Me ДОБРОПОРЯДОЧНЫЙ ГРОЖДАНИН'.
18:32:51: Алексей Сверидов says: "Пиздец"
18:32:51: Алексей Сверидов says "Пиздец"
18:32:52: Hecu Live says: "ЭТОТ ПИДОР ЗАЕБАЛ ФОТКАТЬ"
18:32:52: Hecu Live says "ЭТОТ ПИДОР ЗАЕБАЛ ФОТКАТЬ"
18:32:54: Алексей Сверидов says: "Хуйня с хуем"
18:32:54: Алексей Сверидов says "Хуйня с хуем"
18:32:56: Hecu Live says: "Я ЕМУ СУКА КАМЕРУ СЛОМАЮ"
18:32:56: Hecu Live says "Я ЕМУ СУКА КАМЕРУ СЛОМАЮ"
18:33:40: Алексей Сверидов says: "ААААААААААААА"
18:33:40: Алексей Сверидов says "ААААААААААААА"
18:33:48: Hecu Live has taken 8 damage from trigger_hurt, leaving them at 92 health and 0 armor!
18:33:49: Hecu Live has taken 15 damage from trigger_hurt, leaving them at 77 health and 0 armor!
18:33:49: Hecu Live has taken 19 damage from trigger_hurt, leaving them at 58 health and 0 armor!
18:33:50: Hecu Live has taken 19 damage from trigger_hurt, leaving them at 39 health and 0 armor!
18:33:51: Hecu Live has taken 19 damage from trigger_hurt, leaving them at 20 health and 0 armor!
18:33:51: trigger_hurt has dealt 19 damage to Hecu Live, killing them!
18:34:40: Алексей Сверидов has gained a Suitcase 1514544541.
18:34:40: Алексей Сверидов has used '/StorageTakeItem cw_suitcase 1514544541.00'.
18:34:55: Алексей Сверидов has lost a Suitcase 1514560321.
18:34:55: Алексей Сверидов has used '/StorageGiveItem cw_suitcase 1514560321.00'.
18:34:55: Алексей Сверидов has used '/StorageClose'.
18:35:16: Алексей Сверидов has used '/StorageClose'.
18:35:18: Алексей Сверидов has taken 8 damage from trigger_hurt, leaving them at 92 health and 0 armor!
18:35:18: Алексей Сверидов has taken 15 damage from trigger_hurt, leaving them at 77 health and 0 armor!
18:35:58: Алексей Сверидов has used '/Y БРАААААААААААААТАН'.
18:36:00: Алексей Сверидов has used '/Y ХУЙ'.
18:36:01: Hecu Live says: "Брат!"
18:36:01: Hecu Live says "Брат!"
18:36:04: Hecu Live has taken 8 damage from trigger_hurt, leaving them at 92 health and 0 armor!
18:36:09: Hecu Live has used '/StorageClose'.
18:36:21: Hecu Live has used '/StorageClose'.
18:36:23: Hecu Live says: "Представь"
18:36:23: Hecu Live says "Представь"
18:36:25: Hecu Live says: "А эти двое"
18:36:25: Hecu Live says "А эти двое"
18:36:26: Алексей Сверидов says: "Пизда"
18:36:26: Алексей Сверидов says "Пизда"
18:36:28: Hecu Live says: "Тоже ебались когда то"
18:36:28: Hecu Live says "Тоже ебались когда то"
18:36:30: Алексей Сверидов has taken 8 damage from trigger_hurt, leaving them at 92 health and 0 armor!
18:36:31: Алексей Сверидов says: "............."
18:36:31: Алексей Сверидов says "............."
18:36:32: Алексей Сверидов says: "ай"
18:36:32: Алексей Сверидов says "ай"
18:36:40: Hecu Live says: "ого ебать"
18:36:40: Hecu Live says "ого ебать"
18:36:47: Hecu Live says: "тут евроидов жгли"
18:36:47: Hecu Live says "тут евроидов жгли"
18:36:51: Алексей Сверидов says: "Включай нахуй"
18:36:51: Алексей Сверидов says "Включай нахуй"
18:36:59: Hecu Live says: "как"
18:36:59: Hecu Live says "как"
18:37:03: Алексей Сверидов says: "Хуй знает"
18:37:03: Алексей Сверидов says "Хуй знает"
18:37:04: Hecu Live says: "сука кнопок нет"
18:37:04: Hecu Live says "сука кнопок нет"
18:37:05: Алексей Сверидов says: "Хз"
18:37:05: Алексей Сверидов says "Хз"
18:37:07: Hecu Live says: "пидорская хуйня"
18:37:07: Hecu Live says "пидорская хуйня"
18:37:09: Алексей Сверидов says: "ТУпая печь"
18:37:09: Алексей Сверидов says "ТУпая печь"
18:37:13: Hecu Live says: "ох ты ебать"
18:37:13: Hecu Live says "ох ты ебать"
18:37:29: Hecu Live says: "хуйня"
18:37:29: Hecu Live says "хуйня"
18:37:42: Алексей Сверидов has taken 27 damage from worldspawn, leaving them at 73 health and 0 armor!
18:37:44: Hecu Live says: "хАХАХ"
18:37:44: Hecu Live says "хАХАХ"
18:37:47: Hecu Live has taken 8 damage from trigger_hurt, leaving them at 92 health and 0 armor!
18:37:47: Hecu Live has taken 9 damage from Алексей Сверидов with cw_hands, leaving them at 83 health and 0 armor!
18:37:48: Hecu Live has taken 9 damage from Алексей Сверидов with cw_hands, leaving them at 74 health and 0 armor!
18:37:49: Hecu Live has taken 9 damage from Алексей Сверидов with cw_hands, leaving them at 65 health and 0 armor!
18:37:52: Алексей Сверидов has taken 9 damage from Hecu Live with cw_hands, leaving them at 66 health and 0 armor!
18:38:26: Алексей Сверидов has taken 8 damage from trigger_hurt, leaving them at 70 health and 0 armor!
18:38:26: Алексей Сверидов has taken 15 damage from trigger_hurt, leaving them at 55 health and 0 armor!
18:38:27: Алексей Сверидов has taken 19 damage from trigger_hurt, leaving them at 36 health and 0 armor!
18:38:27: Алексей Сверидов has taken 19 damage from trigger_hurt, leaving them at 17 health and 0 armor!
18:38:28: trigger_hurt has dealt 19 damage to Алексей Сверидов, killing them!
18:40:31: Hecu Live has used '/CharFallOver'.
18:40:31: Алексей Сверидов has used '/CharFallOver'.
18:40:31: Hecu Live has used '/CharGetUp'.
18:40:34: Hecu Live says: "ДРОЧИМ!"
18:40:34: Hecu Live says "ДРОЧИМ!"
18:40:39: Hecu Live has used '/CharFallOver'.
18:40:40: Hecu Live has used '/CharGetUp'.
18:40:41: Алексей Сверидов says: "Давйа бля"
18:40:41: Алексей Сверидов says "Давйа бля"
18:40:43: Hecu Live says: "ПЕРВЫЙ БЛИН КОМОМ"
18:40:43: Hecu Live says "ПЕРВЫЙ БЛИН КОМОМ"
18:40:54: Алексей Сверидов has used '/CharGetUp'.
18:40:57: Алексей Сверидов has used '/CharGetUp'.
18:41:04: Hecu Live says: "бЛ"
18:41:04: Hecu Live says "бЛ"
18:41:06: Hecu Live has used '/CharFallOver'.
18:41:06: Hecu Live has used '/CharGetUp'.
18:41:06: Алексей Сверидов says: "Пиздец"
18:41:06: Алексей Сверидов says "Пиздец"
18:41:12: Алексей Сверидов says: "Вставай"
18:41:12: Алексей Сверидов says "Вставай"
18:41:16: Hecu Live says: "ДАВАЙ"
18:41:16: Hecu Live says "ДАВАЙ"
18:41:17: Hecu Live says: "ПОТЧИ"
18:41:17: Hecu Live says "ПОТЧИ"
18:41:19: Hecu Live says: "ДАВАЙ"
18:41:19: Hecu Live says "ДАВАЙ"
18:41:33: Hecu Live says: "кулаками подпинывай бля))"
18:41:33: Hecu Live says "кулаками подпинывай бля))"
18:41:41: Hecu Live has taken 9 damage from Алексей Сверидов with cw_hands, leaving them at 91 health and 0 armor!
18:41:42: Hecu Live says: "АДВАЙ"
18:41:42: Hecu Live says "АДВАЙ"
18:41:42: Hecu Live has taken 9 damage from Алексей Сверидов with cw_hands, leaving them at 82 health and 0 armor!
18:41:43: Hecu Live says: "ПОЧТИ"
18:41:43: Hecu Live says "ПОЧТИ"
18:41:48: Hecu Live says: "ХУЯРЬ ХУЯРЬ ДАВАЙ!!!!!!!!!!!!!!!!!!!!!!!!!!!!!!"
18:41:48: Hecu Live says "ХУЯРЬ ХУЯРЬ ДАВАЙ!!!!!!!!!!!!!!!!!!!!!!!!!!!!!!"
18:41:50: Hecu Live says: "почти"
18:41:50: Hecu Live says "почти"
18:41:51: Hecu Live says: "ЕЕЕЕ"
18:41:51: Hecu Live says "ЕЕЕЕ"
18:41:56: Hecu Live says: "ОПА Я ТУТ ТУТ ТУРЕЛЬ"
18:41:56: Hecu Live says "ОПА Я ТУТ ТУТ ТУРЕЛЬ"
18:42:00: Hecu Live says: "захахаах"
18:42:00: Hecu Live says "захахаах"
18:42:02: Hecu Live has taken 1 damage from npc_turret_ceiling, leaving them at 87 health and 0 armor!
18:42:02: Hecu Live has taken 1 damage from npc_turret_ceiling, leaving them at 86 health and 0 armor!
18:42:02: Hecu Live has taken 1 damage from npc_turret_ceiling, leaving them at 85 health and 0 armor!
18:42:02: Hecu Live has taken 1 damage from npc_turret_ceiling, leaving them at 84 health and 0 armor!
18:42:03: Hecu Live has taken 1 damage from npc_turret_ceiling, leaving them at 83 health and 0 armor!
18:42:03: Hecu Live has taken 1 damage from npc_turret_ceiling, leaving them at 82 health and 0 armor!
18:42:03: Hecu Live has taken 1 damage from npc_turret_ceiling, leaving them at 83 health and 0 armor!
18:42:03: Hecu Live has taken 1 damage from npc_turret_ceiling, leaving them at 82 health and 0 armor!
18:42:03: Hecu Live says: "кажется я труп"
18:42:03: Hecu Live says "кажется я труп"
18:42:04: Hecu Live has taken 1 damage from npc_turret_ceiling, leaving them at 81 health and 0 armor!
18:42:04: Hecu Live has taken 1 damage from npc_turret_ceiling, leaving them at 80 health and 0 armor!
18:42:04: Hecu Live has taken 1 damage from npc_turret_ceiling, leaving them at 79 health and 0 armor!
18:42:04: Hecu Live has used '/CharFallOver'.
18:42:05: Hecu Live has used '/CharGetUp'.
18:42:05: Алексей Сверидов says: "БАРАТН КЛИПАЙ ТВИНКА"
18:42:05: Алексей Сверидов says "БАРАТН КЛИПАЙ ТВИНКА"
18:42:08: Hecu Live says: "ХАХАХАХА Я БЕГУ"
18:42:08: Hecu Live says "ХАХАХАХА Я БЕГУ"
18:42:28: Hecu Live has taken 3 damage from npc_turret_ceiling, leaving them at 84 health and 0 armor!
18:42:28: Hecu Live has taken 1 damage from npc_turret_ceiling, leaving them at 83 health and 0 armor!
18:42:28: Hecu Live has taken 3 damage from npc_turret_ceiling, leaving them at 80 health and 0 armor!
18:42:29: Hecu Live has taken 3 damage from npc_turret_ceiling, leaving them at 77 health and 0 armor!
18:43:07: //waythink has created a Refugee character called 'Умный парень'.
18:43:09: //waythink has loaded the character 'Умный парень'.
18:43:35: Алексей Сверидов has used '/CharFallOver'.
18:43:42: Алексей Сверидов has used '/CharGetUp'.
18:43:44: Алексей Сверидов says: "СОСУ"
18:43:44: Алексей Сверидов says "СОСУ"
18:43:56: Алексей Сверидов has used '/CharFallOver'.
18:43:57: Алексей Сверидов has used '/CharGetUp'.
18:44:01: //waythink has loaded the character 'Hecu Live'.
18:44:05: Алексей Сверидов has taken 3 damage from npc_turret_ceiling, leaving them at 97 health and 0 armor!
18:44:05: Алексей Сверидов has taken 14 damage from npc_turret_ceiling, leaving them at 83 health and 0 armor!
18:44:05: Алексей Сверидов has taken 1 damage from npc_turret_ceiling, leaving them at 82 health and 0 armor!
18:44:05: Алексей Сверидов has taken 3 damage from npc_turret_ceiling, leaving them at 79 health and 0 armor!
18:44:06: Алексей Сверидов has taken 1 damage from npc_turret_ceiling, leaving them at 78 health and 0 armor!
18:44:06: Алексей Сверидов has taken 15 damage from npc_turret_ceiling, leaving them at 63 health and 0 armor!
18:44:06: Алексей Сверидов has taken 1 damage from npc_turret_ceiling, leaving them at 62 health and 0 armor!
18:44:06: Алексей Сверидов has taken 3 damage from npc_turret_ceiling, leaving them at 59 health and 0 armor!
18:44:07: Алексей Сверидов has used '/CharFallOver'.
18:44:33: Алексей Сверидов has used '/CharGetUp'.
18:44:34: Hecu Live has used '/Y але'.
18:44:37: Hecu Live has used '/CharFallOver'.
18:44:38: Hecu Live has used '/CharGetUp'.
18:44:41: Алексей Сверидов has taken 14 damage from npc_turret_ceiling, leaving them at 55 health and 0 armor!
18:44:41: Алексей Сверидов has taken 14 damage from npc_turret_ceiling, leaving them at 41 health and 0 armor!
18:44:41: Алексей Сверидов has taken 3 damage from npc_turret_ceiling, leaving them at 38 health and 0 armor!
18:44:46: Hecu Live has used '/CharFallOver'.
18:44:46: Hecu Live has used '/CharGetUp'.
18:44:54: Hecu Live has used '/CharFallOver'.
18:44:55: Hecu Live has used '/CharGetUp'.
18:45:02: Hecu Live has used '/CharFallOver'.
18:45:02: Hecu Live has used '/CharGetUp'.
18:45:09: Hecu Live has used '/CharFallOver'.
18:45:10: Hecu Live has used '/CharGetUp'.
18:45:19: Hecu Live has used '/CharFallOver'.
18:45:20: Hecu Live has used '/CharGetUp'.
18:45:28: Hecu Live has used '/CharFallOver'.
18:45:29: Hecu Live has used '/CharGetUp'.
18:46:05: Hecu Live has used '/CharFallOver'.
18:46:05: Hecu Live has used '/CharGetUp'.
18:46:12: Hecu Live has used '/CharFallOver'.
18:46:12: Hecu Live has used '/CharGetUp'.
18:46:12: Алексей Сверидов has taken 3 damage from npc_turret_ceiling, leaving them at 57 health and 0 armor!
18:46:18: Алексей Сверидов has taken 1 damage from npc_turret_ceiling, leaving them at 58 health and 0 armor!
18:46:18: Алексей Сверидов has taken 1 damage from npc_turret_ceiling, leaving them at 57 health and 0 armor!
18:46:18: Алексей Сверидов has taken 3 damage from npc_turret_ceiling, leaving them at 54 health and 0 armor!
18:46:18: Алексей Сверидов has taken 3 damage from npc_turret_ceiling, leaving them at 51 health and 0 armor!
18:46:18: Алексей Сверидов has taken 1 damage from npc_turret_ceiling, leaving them at 50 health and 0 armor!
18:46:18: Алексей Сверидов has taken 3 damage from npc_turret_ceiling, leaving them at 47 health and 0 armor!
18:46:19: Алексей Сверидов has taken 1 damage from npc_turret_ceiling, leaving them at 46 health and 0 armor!
18:46:19: Алексей Сверидов has taken 1 damage from npc_turret_ceiling, leaving them at 45 health and 0 armor!
18:46:19: Алексей Сверидов has taken 15 damage from npc_turret_ceiling, leaving them at 30 health and 0 armor!
18:46:19: Hecu Live has used '/CharFallOver'.
18:46:19: Алексей Сверидов has taken 15 damage from npc_turret_ceiling, leaving them at 15 health and 0 armor!
18:46:20: Hecu Live has used '/CharGetUp'.
18:46:20: Алексей Сверидов has taken 3 damage from npc_turret_ceiling, leaving them at 14 health and 0 armor!
18:46:20: npc_turret_ceiling has dealt 16 damage to Алексей Сверидов, killing them!
18:47:49: Алексей Сверидов has used '/Y ДРПОЧИТЬ'.
18:47:54: Hecu Live has used '/CharFallOver'.
18:48:10: Hecu Live has used '/CharGetUp'.
18:48:11: Hecu Live says: "ХУЯРБЮ"
18:48:11: Hecu Live says "ХУЯРБЮ"
18:48:12: Hecu Live says: "ХУЯРБЮ"
18:48:12: Hecu Live says "ХУЯРБЮ"
18:48:12: Hecu Live says: "ХУЯРБЮ"
18:48:12: Hecu Live says "ХУЯРБЮ"
18:48:13: Hecu Live says: "ХУЯРБЮ"
18:48:13: Hecu Live says "ХУЯРБЮ"
18:48:25: Hecu Live has used '/CharFallOver'.
18:48:25: Hecu Live has used '/CharGetUp'.
18:48:31: Hecu Live has taken 3 damage from npc_turret_ceiling, leaving them at 97 health and 0 armor!
18:48:31: Hecu Live has taken 3 damage from npc_turret_ceiling, leaving them at 94 health and 0 armor!
18:48:31: Hecu Live has taken 3 damage from npc_turret_ceiling, leaving them at 91 health and 0 armor!
18:48:31: Hecu Live has taken 3 damage from npc_turret_ceiling, leaving them at 88 health and 0 armor!
18:48:32: Hecu Live has taken 3 damage from npc_turret_ceiling, leaving them at 85 health and 0 armor!
18:48:32: Hecu Live has taken 16 damage from npc_turret_ceiling, leaving them at 69 health and 0 armor!
18:48:32: Hecu Live has taken 3 damage from npc_turret_ceiling, leaving them at 66 health and 0 armor!
18:48:32: Hecu Live has taken 3 damage from npc_turret_ceiling, leaving them at 63 health and 0 armor!
18:48:32: Hecu Live has taken 3 damage from npc_turret_ceiling, leaving them at 60 health and 0 armor!
18:48:32: Hecu Live has taken 3 damage from npc_turret_ceiling, leaving them at 57 health and 0 armor!
18:48:32: Hecu Live has taken 1 damage from npc_turret_ceiling, leaving them at 56 health and 0 armor!
18:48:33: Hecu Live has taken 3 damage from npc_turret_ceiling, leaving them at 53 health and 0 armor!
18:48:33: Hecu Live has taken 3 damage from npc_turret_ceiling, leaving them at 50 health and 0 armor!
18:48:33: Hecu Live has taken 4 damage from npc_turret_ceiling, leaving them at 46 health and 0 armor!
18:48:33: Hecu Live has taken 1 damage from npc_turret_ceiling, leaving them at 45 health and 0 armor!
18:48:33: Hecu Live has taken 4 damage from npc_turret_ceiling, leaving them at 41 health and 0 armor!
18:49:08: Hecu Live has used '/Y ауе'.
18:49:10: Hecu Live has used '/Y Hi'.
18:49:12: Hecu Live has used '/Y Combine'.
18:49:13: Алексей Сверидов has used '/Y АУЕ'.
18:49:18: worldspawn has dealt 112 damage to Hecu Live, killing them!
18:49:21: Алексей Сверидов says: "Братан"
18:49:21: Алексей Сверидов says "Братан"
18:49:35: Алексей Сверидов has used '/StorageClose'.
18:50:36: Hecu Live says: "ЗУЯРЬ"
18:50:36: Hecu Live says "ЗУЯРЬ"
18:50:40: Hecu Live has used '/CharFallOver'.
18:50:57: Hecu Live has used '/CharGetUp'.
18:51:04: Hecu Live has used '/CharFallOver'.
18:51:05: Hecu Live has used '/CharGetUp'.
18:51:05: Алексей Сверидов says: "Пизда"
18:51:05: Алексей Сверидов says "Пизда"
18:51:07: Hecu Live says: "ХУРЬ "
18:51:07: Hecu Live says "ХУРЬ "
18:51:10: Hecu Live says: "БЛЯ"
18:51:10: Hecu Live says "БЛЯ"
18:51:12: Hecu Live says: "хуря"
18:51:12: Hecu Live says "хуря"
18:51:14: Hecu Live has used '/CharFallOver'.
18:51:24: Алексей Сверидов says: "Try"
18:51:24: Алексей Сверидов says "Try"
18:51:25: Hecu Live has used '/CharGetUp'.
18:51:27: Hecu Live says: "хуево"
18:51:27: Hecu Live says "хуево"
18:51:30: Hecu Live says: "не вЙДЕТ"
18:51:30: Hecu Live says "не вЙДЕТ"
18:51:32: Hecu Live has used '/CharFallOver'.
18:51:39: Алексей Сверидов says: "Dj"
18:51:39: Алексей Сверидов says "Dj"
18:51:40: Алексей Сверидов says: "F yt"
18:51:40: Алексей Сверидов says "F yt"
18:51:46: Hecu Live has used '/CharGetUp'.
18:51:51: Алексей Сверидов says: "Попробуй"
18:51:51: Алексей Сверидов says "Попробуй"
18:52:14: Hecu Live has used '/Y сука я встрял'.
18:52:19: Алексей Сверидов says: "ФАЛЛОВЕР"
18:52:19: Алексей Сверидов says "ФАЛЛОВЕР"
18:52:25: Hecu Live has used '/CharFallOver'.
18:52:26: Hecu Live has used '/CharGetUp'.
18:52:28: Hecu Live says: "ХУЯ"
18:52:28: Hecu Live says "ХУЯ"
18:52:37: Hecu Live has taken 3 damage from npc_turret_ceiling, leaving them at 97 health and 0 armor!
18:52:37: Hecu Live has taken 3 damage from npc_turret_ceiling, leaving them at 94 health and 0 armor!
18:53:50: Алексей Сверидов has used '/Y А у е'.
18:53:57: Hecu Live has used '/Y блин блинский!'.
18:56:54: Hecu Live has taken 3 damage from npc_turret_ceiling, leaving them at 97 health and 0 armor!
18:56:54: Hecu Live has taken 3 damage from npc_turret_ceiling, leaving them at 94 health and 0 armor!
18:57:26: Hecu Live has used '/Y ЗДАРВОА'.
18:57:27: Hecu Live has used '/Y ЗДАРВОА'.
18:57:27: Hecu Live has used '/Y ЗДАРВОАн'.
18:57:28: Hecu Live has used '/Y ЗДАРВОАн'.
18:57:30: Hecu Live has used '/Y HI'.
18:57:31: Hecu Live has used '/Y HI'.
18:57:31: Hecu Live has used '/Y HI'.
18:57:32: Hecu Live has used '/Y HI'.
18:57:32: Hecu Live has used '/Y HI'.
18:57:32: Hecu Live has used '/Y HI'.
18:57:33: Hecu Live has used '/Y HI'.
18:57:33: Hecu Live has used '/Y HI'.
18:57:34: Hecu Live has used '/Y HI'.
18:57:34: Hecu Live has used '/Y HI'.
18:58:57: Hecu Live has used '/CharFallOver'.
18:58:57: Hecu Live has used '/CharGetUp'.
18:59:06: Hecu Live has used '/CharFallOver'.
18:59:07: Hecu Live has used '/CharGetUp'.
18:59:29: Hecu Live has used '/CharFallOver'.
18:59:30: Hecu Live has used '/CharGetUp'.
18:59:38: Hecu Live has used '/CharFallOver'.
18:59:45: Hecu Live has used '/CharGetUp'.
19:00:00: Hecu Live has taken 1 damage from npc_turret_ceiling, leaving them at 99 health and 0 armor!
19:00:00: Hecu Live has taken 1 damage from npc_turret_ceiling, leaving them at 98 health and 0 armor!
19:00:00: Hecu Live has taken 3 damage from npc_turret_ceiling, leaving them at 95 health and 0 armor!
19:00:00: Hecu Live has taken 3 damage from npc_turret_ceiling, leaving them at 92 health and 0 armor!
19:00:01: Hecu Live has taken 3 damage from npc_turret_ceiling, leaving them at 89 health and 0 armor!
19:00:01: Hecu Live has taken 1 damage from npc_turret_ceiling, leaving them at 88 health and 0 armor!
19:00:01: Hecu Live has taken 3 damage from npc_turret_ceiling, leaving them at 85 health and 0 armor!
19:00:01: Hecu Live has taken 3 damage from npc_turret_ceiling, leaving them at 82 health and 0 armor!
19:00:01: Hecu Live has taken 1 damage from npc_turret_ceiling, leaving them at 81 health and 0 armor!
19:00:01: Hecu Live has taken 16 damage from npc_turret_ceiling, leaving them at 65 health and 0 armor!
19:00:01: Hecu Live has taken 1 damage from npc_turret_ceiling, leaving them at 64 health and 0 armor!
19:00:01: Hecu Live has taken 3 damage from npc_turret_ceiling, leaving them at 61 health and 0 armor!
19:00:01: Hecu Live has taken 1 damage from npc_turret_ceiling, leaving them at 60 health and 0 armor!
19:00:02: Hecu Live has taken 1 damage from npc_turret_ceiling, leaving them at 59 health and 0 armor!
19:00:02: Hecu Live has taken 1 damage from npc_turret_ceiling, leaving them at 58 health and 0 armor!
19:00:02: Hecu Live has taken 1 damage from npc_turret_ceiling, leaving them at 57 health and 0 armor!
19:00:02: Hecu Live has taken 3 damage from npc_turret_ceiling, leaving them at 54 health and 0 armor!
19:00:02: Hecu Live has taken 1 damage from npc_turret_ceiling, leaving them at 53 health and 0 armor!
19:00:02: Hecu Live has taken 1 damage from npc_turret_ceiling, leaving them at 52 health and 0 armor!
19:00:02: Hecu Live has taken 1 damage from npc_turret_ceiling, leaving them at 51 health and 0 armor!
19:00:02: Hecu Live has taken 1 damage from npc_turret_ceiling, leaving them at 50 health and 0 armor!
19:00:02: Hecu Live has taken 1 damage from npc_turret_ceiling, leaving them at 49 health and 0 armor!
19:00:02: Hecu Live has taken 1 damage from npc_turret_ceiling, leaving them at 48 health and 0 armor!
19:00:02: Hecu Live has taken 1 damage from npc_turret_ceiling, leaving them at 47 health and 0 armor!
19:00:55: Hecu Live has taken 3 damage from npc_turret_ceiling, leaving them at 58 health and 0 armor!
19:00:56: Hecu Live has taken 1 damage from npc_turret_ceiling, leaving them at 57 health and 0 armor!
19:00:56: Hecu Live has taken 17 damage from npc_turret_ceiling, leaving them at 40 health and 0 armor!
19:00:59: Hecu Live has taken 1 damage from npc_turret_ceiling, leaving them at 39 health and 0 armor!
19:01:04: Hecu Live has taken 3 damage from npc_turret_ceiling, leaving them at 38 health and 0 armor!
19:01:04: Hecu Live has taken 3 damage from npc_turret_ceiling, leaving them at 35 health and 0 armor!
19:01:04: Hecu Live has taken 3 damage from npc_turret_ceiling, leaving them at 32 health and 0 armor!
19:01:04: Hecu Live has taken 3 damage from npc_turret_ceiling, leaving them at 29 health and 0 armor!
19:01:04: Hecu Live has taken 3 damage from npc_turret_ceiling, leaving them at 26 health and 0 armor!
19:01:04: Hecu Live has taken 19 damage from npc_turret_ceiling, leaving them at 7 health and 0 armor!
19:01:05: Hecu Live has taken 4 damage from npc_turret_ceiling, leaving them at 3 health and 0 armor!
19:01:05: npc_turret_ceiling has dealt 4 damage to Hecu Live, killing them!
19:01:24: Алексей Сверидов (STEAM_0:0:110386561/37.110.9.128:27005) has disconnected.
19:01:37: Hecu Live (STEAM_0:0:84716002/31.130.198.157:27005) has disconnected.
