21:36:54: HECU LIVE (STEAM_0:1:47464086/90.188.5.138:27005) has connected.
21:38:19: HECU LIVE has created a Citizen character called 'в1231321321313213'.
21:38:23: HECU LIVE has loaded the character 'Артем Кирьянов'.
21:38:59: Жайн (STEAM_0:0:129465374/46.160.101.18:27005) has connected.
21:40:47: Артем Кирьянов says: "равыаы"
21:40:47: Артем Кирьянов says "равыаы"
21:41:21: Жайн has created a Citizen character called 'Руслан Фертурэ'.
21:41:21: Жайн has loaded the character 'Руслан Фертурэ'.
21:42:09: Руслан Фертурэ has lost a Suitcase 1515868883.
21:42:09: Руслан Фертурэ has used '/InvAction use cw_suitcase 1515868883.00'.
21:43:06: Руслан Фертурэ has used '/AnimIdle'.
21:43:32: Руслан Фертурэ says: "!menu"
21:43:32: Руслан Фертурэ says "!menu"
21:43:38: Руслан Фертурэ says: "!menu"
21:43:38: Руслан Фертурэ says "!menu"
21:43:57: Артем Кирьянов says: "сможешь сделать ulx?"
21:43:57: Артем Кирьянов says "сможешь сделать ulx?"
21:44:06: Артем Кирьянов says: "доступ давать?"
21:44:06: Артем Кирьянов says "доступ давать?"
21:44:16: Артем Кирьянов says: "а как админку"
21:44:16: Артем Кирьянов says "а как админку"
21:44:17: Артем Кирьянов says: "да"
21:44:17: Артем Кирьянов says "да"
21:44:21: Артем Кирьянов has used '/PermitBuy business'.
21:44:23: Артем Кирьянов has used '/PermitBuy literature'.
21:44:32: Артем Кирьянов says: "да"
21:44:32: Артем Кирьянов says "да"
21:45:27: Артем Кирьянов has used '/PlyWhitelist Руслан Фертурэ Metropolice Force'.
21:45:31: Артем Кирьянов has used '/PlyWhitelist Артем Кирьянов Metropolice Force'.
21:45:46: Руслан Фертурэ has used '/CharSearch'.
21:45:49: Руслан Фертурэ has used '/CharSearch'.
21:46:21: Руслан Фертурэ has used '/GiveTokens 1000'.
21:46:55: Артем Кирьянов says: "я"
21:46:55: Артем Кирьянов says "я"
21:48:25: Артем Кирьянов says: "да"
21:48:25: Артем Кирьянов says "да"
21:48:28: Руслан Фертурэ says: "CNGvVmtprnce1"
21:48:28: Руслан Фертурэ says "CNGvVmtprnce1"
21:48:52: Артем Кирьянов has used '/CharGiveFlags Руслан Фертурэ CNGvVmtprnce1'.
21:49:01: Артем Кирьянов has used '/CharGiveFlags Артем Кирьянов CNGvVmtprnce1'.
21:49:06: LogPlayerSpawnModel
21:49:06: LogPlayerSpawnModel
21:49:22: LogPlayerSpawnModel
21:49:22: LogPlayerSpawnModel
21:49:24: LogPlayerSpawnModel
21:49:24: LogPlayerSpawnModel
21:50:12: Артем Кирьянов says: "!noclip"
21:50:12: Артем Кирьянов says "!noclip"
21:50:33: Артем Кирьянов has gained a Antidepressants 1515869438.
21:50:40: Артем Кирьянов has gained a Health Vial 1515869444.
21:50:40: Артем Кирьянов has lost a Health Vial 1515869444.
21:50:40: Артем Кирьянов has used '/InvAction use health_vial 1515869444'.
21:50:45: Артем Кирьянов has gained a Paracetamol 1515869450.
21:50:45: Артем Кирьянов has lost a Paracetamol 1515869450.
21:50:45: Артем Кирьянов has used '/InvAction use paracetamol 1515869450'.
21:50:50: Артем Кирьянов has gained a Breach 1515869457.
21:50:50: Артем Кирьянов has used '/InvAction use breach 1515869457'.
21:50:50: Артем Кирьянов has lost a Breach 1515869457.
21:50:52: Артем Кирьянов has gained a Breach 1515869457.
21:50:52: Артем Кирьянов has used '/InvAction use breach 1515869457'.
21:50:52: Артем Кирьянов has lost a Breach 1515869457.
21:51:27: Артем Кирьянов has gained a Union Card 1515869496.
21:52:32: HECU LIVE has created a Metropolice Force character called 'MPF-RCT.31210'.
21:52:37: HECU LIVE has loaded the character 'MPF-RCT.31210'.
21:52:57: MPF-RCT.31210 has used '/Apply'.
21:53:58: Руслан Фертурэ has taken 2 damage from MPF-RCT.31210 with cw_stunstick, leaving them at 98 health and 0 armor!
21:54:57: MPF-RCT.31210 has gained a .357 Magnum 1515869526.
21:55:04: MPF-RCT.31210 has lost a .357 Magnum 1515869526.
21:55:04: MPF-RCT.31210 has used '/InvAction use weapon_357 1515869526.00'.
21:55:48: Руслан Фертурэ has lost a Suitcase 1515868883.
21:55:48: MPF-RCT.31210 has dealt 165 damage to Руслан Фертурэ with .357 Magnum, killing them!
21:56:22: Руслан Фертурэ (STEAM_0:0:129465374/46.160.101.18:27005) has disconnected.
21:56:45: MPF-RCT.31210 has gained a Suitcase 1515868883.
21:56:45: MPF-RCT.31210 has used '/InvAction use cw_suitcase 1515868883'.
21:56:45: MPF-RCT.31210 has lost a Suitcase 1515868883.
22:11:45: MPF-RCT.31210 has lost a .357 Magnum 1515869526.
22:11:45: MPF-RCT.31210 has dealt 204 damage to MPF-RCT.31210, killing them!
22:12:39: DOHATEP (STEAM_0:1:93880463/2.134.248.237:27005) has connected.
22:13:16: MPF-RCT.31210 has taken 11 damage from MPF-RCT.31210 with gmod_tool, leaving them at 89 health and 0 armor!
22:13:16: MPF-RCT.31210 has taken 3 damage from MPF-RCT.31210 with gmod_tool, leaving them at 86 health and 0 armor!
22:13:16: MPF-RCT.31210 has taken 10 damage from MPF-RCT.31210 with gmod_tool, leaving them at 76 health and 0 armor!
22:13:33: MPF-RCT.31210 has dealt 1295 damage to MPF-RCT.31210, killing them!
22:14:51: DOHATEP has created a Refugee character called 'Джошуа Грэхам'.
22:14:51: DOHATEP has loaded the character 'Джошуа Грэхам'.
22:24:38: Жайн (STEAM_0:0:129465374/46.160.101.18:27005) has connected.
22:25:30: DOHATEP (STEAM_0:1:93880463/2.134.248.237:27005) has connected.
22:34:29: HECU LIVE (STEAM_0:1:47464086/90.188.5.138:27005) has connected.
22:34:53: Жайн (STEAM_0:0:129465374/46.160.101.18:27005) has connected.
22:35:33: Жайн has loaded the character 'Руслан Фертурэ'.
22:35:35: Руслан Фертурэ has used '/Observer'.
22:35:44: Руслан Фертурэ says: "!menu"
22:35:44: Руслан Фертурэ says "!menu"
22:35:47: HECU LIVE has loaded the character 'Артем Кирьянов'.
22:36:33: Артем Кирьянов has used '/AnimATW'.
22:37:37: Артем Кирьянов has used '/ContFill 1 Consumables'.
22:37:37: Артем Кирьянов has used '/ContFill 1 Consumables'.
22:37:52: Артем Кирьянов has gained a Flashlight 1515872271.
22:37:52: Артем Кирьянов has lost a Flashlight 1515872271.
22:37:52: Артем Кирьянов has used '/InvAction use cw_flashlight 1515872271'.
22:38:04: Руслан Фертурэ (STEAM_0:0:129465374/46.160.101.18:27005) has disconnected.
22:38:09: Артем Кирьянов has gained a Paper 1515872292.
22:38:09: Артем Кирьянов has lost a Paper 1515872292.
22:38:09: Артем Кирьянов has used '/InvAction use paper 1515872292'.
22:39:23: Жайн (STEAM_0:0:129465374/46.160.101.18:27005) has connected.
22:39:43: Жайн has loaded the character 'Руслан Фертурэ'.
22:39:45: Руслан Фертурэ has used '/Observer'.
22:40:16: HECU LIVE (STEAM_0:1:47464086/90.188.5.138:27005) has connected.
22:41:31: HECU LIVE has loaded the character 'Артем Кирьянов'.
22:41:41: LogPlayerSpawnModel
22:41:41: LogPlayerSpawnModel
22:41:49: LogPlayerSpawnModel
22:41:49: LogPlayerSpawnModel
22:44:01: LogPlayerSpawnModel
22:44:01: LogPlayerSpawnModel
22:44:39: LogPlayerSpawnModel
22:44:39: LogPlayerSpawnModel
22:44:56: Артем Кирьянов has gained a MP7 Grenade 1515872690.
22:44:56: Артем Кирьянов has used '/InvAction use ammo_smg1_grenade 1515872690'.
22:44:56: Артем Кирьянов has lost a MP7 Grenade 1515872690.
22:44:57: Артем Кирьянов has gained a MP7 Grenade 1515872690.
22:44:57: Артем Кирьянов has used '/InvAction use ammo_smg1_grenade 1515872690'.
22:44:57: Артем Кирьянов has lost a MP7 Grenade 1515872690.
22:45:35: LogPlayerSpawnModel
22:45:35: LogPlayerSpawnModel
22:45:48: Helugon (STEAM_0:1:95283970/2.93.67.183:27005) has connected.
22:45:52: 干Һō₥ä$ 尺Ꭵȡ (STEAM_0:0:152355575/109.198.122.8:27005) has connected.
22:45:52: HECU LIVE has loaded the character 'MPF-RCT.31210'.
22:46:57: Руслан Фертурэ has used '/CharSetName MPF MPF-SEC:87712'.
22:47:07: Mandarin4ik (STEAM_0:1:188935979/77.232.10.213:4337) has connected.
22:47:16: Руслан Фертурэ says: "!menu"
22:47:16: Руслан Фертурэ says "!menu"
22:47:16: MPF-SEC:87712 says: "е"
22:47:16: MPF-SEC:87712 says "<:: е"
22:47:22: Руслан Фертурэ has used '/Observer'.
22:47:28: Руслан Фертурэ says: "!menu"
22:47:28: Руслан Фертурэ says "!menu"
22:47:44: Руслан Фертурэ has used '/CharSetName MPF MPF-OFC:87712'.
22:48:10: Checkcheck (STEAM_0:1:150828138/91.122.57.105:27005) has connected.
22:48:26: Руслан Фертурэ has used '/Observer'.
22:48:40: Руслан Фертурэ has used '/Observer'.
22:48:40: Руслан Фертурэ has used '/Observer'.
22:48:41: Руслан Фертурэ has used '/Observer'.
22:48:47: Руслан Фертурэ has used '/Observer'.
22:48:48: Руслан Фертурэ has used '/Observer'.
22:48:49: Руслан Фертурэ has used '/Observer'.
22:48:53: Руслан Фертурэ has used '/Observer'.
22:49:21: Руслан Фертурэ has used '/Observer'.
22:49:24: Руслан Фертурэ has used '/Observer'.
22:49:57: UNCLE GRANDPA (STEAM_0:0:84148016/95.25.33.148:27005) has connected.
22:49:59: Руслан Фертурэ has used '/Observer'.
22:50:01: MPF-OFC:87712 has used '/CharGiveFlags MPF-OFC:87712 bCNGvVmtprnce1'.
22:50:10: 干Һō₥ä$ 尺Ꭵȡ has created a Citizen character called 'Кирилл '.
22:50:10: 干Һō₥ä$ 尺Ꭵȡ has loaded the character 'Кирилл '.
22:50:13: Руслан Фертурэ has used '/Observer'.
22:50:17: MPF-OFC:87712 has gained a Union Lock 1515873008.
22:50:17: MPF-OFC:87712 has lost a Union Lock 1515873008.
22:50:17: MPF-OFC:87712 has used '/InvAction use union_lock 1515873008'.
22:50:23: Руслан Фертурэ has used '/Observer'.
22:50:26: Руслан Фертурэ has used '/Observer'.
22:50:28: MPF-OFC:87712 has gained a Union Lock 1515873026.
22:50:30: Руслан Фертурэ has used '/Observer'.
22:50:30: Руслан Фертурэ has used '/Observer'.
22:50:33: Руслан Фертурэ (STEAM_0:0:129465374/46.160.101.18:27005) has disconnected.
22:50:33: Кирилл  has lost a Suitcase 1515873016.
22:50:33: Кирилл  has used '/StorageGiveItem cw_suitcase 1515873016.00'.
22:50:35: Кирилл  has used '/StorageClose'.
22:50:37: MPF-OFC:87712 has lost a Union Lock 1515873026.
22:50:37: MPF-OFC:87712 has used '/InvAction use union_lock 1515873026.00'.
22:50:40: Helugon has created a Citizen character called 'Mike Summer'.
22:50:40: Helugon has loaded the character 'Mike Summer'.
22:51:10: Mike Summer says: "П-привет..."
22:51:10: Mike Summer says "П-привет..."
22:51:23: MPF-RCT-4134 has used '/CharSetName MPF-OFC:87712 MPF-RCT-4134'.
