06:53:40: さようなら 男の子 (STEAM_0:0:16839270/95.188.91.45:27005) has connected.
06:54:08: さようなら 男の子 has loaded the character 'Aleit Mauzer'.
06:55:12: Aleit Mauzer has lost a Crossbow 1527924421.
06:55:12: Aleit Mauzer has used '/InvAction use weapon_crossbow 1527924421.00'.
06:55:13: Aleit Mauzer has lost a Фонарик 1527924345.
06:55:13: Aleit Mauzer has used '/InvAction use cw_flashlight 1527924345.00'.
06:55:14: Aleit Mauzer has lost a Парализатор 1527924413.
06:55:14: Aleit Mauzer has used '/InvAction use cw_stunstick 1527924413.00'.
06:55:16: Aleit Mauzer has used '/InvAction use cits_rebel_molle 1527759965.00'.
06:55:17: Aleit Mauzer has used '/InvAction use cits_rebel_legs 1527759841.00'.
06:55:18: Aleit Mauzer has lost a Бронежилет ОТА 1527759978.
06:55:18: Aleit Mauzer has used '/InvAction drop cits_rebel_ota 1527759978.00'.
06:55:20: Aleit Mauzer has gained a Zip Tie 1527930784.
06:57:32: Aleit Mauzer has gained a Маска 'Elite-P2' 1527998252.
06:57:32: Aleit Mauzer has used '/InvAction use cps_mask_ept 1527998252'.
06:57:32: Aleit Mauzer has lost a Маска 'Elite-P2' 1527998252.
06:57:38: Aleit Mauzer has gained a Офицерская униформа 1527998260.
06:57:38: Aleit Mauzer has used '/InvAction use cps_uniform_camo 1527998260'.
06:57:38: Aleit Mauzer has lost a Офицерская униформа 1527998260.
06:57:40: Aleit Mauzer has gained a Офицерская униформа 1527998260.
06:57:43: Aleit Mauzer has used '/InvAction use cps_uniform_camo 1527998260.00'.
06:57:47: Aleit Mauzer has lost a Офицерская униформа 1527998260.
06:57:47: Aleit Mauzer has used '/InvAction drop cps_uniform_camo 1527998260.00'.
06:58:15: Aleit Mauzer has gained a Униформа DvL 1527998303.
06:58:17: Aleit Mauzer has gained a Униформа EpU 1527998305.
06:58:18: Aleit Mauzer has used '/InvAction use cps_uniform_shapecamo 1527998305.00'.
06:58:19: Aleit Mauzer has used '/InvAction use cps_uniform_cc 1527998303.00'.
06:58:21: Aleit Mauzer has lost a Униформа DvL 1527998303.
06:58:21: Aleit Mauzer has used '/InvAction drop cps_uniform_cc 1527998303.00'.
06:58:23: Aleit Mauzer has lost a Униформа EpU 1527998305.
06:58:23: Aleit Mauzer has used '/InvAction drop cps_uniform_shapecamo 1527998305.00'.
07:00:43: Admiral Mendes ✙ (STEAM_0:1:101691655/31.163.57.28:27005) has connected.
07:01:56: Admiral Mendes ✙ has loaded the character 'Николаус Мендес'.
07:02:25: Николаус Мендес has gained a Униформа DvL 1527998563.
07:02:25: Николаус Мендес has used '/InvAction use cps_uniform_cc 1527998563'.
07:02:25: Николаус Мендес has lost a Униформа DvL 1527998563.
07:02:54: Николаус Мендес has lost a Suitcase 1527908373.
07:02:54: Николаус Мендес has used '/InvAction drop cw_suitcase 1527908373.00'.
07:02:56: Николаус Мендес has lost a Импульсная винтовка 1527760760.
07:02:56: Николаус Мендес has used '/InvAction drop weapon_ar2 1527760760.00'.
07:03:10: Николаус Мендес has lost a Импульсная винтовка 1527760752.
07:03:10: Николаус Мендес has used '/InvAction drop weapon_ar2 1527760752.00'.
07:03:20: Николаус Мендес has gained a Офицерская униформа 1527998625.
07:03:23: Николаус Мендес has used '/InvAction use cps_uniform_camo 1527998625.00'.
07:03:24: Николаус Мендес has lost a Офицерская униформа 1527998625.
07:03:24: Николаус Мендес has used '/InvAction drop cps_uniform_camo 1527998625.00'.
07:03:42: Aleit Mauzer (STEAM_0:0:16839270/95.188.91.45:27005) has disconnected.
07:03:44: Николаус Мендес has gained a Униформа Городского Ополчения 1527998650.
07:03:44: Николаус Мендес has used '/InvAction use uniform_goo 1527998650'.
07:03:44: Николаус Мендес has lost a Униформа Городского Ополчения 1527998650.
07:03:50: Николаус Мендес has gained a Униформа Городского Ополчения 1527998650.
07:03:50: Николаус Мендес has used '/InvAction use uniform_goo 1527998650'.
07:03:50: Николаус Мендес has lost a Униформа Городского Ополчения 1527998650.
07:03:57: Николаус Мендес has gained a Униформа 'RedCamo' 1527998664.
07:03:57: Николаус Мендес has used '/InvAction use cps_uniform_rca 1527998664'.
07:03:57: Николаус Мендес has lost a Униформа 'RedCamo' 1527998664.
07:12:17: Николаус Мендес (STEAM_0:1:101691655/31.163.57.28:27005) has disconnected.
09:19:43: null (STEAM_0:1:205574509/95.26.72.30:27005) has connected.
09:25:40: null (STEAM_0:1:205574509/95.26.72.30:27005) has connected.
09:31:50: null has loaded the character 'Мэтью Чернигов'.
09:33:24: Мэтью Чернигов has gained a Импульсная винтовка 1527620021.
09:33:39: Мэтью Чернигов has lost a Импульсная винтовка 1527620021.
09:33:39: Мэтью Чернигов has used '/InvAction use weapon_ar2 1527620021.00'.
09:33:55: Мэтью Чернигов has lost a Импульсная винтовка 1527620021.
09:34:00: Мэтью Чернигов has gained a Импульсная винтовка 1527620021.
09:35:43: Мэтью Чернигов has lost a Suitcase 1528007022.
09:35:43: Мэтью Чернигов has used '/InvAction drop cw_suitcase 1528007022.00'.
09:35:46: Мэтью Чернигов has lost a Импульсная винтовка 1527620021.
09:35:46: Мэтью Чернигов has used '/InvAction drop weapon_ar2 1527620021.00'.
09:36:11: Мэтью Чернигов has used '/CharSearch'.
09:36:46: Мэтью Чернигов has used '/DropTokens 10000'.
09:37:17: Мэтью Чернигов has used '/DropTokens 20'.
09:38:16: Мэтью Чернигов (STEAM_0:1:205574509/95.26.72.30:27005) has disconnected.
09:39:45: null (STEAM_0:1:205574509/95.26.72.30:27005) has connected.
09:41:50: null has deleted the character 'Дмитрий Соколовский'.
09:42:04: null has loaded the character 'Андрей Соколовский'.
09:43:10: Андрей Соколовский (STEAM_0:1:205574509/95.26.72.30:27005) has disconnected.
09:44:37: null (STEAM_0:1:205574509/95.26.72.30:27005) has connected.
09:45:39: null has deleted the character 'Андрей Соколовский'.
09:50:32: null (STEAM_0:1:205574509/95.26.72.30:27005) has connected.
09:52:06: null has loaded the character 'Андрей Соколовский'.
09:53:49: Андрей Соколовский has used '/CharSearch'.
09:53:56: Андрей Соколовский has used '/CharSearch'.
09:53:58: Андрей Соколовский has used '/CharSearch'.
09:54:07: Андрей Соколовский has used '/CharSearch'.
09:54:23: Андрей Соколовский (STEAM_0:1:205574509/95.26.72.30:27005) has disconnected.
09:55:46: null (STEAM_0:1:205574509/95.26.72.30:27005) has connected.
09:56:45: null has loaded the character 'Мэтью Чернигов'.
09:57:35: Мэтью Чернигов (STEAM_0:1:205574509/95.26.72.30:27005) has disconnected.
12:20:19: null (STEAM_0:1:205574509/95.26.72.30:27005) has connected.
12:22:03: null has loaded the character 'Мэтью Чернигов'.
12:22:38: worldspawn has dealt 8509 damage to Мэтью Чернигов, killing them!
12:22:47: worldspawn has dealt 8082 damage to Мэтью Чернигов, killing them!
12:23:57: worldspawn has dealt 5285 damage to Мэтью Чернигов, killing them!
12:24:20: worldspawn has dealt 11950 damage to Мэтью Чернигов, killing them!
12:25:33: Мэтью Чернигов (STEAM_0:1:205574509/95.26.72.30:27005) has disconnected.
12:29:45: null (STEAM_0:1:205574509/95.26.72.30:27005) has connected.
12:30:34: null has loaded the character 'Мэтью Чернигов'.
12:30:51: LogPlayerSpawnModel
12:30:51: LogPlayerSpawnModel
12:31:03: LogPlayerSpawnModel
12:31:03: LogPlayerSpawnModel
12:31:54: Мэтью Чернигов has gained a Импульсная винтовка 1527620021.
12:31:55: Мэтью Чернигов has gained a Suitcase 1528007022.
12:32:42: worldspawn has dealt 7118 damage to Мэтью Чернигов, killing them!
12:33:39: worldspawn has dealt 3984 damage to Мэтью Чернигов, killing them!
12:34:03: Мэтью Чернигов (STEAM_0:1:205574509/95.26.72.30:27005) has disconnected.
20:09:56: Webber [HECURP] (STEAM_0:0:194066091/2.132.71.55:27005) has connected.
20:20:44: Webber [HECURP] has created a Гражданин character called 'Jon_Futinber'.
20:20:44: Webber [HECURP] has loaded the character 'Jon_Futinber'.
20:21:33: [OOC] Jon_Futinber: а шо за ерорки?
20:22:41: Jon_Futinber has used '/InvAction drop cw_suitcase 1528046445.00'.
20:22:43: Jon_Futinber has lost a Suitcase 1528046445.
20:22:43: Jon_Futinber has used '/InvAction use cw_suitcase 1528046445.00'.
20:23:57: Jon_Futinber has used '/CharSearch'.
20:24:02: LogPlayerSpawnModel
20:24:02: LogPlayerSpawnModel
20:24:05: LogPlayerSpawnModel
20:24:05: LogPlayerSpawnModel
20:24:14: LogPlayerSpawnModel
20:24:14: LogPlayerSpawnModel
20:24:37: Jon_Futinber (STEAM_0:0:194066091/2.132.71.55:27005) has disconnected.
21:14:03: Shadow Wing (STEAM_0:1:39002271/46.151.47.214:27005) has connected.
23:00:58: $Angel$ (STEAM_0:1:188955639/85.253.82.201:27006) has connected.
23:03:31: $Angel$ has created a Гражданин character called 'Roma Kalandia'.
23:03:31: $Angel$ has loaded the character 'Roma Kalandia'.
23:25:45: Roma Kalandia (STEAM_0:1:188955639/85.253.82.201:27006) has disconnected.
