05:56:01: さようなら 男の子 (STEAM_0:0:16839270/95.188.91.45:27005) has connected.
05:57:13: Admiral Mendes ✙ (STEAM_0:1:101691655/31.163.57.28:27005) has connected.
05:59:32: Admiral Mendes ✙ has created a Гражданин character called 'Николаус Мендес'.
05:59:32: Admiral Mendes ✙ has loaded the character 'Николаус Мендес'.
05:59:43: LogPlayerSpawnModel
05:59:43: LogPlayerSpawnModel
06:00:02: さようなら 男の子 has created a Гражданин character called 'Aleit Mauzer'.
06:00:02: さようなら 男の子 has loaded the character 'Aleit Mauzer'.
06:01:02: Aleit Mauzer has gained a Импульсная винтовка 1527760762.
06:01:02: Aleit Mauzer has lost a Импульсная винтовка 1527760762.
06:01:02: Aleit Mauzer has used '/InvAction use weapon_ar2 1527760762'.
06:01:05: Aleit Mauzer has gained a Handheld Radio 1527761160.
06:01:06: Николаус Мендес has gained a .357 Magnum 1527760293.
06:01:06: Николаус Мендес has lost a .357 Magnum 1527760293.
06:01:06: Николаус Мендес has used '/InvAction use weapon_357 1527760293'.
06:01:13: Aleit Mauzer has lost a Импульсная винтовка 1527760762.
06:01:13: worldspawn has dealt 6797 damage to Aleit Mauzer, killing them!
06:01:20: Николаус Мендес has gained a Импульсная винтовка 1527760759.
06:01:20: Николаус Мендес has lost a Импульсная винтовка 1527760759.
06:01:20: Николаус Мендес has used '/InvAction use weapon_ar2 1527760759'.
06:01:20: worldspawn has dealt 12668 damage to Aleit Mauzer, killing them!
06:01:23: Николаус Мендес has lost a .357 Magnum 1527760293.
06:01:23: Николаус Мендес has lost a Импульсная винтовка 1527760759.
06:01:23: worldspawn has dealt 12605 damage to Николаус Мендес, killing them!
06:01:30: worldspawn has dealt 8251 damage to Aleit Mauzer, killing them!
06:01:39: Николаус Мендес has used '/StorageClose'.
06:01:42: Николаус Мендес has gained a .357 Magnum 1527760293.
06:01:42: Николаус Мендес has lost a .357 Magnum 1527760293.
06:01:42: Николаус Мендес has used '/InvAction use weapon_357 1527760293'.
06:01:42: Aleit Mauzer says: "!noclip"
06:01:42: Aleit Mauzer says "!noclip"
06:01:44: Николаус Мендес has gained a Импульсная винтовка 1527760752.
06:01:44: Николаус Мендес has lost a Импульсная винтовка 1527760752.
06:01:44: Николаус Мендес has used '/InvAction use weapon_ar2 1527760752'.
06:01:49: Aleit Mauzer has gained a Импульсная винтовка 1527760761.
06:01:49: Aleit Mauzer has lost a Импульсная винтовка 1527760761.
06:01:49: Aleit Mauzer has used '/InvAction use weapon_ar2 1527760761'.
06:01:52: Николаус Мендес has gained a Маска 'OfC-2' 1527760235.
06:01:52: Николаус Мендес has used '/InvAction use cps_mask_off 1527760235'.
06:01:52: Николаус Мендес has lost a Маска 'OfC-2' 1527760235.
06:01:55: Николаус Мендес has gained a Стандартный воротник для головы 1527751605.
06:01:55: Николаус Мендес has used '/InvAction use cps_neck 1527751605'.
06:01:55: Николаус Мендес has lost a Стандартный воротник для головы 1527751605.
06:01:55: Aleit Mauzer has used '/StorageClose'.
06:02:03: Aleit Mauzer has gained a Container Base 1527691724.
06:02:07: Aleit Mauzer has used '/InvAction use container_base 1527691724.00'.
06:02:20: Aleit Mauzer has used '/InvAction use container_base 1527691724.00'.
06:02:21: Aleit Mauzer has lost a Container Base 1527691724.
06:02:21: Aleit Mauzer has used '/InvAction drop container_base 1527691724.00'.
06:02:22: Николаус Мендес has gained a Стандартный воротник для головы 1527751605.
06:02:22: Николаус Мендес has used '/InvAction use cps_neck 1527751605'.
06:02:22: Николаус Мендес has lost a Стандартный воротник для головы 1527751605.
06:02:27: Aleit Mauzer has lost a Импульсная винтовка 1527760761.
06:02:27: worldspawn has dealt 10622 damage to Aleit Mauzer, killing them!
06:02:36: Aleit Mauzer has lost a Suitcase 1527908404.
06:02:36: Aleit Mauzer has used '/InvAction use cw_suitcase 1527908404.00'.
06:02:40: Aleit Mauzer has gained a 9mm Pistol 1527419549.
06:02:40: Aleit Mauzer has used '/InvAction use weapon_pistol 1527419549'.
06:02:40: Aleit Mauzer has lost a 9mm Pistol 1527419549.
06:02:52: Aleit Mauzer has gained a Импульсная винтовка 1527760763.
06:02:52: Aleit Mauzer has lost a Импульсная винтовка 1527760763.
06:02:52: Aleit Mauzer has used '/InvAction use weapon_ar2 1527760763'.
06:03:08: Aleit Mauzer has gained a Маска 'OfC-2' 1527760235.
06:03:08: Aleit Mauzer has used '/InvAction use cps_mask_off 1527760235'.
06:03:08: Aleit Mauzer has lost a Маска 'OfC-2' 1527760235.
06:03:13: Aleit Mauzer has gained a Resistance Uniform 1527751490.
06:03:13: Aleit Mauzer has used '/InvAction use resistance_uniform 1527751490'.
06:03:27: Николаус Мендес has gained a Униформа HELIX 1527908610.
06:03:27: Николаус Мендес has used '/InvAction use cps_uniform_helix 1527908610'.
06:03:27: Николаус Мендес has lost a Униформа HELIX 1527908610.
06:03:29: Aleit Mauzer has gained a Container Base 1527760455.
06:03:32: Aleit Mauzer has lost a Container Base 1527760455.
06:03:32: Aleit Mauzer has used '/InvAction drop container_base 1527760455.00'.
06:03:44: Aleit Mauzer has used '/AnimIdle'.
06:03:51: Aleit Mauzer has lost a Resistance Uniform 1527751490.
06:03:51: Aleit Mauzer has used '/InvAction drop resistance_uniform 1527751490.00'.
06:04:55: Aleit Mauzer has gained a Spray Can 1527760974.
06:05:07: Aleit Mauzer has gained a Medic Uniform 1527759635.
06:05:07: Aleit Mauzer has used '/InvAction use medic_uniform 1527759635'.
06:05:13: Aleit Mauzer has lost a Medic Uniform 1527759635.
06:05:13: Aleit Mauzer has used '/InvAction drop medic_uniform 1527759635.00'.
06:05:18: Aleit Mauzer has gained a Мешочек с арахисом 1527760122.
06:05:18: Николаус Мендес has lost a .357 Magnum 1527760293.
06:05:18: Николаус Мендес has lost a Импульсная винтовка 1527760752.
06:05:18: worldspawn has dealt 1928 damage to Николаус Мендес, killing them!
06:05:30: Aleit Mauzer has gained a Темная куртка лоялиста 1527759925.
06:05:30: Aleit Mauzer has used '/InvAction use cits_loyalist_dark 1527759925'.
06:05:33: worldspawn has dealt 10014 damage to Николаус Мендес, killing them!
06:05:37: Aleit Mauzer has gained a .357 Magnum 1527760293.
06:05:37: Aleit Mauzer has used '/InvAction use weapon_357 1527760293'.
06:05:37: Aleit Mauzer has lost a .357 Magnum 1527760293.
06:05:44: Aleit Mauzer has gained a Пачка чипсов 1527760103.
06:05:44: Aleit Mauzer has lost a Пачка чипсов 1527760103.
06:05:44: Aleit Mauzer has used '/InvAction use fd_chips 1527760103'.
06:05:50: Aleit Mauzer has gained a Спецодежда рабочего 1527759873.
06:05:50: Aleit Mauzer has used '/InvAction use uniform_factory 1527759873'.
06:05:55: Aleit Mauzer has lost a Спецодежда рабочего 1527759873.
06:05:55: Aleit Mauzer has used '/InvAction drop uniform_factory 1527759873.00'.
06:05:55: Aleit Mauzer has used '/InvAction use cits_loyalist_dark 1527759925.00'.
06:06:00: Aleit Mauzer has gained a Респиратор 'Onc-20e' 1527759858.
06:06:00: Aleit Mauzer has used '/InvAction use cps_mask_oncte 1527759858'.
06:06:00: Aleit Mauzer has lost a Респиратор 'Onc-20e' 1527759858.
06:06:15: Aleit Mauzer has gained a .357 Magnum 1527760901.
06:06:15: Aleit Mauzer has used '/InvAction use weapon_357 1527760901'.
06:06:15: Aleit Mauzer has lost a .357 Magnum 1527760901.
06:06:17: Aleit Mauzer has gained a .357 Magnum 1527760901.
06:06:19: Aleit Mauzer has used '/InvAction use weapon_357 1527760901.00'.
06:06:21: Aleit Mauzer has lost a .357 Magnum 1527760901.
06:06:21: Aleit Mauzer has used '/InvAction drop weapon_357 1527760901.00'.
06:06:25: Aleit Mauzer has gained a Униформа повстанцев желтого цвета 1527759734.
06:06:25: Aleit Mauzer has used '/InvAction use cits_rebel2 1527759734'.
06:06:28: Aleit Mauzer has lost a Темная куртка лоялиста 1527759925.
06:06:28: Aleit Mauzer has used '/InvAction drop cits_loyalist_dark 1527759925.00'.
06:06:34: Николаус Мендес has gained a Импульсная винтовка 1527760752.
06:06:34: Николаус Мендес has lost a Импульсная винтовка 1527760752.
06:06:34: Николаус Мендес has used '/InvAction use weapon_ar2 1527760752'.
06:06:34: Aleit Mauzer has gained a Темная куртка лоялиста 1527759925.
06:06:37: Aleit Mauzer has gained a Униформа повстанцев медиков 1527759737.
06:06:37: Aleit Mauzer has used '/InvAction use cits_rebel1_medic 1527759737'.
06:06:38: Николаус Мендес has gained a .357 Magnum 1527760293.
06:06:38: Николаус Мендес has lost a .357 Magnum 1527760293.
06:06:38: Николаус Мендес has used '/InvAction use weapon_357 1527760293'.
06:06:40: Aleit Mauzer has used '/InvAction use cits_rebel1_medic 1527759737.00'.
06:06:43: Aleit Mauzer has used '/AnimIdle'.
06:06:45: Aleit Mauzer has used '/InvAction use cits_rebel2 1527759734.00'.
06:06:47: Aleit Mauzer has used '/InvAction use cits_rebel1_medic 1527759737.00'.
06:06:48: Aleit Mauzer has used '/InvAction use cits_rebel2 1527759734.00'.
06:06:51: Aleit Mauzer has lost a Униформа повстанцев медиков 1527759737.
06:06:51: Aleit Mauzer has used '/InvAction drop cits_rebel1_medic 1527759737.00'.
06:06:59: Aleit Mauzer has gained a Бронежилет повстанцев 1527759965.
06:06:59: Aleit Mauzer has used '/InvAction use cits_rebel_molle 1527759965'.
06:07:01: Aleit Mauzer has used '/AnimIdle'.
06:07:05: Aleit Mauzer has lost a Униформа повстанцев желтого цвета 1527759734.
06:07:05: Aleit Mauzer has used '/InvAction drop cits_rebel2 1527759734.00'.
06:07:10: Aleit Mauzer has gained a Стандартный воротник для головы 1527759877.
06:07:10: Aleit Mauzer has used '/InvAction use cps_neck 1527759877'.
06:07:10: Aleit Mauzer has lost a Стандартный воротник для головы 1527759877.
06:07:17: Aleit Mauzer has lost a Handheld Radio 1527761160.
06:07:17: Aleit Mauzer has used '/InvAction drop handheld_radio 1527761160.00'.
06:07:17: Aleit Mauzer has lost a Мешочек с арахисом 1527760122.
06:07:17: Aleit Mauzer has used '/InvAction use fd_peanuts 1527760122.00'.
06:07:20: Aleit Mauzer has gained a Стандартный воротник для головы 1527759877.
06:07:21: Aleit Mauzer has used '/InvAction use cps_neck 1527759877.00'.
06:07:23: Aleit Mauzer has lost a Стандартный воротник для головы 1527759877.
06:07:23: Aleit Mauzer has used '/InvAction drop cps_neck 1527759877.00'.
06:07:28: Николаус Мендес (STEAM_0:1:101691655/31.163.57.28:27005) has disconnected.
06:07:30: Aleit Mauzer has gained a Респиратор 'Onc-20e' 1527759858.
06:07:31: Aleit Mauzer has used '/InvAction use cps_mask_oncte 1527759858.00'.
06:07:34: Aleit Mauzer has lost a Респиратор 'Onc-20e' 1527759858.
06:07:34: Aleit Mauzer has used '/InvAction drop cps_mask_oncte 1527759858.00'.
06:07:41: Aleit Mauzer has gained a Синие штаны повстанцев 1527759943.
06:07:41: Aleit Mauzer has used '/InvAction use cits_rebel2_legs 1527759943'.
06:07:44: Aleit Mauzer has used '/AnimIdle'.
06:07:49: Aleit Mauzer has used '/InvAction use cits_rebel2_legs 1527759943.00'.
06:07:51: Aleit Mauzer has lost a Синие штаны повстанцев 1527759943.
06:07:51: Aleit Mauzer has used '/InvAction drop cits_rebel2_legs 1527759943.00'.
06:07:56: Aleit Mauzer has gained a Старые темные джинсы 1527759841.
06:07:56: Aleit Mauzer has used '/InvAction use cits_rebel_legs 1527759841'.
06:07:59: Aleit Mauzer has used '/AnimPant'.
06:08:03: Aleit Mauzer has used '/AnimIdle'.
06:08:12: Aleit Mauzer has used '/StorageClose'.
06:08:18: Aleit Mauzer has lost a Suitcase 1527908404.
06:08:18: Aleit Mauzer has lost a Импульсная винтовка 1527760763.
06:08:18: worldspawn has dealt 16632 damage to Aleit Mauzer, killing them!
06:08:49: LogPlayerSpawnModel
06:08:49: LogPlayerSpawnModel
06:09:48: Aleit Mauzer has gained a Импульсная винтовка 1527760763.
06:09:48: Aleit Mauzer has lost a Импульсная винтовка 1527760763.
06:09:48: Aleit Mauzer has used '/InvAction use weapon_ar2 1527760763'.
06:09:56: Aleit Mauzer has gained a Shotgun 1527440938.
06:09:56: Aleit Mauzer has used '/InvAction use weapon_shotgun 1527440938'.
06:09:56: Aleit Mauzer has lost a Shotgun 1527440938.
06:10:40: Aleit Mauzer has gained a Crowbar 1527421141.
06:10:40: Aleit Mauzer has used '/InvAction use sxbase_crowbar 1527421141'.
06:10:40: Aleit Mauzer has lost a Crowbar 1527421141.
06:12:45: Admiral Mendes ✙ (STEAM_0:1:101691655/31.163.57.28:27005) has connected.
06:13:07: Aleit Mauzer has gained a Boxed Backpack 1527909192.
06:13:07: Aleit Mauzer has used '/InvAction use boxed_backpack 1527909192'.
06:13:07: Aleit Mauzer has lost a Boxed Backpack 1527909192.
06:13:11: Aleit Mauzer has lost a Spray Can 1527760974.
06:13:11: Aleit Mauzer has used '/InvAction drop spray_can 1527760974.00'.
06:13:12: Aleit Mauzer has gained a Boxed Backpack 1527909192.
06:13:12: Aleit Mauzer has used '/InvAction use boxed_backpack 1527909192'.
06:13:12: Aleit Mauzer has lost a Boxed Backpack 1527909192.
06:13:13: Aleit Mauzer has gained a Boxed Backpack 1527909192.
06:13:15: Aleit Mauzer has used '/InvAction use boxed_backpack 1527909192.00'.
06:13:17: Aleit Mauzer has lost a Boxed Backpack 1527909192.
06:13:17: Aleit Mauzer has used '/InvAction drop boxed_backpack 1527909192.00'.
06:13:22: Aleit Mauzer has gained a Small Bag 1527909210.
06:13:32: Aleit Mauzer has gained a Парализатор 1527909220.
06:13:32: Aleit Mauzer has lost a Парализатор 1527909220.
06:13:32: Aleit Mauzer has used '/InvAction use cw_stunstick 1527909220'.
06:13:35: Admiral Mendes ✙ has loaded the character 'Николаус Мендес'.
06:13:46: Aleit Mauzer has gained a Grenade 1527909237.
06:13:46: Aleit Mauzer has used '/InvAction use weapon_frag 1527909237'.
06:13:46: Aleit Mauzer has lost a Grenade 1527909237.
06:13:49: Aleit Mauzer has gained a Grenade 1527909237.
06:13:50: Aleit Mauzer has used '/InvAction use weapon_frag 1527909237.00'.
06:14:06: Николаус Мендес has gained a Импульсная винтовка 1527760761.
06:14:06: Николаус Мендес has lost a Импульсная винтовка 1527760761.
06:14:06: Николаус Мендес has used '/InvAction use weapon_ar2 1527760761'.
06:14:27: Aleit Mauzer has gained a Офицерская униформа 1527909280.
06:14:27: Aleit Mauzer has used '/InvAction use cps_uniform_camo 1527909280'.
06:14:27: Aleit Mauzer has lost a Офицерская униформа 1527909280.
06:14:37: Aleit Mauzer has gained a Офицерская униформа 1527909291.
06:14:37: Aleit Mauzer has used '/InvAction use cps_uniform_camo 1527909291'.
06:14:37: Aleit Mauzer has lost a Офицерская униформа 1527909291.
06:14:38: Aleit Mauzer has gained a Офицерская униформа 1527909291.
06:14:39: Aleit Mauzer has used '/InvAction use cps_uniform_camo 1527909291.00'.
06:14:42: Aleit Mauzer has used '/InvAction use cps_uniform_camo 1527909291.00'.
06:14:44: Aleit Mauzer has lost a Офицерская униформа 1527909291.
06:14:44: Aleit Mauzer has used '/InvAction drop cps_uniform_camo 1527909291.00'.
06:15:21: Aleit Mauzer has gained a Траншейное пальто 1527909339.
06:15:23: Aleit Mauzer has used '/InvAction use cps_trenchcoat 1527909339.00'.
06:15:24: Aleit Mauzer has lost a Траншейное пальто 1527909339.
06:15:24: Aleit Mauzer has used '/InvAction drop cps_trenchcoat 1527909339.00'.
06:15:36: Aleit Mauzer has gained a Униформа Городского Ополчения 1527909358.
06:15:36: Aleit Mauzer has used '/InvAction use uniform_goo 1527909358'.
06:15:36: Aleit Mauzer has lost a Униформа Городского Ополчения 1527909358.
06:15:45: Николаус Мендес has lost a Импульсная винтовка 1527760761.
06:15:45: worldspawn has dealt 14409 damage to Николаус Мендес, killing them!
06:15:53: Aleit Mauzer says: "!tp"
06:15:53: Aleit Mauzer says "!tp"
06:15:58: [LOOC] Aleit Mauzer: ha
06:15:58: [LOOC] Aleit Mauzer: ha
06:15:58: [LOOC] Aleit Mauzer: ha
06:16:15: Николаус Мендес has gained a Импульсная винтовка 1527760760.
06:16:15: Николаус Мендес has lost a Импульсная винтовка 1527760760.
06:16:15: Николаус Мендес has used '/InvAction use weapon_ar2 1527760760'.
06:16:19: Николаус Мендес has lost a .357 Magnum 1527760293.
06:16:19: Николаус Мендес has used '/InvAction use weapon_357 1527760293.00'.
06:16:20: Николаус Мендес has used '/InvAction use weapon_ar2 1527760752.00'.
06:16:46: Николаус Мендес has gained a Union Card 1527909428.
06:16:54: Aleit Mauzer has lost a Grenade 1527909237.
06:16:54: Aleit Mauzer has used '/InvAction drop weapon_frag 1527909237.00'.
06:16:56: Aleit Mauzer has gained a Crossbow 1527909434.
06:16:58: Aleit Mauzer has used '/InvAction use weapon_crossbow 1527909434.00'.
06:17:02: Aleit Mauzer has lost a Импульсная винтовка 1527760763.
06:17:04: Aleit Mauzer has lost a Crossbow 1527909434.
06:17:04: Aleit Mauzer has used '/InvAction use weapon_crossbow 1527909434.00'.
06:17:19: Aleit Mauzer has gained a Crossbow Bolts 1527909466.
06:17:19: Aleit Mauzer has lost a Crossbow Bolts 1527909466.
06:17:19: Aleit Mauzer has used '/InvAction use ammo_xbowbolt 1527909466'.
06:17:21: Aleit Mauzer has gained a Crossbow Bolts 1527909470.
06:17:21: Aleit Mauzer has lost a Crossbow Bolts 1527909470.
06:17:21: Aleit Mauzer has used '/InvAction use ammo_xbowbolt 1527909470'.
06:17:27: Aleit Mauzer has gained a Crossbow Bolts 1527909476.
06:17:27: Aleit Mauzer has lost a Crossbow Bolts 1527909476.
06:17:27: Aleit Mauzer has used '/InvAction use ammo_xbowbolt 1527909476'.
06:17:31: Aleit Mauzer has gained a Импульсная винтовка 1527760763.
06:17:31: Aleit Mauzer has used '/InvAction use weapon_ar2 1527760763'.
06:17:31: Aleit Mauzer has lost a Импульсная винтовка 1527760763.
06:17:59: Aleit Mauzer has lost a Small Bag 1527909210.
06:17:59: Aleit Mauzer has used '/InvAction drop small_bag 1527909210.00'.
06:18:00: Aleit Mauzer has gained a Рюкзак 1527909501.
06:19:31: Aleit Mauzer says: "И тут открыто типо"
06:19:31: Aleit Mauzer says "И тут открыто типо"
06:19:57: [LOOC] Aleit Mauzer: Се. Рпшим
06:19:57: [LOOC] Aleit Mauzer: Се. Рпшим
06:19:57: [LOOC] Aleit Mauzer: Се. Рпшим
06:20:28: Николаус Мендес says: "Твою мать.."
06:20:28: Николаус Мендес says "Твою мать.."
06:20:35: Aleit Mauzer has used '/AnimSitWall'.
06:20:42: Aleit Mauzer has used '/AnimPant'.
06:21:12: Николаус Мендес has used '/Me выбравшись из машины, вскинул свой АР-2 и осмотрел ее. Машина дымила и двигатель заглох'.
06:21:37: Aleit Mauzer has gained a Фонарик 1527909728.
06:21:37: Aleit Mauzer has lost a Фонарик 1527909728.
06:21:37: Aleit Mauzer has used '/InvAction use cw_flashlight 1527909728'.
06:21:49: Aleit Mauzer has used '/AnimPant'.
06:22:21: Николаус Мендес says: "Какого х....*вскинув свою винтовку, нацелился на девушку* Ни с места."
06:22:21: Николаус Мендес says "Какого х....*вскинув свою винтовку, нацелился на девушку* Ни с места."
06:23:27: Aleit Mauzer says: "А? *Встав в настороженную позу произнесла девушка, после чего обернулась на голос, и заметив винтовку в руках незнакомца приподняла руки перед собой.*"
06:23:27: Aleit Mauzer says "А? *Встав в настороженную позу произнесла девушка, после чего обернулась на голос, и заметив винтовку в руках незнакомца приподняла руки перед собой.*"
06:23:35: Aleit Mauzer has used '/AnimATW'.
06:23:38: Aleit Mauzer has used '/AnimATW'.
06:23:46: Николаус Мендес says: "Кто ты? *произнес, подойдя ближе* Не похожа на Комбайнов.."
06:23:46: Николаус Мендес says "Кто ты? *произнес, подойдя ближе* Не похожа на Комбайнов.."
06:23:47: Aleit Mauzer has used '/AnimLean Normal'.
06:24:03: Aleit Mauzer says: "Я сбежала недавно! Не стреляй!"
06:24:03: Aleit Mauzer says "Я сбежала недавно! Не стреляй!"
06:24:19: Николаус Мендес says: "Не лучшее ты выбрала место для прогулки. Опасно тут."
06:24:19: Николаус Мендес says "Не лучшее ты выбрала место для прогулки. Опасно тут."
06:24:32: Николаус Мендес says: "Зачем сбежала? Все же свалили в Сити-24."
06:24:32: Николаус Мендес says "Зачем сбежала? Все же свалили в Сити-24."
06:24:45: Aleit Mauzer says: "Да я.. Смотрела может что найду в мусоре.. "
06:24:45: Aleit Mauzer says "Да я.. Смотрела может что найду в мусоре.. "
06:24:56: Aleit Mauzer says: "Меньше народу, больше кислороду."
06:24:56: Aleit Mauzer says "Меньше народу, больше кислороду."
06:24:59: Николаус Мендес says: "Променяла нормальную жизнь на мусор?"
06:24:59: Николаус Мендес says "Променяла нормальную жизнь на мусор?"
06:25:11: Aleit Mauzer says: "А сам то?"
06:25:11: Aleit Mauzer says "А сам то?"
06:25:19: Николаус Мендес says: "Я отдельная тема."
06:25:19: Николаус Мендес says "Я отдельная тема."
06:25:30: Николаус Мендес says: "Ну-ка подойди."
06:25:30: Николаус Мендес says "Ну-ка подойди."
06:25:33: Aleit Mauzer says: "Зачем?"
06:25:33: Aleit Mauzer says "Зачем?"
06:25:52: Aleit Mauzer has used '/CharPhysDesc'.
06:25:56: Николаус Мендес says: "Быстро! *рявкнул тот и приподняв винтовку, выстрелил у нее над головой*"
06:25:56: Николаус Мендес says "Быстро! *рявкнул тот и приподняв винтовку, выстрелил у нее над головой*"
06:26:03: Aleit Mauzer has used '/CharPhysDesc Girl in resistance armor, Approximately 28 y.o., Slim body, Large breasts, Elastic ass, Hopeless look. '.
06:26:31: Aleit Mauzer has used '/Me вздрогнув от неожиданного выстрела, все еще держа руки перед собой, сделала пару шажков в сторону незнакомца.'.
06:26:37: Николаус Мендес (STEAM_0:1:101691655/31.163.57.28:27005) has disconnected.
06:26:41: Aleit Mauzer has used '/CharPhysDesc'.
06:27:59: Aleit Mauzer has used '/CharPhysDesc Girl in resistance armor | Approximately 28 y.o. | H. ~170cm | W. ~50kg | Slim body | Large breasts | Elastic ass | Hopeless look.            '.
06:28:25: Aleit Mauzer has used '/InvAction use cits_rebel_molle 1527759965.00'.
06:28:26: Aleit Mauzer has used '/InvAction use cits_rebel_legs 1527759841.00'.
06:28:48: Aleit Mauzer has gained a Combine Lock 1527738406.
06:28:48: Aleit Mauzer has lost a Combine Lock 1527738406.
06:28:48: Aleit Mauzer has used '/InvAction use combine_lock 1527738406'.
06:30:38: Aleit Mauzer (STEAM_0:0:16839270/95.188.91.45:27005) has disconnected.
06:31:10: Admiral Mendes ✙ (STEAM_0:1:101691655/31.163.57.28:27005) has connected.
06:34:02: Admiral Mendes ✙ has loaded the character 'Николаус Мендес'.
06:35:30: Николаус Мендес has lost a .357 Magnum 1527760293.
06:35:30: Николаус Мендес has used '/InvAction use weapon_357 1527760293.00'.
06:35:33: Николаус Мендес has lost a Импульсная винтовка 1527760752.
06:35:33: Николаус Мендес has used '/InvAction use weapon_ar2 1527760752.00'.
06:36:40: さようなら 男の子 (STEAM_0:0:16839270/95.188.91.45:27005) has connected.
06:37:15: さようなら 男の子 has loaded the character 'Aleit Mauzer'.
06:37:22: Aleit Mauzer has lost a Фонарик 1527909728.
06:37:22: Aleit Mauzer has used '/InvAction use cw_flashlight 1527909728.00'.
06:37:23: Aleit Mauzer has lost a Парализатор 1527909220.
06:37:23: Aleit Mauzer has used '/InvAction use cw_stunstick 1527909220.00'.
06:37:24: Aleit Mauzer has lost a Crossbow 1527909434.
06:37:24: Aleit Mauzer has used '/InvAction use weapon_crossbow 1527909434.00'.
06:37:55: Aleit Mauzer has gained a Breach 1527909444.
06:38:40: ThEУпОроТаЯMыШь[OUD] (STEAM_0:1:146590024/188.244.137.16:64462) has connected.
06:38:49: Aleit Mauzer has used '/Me вздрогнув от неожиданного выстрела, все так же с поднятыми руками перед собой, сделала пару шажков к незнакомцу'.
06:39:33: Николаус Мендес has used '/Me приблизившись к девушке, упер ствол АР-2 ей в грудь, а левой рукой, облаченной в кожаную перчатку, взялся за ее щечки и сжал их, осматривая лицо'.
06:39:47: Николаус Мендес says: "Внешность такую видел обычно у ГэОшниц."
06:39:47: Николаус Мендес says "Внешность такую видел обычно у ГэОшниц."
06:39:59: Aleit Mauzer says: "Причем тут они?"
06:39:59: Aleit Mauzer says "Причем тут они?"
06:40:16: Николаус Мендес says: "Слишком ухоженная. И фигура вполне..."
06:40:16: Николаус Мендес says "Слишком ухоженная. И фигура вполне..."
06:40:49: Николаус Мендес says: "Либо дезертирка..Либо мне показалось."
06:40:49: Николаус Мендес says "Либо дезертирка..Либо мне показалось."
06:41:17: Aleit Mauzer has used '/It Девушка лишь стояла перед мужчиной, с возмущенным лицом.'.
06:41:26: Николаус Мендес says: "Ошибся?"
06:41:26: Николаус Мендес says "Ошибся?"
06:41:34: Aleit Mauzer says: "Сам как думаешь?"
06:41:34: Aleit Mauzer says "Сам как думаешь?"
06:42:16: Николаус Мендес says: "Хмм...Похоже на то...*девушка могла почувствовать, как ей в ляжку что-то уперлось из паховой части мужчины*"
06:42:16: Николаус Мендес says "Хмм...Похоже на то...*девушка могла почувствовать, как ей в ляжку что-то уперлось из паховой части мужчины*"
06:42:20: ThEУпОроТаЯMыШь[OUD] has created a Гражданин character called 'Джон Уиллиамс'.
06:42:20: ThEУпОроТаЯMыШь[OUD] has loaded the character 'Джон Уиллиамс'.
06:43:13: LogPlayerSpawnModel
06:43:13: LogPlayerSpawnModel
06:43:27: Aleit Mauzer says: "Что за? *Переведя взгляд на свою ногу промолвила девушка, после чего вновь сделала возмущенное лицо и произнесла:"Извращенец..""
06:43:27: Aleit Mauzer says "Что за? *Переведя взгляд на свою ногу промолвила девушка, после чего вновь сделала возмущенное лицо и произнесла:"Извращенец..""
06:43:32: Джон Уиллиамс has lost a Suitcase 1527910977.
06:43:32: Джон Уиллиамс has used '/InvAction use cw_suitcase 1527910977.00'.
06:43:54: Николаус Мендес says: "С чего бы?"
06:43:54: Николаус Мендес says "С чего бы?"
06:44:33: Aleit Mauzer says: "А то что у тебя хер упирается в мою ногу ничего?"
06:44:33: Aleit Mauzer says "А то что у тебя хер упирается в мою ногу ничего?"
06:44:46: [OOC] Джон Уиллиамс: Где тут контент можно закачать?
06:44:50: [LOOC] Aleit Mauzer: lol
06:44:50: [LOOC] Aleit Mauzer: lol
06:44:50: [LOOC] Aleit Mauzer: lol
06:44:58: [OOC] Aleit Mauzer: Сервер dead.
06:45:15: Николаус Мендес says: "Если тебе не нравится...Можешь сама помочь его успокоить..*сжав ее щечки, сузил тем самым ее губки в трубочку и смехнулся*"
06:45:15: Николаус Мендес says "Если тебе не нравится...Можешь сама помочь его успокоить..*сжав ее щечки, сузил тем самым ее губки в трубочку и смехнулся*"
06:45:23: Джон Уиллиамс has gained a Груша 1527772953.
06:45:26: Джон Уиллиамс has gained a Container Base 1527772898.
06:45:32: Джон Уиллиамс has used '/InvAction use container_base 1527772898.00'.
06:45:56: Aleit Mauzer says: "Отпуфти меня! *Довольно забавно произнесла девушка, ведь ее губы были сжаты*"
06:45:56: Aleit Mauzer says "Отпуфти меня! *Довольно забавно произнесла девушка, ведь ее губы были сжаты*"
06:46:13: Джон Уиллиамс (STEAM_0:1:146590024/188.244.137.16:64462) has disconnected.
06:46:22: Николаус Мендес (STEAM_0:1:101691655/31.163.57.28:27005) has disconnected.
06:48:43: Aleit Mauzer has gained a Boxed Backpack 1527760464.
06:48:43: Aleit Mauzer has used '/InvAction use boxed_backpack 1527760464'.
06:48:43: Aleit Mauzer has lost a Boxed Backpack 1527760464.
06:50:43: Admiral Mendes ✙ (STEAM_0:1:101691655/31.163.57.28:27005) has connected.
06:51:23: Admiral Mendes ✙ has loaded the character 'Николаус Мендес'.
06:51:32: Aleit Mauzer has gained a Пищевые добавки 1527760106.
06:51:32: Aleit Mauzer has gained a Пустая банка от пищевых добавок 1527911530.
06:51:32: Aleit Mauzer has lost a Пищевые добавки 1527760106.
06:51:32: Aleit Mauzer has used '/InvAction use citizen_supplements 1527760106'.
06:51:42: Aleit Mauzer has gained a Сардины 1527760118.
06:51:42: Aleit Mauzer has lost a Сардины 1527760118.
06:51:42: Aleit Mauzer has used '/InvAction use fd_sardins 1527760118'.
06:51:54: Aleit Mauzer has gained a Бронежилет ОТА 1527759978.
06:51:58: Николаус Мендес (STEAM_0:1:101691655/31.163.57.28:27005) has disconnected.
06:52:12: Aleit Mauzer has gained a Large Soda 1527761095.
06:52:12: Aleit Mauzer has gained a Пустая пластиковая бутылка 1527911571.
06:52:12: Aleit Mauzer has lost a Large Soda 1527761095.
06:52:12: Aleit Mauzer has used '/InvAction use large_soda 1527761095'.
06:52:15: Aleit Mauzer has gained a Smooth Breen's Water 1527761099.
06:52:15: Aleit Mauzer has lost a Smooth Breen's Water 1527761099.
06:52:15: Aleit Mauzer has used '/InvAction use smooth_breen_s_water 1527761099'.
06:52:19: Aleit Mauzer has lost a Пустая пластиковая бутылка 1527911571.
06:52:19: Aleit Mauzer has used '/InvAction drop empty_plastic_large_soda 1527911571.00'.
06:52:20: Aleit Mauzer has lost a Пустая банка от пищевых добавок 1527911530.
06:52:20: Aleit Mauzer has used '/InvAction drop empty_plastic_supplements 1527911530.00'.
06:53:23: Aleit Mauzer has gained a Whiskey 1527909170.
06:53:23: Aleit Mauzer has lost a Whiskey 1527909170.
06:53:23: Aleit Mauzer has used '/InvAction use whiskey 1527909170'.
06:55:10: Aleit Mauzer has gained a Union Card 1527417295.
06:56:27: Aleit Mauzer has used '/AnimIdle'.
06:56:32: Aleit Mauzer has used '/InvAction use cits_rebel_molle 1527759965.00'.
06:56:33: Aleit Mauzer has used '/InvAction use cits_rebel_legs 1527759841.00'.
06:56:34: Aleit Mauzer has used '/InvAction use cits_rebel_ota 1527759978.00'.
06:56:37: Aleit Mauzer has used '/InvAction use cits_rebel_molle 1527759965.00'.
06:56:44: Admiral Mendes ✙ (STEAM_0:1:101691655/31.163.57.28:27005) has connected.
06:57:46: Admiral Mendes ✙ has loaded the character 'Николаус Мендес'.
06:58:09: Николаус Мендес has lost a .357 Magnum 1527760293.
06:58:09: Николаус Мендес has used '/InvAction use weapon_357 1527760293.00'.
06:58:10: Николаус Мендес has lost a Импульсная винтовка 1527760752.
06:58:10: Николаус Мендес has used '/InvAction use weapon_ar2 1527760752.00'.
06:59:02: Aleit Mauzer says: "Отпуфти меня! *Довольно забавно произнесла девушка, ведь ее губы были сжаты*"
06:59:02: Aleit Mauzer says "Отпуфти меня! *Довольно забавно произнесла девушка, ведь ее губы были сжаты*"
06:59:38: Николаус Мендес says: "Мхм...А ведь это мысль...На такую девочку я бы спустил...Садись на коленки..."
06:59:38: Николаус Мендес says "Мхм...А ведь это мысль...На такую девочку я бы спустил...Садись на коленки..."
07:00:15: Aleit Mauzer says: "Отвали! *Произнесла девушка, после чего оттолкнула незнакомца от себя*"
07:00:15: Aleit Mauzer says "Отвали! *Произнесла девушка, после чего оттолкнула незнакомца от себя*"
07:00:42: Николаус Мендес has used '/Me нацелив ствол АР-2 на девушку, произнес'.
07:00:48: Николаус Мендес says: "Давай лучше по хорошему..."
07:00:48: Николаус Мендес says "Давай лучше по хорошему..."
07:00:56: Николаус Мендес says: "Делай что говорят."
07:00:56: Николаус Мендес says "Делай что говорят."
07:01:01: Aleit Mauzer says: "Нет! Отвали от меня извращенец!"
07:01:01: Aleit Mauzer says "Нет! Отвали от меня извращенец!"
07:01:11: Aleit Mauzer has used '/It Отходя назад проговорила девушка.'.
07:01:27: Николаус Мендес has used '/Me опустив ствол вниз, выдал небольшую очередь прямо около ее ног'.
07:01:35: Николаус Мендес says: "Быстро, сука!"
07:01:35: Николаус Мендес says "Быстро, сука!"
07:01:41: Aleit Mauzer has used '/It Сколько именно пуль?'.
07:01:46: Николаус Мендес says: "Штук 6."
07:01:46: Николаус Мендес says "Штук 6."
07:01:48: [LOOC] Николаус Мендес: void
07:01:48: [LOOC] Николаус Мендес: void
07:01:48: [LOOC] Николаус Мендес: void
07:01:52: Николаус Мендес has used '/It Штук 6 примерно.'.
07:01:55: Aleit Mauzer (STEAM_0:0:16839270/95.188.91.45:27005) has disconnected.
07:05:41: さようなら 男の子 (STEAM_0:0:16839270/95.188.91.45:27005) has connected.
07:08:22: Николаус Мендес (STEAM_0:1:101691655/31.163.57.28:27005) has disconnected.
09:55:13: さようなら 男の子 (STEAM_0:0:16839270/95.188.91.45:27005) has connected.
09:56:38: さようなら 男の子 has loaded the character 'Aleit Mauzer'.
09:56:43: Aleit Mauzer has lost a Парализатор 1527909220.
09:56:43: Aleit Mauzer has used '/InvAction use cw_stunstick 1527909220.00'.
09:56:44: Aleit Mauzer has lost a Фонарик 1527909728.
09:56:44: Aleit Mauzer has used '/InvAction use cw_flashlight 1527909728.00'.
09:56:45: Aleit Mauzer has lost a Crossbow 1527909434.
09:56:45: Aleit Mauzer has used '/InvAction use weapon_crossbow 1527909434.00'.
09:56:46: Aleit Mauzer has used '/InvAction use cits_rebel_molle 1527759965.00'.
09:56:47: Aleit Mauzer has used '/InvAction use cits_rebel_legs 1527759841.00'.
09:57:00: Aleit Mauzer (STEAM_0:0:16839270/95.188.91.45:27005) has disconnected.
09:57:20: Admiral Mendes ✙ (STEAM_0:1:101691655/31.163.57.28:27005) has connected.
10:00:06: さようなら 男の子 (STEAM_0:0:16839270/95.188.91.45:27005) has connected.
10:00:49: さようなら 男の子 has loaded the character 'Aleit Mauzer'.
10:01:01: Admiral Mendes ✙ has loaded the character 'Николаус Мендес'.
10:01:18: Николаус Мендес has lost a .357 Magnum 1527760293.
10:01:18: Николаус Мендес has used '/InvAction use weapon_357 1527760293.00'.
10:01:19: Николаус Мендес has lost a Импульсная винтовка 1527760752.
10:01:19: Николаус Мендес has used '/InvAction use weapon_ar2 1527760752.00'.
10:01:30: Николаус Мендес (STEAM_0:1:101691655/31.163.57.28:27005) has disconnected.
10:06:12: Admiral Mendes ✙ (STEAM_0:1:101691655/31.163.57.28:27005) has connected.
10:06:38: Aleit Mauzer has lost a Фонарик 1527909728.
10:06:38: Aleit Mauzer has used '/InvAction use cw_flashlight 1527909728.00'.
10:07:14: Admiral Mendes ✙ has loaded the character 'Николаус Мендес'.
10:07:21: Aleit Mauzer says: "Oh no"
10:10:04: Aleit Mauzer has lost a Фонарик 1527909728.
10:10:04: worldspawn has dealt 7511 damage to Aleit Mauzer, killing them!
10:10:32: Aleit Mauzer has gained a Яблоко 1527772968.
10:10:32: Aleit Mauzer has lost a Яблоко 1527772968.
10:10:32: Aleit Mauzer has used '/InvAction use fd_apple 1527772968'.
10:10:34: Aleit Mauzer has gained a Мешочек с арахисом 1527772955.
10:10:34: Aleit Mauzer has lost a Мешочек с арахисом 1527772955.
10:10:34: Aleit Mauzer has used '/InvAction use fd_peanuts 1527772955'.
10:11:15: Aleit Mauzer has lost a Парализатор 1527909220.
10:11:15: Aleit Mauzer has used '/InvAction use cw_stunstick 1527909220.00'.
10:11:16: Aleit Mauzer has lost a Crossbow 1527909434.
10:11:16: Aleit Mauzer has used '/InvAction use weapon_crossbow 1527909434.00'.
10:11:17: Aleit Mauzer has used '/InvAction use cits_rebel_legs 1527759841.00'.
10:11:17: Aleit Mauzer has used '/InvAction use cits_rebel_molle 1527759965.00'.
10:11:21: Николаус Мендес has lost a .357 Magnum 1527760293.
10:11:21: Николаус Мендес has used '/InvAction use weapon_357 1527760293.00'.
10:11:22: Николаус Мендес has lost a Импульсная винтовка 1527760752.
10:11:22: Николаус Мендес has used '/InvAction use weapon_ar2 1527760752.00'.
10:11:50: Aleit Mauzer has gained a Фонарик 1527923510.
10:11:50: Aleit Mauzer has lost a Фонарик 1527923510.
10:11:50: Aleit Mauzer has used '/InvAction use cw_flashlight 1527923510'.
10:12:15: Николаус Мендес says: "Давай лучше по хорошему...*приподняв ствол АР-2, продолжил* Быстро, сука!"
10:12:15: Николаус Мендес says "Давай лучше по хорошему...*приподняв ствол АР-2, продолжил* Быстро, сука!"
10:12:26: Aleit Mauzer says: "Отвали извращенец!"
10:12:26: Aleit Mauzer says "Отвали извращенец!"
10:12:38: Aleit Mauzer says: "** Пятясь назад произнесла девушка."
10:12:38: Aleit Mauzer says "** Пятясь назад произнесла девушка."
10:13:00: Николаус Мендес has used '/Me повесив АР-2 за спину, взялся за рукоятку Магнума и достав его, подошел к девушке, после чего левой рукой схватил ее за горло'.
10:13:58: Aleit Mauzer has used '/Me начала бить по руке незнакомца, иногда постукивая по плечу держащей ее руки. Сжимал ли мужчина ее горло? Пытался ли он ее задушить?'.
10:14:08: Николаус Мендес has used '/It Слегка пытался'.
10:14:14: Aleit Mauzer says: "От-пу-сти!"
10:14:14: Aleit Mauzer says "От-пу-сти!"
10:14:51: Николаус Мендес says: "Сладкая девочка...Неужели тебе сложно? Не сделаешь это...Просто поставлю раком и трахну насухую....А так ты просто сделаешь мне приятно..."
10:14:51: Николаус Мендес says "Сладкая девочка...Неужели тебе сложно? Не сделаешь это...Просто поставлю раком и трахну насухую....А так ты просто сделаешь мне приятно..."
10:15:31: Aleit Mauzer says: "От-вали! Чертов.. Извращенец! *Немного прирывисто, и тяжело дыша произнесла девушка.*"
10:15:31: Aleit Mauzer says "От-вали! Чертов.. Извращенец! *Немного прирывисто, и тяжело дыша произнесла девушка.*"
10:16:13: Николаус Мендес has used '/Me приблизившись лицом к ее щеке, медленно провел языком вдоль ее щеки. Сама же девушка почувствовала, как об ее промежность трется ствол Магнума*'.
10:16:55: Aleit Mauzer says: "Не-еет! Отвали! *Начав дрыгать ногами проговорила девушка.*"
10:16:55: Aleit Mauzer says "Не-еет! Отвали! *Начав дрыгать ногами проговорила девушка.*"
10:17:31: Николаус Мендес (STEAM_0:1:101691655/31.163.57.28:27005) has disconnected.
10:21:27: Aleit Mauzer has lost a Парализатор 1527909220.
10:21:27: Aleit Mauzer has lost a Crossbow 1527909434.
10:21:27: Aleit Mauzer has lost a Фонарик 1527923510.
10:21:27: worldspawn has dealt 3680 damage to Aleit Mauzer, killing them!
10:21:55: Admiral Mendes ✙ (STEAM_0:1:101691655/31.163.57.28:27005) has connected.
10:23:34: Admiral Mendes ✙ has loaded the character 'Николаус Мендес'.
10:25:08: LogPlayerSpawnModel
10:25:08: LogPlayerSpawnModel
10:25:15: LogPlayerSpawnModel
10:25:15: LogPlayerSpawnModel
10:25:45: Aleit Mauzer has gained a Фонарик 1527924345.
10:26:05: Aleit Mauzer has gained a Crossbow 1527924368.
10:26:05: Aleit Mauzer has lost a Crossbow 1527924368.
10:26:05: Aleit Mauzer has used '/InvAction use weapon_crossbow 1527924368'.
10:26:15: Aleit Mauzer has gained a Crossbow Bolts 1527924380.
10:26:15: Aleit Mauzer has lost a Crossbow Bolts 1527924380.
10:26:15: Aleit Mauzer has used '/InvAction use ammo_xbowbolt 1527924380'.
10:26:22: Aleit Mauzer has gained a Crossbow Bolts 1527924388.
10:26:22: Aleit Mauzer has lost a Crossbow Bolts 1527924388.
10:26:22: Aleit Mauzer has used '/InvAction use ammo_xbowbolt 1527924388'.
10:26:24: Aleit Mauzer has gained a Crossbow Bolts 1527924386.
10:26:24: Aleit Mauzer has lost a Crossbow Bolts 1527924386.
10:26:24: Aleit Mauzer has used '/InvAction use ammo_xbowbolt 1527924386'.
10:26:32: Aleit Mauzer has gained a Парализатор 1527924399.
10:26:32: Aleit Mauzer has lost a Парализатор 1527924399.
10:26:32: Aleit Mauzer has used '/InvAction use cw_stunstick 1527924399'.
10:26:37: Aleit Mauzer has lost a Crossbow 1527924368.
10:26:37: Aleit Mauzer has lost a Парализатор 1527924399.
10:26:37: worldspawn has dealt 9153 damage to Aleit Mauzer, killing them!
10:26:45: Aleit Mauzer has gained a Парализатор 1527924413.
10:26:45: Aleit Mauzer has lost a Парализатор 1527924413.
10:26:45: Aleit Mauzer has used '/InvAction use cw_stunstick 1527924413'.
10:26:47: Aleit Mauzer has lost a Фонарик 1527924345.
10:26:47: Aleit Mauzer has used '/InvAction use cw_flashlight 1527924345.00'.
10:26:51: Aleit Mauzer has gained a Crossbow 1527924421.
10:26:51: Aleit Mauzer has lost a Crossbow 1527924421.
10:26:51: Aleit Mauzer has used '/InvAction use weapon_crossbow 1527924421'.
10:26:57: Aleit Mauzer has gained a Crossbow Bolts 1527924427.
10:26:57: Aleit Mauzer has lost a Crossbow Bolts 1527924427.
10:26:57: Aleit Mauzer has used '/InvAction use ammo_xbowbolt 1527924427'.
10:26:59: Aleit Mauzer has gained a Crossbow Bolts 1527924431.
10:26:59: Aleit Mauzer has lost a Crossbow Bolts 1527924431.
10:26:59: Aleit Mauzer has used '/InvAction use ammo_xbowbolt 1527924431'.
10:27:00: Aleit Mauzer has gained a Crossbow Bolts 1527924430.
10:27:00: Aleit Mauzer has lost a Crossbow Bolts 1527924430.
10:27:00: Aleit Mauzer has used '/InvAction use ammo_xbowbolt 1527924430'.
10:27:03: Aleit Mauzer has gained a Crossbow Bolts 1527924429.
10:27:29: Aleit Mauzer has used '/StorageClose'.
10:27:41: Aleit Mauzer says: "Не-еет! Отвали! *Начав дрыгать ногами проговорила девушка.*"
10:27:41: Aleit Mauzer says "Не-еет! Отвали! *Начав дрыгать ногами проговорила девушка.*"
10:28:19: Николаус Мендес says: "Охх, я же вижу, ты этого хочешь...Ся-я-ядь на коленки и попробуй...*переведя ладонь с горла девушки на ее волосы, одернул их чуть назад*"
10:28:19: Николаус Мендес says "Охх, я же вижу, ты этого хочешь...Ся-я-ядь на коленки и попробуй...*переведя ладонь с горла девушки на ее волосы, одернул их чуть назад*"
10:28:35: Aleit Mauzer says: "Отъебись!"
10:28:35: Aleit Mauzer says "Отъебись!"
10:29:19: Aleit Mauzer says: "Хватит! Остановись! *Наступая незнакомцу на ноги закричала девушка*"
10:29:19: Aleit Mauzer says "Хватит! Остановись! *Наступая незнакомцу на ноги закричала девушка*"
10:29:56: Николаус Мендес has used '/Me прошипев от этого, резко дернул за ее волосы и толкнул ее к стенке достаточно сильно, после вновь подходя к ней'.
10:30:21: Aleit Mauzer says: "** Ударилась ли девушка головой, об бетонную стену? Вырубилась ли она?"
10:30:21: Aleit Mauzer says "** Ударилась ли девушка головой, об бетонную стену? Вырубилась ли она?"
10:30:24: Aleit Mauzer has rolled 92 out 100.
10:30:24: Aleit Mauzer has used '/Roll'.
10:30:27: Aleit Mauzer has used '/CharFallOver'.
10:30:58: Aleit Mauzer says: "** Соприкоснувшись затылком с бетонной стеной, девушка слегка пошатавшись, упала на землю."
10:30:58: Aleit Mauzer says "** Соприкоснувшись затылком с бетонной стеной, девушка слегка пошатавшись, упала на землю."
10:31:14: Николаус Мендес says: "Говорил же лучше по хорошему...*подойдя к девушке, схватил ее за шкирку и потащил в подсобку, после закрыв ее*"
10:31:14: Николаус Мендес says "Говорил же лучше по хорошему...*подойдя к девушке, схватил ее за шкирку и потащил в подсобку, после закрыв ее*"
10:31:23: [LOOC] Николаус Мендес: Иди. Рук нет.
10:31:23: [LOOC] Николаус Мендес: Иди. Рук нет.
10:31:23: [LOOC] Николаус Мендес: Иди. Рук нет.
10:31:24: Aleit Mauzer has used '/CharGetUp'.
10:31:29: [LOOC] Aleit Mauzer: phys gun
10:31:29: [LOOC] Aleit Mauzer: phys gun
10:31:29: [LOOC] Aleit Mauzer: phys gun
10:32:20: Aleit Mauzer has used '/CharFallOver'.
10:32:23: Aleit Mauzer has used '/CharGetUp'.
10:32:23: Geathmen1 | [TRADEIT.GG] (STEAM_0:1:188589920/109.172.78.32:27005) has connected.
10:32:30: Николаус Мендес has used '/Me приподняв девушку, аккуратно положил ее раком на стойку и осмотрев е пятую точку, облизнулся. После чего он просунул руки под нее и аккуратно расстегнув ширинку, принялся стягивать штаны вместе с трусиками'.
10:32:42: Aleit Mauzer has used '/CharFallOver'.
10:32:43: Aleit Mauzer has used '/CharGetUp'.
10:32:57: Aleit Mauzer has used '/AnimPant'.
10:33:12: Aleit Mauzer has used '/AnimPant'.
10:33:53: Николаус Мендес says: "Ухх, какая сучка...*опустив правую руку между ее ножек, левой начал расстегивать свою ширинку. Влажная ли была девушка?"
10:33:53: Николаус Мендес says "Ухх, какая сучка...*опустив правую руку между ее ножек, левой начал расстегивать свою ширинку. Влажная ли была девушка?"
10:34:02: Aleit Mauzer has rolled 67 out 100.
10:34:02: Aleit Mauzer has used '/Roll'.
10:34:10: Aleit Mauzer says: "** Немного."
10:34:10: Aleit Mauzer says "** Немного."
10:34:25: Aleit Mauzer (STEAM_0:0:16839270/95.188.91.45:27005) has disconnected.
10:34:59: GGarld (STEAM_0:1:210307927/93.171.67.249:60126) has connected.
10:35:56: GGarld has loaded the character 'Adolf Schulz'.
10:36:13: [OOC] Adolf Schulz: Эта хуйня еще не закончилась? сервер взломали?
10:37:20: [OOC] Николаус Мендес: Угу
10:37:39: Adolf Schulz has used '/PM Николаус взломали?!'.
10:37:55: Geathmen1 | [TRADEIT.GG] has created a Гражданин character called 'John Michael'.
10:37:55: Geathmen1 | [TRADEIT.GG] has loaded the character 'John Michael'.
10:37:56: Adolf Schulz has gained a Отбеливатель 1527925088.
10:37:56: Adolf Schulz has dealt 3350 damage to Adolf Schulz, killing them!
10:37:56: Adolf Schulz has gained a Пустая бутыль отбеливателя 1527925094.
10:37:56: Adolf Schulz has lost a Отбеливатель 1527925088.
10:37:56: Adolf Schulz has used '/InvAction use bleach 1527925088'.
10:38:17: Adolf Schulz says: "так стоп"
10:38:17: Adolf Schulz says "так стоп"
10:38:20: Adolf Schulz says: "сервер взломали?"
10:38:20: Adolf Schulz says "сервер взломали?"
10:38:30: John Michael says: "незнаю"
10:38:30: John Michael says "незнаю"
10:38:34: worldspawn has dealt 12993 damage to Adolf Schulz, killing them!
10:38:39: さようなら 男の子 (STEAM_0:0:16839270/95.188.91.45:27005) has connected.
10:38:53: Николаус Мендес has used '/PM Adolf Вроде да. Сам видишь, какой пиздец.'.
10:39:00: John Michael has gained a Suitcase 1527925165.
10:39:04: John Michael has gained a Suitcase 1527925172.
10:39:05: John Michael has gained a Suitcase 1527925173.
10:39:10: John Michael has gained a Container Base 1527925230.
10:39:10: John Michael has used '/InvAction use container_base 1527925230'.
10:39:10: John Michael has lost a Container Base 1527925230.
10:39:12: John Michael has used '/StorageClose'.
10:39:27: John Michael has lost a Suitcase 1527925173.
10:39:27: John Michael has used '/InvAction drop cw_suitcase 1527925173.00'.
10:39:35: Николаус Мендес (STEAM_0:1:101691655/31.163.57.28:27005) has disconnected.
10:39:36: John Michael has gained a Container Base 1527925230.
10:39:49: John Michael has lost a Suitcase 1527925092.
10:39:49: John Michael has used '/InvAction drop cw_suitcase 1527925092.00'.
10:39:52: John Michael has lost a Suitcase 1527925172.
10:39:52: John Michael has used '/InvAction drop cw_suitcase 1527925172.00'.
10:39:54: John Michael has lost a Suitcase 1527925165.
10:39:54: John Michael has used '/InvAction drop cw_suitcase 1527925165.00'.
10:39:55: John Michael has taken 14 damage from cw_item, leaving them at 86 health and 0 armor!
10:39:55: John Michael has taken 14 damage from cw_item, leaving them at 72 health and 0 armor!
10:40:10: さようなら 男の子 has loaded the character 'Aleit Mauzer'.
10:40:18: John Michael has gained a 9mm Pistol 1527925344.
10:40:19: Adolf Schulz has gained a .357 Magnum 1527925352.
10:40:22: Aleit Mauzer has lost a Crossbow 1527924421.
10:40:22: Aleit Mauzer has used '/InvAction use weapon_crossbow 1527924421.00'.
10:40:28: John Michael has used '/CraftBlueprint Пистолет'.
10:40:30: John Michael has used '/CraftBlueprint Пистолет'.
10:40:30: worldspawn has dealt 12512 damage to Adolf Schulz, killing them!
10:40:35: Aleit Mauzer says: "Вы дауны"
10:40:35: Aleit Mauzer says "Вы дауны"
10:40:36: Adolf Schulz has lost a .357 Magnum 1527925352.
10:40:36: Adolf Schulz has used '/InvAction use weapon_357 1527925352.00'.
10:40:37: Aleit Mauzer says: "Че вы делаете"
10:40:37: Aleit Mauzer says "Че вы делаете"
10:40:39: Adolf Schulz has lost a .357 Magnum 1527925352.
10:40:39: Aleit Mauzer has dealt 26800 damage to Adolf Schulz with Crossbow, killing them!
10:40:41: Aleit Mauzer has dealt 27200 damage to John Michael with Crossbow, killing them!
10:40:51: Adolf Schulz says: "а ты че делаешь?"
10:40:51: Adolf Schulz says "а ты че делаешь?"
10:40:52: Aleit Mauzer says: "Харе сервер ломать."
10:40:52: Aleit Mauzer says "Харе сервер ломать."
10:40:56: Adolf Schulz says: "он уже"
10:40:56: Adolf Schulz says "он уже"
10:41:01: Adolf Schulz has used '/InvAction use sxbase_crowbar 1527661884.00'.
10:41:06: Adolf Schulz has used '/InvAction use sxbase_crowbar 1527661884.00'.
10:41:13: Adolf Schulz has gained a Crowbar 1527925470.
10:41:13: Adolf Schulz has lost a Crowbar 1527925470.
10:41:13: Adolf Schulz has used '/InvAction use weapon_crowbar 1527925470'.
10:41:20: Adolf Schulz has lost a Crowbar 1527925470.
10:41:20: Aleit Mauzer has dealt 26800 damage to Adolf Schulz with Crossbow, killing them!
10:41:31: Adolf Schulz has gained a RPG 1527925492.
10:41:31: Adolf Schulz has lost a RPG 1527925492.
10:41:31: Adolf Schulz has used '/InvAction use weapon_rpg 1527925492'.
10:41:35: Adolf Schulz has lost a RPG 1527925492.
10:41:35: Aleit Mauzer has dealt 26600 damage to Adolf Schulz with Crossbow, killing them!
10:41:40: Adolf Schulz says: "ты долбоеб?"
10:41:40: Adolf Schulz says "ты долбоеб?"
10:41:56: Adolf Schulz has gained a Shotgun 1527925517.
10:41:56: Adolf Schulz has lost a Shotgun 1527925517.
10:41:56: Adolf Schulz has used '/InvAction use weapon_shotgun 1527925517'.
10:41:56: John Michael has gained a Бронежилет ОТА 1527925520.
10:41:56: John Michael has used '/InvAction use cits_rebel_ota 1527925520'.
10:42:10: Adolf Schulz has gained a Resistance Uniform 1527925535.
10:42:10: Adolf Schulz has used '/InvAction use resistance_uniform 1527925535'.
10:42:14: John Michael has used '/InvAction use cits_rebel_ota 1527925520.00'.
10:42:43: GGarld has created a Гражданин character called 'ыфвыфвффвфвфввф'.
10:42:46: GGarld has loaded the character 'ыфвыфвффвфвфввф'.
10:42:48: John Michael has gained a Сумка ГО 1527925567.
10:42:48: John Michael has used '/InvAction use cps_bag 1527925567'.
10:42:48: John Michael has lost a Сумка ГО 1527925567.
10:42:59: ыфвыфвффвфвфввф has gained a Medic Uniform 1527925586.
10:42:59: ыфвыфвффвфвфввф has used '/InvAction use medic_uniform 1527925586'.
10:43:02: Aleit Mauzer says: "Спавньте только то что вам нужно."
10:43:02: Aleit Mauzer says "Спавньте только то что вам нужно."
10:43:09: ыфвыфвффвфвфввф says: "ю аре админ?"
10:43:09: ыфвыфвффвфвфввф says "ю аре админ?"
10:43:17: ыфвыфвффвфвфввф has gained a Маска 'OfC-2' 1527925605.
10:43:17: ыфвыфвффвфвфввф has used '/InvAction use cps_mask_off 1527925605'.
10:43:17: ыфвыфвффвфвфввф has lost a Маска 'OfC-2' 1527925605.
10:43:19: Aleit Mauzer says: "Нет."
10:43:19: Aleit Mauzer says "Нет."
10:43:20: ыфвыфвффвфвфввф has gained a Униформа медика ГСР 1527925609.
10:43:20: ыфвыфвффвфвфввф has used '/InvAction use uniform_cwu_medic 1527925609'.
10:43:20: ыфвыфвффвфвфввф has lost a Униформа медика ГСР 1527925609.
10:43:29: ыфвыфвффвфвфввф has gained a Синие штаны повстанцев 1527925621.
10:43:29: ыфвыфвффвфвфввф has used '/InvAction use cits_rebel2_legs 1527925621'.
10:43:29: ыфвыфвффвфвфввф has lost a Синие штаны повстанцев 1527925621.
10:43:34: John Michael has gained a Карточка награды 4 ур. 1527925626.
10:43:34: John Michael has used '/InvAction use civreward_4l 1527925626'.
10:43:34: John Michael has lost a Карточка награды 4 ур. 1527925626.
10:43:35: ыфвыфвффвфвфввф says: "хули я не могу"
10:43:35: ыфвыфвффвфвфввф says "хули я не могу"
10:43:47: John Michael has lost a Container Base 1527925230.
10:43:47: John Michael has used '/InvAction drop container_base 1527925230.00'.
10:43:52: John Michael has lost a 9mm Pistol 1527925344.
10:43:52: John Michael has used '/InvAction drop weapon_pistol 1527925344.00'.
10:43:55: ыфвыфвффвфвфввф has gained a Спец. куртка ГСР 1527925648.
10:43:55: ыфвыфвффвфвфввф has used '/InvAction use cits_cwu_black 1527925648'.
10:43:59: Admiral Mendes ✙ (STEAM_0:1:101691655/31.163.57.28:27005) has connected.
10:44:02: ыфвыфвффвфвфввф has gained a Темная куртка лоялиста 1527925657.
10:44:02: ыфвыфвффвфвфввф has used '/InvAction use cits_loyalist_dark 1527925657'.
10:44:08: ыфвыфвффвфвфввф has gained a Черная униформа повстанцев 1527925663.
10:44:08: ыфвыфвффвфвфввф has used '/InvAction use uniform_rebel_black 1527925663'.
10:44:21: John Michael has gained a Рюкзак 1527925676.
10:44:23: ыфвыфвффвфвфввф has gained a Спецодежда рабочего 1527925680.
10:44:23: ыфвыфвффвфвфввф has used '/InvAction use uniform_factory 1527925680'.
10:44:36: Aleit Mauzer has lost a Фонарик 1527924345.
10:44:36: Aleit Mauzer has used '/InvAction use cw_flashlight 1527924345.00'.
10:44:36: ыфвыфвффвфвфввф has gained a Униформа Городского Ополчения 1527925695.
10:44:36: ыфвыфвффвфвфввф has used '/InvAction use uniform_goo 1527925695'.
10:44:36: ыфвыфвффвфвфввф has lost a Униформа Городского Ополчения 1527925695.
10:44:37: Aleit Mauzer has lost a Парализатор 1527924413.
10:44:37: Aleit Mauzer has used '/InvAction use cw_stunstick 1527924413.00'.
10:44:38: Aleit Mauzer has lost a Crossbow Bolts 1527924429.
10:44:38: Aleit Mauzer has used '/InvAction use ammo_xbowbolt 1527924429.00'.
10:44:41: ыфвыфвффвфвфввф has gained a Униформа медика ГСР 1527925701.
10:44:41: ыфвыфвффвфвфввф has used '/InvAction use uniform_cwu_medic 1527925701'.
10:44:41: ыфвыфвффвфвфввф has lost a Униформа медика ГСР 1527925701.
10:44:53: ыфвыфвффвфвфввф has gained a Бронежилет ГО 1527925713.
10:44:53: ыфвыфвффвфвфввф has used '/InvAction use cits_cps 1527925713'.
10:44:59: John Michael has gained a Разгрузочный жилет 1527925718.
10:45:04: [OOC] ыфвыфвффвфвфввф: а что же случилось с этим сервером?)
10:45:07: John Michael has used '/InvAction use cps_gear 1527925718.00'.
10:45:13: ыфвыфвффвфвфввф has gained a Траншейное пальто 1527925735.
10:45:13: ыфвыфвффвфвфввф has used '/InvAction use cps_trenchcoat 1527925735'.
10:45:13: ыфвыфвффвфвфввф has lost a Траншейное пальто 1527925735.
10:45:18: ыфвыфвффвфвфввф has gained a Бронежилет ОТА 1527925742.
10:45:18: ыфвыфвффвфвфввф has used '/InvAction use cits_rebel_ota 1527925742'.
10:45:19: [OOC] Aleit Mauzer: Закрывается он скоро, и одмены решили всем флаги выдать.
10:45:26: ыфвыфвффвфвфввф has gained a Зеленая куртка беженца 1527925750.
10:45:26: ыфвыфвффвфвфввф has used '/InvAction use cits_refugee_green 1527925750'.
10:45:33: ыфвыфвффвфвфввф has gained a Офицерская униформа 1527925758.
10:45:33: ыфвыфвффвфвфввф has used '/InvAction use cps_uniform_camo 1527925758'.
10:45:33: ыфвыфвффвфвфввф has lost a Офицерская униформа 1527925758.
10:45:49: John Michael has gained a Boxed Bag 1527925773.
10:45:54: ыфвыфвффвфвфввф has used '/PM Admiral Mendes ✙'.
10:45:57: John Michael has gained a Small Bag 1527925786.
10:45:57: John Michael has lost a Boxed Bag 1527925773.
10:45:57: John Michael has used '/InvAction use boxed_bag 1527925773.00'.
10:46:03: John Michael has lost a Small Bag 1527925786.
10:46:03: John Michael has used '/InvAction drop small_bag 1527925786.00'.
10:46:09: ыфвыфвффвфвфввф has gained a Clothes Base 1527925798.
10:46:09: ыфвыфвффвфвфввф has used '/InvAction use clothes_base 1527925798'.
10:46:14: Admiral Mendes ✙ has loaded the character 'Николаус Мендес'.
10:46:18: ыфвыфвффвфвфввф has gained a Resistance Uniform 1527925809.
10:46:18: ыфвыфвффвфвфввф has used '/InvAction use resistance_uniform 1527925809'.
10:46:26: worldspawn has dealt 11316 damage to ыфвыфвффвфвфввф, killing them!
10:46:54: ыфвыфвффвфвфввф has gained a Униформа работника ГСР 1527925845.
10:46:54: ыфвыфвффвфвфввф has used '/InvAction use uniform_cwu 1527925845'.
10:46:54: ыфвыфвффвфвфввф has lost a Униформа работника ГСР 1527925845.
10:46:58: ыфвыфвффвфвфввф has gained a Униформа повстанцев медиков другого цвета 1527925852.
10:46:58: ыфвыфвффвфвфввф has used '/InvAction use cits_rebel2_medic 1527925852'.
10:47:00: Aleit Mauzer (STEAM_0:0:16839270/95.188.91.45:27005) has disconnected.
10:47:01: John Michael has lost a Бронежилет ОТА 1527925520.
10:47:01: John Michael has used '/InvAction drop cits_rebel_ota 1527925520.00'.
10:47:12: Николаус Мендес (STEAM_0:1:101691655/31.163.57.28:27005) has disconnected.
10:47:43: John Michael has gained a Униформа DvL 1527925898.
10:47:53: worldspawn has dealt 5427 damage to ыфвыфвффвфвфввф, killing them!
10:47:54: John Michael has used '/InvAction use cps_uniform_cc 1527925898.00'.
10:48:02: ыфвыфвффвфвфввф has gained a .357 Magnum 1527925917.
10:48:02: ыфвыфвффвфвфввф has lost a .357 Magnum 1527925917.
10:48:02: ыфвыфвффвфвфввф has used '/InvAction use weapon_357 1527925917'.
10:48:09: ыфвыфвффвфвфввф has gained a Crowbar 1527925926.
10:48:09: ыфвыфвффвфвфввф has used '/InvAction use weapon_crowbar 1527925926'.
10:48:09: ыфвыфвффвфвфввф has lost a Crowbar 1527925926.
10:48:09: John Michael has gained a Карточка награды 4 ур. 1527925928.
10:48:16: ыфвыфвффвфвфввф has gained a Crowbar 1527925926.
10:48:16: ыфвыфвффвфвфввф has used '/InvAction use weapon_crowbar 1527925926'.
10:48:16: ыфвыфвффвфвфввф has lost a Crowbar 1527925926.
10:48:23: ыфвыфвффвфвфввф has lost a .357 Magnum 1527925917.
10:48:23: worldspawn has dealt 14313 damage to ыфвыфвффвфвфввф, killing them!
10:48:39: ыфвыфвффвфвфввф has gained a Crowbar 1527925926.
10:48:39: ыфвыфвффвфвфввф has lost a Crowbar 1527925926.
10:48:39: ыфвыфвффвфвфввф has used '/InvAction use weapon_crowbar 1527925926'.
10:48:49: Anonimus_DeadMouse (STEAM_0:1:152322049/217.118.93.144:5221) has connected.
10:49:24: ыфвыфвффвфвфввф has dealt 850 damage to John Michael with Crowbar, killing them!
10:49:29: ыфвыфвффвфвфввф has gained a Импульсная винтовка 1527926002.
10:49:29: ыфвыфвффвфвфввф has lost a Импульсная винтовка 1527926002.
10:49:29: ыфвыфвффвфвфввф has used '/InvAction use weapon_ar2 1527926002'.
10:49:41: John Michael has gained a Импульсная винтовка 1527926018.
10:49:43: ыфвыфвффвфвфввф has gained a Pulse-Rifle Energy 1527926026.
10:49:43: ыфвыфвффвфвфввф has lost a Pulse-Rifle Energy 1527926026.
10:49:43: ыфвыфвффвфвфввф has used '/InvAction use ammo_ar2 1527926026'.
10:49:46: John Michael has lost a Импульсная винтовка 1527926018.
10:49:46: John Michael has used '/InvAction use weapon_ar2 1527926018.00'.
10:49:50: ыфвыфвффвфвфввф has gained a Pulse-Rifle Energy 1527926038.
10:49:50: ыфвыфвффвфвфввф has lost a Pulse-Rifle Energy 1527926038.
10:49:50: ыфвыфвффвфвфввф has used '/InvAction use ammo_ar2 1527926038'.
10:49:52: ыфвыфвффвфвфввф has gained a Pulse-Rifle Energy 1527926042.
10:49:52: ыфвыфвффвфвфввф has lost a Pulse-Rifle Energy 1527926042.
10:49:52: ыфвыфвффвфвфввф has used '/InvAction use ammo_ar2 1527926042'.
10:49:54: ыфвыфвффвфвфввф has gained a Pulse-Rifle Energy 1527926045.
10:49:54: ыфвыфвффвфвфввф has lost a Pulse-Rifle Energy 1527926045.
10:49:54: ыфвыфвффвфвфввф has used '/InvAction use ammo_ar2 1527926045'.
10:49:58: ыфвыфвффвфвфввф has lost a Crowbar 1527925926.
10:49:58: ыфвыфвффвфвфввф has lost a Импульсная винтовка 1527926002.
10:49:58: worldspawn has dealt 13045 damage to ыфвыфвффвфвфввф, killing them!
10:50:05: ыфвыфвффвфвфввф has gained a 9mm Pistol 1527926057.
10:50:05: ыфвыфвффвфвфввф has lost a 9mm Pistol 1527926057.
10:50:05: ыфвыфвффвфвфввф has used '/InvAction use weapon_pistol 1527926057'.
10:50:09: John Michael has gained a Pulse-Rifle Energy 1527926055.
10:50:09: John Michael has lost a Pulse-Rifle Energy 1527926055.
10:50:09: John Michael has used '/InvAction use ammo_ar2 1527926055'.
10:50:14: ыфвыфвффвфвфввф has gained a 9mm Pistol Bullets 1527926067.
10:50:14: ыфвыфвффвфвфввф has lost a 9mm Pistol Bullets 1527926067.
10:50:14: ыфвыфвффвфвфввф has used '/InvAction use ammo_pistol 1527926067'.
10:50:23: John Michael has taken 17 damage from ыфвыфвффвфвфввф with weapon_pistol, leaving them at 83 health and 0 armor!
10:50:32: ыфвыфвффвфвфввф has gained a 9mm Pistol Bullets 1527926086.
10:50:32: ыфвыфвффвфвфввф has lost a 9mm Pistol Bullets 1527926086.
10:50:32: ыфвыфвффвфвфввф has used '/InvAction use ammo_pistol 1527926086'.
10:50:33: ыфвыфвффвфвфввф has gained a 9mm Pistol Bullets 1527926087.
10:50:33: ыфвыфвффвфвфввф has lost a 9mm Pistol Bullets 1527926087.
10:50:33: ыфвыфвффвфвфввф has used '/InvAction use ammo_pistol 1527926087'.
10:50:34: John Michael has lost a Импульсная винтовка 1527926018.
10:50:34: ыфвыфвффвфвфввф has dealt 2029 damage to John Michael with 9mm Pistol, killing them!
10:50:38: ыфвыфвффвфвфввф has dealt 3264 damage to John Michael with 9mm Pistol, killing them!
10:50:43: John Michael has gained a Бронежилет ОТА 1527925520.
10:50:43: John Michael has used '/InvAction use cits_rebel_ota 1527925520'.
10:50:44: ыфвыфвффвфвфввф has dealt 3264 damage to John Michael with 9mm Pistol, killing them!
10:50:46: ыфвыфвффвфвфввф has dealt 408 damage to John Michael with 9mm Pistol, killing them!
10:50:48: ыфвыфвффвфвфввф has dealt 1632 damage to John Michael with 9mm Pistol, killing them!
10:50:50: John Michael has taken 17 damage from ыфвыфвффвфвфввф with weapon_pistol, leaving them at 83 health and 0 armor!
10:50:50: John Michael has taken 21 damage from ыфвыфвффвфвфввф with weapon_pistol, leaving them at 62 health and 0 armor!
10:50:56: ыфвыфвффвфвфввф has dealt 1050 damage to John Michael with 9mm Pistol, killing them!
10:50:57: ыфвыфвффвфвфввф has dealt 408 damage to John Michael with 9mm Pistol, killing them!
10:50:59: worldspawn has dealt 6635 damage to John Michael, killing them!
10:51:11: John Michael has gained a Импульсная винтовка 1527926018.
10:51:11: John Michael has lost a Импульсная винтовка 1527926018.
10:51:11: John Michael has used '/InvAction use weapon_ar2 1527926018'.
10:51:27: ыфвыфвффвфвфввф has gained a Импульсная винтовка 1527926144.
10:51:27: ыфвыфвффвфвфввф has lost a Импульсная винтовка 1527926144.
10:51:27: ыфвыфвффвфвфввф has used '/InvAction use weapon_ar2 1527926144'.
10:51:39: ыфвыфвффвфвфввф has gained a Pulse-Rifle Energy 1527926163.
10:51:39: ыфвыфвффвфвфввф has lost a Pulse-Rifle Energy 1527926163.
10:51:39: ыфвыфвффвфвфввф has used '/InvAction use ammo_ar2 1527926163'.
10:51:40: ыфвыфвффвфвфввф has gained a Pulse-Rifle Energy 1527926160.
10:51:40: ыфвыфвффвфвфввф has lost a Pulse-Rifle Energy 1527926160.
10:51:40: ыфвыфвффвфвфввф has used '/InvAction use ammo_ar2 1527926160'.
10:51:42: ыфвыфвффвфвфввф has gained a Pulse-Rifle Energy 1527926158.
10:51:42: ыфвыфвффвфвфввф has lost a Pulse-Rifle Energy 1527926158.
10:51:42: ыфвыфвффвфвфввф has used '/InvAction use ammo_ar2 1527926158'.
10:51:43: ыфвыфвффвфвфввф has gained a Pulse-Rifle Energy 1527926157.
10:51:43: ыфвыфвффвфвфввф has lost a Pulse-Rifle Energy 1527926157.
10:51:43: ыфвыфвффвфвфввф has used '/InvAction use ammo_ar2 1527926157'.
10:51:44: ыфвыфвффвфвфввф has gained a Pulse-Rifle Energy 1527926159.
10:51:44: ыфвыфвффвфвфввф has lost a Pulse-Rifle Energy 1527926159.
10:51:44: ыфвыфвффвфвфввф has used '/InvAction use ammo_ar2 1527926159'.
10:51:45: John Michael has gained a Pulse-Rifle Energy 1527926146.
10:51:46: ыфвыфвффвфвфввф has gained a Pulse-Rifle Energy 1527926161.
10:51:46: ыфвыфвффвфвфввф has lost a Pulse-Rifle Energy 1527926161.
10:51:46: ыфвыфвффвфвфввф has used '/InvAction use ammo_ar2 1527926161'.
10:51:57: John Michael has gained a Pulse-Rifle Energy 1527926179.
10:51:59: ыфвыфвффвфвфввф has gained a Бронежилет ОТА 1527926183.
10:51:59: ыфвыфвффвфвфввф has used '/InvAction use cits_rebel_ota 1527926183'.
10:52:00: John Michael has gained a Pulse-Rifle Energy 1527926178.
10:52:02: John Michael has gained a Pulse-Rifle Energy 1527926180.
10:52:02: ыфвыфвффвфвфввф has gained a Зеленая шапка 1527926193.
10:52:02: ыфвыфвффвфвфввф has used '/InvAction use cits_beanie_green 1527926193'.
10:52:04: John Michael has gained a Pulse-Rifle Energy 1527926176.
10:52:19: John Michael has lost a Импульсная винтовка 1527926018.
10:52:19: ыфвыфвффвфвфввф has dealt 2992 damage to John Michael with Импульсная винтовка, killing them!
10:52:20: ыфвыфвффвфвфввф has dealt 1496 damage to John Michael with Импульсная винтовка, killing them!
10:52:20: John Michael has taken 15 damage from ыфвыфвффвфвфввф with weapon_ar2, leaving them at 85 health and 0 armor!
10:52:21: John Michael has taken 19 damage from ыфвыфвффвфвфввф with weapon_ar2, leaving them at 66 health and 0 armor!
10:52:21: John Michael has taken 23 damage from ыфвыфвффвфвфввф with weapon_ar2, leaving them at 43 health and 0 armor!
10:52:21: ыфвыфвффвфвфввф has dealt 619 damage to John Michael with Импульсная винтовка, killing them!
10:52:21: John Michael has taken 15 damage from ыфвыфвффвфвфввф with weapon_ar2, leaving them at 85 health and 0 armor!
10:52:22: John Michael has taken 19 damage from ыфвыфвффвфвфввф with weapon_ar2, leaving them at 66 health and 0 armor!
10:52:22: ыфвыфвффвфвфввф has dealt 559 damage to John Michael with Импульсная винтовка, killing them!
10:52:22: ыфвыфвффвфвфввф has dealt 374 damage to John Michael with Импульсная винтовка, killing them!
10:52:24: ыфвыфвффвфвфввф has dealt 1496 damage to John Michael with Импульсная винтовка, killing them!
10:52:25: ыфвыфвффвфвфввф has dealt 1496 damage to John Michael with Импульсная винтовка, killing them!
10:52:25: ыфвыфвффвфвфввф has dealt 1496 damage to John Michael with Импульсная винтовка, killing them!
10:52:25: ыфвыфвффвфвфввф has dealt 1496 damage to John Michael with Импульсная винтовка, killing them!
10:52:26: John Michael has taken 15 damage from ыфвыфвффвфвфввф with weapon_ar2, leaving them at 85 health and 0 armor!
10:52:26: John Michael has taken 19 damage from ыфвыфвффвфвфввф with weapon_ar2, leaving them at 66 health and 0 armor!
10:52:26: John Michael has taken 23 damage from ыфвыфвффвфвфввф with weapon_ar2, leaving them at 43 health and 0 armor!
10:52:27: John Michael has taken 25 damage from ыфвыфвффвфвфввф with weapon_ar2, leaving them at 18 health and 0 armor!
10:52:27: ыфвыфвффвфвфввф has dealt 25 damage to John Michael with Импульсная винтовка, killing them!
10:52:27: ыфвыфвффвфвфввф has dealt 2992 damage to John Michael with Импульсная винтовка, killing them!
10:52:27: ыфвыфвффвфвфввф has dealt 1496 damage to John Michael with Импульсная винтовка, killing them!
10:52:28: ыфвыфвффвфвфввф has dealt 1496 damage to John Michael with Импульсная винтовка, killing them!
10:52:28: John Michael has taken 15 damage from ыфвыфвффвфвфввф with weapon_ar2, leaving them at 85 health and 0 armor!
10:52:31: ыфвыфвффвфвфввф has dealt 457 damage to John Michael with Импульсная винтовка, killing them!
10:52:32: ыфвыфвффвфвфввф has dealt 374 damage to John Michael with Импульсная винтовка, killing them!
10:52:32: ыфвыфвффвфвфввф has dealt 1496 damage to John Michael with Импульсная винтовка, killing them!
10:52:33: ыфвыфвффвфвфввф has dealt 374 damage to John Michael with Импульсная винтовка, killing them!
10:52:36: ыфвыфвффвфвфввф has dealt 1496 damage to John Michael with Импульсная винтовка, killing them!
10:52:37: John Michael (STEAM_0:1:188589920/109.172.78.32:27005) has disconnected.
10:52:44: Anonimus_DeadMouse has created a Гражданин character called 'Артем Булавкин'.
10:52:44: Anonimus_DeadMouse has loaded the character 'Артем Булавкин'.
10:52:44: Anonimus_DeadMouse has created a Гражданин character called 'Артем Булавкин'.
10:52:44: Anonimus_DeadMouse has loaded the character 'Артем Булавкин'.
10:54:35: ыфвыфвффвфвфввф (STEAM_0:1:210307927/93.171.67.249:60126) has disconnected.
10:55:21: worldspawn has dealt 11993 damage to Артем Булавкин, killing them!
10:56:01: worldspawn has dealt 11422 damage to Артем Булавкин, killing them!
10:56:18: worldspawn has dealt 5319 damage to Артем Булавкин, killing them!
10:56:19: [OOC] Артем Булавкин: Вфвыф
10:56:54: worldspawn has dealt 12176 damage to Артем Булавкин, killing them!
10:57:17: Anonimus_DeadMouse has created a Гражданин character called 'фвфвфвф'.
10:57:23: Anonimus_DeadMouse has loaded the character 'фвфвфвф'.
10:57:41: worldspawn has dealt 10970 damage to фвфвфвф, killing them!
10:59:32: фвфвфвф says: "фвфвфвф, #32159."
10:59:32: фвфвфвф says "фвфвфвф, #32159."
10:59:32: фвфвфвф has used '/Apply'.
10:59:52: LogPlayerSpawnModel
10:59:52: LogPlayerSpawnModel
10:59:52: LogPlayerSpawnModel
10:59:52: LogPlayerSpawnModel
10:59:52: LogPlayerSpawnModel
10:59:52: LogPlayerSpawnModel
11:00:54: worldspawn has dealt 13466 damage to фвфвфвф, killing them!
11:01:36: Anonimus_DeadMouse has loaded the character 'Артем Булавкин'.
11:02:09: Артем Булавкин (STEAM_0:1:152322049/217.118.93.144:5221) has disconnected.
12:05:40: Geathmen1 | [TRADEIT.GG] (STEAM_0:1:188589920/109.172.78.32:27005) has connected.
12:06:50: Geathmen1 | [TRADEIT.GG] has loaded the character 'John Michael'.
12:08:19: John Michael has used '/InvAction use cps_uniform_cc 1527925898.00'.
12:08:21: John Michael has used '/InvAction Снять cps_gear 1527925718.00'.
12:08:23: John Michael has used '/InvAction Снять cits_rebel_ota 1527925520.00'.
12:08:25: John Michael has used '/InvAction use cps_uniform_cc 1527925898.00'.
12:08:39: John Michael has lost a Униформа DvL 1527925898.
12:08:39: John Michael has used '/InvAction drop cps_uniform_cc 1527925898.00'.
12:08:51: John Michael has gained a Фонарик 1527930529.
12:08:57: John Michael has lost a Фонарик 1527930529.
12:08:57: John Michael has used '/InvAction use cw_flashlight 1527930529.00'.
12:09:44: John Michael has used '/CharSearch'.
12:09:45: John Michael has used '/CharSearch'.
12:10:14: John Michael has gained a Джин 1527930614.
12:10:14: John Michael has lost a Джин 1527930614.
12:10:14: John Michael has used '/InvAction use fd_jin 1527930614'.
12:10:27: John Michael has gained a Кружка кофе 1527930628.
12:10:27: John Michael has gained a Кружка 1527930631.
12:10:27: John Michael has lost a Кружка кофе 1527930628.
12:10:27: John Michael has used '/InvAction use drink_coffee_mug 1527930628'.
12:11:38: John Michael has gained a Union Card 1527930705.
12:12:26: John Michael has gained a Union Lock 1527930739.
12:12:26: John Michael has lost a Union Lock 1527930739.
12:12:26: John Michael has used '/InvAction use union_lock 1527930739'.
12:12:46: John Michael has gained a Union Lock 1527930768.
12:12:46: John Michael has lost a Union Lock 1527930768.
12:12:46: John Michael has used '/InvAction use union_lock 1527930768'.
12:12:53: John Michael has gained a Zip Tie 1527930784.
12:12:59: John Michael has used '/InvAction use zip_tie 1527930784'.
12:13:17: John Michael has used '/InvAction use zip_tie 1527930784.00'.
12:13:24: John Michael has used '/InvAction use zip_tie 1527930784.00'.
12:13:57: John Michael has gained a Бронежилет ОТА 1527930849.
12:13:57: John Michael has used '/InvAction use cits_rebel_ota 1527930849'.
12:14:15: John Michael has gained a Парализатор 1527930869.
12:14:29: John Michael has gained a Импульсная винтовка 1527930876.
12:14:29: John Michael has lost a Импульсная винтовка 1527930876.
12:14:29: John Michael has used '/InvAction use weapon_ar2 1527930876'.
12:14:41: John Michael has gained a RPG 1527930891.
12:14:41: John Michael has used '/InvAction use weapon_rpg 1527930891'.
12:14:41: John Michael has lost a RPG 1527930891.
12:14:48: John Michael has lost a Zip Tie 1527930784.
12:14:48: John Michael has used '/InvAction drop zip_tie 1527930784.00'.
12:14:51: John Michael has lost a Union Card 1527930705.
12:14:51: John Michael has used '/InvAction drop union_card 1527930705.00'.
12:14:58: John Michael has lost a Бронежилет ОТА 1527925520.
12:14:58: John Michael has used '/InvAction drop cits_rebel_ota 1527925520.00'.
12:15:03: John Michael has lost a Парализатор 1527930869.
12:15:03: John Michael has used '/InvAction use cw_stunstick 1527930869.00'.
12:15:08: John Michael has gained a RPG 1527930891.
12:15:08: John Michael has used '/InvAction use weapon_rpg 1527930891'.
12:15:08: John Michael has lost a RPG 1527930891.
12:15:11: John Michael has gained a RPG 1527930891.
12:15:49: John Michael has lost a Pulse-Rifle Energy 1527926146.
12:15:49: John Michael has used '/InvAction use ammo_ar2 1527926146.00'.
12:16:24: John Michael (STEAM_0:1:188589920/109.172.78.32:27005) has disconnected.
13:15:47: Williams Long (STEAM_0:1:86754303/178.46.87.137:1212) has connected.
13:17:58: Williams Long has loaded the character 'Виллиам Зубков'.
13:19:10: Виллиам Зубков has gained a Stationary Radio 1527934748.
13:19:10: Виллиам Зубков has lost a Stationary Radio 1527934748.
13:19:10: Виллиам Зубков has used '/InvAction use stationary_radio 1527934748'.
13:19:22: Виллиам Зубков has gained a Request Device 1527934756.
13:19:27: Виллиам Зубков has lost a Request Device 1527934756.
13:19:27: Виллиам Зубков has used '/InvAction drop request_device 1527934756.00'.
13:22:17: worldspawn has dealt 8362 damage to Виллиам Зубков, killing them!
13:22:37: env_headcrabcanister has dealt 418 damage to Виллиам Зубков, killing them!
13:22:37: env_headcrabcanister has dealt 18750 damage to Виллиам Зубков, killing them!
13:22:48: env_headcrabcanister has dealt 5578 damage to Виллиам Зубков, killing them!
13:23:01: npc_headcrab_poison has dealt 313 damage to Виллиам Зубков, killing them!
13:24:07: Виллиам Зубков (STEAM_0:1:86754303/178.46.87.137:1212) has disconnected.
