02:05:53: ДРАКАКУЛА (STEAM_0:1:197149201/176.14.86.91:27005) has connected.
02:09:49: ДРАКАКУЛА has created a Гражданин character called 'Denil Cich'.
02:09:49: ДРАКАКУЛА has loaded the character 'Denil Cich'.
02:10:19: Denil Cich has gained a RPG 1527437211.
02:11:05: Denil Cich has gained a Блокнот 1527619338.
02:11:05: Denil Cich has used '/InvAction use Блокнот 1527619338'.
02:11:05: Denil Cich has lost a Блокнот 1527619338.
02:11:50: Denil Cich has lost a Suitcase 1527635390.
02:11:50: Denil Cich has used '/InvAction drop cw_suitcase 1527635390.00'.
02:11:58: Denil Cich has gained a Карточка награды 4 ур. 1527619803.
02:12:07: Denil Cich has used '/InvAction use civreward_4l 1527619803.00'.
02:12:39: Denil Cich has gained a Хлеб 1527620179.
02:12:39: Denil Cich has lost a Хлеб 1527620179.
02:12:39: Denil Cich has used '/InvAction use fd_bread 1527620179'.
02:13:10: Denil Cich has gained a Импульсная винтовка 1527440190.
02:13:10: Denil Cich has lost a Импульсная винтовка 1527440190.
02:13:10: Denil Cich has used '/InvAction use weapon_ar2 1527440190'.
02:13:45: Denil Cich has used '/CraftBlueprint Дробовик'.
02:14:11: Denil Cich has gained a Маска 'OfC-2' 1527620011.
02:14:11: Denil Cich has used '/InvAction use cps_mask_off 1527620011'.
02:14:11: Denil Cich has lost a Маска 'OfC-2' 1527620011.
02:14:57: Denil Cich has lost a Импульсная винтовка 1527440190.
02:14:57: worldspawn has dealt 14986 damage to Denil Cich, killing them!
02:16:16: worldspawn has dealt 13007 damage to Denil Cich, killing them!
02:16:21: worldspawn has dealt 12787 damage to Denil Cich, killing them!
02:16:22: Denil Cich has taken 14 damage from prop_physics, leaving them at 86 health and 0 armor!
02:16:22: Denil Cich has taken 14 damage from prop_physics, leaving them at 72 health and 0 armor!
02:16:22: entityflame has dealt 14642 damage to Denil Cich, killing them!
02:16:22: entityflame has dealt 9916 damage to Denil Cich, killing them!
02:16:33: Denil Cich has lost a RPG 1527437211.
02:16:33: Denil Cich has used '/StorageGiveItem weapon_rpg 1527437211.00'.
02:16:34: Denil Cich has lost a Карточка награды 4 ур. 1527619803.
02:16:34: Denil Cich has used '/StorageGiveItem civreward_4l 1527619803.00'.
02:16:36: Denil Cich has used '/StorageGiveTokens 10000.00'.
02:16:39: Denil Cich has used '/StorageClose'.
02:18:11: worldspawn has dealt 10410 damage to Denil Cich, killing them!
02:18:24: Denil Cich has used '/StorageClose'.
02:18:33: worldspawn has dealt 10386 damage to Denil Cich, killing them!
02:19:06: Denil Cich has gained a Smoke 1527635932.
02:19:14: Denil Cich has gained a Crowbar 1527620001.
02:19:39: Denil Cich has gained a Бронежилет ОТА 1527445402.
02:19:49: Denil Cich has used '/InvAction use cits_rebel_ota 1527445402.00'.
02:20:42: Denil Cich (STEAM_0:1:197149201/176.14.86.91:27005) has disconnected.
06:19:29: Polly (STEAM_0:0:169368370/5.44.169.63:27005) has connected.
06:23:00: Polly has loaded the character 'Carl Delay'.
06:23:35: Carl Delay has gained a Парализатор 1527635930.
06:23:35: Carl Delay has lost a Парализатор 1527635930.
06:23:35: Carl Delay has used '/InvAction use cw_stunstick 1527635930'.
06:24:52: Carl Delay has lost a Фонарик 1527342790.
06:24:52: Carl Delay has used '/InvAction use cw_flashlight 1527342790.00'.
06:25:04: Carl Delay has gained a Бронежилет ОТА 1527445402.
06:25:04: Carl Delay has used '/InvAction use cits_rebel_ota 1527445402'.
06:25:04: Carl Delay has lost a Бронежилет ОТА 1527445402.
06:25:37: Carl Delay has gained a RPG 1527619449.
06:25:37: Carl Delay has lost a RPG 1527619449.
06:25:37: Carl Delay has used '/InvAction use weapon_rpg 1527619449'.
06:25:55: Carl Delay has gained a Crossbow 1527419485.
06:25:55: Carl Delay has used '/InvAction use weapon_crossbow 1527419485'.
06:25:55: Carl Delay has lost a Crossbow 1527419485.
06:25:59: Carl Delay has gained a Shotgun 1527419079.
06:25:59: Carl Delay has used '/InvAction use weapon_shotgun 1527419079'.
06:25:59: Carl Delay has lost a Shotgun 1527419079.
06:26:26: Carl Delay has lost a RPG 1527619449.
06:26:39: Carl Delay has gained a 9mm Pistol 1527419411.
06:26:39: Carl Delay has lost a 9mm Pistol 1527419411.
06:26:39: Carl Delay has used '/InvAction use weapon_pistol 1527419411'.
06:26:42: Carl Delay has gained a Crossbow 1527419485.
06:26:42: Carl Delay has lost a Crossbow 1527419485.
06:26:42: Carl Delay has used '/InvAction use weapon_crossbow 1527419485'.
06:26:54: Carl Delay has gained a Маска 'Elite-P2' 1527620015.
06:26:54: Carl Delay has used '/InvAction use cps_mask_ept 1527620015'.
06:26:54: Carl Delay has lost a Маска 'Elite-P2' 1527620015.
06:27:29: Carl Delay has gained a Импульсная винтовка 1527619619.
06:27:29: Carl Delay has used '/InvAction use weapon_ar2 1527619619'.
06:27:29: Carl Delay has lost a Импульсная винтовка 1527619619.
06:27:46: Carl Delay has gained a Карточка награды 4 ур. 1527619931.
06:27:49: Carl Delay has gained a Карточка награды 4 ур. 1527619660.
06:27:53: Carl Delay has gained a Хлеб 1527620151.
06:27:53: Carl Delay has lost a Хлеб 1527620151.
06:27:53: Carl Delay has used '/InvAction use fd_bread 1527620151'.
06:28:13: Carl Delay has gained a .357 Magnum Bullets 1527619284.
06:28:13: Carl Delay has used '/InvAction use ammo_357 1527619284'.
06:28:13: Carl Delay has lost a .357 Magnum Bullets 1527619284.
06:28:17: Carl Delay has gained a Блокнот 1527619338.
06:28:17: Carl Delay has used '/InvAction use Блокнот 1527619338'.
06:28:17: Carl Delay has lost a Блокнот 1527619338.
06:28:30: Carl Delay has gained a Combine Lock 1527619349.
06:28:30: Carl Delay has lost a Combine Lock 1527619349.
06:28:30: Carl Delay has used '/InvAction use combine_lock 1527619349'.
06:29:03: Carl Delay has lost a Crossbow 1527419485.
06:30:17: Carl Delay has gained a Shotgun 1527440938.
06:30:17: Carl Delay has lost a Shotgun 1527440938.
06:30:17: Carl Delay has used '/InvAction use weapon_shotgun 1527440938'.
06:30:53: Carl Delay has lost a Парализатор 1527635930.
06:30:53: Carl Delay has lost a Фонарик 1527342790.
06:30:53: Carl Delay has lost a 9mm Pistol 1527419411.
06:30:53: Carl Delay has lost a Shotgun 1527440938.
06:30:53: worldspawn has dealt 16729 damage to Carl Delay, killing them!
06:31:35: Carl Delay has gained a Smoke 1527635932.
06:31:35: Carl Delay has lost a Smoke 1527635932.
06:31:35: Carl Delay has used '/InvAction use cw_smokegrenade 1527635932'.
06:32:01: Carl Delay has gained a Shotgun 1527440938.
06:32:01: Carl Delay has lost a Shotgun 1527440938.
06:32:01: Carl Delay has used '/InvAction use weapon_shotgun 1527440938'.
06:32:03: Carl Delay has gained a 9mm Pistol 1527419411.
06:32:03: Carl Delay has lost a 9mm Pistol 1527419411.
06:32:03: Carl Delay has used '/InvAction use weapon_pistol 1527419411'.
06:32:08: Carl Delay has gained a Парализатор 1527635930.
06:32:08: Carl Delay has used '/InvAction use cw_stunstick 1527635930'.
06:32:08: Carl Delay has lost a Парализатор 1527635930.
06:32:14: Carl Delay has gained a Фонарик 1527342790.
06:32:14: Carl Delay has lost a Фонарик 1527342790.
06:32:14: Carl Delay has used '/InvAction use cw_flashlight 1527342790'.
06:32:27: Carl Delay has used '/StorageClose'.
06:32:40: Carl Delay has gained a Пустая коробка 1527651161.
06:32:40: Carl Delay has lost a Холодная лапша 1527342763.
06:32:40: Carl Delay has used '/InvAction use chinese_takeout 1527342763.00'.
06:32:42: Carl Delay has gained a Пустая коробка 1527651164.
06:32:42: Carl Delay has lost a Холодная лапша 1527342761.
06:32:42: Carl Delay has used '/InvAction use chinese_takeout 1527342761.00'.
06:32:45: Carl Delay has gained a Карточка награды 4 ур. 1527619966.
06:32:48: Carl Delay has gained a Карточка награды 4 ур. 1527619947.
06:32:50: Carl Delay has gained a Карточка награды 4 ур. 1527619674.
06:32:51: Carl Delay has gained a Карточка награды 4 ур. 1527619668.
06:33:00: Carl Delay has gained a Карточка награды 3 ур. 1527619689.
06:33:01: Carl Delay has gained a Карточка награды 4 ур. 1527619933.
06:33:05: Carl Delay has gained a Хлеб 1527620181.
06:33:05: Carl Delay has lost a Хлеб 1527620181.
06:33:05: Carl Delay has used '/InvAction use fd_bread 1527620181'.
06:34:31: Carl Delay has used '/AnimIdle'.
06:35:28: Carl Delay has lost a Smoke 1527635932.
06:35:28: Carl Delay has lost a Shotgun 1527440938.
06:35:28: Carl Delay has lost a 9mm Pistol 1527419411.
06:35:28: Carl Delay has lost a Фонарик 1527342790.
06:35:28: worldspawn has dealt 6397 damage to Carl Delay, killing them!
06:36:27: worldspawn has dealt 17198 damage to Carl Delay, killing them!
06:37:09: Carl Delay has gained a Crowbar 1527620001.
06:37:09: Carl Delay has lost a Crowbar 1527620001.
06:37:09: Carl Delay has used '/InvAction use weapon_crowbar 1527620001'.
06:40:54: Carl Delay has lost a Crowbar 1527620001.
06:40:54: worldspawn has dealt 16831 damage to Carl Delay, killing them!
06:41:41: Carl Delay (STEAM_0:0:169368370/5.44.169.63:27005) has disconnected.
09:13:10: Nicolas (STEAM_0:1:163803587/95.79.212.65:27005) has connected.
09:14:59: GGarld (STEAM_0:1:210307927/91.198.83.42:10249) has connected.
09:25:49: GGarld has created a Гражданин character called 'Adolf Schulz'.
09:25:49: GGarld has loaded the character 'Adolf Schulz'.
09:26:09: LogPlayerSpawnModel
09:26:09: LogPlayerSpawnModel
09:27:01: Adolf Schulz has gained a Карточка награды 4 ур. 1527619761.
09:27:02: Adolf Schulz has gained a Карточка награды 4 ур. 1527619797.
09:27:03: Adolf Schulz has gained a Карточка награды 4 ур. 1527619750.
09:27:05: Adolf Schulz has gained a Карточка награды 4 ур. 1527619743.
09:27:06: Adolf Schulz has gained a Карточка награды 4 ур. 1527619756.
09:27:07: Adolf Schulz has gained a Карточка награды 4 ур. 1527619755.
09:27:09: Adolf Schulz has gained a Карточка награды 4 ур. 1527619776.
09:27:10: Adolf Schulz has gained a Карточка награды 4 ур. 1527619775.
09:27:12: Adolf Schulz has gained a Карточка награды 4 ур. 1527619773.
09:27:13: Adolf Schulz has gained a Карточка награды 4 ур. 1527619796.
09:27:14: Adolf Schulz has gained a Карточка награды 4 ур. 1527619791.
09:27:16: Adolf Schulz has gained a Карточка награды 4 ур. 1527619768.
09:27:31: worldspawn has dealt 16469 damage to Adolf Schulz, killing them!
09:29:08: Adolf Schulz has used '/CharFallOver'.
09:29:09: Adolf Schulz has used '/CharGetUp'.
09:29:13: Adolf Schulz says: "\"
09:29:13: Adolf Schulz says "\"
09:29:42: Adolf Schulz has gained a Medic Uniform 1527661783.
09:29:42: Adolf Schulz has used '/InvAction use medic_uniform 1527661783'.
09:30:55: Adolf Schulz has gained a Униформа Городского Ополчения 1527661856.
09:30:55: Adolf Schulz has used '/InvAction use uniform_goo 1527661856'.
09:30:55: Adolf Schulz has lost a Униформа Городского Ополчения 1527661856.
09:31:21: Adolf Schulz has gained a Crowbar 1527661884.
09:31:28: Adolf Schulz has used '/InvAction use sxbase_crowbar 1527661884.00'.
09:32:43: Adolf Schulz (STEAM_0:1:210307927/91.198.83.42:10249) has disconnected.
09:53:56: RASHKA (STEAM_0:1:183863736/94.245.166.84:27005) has connected.
09:56:00: RASHKA has created a Гражданин character called 'Алина Уткина'.
09:56:00: RASHKA has loaded the character 'Алина Уткина'.
09:56:07: LogPlayerSpawnModel
09:56:07: LogPlayerSpawnModel
09:56:15: Алина Уткина has gained a Crowbar 1527663374.
09:56:41: Алина Уткина has gained a Бронежилет ОТА 1527663400.
09:56:41: Алина Уткина has used '/InvAction use cits_rebel_ota 1527663400'.
09:56:46: Алина Уткина has gained a Сумка ГО 1527663408.
09:56:46: Алина Уткина has used '/InvAction use cps_bag 1527663408'.
09:56:46: Алина Уткина has lost a Сумка ГО 1527663408.
09:56:48: Алина Уткина has gained a Сумка ГО 1527663408.
09:56:48: Алина Уткина has used '/InvAction use cps_bag 1527663408'.
09:56:48: Алина Уткина has lost a Сумка ГО 1527663408.
09:56:54: Алина Уткина has gained a Сумка ГО 1527663412.
09:56:54: Алина Уткина has used '/InvAction use cps_bag 1527663412'.
09:56:54: Алина Уткина has lost a Сумка ГО 1527663412.
09:56:59: Алина Уткина has used '/InvAction use cits_rebel_ota 1527663400.00'.
09:57:01: Алина Уткина has used '/InvAction use cits_rebel_ota 1527663400.00'.
09:57:02: Алина Уткина has used '/InvAction Снять cits_rebel_ota 1527663400.00'.
09:57:03: Алина Уткина has lost a Бронежилет ОТА 1527663400.
09:57:03: Алина Уткина has used '/InvAction drop cits_rebel_ota 1527663400.00'.
09:57:05: Алина Уткина has gained a Сумка ГО 1527663412.
09:57:38: Алина Уткина has gained a Shotgun 1527663463.
09:58:19: Алина Уткина has gained a Хлеб 1527620076.
09:58:19: Алина Уткина has lost a Хлеб 1527620076.
09:58:19: Алина Уткина has used '/InvAction use fd_bread 1527620076'.
09:58:48: Алина Уткина has gained a Карточка награды 4 ур. 1527619795.
09:58:51: Алина Уткина has used '/InvAction use civreward_4l 1527619795.00'.
09:59:42: Алина Уткина has lost a Shotgun 1527663463.
09:59:42: Алина Уткина has used '/InvAction use weapon_shotgun 1527663463.00'.
09:59:43: Алина Уткина has lost a Crowbar 1527663374.
09:59:43: Алина Уткина has used '/InvAction use weapon_crowbar 1527663374.00'.
10:00:13: Алина Уткина has gained a Shotgun Shells 1527663620.
10:00:13: Алина Уткина has lost a Shotgun Shells 1527663620.
10:00:13: Алина Уткина has used '/InvAction use ammo_buckshot 1527663620'.
10:02:30: Алина Уткина has gained a Импульсная винтовка 1527619619.
10:02:35: Алина Уткина has used '/InvAction use weapon_ar2 1527619619.00'.
10:02:40: Алина Уткина has gained a Shotgun 1527663463.
10:02:43: Алина Уткина has lost a Импульсная винтовка 1527619619.
10:02:43: Алина Уткина has used '/InvAction use weapon_ar2 1527619619.00'.
10:04:35: Алина Уткина has gained a Spray Can 1527663885.
10:05:06: Алина Уткина has gained a Ration 1527663920.
10:05:10: Алина Уткина has gained a Ration 1527663925.
10:05:10: Алина Уткина has gained a Пищевые добавки 1527663928.
10:05:10: Алина Уткина has gained a Вода 1527663929.
10:05:10: Алина Уткина has lost a Ration 1527663925.
10:05:10: Алина Уткина has used '/InvAction use ration 1527663925'.
10:05:14: Алина Уткина has gained a Ration 1527663933.
10:05:14: Алина Уткина has gained a Пищевые добавки 1527663936.
10:05:14: Алина Уткина has gained a Вода 1527663937.
10:05:14: Алина Уткина has lost a Ration 1527663933.
10:05:14: Алина Уткина has used '/InvAction use ration 1527663933'.
10:05:17: Алина Уткина has gained a Combine Lock 1527663939.
10:05:17: Алина Уткина has lost a Combine Lock 1527663939.
10:05:17: Алина Уткина has used '/InvAction use combine_lock 1527663939'.
10:05:23: Алина Уткина has gained a Breach 1527663946.
10:05:23: Алина Уткина has used '/InvAction use breach 1527663946'.
10:05:23: Алина Уткина has lost a Breach 1527663946.
10:11:00: Алина Уткина has lost a Импульсная винтовка 1527619619.
10:11:00: Алина Уткина has lost a Crowbar 1527663374.
10:11:00: worldspawn has dealt 18278 damage to Алина Уткина, killing them!
10:11:21: Алина Уткина has lost a Spray Can 1527663885.
10:11:21: Алина Уткина has used '/InvAction drop spray_can 1527663885.00'.
10:11:22: Алина Уткина has lost a Suitcase 1527663361.
10:11:22: Алина Уткина has used '/InvAction drop cw_suitcase 1527663361.00'.
10:11:23: Алина Уткина has lost a Ration 1527663920.
10:11:23: Алина Уткина has used '/InvAction drop ration 1527663920.00'.
10:11:25: Алина Уткина has lost a Shotgun 1527663463.
10:11:25: Алина Уткина has used '/InvAction drop weapon_shotgun 1527663463.00'.
10:11:27: Алина Уткина has lost a Вода 1527663929.
10:11:27: Алина Уткина has used '/InvAction use breens_water 1527663929.00'.
10:11:28: Алина Уткина has lost a Вода 1527663937.
10:11:28: Алина Уткина has used '/InvAction use breens_water 1527663937.00'.
10:11:30: Алина Уткина has lost a Пищевые добавки 1527663928.
10:11:30: Алина Уткина has used '/InvAction drop citizen_supplements 1527663928.00'.
10:11:31: Алина Уткина has lost a Пищевые добавки 1527663936.
10:11:31: Алина Уткина has used '/InvAction drop citizen_supplements 1527663936.00'.
10:11:44: Алина Уткина has gained a Boxed Backpack 1527664332.
10:11:44: Алина Уткина has used '/InvAction use boxed_backpack 1527664332'.
10:11:44: Алина Уткина has lost a Boxed Backpack 1527664332.
10:12:20: Алина Уткина has gained a Маска 'OfC-2' 1527664370.
10:12:20: Алина Уткина has used '/InvAction use cps_mask_off 1527664370'.
10:12:20: Алина Уткина has lost a Маска 'OfC-2' 1527664370.
10:12:22: Алина Уткина has gained a Маска 'OfC-2' 1527664370.
10:12:26: Алина Уткина has used '/InvAction use cps_mask_off 1527664370.00'.
10:12:29: Алина Уткина has lost a Маска 'OfC-2' 1527664370.
10:12:29: Алина Уткина has used '/InvAction drop cps_mask_off 1527664370.00'.
10:12:34: BrUtAL SoLdER (STEAM_0:1:56909645/109.124.38.151:27005) has connected.
10:12:34: Алина Уткина has gained a Маска ГО 1527664385.
10:12:34: Алина Уткина has used '/InvAction use cps_mask_def 1527664385'.
10:12:34: Алина Уткина has lost a Маска ГО 1527664385.
10:12:41: Алина Уткина has gained a Зеленые штаны повстанцев 1527664392.
10:12:41: Алина Уткина has used '/InvAction use cits_rebel1_legs 1527664392'.
10:12:47: Алина Уткина has gained a Бронежилет повстанцев 1527664400.
10:12:47: Алина Уткина has used '/InvAction use cits_rebel_molle 1527664400'.
10:12:51: Алина Уткина has gained a Бронежилет ОТА 1527664404.
10:12:51: Алина Уткина has used '/InvAction use cits_rebel_ota 1527664404'.
10:13:00: Алина Уткина has gained a Респиратор FR-4 1527664415.
10:13:00: Алина Уткина has used '/InvAction use cps_mask_dd 1527664415'.
10:13:00: Алина Уткина has lost a Респиратор FR-4 1527664415.
10:13:11: Алина Уткина has gained a Униформа повстанцев 1527664426.
10:13:11: Алина Уткина has used '/InvAction use cits_rebel1 1527664426'.
10:13:18: Алина Уткина has gained a Черная униформа повстанцев 1527664432.
10:13:18: Алина Уткина has used '/InvAction use uniform_rebel_black 1527664432'.
10:13:48: Алина Уткина has gained a Shotgun 1527664465.
10:13:52: Алина Уткина has lost a Shotgun 1527664465.
10:13:52: Алина Уткина has used '/InvAction use weapon_shotgun 1527664465.00'.
10:13:56: Алина Уткина has used '/InvAction use cits_rebel_ota 1527664404.00'.
10:14:00: Алина Уткина has lost a Униформа повстанцев 1527664426.
10:14:00: Алина Уткина has used '/InvAction drop cits_rebel1 1527664426.00'.
10:14:01: Алина Уткина has lost a Бронежилет повстанцев 1527664400.
10:14:01: Алина Уткина has used '/InvAction drop cits_rebel_molle 1527664400.00'.
10:14:02: Алина Уткина has lost a Зеленые штаны повстанцев 1527664392.
10:14:02: Алина Уткина has used '/InvAction drop cits_rebel1_legs 1527664392.00'.
10:14:05: Алина Уткина has used '/InvAction use cits_rebel_ota 1527664404.00'.
10:14:07: Алина Уткина has lost a Бронежилет ОТА 1527664404.
10:14:07: Алина Уткина has used '/InvAction drop cits_rebel_ota 1527664404.00'.
10:14:30: BrUtAL SoLdER has loaded the character 'Один Ланд'.
10:14:38: [OOC] Алина Уткина: поцан тут пиздец
10:14:51: [OOC] Один Ланд: Я знаю играл тут уже
10:15:06: Алина Уткина has gained a Shotgun Shells 1527664547.
10:15:06: Алина Уткина has lost a Shotgun Shells 1527664547.
10:15:06: Алина Уткина has used '/InvAction use ammo_buckshot 1527664547'.
10:15:08: Алина Уткина has gained a Shotgun Shells 1527664552.
10:15:08: Алина Уткина has lost a Shotgun Shells 1527664552.
10:15:08: Алина Уткина has used '/InvAction use ammo_buckshot 1527664552'.
10:15:09: Алина Уткина has gained a Shotgun Shells 1527664555.
10:15:09: Алина Уткина has lost a Shotgun Shells 1527664555.
10:15:09: Алина Уткина has used '/InvAction use ammo_buckshot 1527664555'.
10:15:11: Алина Уткина has gained a Shotgun Shells 1527664558.
10:15:11: Алина Уткина has lost a Shotgun Shells 1527664558.
10:15:11: Алина Уткина has used '/InvAction use ammo_buckshot 1527664558'.
10:15:36: Алина Уткина has gained a Униформа Городского Ополчения 1527664583.
10:15:36: Алина Уткина has used '/InvAction use uniform_goo 1527664583'.
10:15:36: Алина Уткина has lost a Униформа Городского Ополчения 1527664583.
10:15:44: Алина Уткина has gained a Униформа HELIX 1527664590.
10:15:44: Алина Уткина has used '/InvAction use cps_uniform_helix 1527664590'.
10:15:44: Алина Уткина has lost a Униформа HELIX 1527664590.
10:15:51: Алина Уткина has gained a Противогаз 1527664601.
10:15:51: Алина Уткина has used '/InvAction use cits_gasmask 1527664601'.
10:15:51: Алина Уткина has lost a Противогаз 1527664601.
10:16:02: Алина Уткина has gained a Униформа медика ГСР 1527664613.
10:16:02: Алина Уткина has used '/InvAction use uniform_cwu_medic 1527664613'.
10:16:02: Алина Уткина has lost a Униформа медика ГСР 1527664613.
10:16:05: Алина Уткина has gained a Униформа повстанцев медиков другого цвета 1527664617.
10:16:05: Алина Уткина has used '/InvAction use cits_rebel2_medic 1527664617'.
10:16:05: Алина Уткина has lost a Униформа повстанцев медиков другого цвета 1527664617.
10:16:12: Алина Уткина has gained a RPG 1527664624.
10:16:15: Алина Уткина has used '/InvAction use weapon_rpg 1527664624.00'.
10:16:25: Алина Уткина has gained a Униформа HELIX 1527664637.
10:16:25: Алина Уткина has used '/InvAction use cps_uniform_helix 1527664637'.
10:16:25: Алина Уткина has lost a Униформа HELIX 1527664637.
10:16:29: Алина Уткина has gained a Униформа медика ГСР 1527664644.
10:16:29: Алина Уткина has used '/InvAction use uniform_cwu_medic 1527664644'.
10:16:29: Алина Уткина has lost a Униформа медика ГСР 1527664644.
10:16:33: Алина Уткина has used '/InvAction use uniform_rebel_black 1527664432.00'.
10:16:41: Алина Уткина has lost a Черная униформа повстанцев 1527664432.
10:16:41: Алина Уткина has used '/InvAction drop uniform_rebel_black 1527664432.00'.
10:16:51: Алина Уткина has gained a Темная куртка лоялиста 1527664667.
10:16:51: Алина Уткина has used '/InvAction use cits_loyalist_dark 1527664667'.
10:16:58: Алина Уткина has gained a Униформа 'RedCamo' 1527664673.
10:16:58: Алина Уткина has used '/InvAction use cps_uniform_rca 1527664673'.
10:16:58: Алина Уткина has lost a Униформа 'RedCamo' 1527664673.
10:17:02: Алина Уткина has gained a Спец. куртка ГСР 1527664679.
10:17:02: Алина Уткина has used '/InvAction use cits_cwu_black 1527664679'.
10:17:06: Алина Уткина has gained a Спецодежда рабочего 1527664684.
10:17:06: Алина Уткина has used '/InvAction use uniform_factory 1527664684'.
10:17:17: Алина Уткина has used '/InvAction use uniform_factory 1527664684.00'.
10:17:26: Алина Уткина has lost a Темная куртка лоялиста 1527664667.
10:17:26: Алина Уткина has used '/InvAction drop cits_loyalist_dark 1527664667.00'.
10:17:27: Алина Уткина has lost a Спец. куртка ГСР 1527664679.
10:17:27: Алина Уткина has used '/InvAction drop cits_cwu_black 1527664679.00'.
10:17:29: Алина Уткина has lost a Спецодежда рабочего 1527664684.
10:17:29: Алина Уткина has used '/InvAction drop uniform_factory 1527664684.00'.
10:18:04: Алина Уткина has gained a Униформа DvL 1527664745.
10:18:04: Алина Уткина has used '/InvAction use cps_uniform_cc 1527664745'.
10:18:04: Алина Уткина has lost a Униформа DvL 1527664745.
10:18:14: Алина Уткина has gained a Стандартный воротник для головы 1527664754.
10:18:14: Алина Уткина has used '/InvAction use cps_neck 1527664754'.
10:18:14: Алина Уткина has lost a Стандартный воротник для головы 1527664754.
10:18:20: Алина Уткина has gained a Противогаз 1527664763.
10:18:20: Алина Уткина has used '/InvAction use cits_gasmask 1527664763'.
10:18:26: Алина Уткина has gained a Бронежилет ОТА 1527664770.
10:18:26: Алина Уткина has used '/InvAction use cits_rebel_ota 1527664770'.
10:18:30: Один Ланд has used '/InvAction use sxbase_crowbar 1527417136.00'.
10:18:33: Один Ланд has used '/InvAction use sxbase_crowbar 1527417136.00'.
10:18:35: Один Ланд has lost a Crowbar 1527417136.
10:18:35: Один Ланд has used '/InvAction drop sxbase_crowbar 1527417136.00'.
10:18:37: Алина Уткина has gained a Синие штаны повстанцев 1527664782.
10:18:46: Алина Уткина has used '/InvAction drop weapon_rpg 1527664624.00'.
10:18:49: Алина Уткина has lost a RPG 1527664624.
10:18:49: Алина Уткина has used '/InvAction drop weapon_rpg 1527664624.00'.
10:18:52: worldspawn has dealt 17856 damage to Один Ланд, killing them!
10:18:56: worldspawn has dealt 14082 damage to Один Ланд, killing them!
10:18:59: worldspawn has dealt 14123 damage to Один Ланд, killing them!
10:19:03: worldspawn has dealt 13943 damage to Один Ланд, killing them!
10:19:08: worldspawn has dealt 10720 damage to Один Ланд, killing them!
10:19:11: Один Ланд has taken 58 damage from Алина Уткина with weapon_shotgun, leaving them at 42 health and 0 armor!
10:19:14: worldspawn has dealt 10023 damage to Один Ланд, killing them!
10:19:18: Алина Уткина has dealt 3552 damage to Один Ланд with Shotgun, killing them!
10:19:19: Алина Уткина has dealt 1776 damage to Один Ланд with Shotgun, killing them!
10:19:20: Алина Уткина has dealt 5328 damage to Один Ланд with Shotgun, killing them!
10:19:21: Алина Уткина has dealt 7104 damage to Один Ланд with Shotgun, killing them!
10:19:25: Алина Уткина says: "Ебать..."
10:19:25: Алина Уткина says "Ебать..."
10:19:30: Алина Уткина has used '/StorageClose'.
10:19:34: Алина Уткина has dealt 14208 damage to Один Ланд with Shotgun, killing them!
10:19:35: Алина Уткина has dealt 12876 damage to Один Ланд with Shotgun, killing them!
10:19:36: Один Ланд has gained a MP7 1527664842.
10:19:37: Алина Уткина has dealt 5328 damage to Один Ланд with Shotgun, killing them!
10:19:43: Один Ланд has lost a MP7 1527664842.
10:19:43: Один Ланд has used '/InvAction use weapon_smg1 1527664842.00'.
10:19:49: [OOC] Алина Уткина: го пвп?
10:19:58: Один Ланд has used '/StorageClose'.
10:20:00: Один Ланд has gained a SMG Bullets 1527664865.
10:20:00: Один Ланд has lost a SMG Bullets 1527664865.
10:20:00: Один Ланд has used '/InvAction use ammo_smg1 1527664865'.
10:20:15: Алина Уткина has lost a Shotgun 1527664465.
10:20:17: Алина Уткина has taken 18 damage from Один Ланд with weapon_smg1, leaving them at 80 health and 0 armor!
10:20:21: Алина Уткина has gained a Импульсная винтовка 1527664890.
10:20:21: Один Ланд has dealt 4464 damage to Алина Уткина with MP7, killing them!
10:20:22: Один Ланд has dealt 1800 damage to Алина Уткина with MP7, killing them!
10:20:22: Один Ланд has dealt 1800 damage to Алина Уткина with MP7, killing them!
10:20:28: Алина Уткина has lost a Импульсная винтовка 1527664890.
10:20:28: Алина Уткина has used '/InvAction use weapon_ar2 1527664890.00'.
10:20:39: Алина Уткина has used '/CharSearch'.
10:20:48: Алина Уткина has gained a Pulse-Rifle Orb 1527664920.
10:20:48: Алина Уткина has lost a Pulse-Rifle Orb 1527664920.
10:20:48: Алина Уткина has used '/InvAction use ammo_ar2altfire 1527664920'.
10:20:49: Один Ланд has gained a SMG Bullets 1527664923.
10:20:49: Один Ланд has lost a SMG Bullets 1527664923.
10:20:49: Один Ланд has used '/InvAction use ammo_smg1 1527664923'.
10:20:51: Один Ланд has gained a SMG Bullets 1527664926.
10:20:51: Один Ланд has lost a SMG Bullets 1527664926.
10:20:51: Один Ланд has used '/InvAction use ammo_smg1 1527664926'.
10:20:54: Один Ланд has gained a SMG Bullets 1527664930.
10:20:54: Один Ланд has lost a SMG Bullets 1527664930.
10:20:54: Один Ланд has used '/InvAction use ammo_smg1 1527664930'.
10:20:55: Алина Уткина has gained a Pulse-Rifle Energy 1527664932.
10:20:55: Алина Уткина has lost a Pulse-Rifle Energy 1527664932.
10:20:55: Алина Уткина has used '/InvAction use ammo_ar2 1527664932'.
10:21:00: Алина Уткина has gained a Pulse-Rifle Energy 1527664938.
10:21:00: Алина Уткина has lost a Pulse-Rifle Energy 1527664938.
10:21:00: Алина Уткина has used '/InvAction use ammo_ar2 1527664938'.
10:21:03: Алина Уткина has gained a Pulse-Rifle Energy 1527664941.
10:21:03: Алина Уткина has lost a Pulse-Rifle Energy 1527664941.
10:21:03: Алина Уткина has used '/InvAction use ammo_ar2 1527664941'.
10:21:05: Алина Уткина has gained a Pulse-Rifle Energy 1527664945.
10:21:05: Алина Уткина has lost a Pulse-Rifle Energy 1527664945.
10:21:05: Алина Уткина has used '/InvAction use ammo_ar2 1527664945'.
10:21:07: Один Ланд has lost a MP7 1527664842.
10:21:07: Алина Уткина has dealt 3256 damage to Один Ланд with Импульсная винтовка, killing them!
10:21:15: Алина Уткина has lost a Импульсная винтовка 1527664890.
10:21:15: worldspawn has dealt 14105 damage to Алина Уткина, killing them!
10:21:19: worldspawn has dealt 14521 damage to Алина Уткина, killing them!
10:21:30: Алина Уткина has gained a Pulse-Rifle Energy 1527664970.
10:21:30: Алина Уткина has used '/InvAction use ammo_ar2 1527664970'.
10:21:30: Алина Уткина has lost a Pulse-Rifle Energy 1527664970.
10:21:31: Один Ланд has gained a SMG Bullets 1527664973.
10:21:31: Один Ланд has used '/InvAction use ammo_smg1 1527664973'.
10:21:31: Один Ланд has lost a SMG Bullets 1527664973.
10:21:38: Алина Уткина has gained a Парализатор 1527664979.
10:21:38: Алина Уткина has lost a Парализатор 1527664979.
10:21:38: Алина Уткина has used '/InvAction use cw_stunstick 1527664979'.
10:21:44: Алина Уткина has dealt 368 damage to Один Ланд with Парализатор, killing them!
10:21:46: Алина Уткина has dealt 368 damage to Один Ланд with Парализатор, killing them!
10:21:55: Один Ланд has gained a MP7 1527664842.
10:21:55: Один Ланд has lost a MP7 1527664842.
10:21:55: Один Ланд has used '/InvAction use weapon_smg1 1527664842'.
10:22:05: Алина Уткина has lost a Парализатор 1527664979.
10:22:05: Один Ланд has dealt 450 damage to Алина Уткина with MP7, killing them!
10:22:12: Алина Уткина has gained a Grenade 1527665017.
10:22:12: Алина Уткина has lost a Grenade 1527665017.
10:22:12: Алина Уткина has used '/InvAction use weapon_frag 1527665017'.
10:22:20: Один Ланд has lost a MP7 1527664842.
10:22:20: Алина Уткина has dealt 18917 damage to Один Ланд with Grenade, killing them!
10:22:24: Алина Уткина has gained a Парализатор 1527664979.
10:22:24: Алина Уткина has used '/InvAction use cw_stunstick 1527664979'.
10:22:24: Алина Уткина has lost a Парализатор 1527664979.
10:22:25: Один Ланд has gained a SMG Bullets 1527664973.
10:22:25: Один Ланд has used '/InvAction use ammo_smg1 1527664973'.
10:22:25: Один Ланд has lost a SMG Bullets 1527664973.
10:23:02: Алина Уткина has lost a Grenade 1527665017.
10:23:02: worldspawn has dealt 14757 damage to Алина Уткина, killing them!
10:23:11: Один Ланд has gained a Импульсная винтовка 1527664890.
10:23:11: Один Ланд has lost a Импульсная винтовка 1527664890.
10:23:11: Один Ланд has used '/InvAction use weapon_ar2 1527664890'.
10:23:25: Алина Уткина has gained a MP7 1527665091.
10:23:28: Алина Уткина has gained a MP7 1527665096.
10:23:30: Алина Уткина has gained a MP7 1527665100.
10:23:33: Алина Уткина has gained a MP7 1527665103.
10:23:42: Алина Уткина has gained a SMG Bullets 1527665114.
10:23:42: Алина Уткина has used '/InvAction use ammo_smg1 1527665114'.
10:23:42: Алина Уткина has lost a SMG Bullets 1527665114.
10:23:46: Один Ланд has gained a Парализатор 1527664979.
10:23:57: Алина Уткина (STEAM_0:1:183863736/94.245.166.84:27005) has disconnected.
10:25:03: Один Ланд (STEAM_0:1:56909645/109.124.38.151:27005) has disconnected.
11:55:55: BRICK (STEAM_0:0:90027894/5.59.130.213:27005) has connected.
12:02:25: BRICK has created a Гражданин character called 'Артём Кабанов'.
12:02:25: BRICK has loaded the character 'Артём Кабанов'.
12:02:38: Артём Кабанов has gained a Shotgun 1527664465.
12:03:45: Артём Кабанов has gained a Маска 'Elite-P2' 1527620015.
12:03:56: Артём Кабанов has used '/InvAction use cps_mask_ept 1527620015.00'.
12:04:14: Артём Кабанов has gained a Crowbar 1527619434.
12:05:11: Артём Кабанов has lost a Shotgun 1527664465.
12:05:11: Артём Кабанов has used '/InvAction use weapon_shotgun 1527664465.00'.
12:06:09: Артём Кабанов has lost a Shotgun 1527664465.
12:06:09: worldspawn has dealt 14734 damage to Артём Кабанов, killing them!
12:06:14: worldspawn has dealt 12837 damage to Артём Кабанов, killing them!
12:06:20: Артём Кабанов has used '/StorageClose'.
12:06:43: worldspawn has dealt 12202 damage to Артём Кабанов, killing them!
12:07:55: worldspawn has dealt 16796 damage to Артём Кабанов, killing them!
12:08:13: Артём Кабанов (STEAM_0:0:90027894/5.59.130.213:27005) has disconnected.
12:13:14: Lezezel (STEAM_0:1:174008244/31.207.220.195:27005) has connected.
12:14:40: Lezezel has loaded the character 'C17.MPF.PHANTOM.OfC:013'.
12:15:28: LogPlayerSpawnModel
12:15:28: LogPlayerSpawnModel
12:15:28: LogPlayerSpawnModel
12:15:28: LogPlayerSpawnModel
12:15:28: LogPlayerSpawnModel
12:15:28: LogPlayerSpawnModel
12:16:38: C17.MPF.PHANTOM.OfC:013 (STEAM_0:1:174008244/31.207.220.195:27005) has disconnected.
13:45:57: Larns (STEAM_0:1:85812312/94.45.101.158:27005) has connected.
13:46:31: Larns has loaded the character 'C17.MPF.GU.RCT:469'.
13:46:31: C17.MPF.GU.RCT:469 has gained a 9mm Pistol Bullets 1527677192.
13:46:31: C17.MPF.GU.RCT:469 has gained a 9mm Pistol Bullets 1527677193.
13:46:42: worldspawn has dealt 12537 damage to C17.MPF.GU.RCT:469, killing them!
13:46:53: worldspawn has dealt 3472 damage to C17.MPF.GU.RCT:469, killing them!
13:47:00: LogPlayerSpawnModel
13:47:00: LogPlayerSpawnModel
13:47:25: worldspawn has dealt 11318 damage to C17.MPF.GU.RCT:469, killing them!
13:47:33: LogPlayerSpawnModel
13:47:33: LogPlayerSpawnModel
13:48:33: worldspawn has dealt 4558 damage to C17.MPF.GU.RCT:469, killing them!
13:48:43: C17.MPF.GU.RCT:469 (STEAM_0:1:85812312/94.45.101.158:27005) has disconnected.
14:17:24: RASHKA (STEAM_0:1:183863736/94.245.166.84:27005) has connected.
14:18:03: RASHKA has loaded the character 'Алина Уткина'.
14:18:23: Алина Уткина has used '/SetClass Гражданская Оборона'.
14:18:30: Алина Уткина has used '/SetClass ГСР'.
14:18:35: Алина Уткина has used '/SetClass Г.С.Р'.
14:19:42: Алина Уткина has lost a MP7 1527665100.
14:19:42: Алина Уткина has used '/InvAction use weapon_smg1 1527665100.00'.
14:19:47: Алина Уткина has used '/CharSearch'.
14:19:49: Алина Уткина has used '/CharSearch'.
14:19:56: Алина Уткина has gained a SMG Bullets 1527679195.
14:19:56: Алина Уткина has lost a SMG Bullets 1527679195.
14:19:56: Алина Уткина has used '/InvAction use ammo_smg1 1527679195'.
14:20:19: Алина Уткина has used '/CharSearch'.
14:20:24: Алина Уткина has gained a SMG Bullets 1527679225.
14:20:24: Алина Уткина has lost a SMG Bullets 1527679225.
14:20:24: Алина Уткина has used '/InvAction use ammo_smg1 1527679225'.
14:20:25: Алина Уткина has gained a SMG Bullets 1527679227.
14:20:25: Алина Уткина has lost a SMG Bullets 1527679227.
14:20:25: Алина Уткина has used '/InvAction use ammo_smg1 1527679227'.
14:20:27: Алина Уткина has gained a SMG Bullets 1527679228.
14:20:27: Алина Уткина has lost a SMG Bullets 1527679228.
14:20:27: Алина Уткина has used '/InvAction use ammo_smg1 1527679228'.
14:20:28: Алина Уткина has gained a SMG Bullets 1527679224.
14:20:28: Алина Уткина has lost a SMG Bullets 1527679224.
14:20:28: Алина Уткина has used '/InvAction use ammo_smg1 1527679224'.
14:20:56: Алина Уткина has gained a SMG Bullets 1527679266.
14:20:56: Алина Уткина has lost a SMG Bullets 1527679266.
14:20:56: Алина Уткина has used '/InvAction use ammo_smg1 1527679266'.
14:20:58: Алина Уткина has gained a SMG Bullets 1527679267.
14:20:58: Алина Уткина has lost a SMG Bullets 1527679267.
14:20:58: Алина Уткина has used '/InvAction use ammo_smg1 1527679267'.
14:20:58: Алина Уткина has gained a SMG Bullets 1527679265.
14:20:58: Алина Уткина has lost a SMG Bullets 1527679265.
14:20:58: Алина Уткина has used '/InvAction use ammo_smg1 1527679265'.
14:20:59: Алина Уткина has gained a SMG Bullets 1527679261.
14:20:59: Алина Уткина has lost a SMG Bullets 1527679261.
14:20:59: Алина Уткина has used '/InvAction use ammo_smg1 1527679261'.
14:21:00: Алина Уткина has gained a SMG Bullets 1527679263.
14:21:00: Алина Уткина has lost a SMG Bullets 1527679263.
14:21:00: Алина Уткина has used '/InvAction use ammo_smg1 1527679263'.
14:21:01: Алина Уткина has gained a SMG Bullets 1527679260.
14:21:01: Алина Уткина has lost a SMG Bullets 1527679260.
14:21:01: Алина Уткина has used '/InvAction use ammo_smg1 1527679260'.
14:21:02: Алина Уткина has gained a SMG Bullets 1527679262.
14:21:02: Алина Уткина has lost a SMG Bullets 1527679262.
14:21:02: Алина Уткина has used '/InvAction use ammo_smg1 1527679262'.
14:21:03: Алина Уткина has gained a SMG Bullets 1527679259.
14:21:03: Алина Уткина has lost a SMG Bullets 1527679259.
14:21:03: Алина Уткина has used '/InvAction use ammo_smg1 1527679259'.
14:21:06: Алина Уткина has gained a MP7 Grenade 1527679278.
14:21:06: Алина Уткина has lost a MP7 Grenade 1527679278.
14:21:06: Алина Уткина has used '/InvAction use ammo_smg1_grenade 1527679278'.
14:21:08: Алина Уткина has gained a MP7 Grenade 1527679282.
14:21:08: Алина Уткина has lost a MP7 Grenade 1527679282.
14:21:08: Алина Уткина has used '/InvAction use ammo_smg1_grenade 1527679282'.
14:21:14: Алина Уткина has gained a MP7 Grenade 1527679288.
14:21:14: Алина Уткина has lost a MP7 Grenade 1527679288.
14:21:14: Алина Уткина has used '/InvAction use ammo_smg1_grenade 1527679288'.
14:21:24: Алина Уткина has gained a MP7 Grenade 1527679300.
14:21:24: Алина Уткина has lost a MP7 Grenade 1527679300.
14:21:24: Алина Уткина has used '/InvAction use ammo_smg1_grenade 1527679300'.
14:22:12: Алина Уткина has gained a Crowbar 1527679353.
14:22:12: Алина Уткина has lost a Crowbar 1527679353.
14:22:12: Алина Уткина has used '/InvAction use weapon_crowbar 1527679353'.
14:22:23: Алина Уткина has lost a Crowbar 1527679353.
14:22:37: Алина Уткина has lost a Карточка награды 4 ур. 1527619795.
14:22:37: Алина Уткина has used '/InvAction drop civreward_4l 1527619795.00'.
14:22:38: Алина Уткина has used '/InvAction use cits_rebel_ota 1527664770.00'.
14:22:46: Алина Уткина has gained a Crowbar 1527679390.
14:22:46: Алина Уткина has used '/InvAction use sxbase_crowbar 1527679390'.
14:22:46: Алина Уткина has lost a Crowbar 1527679390.
14:22:54: Алина Уткина has gained a Crowbar 1527679390.
14:22:56: Алина Уткина has used '/InvAction use sxbase_crowbar 1527679390.00'.
14:23:00: Алина Уткина has lost a Crowbar 1527679390.
14:23:00: Алина Уткина has used '/InvAction drop sxbase_crowbar 1527679390.00'.
14:23:01: Алина Уткина has gained a Crowbar 1527679390.
14:23:01: Алина Уткина has used '/InvAction use sxbase_crowbar 1527679390'.
14:23:01: Алина Уткина has lost a Crowbar 1527679390.
14:23:03: Алина Уткина has gained a Crowbar 1527679390.
14:23:05: Алина Уткина has used '/InvAction use sxbase_crowbar 1527679390.00'.
14:23:07: Алина Уткина has gained a Crowbar 1527679398.
14:23:07: Алина Уткина has used '/InvAction use sxbase_crowbar 1527679398'.
14:23:07: Алина Уткина has lost a Crowbar 1527679398.
14:23:30: Алина Уткина has gained a Crossbow 1527679436.
14:23:30: Алина Уткина has used '/InvAction use weapon_crossbow 1527679436'.
14:23:30: Алина Уткина has lost a Crossbow 1527679436.
14:24:02: Алина Уткина (STEAM_0:1:183863736/94.245.166.84:27005) has disconnected.
15:40:37: Williams Long (STEAM_0:1:86754303/178.46.87.137:2788) has connected.
15:50:22: Hanz Mengale (STEAM_0:1:82069674/109.252.61.32:17358) has connected.
15:50:26: Williams Long has created a Гражданин character called 'Виллиам Зубков'.
15:50:26: Williams Long has loaded the character 'Виллиам Зубков'.
15:50:41: LogPlayerSpawnModel
15:50:41: LogPlayerSpawnModel
15:50:43: LogPlayerSpawnModel
15:50:43: LogPlayerSpawnModel
15:50:46: LogPlayerSpawnModel
15:50:46: LogPlayerSpawnModel
15:50:49: LogPlayerSpawnModel
15:50:49: LogPlayerSpawnModel
15:50:55: LogPlayerSpawnModel
15:50:55: LogPlayerSpawnModel
15:51:22: Виллиам Зубков has used '/CharSearch'.
15:51:47: Виллиам Зубков (STEAM_0:1:86754303/178.46.87.137:2788) has disconnected.
15:52:50: Hanz Mengale has created a Гражданин character called 'Hanz Shulz'.
15:52:50: Hanz Mengale has loaded the character 'Hanz Shulz'.
15:53:21: Hanz Shulz has lost a Suitcase 1527684772.
15:53:21: Hanz Shulz has used '/InvAction use cw_suitcase 1527684772.00'.
15:53:53: Williams Long (STEAM_0:1:86754303/178.46.87.137:2788) has connected.
15:54:03: Hanz Shulz says: "!menu"
15:54:03: Hanz Shulz says "!menu"
15:54:21: Williams Long has loaded the character 'Виллиам Зубков'.
15:54:37: Виллиам Зубков has gained a MP7 1527664842.
15:54:46: Виллиам Зубков has used '/CharSearch'.
15:54:59: [OOC] Hanz Shulz: м, привет
15:55:09: [OOC] Виллиам Зубков: Дарова
15:55:52: Виллиам Зубков has lost a Suitcase 1527684627.
15:55:52: Виллиам Зубков has used '/InvAction use cw_suitcase 1527684627.00'.
15:55:53: [LOOC] Hanz Shulz: мм
15:55:53: [LOOC] Hanz Shulz: мм
15:55:53: [LOOC] Hanz Shulz: мм
15:56:05: Hanz Shulz has gained a Union Lock 1527679453.
15:56:19: [LOOC] Виллиам Зубков: Что-то сломано
15:56:19: [LOOC] Виллиам Зубков: Что-то сломано
15:56:19: [LOOC] Виллиам Зубков: Что-то сломано
15:56:42: Hanz Shulz says: "Ты тоже слышишь?"
15:56:42: Hanz Shulz says "Ты тоже слышишь?"
15:56:48: [LOOC] Hanz Shulz: Ты тоже слышишь это?
15:56:48: [LOOC] Hanz Shulz: Ты тоже слышишь это?
15:56:48: [LOOC] Hanz Shulz: Ты тоже слышишь это?
15:56:49: Виллиам Зубков says: "Музыку?"
15:56:49: Виллиам Зубков says "Музыку?"
15:56:51: Hanz Shulz says: "Да."
15:56:51: Hanz Shulz says "Да."
15:56:55: Виллиам Зубков says: "Ага"
15:56:55: Виллиам Зубков says "Ага"
15:56:56: Hanz Shulz has used '/CharSearch'.
15:57:14: Hanz Shulz says: "Что"
15:57:14: Hanz Shulz says "Что"
15:57:17: Hanz Shulz says: "Предлагаешь делать"
15:57:17: Hanz Shulz says "Предлагаешь делать"
15:57:25: Виллиам Зубков says: "Пойду город смотреть"
15:57:25: Виллиам Зубков says "Пойду город смотреть"
15:58:06: [LOOC] Hanz Shulz: Мне кажеться, или что-то тут не так?
15:58:06: [LOOC] Hanz Shulz: Мне кажеться, или что-то тут не так?
15:58:06: [LOOC] Hanz Shulz: Мне кажеться, или что-то тут не так?
15:58:14: [LOOC] Виллиам Зубков: Да ладно
15:58:14: [LOOC] Виллиам Зубков: Да ладно
15:58:14: [LOOC] Виллиам Зубков: Да ладно
15:58:51: Виллиам Зубков says: "Открыто"
15:58:51: Виллиам Зубков says "Открыто"
15:59:06: [LOOC] Hanz Shulz: Если мы сейчас прийдем на базу пыщей, то если сервер будет нормальным мы уже пыщами считай будем
15:59:06: [LOOC] Hanz Shulz: Если мы сейчас прийдем на базу пыщей, то если сервер будет нормальным мы уже пыщами считай будем
15:59:06: [LOOC] Hanz Shulz: Если мы сейчас прийдем на базу пыщей, то если сервер будет нормальным мы уже пыщами считай будем
15:59:24: [LOOC] Hanz Shulz: Но, правда, я не знаю где их база.
15:59:24: [LOOC] Hanz Shulz: Но, правда, я не знаю где их база.
15:59:24: [LOOC] Hanz Shulz: Но, правда, я не знаю где их база.
15:59:35: [LOOC] Виллиам Зубков: Я создал персонажа чтобы просто посмотреть сервер
15:59:35: [LOOC] Виллиам Зубков: Я создал персонажа чтобы просто посмотреть сервер
15:59:35: [LOOC] Виллиам Зубков: Я создал персонажа чтобы просто посмотреть сервер
15:59:38: Hanz Shulz has lost a Suitcase 1527684772.
15:59:38: worldspawn has dealt 14517 damage to Hanz Shulz, killing them!
15:59:43: worldspawn has dealt 12551 damage to Hanz Shulz, killing them!
15:59:49: Hanz Shulz has used '/StorageGiveTokens 10000.00'.
15:59:50: Hanz Shulz has used '/StorageTakeTokens 10000.00'.
15:59:51: Hanz Shulz has used '/StorageClose'.
15:59:51: [LOOC] Виллиам Зубков: ...
15:59:51: [LOOC] Виллиам Зубков: ...
15:59:51: [LOOC] Виллиам Зубков: ...
15:59:54: Виллиам Зубков has gained a Suitcase 1527684772.
15:59:57: worldspawn has dealt 7427 damage to Hanz Shulz, killing them!
15:59:58: Виллиам Зубков has used '/StorageClose'.
16:00:02: [OOC] Hanz Shulz: ЛОЛ?
16:00:11: [OOC] Виллиам Зубков: Как
16:00:30: worldspawn has dealt 11982 damage to Hanz Shulz, killing them!
16:00:32: Виллиам Зубков has lost a Suitcase 1527684627.
16:00:32: worldspawn has dealt 13542 damage to Виллиам Зубков, killing them!
16:00:33: worldspawn has dealt 6777 damage to Hanz Shulz, killing them!
16:00:36: Hanz Shulz says: "мда"
16:00:36: Hanz Shulz says "мда"
16:00:41: Виллиам Зубков has gained a Парализатор 1527665014.
16:00:41: Виллиам Зубков has lost a Парализатор 1527665014.
16:00:41: Виллиам Зубков has used '/InvAction use cw_stunstick 1527665014'.
16:00:45: Виллиам Зубков has used '/CharSearch'.
16:00:47: Hanz Shulz says: "Стой"
16:00:47: Hanz Shulz says "Стой"
16:00:49: Hanz Shulz says: "Я тебя слышу"
16:00:49: Hanz Shulz says "Я тебя слышу"
16:00:58: Hanz Shulz says: "тут войс чат слышно"
16:00:58: Hanz Shulz says "тут войс чат слышно"
16:00:59: Hanz Shulz says: "мм"
16:00:59: Hanz Shulz says "мм"
16:01:04: worldspawn has dealt 9274 damage to Hanz Shulz, killing them!
16:01:06: Виллиам Зубков has lost a Парализатор 1527665014.
16:01:06: Виллиам Зубков has used '/DropWeapon'.
16:01:07: worldspawn has dealt 12914 damage to Hanz Shulz, killing them!
16:01:12: worldspawn has dealt 2562 damage to Виллиам Зубков, killing them!
16:01:13: Hanz Shulz has gained a Парализатор 1527665014.
16:01:15: worldspawn has dealt 12144 damage to Виллиам Зубков, killing them!
16:01:20: Виллиам Зубков has used '/StorageClose'.
16:01:21: Hanz Shulz has lost a Парализатор 1527665014.
16:01:21: Hanz Shulz has used '/InvAction use cw_stunstick 1527665014.00'.
16:01:25: Hanz Shulz says: "А я не понимаю"
16:01:25: Hanz Shulz says "А я не понимаю"
16:01:27: Hanz Shulz says: "Какого херу"
16:01:27: Hanz Shulz says "Какого херу"
16:01:29: Hanz Shulz says: "хера*"
16:01:29: Hanz Shulz says "хера*"
16:01:37: Hanz Shulz has lost a Парализатор 1527665014.
16:01:37: worldspawn has dealt 13959 damage to Hanz Shulz, killing them!
16:01:44: Виллиам Зубков has gained a Парализатор 1527665014.
16:01:44: worldspawn has dealt 2747 damage to Hanz Shulz, killing them!
16:02:10: Hanz Shulz says: "а музыка"
16:02:10: Hanz Shulz says "а музыка"
16:02:12: Hanz Shulz says: "какого хера"
16:02:12: Hanz Shulz says "какого хера"
16:02:29: Hanz Shulz says: "А ты что, кодер?"
16:02:29: Hanz Shulz says "А ты что, кодер?"
16:03:47: Hanz Shulz has used '/CharSearch'.
16:03:55: Виллиам Зубков (STEAM_0:1:86754303/178.46.87.137:2788) has disconnected.
16:04:58: trigger_hurt has dealt 2680 damage to Hanz Shulz, killing them!
16:05:05: Hanz Shulz has used '/StorageClose'.
16:05:21: env_headcrabcanister has dealt 8539 damage to Hanz Shulz, killing them!
16:05:46: Hanz Shulz (STEAM_0:1:82069674/109.252.61.32:17358) has disconnected.
16:06:05: Williams Long (STEAM_0:1:86754303/178.46.87.137:2788) has connected.
16:06:32: Williams Long has loaded the character 'Виллиам Зубков'.
16:06:48: Виллиам Зубков has used '/StorageClose'.
16:06:55: npc_headcrab has dealt 313 damage to Виллиам Зубков, killing them!
16:08:51: Виллиам Зубков has gained a Карточка награды 4 ур. 1527619930.
16:08:59: Виллиам Зубков has used '/InvAction use civreward_4l 1527619930.00'.
16:10:23: LogPlayerSpawnModel
16:10:23: LogPlayerSpawnModel
16:10:24: LogPlayerSpawnModel
16:10:24: LogPlayerSpawnModel
16:10:28: LogPlayerSpawnModel
16:10:28: LogPlayerSpawnModel
16:10:31: LogPlayerSpawnModel
16:10:31: LogPlayerSpawnModel
16:10:57: Виллиам Зубков has used '/CraftBlueprint Открыть_чемодан'.
16:11:05: Виллиам Зубков has lost a Парализатор 1527665014.
16:11:05: Виллиам Зубков has used '/InvAction drop cw_stunstick 1527665014.00'.
16:11:09: Виллиам Зубков has gained a Парализатор 1527665014.
16:11:31: Виллиам Зубков says: "!menu"
16:11:31: Виллиам Зубков says "!menu"
16:14:43: worldspawn has dealt 5096 damage to Виллиам Зубков, killing them!
16:15:05: Виллиам Зубков has gained a .357 Magnum Bullets 1527686101.
16:15:05: Виллиам Зубков has used '/InvAction use ammo_357 1527686101'.
16:15:05: Виллиам Зубков has lost a .357 Magnum Bullets 1527686101.
16:15:08: Виллиам Зубков has gained a .357 Magnum Bullets 1527686101.
16:15:22: worldspawn has dealt 9153 damage to Виллиам Зубков, killing them!
16:15:26: worldspawn has dealt 11866 damage to Виллиам Зубков, killing them!
16:15:31: worldspawn has dealt 9220 damage to Виллиам Зубков, killing them!
16:15:41: Виллиам Зубков has used '/InvAction Split ammo_357 1527686101.00'.
16:15:43: Виллиам Зубков has lost a .357 Magnum Bullets 1527686101.
16:15:43: Виллиам Зубков has used '/InvAction drop ammo_357 1527686101.00'.
16:15:44: Виллиам Зубков has lost a Suitcase 1527684772.
16:15:44: Виллиам Зубков has used '/InvAction drop cw_suitcase 1527684772.00'.
16:15:45: Виллиам Зубков has lost a MP7 1527664842.
16:15:45: Виллиам Зубков has used '/InvAction drop weapon_smg1 1527664842.00'.
16:15:46: Виллиам Зубков has lost a Парализатор 1527665014.
16:15:46: Виллиам Зубков has used '/InvAction drop cw_stunstick 1527665014.00'.
16:15:48: Виллиам Зубков has lost a Карточка награды 4 ур. 1527619930.
16:15:48: Виллиам Зубков has used '/InvAction drop civreward_4l 1527619930.00'.
16:16:12: Виллиам Зубков has gained a Resistance Uniform 1527686172.
16:16:17: Виллиам Зубков has used '/InvAction use resistance_uniform 1527686172.00'.
16:16:28: Виллиам Зубков has used '/InvAction use resistance_uniform 1527686172.00'.
16:16:32: Виллиам Зубков has lost a Resistance Uniform 1527686172.
16:16:32: Виллиам Зубков has used '/InvAction drop resistance_uniform 1527686172.00'.
16:17:06: Виллиам Зубков has gained a RPG 1527686221.
16:19:04: Williams Long has created a Гражданин character called 'Виллиамс Зубков'.
16:19:12: Williams Long has loaded the character 'Виллиамс Зубков'.
16:19:53: Виллиамс Зубков has gained a Карточка награды 4 ур. 1527686399.
16:19:57: Виллиамс Зубков has gained a Карточка награды 4 ур. 1527686406.
16:20:20: Виллиамс Зубков has gained a Vegetable Oil 1527686425.
16:20:34: Виллиамс Зубков has lost a Vegetable Oil 1527686425.
16:20:34: Виллиамс Зубков has used '/InvAction drop vegetable_oil 1527686425.00'.
16:20:51: Виллиамс Зубков has gained a Metropolice Supplements 1527686458.
16:21:10: Виллиамс Зубков has gained a Boxed Backpack 1527686479.
16:21:10: Виллиамс Зубков has used '/InvAction use boxed_backpack 1527686479'.
16:21:10: Виллиамс Зубков has lost a Boxed Backpack 1527686479.
16:21:14: Виллиамс Зубков has gained a Boxed Backpack 1527686479.
16:21:17: Виллиамс Зубков has used '/InvAction use boxed_backpack 1527686479.00'.
16:21:18: Виллиамс Зубков has lost a Boxed Backpack 1527686479.
16:21:18: Виллиамс Зубков has used '/InvAction drop boxed_backpack 1527686479.00'.
16:21:20: Виллиамс Зубков has lost a Suitcase 1527686352.
16:21:20: Виллиамс Зубков has used '/InvAction drop cw_suitcase 1527686352.00'.
16:21:26: Виллиамс Зубков has gained a Suitcase 1527686352.
16:21:31: Виллиамс Зубков has lost a Suitcase 1527686352.
16:21:31: Виллиамс Зубков has used '/InvAction drop cw_suitcase 1527686352.00'.
16:21:33: Виллиамс Зубков has lost a Metropolice Supplements 1527686458.
16:21:33: Виллиамс Зубков has used '/InvAction use metropolice_supplements 1527686458.00'.
16:21:48: Виллиамс Зубков has gained a Импульсная винтовка 1527686519.
16:21:55: Виллиамс Зубков has gained a MP7 1527686528.
16:22:07: Виллиамс Зубков has gained a SMG Bullets 1527686541.
16:22:07: Виллиамс Зубков has used '/InvAction use ammo_smg1 1527686541'.
16:22:07: Виллиамс Зубков has lost a SMG Bullets 1527686541.
16:22:09: Виллиамс Зубков has gained a SMG Bullets 1527686541.
16:22:12: Виллиамс Зубков has gained a SMG Bullets 1527686548.
16:22:31: Виллиамс Зубков has gained a Сломанный MP7 1527686569.
16:22:37: Виллиамс Зубков has lost a Сломанный MP7 1527686569.
16:22:37: Виллиамс Зубков has used '/InvAction drop broken_smg 1527686569.00'.
16:23:11: Виллиамс Зубков has lost a Карточка награды 4 ур. 1527686406.
16:23:11: Виллиамс Зубков has used '/InvAction drop civreward_4l 1527686406.00'.
16:23:14: Виллиамс Зубков has lost a Карточка награды 4 ур. 1527686399.
16:23:14: Виллиамс Зубков has used '/InvAction drop civreward_4l 1527686399.00'.
16:23:25: worldspawn has dealt 5143 damage to Виллиамс Зубков, killing them!
16:23:42: Виллиамс Зубков has gained a Импульсная винтовка 1527686642.
16:23:42: Виллиамс Зубков has lost a Импульсная винтовка 1527686642.
16:23:42: Виллиамс Зубков has used '/InvAction use weapon_ar2 1527686642'.
16:24:02: Виллиамс Зубков has gained a Pulse-Rifle Energy 1527686662.
16:24:02: Виллиамс Зубков has lost a Pulse-Rifle Energy 1527686662.
16:24:02: Виллиамс Зубков has used '/InvAction use ammo_ar2 1527686662'.
16:24:05: Виллиамс Зубков has gained a Pulse-Rifle Energy 1527686667.
16:24:05: Виллиамс Зубков has lost a Pulse-Rifle Energy 1527686667.
16:24:05: Виллиамс Зубков has used '/InvAction use ammo_ar2 1527686667'.
16:24:11: Виллиамс Зубков has lost a Импульсная винтовка 1527686642.
16:24:11: npc_headcrab has dealt 325 damage to Виллиамс Зубков, killing them!
16:24:20: Виллиамс Зубков has gained a Импульсная винтовка 1527686684.
16:24:20: Виллиамс Зубков has lost a Импульсная винтовка 1527686684.
16:24:20: Виллиамс Зубков has used '/InvAction use weapon_ar2 1527686684'.
16:24:26: Виллиамс Зубков has gained a Pulse-Rifle Energy 1527686681.
16:24:26: Виллиамс Зубков has lost a Pulse-Rifle Energy 1527686681.
16:24:26: Виллиамс Зубков has used '/InvAction use ammo_ar2 1527686681'.
16:24:27: Виллиамс Зубков has gained a Pulse-Rifle Energy 1527686679.
16:24:27: Виллиамс Зубков has lost a Pulse-Rifle Energy 1527686679.
16:24:27: Виллиамс Зубков has used '/InvAction use ammo_ar2 1527686679'.
16:25:05: Виллиамс Зубков has gained a Grenade 1527686731.
16:25:05: Виллиамс Зубков has lost a Grenade 1527686731.
16:25:05: Виллиамс Зубков has used '/InvAction use weapon_frag 1527686731'.
16:25:52: Виллиамс Зубков has lost a Импульсная винтовка 1527686684.
16:25:52: Виллиамс Зубков has used '/DropWeapon'.
16:26:02: Виллиамс Зубков has gained a Фонарик 1527686788.
16:26:02: Виллиамс Зубков has lost a Фонарик 1527686788.
16:26:02: Виллиамс Зубков has used '/InvAction use cw_flashlight 1527686788'.
16:26:09: Виллиамс Зубков has lost a Grenade 1527686731.
16:26:09: Виллиамс Зубков has used '/DropWeapon'.
16:29:07: Виллиамс Зубков has used '/Sleep'.
16:29:25: Виллиамс Зубков has lost a Фонарик 1527686788.
16:29:25: worldspawn has dealt 2665 damage to Виллиамс Зубков, killing them!
16:29:42: Williams Long has loaded the character 'Виллиам Зубков'.
16:29:57: Виллиам Зубков has lost a RPG 1527686221.
16:29:57: Виллиам Зубков has used '/InvAction use weapon_rpg 1527686221.00'.
16:30:00: Виллиам Зубков has gained a Карточка награды 4 ур. 1527687017.
16:30:01: Виллиам Зубков has gained a Карточка награды 4 ур. 1527687015.
16:30:03: Виллиам Зубков has gained a Карточка награды 4 ур. 1527687019.
16:30:12: Виллиам Зубков has gained a Карточка награды 4 ур. 1527687047.
16:30:13: Виллиам Зубков has gained a Карточка награды 4 ур. 1527687045.
16:30:15: Виллиам Зубков has gained a Карточка награды 4 ур. 1527687044.
16:30:16: Виллиам Зубков has gained a Карточка награды 4 ур. 1527687046.
16:30:26: Виллиам Зубков has gained a Карточка награды 1 ур. 1527687062.
16:30:35: Виллиам Зубков has gained a Карточка награды 2 ур. 1527687073.
16:30:37: Виллиам Зубков has gained a Карточка награды 3 ур. 1527687076.
16:30:50: Виллиам Зубков has gained a Рюкзак 1527687089.
16:30:59: Виллиам Зубков has lost a Рюкзак 1527687089.
16:30:59: Виллиам Зубков has used '/InvAction drop carvass_backpack 1527687089.00'.
16:31:02: Виллиам Зубков has gained a Рюкзак 1527687089.
16:31:26: Виллиам Зубков has gained a Шприц с зеленой жидкостью 'Быстро' 1527687124.
16:31:26: Виллиам Зубков has lost a Шприц с зеленой жидкостью 'Быстро' 1527687124.
16:31:26: Виллиам Зубков has used '/InvAction use fast_green_liquid 1527687124'.
16:31:35: Виллиам Зубков has gained a Бинт 1527687135.
16:31:35: Виллиам Зубков has lost a Бинт 1527687135.
16:31:35: Виллиам Зубков has used '/InvAction use bandage 1527687135'.
16:31:50: Виллиам Зубков has gained a Бинт 1527687149.
16:31:50: Виллиам Зубков has lost a Бинт 1527687149.
16:31:50: Виллиам Зубков has used '/InvAction use bandage 1527687149'.
16:31:52: Виллиам Зубков has gained a Бинт 1527687150.
16:31:52: Виллиам Зубков has lost a Бинт 1527687150.
16:31:52: Виллиам Зубков has used '/InvAction use bandage 1527687150'.
16:31:56: Виллиам Зубков has lost a RPG 1527686221.
16:31:56: worldspawn has dealt 11927 damage to Виллиам Зубков, killing them!
16:32:02: Виллиам Зубков has gained a RPG 1527686221.
16:32:02: Виллиам Зубков has lost a RPG 1527686221.
16:32:02: Виллиам Зубков has used '/InvAction use weapon_rpg 1527686221'.
16:32:18: Виллиам Зубков has gained a RPG Missile 1527687182.
16:32:18: Виллиам Зубков has lost a RPG Missile 1527687182.
16:32:18: Виллиам Зубков has used '/InvAction use ammo_rpg_round 1527687182'.
16:32:28: Виллиам Зубков has lost a RPG 1527686221.
16:32:28: Виллиам Зубков has used '/DropWeapon'.
16:32:36: worldspawn has dealt 12764 damage to Виллиам Зубков, killing them!
16:32:41: worldspawn has dealt 12393 damage to Виллиам Зубков, killing them!
16:32:47: Виллиам Зубков has gained a Шприц с зеленой жидкостью 'Медленно' 1527687212.
16:32:47: Виллиам Зубков has lost a Шприц с зеленой жидкостью 'Медленно' 1527687212.
16:32:47: Виллиам Зубков has used '/InvAction use green_liquid 1527687212'.
16:32:55: Виллиам Зубков has gained a Бинт 1527687220.
16:32:55: Виллиам Зубков has lost a Бинт 1527687220.
16:32:55: Виллиам Зубков has used '/InvAction use bandage 1527687220'.
16:33:03: Виллиам Зубков has gained a Парацетамол 1527687230.
16:33:03: Виллиам Зубков has gained a Пустая консервная банка 1527687233.
16:33:03: Виллиам Зубков has lost a Парацетамол 1527687230.
16:33:03: Виллиам Зубков has used '/InvAction use paracetamol 1527687230'.
16:33:08: Виллиам Зубков has gained a Антидот 1527687238.
16:33:08: Виллиам Зубков has lost a Антидот 1527687238.
16:33:08: Виллиам Зубков has used '/InvAction use green_antidote 1527687238'.
16:33:19: Виллиам Зубков has gained a Антидот 1527687246.
16:33:23: Виллиам Зубков has gained a Бинт 1527687254.
16:33:25: Виллиам Зубков has gained a Бинт 1527687255.
16:33:54: Виллиам Зубков has gained a Пищевые добавки 1527687287.
16:33:54: Виллиам Зубков has gained a Пустая банка от пищевых добавок 1527687290.
16:33:54: Виллиам Зубков has lost a Пищевые добавки 1527687287.
16:33:54: Виллиам Зубков has used '/InvAction use citizen_supplements 1527687287'.
16:34:07: Виллиам Зубков has gained a Пищевые добавки 1527687302.
16:34:09: Виллиам Зубков has gained a Пищевые добавки 1527687305.
16:34:11: Виллиам Зубков has gained a Пищевые добавки 1527687309.
16:34:13: Виллиам Зубков has gained a Пищевые добавки 1527687312.
16:34:15: Виллиам Зубков has gained a Пищевые добавки 1527687314.
16:34:21: Виллиам Зубков has used '/Sleep'.
16:34:48: Виллиам Зубков has gained a Бинт 1527687345.
16:34:48: Виллиам Зубков has lost a Бинт 1527687345.
16:34:48: Виллиам Зубков has used '/InvAction use bandage 1527687345'.
16:34:51: Виллиам Зубков has gained a Бинт 1527687339.
16:34:51: Виллиам Зубков has lost a Бинт 1527687339.
16:34:51: Виллиам Зубков has used '/InvAction use bandage 1527687339'.
16:35:28: Виллиам Зубков has gained a Парализатор 1527687393.
16:35:35: Виллиам Зубков has gained a Flash 1527687401.
16:35:35: Виллиам Зубков has lost a Flash 1527687401.
16:35:35: Виллиам Зубков has used '/InvAction use cw_flashgrenade 1527687401'.
16:36:28: Виллиам Зубков (STEAM_0:1:86754303/178.46.87.137:2788) has disconnected.
16:56:53: dekline (STEAM_0:0:97452991/94.245.130.76:3453) has connected.
17:38:52: ponomorev2007 (STEAM_0:1:214776331/46.166.101.245:27585) has connected.
17:40:37: ponomorev2007 has created a Гражданин character called 'danil'.
17:40:37: ponomorev2007 has loaded the character 'danil'.
17:40:51: Mistake (STEAM_0:0:234100950/94.25.167.28:7217) has connected.
17:41:14: worldspawn has dealt 8552 damage to danil, killing them!
17:41:19: worldspawn has dealt 13645 damage to danil, killing them!
17:42:38: danil (STEAM_0:1:214776331/46.166.101.245:27585) has disconnected.
17:45:17: Mistake has created a Гражданин character called 'Андрей Васькин'.
17:45:17: Mistake has loaded the character 'Андрей Васькин'.
17:45:30: LogPlayerSpawnModel
17:45:30: LogPlayerSpawnModel
17:45:31: LogPlayerSpawnModel
17:45:31: LogPlayerSpawnModel
17:46:05: Андрей Васькин has gained a Crowbar 1527691567.
17:46:05: Андрей Васькин has lost a Crowbar 1527691567.
17:46:05: Андрей Васькин has used '/InvAction use weapon_crowbar 1527691567'.
17:46:18: Андрей Васькин has gained a MP7 1527691580.
17:46:18: Андрей Васькин has lost a MP7 1527691580.
17:46:18: Андрей Васькин has used '/InvAction use weapon_smg1 1527691580'.
17:46:23: Андрей Васькин has gained a Активированный уголь 1527691588.
17:46:42: Андрей Васькин has gained a Бронежилет ОТА 1527691608.
17:46:42: Андрей Васькин has used '/InvAction use cits_rebel_ota 1527691608'.
17:46:48: Андрей Васькин has gained a Сумка ГО 1527691615.
17:46:48: Андрей Васькин has used '/InvAction use cps_bag 1527691615'.
17:46:48: Андрей Васькин has lost a Сумка ГО 1527691615.
17:46:54: Андрей Васькин has gained a Стандартный воротник для головы 1527691623.
17:46:54: Андрей Васькин has used '/InvAction use cps_neck 1527691623'.
17:46:54: Андрей Васькин has lost a Стандартный воротник для головы 1527691623.
17:47:06: Андрей Васькин has gained a Униформа EpU 1527691635.
17:47:06: Андрей Васькин has used '/InvAction use cps_uniform_shapecamo 1527691635'.
17:47:06: Андрей Васькин has lost a Униформа EpU 1527691635.
17:47:22: Андрей Васькин has gained a Респиратор 'Onc-20e' 1527691653.
17:47:22: Андрей Васькин has used '/InvAction use cps_mask_oncte 1527691653'.
17:47:22: Андрей Васькин has lost a Респиратор 'Onc-20e' 1527691653.
17:47:25: Андрей Васькин has gained a Противогаз 1527691658.
17:47:25: Андрей Васькин has used '/InvAction use cits_gasmask 1527691658'.
17:47:27: Андрей Васькин has gained a Разгрузочный жилет 1527691661.
17:47:27: Андрей Васькин has used '/InvAction use cps_gear 1527691661'.
17:47:27: Андрей Васькин has lost a Разгрузочный жилет 1527691661.
17:47:38: Андрей Васькин has lost a Suitcase 1527691519.
17:47:38: Андрей Васькин has used '/InvAction drop cw_suitcase 1527691519.00'.
17:47:46: Андрей Васькин has lost a Активированный уголь 1527691588.
17:47:46: Андрей Васькин has used '/InvAction drop other_coal 1527691588.00'.
17:47:58: Андрей Васькин has gained a Карточка награды 4 ур. 1527691693.
17:48:00: Андрей Васькин has gained a Карточка награды 3 ур. 1527691696.
17:48:02: Андрей Васькин has gained a Карточка награды 4 ур. 1527691699.
17:48:04: Андрей Васькин has gained a Карточка награды 4 ур. 1527691701.
17:48:05: Андрей Васькин has gained a Карточка награды 4 ур. 1527691702.
17:48:26: Андрей Васькин has gained a Container Base 1527691724.
17:48:26: Андрей Васькин has used '/InvAction use container_base 1527691724'.
17:48:26: Андрей Васькин has lost a Container Base 1527691724.
17:48:28: Андрей Васькин has used '/StorageClose'.
17:48:31: Андрей Васькин has gained a Boxed Backpack 1527691732.
17:48:31: Андрей Васькин has used '/InvAction use boxed_backpack 1527691732'.
17:48:31: Андрей Васькин has lost a Boxed Backpack 1527691732.
17:48:37: Андрей Васькин has lost a Бронежилет ОТА 1527691608.
17:48:37: Андрей Васькин has used '/InvAction drop cits_rebel_ota 1527691608.00'.
17:48:39: Андрей Васькин has gained a Boxed Backpack 1527691732.
17:48:39: Андрей Васькин has used '/InvAction use boxed_backpack 1527691732'.
17:48:39: Андрей Васькин has lost a Boxed Backpack 1527691732.
17:48:41: Андрей Васькин has gained a Бронежилет ОТА 1527691608.
17:48:41: Андрей Васькин has used '/InvAction use cits_rebel_ota 1527691608'.
17:48:44: Андрей Васькин has used '/InvAction use cits_rebel_ota 1527691608.00'.
17:48:46: Андрей Васькин has used '/InvAction use cits_gasmask 1527691658.00'.
17:48:56: Андрей Васькин has lost a Бронежилет ОТА 1527691608.
17:48:56: Андрей Васькин has used '/InvAction drop cits_rebel_ota 1527691608.00'.
17:48:57: Андрей Васькин has gained a Small Bag 1527691756.
17:49:01: Андрей Васькин has gained a Boxed Bag 1527691765.
17:49:03: Андрей Васькин has gained a Small Bag 1527691769.
17:49:03: Андрей Васькин has lost a Boxed Bag 1527691765.
17:49:03: Андрей Васькин has used '/InvAction use boxed_bag 1527691765.00'.
17:49:06: Андрей Васькин has gained a Small Bag 1527691772.
17:49:09: Андрей Васькин has gained a Small Bag 1527691777.
17:49:10: Андрей Васькин has gained a Small Bag 1527691775.
17:49:12: Андрей Васькин has gained a Бронежилет ОТА 1527691608.
17:49:12: Андрей Васькин has used '/InvAction use cits_rebel_ota 1527691608'.
17:49:28: Андрей Васькин has gained a Зеленые штаны повстанцев 1527691796.
17:49:28: Андрей Васькин has used '/InvAction use cits_rebel1_legs 1527691796'.
17:49:59: LogPlayerSpawnModel
17:49:59: LogPlayerSpawnModel
17:50:01: LogPlayerSpawnModel
17:50:01: LogPlayerSpawnModel
17:50:01: LogPlayerSpawnModel
17:50:01: LogPlayerSpawnModel
17:50:01: LogPlayerSpawnModel
17:50:01: LogPlayerSpawnModel
17:50:01: LogPlayerSpawnModel
17:50:01: LogPlayerSpawnModel
17:50:02: LogPlayerSpawnModel
17:50:02: LogPlayerSpawnModel
17:50:04: LogPlayerSpawnModel
17:50:04: LogPlayerSpawnModel
17:50:04: LogPlayerSpawnModel
17:50:04: LogPlayerSpawnModel
17:50:04: LogPlayerSpawnModel
17:50:04: LogPlayerSpawnModel
17:50:04: LogPlayerSpawnModel
17:50:04: LogPlayerSpawnModel
17:50:04: LogPlayerSpawnModel
17:50:04: LogPlayerSpawnModel
17:50:05: LogPlayerSpawnModel
17:50:05: LogPlayerSpawnModel
17:50:05: LogPlayerSpawnModel
17:50:05: LogPlayerSpawnModel
17:50:05: LogPlayerSpawnModel
17:50:05: LogPlayerSpawnModel
17:50:05: LogPlayerSpawnModel
17:50:05: LogPlayerSpawnModel
17:50:05: LogPlayerSpawnModel
17:50:05: LogPlayerSpawnModel
17:50:06: LogPlayerSpawnModel
17:50:06: LogPlayerSpawnModel
17:50:06: LogPlayerSpawnModel
17:50:06: LogPlayerSpawnModel
17:50:06: LogPlayerSpawnModel
17:50:06: LogPlayerSpawnModel
17:50:06: LogPlayerSpawnModel
17:50:06: LogPlayerSpawnModel
17:50:06: LogPlayerSpawnModel
17:50:06: LogPlayerSpawnModel
17:50:06: LogPlayerSpawnModel
17:50:06: LogPlayerSpawnModel
17:50:07: LogPlayerSpawnModel
17:50:07: LogPlayerSpawnModel
17:50:07: LogPlayerSpawnModel
17:50:07: LogPlayerSpawnModel
17:50:07: LogPlayerSpawnModel
17:50:07: LogPlayerSpawnModel
17:50:07: LogPlayerSpawnModel
17:50:07: LogPlayerSpawnModel
17:50:07: LogPlayerSpawnModel
17:50:07: LogPlayerSpawnModel
17:50:08: LogPlayerSpawnModel
17:50:08: LogPlayerSpawnModel
17:50:08: LogPlayerSpawnModel
17:50:08: LogPlayerSpawnModel
17:50:08: LogPlayerSpawnModel
17:50:08: LogPlayerSpawnModel
17:50:08: LogPlayerSpawnModel
17:50:08: LogPlayerSpawnModel
17:50:08: LogPlayerSpawnModel
17:50:08: LogPlayerSpawnModel
17:50:09: LogPlayerSpawnModel
17:50:09: LogPlayerSpawnModel
17:50:09: LogPlayerSpawnModel
17:50:09: LogPlayerSpawnModel
17:50:09: LogPlayerSpawnModel
17:50:09: LogPlayerSpawnModel
17:50:09: LogPlayerSpawnModel
17:50:09: LogPlayerSpawnModel
17:50:09: LogPlayerSpawnModel
17:50:09: LogPlayerSpawnModel
17:50:10: LogPlayerSpawnModel
17:50:10: LogPlayerSpawnModel
17:50:10: LogPlayerSpawnModel
17:50:10: LogPlayerSpawnModel
17:50:10: LogPlayerSpawnModel
17:50:10: LogPlayerSpawnModel
17:50:10: LogPlayerSpawnModel
17:50:10: LogPlayerSpawnModel
17:50:10: LogPlayerSpawnModel
17:50:10: LogPlayerSpawnModel
17:50:10: LogPlayerSpawnModel
17:50:10: LogPlayerSpawnModel
17:50:11: LogPlayerSpawnModel
17:50:11: LogPlayerSpawnModel
17:50:11: LogPlayerSpawnModel
17:50:11: LogPlayerSpawnModel
17:50:11: LogPlayerSpawnModel
17:50:11: LogPlayerSpawnModel
17:50:11: LogPlayerSpawnModel
17:50:11: LogPlayerSpawnModel
17:50:22: Андрей Васькин (STEAM_0:0:234100950/94.25.167.28:7217) has disconnected.
