20:42:47: Lenny na doske ( ͠° ͟ʖ ͡° (STEAM_0:0:427460350/92.101.210.80:27005) has connected.
20:46:49: Lenny na doske ( ͠° ͟ʖ ͡° has created a Гражданин character called 'Lenny Lizowzskiy'.
20:46:49: Lenny na doske ( ͠° ͟ʖ ͡° has loaded the character 'Lenny Lizowzskiy'.
20:47:53: LogPlayerSpawnModel
20:47:53: LogPlayerSpawnModel
20:48:32: Lenny Lizowzskiy has gained a Пустой рацион 1527437759.
20:48:37: Lenny Lizowzskiy has gained a Карточка награды 3 ур. 1527437772.
20:48:37: Lenny Lizowzskiy has used '/InvAction use civreward_3l 1527437772'.
20:48:37: Lenny Lizowzskiy has lost a Карточка награды 3 ур. 1527437772.
20:48:44: Lenny Lizowzskiy has gained a Карточка награды 3 ур. 1527437772.
20:49:15: Lenny Lizowzskiy has lost a Suitcase 1527616010.
20:49:15: Lenny Lizowzskiy has used '/InvAction use cw_suitcase 1527616010.00'.
20:49:20: Lenny Lizowzskiy has lost a Пустой рацион 1527437759.
20:49:20: Lenny Lizowzskiy has used '/InvAction drop empty_paper_ration 1527437759.00'.
20:49:25: Lenny Lizowzskiy has gained a RPG 1527446011.
20:49:32: Lenny Lizowzskiy has lost a RPG 1527446011.
20:49:32: Lenny Lizowzskiy has used '/InvAction use weapon_rpg 1527446011.00'.
20:54:06: Lenny Lizowzskiy has lost a Suitcase 1527616010.
20:54:06: Lenny Lizowzskiy has lost a RPG 1527446011.
20:54:06: worldspawn has dealt 16509 damage to Lenny Lizowzskiy, killing them!
20:54:09: worldspawn has dealt 12598 damage to Lenny Lizowzskiy, killing them!
20:54:22: worldspawn has dealt 10886 damage to Lenny Lizowzskiy, killing them!
20:54:29: Lenny Lizowzskiy has used '/StorageClose'.
20:54:33: worldspawn has dealt 13003 damage to Lenny Lizowzskiy, killing them!
20:54:44: worldspawn has dealt 12350 damage to Lenny Lizowzskiy, killing them!
20:55:02: Lenny Lizowzskiy has gained a Crowbar 1527445923.
20:55:02: Lenny Lizowzskiy has used '/InvAction use sxbase_crowbar 1527445923'.
20:55:02: Lenny Lizowzskiy has lost a Crowbar 1527445923.
20:55:05: Lenny Lizowzskiy has gained a Crowbar 1527445923.
20:55:05: Lenny Lizowzskiy has used '/InvAction use sxbase_crowbar 1527445923'.
20:55:05: Lenny Lizowzskiy has lost a Crowbar 1527445923.
20:55:07: Lenny Lizowzskiy has gained a Crowbar 1527445923.
20:55:12: Lenny Lizowzskiy has used '/InvAction use sxbase_crowbar 1527445923.00'.
20:55:19: Lenny Lizowzskiy has used '/InvAction use sxbase_crowbar 1527445923.00'.
20:55:22: Lenny Lizowzskiy has gained a Shotgun 1527440938.
20:55:22: Lenny Lizowzskiy has lost a Shotgun 1527440938.
20:55:22: Lenny Lizowzskiy has used '/InvAction use weapon_shotgun 1527440938'.
20:55:38: Lenny Lizowzskiy has lost a Shotgun 1527440938.
20:55:38: worldspawn has dealt 9266 damage to Lenny Lizowzskiy, killing them!
20:55:44: worldspawn has dealt 10290 damage to Lenny Lizowzskiy, killing them!
20:55:59: Lenny Lizowzskiy has gained a Бронежилет ОТА 1527445402.
20:55:59: Lenny Lizowzskiy has used '/InvAction use cits_rebel_ota 1527445402'.
20:56:09: Lenny Lizowzskiy has used '/InvAction use cits_rebel_ota 1527445402.00'.
20:56:16: Lenny Lizowzskiy has used '/AnimATW'.
20:56:21: Lenny Lizowzskiy has used '/AnimATW'.
20:56:25: Lenny Lizowzskiy has used '/AnimDeny'.
20:56:29: Lenny Lizowzskiy has used '/AnimIdle'.
20:56:57: Lenny Lizowzskiy has lost a Бронежилет ОТА 1527445402.
20:56:57: Lenny Lizowzskiy has used '/InvAction drop cits_rebel_ota 1527445402.00'.
20:56:59: Lenny Lizowzskiy has gained a Handheld Radio 1527355467.
20:57:03: Lenny Lizowzskiy has used '/InvAction Frequency handheld_radio 1527355467.00'.
20:57:06: Lenny Lizowzskiy has used '/SetFreq 1'.
20:57:21: Lenny Lizowzskiy has gained a MP7 1527437835.
20:57:24: Lenny Lizowzskiy has lost a MP7 1527437835.
20:57:24: Lenny Lizowzskiy has used '/InvAction use weapon_smg1 1527437835.00'.
21:01:25: Lenny Lizowzskiy (STEAM_0:0:427460350/92.101.210.80:27005) has disconnected.
21:30:03: M.Vonel [Novux.ru] (STEAM_0:1:73443421/93.85.159.66:13447) has connected.
21:30:58: X-Fresh (STEAM_0:1:103942226/91.124.89.154:27005) has connected.
21:33:27: M.Vonel [Novux.ru] has created a Гражданин character called 'Денис Казак'.
21:33:27: M.Vonel [Novux.ru] has loaded the character 'Денис Казак'.
21:33:34: worldspawn has dealt 13509 damage to Денис Казак, killing them!
21:34:15: Денис Казак has gained a Crowbar 1527419528.
21:34:21: Денис Казак has gained a Zip Tie 1527417318.
21:34:32: LogPlayerSpawnModel
21:34:32: LogPlayerSpawnModel
21:34:52: Денис Казак has gained a Рюкзак 1527618894.
21:34:54: Денис Казак has gained a Рюкзак 1527618897.
21:34:56: Денис Казак has gained a Рюкзак 1527618900.
21:34:57: Денис Казак has gained a Рюкзак 1527618902.
21:34:58: Денис Казак has gained a Рюкзак 1527618905.
21:34:59: Денис Казак has gained a Рюкзак 1527618907.
21:35:00: Денис Казак has gained a Рюкзак 1527618909.
21:35:01: Денис Казак has gained a Рюкзак 1527618911.
21:35:02: Денис Казак has gained a Рюкзак 1527618913.
21:35:04: Денис Казак has gained a Рюкзак 1527618915.
21:35:08: Денис Казак has gained a Карточка награды 4 ур. 1527618920.
21:35:09: Денис Казак has gained a Карточка награды 4 ур. 1527618923.
21:35:10: Денис Казак has gained a Карточка награды 4 ур. 1527618925.
21:35:12: Денис Казак has gained a Карточка награды 4 ур. 1527618927.
21:35:13: Денис Казак has gained a Карточка награды 4 ур. 1527618929.
21:35:14: Денис Казак has gained a Карточка награды 4 ур. 1527618931.
21:35:15: Денис Казак has gained a Карточка награды 4 ур. 1527618933.
21:35:22: Денис Казак has gained a Гаечный ключ 1527618940.
21:35:34: Денис Казак has gained a Хлеб 1527618956.
21:36:00: Денис Казак has gained a Черная куртка лоялиста 1527619000.
21:36:22: Денис Казак has gained a Хлеб 1527618980.
21:36:23: Денис Казак has gained a Хлеб 1527618984.
21:36:24: Денис Казак has gained a Хлеб 1527618978.
21:36:25: Денис Казак has gained a Хлеб 1527618988.
21:36:26: Денис Казак has gained a Хлеб 1527618981.
21:36:28: Денис Казак has gained a Хлеб 1527618979.
21:36:29: Денис Казак has gained a Хлеб 1527618986.
21:36:30: Денис Казак has gained a Хлеб 1527618983.
21:36:32: Денис Казак has gained a Хлеб 1527618985.
21:36:33: Денис Казак has gained a Хлеб 1527618987.
21:36:33: Денис Казак has gained a Хлеб 1527618964.
21:36:34: Денис Казак has gained a Хлеб 1527618961.
21:36:35: Денис Казак has gained a Хлеб 1527618969.
21:36:36: Денис Казак has gained a Хлеб 1527618975.
21:36:40: Денис Казак has gained a Очищенная вода 1527619040.
21:36:43: Денис Казак has gained a Очищенная вода 1527619046.
21:36:44: Денис Казак has gained a Очищенная вода 1527619047.
21:36:45: Денис Казак has gained a Очищенная вода 1527619043.
21:36:47: Денис Казак has gained a Очищенная вода 1527619045.
21:36:48: X-Fresh has created a Гражданин character called 'Дмитрий Гуард'.
21:36:48: X-Fresh has loaded the character 'Дмитрий Гуард'.
21:36:54: Денис Казак has gained a Шприц с зеленой жидкостью 'Быстро' 1527619061.
21:36:55: worldspawn has dealt 11827 damage to Дмитрий Гуард, killing them!
21:36:57: Денис Казак has gained a Шприц с зеленой жидкостью 'Медленно' 1527619065.
21:37:05: [OOC] Денис Казак: Тоже эту парашу видишь?
21:37:06: worldspawn has dealt 9115 damage to Дмитрий Гуард, killing them!
21:37:10: Денис Казак has gained a Бинт 1527619079.
21:37:13: Денис Казак has gained a Бинт 1527619085.
21:37:16: Денис Казак has gained a Антидот 1527619089.
21:37:18: Денис Казак has gained a Антидот 1527619092.
21:37:20: Денис Казак has gained a Аптечка "для глаз" 1527619095.
21:37:21: Денис Казак has gained a Аптечка "для глаз" 1527619097.
21:37:23: Денис Казак has gained a Медицинский фонарик 1527619100.
21:37:25: Денис Казак has gained a Парацетамол 1527619103.
21:37:27: Денис Казак has gained a Сироп от кашля 1527619106.
21:37:29: Денис Казак has gained a Термометр 1527619109.
21:37:31: [LOOC] Дмитрий Гуард: Угу
21:37:31: [LOOC] Дмитрий Гуард: Угу
21:37:31: [LOOC] Дмитрий Гуард: Угу
21:37:35: LogPlayerSpawnModel
21:37:35: LogPlayerSpawnModel
21:37:36: Денис Казак has gained a Фонарик 1527619115.
21:37:38: Дмитрий Гуард has used '/StorageClose'.
21:37:46: Денис Казак has gained a Union Card 1527619128.
21:37:54: Денис Казак has gained a Ration 1527619137.
21:37:54: Денис Казак has gained a Пищевые добавки 1527619140.
21:37:54: Денис Казак has gained a Вода 1527619141.
21:37:54: Денис Казак has lost a Ration 1527619137.
21:37:54: Денис Казак has used '/InvAction use ration 1527619137'.
21:37:56: Денис Казак has gained a Ration 1527619142.
21:37:56: Денис Казак has gained a Пищевые добавки 1527619145.
21:37:56: Денис Казак has gained a Вода 1527619146.
21:37:56: Денис Казак has lost a Ration 1527619142.
21:37:56: Денис Казак has used '/InvAction use ration 1527619142'.
21:37:58: Денис Казак has gained a Ration 1527619147.
21:37:58: Денис Казак has gained a Пищевые добавки 1527619150.
21:37:58: Денис Казак has gained a Вода 1527619151.
21:37:58: Денис Казак has lost a Ration 1527619147.
21:37:58: Денис Казак has used '/InvAction use ration 1527619147'.
21:38:00: Денис Казак has gained a Ration 1527619152.
21:38:00: Денис Казак has gained a Пищевые добавки 1527619155.
21:38:00: Денис Казак has gained a Вода 1527619156.
21:38:00: Денис Казак has lost a Ration 1527619152.
21:38:00: Денис Казак has used '/InvAction use ration 1527619152'.
21:38:02: Денис Казак has gained a Ration 1527619157.
21:38:02: Денис Казак has gained a Пищевые добавки 1527619160.
21:38:02: Денис Казак has gained a Вода 1527619161.
21:38:02: Денис Казак has lost a Ration 1527619157.
21:38:02: Денис Казак has used '/InvAction use ration 1527619157'.
21:38:03: Денис Казак has gained a Ration 1527619162.
21:38:03: Денис Казак has gained a Пищевые добавки 1527619164.
21:38:03: Денис Казак has gained a Вода 1527619165.
21:38:03: Денис Казак has lost a Ration 1527619162.
21:38:03: Денис Казак has used '/InvAction use ration 1527619162'.
21:38:06: Денис Казак has gained a Ration 1527619168.
21:38:06: Денис Казак has gained a Пищевые добавки 1527619170.
21:38:06: Денис Казак has gained a Вода 1527619171.
21:38:06: Денис Казак has lost a Ration 1527619168.
21:38:06: Денис Казак has used '/InvAction use ration 1527619168'.
21:38:17: Денис Казак has gained a Импульсная винтовка 1527619181.
21:38:19: Денис Казак has gained a Парализатор 1527619185.
21:38:23: Денис Казак has gained a Smoke 1527619190.
21:38:26: Денис Казак has gained a Shotgun 1527619194.
21:38:28: Денис Казак has gained a RPG 1527619198.
21:38:30: Денис Казак has gained a MP7 1527619201.
21:38:36: Денис Казак has gained a Flash 1527619209.
21:38:38: Денис Казак has gained a 9mm Pistol 1527619212.
21:38:40: Денис Казак has gained a .357 Magnum 1527619215.
21:38:48: Денис Казак has gained a Парализатор 1527619226.
21:38:50: Денис Казак has gained a Парализатор 1527619230.
21:38:58: Денис Казак has gained a Shotgun Shells 1527619239.
21:38:58: Денис Казак has used '/InvAction use ammo_buckshot 1527619239'.
21:38:58: Денис Казак has lost a Shotgun Shells 1527619239.
21:38:59: Денис Казак has gained a Shotgun Shells 1527619239.
21:39:01: Денис Казак has gained a SMG Bullets 1527619243.
21:39:12: Денис Казак has gained a SMG Bullets 1527619260.
21:39:12: LogPlayerSpawnModel
21:39:12: LogPlayerSpawnModel
21:39:13: Денис Казак has gained a SMG Bullets 1527619258.
21:39:13: Денис Казак has used '/InvAction use ammo_smg1 1527619258'.
21:39:13: Денис Казак has lost a SMG Bullets 1527619258.
21:39:14: Денис Казак has gained a SMG Bullets 1527619258.
21:39:15: Денис Казак has gained a SMG Bullets 1527619256.
21:39:15: Денис Казак has gained a SMG Bullets 1527619259.
21:39:21: Денис Казак has gained a .357 Magnum Bullets 1527619270.
21:39:22: Денис Казак has gained a .357 Magnum Bullets 1527619273.
21:39:24: Денис Казак has gained a .357 Magnum Bullets 1527619275.
21:39:32: Денис Казак says: "Зырь"
21:39:32: Денис Казак says "Зырь"
21:39:35: Денис Казак says: "я фокусник"
21:39:35: Денис Казак says "я фокусник"
21:39:41: Дмитрий Гуард says: "Я в шоке..."
21:39:41: Дмитрий Гуард says "Я в шоке..."
21:39:44: Денис Казак says: "+"
21:39:44: Денис Казак says "+"
21:39:49: Дмитрий Гуард says: "Как так?"
21:39:49: Дмитрий Гуард says "Как так?"
21:39:57: Денис Казак says: "пс скупай все айтемы пока не поздно"
21:39:57: Денис Казак says "пс скупай все айтемы пока не поздно"
21:40:01: Дмитрий Гуард has used '/CharSearch'.
21:40:08: Денис Казак says: "а то потом не будет щанса"
21:40:08: Денис Казак says "а то потом не будет щанса"
21:40:22: LogPlayerSpawnModel
21:40:22: LogPlayerSpawnModel
21:40:26: Денис Казак has gained a Breach 1527619346.
21:40:29: Денис Казак has gained a Breach 1527619355.
21:40:30: Дмитрий Гуард says: "Го дом строить xD"
21:40:30: Дмитрий Гуард says "Го дом строить xD"
21:40:30: Денис Казак has gained a Breach 1527619357.
21:40:30: Денис Казак has used '/InvAction use breach 1527619357'.
21:40:30: Денис Казак has lost a Breach 1527619357.
21:40:31: Денис Казак has gained a Breach 1527619357.
21:40:33: Денис Казак has gained a Breach 1527619361.
21:40:34: Денис Казак has gained a Breach 1527619363.
21:40:35: Дмитрий Гуард has gained a Combine Lock 1527619352.
21:40:35: Дмитрий Гуард has lost a Combine Lock 1527619352.
21:40:35: Дмитрий Гуард has used '/InvAction use combine_lock 1527619352'.
21:40:36: Денис Казак has gained a Breach 1527619366.
21:40:37: Денис Казак has gained a Breach 1527619368.
21:40:42: Денис Казак says: "го тикать?"
21:40:42: Денис Казак says "го тикать?"
21:40:45: worldspawn has dealt 13899 damage to Дмитрий Гуард, killing them!
21:40:53: worldspawn has dealt 11964 damage to Дмитрий Гуард, killing them!
21:40:57: LogPlayerSpawnModel
21:40:57: LogPlayerSpawnModel
21:41:07: LogPlayerSpawnModel
21:41:07: LogPlayerSpawnModel
21:41:07: LogPlayerSpawnModel
21:41:07: LogPlayerSpawnModel
21:41:07: LogPlayerSpawnModel
21:41:07: LogPlayerSpawnModel
21:41:14: LogPlayerSpawnModel
21:41:14: LogPlayerSpawnModel
21:41:14: LogPlayerSpawnModel
21:41:14: LogPlayerSpawnModel
21:41:14: LogPlayerSpawnModel
21:41:14: LogPlayerSpawnModel
21:41:14: LogPlayerSpawnModel
21:41:14: LogPlayerSpawnModel
21:41:14: LogPlayerSpawnModel
21:41:14: LogPlayerSpawnModel
21:41:14: LogPlayerSpawnModel
21:41:14: LogPlayerSpawnModel
21:41:14: LogPlayerSpawnModel
21:41:14: LogPlayerSpawnModel
21:41:14: LogPlayerSpawnModel
21:41:14: LogPlayerSpawnModel
21:41:15: LogPlayerSpawnModel
21:41:15: LogPlayerSpawnModel
21:41:15: LogPlayerSpawnModel
21:41:15: LogPlayerSpawnModel
21:41:15: LogPlayerSpawnModel
21:41:15: LogPlayerSpawnModel
21:41:15: LogPlayerSpawnModel
21:41:15: LogPlayerSpawnModel
21:41:16: LogPlayerSpawnModel
21:41:16: LogPlayerSpawnModel
21:41:16: LogPlayerSpawnModel
21:41:16: LogPlayerSpawnModel
21:41:16: LogPlayerSpawnModel
21:41:16: LogPlayerSpawnModel
21:41:16: LogPlayerSpawnModel
21:41:16: LogPlayerSpawnModel
21:41:16: LogPlayerSpawnModel
21:41:16: LogPlayerSpawnModel
21:41:16: LogPlayerSpawnModel
21:41:16: LogPlayerSpawnModel
21:41:17: LogPlayerSpawnModel
21:41:17: LogPlayerSpawnModel
21:41:42: Дмитрий Гуард has gained a Crowbar 1527619434.
21:41:42: Дмитрий Гуард has lost a Crowbar 1527619434.
21:41:42: Дмитрий Гуард has used '/InvAction use weapon_crowbar 1527619434'.
21:41:56: Дмитрий Гуард has gained a RPG 1527619449.
21:41:56: Дмитрий Гуард has lost a RPG 1527619449.
21:41:56: Дмитрий Гуард has used '/InvAction use weapon_rpg 1527619449'.
21:42:08: G O P N I K (STEAM_0:1:95283970/2.94.248.130:27005) has connected.
21:42:11: [OOC] Денис Казак: паехали с города садись у тачку на пракачку
21:42:12: Дмитрий Гуард has gained a RPG Missile 1527619462.
21:42:15: Дмитрий Гуард has gained a RPG Missile 1527619464.
21:42:27: Денис Казак says: "на"
21:42:27: Денис Казак says "на"
21:42:31: Денис Казак says: "взаде"
21:42:31: Денис Казак says "взаде"
21:43:05: Дмитрий Гуард has taken 4 damage from prop_vehicle_jeep, leaving them at 96 health and 0 armor!
21:43:12: Дмитрий Гуард has used '/CharSearch'.
21:43:17: Дмитрий Гуард has lost a RPG Missile 1527619462.
21:43:17: Дмитрий Гуард has used '/InvAction use ammo_rpg_round 1527619462.00'.
21:43:18: Дмитрий Гуард has lost a RPG Missile 1527619464.
21:43:18: Дмитрий Гуард has used '/InvAction use ammo_rpg_round 1527619464.00'.
21:43:27: LogPlayerSpawnModel
21:43:27: LogPlayerSpawnModel
21:43:30: LogPlayerSpawnModel
21:43:30: LogPlayerSpawnModel
21:43:33: Дмитрий Гуард has gained a Отбеливатель 1527619548.
21:43:33: Дмитрий Гуард has lost a Crowbar 1527619434.
21:43:33: Дмитрий Гуард has lost a RPG 1527619449.
21:43:33: Дмитрий Гуард has dealt 3125 damage to Дмитрий Гуард, killing them!
21:43:33: Дмитрий Гуард has gained a Пустая бутыль отбеливателя 1527619552.
21:43:33: Дмитрий Гуард has lost a Отбеливатель 1527619548.
21:43:33: Дмитрий Гуард has used '/InvAction use bleach 1527619548'.
21:43:37: worldspawn has dealt 10155 damage to Дмитрий Гуард, killing them!
21:43:47: Дмитрий Гуард has gained a Карточка награды 1 ур. 1527619563.
21:43:53: Дмитрий Гуард has used '/InvAction use civreward_1l 1527619563.00'.
21:43:59: Дмитрий Гуард has gained a Карточка награды 4 ур. 1527619577.
21:44:23: worldspawn has dealt 10520 damage to Дмитрий Гуард, killing them!
21:44:44: Дмитрий Гуард has gained a Импульсная винтовка 1527619619.
21:44:44: Дмитрий Гуард has lost a Импульсная винтовка 1527619619.
21:44:44: Дмитрий Гуард has used '/InvAction use weapon_ar2 1527619619'.
21:44:59: G O P N I K has created a Гражданин character called 'Mike Ferund'.
21:44:59: G O P N I K has loaded the character 'Mike Ferund'.
21:45:06: Mike Ferund has used '/StorageClose'.
21:45:11: Денис Казак has gained a Карточка награды 4 ур. 1527619712.
21:45:22: Дмитрий Гуард has gained a Pulse-Rifle Energy 1527619725.
21:45:22: Дмитрий Гуард has lost a Pulse-Rifle Energy 1527619725.
21:45:22: Дмитрий Гуард has used '/InvAction use ammo_ar2 1527619725'.
21:45:24: Дмитрий Гуард has gained a Pulse-Rifle Energy 1527619727.
21:45:24: Дмитрий Гуард has lost a Pulse-Rifle Energy 1527619727.
21:45:24: Дмитрий Гуард has used '/InvAction use ammo_ar2 1527619727'.
21:45:25: Денис Казак has gained a Карточка награды 4 ур. 1527619732.
21:45:27: Денис Казак has gained a Карточка награды 4 ур. 1527619736.
21:45:28: Дмитрий Гуард has gained a Pulse-Rifle Orb 1527619735.
21:45:28: Дмитрий Гуард has lost a Pulse-Rifle Orb 1527619735.
21:45:28: Дмитрий Гуард has used '/InvAction use ammo_ar2altfire 1527619735'.
21:45:30: Денис Казак says: "зырь"
21:45:30: Денис Казак says "зырь"
21:45:41: Дмитрий Гуард says: "О да..."
21:45:41: Дмитрий Гуард says "О да..."
21:45:45: Дмитрий Гуард says: "Так бы всегда"
21:45:45: Дмитрий Гуард says "Так бы всегда"
21:45:47: Денис Казак says: "каждому по карточке"
21:45:47: Денис Казак says "каждому по карточке"
21:45:58: Mike Ferund has gained a Union Card 1527619341.
21:45:59: Денис Казак has gained a .357 Magnum Bullets 1527619824.
21:45:59: Денис Казак has used '/InvAction use ammo_357 1527619824'.
21:45:59: Денис Казак has lost a .357 Magnum Bullets 1527619824.
21:46:01: Денис Казак has gained a .357 Magnum Bullets 1527619824.
21:46:02: Дмитрий Гуард says: "Здарова"
21:46:02: Дмитрий Гуард says "Здарова"
21:46:03: Денис Казак has gained a 9mm Pistol Bullets 1527619828.
21:46:06: Mike Ferund says: "Re"
21:46:06: Mike Ferund says "Re"
21:46:08: Денис Казак has gained a MP7 Grenade 1527619834.
21:46:08: Денис Казак has used '/InvAction use ammo_smg1_grenade 1527619834'.
21:46:08: Денис Казак has lost a MP7 Grenade 1527619834.
21:46:08: Mike Ferund says: "Ку"
21:46:08: Mike Ferund says "Ку"
21:46:09: Дмитрий Гуард says: "Жопа"
21:46:09: Дмитрий Гуард says "Жопа"
21:46:10: Денис Казак has gained a Pulse-Rifle Energy 1527619840.
21:46:10: Денис Казак has used '/InvAction use ammo_ar2 1527619840'.
21:46:10: Денис Казак has lost a Pulse-Rifle Energy 1527619840.
21:46:14: Mike Ferund has gained a Smoke 1527619291.
21:46:14: Mike Ferund has lost a Smoke 1527619291.
21:46:14: Mike Ferund has used '/InvAction use cw_smokegrenade 1527619291'.
21:46:18: Денис Казак has lost a 9mm Pistol Bullets 1527619828.
21:46:18: Денис Казак has used '/InvAction drop ammo_pistol 1527619828.00'.
21:46:19: Денис Казак has lost a .357 Magnum Bullets 1527619824.
21:46:19: Денис Казак has used '/InvAction drop ammo_357 1527619824.00'.
21:46:20: Денис Казак has lost a .357 Magnum Bullets 1527619275.
21:46:20: Денис Казак has used '/InvAction drop ammo_357 1527619275.00'.
21:46:21: Денис Казак has gained a Рюкзак 1527619846.
21:46:24: Дмитрий Гуард says: "Все могут спавнить"
21:46:24: Дмитрий Гуард says "Все могут спавнить"
21:46:24: Денис Казак has gained a Рюкзак 1527619856.
21:46:25: Денис Казак has gained a Рюкзак 1527619858.
21:46:26: Mike Ferund has gained a Карточка награды 4 ур. 1527619771.
21:46:26: Денис Казак has gained a Рюкзак 1527619861.
21:46:27: Денис Казак has gained a Рюкзак 1527619863.
21:46:28: Mike Ferund has gained a Карточка награды 4 ур. 1527619774.
21:46:28: Денис Казак has gained a Рюкзак 1527619865.
21:46:29: Mike Ferund has gained a Карточка награды 4 ур. 1527619747.
21:46:30: Денис Казак has gained a Рюкзак 1527619867.
21:46:31: Денис Казак has gained a Рюкзак 1527619869.
21:46:32: Денис Казак has gained a Рюкзак 1527619872.
21:46:33: Дмитрий Гуард says: "Безполезно"
21:46:33: Дмитрий Гуард says "Безполезно"
21:46:33: Денис Казак has gained a Рюкзак 1527619874.
21:46:36: Денис Казак has gained a Рюкзак 1527619876.
21:46:36: Денис Казак has gained a Рюкзак 1527619877.
21:46:37: Mike Ferund has gained a Карточка награды 4 ур. 1527619759.
21:46:37: Денис Казак has gained a Рюкзак 1527619881.
21:46:38: Дмитрий Гуард says: "Мы сделаем больше"
21:46:38: Дмитрий Гуард says "Мы сделаем больше"
21:46:40: Денис Казак has gained a Рюкзак 1527619885.
21:46:41: Денис Казак has gained a Рюкзак 1527619883.
21:46:42: Денис Казак has gained a Рюкзак 1527619888.
21:46:43: Денис Казак has gained a Рюкзак 1527619891.
21:46:44: Денис Казак has gained a Рюкзак 1527619893.
21:46:45: Mike Ferund has gained a Shotgun 1527440938.
21:46:45: Mike Ferund has lost a Shotgun 1527440938.
21:46:45: Mike Ferund has used '/InvAction use weapon_shotgun 1527440938'.
21:46:46: Денис Казак has gained a Рюкзак 1527619895.
21:46:48: Денис Казак has gained a 9mm Pistol Bullets 1527619828.
21:46:49: Денис Казак has gained a .357 Magnum Bullets 1527619275.
21:46:49: Денис Казак has used '/InvAction use ammo_357 1527619275'.
21:46:49: Денис Казак has lost a .357 Magnum Bullets 1527619275.
21:46:50: Денис Казак has gained a .357 Magnum Bullets 1527619275.
21:46:51: Денис Казак has gained a .357 Magnum Bullets 1527619824.
21:46:52: Денис Казак has gained a Pulse-Rifle Energy 1527619840.
21:46:54: Денис Казак has gained a MP7 Grenade 1527619834.
21:46:55: Денис Казак has gained a Pulse-Rifle Energy 1527619836.
21:46:56: Денис Казак has gained a 9mm Pistol Bullets 1527619831.
21:46:58: Денис Казак says: "зырь"
21:46:58: Денис Казак says "зырь"
21:47:11: Дмитрий Гуард has gained a Бронежилет ОТА 1527619923.
21:47:15: Mike Ferund has lost a Shotgun 1527440938.
21:47:15: worldspawn has dealt 15446 damage to Mike Ferund, killing them!
21:47:20: worldspawn has dealt 9846 damage to Mike Ferund, killing them!
21:47:22: [OOC] Денис Казак: Пхахаа
21:47:29: worldspawn has dealt 16876 damage to Денис Казак, killing them!
21:47:34: worldspawn has dealt 5422 damage to Mike Ferund, killing them!
21:47:37: worldspawn has dealt 12495 damage to Mike Ferund, killing them!
21:47:50: worldspawn has dealt 10558 damage to Mike Ferund, killing them!
21:47:53: worldspawn has dealt 12496 damage to Mike Ferund, killing them!
21:47:53: Дмитрий Гуард has gained a Маска 'Elite-P2' 1527620015.
21:47:53: Дмитрий Гуард has used '/InvAction use cps_mask_ept 1527620015'.
21:47:53: Дмитрий Гуард has lost a Маска 'Elite-P2' 1527620015.
21:47:56: Mike Ferund has gained a Импульсная винтовка 1527620021.
21:47:56: Mike Ferund has lost a Импульсная винтовка 1527620021.
21:47:56: Mike Ferund has used '/InvAction use weapon_ar2 1527620021'.
21:47:57: Дмитрий Гуард has used '/CharSearch'.
21:48:03: Дмитрий Гуард has used '/InvAction use cits_rebel_ota 1527619923.00'.
21:48:05: Mike Ferund has lost a Импульсная винтовка 1527620021.
21:48:05: worldspawn has dealt 9910 damage to Mike Ferund, killing them!
21:48:07: Дмитрий Гуард has used '/CharSearch'.
21:48:21: Дмитрий Гуард has used '/CharSearch'.
21:48:23: Дмитрий Гуард has lost a Импульсная винтовка 1527619619.
21:48:23: worldspawn has dealt 15588 damage to Дмитрий Гуард, killing them!
21:48:26: Дмитрий Гуард has used '/InvAction use cits_rebel_ota 1527619923.00'.
21:48:28: Дмитрий Гуард has used '/InvAction use civreward_1l 1527619563.00'.
21:48:29: Дмитрий Гуард has used '/InvAction use civreward_1l 1527619563.00'.
21:48:30: Дмитрий Гуард has used '/InvAction use civreward_1l 1527619563.00'.
21:48:32: Дмитрий Гуард has used '/InvAction drop civreward_1l 1527619563.00'.
21:48:34: Дмитрий Гуард has used '/InvAction drop civreward_1l 1527619563.00'.
21:48:37: Mike Ferund has gained a Ration 1527620063.
21:48:37: Mike Ferund has gained a Пищевые добавки 1527620084.
21:48:37: Mike Ferund has gained a Вода 1527620085.
21:48:37: Mike Ferund has lost a Ration 1527620063.
21:48:37: Mike Ferund has used '/InvAction use ration 1527620063'.
21:49:16: worldspawn has dealt 16876 damage to Денис Казак, killing them!
21:49:19: worldspawn has dealt 10520 damage to Дмитрий Гуард, killing them!
21:50:31: worldspawn has dealt 16346 damage to Mike Ferund, killing them!
21:50:51: Денис Казак (STEAM_0:1:73443421/93.85.159.66:13447) has disconnected.
21:51:34: LogPlayerSpawnModel
21:51:34: LogPlayerSpawnModel
21:51:34: LogPlayerSpawnModel
21:51:34: LogPlayerSpawnModel
21:51:35: LogPlayerSpawnModel
21:51:35: LogPlayerSpawnModel
21:51:36: LogPlayerSpawnModel
21:51:36: LogPlayerSpawnModel
21:51:37: LogPlayerSpawnModel
21:51:37: LogPlayerSpawnModel
21:51:37: LogPlayerSpawnModel
21:51:37: LogPlayerSpawnModel
21:51:38: LogPlayerSpawnModel
21:51:38: LogPlayerSpawnModel
21:51:38: LogPlayerSpawnModel
21:51:38: LogPlayerSpawnModel
21:51:39: LogPlayerSpawnModel
21:51:39: LogPlayerSpawnModel
21:52:05: Дмитрий Гуард has gained a MP7 1527620367.
21:52:05: Дмитрий Гуард has lost a MP7 1527620367.
21:52:05: Дмитрий Гуард has used '/InvAction use weapon_smg1 1527620367'.
21:52:28: Дмитрий Гуард has gained a MP7 Grenade 1527620393.
21:52:28: Дмитрий Гуард has lost a MP7 Grenade 1527620393.
21:52:28: Дмитрий Гуард has used '/InvAction use ammo_smg1_grenade 1527620393'.
21:52:54: Дмитрий Гуард has gained a SMG Bullets 1527620422.
21:52:54: Дмитрий Гуард has lost a SMG Bullets 1527620422.
21:52:54: Дмитрий Гуард has used '/InvAction use ammo_smg1 1527620422'.
21:52:55: Mike Ferund has gained a MP7 1527620427.
21:52:55: Mike Ferund has lost a MP7 1527620427.
21:52:55: Mike Ferund has used '/InvAction use weapon_smg1 1527620427'.
21:53:11: Mike Ferund has lost a MP7 1527620427.
21:53:11: Дмитрий Гуард has dealt 399 damage to Mike Ferund with MP7, killing them!
21:53:39: worldspawn has dealt 7057 damage to Mike Ferund, killing them!
21:54:37: Дмитрий Гуард has gained a RPG 1527437211.
21:54:37: Дмитрий Гуард has used '/InvAction use weapon_rpg 1527437211'.
21:54:37: Дмитрий Гуард has lost a RPG 1527437211.
21:54:52: Дмитрий Гуард has dealt 399 damage to Mike Ferund with MP7, killing them!
21:54:58: Дмитрий Гуард has dealt 3192 damage to Mike Ferund with MP7, killing them!
21:54:58: Дмитрий Гуард has dealt 3192 damage to Mike Ferund with MP7, killing them!
21:54:59: Дмитрий Гуард has dealt 3192 damage to Mike Ferund with MP7, killing them!
21:55:07: Mike Ferund has gained a MP7 1527620559.
21:55:07: Mike Ferund has lost a MP7 1527620559.
21:55:07: Mike Ferund has used '/InvAction use weapon_smg1 1527620559'.
21:55:26: Mike Ferund has gained a MP7 Grenade 1527620570.
21:55:26: Mike Ferund has lost a MP7 Grenade 1527620570.
21:55:26: Mike Ferund has used '/InvAction use ammo_smg1_grenade 1527620570'.
21:55:43: Дмитрий Гуард has gained a MP7 Grenade 1527620577.
21:55:43: Дмитрий Гуард has lost a MP7 Grenade 1527620577.
21:55:43: Дмитрий Гуард has used '/InvAction use ammo_smg1_grenade 1527620577'.
21:55:47: Mike Ferund has lost a MP7 1527620559.
21:55:47: Дмитрий Гуард has dealt 25917 damage to Mike Ferund with MP7, killing them!
21:56:05: Дмитрий Гуард has dealt 1596 damage to Mike Ferund with MP7, killing them!
21:56:05: Дмитрий Гуард has dealt 1596 damage to Mike Ferund with MP7, killing them!
21:56:05: Дмитрий Гуард has dealt 3192 damage to Mike Ferund with MP7, killing them!
21:56:05: Дмитрий Гуард has dealt 1596 damage to Mike Ferund with MP7, killing them!
21:56:06: Дмитрий Гуард has dealt 399 damage to Mike Ferund with MP7, killing them!
21:56:06: Дмитрий Гуард has dealt 1596 damage to Mike Ferund with MP7, killing them!
21:56:06: Дмитрий Гуард has dealt 399 damage to Mike Ferund with MP7, killing them!
21:56:14: LogPlayerSpawnModel
21:56:14: LogPlayerSpawnModel
21:56:14: LogPlayerSpawnModel
21:56:14: LogPlayerSpawnModel
21:57:32: Дмитрий Гуард has gained a SMG Bullets 1527620707.
21:57:32: Дмитрий Гуард has lost a SMG Bullets 1527620707.
21:57:32: Дмитрий Гуард has used '/InvAction use ammo_smg1 1527620707'.
21:57:40: worldspawn has dealt 13569 damage to Mike Ferund, killing them!
21:57:54: Mike Ferund has gained a MP7 1527620427.
21:57:54: Mike Ferund has lost a MP7 1527620427.
21:57:54: Mike Ferund has used '/InvAction use weapon_smg1 1527620427'.
21:58:28: Дмитрий Гуард has gained a SMG Bullets 1527620764.
21:58:28: Дмитрий Гуард has lost a SMG Bullets 1527620764.
21:58:28: Дмитрий Гуард has used '/InvAction use ammo_smg1 1527620764'.
21:58:38: Mike Ferund has gained a SMG Bullets 1527620748.
21:58:38: Mike Ferund has lost a SMG Bullets 1527620748.
21:58:38: Mike Ferund has used '/InvAction use ammo_smg1 1527620748'.
21:59:00: Дмитрий Гуард has gained a SMG Bullets 1527620794.
21:59:00: Дмитрий Гуард has lost a SMG Bullets 1527620794.
21:59:00: Дмитрий Гуард has used '/InvAction use ammo_smg1 1527620794'.
21:59:11: LogPlayerSpawnModel
21:59:11: LogPlayerSpawnModel
21:59:12: LogPlayerSpawnModel
21:59:12: LogPlayerSpawnModel
21:59:12: LogPlayerSpawnModel
21:59:12: LogPlayerSpawnModel
21:59:12: LogPlayerSpawnModel
21:59:12: LogPlayerSpawnModel
21:59:13: LogPlayerSpawnModel
21:59:13: LogPlayerSpawnModel
21:59:14: LogPlayerSpawnModel
21:59:14: LogPlayerSpawnModel
21:59:14: LogPlayerSpawnModel
21:59:14: LogPlayerSpawnModel
21:59:15: LogPlayerSpawnModel
21:59:15: LogPlayerSpawnModel
21:59:15: LogPlayerSpawnModel
21:59:15: LogPlayerSpawnModel
21:59:15: LogPlayerSpawnModel
21:59:15: LogPlayerSpawnModel
21:59:16: LogPlayerSpawnModel
21:59:16: LogPlayerSpawnModel
21:59:16: LogPlayerSpawnModel
21:59:16: LogPlayerSpawnModel
21:59:18: LogPlayerSpawnModel
21:59:18: LogPlayerSpawnModel
21:59:18: LogPlayerSpawnModel
21:59:18: LogPlayerSpawnModel
21:59:21: Mike Ferund (STEAM_0:1:95283970/2.94.248.130:27005) has disconnected.
21:59:22: LogPlayerSpawnModel
21:59:22: LogPlayerSpawnModel
21:59:23: LogPlayerSpawnModel
21:59:23: LogPlayerSpawnModel
21:59:23: LogPlayerSpawnModel
21:59:23: LogPlayerSpawnModel
21:59:35: Дмитрий Гуард has lost a MP7 1527620367.
21:59:35: Дмитрий Гуард has dealt 11231 damage to Дмитрий Гуард, killing them!
21:59:35: Дмитрий Гуард has taken 63 damage from prop_physics, leaving them at 37 health and 0 armor!
21:59:37: Дмитрий Гуард has dealt 3572 damage to Дмитрий Гуард, killing them!
21:59:38: Дмитрий Гуард has dealt 26554 damage to Дмитрий Гуард, killing them!
21:59:40: Дмитрий Гуард (STEAM_0:1:103942226/91.124.89.154:27005) has disconnected.
