11:15:04: Helugon (STEAM_0:1:95283970/2.93.67.183:27005) has connected.
11:15:31: Helugon has loaded the character 'C17.MPF.BLADE.02:917'.
11:46:09: C17.MPF.BLADE.02:917 (STEAM_0:1:95283970/2.93.67.183:27005) has disconnected.
11:48:05: Helugon (STEAM_0:1:95283970/2.93.67.183:27005) has connected.
12:04:42: Helugon has loaded the character 'C17.MPF.BLADE.02:917'.
12:21:17: C17.MPF.BLADE.02:917 has used '/CharFallOver'.
12:21:23: C17.MPF.BLADE.02:917 has used '/CharGetUp'.
12:21:55: C17.MPF.BLADE.02:917 has gained a Special Breen's Water 1516440113.
12:21:55: C17.MPF.BLADE.02:917 has lost a Special Breen's Water 1516440113.
12:21:55: C17.MPF.BLADE.02:917 has used '/InvAction use special_breen_s_water 1516440113'.
12:21:58: C17.MPF.BLADE.02:917 has gained a Special Breen's Water 1516440119.
12:21:58: C17.MPF.BLADE.02:917 has lost a Special Breen's Water 1516440119.
12:21:58: C17.MPF.BLADE.02:917 has used '/InvAction use special_breen_s_water 1516440119'.
12:22:00: C17.MPF.BLADE.02:917 has gained a Special Breen's Water 1516440122.
12:22:00: C17.MPF.BLADE.02:917 has lost a Special Breen's Water 1516440122.
12:22:00: C17.MPF.BLADE.02:917 has used '/InvAction use special_breen_s_water 1516440122'.
12:22:02: C17.MPF.BLADE.02:917 has gained a Special Breen's Water 1516440124.
12:22:02: C17.MPF.BLADE.02:917 has lost a Special Breen's Water 1516440124.
12:22:02: C17.MPF.BLADE.02:917 has used '/InvAction use special_breen_s_water 1516440124'.
12:23:45: LogPlayerSpawnModel
12:23:45: LogPlayerSpawnModel
12:24:09: LogPlayerSpawnModel
12:24:09: LogPlayerSpawnModel
12:24:11: LogPlayerSpawnModel
12:24:11: LogPlayerSpawnModel
12:24:11: LogPlayerSpawnModel
12:24:11: LogPlayerSpawnModel
12:24:28: LogPlayerSpawnModel
12:24:28: LogPlayerSpawnModel
12:24:28: LogPlayerSpawnModel
12:24:28: LogPlayerSpawnModel
12:24:29: LogPlayerSpawnModel
12:24:29: LogPlayerSpawnModel
12:24:35: LogPlayerSpawnModel
12:24:35: LogPlayerSpawnModel
12:25:27: C17.MPF.BLADE.02:917 has used '/Observer'.
12:25:28: C17.MPF.BLADE.02:917 has used '/Observer'.
12:25:29: C17.MPF.BLADE.02:917 has used '/Observer'.
12:25:30: C17.MPF.BLADE.02:917 has used '/Observer'.
12:25:31: C17.MPF.BLADE.02:917 has taken 26 damage from worldspawn, leaving them at 74 health and 100 armor!
12:25:32: C17.MPF.BLADE.02:917 has used '/Observer'.
12:25:33: C17.MPF.BLADE.02:917 has used '/Observer'.
12:25:34: C17.MPF.BLADE.02:917 has taken 26 damage from worldspawn, leaving them at 50 health and 100 armor!
12:25:35: C17.MPF.BLADE.02:917 has used '/Observer'.
12:25:36: C17.MPF.BLADE.02:917 has used '/Observer'.
12:25:37: C17.MPF.BLADE.02:917 has taken 36 damage from worldspawn, leaving them at 14 health and 100 armor!
12:25:53: C17.MPF.BLADE.02:917 has gained a Health Kit 1516440356.
12:25:53: C17.MPF.BLADE.02:917 has lost a Health Kit 1516440356.
12:25:53: C17.MPF.BLADE.02:917 has used '/InvAction use health_kit 1516440356'.
12:25:54: C17.MPF.BLADE.02:917 has gained a Health Kit 1516440357.
12:25:54: C17.MPF.BLADE.02:917 has lost a Health Kit 1516440357.
12:25:54: C17.MPF.BLADE.02:917 has used '/InvAction use health_kit 1516440357'.
12:25:54: C17.MPF.BLADE.02:917 has used '/Observer'.
12:25:57: C17.MPF.BLADE.02:917 has used '/Observer'.
12:25:58: C17.MPF.BLADE.02:917 has taken 55 damage from worldspawn, leaving them at 35 health and 100 armor!
12:26:00: C17.MPF.BLADE.02:917 has used '/Observer'.
12:26:01: C17.MPF.BLADE.02:917 has used '/Observer'.
12:26:05: C17.MPF.BLADE.02:917 has gained a Health Kit 1516440370.
12:26:05: C17.MPF.BLADE.02:917 has lost a Health Kit 1516440370.
12:26:05: C17.MPF.BLADE.02:917 has used '/InvAction use health_kit 1516440370'.
12:26:08: C17.MPF.BLADE.02:917 has gained a Health Kit 1516440374.
12:26:08: C17.MPF.BLADE.02:917 has lost a Health Kit 1516440374.
12:26:08: C17.MPF.BLADE.02:917 has used '/InvAction use health_kit 1516440374'.
12:26:20: C17.MPF.BLADE.02:917 has used '/Observer'.
12:26:21: C17.MPF.BLADE.02:917 has used '/Observer'.
12:26:22: C17.MPF.BLADE.02:917 has taken 46 damage from worldspawn, leaving them at 54 health and 100 armor!
12:26:23: C17.MPF.BLADE.02:917 has used '/Observer'.
12:26:24: C17.MPF.BLADE.02:917 has used '/Observer'.
12:26:25: worldspawn has dealt 55 damage to C17.MPF.BLADE.02:917, killing them!
12:27:48: C17.MPF.BLADE.02:917 has used '/Observer'.
12:27:49: C17.MPF.BLADE.02:917 has used '/Observer'.
12:27:50: C17.MPF.BLADE.02:917 has used '/Observer'.
12:27:52: C17.MPF.BLADE.02:917 has used '/Observer'.
12:27:57: C17.MPF.BLADE.02:917 has taken 41 damage from worldspawn, leaving them at 59 health and 0 armor!
12:28:14: C17.MPF.BLADE.02:917 has taken 31 damage from worldspawn, leaving them at 34 health and 0 armor!
12:28:20: C17.MPF.BLADE.02:917 has gained a Health Kit 1516440508.
12:28:20: C17.MPF.BLADE.02:917 has lost a Health Kit 1516440508.
12:28:20: C17.MPF.BLADE.02:917 has used '/InvAction use health_kit 1516440508'.
12:28:21: C17.MPF.BLADE.02:917 has gained a Health Kit 1516440511.
12:28:21: C17.MPF.BLADE.02:917 has lost a Health Kit 1516440511.
12:28:21: C17.MPF.BLADE.02:917 has used '/InvAction use health_kit 1516440511'.
12:28:28: C17.MPF.BLADE.02:917 has taken 30 damage from worldspawn, leaving them at 70 health and 0 armor!
12:28:42: C17.MPF.BLADE.02:917 has gained a Health Kit 1516440530.
12:28:42: C17.MPF.BLADE.02:917 has lost a Health Kit 1516440530.
12:28:42: C17.MPF.BLADE.02:917 has used '/InvAction use health_kit 1516440530'.
12:28:46: C17.MPF.BLADE.02:917 has taken 40 damage from worldspawn, leaving them at 60 health and 0 armor!
12:28:57: C17.MPF.BLADE.02:917 has taken 39 damage from worldspawn, leaving them at 25 health and 0 armor!
12:29:03: C17.MPF.BLADE.02:917 has gained a Health Kit 1516440554.
12:29:03: C17.MPF.BLADE.02:917 has lost a Health Kit 1516440554.
12:29:03: C17.MPF.BLADE.02:917 has used '/InvAction use health_kit 1516440554'.
12:29:04: C17.MPF.BLADE.02:917 has gained a Health Kit 1516440556.
12:29:04: C17.MPF.BLADE.02:917 has lost a Health Kit 1516440556.
12:29:04: C17.MPF.BLADE.02:917 has used '/InvAction use health_kit 1516440556'.
12:29:12: C17.MPF.BLADE.02:917 (STEAM_0:1:95283970/2.93.67.183:27005) has disconnected.
12:52:32: G13|Твой капитан (STEAM_0:0:168484685/95.190.189.163:27005) has connected.
12:57:04: G13|Твой капитан has created a Citizen character called 'Gillion Vandersonn'.
12:57:04: G13|Твой капитан has loaded the character 'Gillion Vandersonn'.
12:57:37: Gillion Vandersonn has lost a Suitcase 1516442225.
12:57:37: Gillion Vandersonn has used '/InvAction use cw_suitcase 1516442225.00'.
12:57:40: Gillion Vandersonn has used '/StorageClose'.
12:57:45: Gillion Vandersonn has used '/StorageClose'.
12:57:55: Gillion Vandersonn has used '/StorageClose'.
12:57:56: Gillion Vandersonn has used '/StorageClose'.
12:58:35: Gillion Vandersonn has gained a Health Kit 1516440387.
12:59:17: Gillion Vandersonn has used '/StorageClose'.
12:59:19: Gillion Vandersonn has used '/StorageClose'.
12:59:43: Gillion Vandersonn has gained a Breen's Water 1516442385.
13:00:01: Gillion Vandersonn has gained a Milk Carton 1516442404.
13:00:02: Gillion Vandersonn has gained a Chinese Takeout 1516442406.
13:00:42: Gillion Vandersonn has used '/StorageClose'.
13:01:06: Gillion Vandersonn has used '/StorageClose'.
13:01:13: Gillion Vandersonn has used '/StorageClose'.
13:01:15: Gillion Vandersonn has used '/StorageClose'.
13:01:29: Gillion Vandersonn has used '/StorageClose'.
13:01:34: Gillion Vandersonn has used '/StorageClose'.
13:01:36: Gillion Vandersonn has used '/StorageClose'.
13:45:11: Gillion Vandersonn (STEAM_0:0:168484685/95.190.189.163:27005) has disconnected.
16:26:32: Flacs (STEAM_0:1:208305988/46.146.128.161:27005) has connected.
19:05:08: Flacs (STEAM_0:1:208305988/46.146.128.161:27005) has connected.
19:21:21: Helugon (STEAM_0:1:95283970/2.93.67.183:27005) has connected.
19:29:13: Helugon has loaded the character 'C17.MPF.BLADE.02:917'.
19:29:54: C17.MPF.BLADE.02:917 has taken 3 damage from env_headcrabcanister, leaving them at 97 health and 0 armor!
19:30:24: C17.MPF.BLADE.02:917 has lost a Shotgun 1516276332.
19:30:24: C17.MPF.BLADE.02:917 has used '/InvAction use weapon_shotgun 1516276332.00'.
19:33:27: C17.MPF.BLADE.02:917 has used '/Observer'.
19:33:34: C17.MPF.BLADE.02:917 has used '/Observer'.
19:33:35: C17.MPF.BLADE.02:917 has used '/Observer'.
19:33:36: C17.MPF.BLADE.02:917 has used '/Observer'.
19:33:37: C17.MPF.BLADE.02:917 has used '/Observer'.
19:33:38: C17.MPF.BLADE.02:917 has used '/Observer'.
19:34:34: C17.MPF.BLADE.02:917 has taken 4 damage from npc_headcrab, leaving them at 100 health and 96 armor!
19:34:36: C17.MPF.BLADE.02:917 has taken 4 damage from npc_headcrab, leaving them at 100 health and 91 armor!
19:34:53: C17.MPF.BLADE.02:917 has taken 4 damage from npc_headcrab, leaving them at 100 health and 86 armor!
19:35:03: C17.MPF.BLADE.02:917 has taken 4 damage from npc_headcrab, leaving them at 100 health and 81 armor!
19:35:15: C17.MPF.BLADE.02:917 has taken 4 damage from npc_headcrab, leaving them at 100 health and 76 armor!
19:35:17: C17.MPF.BLADE.02:917 has taken 4 damage from npc_headcrab, leaving them at 100 health and 71 armor!
19:35:48: C17.MPF.BLADE.02:917 has taken 4 damage from npc_headcrab, leaving them at 100 health and 66 armor!
19:35:52: C17.MPF.BLADE.02:917 has taken 4 damage from npc_headcrab, leaving them at 100 health and 61 armor!
19:35:57: C17.MPF.BLADE.02:917 has taken 4 damage from npc_headcrab, leaving them at 100 health and 56 armor!
19:37:10: C17.MPF.BLADE.02:917 has used '/Observer'.
19:37:19: C17.MPF.BLADE.02:917 has used '/Observer'.
19:37:30: C17.MPF.BLADE.02:917 has used '/Observer'.
19:37:32: C17.MPF.BLADE.02:917 has used '/Observer'.
19:37:48: C17.MPF.BLADE.02:917 has taken 8 damage from env_headcrabcanister, leaving them at 92 health and 55 armor!
19:37:48: C17.MPF.BLADE.02:917 has taken 2 damage from env_headcrabcanister, leaving them at 90 health and 54 armor!
19:37:50: C17.MPF.BLADE.02:917 has used '/Observer'.
19:37:51: C17.MPF.BLADE.02:917 has used '/Observer'.
19:38:11: C17.MPF.BLADE.02:917 has taken 4 damage from npc_headcrab, leaving them at 98 health and 49 armor!
19:38:45: C17.MPF.BLADE.02:917 has taken 4 damage from npc_headcrab, leaving them at 100 health and 44 armor!
19:38:47: C17.MPF.BLADE.02:917 has taken 4 damage from npc_headcrab, leaving them at 100 health and 39 armor!
19:39:18: C17.MPF.BLADE.02:917 has gained a Pulse-Rifle 1516466340.
19:39:18: C17.MPF.BLADE.02:917 has used '/InvAction use weapon_ar2 1516466340'.
19:39:18: C17.MPF.BLADE.02:917 has lost a Pulse-Rifle 1516466340.
19:39:25: C17.MPF.BLADE.02:917 has gained a Shotgun 1516276332.
19:39:27: C17.MPF.BLADE.02:917 has gained a Pulse-Rifle 1516466340.
19:39:27: C17.MPF.BLADE.02:917 has lost a Pulse-Rifle 1516466340.
19:39:27: C17.MPF.BLADE.02:917 has used '/InvAction use weapon_ar2 1516466340'.
19:39:30: C17.MPF.BLADE.02:917 has gained a Pulse-Rifle Energy 1516466356.
19:39:30: C17.MPF.BLADE.02:917 has lost a Pulse-Rifle Energy 1516466356.
19:39:30: C17.MPF.BLADE.02:917 has used '/InvAction use ammo_ar2 1516466356'.
19:39:32: C17.MPF.BLADE.02:917 has gained a Pulse-Rifle Energy 1516466355.
19:39:32: C17.MPF.BLADE.02:917 has lost a Pulse-Rifle Energy 1516466355.
19:39:32: C17.MPF.BLADE.02:917 has used '/InvAction use ammo_ar2 1516466355'.
19:39:33: C17.MPF.BLADE.02:917 has gained a Pulse-Rifle Energy 1516466358.
19:39:33: C17.MPF.BLADE.02:917 has lost a Pulse-Rifle Energy 1516466358.
19:39:33: C17.MPF.BLADE.02:917 has used '/InvAction use ammo_ar2 1516466358'.
19:39:45: C17.MPF.BLADE.02:917 has gained a Pulse-Rifle Energy 1516466387.
19:39:45: C17.MPF.BLADE.02:917 has lost a Pulse-Rifle Energy 1516466387.
19:39:45: C17.MPF.BLADE.02:917 has used '/InvAction use ammo_ar2 1516466387'.
19:39:47: C17.MPF.BLADE.02:917 has gained a Pulse-Rifle Energy 1516466388.
19:39:47: C17.MPF.BLADE.02:917 has lost a Pulse-Rifle Energy 1516466388.
19:39:47: C17.MPF.BLADE.02:917 has used '/InvAction use ammo_ar2 1516466388'.
19:39:48: C17.MPF.BLADE.02:917 has gained a Pulse-Rifle Energy 1516466391.
19:39:48: C17.MPF.BLADE.02:917 has lost a Pulse-Rifle Energy 1516466391.
19:39:48: C17.MPF.BLADE.02:917 has used '/InvAction use ammo_ar2 1516466391'.
19:39:49: C17.MPF.BLADE.02:917 has gained a Pulse-Rifle Energy 1516466390.
19:39:49: C17.MPF.BLADE.02:917 has lost a Pulse-Rifle Energy 1516466390.
19:39:49: C17.MPF.BLADE.02:917 has used '/InvAction use ammo_ar2 1516466390'.
19:39:51: C17.MPF.BLADE.02:917 has used '/Observer'.
19:39:55: C17.MPF.BLADE.02:917 has used '/Observer'.
19:39:57: C17.MPF.BLADE.02:917 has used '/Observer'.
19:40:00: C17.MPF.BLADE.02:917 has used '/Observer'.
19:40:11: C17.MPF.BLADE.02:917 has taken 4 damage from npc_headcrab, leaving them at 100 health and 34 armor!
19:40:14: C17.MPF.BLADE.02:917 has taken 4 damage from npc_headcrab, leaving them at 100 health and 29 armor!
19:40:24: C17.MPF.BLADE.02:917 has taken 4 damage from npc_headcrab, leaving them at 100 health and 24 armor!
19:40:51: C17.MPF.BLADE.02:917 has taken 4 damage from npc_headcrab, leaving them at 100 health and 19 armor!
19:41:24: C17.MPF.BLADE.02:917 has taken 4 damage from npc_headcrab, leaving them at 100 health and 89 armor!
19:41:25: C17.MPF.BLADE.02:917 has taken 4 damage from npc_headcrab, leaving them at 100 health and 84 armor!
19:41:27: C17.MPF.BLADE.02:917 has taken 4 damage from npc_headcrab, leaving them at 100 health and 79 armor!
19:41:29: C17.MPF.BLADE.02:917 has taken 4 damage from npc_headcrab, leaving them at 100 health and 74 armor!
19:41:31: C17.MPF.BLADE.02:917 has taken 4 damage from npc_headcrab, leaving them at 100 health and 69 armor!
19:41:33: C17.MPF.BLADE.02:917 has taken 4 damage from npc_headcrab, leaving them at 100 health and 64 armor!
19:41:35: C17.MPF.BLADE.02:917 has taken 4 damage from npc_headcrab, leaving them at 100 health and 59 armor!
19:41:37: C17.MPF.BLADE.02:917 has taken 4 damage from npc_headcrab, leaving them at 100 health and 54 armor!
19:41:39: C17.MPF.BLADE.02:917 has taken 4 damage from npc_headcrab, leaving them at 100 health and 49 armor!
19:42:16: C17.MPF.BLADE.02:917 has taken 4 damage from npc_headcrab, leaving them at 100 health and 89 armor!
19:42:24: C17.MPF.BLADE.02:917 has used '/Observer'.
19:42:25: C17.MPF.BLADE.02:917 has used '/Observer'.
19:42:50: C17.MPF.BLADE.02:917 has taken 4 damage from npc_headcrab, leaving them at 100 health and 84 armor!
19:43:26: C17.MPF.BLADE.02:917 has taken 4 damage from npc_headcrab, leaving them at 100 health and 79 armor!
19:43:48: C17.MPF.BLADE.02:917 has taken 4 damage from npc_headcrab, leaving them at 100 health and 74 armor!
19:44:22: C17.MPF.BLADE.02:917 has taken 4 damage from npc_headcrab, leaving them at 100 health and 69 armor!
19:44:24: C17.MPF.BLADE.02:917 has taken 4 damage from npc_headcrab, leaving them at 100 health and 64 armor!
19:44:49: C17.MPF.BLADE.02:917 has taken 4 damage from npc_headcrab, leaving them at 100 health and 59 armor!
19:44:51: C17.MPF.BLADE.02:917 has taken 4 damage from npc_headcrab, leaving them at 100 health and 54 armor!
19:45:27: C17.MPF.BLADE.02:917 has taken 4 damage from npc_headcrab, leaving them at 100 health and 49 armor!
19:45:28: C17.MPF.BLADE.02:917 has taken 4 damage from npc_headcrab, leaving them at 100 health and 44 armor!
19:47:05: C17.MPF.BLADE.02:917 has taken 4 damage from npc_headcrab, leaving them at 100 health and 39 armor!
19:47:07: C17.MPF.BLADE.02:917 has taken 4 damage from npc_headcrab, leaving them at 100 health and 34 armor!
19:47:27: C17.MPF.BLADE.02:917 has taken 20 damage from env_headcrabcanister, leaving them at 80 health and 33 armor!
19:47:29: C17.MPF.BLADE.02:917 has used '/Observer'.
19:47:33: C17.MPF.BLADE.02:917 has used '/Observer'.
19:48:41: C17.MPF.BLADE.02:917 has taken 36 damage from mortarshell, leaving them at 64 health and 77 armor!
19:48:43: C17.MPF.BLADE.02:917 has used '/Observer'.
19:48:45: C17.MPF.BLADE.02:917 has used '/Observer'.
19:49:24: C17.MPF.BLADE.02:917 has taken 23 damage from mortarshell, leaving them at 57 health and 76 armor!
19:50:20: C17.MPF.BLADE.02:917 has used '/Observer'.
19:50:21: C17.MPF.BLADE.02:917 has used '/Observer'.
19:52:05: C17.MPF.BLADE.02:917 has taken 4 damage from npc_headcrab, leaving them at 100 health and 71 armor!
19:52:07: C17.MPF.BLADE.02:917 has taken 22 damage from npc_turret_floor, leaving them at 100 health and 67 armor!
19:52:07: C17.MPF.BLADE.02:917 has taken 22 damage from npc_turret_floor, leaving them at 100 health and 63 armor!
19:52:47: C17.MPF.BLADE.02:917 has taken 4 damage from npc_headcrab, leaving them at 100 health and 58 armor!
19:52:51: C17.MPF.BLADE.02:917 has taken 4 damage from npc_headcrab, leaving them at 100 health and 53 armor!
19:52:53: C17.MPF.BLADE.02:917 has taken 4 damage from npc_headcrab, leaving them at 100 health and 48 armor!
19:53:13: C17.MPF.BLADE.02:917 has taken 4 damage from npc_headcrab, leaving them at 100 health and 43 armor!
19:53:16: C17.MPF.BLADE.02:917 has taken 4 damage from npc_headcrab, leaving them at 100 health and 38 armor!
19:53:37: C17.MPF.BLADE.02:917 has taken 4 damage from npc_headcrab, leaving them at 100 health and 33 armor!
19:53:40: C17.MPF.BLADE.02:917 has taken 4 damage from npc_headcrab, leaving them at 100 health and 28 armor!
19:54:57: C17.MPF.BLADE.02:917 has used '/Observer'.
19:54:58: C17.MPF.BLADE.02:917 has used '/Observer'.
19:55:00: C17.MPF.BLADE.02:917 has taken 78 damage from worldspawn, leaving them at 22 health and 27 armor!
19:55:05: C17.MPF.BLADE.02:917 (STEAM_0:1:95283970/2.93.67.183:27005) has disconnected.
21:05:01: 💎GUCCI💎 (STEAM_0:1:167437311/77.37.220.124:27005) has connected.
21:05:42: 💎GUCCI💎 has loaded the character 'C17.MPF.CmD.EpU:565'.
21:08:43: [LOOC] C17.MPF.CmD.EpU:565: _
21:08:43: [LOOC] C17.MPF.CmD.EpU:565: _
21:08:43: [LOOC] C17.MPF.CmD.EpU:565: _
21:09:13: C17.MPF.CmD.EpU:565 has used '/CharSetModel C17.MPF.CmD.EpU:565 models/suits/male_04_closed_tie.mdl'.
21:11:02: C17.MPF.CmD.EpU:565 has used '/CharSetModel C17.MPF.CmD.EpU:565 models/hl2rp/metropolice/hl2_malecp_nero.mdl'.
21:11:51: C17.MPF.CmD.EpU:565 has used '/CharSetName C17.MPF.CmD.EpU:565 C17.MPF.CmD.EpU:565'.
21:11:54: C17.MPF.CmD.EpU:565 says: "C17.MPF.CmD.EpU:565"
21:11:54: C17.MPF.CmD.EpU:565 says "<:: C17.MPF.CmD.EpU:565"
21:12:08: C17.MPF.CmD.EpU:565 has used '/CharSetModel C17.MPF.CmD.EpU:565 models/tactical_rebel.mdl'.
21:13:02: C17.MPF.CmD.EpU:565 has used '/CharSetModel C17.MPF.CmD.EpU:565 models/suits/male_09_closed_tie.mdl'.
21:19:46: 💎GUCCI💎 has loaded the character 'Paul Hoover'.
21:20:01: Paul Hoover has used '/Observer'.
21:22:56: Paul Hoover has used '/Observer'.
21:23:54: Paul Hoover has used '/Observer'.
21:23:55: Paul Hoover has used '/Observer'.
21:25:02: 💎GUCCI💎 has loaded the character 'C17.MPF.CmD.EpU:565'.
21:25:13: 💎GUCCI💎 has loaded the character 'Paul Hoover'.
21:25:29: Paul Hoover has used '/Observer'.
21:25:36: Paul Hoover (STEAM_0:1:167437311/77.37.220.124:27005) has disconnected.
