10:07:25: Grzegorz Brzęczyszczykiewicz (STEAM_0:1:82706478/92.124.49.191:27005) has connected.
10:08:14: Grzegorz Brzęczyszczykiewicz has loaded the character 'Томаш Новак'.
10:08:49: Томаш Новак has lost a Stationary Radio 1527761154.
10:08:49: Томаш Новак has used '/InvAction drop stationary_radio 1527761154.00'.
10:08:50: Томаш Новак has lost a Handheld Radio 1527761160.
10:08:50: Томаш Новак has used '/InvAction drop handheld_radio 1527761160.00'.
10:08:51: Томаш Новак has lost a Request Device 1527761150.
10:08:51: Томаш Новак has used '/InvAction drop request_device 1527761150.00'.
10:08:54: Томаш Новак has gained a Stationary Radio 1527761154.
10:08:57: Томаш Новак has lost a Stationary Radio 1527761154.
10:08:57: Томаш Новак has used '/InvAction drop stationary_radio 1527761154.00'.
10:08:59: Томаш Новак has gained a Request Device 1527761150.
10:09:01: Томаш Новак has gained a Импульсная винтовка 1527760756.
10:09:04: Томаш Новак has lost a Импульсная винтовка 1527760752.
10:09:04: Томаш Новак has used '/InvAction drop weapon_ar2 1527760752.00'.
10:09:48: Томаш Новак has gained a Парализатор 1527737881.
10:09:58: Томаш Новак has used '/InvAction use cits_loyalist_dark 1527751618.00'.
10:09:59: Томаш Новак has used '/InvAction use cits_gasmask 1527759888.00'.
10:10:00: Томаш Новак has used '/InvAction use cits_gloves 1527759914.00'.
10:10:01: Томаш Новак has used '/InvAction use cits_rebel_legs 1527759932.00'.
10:11:49: worldspawn has dealt 10128 damage to Томаш Новак, killing them!
10:12:10: Томаш Новак has gained a Сардины 1527772963.
10:12:10: Томаш Новак has lost a Сардины 1527772963.
10:12:10: Томаш Новак has used '/InvAction use fd_sardins 1527772963'.
10:12:30: Томаш Новак (STEAM_0:1:82706478/92.124.49.191:27005) has disconnected.
12:29:58: -k0t- (STEAM_0:1:421800822/85.174.120.42:27005) has connected.
14:21:41: Hanz Mengale (STEAM_0:1:82069674/109.252.61.32:12674) has connected.
14:22:37: Hanz Mengale has loaded the character 'Hanz Shulz'.
14:24:48: Hanz Shulz (STEAM_0:1:82069674/109.252.61.32:12674) has disconnected.
17:15:51: Drevniy Ukr (STEAM_0:1:85047323/94.45.105.220:27005) has connected.
17:18:46: Drevniy Ukr has created a Гражданин character called 'Хабиб Тофик'.
17:18:46: Drevniy Ukr has loaded the character 'Хабиб Тофик'.
17:18:57: worldspawn has dealt 9961 damage to Хабиб Тофик, killing them!
17:19:13: Хабиб Тофик has gained a Импульсная винтовка 1527760750.
17:19:22: worldspawn has dealt 7618 damage to Хабиб Тофик, killing them!
17:19:32: [OOC] Хабиб Тофик: qwe
17:19:53: Хабиб Тофик has gained a Импульсная винтовка 1527760755.
17:19:53: Хабиб Тофик has lost a Импульсная винтовка 1527760755.
17:19:53: Хабиб Тофик has used '/InvAction use weapon_ar2 1527760755'.
17:20:09: Хабиб Тофик has gained a Container Base 1527691724.
17:20:09: Хабиб Тофик has used '/InvAction use container_base 1527691724'.
17:20:09: Хабиб Тофик has lost a Container Base 1527691724.
17:20:12: Хабиб Тофик has used '/StorageClose'.
17:20:18: Хабиб Тофик has lost a Suitcase 1527862727.
17:20:18: Хабиб Тофик has used '/InvAction drop cw_suitcase 1527862727.00'.
17:20:20: Хабиб Тофик has lost a Импульсная винтовка 1527760750.
17:20:20: Хабиб Тофик has used '/InvAction drop weapon_ar2 1527760750.00'.
17:20:24: Хабиб Тофик has gained a Маска 'OfC-2' 1527760235.
17:20:24: Хабиб Тофик has used '/InvAction use cps_mask_off 1527760235'.
17:20:24: Хабиб Тофик has lost a Маска 'OfC-2' 1527760235.
17:20:27: Хабиб Тофик has gained a Union Lock 1527679453.
17:22:24: Хабиб Тофик has lost a Импульсная винтовка 1527760755.
17:22:24: worldspawn has dealt 19554 damage to Хабиб Тофик, killing them!
17:22:31: worldspawn has dealt 14764 damage to Хабиб Тофик, killing them!
17:22:34: worldspawn has dealt 13200 damage to Хабиб Тофик, killing them!
17:22:39: worldspawn has dealt 5102 damage to Хабиб Тофик, killing them!
17:22:47: LogPlayerSpawnModel
17:22:47: LogPlayerSpawnModel
17:22:55: worldspawn has dealt 10019 damage to Хабиб Тофик, killing them!
17:23:30: Хабиб Тофик has gained a Рюкзак 1527760492.
17:24:08: Хабиб Тофик has gained a Union Card 1527763356.
17:24:16: Хабиб Тофик has gained a Зеленые штаны повстанцев 1527759988.
17:24:16: Хабиб Тофик has used '/InvAction use cits_rebel1_legs 1527759988'.
17:24:18: Хабиб Тофик has gained a Зимнее пальто 1527759991.
17:24:18: Хабиб Тофик has used '/InvAction use cits_wintercoat 1527759991'.
17:24:34: worldspawn has dealt 9021 damage to Хабиб Тофик, killing them!
17:25:00: Хабиб Тофик (STEAM_0:1:85047323/94.45.105.220:27005) has disconnected.
18:44:16: ponomorev2007 (STEAM_0:1:214776331/46.166.101.24:28744) has connected.
18:45:21: ponomorev2007 has loaded the character 'danil'.
18:45:34: worldspawn has dealt 13655 damage to danil, killing them!
18:45:54: danil (STEAM_0:1:214776331/46.166.101.24:28744) has disconnected.
