00:15:45: X-Fresh (STEAM_0:1:103942226/91.124.89.154:27005) has connected.
00:22:10: X-Fresh has loaded the character 'Дмитрий Гуард'.
00:23:23: Дмитрий Гуард (STEAM_0:1:103942226/91.124.89.154:27005) has disconnected.
05:28:21: Black Fox (STEAM_0:0:193702665/188.226.11.208:27005) has connected.
05:42:27: Black Fox has created a Гражданин character called 'Максим Фикусов'.
05:42:32: Black Fox has loaded the character 'Максим Фикусов'.
05:43:32: Максим Фикусов has gained a Сумка ГО 1527691615.
05:43:32: Максим Фикусов has used '/InvAction use cps_bag 1527691615'.
05:43:32: Максим Фикусов has lost a Сумка ГО 1527691615.
05:43:37: Максим Фикусов has gained a Сумка ГО 1527691615.
05:44:07: Максим Фикусов has gained a Респиратор 'Onc-20e' 1527691653.
05:44:12: Максим Фикусов has gained a Стандартный воротник для головы 1527691623.
05:44:18: Максим Фикусов has used '/InvAction use cps_neck 1527691623.00'.
05:44:23: Максим Фикусов has used '/InvAction use cps_mask_oncte 1527691653.00'.
05:44:32: Максим Фикусов has gained a Boxed Backpack 1527691732.
05:44:41: Максим Фикусов has used '/InvAction use boxed_backpack 1527691732.00'.
05:45:02: Максим Фикусов has gained a 9mm Pistol Bullets 1527691559.
05:45:32: LogPlayerSpawnModel
05:45:32: LogPlayerSpawnModel
05:46:43: Максим Фикусов has gained a Shotgun 1527419543.
05:47:01: Максим Фикусов has gained a 9mm Pistol 1527419549.
05:47:17: Максим Фикусов has lost a 9mm Pistol 1527419549.
05:47:17: Максим Фикусов has used '/InvAction use weapon_pistol 1527419549.00'.
05:47:49: Максим Фикусов has gained a Zip Tie 1527357021.
05:52:27: Максим Фикусов has used '/InvAction Split ammo_pistol 1527691559.00'.
05:52:30: Максим Фикусов has used '/InvAction use ammo_pistol 1527691559.00'.
05:53:01: Максим Фикусов has lost a 9mm Pistol 1527419549.
05:53:01: worldspawn has dealt 13042 damage to Максим Фикусов, killing them!
05:53:31: Максим Фикусов has gained a Импульсная винтовка 1527620021.
05:53:48: Максим Фикусов has lost a Импульсная винтовка 1527620021.
05:53:48: Максим Фикусов has used '/InvAction use weapon_ar2 1527620021.00'.
05:54:10: Максим Фикусов has lost a Импульсная винтовка 1527620021.
05:54:10: worldspawn has dealt 9720 damage to Максим Фикусов, killing them!
05:55:38: Максим Фикусов has gained a Smoke 1527619294.
05:56:36: Максим Фикусов has lost a Smoke 1527619294.
05:56:36: Максим Фикусов has used '/InvAction use cw_smokegrenade 1527619294.00'.
05:56:59: Максим Фикусов has lost a Shotgun 1527419543.
05:56:59: Максим Фикусов has used '/InvAction use weapon_shotgun 1527419543.00'.
05:57:28: Максим Фикусов has used '/CharSearch'.
06:00:08: Максим Фикусов has gained a 9mm Pistol 1527419549.
06:00:13: Максим Фикусов has lost a 9mm Pistol 1527419549.
06:00:13: Максим Фикусов has used '/InvAction use weapon_pistol 1527419549.00'.
06:01:44: Максим Фикусов has gained a Boxed Backpack 1527686479.
06:01:44: Максим Фикусов has used '/InvAction use boxed_backpack 1527686479'.
06:01:44: Максим Фикусов has lost a Boxed Backpack 1527686479.
06:01:46: Максим Фикусов has gained a Suitcase 1527686352.
06:01:49: Максим Фикусов has used '/InvAction use cw_suitcase 1527734549.00'.
06:01:57: Максим Фикусов has lost a Suitcase 1527686352.
06:01:57: Максим Фикусов has gained a Холодная лапша 1527735720.
06:01:57: Максим Фикусов has gained a Вода 1527735721.
06:01:57: Максим Фикусов has used '/CraftBlueprint Открыть_чемодан'.
06:01:59: Максим Фикусов has lost a Suitcase 1527734549.
06:01:59: Максим Фикусов has gained a Холодная лапша 1527735724.
06:01:59: Максим Фикусов has gained a Вода 1527735725.
06:01:59: Максим Фикусов has used '/CraftBlueprint Открыть_чемодан'.
06:02:37: Максим Фикусов has gained a Grenade 1527619204.
06:02:40: Максим Фикусов has gained a Crowbar 1527619221.
06:02:49: Максим Фикусов has lost a Grenade 1527619204.
06:02:49: Максим Фикусов has used '/InvAction use weapon_frag 1527619204.00'.
06:02:53: Максим Фикусов has used '/InvAction use sxbase_crowbar 1527619221.00'.
06:02:59: Максим Фикусов has gained a Пустая коробка 1527420369.
06:03:28: Максим Фикусов has gained a Карточка награды 4 ур. 1527619778.
06:03:36: Максим Фикусов has gained a Карточка награды 4 ур. 1527619757.
06:03:48: Максим Фикусов has gained a Импульсная винтовка 1527686684.
06:03:59: Максим Фикусов has gained a Smoke 1527619295.
06:03:59: Максим Фикусов has used '/InvAction use cw_smokegrenade 1527619295'.
06:03:59: Максим Фикусов has lost a Smoke 1527619295.
06:04:04: Максим Фикусов has gained a Smoke 1527619295.
06:04:34: Максим Фикусов has gained a SMG Bullets 1527436980.
06:04:34: Максим Фикусов has used '/InvAction use ammo_smg1 1527436980'.
06:04:34: Максим Фикусов has lost a SMG Bullets 1527436980.
06:04:36: Максим Фикусов has gained a SMG Bullets 1527436980.
06:04:58: Максим Фикусов has gained a Карточка награды 2 ур. 1527687038.
06:05:02: Максим Фикусов has gained a Карточка награды 2 ур. 1527687037.
06:05:08: Максим Фикусов has gained a MP7 1527686214.
06:05:11: Максим Фикусов has gained a RPG 1527686221.
06:05:28: Максим Фикусов has gained a .357 Magnum Bullets 1527686101.
06:05:28: Максим Фикусов has used '/InvAction use ammo_357 1527686101'.
06:05:28: Максим Фикусов has lost a .357 Magnum Bullets 1527686101.
06:05:39: Максим Фикусов has lost a Вода 1527735721.
06:05:39: Максим Фикусов has used '/InvAction use breens_water 1527735721.00'.
06:05:44: Максим Фикусов has lost a Вода 1527735725.
06:05:44: Максим Фикусов has used '/InvAction use breens_water 1527735725.00'.
06:05:48: Максим Фикусов has lost a Пустая коробка 1527420369.
06:05:48: Максим Фикусов has used '/InvAction drop empty_paper_takeout 1527420369.00'.
06:05:51: Максим Фикусов has gained a Пустая коробка 1527735958.
06:05:51: Максим Фикусов has lost a Холодная лапша 1527735720.
06:05:51: Максим Фикусов has used '/InvAction use chinese_takeout 1527735720.00'.
06:05:54: Максим Фикусов has lost a Пустая коробка 1527735958.
06:05:54: Максим Фикусов has used '/InvAction drop empty_paper_takeout 1527735958.00'.
06:05:57: Максим Фикусов has gained a Пустая коробка 1527735965.
06:05:57: Максим Фикусов has lost a Холодная лапша 1527735724.
06:05:57: Максим Фикусов has used '/InvAction use chinese_takeout 1527735724.00'.
06:06:06: Максим Фикусов has gained a Парализатор 1527665014.
06:06:07: Максим Фикусов has gained a .357 Magnum Bullets 1527686101.
06:06:15: Максим Фикусов has gained a Grenade 1527686218.
06:06:39: Максим Фикусов has used '/CharSearch'.
06:07:10: Максим Фикусов has used '/InvAction use weapon_frag 1527686218.00'.
06:07:21: Максим Фикусов has lost a Grenade 1527686218.
06:07:21: Максим Фикусов has used '/InvAction use weapon_frag 1527686218.00'.
06:07:45: Максим Фикусов has lost a Shotgun 1527419543.
06:07:45: Максим Фикусов has lost a 9mm Pistol 1527419549.
06:07:45: Максим Фикусов has lost a Grenade 1527686218.
06:07:45: worldspawn has dealt 14017 damage to Максим Фикусов, killing them!
06:07:57: Максим Фикусов has used '/StorageGiveTokens 10000.00'.
06:07:59: Максим Фикусов has lost a SMG Bullets 1527436980.
06:07:59: Максим Фикусов has used '/StorageGiveItem ammo_smg1 1527436980.00'.
06:08:01: Максим Фикусов has used '/StorageGiveItem cps_bag 1527691615.00'.
06:08:02: Максим Фикусов has lost a Пустая коробка 1527735965.
06:08:02: Максим Фикусов has used '/StorageGiveItem empty_paper_takeout 1527735965.00'.
06:08:04: Максим Фикусов has lost a Импульсная винтовка 1527686684.
06:08:04: Максим Фикусов has used '/StorageGiveItem weapon_ar2 1527686684.00'.
06:08:06: Максим Фикусов has used '/StorageGiveItem cps_bag 1527691615.00'.
06:08:09: Максим Фикусов has gained a SMG Bullets 1527436980.
06:08:09: Максим Фикусов has used '/StorageTakeItem ammo_smg1 1527436980.00'.
06:08:16: Максим Фикусов has gained a Импульсная винтовка 1527686684.
06:08:16: Максим Фикусов has used '/StorageTakeItem weapon_ar2 1527686684.00'.
06:08:18: Максим Фикусов has gained a Пустая коробка 1527735965.
06:08:18: Максим Фикусов has used '/StorageTakeItem empty_paper_takeout 1527735965.00'.
06:08:20: Максим Фикусов has lost a Пустая коробка 1527735965.
06:08:20: Максим Фикусов has used '/StorageGiveItem empty_paper_takeout 1527735965.00'.
06:08:21: Максим Фикусов has used '/StorageClose'.
06:08:27: Максим Фикусов has gained a 9mm Pistol 1527419549.
06:08:43: Максим Фикусов has lost a 9mm Pistol 1527419549.
06:08:43: Максим Фикусов has used '/InvAction use weapon_pistol 1527419549.00'.
06:08:49: Максим Фикусов has lost a Smoke 1527619295.
06:08:49: Максим Фикусов has used '/InvAction use cw_smokegrenade 1527619295.00'.
06:08:55: Максим Фикусов has gained a Shotgun 1527419543.
06:08:55: Максим Фикусов has lost a Shotgun 1527419543.
06:08:55: Максим Фикусов has used '/InvAction use weapon_shotgun 1527419543'.
06:09:58: Максим Фикусов has used '/InvAction use civreward_4l 1527619757.00'.
06:10:02: Максим Фикусов has used '/InvAction use civreward_2l 1527687038.00'.
06:10:04: Максим Фикусов has used '/InvAction use civreward_2l 1527687037.00'.
06:13:37: Максим Фикусов has used '/InvAction use cps_neck 1527691623.00'.
06:15:55: Максим Фикусов has lost a 9mm Pistol 1527419549.
06:15:55: Максим Фикусов has lost a Smoke 1527619295.
06:15:55: Максим Фикусов has lost a Shotgun 1527419543.
06:15:55: worldspawn has dealt 13815 damage to Максим Фикусов, killing them!
06:16:02: Максим Фикусов has lost a MP7 1527686214.
06:16:02: Максим Фикусов has used '/InvAction use weapon_smg1 1527686214.00'.
06:16:04: Максим Фикусов has used '/InvAction use sxbase_crowbar 1527619221.00'.
06:16:33: Максим Фикусов has used '/InvAction use ammo_smg1 1527436980.00'.
06:16:34: Максим Фикусов has used '/InvAction Split ammo_smg1 1527436980.00'.
06:16:35: Максим Фикусов has lost a SMG Bullets 1527436980.
06:16:35: Максим Фикусов has used '/InvAction drop ammo_smg1 1527436980.00'.
06:16:38: Максим Фикусов has gained a SMG Bullets 1527436980.
06:16:38: Максим Фикусов has used '/InvAction use ammo_smg1 1527436980'.
06:16:38: Максим Фикусов has lost a SMG Bullets 1527436980.
06:16:42: Максим Фикусов has gained a MP7 1527686214.
06:16:45: Максим Фикусов has lost a MP7 1527686214.
06:16:45: Максим Фикусов has used '/InvAction use weapon_smg1 1527686214.00'.
06:16:48: Максим Фикусов has gained a MP7 1527686214.
06:16:52: Максим Фикусов has lost a MP7 1527686214.
06:16:52: Максим Фикусов has used '/InvAction drop weapon_smg1 1527686214.00'.
06:16:57: Максим Фикусов has gained a MP7 1527686214.
06:16:58: Максим Фикусов has gained a SMG Bullets 1527436980.
06:16:58: Максим Фикусов has used '/InvAction use ammo_smg1 1527436980'.
06:16:58: Максим Фикусов has lost a SMG Bullets 1527436980.
06:17:00: Максим Фикусов has gained a SMG Bullets 1527436980.
06:17:00: Максим Фикусов has used '/InvAction use ammo_smg1 1527436980'.
06:17:00: Максим Фикусов has lost a SMG Bullets 1527436980.
06:17:04: Максим Фикусов has gained a SMG Bullets 1527436980.
06:17:35: Максим Фикусов has lost a Парализатор 1527665014.
06:17:35: Максим Фикусов has used '/InvAction use cw_stunstick 1527665014.00'.
06:17:39: Максим Фикусов has lost a Импульсная винтовка 1527686684.
06:17:39: Максим Фикусов has used '/InvAction use weapon_ar2 1527686684.00'.
06:18:52: Максим Фикусов has gained a 9mm Pistol 1527419549.
06:18:55: Максим Фикусов has gained a Shotgun 1527419543.
06:18:57: Максим Фикусов has gained a Smoke 1527619295.
06:19:30: Максим Фикусов has lost a Парализатор 1527665014.
06:19:30: Максим Фикусов has lost a Импульсная винтовка 1527686684.
06:19:30: worldspawn has dealt 3707 damage to Максим Фикусов, killing them!
06:20:05: worldspawn has dealt 4867 damage to Максим Фикусов, killing them!
06:20:10: worldspawn has dealt 4982 damage to Максим Фикусов, killing them!
06:20:20: LogPlayerSpawnModel
06:20:20: LogPlayerSpawnModel
06:20:32: worldspawn has dealt 12778 damage to Максим Фикусов, killing them!
06:20:48: LogPlayerSpawnModel
06:20:48: LogPlayerSpawnModel
06:20:56: LogPlayerSpawnModel
06:20:56: LogPlayerSpawnModel
06:21:10: worldspawn has dealt 11163 damage to Максим Фикусов, killing them!
06:21:21: worldspawn has dealt 4336 damage to Максим Фикусов, killing them!
06:21:56: LogPlayerSpawnModel
06:21:56: LogPlayerSpawnModel
06:21:59: LogPlayerSpawnModel
06:21:59: LogPlayerSpawnModel
06:22:11: worldspawn has dealt 7040 damage to Максим Фикусов, killing them!
06:22:23: worldspawn has dealt 2093 damage to Максим Фикусов, killing them!
06:22:37: worldspawn has dealt 7381 damage to Максим Фикусов, killing them!
06:23:11: LogPlayerSpawnModel
06:23:11: LogPlayerSpawnModel
06:23:24: worldspawn has dealt 7444 damage to Максим Фикусов, killing them!
06:23:48: worldspawn has dealt 10125 damage to Максим Фикусов, killing them!
06:23:54: worldspawn has dealt 11628 damage to Максим Фикусов, killing them!
06:24:06: worldspawn has dealt 13270 damage to Максим Фикусов, killing them!
06:24:09: worldspawn has dealt 5233 damage to Максим Фикусов, killing them!
06:24:55: worldspawn has dealt 2774 damage to Максим Фикусов, killing them!
06:25:00: worldspawn has dealt 9437 damage to Максим Фикусов, killing them!
06:25:09: worldspawn has dealt 12468 damage to Максим Фикусов, killing them!
06:25:33: Максим Фикусов has gained a Pulse-Rifle Energy 1527664970.
06:26:10: Максим Фикусов has lost a RPG 1527686221.
06:26:10: Максим Фикусов has used '/InvAction use weapon_rpg 1527686221.00'.
06:26:51: Максим Фикусов has lost a RPG 1527686221.
06:27:12: Максим Фикусов has lost a Smoke 1527619295.
06:27:12: Максим Фикусов has used '/InvAction use cw_smokegrenade 1527619295.00'.
06:27:14: Максим Фикусов has lost a MP7 1527686214.
06:27:14: Максим Фикусов has used '/InvAction use weapon_smg1 1527686214.00'.
06:27:20: Максим Фикусов has used '/InvAction use civreward_4l 1527619778.00'.
06:27:59: Максим Фикусов has gained a Карточка награды 3 ур. 1527619693.
06:28:11: Максим Фикусов has used '/CharSearch'.
06:28:14: Максим Фикусов has used '/InvAction use ammo_smg1 1527436980.00'.
06:28:16: Максим Фикусов has used '/InvAction Split ammo_smg1 1527436980.00'.
06:28:17: Максим Фикусов has used '/InvAction use ammo_smg1 1527436980.00'.
06:28:19: Максим Фикусов has used '/InvAction use ammo_ar2 1527664970.00'.
06:28:20: Максим Фикусов has used '/InvAction use ammo_smg1 1527436980.00'.
06:28:22: Максим Фикусов has lost a SMG Bullets 1527436980.
06:28:22: Максим Фикусов has used '/InvAction drop ammo_smg1 1527436980.00'.
06:28:22: Максим Фикусов has gained a SMG Bullets 1527436980.
06:28:22: Максим Фикусов has used '/InvAction use ammo_smg1 1527436980'.
06:28:22: Максим Фикусов has lost a SMG Bullets 1527436980.
06:28:23: Максим Фикусов has gained a SMG Bullets 1527436980.
06:28:23: Максим Фикусов has used '/InvAction use ammo_smg1 1527436980'.
06:28:23: Максим Фикусов has lost a SMG Bullets 1527436980.
06:28:26: Максим Фикусов has gained a SMG Bullets 1527436980.
06:28:26: Максим Фикусов has used '/InvAction use ammo_smg1 1527436980'.
06:28:26: Максим Фикусов has lost a SMG Bullets 1527436980.
06:28:37: Максим Фикусов has lost a MP7 1527686214.
06:28:49: Максим Фикусов has lost a 9mm Pistol 1527419549.
06:28:49: Максим Фикусов has used '/InvAction use weapon_pistol 1527419549.00'.
06:29:10: Максим Фикусов has gained a 9mm Pistol 1527419549.
06:29:17: Максим Фикусов has lost a 9mm Pistol 1527419549.
06:29:17: Максим Фикусов has used '/InvAction drop weapon_pistol 1527419549.00'.
06:29:20: Максим Фикусов has lost a Shotgun 1527419543.
06:29:20: Максим Фикусов has used '/InvAction use weapon_shotgun 1527419543.00'.
06:30:22: Максим Фикусов has gained a Shotgun 1527440938.
06:30:22: Максим Фикусов has used '/InvAction use weapon_shotgun 1527440938'.
06:30:22: Максим Фикусов has lost a Shotgun 1527440938.
06:30:32: Максим Фикусов has gained a Shotgun 1527440938.
06:31:10: Максим Фикусов has used '/InvAction drop weapon_shotgun 1527440938.00'.
06:31:15: Максим Фикусов has lost a Shotgun 1527419543.
06:31:47: Максим Фикусов has used '/InvAction use cps_neck 1527691623.00'.
06:31:59: Максим Фикусов has gained a 9mm Pistol 1527419549.
06:32:06: Максим Фикусов has used '/InvAction use ammo_pistol 1527691559.00'.
06:32:08: Максим Фикусов has used '/InvAction Split ammo_pistol 1527691559.00'.
06:32:11: Максим Фикусов has lost a 9mm Pistol 1527419549.
06:32:11: Максим Фикусов has used '/InvAction use weapon_pistol 1527419549.00'.
06:32:19: Максим Фикусов has gained a MP7 1527686214.
06:32:27: Максим Фикусов has lost a MP7 1527686214.
06:32:27: Максим Фикусов has used '/InvAction use weapon_smg1 1527686214.00'.
06:32:30: Максим Фикусов has used '/InvAction use weapon_shotgun 1527440938.00'.
06:32:34: Максим Фикусов has lost a MP7 1527686214.
06:32:38: Максим Фикусов has lost a Shotgun 1527440938.
06:32:38: Максим Фикусов has used '/InvAction use weapon_shotgun 1527440938.00'.
06:32:55: Максим Фикусов has gained a Импульсная винтовка 1527620021.
06:32:55: Максим Фикусов has used '/InvAction use weapon_ar2 1527620021'.
06:32:55: Максим Фикусов has lost a Импульсная винтовка 1527620021.
06:32:58: Максим Фикусов has gained a Импульсная винтовка 1527620021.
06:33:01: Максим Фикусов has used '/InvAction use ammo_ar2 1527664970.00'.
06:33:19: Максим Фикусов has gained a Shotgun 1527440938.
06:33:23: Максим Фикусов has lost a Shotgun 1527440938.
06:33:23: Максим Фикусов has used '/InvAction use weapon_shotgun 1527440938.00'.
06:33:26: Максим Фикусов has gained a Shotgun 1527440938.
06:33:28: Максим Фикусов has lost a 9mm Pistol 1527419549.
06:33:31: Максим Фикусов has lost a Shotgun 1527440938.
06:33:31: Максим Фикусов has used '/InvAction use weapon_shotgun 1527440938.00'.
06:33:34: Максим Фикусов has lost a Shotgun 1527440938.
06:33:37: Максим Фикусов has lost a Импульсная винтовка 1527620021.
06:33:37: Максим Фикусов has used '/InvAction use weapon_ar2 1527620021.00'.
06:33:43: Максим Фикусов has used '/InvAction use ammo_ar2 1527664970.00'.
06:34:24: Максим Фикусов has gained a Импульсная винтовка 1527620021.
06:34:27: Максим Фикусов has lost a Импульсная винтовка 1527620021.
06:34:27: Максим Фикусов has used '/InvAction drop weapon_ar2 1527620021.00'.
06:34:29: Максим Фикусов has used '/InvAction use sxbase_crowbar 1527619221.00'.
06:34:33: Максим Фикусов has used '/InvAction use sxbase_crowbar 1527619221.00'.
06:34:38: Максим Фикусов has used '/InvAction use sxbase_crowbar 1527619221.00'.
06:35:23: Максим Фикусов has gained a Crossbow Bolts 1527737718.
06:35:23: Максим Фикусов has used '/InvAction use ammo_xbowbolt 1527737718'.
06:35:23: Максим Фикусов has lost a Crossbow Bolts 1527737718.
06:35:40: Максим Фикусов has gained a Medic Uniform 1527737749.
06:35:40: Максим Фикусов has used '/InvAction use medic_uniform 1527737749'.
06:36:15: Максим Фикусов has gained a Шприц с зеленой жидкостью 'Быстро' 1527737787.
06:36:30: Максим Фикусов has gained a Бронежилет ГО 1527737802.
06:36:36: Максим Фикусов has gained a Спец. куртка ГСР 1527737809.
06:36:36: Максим Фикусов has used '/InvAction use cits_cwu_black 1527737809'.
06:36:36: Максим Фикусов has lost a Спец. куртка ГСР 1527737809.
06:36:44: Максим Фикусов has gained a Респиратор FR-4 1527737818.
06:36:50: Максим Фикусов has gained a Перчатки 1527737824.
06:36:50: Максим Фикусов has used '/InvAction use cits_gloves 1527737824'.
06:36:50: Максим Фикусов has lost a Перчатки 1527737824.
06:37:14: Максим Фикусов has used '/InvAction use medic_uniform 1527737749.00'.
06:37:20: Максим Фикусов has gained a Спец. куртка ГСР 1527737809.
06:37:27: Максим Фикусов has used '/InvAction use cits_cps 1527737802.00'.
06:37:32: Максим Фикусов has used '/InvAction use cits_cwu_black 1527737809.00'.
06:37:48: Максим Фикусов has gained a Парализатор 1527737881.
06:37:48: Максим Фикусов has lost a Парализатор 1527737881.
06:37:48: Максим Фикусов has used '/InvAction use cw_stunstick 1527737881'.
06:38:04: Максим Фикусов has gained a Crossbow 1527737901.
06:38:04: Максим Фикусов has lost a Crossbow 1527737901.
06:38:04: Максим Фикусов has used '/InvAction use weapon_crossbow 1527737901'.
06:38:27: Максим Фикусов has gained a Stationary Radio 1527737924.
06:38:27: Максим Фикусов has lost a Stationary Radio 1527737924.
06:38:27: Максим Фикусов has used '/InvAction use stationary_radio 1527737924'.
06:38:33: Максим Фикусов has gained a Request Device 1527737931.
06:38:44: Максим Фикусов has gained a Handheld Radio 1527737943.
06:38:49: Максим Фикусов has used '/InvAction Frequency handheld_radio 1527737943.00'.
06:39:06: Максим Фикусов has used '/SetFreq Суки!'.
06:40:13: Максим Фикусов has used '/InvAction use cps_mask_oncte 1527691653.00'.
06:40:20: Максим Фикусов has gained a Crossbow 1527737901.
06:40:47: Максим Фикусов has used '/InvAction Ввести fast_green_liquid 1527737787.00'.
06:40:53: Максим Фикусов has lost a Crossbow 1527737901.
06:40:53: Максим Фикусов has used '/InvAction drop weapon_crossbow 1527737901.00'.
06:40:57: Максим Фикусов has gained a .357 Magnum 1527738062.
06:40:57: Максим Фикусов has lost a .357 Magnum 1527738062.
06:40:57: Максим Фикусов has used '/InvAction use weapon_357 1527738062'.
06:41:02: Максим Фикусов has lost a .357 Magnum 1527738062.
06:41:05: Максим Фикусов has used '/InvAction use ammo_357 1527686101.00'.
06:41:07: Максим Фикусов has used '/InvAction Split ammo_357 1527686101.00'.
06:41:08: Максим Фикусов has used '/InvAction Split ammo_357 1527686101.00'.
06:41:10: Максим Фикусов has used '/InvAction use ammo_357 1527686101.00'.
06:41:12: Максим Фикусов has used '/InvAction use ammo_357 1527686101.00'.
06:41:28: Максим Фикусов has gained a Униформа EpU 1527738115.
06:41:33: Максим Фикусов has used '/InvAction use cps_uniform_shapecamo 1527738115.00'.
06:41:45: Максим Фикусов has gained a Черная униформа повстанцев 1527738132.
06:41:45: Максим Фикусов has used '/InvAction use uniform_rebel_black 1527738132'.
06:41:51: Максим Фикусов has gained a Черная куртка лоялиста 1527738140.
06:41:59: Максим Фикусов has used '/InvAction use cits_loyalist 1527738140.00'.
06:42:21: Максим Фикусов has lost a Парализатор 1527737881.
06:42:21: worldspawn has dealt 5967 damage to Максим Фикусов, killing them!
06:42:28: worldspawn has dealt 12560 damage to Максим Фикусов, killing them!
06:43:03: Максим Фикусов has gained a Траншейное пальто 1527738211.
06:43:03: Максим Фикусов has used '/InvAction use cps_trenchcoat 1527738211'.
06:43:03: Максим Фикусов has lost a Траншейное пальто 1527738211.
06:43:13: Максим Фикусов has gained a Штаны беженца 1527738220.
06:43:13: Максим Фикусов has used '/InvAction use cits_refugee_legs 1527738220'.
06:43:25: Максим Фикусов has used '/InvAction use cits_loyalist 1527738140.00'.
06:43:44: Максим Фикусов has gained a Противогаз 1527738255.
06:43:44: Максим Фикусов has used '/InvAction use cits_gasmask 1527738255'.
06:43:53: Максим Фикусов has gained a Перчатки 1527738268.
06:43:53: Максим Фикусов has used '/InvAction use cits_gloves 1527738268'.
06:44:05: Максим Фикусов has gained a Маска ГО 1527738278.
06:44:05: Максим Фикусов has used '/InvAction use cps_mask_def 1527738278'.
06:44:05: Максим Фикусов has lost a Маска ГО 1527738278.
06:44:36: Максим Фикусов has gained a Whiskey 1527738308.
06:44:36: Максим Фикусов has lost a Whiskey 1527738308.
06:44:36: Максим Фикусов has used '/InvAction use whiskey 1527738308'.
06:45:00: Максим Фикусов has gained a Лист бумаги 1527738337.
06:45:00: Максим Фикусов has used '/InvAction use Лист_бумаги 1527738337'.
06:45:00: Максим Фикусов has lost a Лист бумаги 1527738337.
06:45:24: Максим Фикусов has lost a Medic Uniform 1527737749.
06:45:24: Максим Фикусов has used '/InvAction drop medic_uniform 1527737749.00'.
06:45:28: Максим Фикусов has gained a Union Card 1527738340.
06:46:16: Максим Фикусов has gained a Combine Lock 1527738413.
06:46:16: Максим Фикусов has lost a Combine Lock 1527738413.
06:46:16: Максим Фикусов has used '/InvAction use combine_lock 1527738413'.
06:46:23: Максим Фикусов has gained a Combine Lock 1527738426.
06:46:23: Максим Фикусов has lost a Combine Lock 1527738426.
06:46:23: Максим Фикусов has used '/InvAction use combine_lock 1527738426'.
06:46:30: Максим Фикусов has gained a Breach 1527738434.
06:46:30: Максим Фикусов has used '/InvAction use breach 1527738434'.
06:46:30: Максим Фикусов has lost a Breach 1527738434.
06:47:09: Максим Фикусов has gained a Crowbar 1527738474.
06:47:09: Максим Фикусов has lost a Crowbar 1527738474.
06:47:09: Максим Фикусов has used '/InvAction use weapon_crowbar 1527738474'.
06:47:50: Максим Фикусов has gained a Отбеливатель 1527738520.
06:47:50: Максим Фикусов has lost a Crowbar 1527738474.
06:47:50: Максим Фикусов has dealt 3375 damage to Максим Фикусов, killing them!
06:47:50: Максим Фикусов has gained a Пустая бутыль отбеливателя 1527738524.
06:47:50: Максим Фикусов has lost a Отбеливатель 1527738520.
06:47:50: Максим Фикусов has used '/InvAction use bleach 1527738520'.
06:48:01: Максим Фикусов has gained a Flash 1527738533.
06:48:01: Максим Фикусов has lost a Flash 1527738533.
06:48:01: Максим Фикусов has used '/InvAction use cw_flashgrenade 1527738533'.
06:48:26: Максим Фикусов has used '/CharSearch'.
06:48:36: Максим Фикусов (STEAM_0:0:193702665/188.226.11.208:27005) has disconnected.
10:22:20: GGarld (STEAM_0:1:210307927/91.198.83.19:17625) has connected.
10:23:05: GGarld has loaded the character 'Adolf Schulz'.
10:23:23: worldspawn has dealt 10137 damage to Adolf Schulz, killing them!
10:23:30: worldspawn has dealt 8563 damage to Adolf Schulz, killing them!
10:23:36: worldspawn has dealt 9904 damage to Adolf Schulz, killing them!
10:23:39: worldspawn has dealt 12763 damage to Adolf Schulz, killing them!
10:23:42: Adolf Schulz has used '/InvAction use medic_uniform 1527661783.00'.
10:24:17: worldspawn has dealt 16469 damage to Adolf Schulz, killing them!
10:24:20: worldspawn has dealt 12587 damage to Adolf Schulz, killing them!
10:24:29: worldspawn has dealt 12817 damage to Adolf Schulz, killing them!
10:25:23: Adolf Schulz has gained a Униформа DvL 1527751533.
10:25:23: Adolf Schulz has used '/InvAction use cps_uniform_cc 1527751533'.
10:25:23: Adolf Schulz has lost a Униформа DvL 1527751533.
10:25:35: Adolf Schulz has lost a Medic Uniform 1527661783.
10:25:35: Adolf Schulz has used '/InvAction drop medic_uniform 1527661783.00'.
10:25:41: Adolf Schulz has gained a Респиратор FR-4 1527751551.
10:25:43: Adolf Schulz has used '/InvAction Снять cps_mask_dd 1527751551.00'.
10:25:45: Adolf Schulz has used '/InvAction use cps_mask_dd 1527751551.00'.
10:25:51: Adolf Schulz has gained a Разгрузочный жилет 1527751563.
10:25:51: Adolf Schulz has used '/InvAction use cps_gear 1527751563'.
10:25:51: Adolf Schulz has lost a Разгрузочный жилет 1527751563.
10:26:14: Adolf Schulz has gained a Униформа медика ГСР 1527751593.
10:26:14: Adolf Schulz has used '/InvAction use uniform_cwu_medic 1527751593'.
10:26:14: Adolf Schulz has lost a Униформа медика ГСР 1527751593.
10:27:01: Adolf Schulz has gained a Зеленая шапка 1527751645.
10:27:01: Adolf Schulz has used '/InvAction use cits_beanie_green 1527751645'.
10:27:48: Adolf Schulz has gained a Респиратор FR-4 1527751693.
10:27:48: Adolf Schulz has used '/InvAction use cps_mask_dd 1527751693'.
10:27:48: Adolf Schulz has lost a Респиратор FR-4 1527751693.
10:27:59: Adolf Schulz has gained a Карточка награды 4 ур. 1527751713.
10:27:59: Adolf Schulz has used '/InvAction use civreward_4l 1527751713'.
10:27:59: Adolf Schulz has lost a Карточка награды 4 ур. 1527751713.
10:28:42: worldspawn has dealt 17374 damage to Adolf Schulz, killing them!
10:28:46: worldspawn has dealt 12610 damage to Adolf Schulz, killing them!
10:28:54: worldspawn has dealt 10133 damage to Adolf Schulz, killing them!
10:28:56: worldspawn has dealt 12556 damage to Adolf Schulz, killing them!
10:33:16: Adolf Schulz (STEAM_0:1:210307927/91.198.83.19:17625) has disconnected.
12:15:11: Grzegorz Brzęczyszczykiewicz (STEAM_0:1:82706478/92.124.2.102:27005) has connected.
12:22:34: Grzegorz Brzęczyszczykiewicz has created a Гражданин character called 'Томаш Новак'.
12:22:34: Grzegorz Brzęczyszczykiewicz has loaded the character 'Томаш Новак'.
12:22:50: Томаш Новак has gained a Suitcase 1527684772.
12:22:51: Томаш Новак has gained a Resistance Uniform 1527686172.
12:22:51: Томаш Новак has used '/InvAction use resistance_uniform 1527686172'.
12:23:07: Томаш Новак has gained a Пустая коробка 1527420369.
12:23:08: Томаш Новак has gained a Пустая коробка 1527735958.
12:23:16: Томаш Новак has gained a MP7 1527664842.
12:23:19: Томаш Новак has gained a Карточка награды 4 ур. 1527619930.
12:23:19: Томаш Новак has used '/InvAction use civreward_4l 1527619930'.
12:23:19: Томаш Новак has lost a Карточка награды 4 ур. 1527619930.
12:23:21: Томаш Новак has gained a Карточка награды 4 ур. 1527619930.
12:23:57: Томаш Новак has gained a Resistance Uniform 1527751490.
12:24:02: Томаш Новак has gained a Активированный уголь 1527691588.
12:24:19: Томаш Новак has lost a MP7 1527664842.
12:24:19: Томаш Новак has used '/InvAction use weapon_smg1 1527664842.00'.
12:24:24: Томаш Новак has gained a Suitcase 1527691519.
12:24:32: Томаш Новак has gained a Container Base 1527691724.
12:24:32: Томаш Новак has used '/InvAction use container_base 1527691724'.
12:24:32: Томаш Новак has lost a Container Base 1527691724.
12:24:34: Томаш Новак has used '/StorageClose'.
12:24:44: Томаш Новак has lost a Resistance Uniform 1527751490.
12:24:44: Томаш Новак has used '/InvAction drop resistance_uniform 1527751490.00'.
12:24:49: Томаш Новак has gained a Униформа медика ГСР 1527751593.
12:24:49: Томаш Новак has used '/InvAction use uniform_cwu_medic 1527751593'.
12:24:49: Томаш Новак has lost a Униформа медика ГСР 1527751593.
12:24:50: Томаш Новак has gained a Униформа медика ГСР 1527751593.
12:25:07: Томаш Новак has gained a Повседневная куртка 1527751573.
12:25:18: Томаш Новак has lost a Униформа медика ГСР 1527751593.
12:25:18: Томаш Новак has used '/InvAction drop uniform_cwu_medic 1527751593.00'.
12:25:26: Томаш Новак has lost a Suitcase 1527684772.
12:25:26: Томаш Новак has used '/InvAction use cw_suitcase 1527684772.00'.
12:25:27: Томаш Новак has used '/InvAction use cw_suitcase 1527691519.00'.
12:25:31: Томаш Новак has lost a Suitcase 1527684772.
12:25:37: Томаш Новак has gained a Suitcase 1527684772.
12:25:53: Томаш Новак has lost a Resistance Uniform 1527686172.
12:25:53: Томаш Новак has used '/InvAction drop resistance_uniform 1527686172.00'.
12:26:02: Томаш Новак has lost a Suitcase 1527684772.
12:26:02: Томаш Новак has gained a Холодная лапша 1527758764.
12:26:02: Томаш Новак has gained a Вода 1527758765.
12:26:02: Томаш Новак has used '/CraftBlueprint Открыть_чемодан'.
12:26:03: Томаш Новак has lost a Suitcase 1527758555.
12:26:03: Томаш Новак has gained a Холодная лапша 1527758767.
12:26:03: Томаш Новак has gained a Вода 1527758768.
12:26:03: Томаш Новак has used '/CraftBlueprint Открыть_чемодан'.
12:26:06: Томаш Новак has gained a MP7 1527664842.
12:26:11: Томаш Новак has lost a Suitcase 1527691519.
12:26:11: Томаш Новак has gained a Холодная лапша 1527758777.
12:26:11: Томаш Новак has gained a Вода 1527758778.
12:26:11: Томаш Новак has used '/CraftBlueprint Открыть_чемодан'.
12:26:33: Томаш Новак (STEAM_0:1:82706478/92.124.2.102:27005) has disconnected.
12:28:43: Grzegorz Brzęczyszczykiewicz (STEAM_0:1:82706478/92.124.2.102:27005) has connected.
12:29:38: Grzegorz Brzęczyszczykiewicz has loaded the character 'Томаш Новак'.
12:29:54: Томаш Новак (STEAM_0:1:82706478/92.124.2.102:27005) has disconnected.
12:31:44: Grzegorz Brzęczyszczykiewicz (STEAM_0:1:82706478/92.124.2.102:27005) has connected.
12:32:41: Grzegorz Brzęczyszczykiewicz has loaded the character 'Томаш Новак'.
12:32:57: Томаш Новак has used '/InvAction use cits_def 1527751573.00'.
12:33:25: Томаш Новак has used '/InvAction use civreward_4l 1527619930.00'.
12:33:31: Томаш Новак has used '/InvAction use civreward_4l 1527619930.00'.
12:33:52: Томаш Новак has gained a Сумка ГО 1527751617.
12:33:59: Томаш Новак has used '/InvAction use cps_bag 1527751617.00'.
12:34:02: Томаш Новак has used '/InvAction use cits_def 1527751573.00'.
12:34:09: Томаш Новак has gained a Темная куртка лоялиста 1527751618.
12:34:13: Томаш Новак has gained a Shotgun 1527440938.
12:34:15: Томаш Новак has gained a 9mm Pistol 1527419549.
12:34:38: Томаш Новак has gained a RPG 1527686221.
12:34:41: Томаш Новак has gained a MP7 1527686214.
12:34:48: Томаш Новак has gained a Маска ГО 1527738278.
12:34:48: Томаш Новак has used '/InvAction use cps_mask_def 1527738278'.
12:34:48: Томаш Новак has lost a Маска ГО 1527738278.
12:34:49: Томаш Новак has gained a Маска ГО 1527738278.
12:34:59: Томаш Новак has used '/InvAction drop cits_def 1527751573.00'.
12:35:07: Томаш Новак has lost a Повседневная куртка 1527751573.
12:35:07: Томаш Новак has used '/InvAction drop cits_def 1527751573.00'.
12:35:08: Carvass (STEAM_0:1:74182390/178.163.94.144:27005) has connected.
12:35:08: Томаш Новак has used '/InvAction use cits_loyalist_dark 1527751618.00'.
12:35:16: Томаш Новак has gained a SMG Bullets 1527436980.
12:35:20: Томаш Новак has gained a Crowbar 1527619224.
12:35:24: Томаш Новак has gained a Combine Lock 1527619132.
12:36:53: Томаш Новак has lost a MP7 1527686214.
12:36:53: Томаш Новак has used '/InvAction drop weapon_smg1 1527686214.00'.
12:37:00: Томаш Новак has lost a Пустая коробка 1527735958.
12:37:00: Томаш Новак has used '/InvAction drop empty_paper_takeout 1527735958.00'.
12:37:02: Томаш Новак has lost a Пустая коробка 1527420369.
12:37:02: Томаш Новак has used '/InvAction drop empty_paper_takeout 1527420369.00'.
12:37:08: Томаш Новак has gained a Boxed Backpack 1527686479.
12:37:14: Томаш Новак has used '/InvAction use boxed_backpack 1527686479.00'.
12:37:17: Томаш Новак has used '/InvAction drop boxed_backpack 1527686479.00'.
12:37:23: Томаш Новак has lost a Boxed Backpack 1527686479.
12:37:23: Томаш Новак has used '/InvAction drop boxed_backpack 1527686479.00'.
12:37:28: Томаш Новак has gained a MP7 1527686214.
12:38:24: Томаш Новак has gained a Лист бумаги 1527738337.
12:38:24: Томаш Новак has used '/InvAction use Лист_бумаги 1527738337'.
12:38:24: Томаш Новак has lost a Лист бумаги 1527738337.
12:38:32: worldspawn has dealt 13909 damage to Томаш Новак, killing them!
12:38:42: worldspawn has dealt 10987 damage to Томаш Новак, killing them!
12:39:07: Томаш Новак has used '/StorageClose'.
12:39:11: Томаш Новак has used '/InvAction use cits_loyalist_dark 1527751618.00'.
12:40:50: Томаш Новак has gained a Карточка награды 4 ур. 1527751706.
12:40:51: Томаш Новак has gained a Карточка награды 4 ур. 1527751715.
12:40:52: Томаш Новак has gained a Карточка награды 4 ур. 1527751714.
12:40:54: Томаш Новак has gained a Карточка награды 4 ур. 1527751711.
12:40:55: Томаш Новак has gained a Карточка награды 4 ур. 1527751713.
12:40:56: Томаш Новак has gained a Карточка награды 4 ур. 1527751716.
12:40:57: Томаш Новак has gained a Карточка награды 4 ур. 1527751705.
12:41:00: Томаш Новак has gained a Карточка награды 4 ур. 1527751707.
12:41:05: Томаш Новак has lost a MP7 1527686214.
12:41:05: Томаш Новак has used '/InvAction drop weapon_smg1 1527686214.00'.
12:41:08: Томаш Новак has gained a Карточка награды 4 ур. 1527751708.
12:41:10: Томаш Новак has gained a Карточка награды 4 ур. 1527751712.
12:41:11: Томаш Новак has gained a Карточка награды 4 ур. 1527751709.
12:41:52: Томаш Новак has gained a Повседневные штаны 1527759712.
12:42:45: Томаш Новак has used '/InvAction use cits_def_legs 1527759712.00'.
12:42:50: Томаш Новак has used '/InvAction drop cits_def_legs 1527759712.00'.
12:42:53: Томаш Новак has lost a Повседневные штаны 1527759712.
12:42:53: Томаш Новак has used '/InvAction drop cits_def_legs 1527759712.00'.
12:43:05: Томаш Новак has gained a Черная куртка лоялиста 1527759756.
12:43:13: Томаш Новак has used '/InvAction use cits_loyalist 1527759756.00'.
12:43:16: Томаш Новак has used '/InvAction use cits_loyalist_dark 1527751618.00'.
12:43:19: Томаш Новак has used '/InvAction use cits_loyalist 1527759756.00'.
12:43:40: Томаш Новак has used '/InvAction use cits_loyalist_dark 1527751618.00'.
12:43:44: Томаш Новак has lost a Черная куртка лоялиста 1527759756.
12:43:44: Томаш Новак has used '/InvAction drop cits_loyalist 1527759756.00'.
12:44:03: Томаш Новак has gained a Респиратор FR-4 1527759852.
12:44:03: Томаш Новак has used '/InvAction use cps_mask_dd 1527759852'.
12:44:03: Томаш Новак has lost a Респиратор FR-4 1527759852.
12:44:11: Томаш Новак has lost a Маска ГО 1527738278.
12:44:11: Томаш Новак has used '/InvAction drop cps_mask_def 1527738278.00'.
12:44:25: Томаш Новак has gained a Стандартный воротник для головы 1527759877.
12:44:25: Томаш Новак has used '/InvAction use cps_neck 1527759877'.
12:44:25: Томаш Новак has lost a Стандартный воротник для головы 1527759877.
12:44:34: Томаш Новак has gained a Противогаз 1527759888.
12:44:37: Томаш Новак has used '/InvAction use cits_gasmask 1527759888.00'.
12:44:47: Томаш Новак has lost a Противогаз 1527759888.
12:44:47: Томаш Новак has used '/InvAction drop cits_gasmask 1527759888.00'.
12:44:50: Томаш Новак has gained a Противогаз 1527759888.
12:44:58: Томаш Новак has gained a Перчатки 1527759914.
12:44:58: Томаш Новак has used '/InvAction use cits_gloves 1527759914'.
12:45:15: Томаш Новак has gained a Старые темные джинсы 1527759932.
12:45:15: Томаш Новак has used '/InvAction use cits_rebel_legs 1527759932'.
12:45:32: Томаш Новак has gained a Офицерская униформа 1527759953.
12:45:32: Томаш Новак has used '/InvAction use cps_uniform_camo 1527759953'.
12:45:32: Томаш Новак has lost a Офицерская униформа 1527759953.
12:46:16: Carvass has loaded the character '1 1'.
12:46:17: 1 1 has used '/Observer'.
12:46:17: 1 1 has used '/Observer'.
12:46:18: 1 1 has used '/Observer'.
12:46:21: 1 1 has used '/Observer'.
12:46:25: 1 1 has used '/Observer'.
12:46:33: [OOC] 1 1: Как тебе в городе сосунов?
12:46:36: 1 1 has used '/Observer'.
12:46:45: [OOC] Томаш Новак: Норм так
12:47:03: 1 1 says: "Фармишь пока можно, да? :D"
12:47:03: 1 1 says "Фармишь пока можно, да? :D"
12:47:05: 1 1 has used '/Observer'.
12:47:07: [OOC] 1 1: Фармишь пока можно, да? :D
12:47:07: 1 1 has used '/Observer'.
12:47:09: 1 1 has used '/Observer'.
12:47:09: 1 1 has used '/Observer'.
12:47:16: Томаш Новак says: ":D Дя"
12:47:16: Томаш Новак says ":D Дя"
12:47:38: 1 1 has used '/Observer'.
12:47:40: 1 1 has used '/Observer'.
12:47:44: 1 1 has used '/Observer'.
12:47:45: 1 1 has used '/Observer'.
12:47:55: Томаш Новак has gained a Плитка шоколада 1527760109.
12:48:08: worldspawn has dealt 9516 damage to Томаш Новак, killing them!
12:48:12: worldspawn has dealt 9578 damage to Томаш Новак, killing them!
12:48:13: PapiRus (STEAM_0:1:180223751/178.46.10.158:27005) has connected.
12:48:16: worldspawn has dealt 10915 damage to Томаш Новак, killing them!
12:48:27: Томаш Новак has used '/InvAction use cits_gasmask 1527759888.00'.
12:49:31: Томаш Новак has gained a Спецодежда рабочего 1527760210.
12:49:31: Томаш Новак has used '/InvAction use uniform_factory 1527760210'.
12:50:15: Томаш Новак has gained a Униформа повстанцев желтого цвета 1527760253.
12:50:15: Томаш Новак has used '/InvAction use cits_rebel2 1527760253'.
12:50:25: Томаш Новак has used '/InvAction Снять cits_rebel2 1527760253.00'.
12:50:26: Томаш Новак has lost a Униформа повстанцев желтого цвета 1527760253.
12:50:26: Томаш Новак has used '/InvAction drop cits_rebel2 1527760253.00'.
12:51:10: 1 1 (STEAM_0:1:74182390/178.163.94.144:27005) has disconnected.
12:51:12: Томаш Новак has lost a Спецодежда рабочего 1527760210.
12:51:12: Томаш Новак has used '/InvAction drop uniform_factory 1527760210.00'.
12:51:20: Томаш Новак has gained a Парализатор 1527760317.
12:51:20: Томаш Новак has lost a Парализатор 1527760317.
12:51:20: Томаш Новак has used '/InvAction use cw_stunstick 1527760317'.
12:51:28: Томаш Новак has lost a 9mm Pistol 1527419549.
12:51:28: Томаш Новак has used '/InvAction use weapon_pistol 1527419549.00'.
12:51:29: Томаш Новак has lost a Shotgun 1527440938.
12:51:29: Томаш Новак has used '/InvAction use weapon_shotgun 1527440938.00'.
12:51:31: Томаш Новак has used '/InvAction use weapon_crowbar 1527619224.00'.
12:51:34: Томаш Новак has used '/InvAction use weapon_smg1 1527664842.00'.
12:51:35: Томаш Новак has used '/InvAction use weapon_rpg 1527686221.00'.
12:51:36: Томаш Новак has used '/InvAction use weapon_rpg 1527686221.00'.
12:51:46: Томаш Новак has gained a Shotgun 1527440938.
12:51:47: Томаш Новак has gained a 9mm Pistol 1527419549.
12:51:50: Томаш Новак has lost a MP7 1527664842.
12:51:50: Томаш Новак has used '/InvAction use weapon_smg1 1527664842.00'.
12:51:52: Томаш Новак has used '/InvAction use weapon_rpg 1527686221.00'.
12:51:54: Томаш Новак has used '/InvAction use weapon_shotgun 1527440938.00'.
12:51:55: Томаш Новак has lost a 9mm Pistol 1527419549.
12:51:55: Томаш Новак has used '/InvAction use weapon_pistol 1527419549.00'.
12:51:59: Томаш Новак has lost a Crowbar 1527619224.
12:51:59: Томаш Новак has used '/InvAction drop weapon_crowbar 1527619224.00'.
12:52:01: Томаш Новак has lost a RPG 1527686221.
12:52:01: Томаш Новак has used '/InvAction drop weapon_rpg 1527686221.00'.
12:52:07: Томаш Новак has gained a RPG 1527686221.
12:52:17: Томаш Новак has gained a MP7 1527664842.
12:52:20: Томаш Новак has lost a Shotgun 1527440938.
12:52:20: Томаш Новак has used '/InvAction use weapon_shotgun 1527440938.00'.
12:52:27: Томаш Новак has used '/InvAction use cits_loyalist_dark 1527751618.00'.
12:52:28: Томаш Новак has used '/InvAction use cits_gasmask 1527759888.00'.
12:52:29: Томаш Новак has used '/InvAction use cits_gloves 1527759914.00'.
12:52:30: Томаш Новак has used '/InvAction use cits_rebel_legs 1527759932.00'.
12:53:13: Томаш Новак has gained a Фонарик 1527760445.
12:53:24: Томаш Новак has gained a Container Base 1527760455.
12:53:24: Томаш Новак has used '/InvAction use container_base 1527760455'.
12:53:24: Томаш Новак has lost a Container Base 1527760455.
12:53:26: Томаш Новак has used '/StorageClose'.
12:53:30: Томаш Новак has gained a Boxed Backpack 1527760464.
12:53:34: Томаш Новак has used '/InvAction use boxed_backpack 1527760464.00'.
12:53:38: Томаш Новак has used '/InvAction drop cps_bag 1527751617.00'.
12:53:41: Томаш Новак has lost a Boxed Backpack 1527760464.
12:53:41: Томаш Новак has used '/InvAction drop boxed_backpack 1527760464.00'.
12:54:16: Томаш Новак has gained a Health Kit 1527760512.
12:54:18: Томаш Новак has gained a Health Kit 1527760515.
12:54:20: Томаш Новак has gained a Health Kit 1527760520.
12:54:22: Томаш Новак has gained a Health Kit 1527760523.
12:54:24: Томаш Новак has gained a Health Kit 1527760526.
12:54:38: Томаш Новак has gained a Whiskey 1527760540.
12:54:38: Томаш Новак has lost a Whiskey 1527760540.
12:54:38: Томаш Новак has used '/InvAction use whiskey 1527760540'.
12:54:50: PapiRus has created a Гражданин character called 'Тонни Пони'.
12:54:50: PapiRus has loaded the character 'Тонни Пони'.
12:55:06: worldspawn has dealt 14556 damage to Тонни Пони, killing them!
12:55:08: Томаш Новак (STEAM_0:1:82706478/92.124.2.102:27005) has disconnected.
12:55:18: worldspawn has dealt 10793 damage to Тонни Пони, killing them!
12:56:33: Grzegorz Brzęczyszczykiewicz (STEAM_0:1:82706478/92.124.2.102:27005) has connected.
12:57:29: Grzegorz Brzęczyszczykiewicz has loaded the character 'Томаш Новак'.
12:57:49: Тонни Пони has gained a Crowbar 1527619224.
12:57:56: Тонни Пони has gained a Маска 'OfC-2' 1527760235.
12:57:56: Тонни Пони has used '/InvAction use cps_mask_off 1527760235'.
12:57:56: Тонни Пони has lost a Маска 'OfC-2' 1527760235.
12:58:14: Томаш Новак has lost a 9mm Pistol 1527419549.
12:58:14: Томаш Новак has used '/InvAction use weapon_pistol 1527419549.00'.
12:58:17: Томаш Новак has lost a Парализатор 1527760317.
12:58:17: Томаш Новак has used '/InvAction use cw_stunstick 1527760317.00'.
12:58:19: worldspawn has dealt 18278 damage to Тонни Пони, killing them!
12:58:20: Томаш Новак has used '/InvAction use weapon_pistol 1527419549.00'.
12:58:25: Томаш Новак has used '/InvAction use cw_stunstick 1527760317.00'.
12:58:32: Томаш Новак has used '/InvAction use cw_stunstick 1527760317.00'.
12:58:34: Томаш Новак has lost a RPG 1527686221.
12:58:34: Томаш Новак has used '/InvAction use weapon_rpg 1527686221.00'.
12:58:49: Томаш Новак has dealt 1083 damage to Тонни Пони with Парализатор, killing them!
12:58:54: Томаш Новак has used '/StorageClose'.
12:59:00: Томаш Новак has dealt 435 damage to Тонни Пони with 9mm Pistol, killing them!
12:59:01: Тонни Пони has lost a Crowbar 1527619224.
12:59:01: Тонни Пони has used '/InvAction use weapon_crowbar 1527619224.00'.
12:59:12: Томаш Новак has lost a 9mm Pistol 1527419549.
12:59:12: Томаш Новак has lost a Парализатор 1527760317.
12:59:12: Томаш Новак has lost a RPG 1527686221.
12:59:12: Тонни Пони has dealt 786 damage to Томаш Новак with Crowbar, killing them!
12:59:18: Тонни Пони has gained a RPG 1527686221.
12:59:18: Тонни Пони has lost a RPG 1527686221.
12:59:18: Тонни Пони has used '/InvAction use weapon_rpg 1527686221'.
12:59:20: Тонни Пони has gained a Парализатор 1527760317.
12:59:20: Тонни Пони has lost a Парализатор 1527760317.
12:59:20: Тонни Пони has used '/InvAction use cw_stunstick 1527760317'.
12:59:22: Томаш Новак has used '/InvAction use weapon_pistol 1527419549.00'.
12:59:27: Томаш Новак has used '/InvAction use cw_stunstick 1527760317.00'.
12:59:28: Тонни Пони has dealt 252 damage to Томаш Новак with Парализатор, killing them!
12:59:33: Тонни Пони has dealt 252 damage to Томаш Новак with Парализатор, killing them!
12:59:34: Тонни Пони has dealt 252 damage to Томаш Новак with Парализатор, killing them!
12:59:35: Тонни Пони has dealt 252 damage to Томаш Новак with Парализатор, killing them!
12:59:36: Тонни Пони has dealt 252 damage to Томаш Новак with Парализатор, killing them!
12:59:37: Тонни Пони has dealt 252 damage to Томаш Новак with Парализатор, killing them!
12:59:38: Тонни Пони has dealt 252 damage to Томаш Новак with Парализатор, killing them!
12:59:39: Тонни Пони has dealt 252 damage to Томаш Новак with Парализатор, killing them!
12:59:40: Тонни Пони has dealt 252 damage to Томаш Новак with Парализатор, killing them!
12:59:41: Тонни Пони has dealt 252 damage to Томаш Новак with Парализатор, killing them!
12:59:42: Тонни Пони has dealt 252 damage to Томаш Новак with Парализатор, killing them!
12:59:43: Тонни Пони has dealt 252 damage to Томаш Новак with Парализатор, killing them!
12:59:53: Тонни Пони has dealt 18146 damage to Томаш Новак with RPG, killing them!
13:00:02: Тонни Пони has gained a Импульсная винтовка 1527760762.
13:00:02: Тонни Пони has used '/InvAction use weapon_ar2 1527760762'.
13:00:02: Тонни Пони has lost a Импульсная винтовка 1527760762.
13:00:06: Томаш Новак has gained a .357 Magnum 1527760887.
13:00:12: Тонни Пони has dealt 31318 damage to Томаш Новак with RPG, killing them!
13:00:19: Томаш Новак has gained a .357 Magnum 1527760901.
13:00:19: Томаш Новак has lost a .357 Magnum 1527760901.
13:00:19: Томаш Новак has used '/InvAction use weapon_357 1527760901'.
13:00:20: Тонни Пони (STEAM_0:1:180223751/178.46.10.158:27005) has disconnected.
13:00:37: Томаш Новак has gained a Импульсная винтовка 1527760752.
13:00:37: Томаш Новак has lost a Импульсная винтовка 1527760752.
13:00:37: Томаш Новак has used '/InvAction use weapon_ar2 1527760752'.
13:02:23: Томаш Новак has lost a .357 Magnum 1527760901.
13:02:28: Томаш Новак has lost a .357 Magnum 1527760887.
13:02:28: Томаш Новак has used '/InvAction drop weapon_357 1527760887.00'.
13:02:29: Томаш Новак has lost a MP7 1527664842.
13:02:29: Томаш Новак has used '/InvAction drop weapon_smg1 1527664842.00'.
13:02:30: Томаш Новак has lost a Shotgun 1527440938.
13:02:30: Томаш Новак has used '/InvAction drop weapon_shotgun 1527440938.00'.
13:02:31: Томаш Новак has lost a Combine Lock 1527619132.
13:02:31: Томаш Новак has used '/InvAction drop combine_lock 1527619132.00'.
13:02:44: Томаш Новак has used '/InvAction drop cps_bag 1527751617.00'.
13:03:00: Томаш Новак has gained a Карточка награды 4 ур. 1527761072.
13:03:00: Томаш Новак has used '/InvAction use civreward_4l 1527761072'.
13:03:00: Томаш Новак has lost a Карточка награды 4 ур. 1527761072.
13:03:02: Томаш Новак has gained a Карточка награды 4 ур. 1527761072.
13:03:04: Томаш Новак has gained a Карточка награды 4 ур. 1527761079.
13:03:31: Томаш Новак has gained a Апельсиновый сок 1527761108.
13:03:34: Томаш Новак has lost a Апельсиновый сок 1527761108.
13:03:34: Томаш Новак has used '/InvAction use fd_or_juice 1527761108.00'.
13:03:55: Томаш Новак has lost a Активированный уголь 1527691588.
13:03:55: Томаш Новак has used '/InvAction drop other_coal 1527691588.00'.
13:04:12: Томаш Новак has gained a Request Device 1527761150.
13:04:16: Томаш Новак has gained a Stationary Radio 1527761154.
13:04:20: Томаш Новак has gained a Handheld Radio 1527761160.
13:06:23: Томаш Новак has lost a Stationary Radio 1527761154.
13:06:23: Томаш Новак has used '/InvAction drop stationary_radio 1527761154.00'.
13:06:24: Томаш Новак has gained a Stationary Radio 1527761154.
13:06:27: Томаш Новак has lost a Stationary Radio 1527761154.
13:06:27: Томаш Новак has used '/InvAction drop stationary_radio 1527761154.00'.
13:06:28: Томаш Новак has gained a Stationary Radio 1527761154.
13:06:30: Томаш Новак has lost a Stationary Radio 1527761154.
13:06:30: Томаш Новак has used '/InvAction drop stationary_radio 1527761154.00'.
13:06:36: Томаш Новак has gained a Stationary Radio 1527761154.
13:07:48: Томаш Новак (STEAM_0:1:82706478/92.124.2.102:27005) has disconnected.
13:35:57: Williams Long (STEAM_0:1:86754303/178.46.87.137:1250) has connected.
13:36:33: Williams Long has loaded the character 'Виллиамс Зубков'.
13:37:29: Виллиамс Зубков has gained a Маска 'OfC-2' 1527760235.
13:37:36: Williams Long has loaded the character 'Виллиам Зубков'.
13:37:53: Виллиам Зубков has gained a Униформа повстанцев желтого цвета 1527760253.
13:38:00: Виллиам Зубков has used '/InvAction use cits_rebel2 1527760253.00'.
13:38:07: Виллиам Зубков has gained a Импульсная винтовка 1527760749.
13:38:07: Виллиам Зубков has lost a Импульсная винтовка 1527760749.
13:38:07: Виллиам Зубков has used '/InvAction use weapon_ar2 1527760749'.
13:38:16: Виллиам Зубков has gained a Пустой рацион 1527760422.
13:38:30: Виллиам Зубков has used '/InvAction Снять cits_rebel2 1527760253.00'.
13:38:32: Виллиам Зубков has lost a Униформа повстанцев желтого цвета 1527760253.
13:38:32: Виллиам Зубков has used '/InvAction drop cits_rebel2 1527760253.00'.
13:38:38: Виллиам Зубков has lost a Импульсная винтовка 1527760749.
13:38:49: Williams Long has loaded the character 'Виллиамс Зубков'.
13:39:14: Виллиамс Зубков has used '/InvAction use cps_mask_off 1527760235.00'.
13:39:31: Виллиамс Зубков has used '/InvAction use cps_mask_off 1527760235.00'.
13:39:43: Виллиамс Зубков has gained a Униформа повстанцев 1527751508.
13:39:43: Виллиамс Зубков has used '/InvAction use cits_rebel1 1527751508'.
13:39:50: Виллиамс Зубков has lost a Маска 'OfC-2' 1527760235.
13:39:50: Виллиамс Зубков has used '/InvAction drop cps_mask_off 1527760235.00'.
13:40:20: Виллиамс Зубков has gained a Импульсная винтовка 1527760747.
13:40:20: Виллиамс Зубков has lost a Импульсная винтовка 1527760747.
13:40:20: Виллиамс Зубков has used '/InvAction use weapon_ar2 1527760747'.
13:40:30: Виллиамс Зубков has used '/CharSearch'.
13:40:42: Виллиамс Зубков has used '/AnimDeny'.
13:42:12: Виллиамс Зубков has gained a Combine Lock 1527619132.
13:42:12: Виллиамс Зубков has lost a Combine Lock 1527619132.
13:42:12: Виллиамс Зубков has used '/InvAction use combine_lock 1527619132'.
13:42:30: Виллиамс Зубков has gained a Combine Lock 1527763348.
13:42:30: Виллиамс Зубков has lost a Combine Lock 1527763348.
13:42:30: Виллиамс Зубков has used '/InvAction use combine_lock 1527763348'.
13:42:39: Виллиамс Зубков has used '/CharSearch'.
13:43:03: Виллиамс Зубков has gained a Бронежилет повстанцев 1527763384.
13:43:03: Виллиамс Зубков has used '/InvAction use cits_rebel_molle 1527763384'.
13:43:11: Виллиамс Зубков has lost a Униформа повстанцев 1527751508.
13:43:11: Виллиамс Зубков has used '/InvAction drop cits_rebel1 1527751508.00'.
13:43:28: Виллиамс Зубков has lost a MP7 1527686528.
13:43:28: Виллиамс Зубков has used '/InvAction drop weapon_smg1 1527686528.00'.
13:43:33: Виллиамс Зубков has gained a Рюкзак 1527763407.
13:43:34: Виллиамс Зубков has gained a MP7 1527686528.
13:43:45: Виллиамс Зубков has gained a Union Card 1527763356.
13:43:50: Виллиамс Зубков has lost a Union Card 1527763356.
13:43:50: Виллиамс Зубков has used '/InvAction drop union_card 1527763356.00'.
13:43:55: Виллиамс Зубков has gained a Union Card 1527763356.
13:44:02: Виллиамс Зубков has lost a Union Card 1527763356.
13:44:02: Виллиамс Зубков has used '/InvAction drop union_card 1527763356.00'.
13:44:20: Виллиамс Зубков has gained a Container Base 1527763464.
13:44:20: Виллиамс Зубков has used '/InvAction use container_base 1527763464'.
13:44:20: Виллиамс Зубков has lost a Container Base 1527763464.
13:44:22: Виллиамс Зубков has used '/StorageClose'.
13:44:27: Виллиамс Зубков has gained a Boxed Backpack 1527763473.
13:44:27: Виллиамс Зубков has used '/InvAction use boxed_backpack 1527763473'.
13:44:27: Виллиамс Зубков has lost a Boxed Backpack 1527763473.
13:44:31: Виллиамс Зубков has gained a Boxed Backpack 1527763473.
13:44:31: Виллиамс Зубков has used '/InvAction use boxed_backpack 1527763473'.
13:44:31: Виллиамс Зубков has lost a Boxed Backpack 1527763473.
13:44:32: Виллиамс Зубков has gained a Boxed Backpack 1527763473.
13:44:36: Виллиамс Зубков has lost a Boxed Backpack 1527763473.
13:44:36: Виллиамс Зубков has used '/InvAction drop boxed_backpack 1527763473.00'.
13:45:10: Виллиамс Зубков (STEAM_0:1:86754303/178.46.87.137:1250) has disconnected.
14:05:31: Hanz Mengale (STEAM_0:1:82069674/109.252.61.32:17102) has connected.
14:08:20: Hanz Mengale has loaded the character 'Hanz Shulz'.
14:08:32: worldspawn has dealt 9958 damage to Hanz Shulz, killing them!
14:08:41: worldspawn has dealt 12738 damage to Hanz Shulz, killing them!
14:09:03: Hanz Shulz has gained a Пустая коробка 1527735965.
14:09:34: Hanz Shulz has gained a Container Base 1527691724.
14:09:40: Hanz Shulz has gained a Маска 'OfC-2' 1527760235.
14:09:51: Hanz Shulz has used '/InvAction use cps_mask_off 1527760235.00'.
14:10:09: Hanz Shulz has lost a Union Lock 1527679453.
14:10:09: Hanz Shulz has used '/InvAction drop union_lock 1527679453.00'.
14:10:11: Hanz Shulz has lost a Маска 'OfC-2' 1527760235.
14:10:11: Hanz Shulz has used '/InvAction drop cps_mask_off 1527760235.00'.
14:10:14: Hanz Shulz has lost a Пустая коробка 1527735965.
14:10:14: Hanz Shulz has used '/InvAction drop empty_paper_takeout 1527735965.00'.
14:10:21: Hanz Shulz has gained a Униформа повстанцев желтого цвета 1527760253.
14:10:21: Hanz Shulz has used '/InvAction use cits_rebel2 1527760253'.
14:10:23: Hanz Shulz has used '/CharSearch'.
14:10:30: Hanz Shulz has used '/InvAction use cits_rebel2 1527760253.00'.
14:10:55: Hanz Shulz has used '/InvAction use container_base 1527691724.00'.
14:10:57: Hanz Shulz has lost a Container Base 1527691724.
14:10:57: Hanz Shulz has used '/InvAction drop container_base 1527691724.00'.
14:11:01: Hanz Shulz has used '/InvAction Снять cits_rebel2 1527760253.00'.
14:11:04: Hanz Shulz has used '/StorageClose'.
14:11:05: worldspawn has dealt 6499 damage to Hanz Shulz, killing them!
14:11:20: Hanz Shulz has gained a Grenade 1527760308.
14:11:28: Hanz Shulz has used '/InvAction Снять cits_rebel2 1527760253.00'.
14:11:31: Hanz Shulz has used '/InvAction Снять cits_rebel2 1527760253.00'.
14:11:32: Hanz Shulz has lost a Униформа повстанцев желтого цвета 1527760253.
14:11:32: Hanz Shulz has used '/InvAction drop cits_rebel2 1527760253.00'.
14:11:34: Hanz Shulz has lost a Grenade 1527760308.
14:11:34: Hanz Shulz has used '/InvAction use weapon_frag 1527760308.00'.
14:11:45: Hanz Shulz has gained a Импульсная винтовка 1527760757.
14:11:52: Hanz Shulz has lost a Импульсная винтовка 1527760757.
14:11:52: Hanz Shulz has used '/InvAction use weapon_ar2 1527760757.00'.
14:14:52: Hanz Shulz (STEAM_0:1:82069674/109.252.61.32:17102) has disconnected.
15:34:06: Роскомнадзор (STEAM_0:0:91825088/37.112.18.241:27005) has connected.
16:13:56: BrUtAL SoLdER (STEAM_0:1:56909645/109.124.38.151:27005) has connected.
16:15:41: BrUtAL SoLdER has loaded the character 'Один Ланд'.
16:16:42: Один Ланд has gained a Маска 'OfC-2' 1527760235.
16:16:42: Один Ланд has used '/InvAction use cps_mask_off 1527760235'.
16:16:42: Один Ланд has lost a Маска 'OfC-2' 1527760235.
16:18:14: worldspawn has dealt 16034 damage to Один Ланд, killing them!
16:18:18: worldspawn has dealt 10561 damage to Один Ланд, killing them!
16:18:23: worldspawn has dealt 12637 damage to Один Ланд, killing them!
16:18:27: worldspawn has dealt 10904 damage to Один Ланд, killing them!
16:18:31: worldspawn has dealt 14803 damage to Один Ланд, killing them!
16:18:34: worldspawn has dealt 13932 damage to Один Ланд, killing them!
16:18:38: worldspawn has dealt 2353 damage to Один Ланд, killing them!
16:18:45: worldspawn has dealt 11953 damage to Один Ланд, killing them!
16:18:51: worldspawn has dealt 3013 damage to Один Ланд, killing them!
16:18:56: worldspawn has dealt 7927 damage to Один Ланд, killing them!
16:19:00: worldspawn has dealt 11943 damage to Один Ланд, killing them!
16:19:02: worldspawn has dealt 14011 damage to Один Ланд, killing them!
16:19:07: worldspawn has dealt 10628 damage to Один Ланд, killing them!
16:19:12: worldspawn has dealt 5000 damage to Один Ланд, killing them!
16:19:16: worldspawn has dealt 14009 damage to Один Ланд, killing them!
16:19:20: worldspawn has dealt 9317 damage to Один Ланд, killing them!
16:19:29: worldspawn has dealt 3013 damage to Один Ланд, killing them!
16:19:33: worldspawn has dealt 13839 damage to Один Ланд, killing them!
16:19:37: worldspawn has dealt 8287 damage to Один Ланд, killing them!
16:19:54: worldspawn has dealt 8028 damage to Один Ланд, killing them!
16:19:59: worldspawn has dealt 9316 damage to Один Ланд, killing them!
16:20:03: worldspawn has dealt 2238 damage to Один Ланд, killing them!
16:20:06: worldspawn has dealt 11276 damage to Один Ланд, killing them!
16:20:11: worldspawn has dealt 2993 damage to Один Ланд, killing them!
16:20:26: worldspawn has dealt 15110 damage to Один Ланд, killing them!
16:21:37: Один Ланд has gained a Container Base 1527772898.
16:21:37: Один Ланд has used '/InvAction use container_base 1527772898'.
16:21:37: Один Ланд has lost a Container Base 1527772898.
16:21:39: Один Ланд has used '/StorageClose'.
16:21:54: Один Ланд has gained a Бронежилет ГО 1527772915.
16:21:54: Один Ланд has used '/InvAction use cits_cps 1527772915'.
16:22:05: Один Ланд has gained a Large Soda 1527772928.
16:22:05: Один Ланд has gained a Пустая пластиковая бутылка 1527772931.
16:22:05: Один Ланд has lost a Large Soda 1527772928.
16:22:05: Один Ланд has used '/InvAction use large_soda 1527772928'.
16:22:11: Один Ланд has gained a Джин 1527772936.
16:22:11: Один Ланд has lost a Джин 1527772936.
16:22:11: Один Ланд has used '/InvAction use fd_jin 1527772936'.
16:22:39: Один Ланд has gained a Vegetable Oil 1527772971.
16:22:39: Один Ланд has dealt 730 damage to Один Ланд, killing them!
16:22:39: Один Ланд has gained a Пустая бутылка от растительного масла 1527772981.
16:22:39: Один Ланд has lost a Vegetable Oil 1527772971.
16:22:39: Один Ланд has used '/InvAction use vegetable_oil 1527772971'.
16:22:46: Один Ланд has gained a Арбузная долька 1527772978.
16:22:46: Один Ланд has lost a Арбузная долька 1527772978.
16:22:46: Один Ланд has used '/InvAction use melon_sliced 1527772978'.
16:22:49: Один Ланд has gained a Арбуз 1527772976.
16:22:49: Один Ланд has lost a Арбуз 1527772976.
16:22:49: Один Ланд has used '/InvAction use melon 1527772976'.
16:22:53: Один Ланд has gained a Холодная лапша 1527772966.
16:22:53: Один Ланд has gained a Пустая коробка 1527772996.
16:22:53: Один Ланд has lost a Холодная лапша 1527772966.
16:22:53: Один Ланд has used '/InvAction use chinese_takeout 1527772966'.
16:22:54: Один Ланд has gained a Апельсин 1527772975.
16:22:54: Один Ланд has lost a Апельсин 1527772975.
16:22:54: Один Ланд has used '/InvAction use fd_orange 1527772975'.
16:22:56: Один Ланд has gained a Хлеб 1527772965.
16:22:56: Один Ланд has lost a Хлеб 1527772965.
16:22:56: Один Ланд has used '/InvAction use fd_bread 1527772965'.
16:22:57: Один Ланд has gained a Плитка шоколада 1527772961.
16:22:57: Один Ланд has lost a Плитка шоколада 1527772961.
16:22:57: Один Ланд has used '/InvAction use fd_chocolate 1527772961'.
16:23:00: Один Ланд has gained a Пищевые добавки 1527772959.
16:23:00: Один Ланд has gained a Пустая банка от пищевых добавок 1527773004.
16:23:00: Один Ланд has lost a Пищевые добавки 1527772959.
16:23:00: Один Ланд has used '/InvAction use citizen_supplements 1527772959'.
16:23:05: Один Ланд (STEAM_0:1:56909645/109.124.38.151:27005) has disconnected.
16:39:16: Grzegorz Brzęczyszczykiewicz (STEAM_0:1:82706478/92.124.2.102:27005) has connected.
16:40:19: Grzegorz Brzęczyszczykiewicz has loaded the character 'Томаш Новак'.
16:40:29: Томаш Новак has used '/CharPhysDesc'.
16:40:39: Томаш Новак (STEAM_0:1:82706478/92.124.2.102:27005) has disconnected.
16:48:39: ponomorev2007 (STEAM_0:1:214776331/46.166.101.164:1037) has connected.
16:49:30: ponomorev2007 has loaded the character 'danil'.
16:50:42: worldspawn has dealt 8784 damage to danil, killing them!
17:12:37: Гоша (STEAM_0:1:61019535/91.76.244.44:27005) has connected.
17:17:36: Гоша has created a Гражданин character called 'Гей Ропович'.
17:17:36: Гоша has loaded the character 'Гей Ропович'.
17:17:42: worldspawn has dealt 14638 damage to Гей Ропович, killing them!
17:17:47: worldspawn has dealt 14199 damage to Гей Ропович, killing them!
17:17:58: worldspawn has dealt 14306 damage to Гей Ропович, killing them!
17:18:01: Гей Ропович has gained a Сломанный MP7 1527772891.
17:18:08: Гей Ропович has used '/StorageClose'.
17:18:12: Гей Ропович has used '/StorageClose'.
17:18:16: worldspawn has dealt 14501 damage to Гей Ропович, killing them!
17:18:41: danil (STEAM_0:1:214776331/46.166.101.164:1037) has disconnected.
17:18:59: Гей Ропович (STEAM_0:1:61019535/91.76.244.44:27005) has disconnected.
17:55:13: Hanz Mengale (STEAM_0:1:82069674/109.252.61.32:10484) has connected.
17:56:18: Hanz Mengale has loaded the character 'Hanz Shulz'.
17:56:55: worldspawn has dealt 13701 damage to Hanz Shulz, killing them!
17:57:20: Hanz Shulz has gained a MP7 1527760290.
17:57:33: Hanz Shulz has gained a Стандартный воротник для головы 1527751605.
17:57:33: Hanz Shulz has used '/InvAction use cps_neck 1527751605'.
17:57:33: Hanz Shulz has lost a Стандартный воротник для головы 1527751605.
17:57:48: Hanz Shulz has gained a Униформа младшего сотрудника ГСР 1527751601.
17:57:48: Hanz Shulz has used '/InvAction use uniform_cwu_light 1527751601'.
17:57:48: Hanz Shulz has lost a Униформа младшего сотрудника ГСР 1527751601.
17:58:56: Hanz Shulz has gained a Бронежилет ГО 1527759982.
17:58:56: Hanz Shulz has used '/InvAction use cits_cps 1527759982'.
17:59:49: Hanz Shulz has lost a MP7 1527760290.
17:59:49: Hanz Shulz has used '/InvAction use weapon_smg1 1527760290.00'.
18:00:03: Hanz Shulz has lost a MP7 1527760290.
18:00:03: worldspawn has dealt 17414 damage to Hanz Shulz, killing them!
18:00:08: worldspawn has dealt 9992 damage to Hanz Shulz, killing them!
18:00:15: worldspawn has dealt 12959 damage to Hanz Shulz, killing them!
18:00:19: Hanz Shulz has used '/InvAction use cits_cps 1527759982.00'.
18:00:23: worldspawn has dealt 11699 damage to Hanz Shulz, killing them!
18:03:37: Hanz Shulz has used '/AnimCheer'.
18:04:44: Hanz Shulz (STEAM_0:1:82069674/109.252.61.32:10484) has disconnected.
20:44:25: |||•О|т|с|т|у|п|н|и| (STEAM_0:1:180853005/95.79.166.158:27005) has connected.
20:48:40: |||•О|т|с|т|у|п|н|и| has created a Гражданин character called 'Devid Djons'.
20:48:40: |||•О|т|с|т|у|п|н|и| has loaded the character 'Devid Djons'.
20:49:08: Devid Djons has gained a Униформа повстанцев желтого цвета 1527760253.
20:49:13: Devid Djons has gained a Импульсная винтовка 1527760748.
20:49:13: Devid Djons has lost a Импульсная винтовка 1527760748.
20:49:13: Devid Djons has used '/InvAction use weapon_ar2 1527760748'.
20:49:15: Devid Djons has gained a Импульсная винтовка 1527760762.
20:49:15: Devid Djons has used '/InvAction use weapon_ar2 1527760762'.
20:49:15: Devid Djons has lost a Импульсная винтовка 1527760762.
20:50:14: Devid Djons has used '/InvAction use cits_rebel2 1527760253.00'.
20:50:15: Devid Djons has lost a Suitcase 1527788921.
20:50:15: Devid Djons has used '/InvAction use cw_suitcase 1527788921.00'.
20:50:22: Devid Djons has gained a Suitcase 1527788921.
20:50:30: Devid Djons has lost a Suitcase 1527788921.
20:50:30: Devid Djons has used '/InvAction use cw_suitcase 1527788921.00'.
20:50:31: Devid Djons has used '/InvAction use cits_rebel2 1527760253.00'.
20:50:32: Devid Djons has used '/InvAction use cits_rebel2 1527760253.00'.
20:50:35: Devid Djons has used '/InvAction Снять cits_rebel2 1527760253.00'.
20:50:37: Devid Djons has used '/InvAction drop cits_rebel2 1527760253.00'.
20:51:09: Devid Djons has gained a Metropolice Supplements 1527760537.
20:51:09: Devid Djons has lost a Metropolice Supplements 1527760537.
20:51:09: Devid Djons has used '/InvAction use metropolice_supplements 1527760537'.
20:51:17: Devid Djons has used '/CharSearch'.
20:51:56: LogPlayerSpawnModel
20:51:56: LogPlayerSpawnModel
20:52:34: Devid Djons has gained a Карточка награды 1 ур. 1527761067.
20:52:34: Devid Djons has used '/InvAction use civreward_1l 1527761067'.
20:52:34: Devid Djons has lost a Карточка награды 1 ур. 1527761067.
20:53:12: Devid Djons has lost a Импульсная винтовка 1527760748.
20:53:12: Devid Djons has lost a Suitcase 1527788921.
20:53:12: worldspawn has dealt 12095 damage to Devid Djons, killing them!
20:53:16: worldspawn has dealt 9641 damage to Devid Djons, killing them!
20:53:19: worldspawn has dealt 4096 damage to Devid Djons, killing them!
20:53:25: worldspawn has dealt 3790 damage to Devid Djons, killing them!
20:53:41: Devid Djons (STEAM_0:1:180853005/95.79.166.158:27005) has disconnected.
