13:59:19: Victorial (STEAM_0:0:50808394) has connected.
14:00:32: Victorial has loaded the character 'CP:OTS.CmD.2461'.
14:00:32: CP:OTS.CmD.2461 has gained a 9mm Pistol Bullets 1466506833.
14:00:32: CP:OTS.CmD.2461 has gained a 9mm Pistol Bullets 1466506834.
14:01:47: CP:OTS.CmD.2461 has used '/Observer'.
14:08:01: CP:OTS.CmD.2461 has used '/Observer'.
14:08:57: CP:OTS.CmD.2461 has used '/Observer'.
14:09:35: CP:OTS.CmD.2461 has used '/Observer'.
14:09:36: CP:OTS.CmD.2461 has used '/Observer'.
14:10:03: CP:OTS.CmD.2461 has used '/Observer'.
14:10:09: CP:OTS.CmD.2461 has gained a Union Light 1466507412.
14:10:23: CP:OTS.CmD.2461 has lost a Union Light 1466507412.
14:10:23: CP:OTS.CmD.2461 has used '/InvAction use union_light 1466507412.00'.
14:11:06: CP:OTS.CmD.2461 has used '/Observer'.
14:11:09: CP:OTS.CmD.2461 has used '/Observer'.
14:11:23: CP:OTS.CmD.2461 has taken 8 damage from npc_zombie, leaving them at 98 health and 110 armor!
14:11:26: CP:OTS.CmD.2461 has taken 8 damage from npc_zombie, leaving them at 98 health and 101 armor!
14:11:29: CP:OTS.CmD.2461 has used '/Observer'.
14:11:32: CP:OTS.CmD.2461 has used '/Observer'.
14:11:41: CP:OTS.CmD.2461 has used '/Observer'.
14:11:53: CP:OTS.CmD.2461 has used '/Observer'.
14:12:19: CP:OTS.CmD.2461 has gained a Union Light 1466507543.
14:12:21: CP:OTS.CmD.2461 has gained a Union Light 1466507546.
14:12:25: CP:OTS.CmD.2461 has used '/Observer'.
14:12:28: CP:OTS.CmD.2461 has used '/Observer'.
14:12:37: CP:OTS.CmD.2461 has used '/Observer'.
14:12:44: CP:OTS.CmD.2461 has used '/Observer'.
14:12:45: CP:OTS.CmD.2461 has used '/Observer'.
14:12:47: CP:OTS.CmD.2461 has used '/Observer'.
14:12:52: CP:OTS.CmD.2461 has lost a Union Light 1466507546.
14:12:52: CP:OTS.CmD.2461 has used '/InvAction use union_light 1466507546.00'.
14:13:04: CP:OTS.CmD.2461 has used '/Observer'.
14:13:22: CP:OTS.CmD.2461 has used '/Observer'.
14:13:47: CP:OTS.CmD.2461 has used '/Observer'.
14:14:08: CP:OTS.CmD.2461 has used '/Observer'.
14:14:15: CP:OTS.CmD.2461 has lost a Union Light 1466507543.
14:14:15: CP:OTS.CmD.2461 has used '/InvAction use union_light 1466507543.00'.
14:14:38: CP:OTS.CmD.2461 has used '/Observer'.
14:14:43: CP:OTS.CmD.2461 has used '/Observer'.
14:15:12: CP:OTS.CmD.2461 has used '/Observer'.
14:15:55: CP:OTS.CmD.2461 has used '/Observer'.
14:16:02: CP:OTS.CmD.2461 has used '/Observer'.
14:16:06: CP:OTS.CmD.2461 has used '/Observer'.
14:16:47: CP:OTS.CmD.2461 has used '/StaticAdd'.
14:16:49: CP:OTS.CmD.2461 has used '/StaticAdd'.
14:16:50: CP:OTS.CmD.2461 has used '/Observer'.
14:37:19: CP:OTS.CmD.2461 has spawned 'models/props_combine/combine_barricade_med04b.mdl'.
14:37:19: CP:OTS.CmD.2461 has spawned 'models/props_combine/combine_barricade_med04b.mdl'.
14:37:23: CP:OTS.CmD.2461 has spawned 'models/props_combine/combine_barricade_med04b.mdl'.
14:37:23: CP:OTS.CmD.2461 has spawned 'models/props_combine/combine_barricade_med04b.mdl'.
14:37:51: CP:OTS.CmD.2461 has spawned 'models/props_combine/combine_barricade_med03b.mdl'.
14:37:51: CP:OTS.CmD.2461 has spawned 'models/props_combine/combine_barricade_med03b.mdl'.
14:38:14: CP:OTS.CmD.2461 has used '/Observer'.
14:38:22: CP:OTS.CmD.2461 has used '/Observer'.
14:40:48: CP:OTS.CmD.2461 has used '/StaticAdd'.
14:40:48: CP:OTS.CmD.2461 has used '/StaticAdd'.
14:40:49: CP:OTS.CmD.2461 has used '/StaticAdd'.
14:40:49: CP:OTS.CmD.2461 has used '/StaticAdd'.
14:40:49: CP:OTS.CmD.2461 has used '/StaticAdd'.
14:40:50: CP:OTS.CmD.2461 has used '/StaticAdd'.
14:40:51: CP:OTS.CmD.2461 has used '/StaticAdd'.
14:40:59: CP:OTS.CmD.2461 has used '/StaticAdd'.
14:41:00: CP:OTS.CmD.2461 has used '/StaticAdd'.
14:41:00: CP:OTS.CmD.2461 has used '/StaticAdd'.
14:41:01: CP:OTS.CmD.2461 has used '/StaticAdd'.
14:41:01: CP:OTS.CmD.2461 has used '/StaticAdd'.
14:41:02: CP:OTS.CmD.2461 has used '/StaticAdd'.
14:41:03: CP:OTS.CmD.2461 has used '/StaticAdd'.
14:41:07: CP:OTS.CmD.2461 has used '/Observer'.
14:41:08: CP:OTS.CmD.2461 has used '/Observer'.
14:41:12: CP:OTS.CmD.2461 has used '/Observer'.
14:41:21: CP:OTS.CmD.2461 has spawned 'models/hunter/plates/plate1x3.mdl'.
14:41:21: CP:OTS.CmD.2461 has spawned 'models/hunter/plates/plate1x3.mdl'.
14:41:25: CP:OTS.CmD.2461 has spawned 'models/hunter/plates/plate1x4.mdl'.
14:41:25: CP:OTS.CmD.2461 has spawned 'models/hunter/plates/plate1x4.mdl'.
14:41:26: CP:OTS.CmD.2461 has used '/Observer'.
14:41:34: CP:OTS.CmD.2461 has used '/Observer'.
14:41:58: CP:OTS.CmD.2461 has used '/Observer'.
14:42:03: CP:OTS.CmD.2461 has used '/Observer'.
14:42:19: CP:OTS.CmD.2461 has used '/StaticAdd'.
14:42:56: CP:OTS.CmD.2461 has lost a M40A1 w/ Optic 1465893046.
14:42:56: CP:OTS.CmD.2461 has used '/InvAction use sxbase_m40a1optic 1465893046.00'.
14:43:33: CP:OTS.CmD.2461 has used '/ClearDecals'.
14:43:34: CP:OTS.CmD.2461 has used '/Observer'.
14:43:49: CP:OTS.CmD.2461 has used '/Observer'.
14:43:50: CP:OTS.CmD.2461 has used '/Observer'.
14:43:50: CP:OTS.CmD.2461 has used '/Observer'.
14:43:57: CP:OTS.CmD.2461 (STEAM_0:0:50808394) has disconnected.
