13:2:59: [EoAsm] schwarzkruppzo (STEAM_0:1:44629398) has connected.
13:11:29: [EoAsm] schwarzkruppzo has loaded the character 'Test Test'.
13:11:48: Test Test has lost a Test 1427814250.
13:11:51: Test Test has lost a Test 1427815307.
13:12:7: Test Test has lost a MP7 1427814650.
13:12:7: Test Test has used '/InvAction drop weapon_smg1 1427814650.00'.
13:12:13: Test Test has gained a Test 1427814250.
13:12:16: Test Test has used '/InvAction use test 1427814250.00'.
13:12:21: Test Test has lost a Test 1427814250.
13:12:25: Test Test has gained a Test 1427814250.
13:12:29: Test Test has lost a Test 1427814250.
13:12:29: Test Test has used '/InvAction drop test 1427814250.00'.
13:12:32: Test Test has gained a Test 1427814250.
13:12:35: Test Test has used '/InvAction use test 1427814250.00'.
13:12:43: Test Test has gained a Test 1427814250.
13:12:53: Test Test has used '/InvAction use test 1427814250.00'.
13:21:43: [EoAsm] schwarzkruppzo (STEAM_0:1:44629398) has connected.
13:25:50: [EoAsm] schwarzkruppzo has loaded the character 'Test Test'.
13:27:50: Test Test has lost a Test 1427814250.
13:27:53: Test Test has gained a Test 1427814250.
13:27:55: Test Test has used '/InvAction use test 1427814250.00'.
13:28:2: Test Test has gained a Test 1427814250.
13:28:5: Test Test has used '/InvAction use test 1427814250.00'.
13:31:57: Test Test has lost a Test 1427814250.
13:32:2: Test Test has gained a Test 1427814250.
13:33:18: Test Test has used '/InvAction use test 1427814250.00'.
13:36:27: [EoAsm] schwarzkruppzo (STEAM_0:1:44629398) has connected.
13:38:49: [EoAsm] schwarzkruppzo has loaded the character 'Test Test'.
13:39:5: Test Test has lost a Test 1427814250.
13:39:5: Test Test has used '/InvAction drop test 1427814250.00'.
13:39:13: Test Test has gained a Test 1427881154.
13:39:13: Test Test has used '/CharGiveItem test Test'.
13:39:16: Test Test has used '/InvAction use test 1427881154.00'.
13:39:30: Test Test has gained a Test 1427881172.
13:39:30: Test Test has used '/CharGiveItem test Test'.
13:39:35: Test Test has gained a Test 1427881178.
13:39:35: Test Test has used '/CharGiveItem test Test'.
13:39:38: Test Test has used '/InvAction use test 1427881178.00'.
13:39:39: Test Test has used '/InvAction use test 1427881172.00'.
13:40:1: Test Test has lost a Test 1427881178.
13:44:11: Test Test has lost a Test 1427881154.
13:44:12: Test Test has lost a Test 1427881172.
13:48:30: [EoAsm] schwarzkruppzo (STEAM_0:1:44629398) has connected.
13:48:59: [EoAsm] schwarzkruppzo has loaded the character 'Test Test'.
13:49:18: Test Test has gained a Test 1427881759.
13:49:18: Test Test has used '/CharGiveItem test Test'.
13:49:21: Test Test has used '/InvAction use test 1427881759.00'.
13:49:36: Test Test has gained a Test 1427881759.
13:49:46: Test Test has used '/InvAction use test 1427881759.00'.
13:49:49: Test Test has gained a Test 1427881759.
13:53:21: [EoAsm] schwarzkruppzo (STEAM_0:1:44629398) has connected.
13:53:50: [EoAsm] schwarzkruppzo has loaded the character 'Test Test'.
13:54:13: Test Test has gained a Test 1427882054.
13:54:13: Test Test has used '/CharGiveItem test Test'.
13:54:22: Test Test has used '/InvAction use test 1427882054.00'.
13:54:26: Test Test has gained a Test 1427882054.
13:54:58: Test Test has used '/InvAction use test 1427882054.00'.
13:55:1: Test Test has gained a Test 1427882103.
13:55:1: Test Test has used '/CharGiveItem test Test'.
13:55:3: Test Test has used '/InvAction use test 1427882103.00'.
13:55:7: Test Test has gained a Test 1427882103.
13:58:52: [EoAsm] schwarzkruppzo (STEAM_0:1:44629398) has connected.
13:59:32: [EoAsm] schwarzkruppzo has loaded the character 'Test Test'.
13:59:41: Test Test has gained a RPG 1427882382.
13:59:41: Test Test has used '/CharGiveItem test  Test'.
13:59:49: Test Test has used '/InvAction drop weapon_rpg 1427882382.00'.
13:59:53: Test Test has lost a RPG 1427882382.
13:59:53: Test Test has used '/InvAction drop weapon_rpg 1427882382.00'.
13:59:56: Test Test has used '/InvAction use test 1427882103.00'.
14:3:20: [EoAsm] schwarzkruppzo (STEAM_0:1:44629398) has connected.
14:3:49: [EoAsm] schwarzkruppzo has loaded the character 'Test Test'.
14:3:54: Test Test has gained a Test 1427882103.
14:3:57: Test Test has used '/InvAction use test 1427882103.00'.
14:6:13: [EoAsm] schwarzkruppzo (STEAM_0:1:44629398) has connected.
14:6:41: [EoAsm] schwarzkruppzo has loaded the character 'Test Test'.
14:6:57: Test Test has gained a Test 1427882103.
14:7:1: Test Test has used '/InvAction use test 1427882103.00'.
14:11:22: [EoAsm] schwarzkruppzo (STEAM_0:1:44629398) has connected.
14:11:52: [EoAsm] schwarzkruppzo has loaded the character 'Test Test'.
14:12:9: Test Test has gained a Test 1427882103.
14:12:13: Test Test has used '/InvAction use test 1427882103.00'.
14:26:20: [EoAsm] schwarzkruppzo (STEAM_0:1:44629398) has connected.
14:29:7: [EoAsm] schwarzkruppzo has loaded the character 'Test Test'.
14:31:33: Test Test has used '/Observer'.
14:31:33: Test Test has used '/Observer'.
14:31:35: Test Test has used '/Observer'.
14:31:35: Test Test has used '/Observer'.
14:31:36: Test Test has used '/Observer'.
14:31:37: Test Test has used '/Observer'.
14:31:39: Test Test has lost a Test 1427882103.
14:31:39: Test Test has lost a Test 1427882054.
14:31:39: worldspawn has killed Test Test.
14:33:43: Test Test has gained a Test 1427881178.
14:33:48: Test Test has used '/InvAction use test 1427881178.00'.
14:33:51: Test Test has gained a Test 1427881172.
14:33:53: Test Test has used '/InvAction use test 1427881172.00'.
14:34:1: Test Test has used '/InvAction use test 1427881172.00'.
14:34:5: Test Test has lost a Test 1427881172.
14:34:5: Test Test has used '/InvAction drop test 1427881172.00'.
14:34:26: Test Test has used '/Observer'.
14:34:42: Test Test has used '/Observer'.
14:34:42: Test Test has used '/Observer'.
14:34:44: Test Test has used '/Observer'.
14:34:46: Test Test has used '/Observer'.
14:34:47: Test Test has used '/Observer'.
14:35:29: Test Test has used '/Observer'.
14:35:30: Test Test has used '/Observer'.
14:35:31: Test Test has used '/Observer'.
14:35:31: Test Test has used '/Observer'.
14:35:32: Test Test has used '/Observer'.
14:35:33: Test Test has used '/Observer'.
14:35:34: Test Test has used '/Observer'.
14:35:35: Test Test has used '/Observer'.
14:35:36: Test Test has used '/Observer'.
14:35:36: Test Test has used '/Observer'.
14:35:37: Test Test has used '/Observer'.
14:35:38: Test Test has used '/Observer'.
14:35:39: Test Test has used '/Observer'.
14:35:39: Test Test has used '/Observer'.
14:35:41: Test Test has used '/Observer'.
14:35:41: Test Test has used '/Observer'.
14:35:42: Test Test has used '/Observer'.
14:35:43: Test Test has used '/Observer'.
14:35:44: Test Test has used '/Observer'.
14:35:45: Test Test has used '/Observer'.
14:35:47: Test Test has used '/Observer'.
14:35:47: Test Test has used '/Observer'.
14:35:48: Test Test has used '/Observer'.
14:35:49: Test Test has used '/Observer'.
14:35:50: Test Test has used '/Observer'.
14:35:51: Test Test has used '/Observer'.
14:35:52: Test Test has used '/Observer'.
14:35:52: Test Test has used '/Observer'.
14:35:54: Test Test has used '/Observer'.
14:35:55: Test Test has used '/Observer'.
14:35:56: Test Test has used '/Observer'.
14:35:56: Test Test has used '/Observer'.
14:35:58: Test Test has used '/Observer'.
14:35:58: Test Test has used '/Observer'.
14:35:59: Test Test has used '/Observer'.
14:36:0: Test Test has used '/Observer'.
14:36:1: Test Test has used '/Observer'.
14:36:1: Test Test has used '/Observer'.
14:36:2: Test Test has used '/Observer'.
14:36:3: Test Test has used '/Observer'.
14:36:4: Test Test has used '/Observer'.
14:36:5: Test Test has used '/Observer'.
16:33:38: [EoAsm] schwarzkruppzo (STEAM_0:1:44629398) has connected.
16:35:4: [EoAsm] schwarzkruppzo has loaded the character 'Test Test'.
16:35:20: Test Test has gained a MP7 1427891721.
16:35:20: Test Test has used '/CharGiveItem test weapon_smg1'.
16:35:31: Test Test has lost a MP7 1427891721.
16:35:31: Test Test has used '/InvAction use weapon_smg1 1427891721.00'.
18:8:24: [EoAsm] schwarzkruppzo (STEAM_0:1:44629398) has connected.
18:9:59: [EoAsm] schwarzkruppzo has loaded the character 'Test Test'.
18:10:25: Test Test has gained a Immolator 1427897426.
18:10:25: Test Test has used '/CharGiveItem test Immolator'.
18:10:36: Test Test has lost a Immolator 1427897426.
18:10:36: Test Test has used '/InvAction use weapon_immolator2 1427897426.00'.
18:23:2: [EoAsm] schwarzkruppzo (STEAM_0:1:44629398) has connected.
18:24:15: [EoAsm] schwarzkruppzo has loaded the character 'Test Test'.
18:24:57: Test Test has lost a Immolator 1427897426.
18:24:57: Test Test has used '/InvAction use weapon_immolator2 1427897426.00'.
18:27:57: [EoAsm] schwarzkruppzo (STEAM_0:1:44629398) has connected.
18:35:14: [EoAsm] schwarzkruppzo has loaded the character 'Test Test'.
18:35:28: Test Test has lost a Immolator 1427897426.
18:35:28: Test Test has used '/InvAction use weapon_immolator2 1427897426.00'.
18:40:18: [EoAsm] schwarzkruppzo (STEAM_0:1:44629398) has connected.
18:41:8: [EoAsm] schwarzkruppzo has loaded the character 'Test Test'.
18:41:18: Test Test has lost a Immolator 1427897426.
18:41:18: Test Test has used '/InvAction use weapon_immolator2 1427897426.00'.
18:44:45: [EoAsm] schwarzkruppzo (STEAM_0:1:44629398) has connected.
18:46:44: [EoAsm] schwarzkruppzo has loaded the character 'Test Test'.
18:46:52: Test Test has lost a Immolator 1427897426.
18:46:52: Test Test has used '/InvAction use weapon_immolator2 1427897426.00'.
18:49:55: [EoAsm] schwarzkruppzo (STEAM_0:1:44629398) has connected.
18:50:30: [EoAsm] schwarzkruppzo has loaded the character 'Test Test'.
18:50:36: Test Test has lost a Immolator 1427897426.
18:50:36: Test Test has used '/InvAction use weapon_immolator2 1427897426.00'.
18:50:50: Test Test (STEAM_0:1:44629398) has disconnected.
18:51:22: [EoAsm] schwarzkruppzo (STEAM_0:1:44629398) has connected.
18:52:55: [EoAsm] schwarzkruppzo has loaded the character 'Test Test'.
18:53:6: Test Test has gained a Рубашка CWU 1427899987.
18:53:6: Test Test has used '/CharGiveItem test Рубашка CWU'.
18:53:17: Test Test has used '/InvAction use Рубашка_cwu 1427899987.00'.
18:53:43: Test Test has used '/CharSetModel test models/player/cremator_player.mdl'.
18:58:32: [EoAsm] schwarzkruppzo (STEAM_0:1:44629398) has connected.
18:59:11: [EoAsm] schwarzkruppzo has loaded the character 'Test Test'.
18:59:25: Test Test (STEAM_0:1:44629398) has disconnected.
