16:39:41: [EoAsm] SchwarzKruppzo (STEAM_0:1:44629398) has connected.
16:40:45: [EoAsm] SchwarzKruppzo has loaded the character 'C17.CP-DsP.00228'.
16:40:49: C17.CP-DsP.00228 has used '/Observer'.
16:41:32: C17.CP-DsP.00228 has used '/Observer'.
16:41:36: C17.CP-DsP.00228 has used '/Observer'.
16:41:40: C17.CP-DsP.00228 has used '/Observer'.
16:41:42: C17.CP-DsP.00228 has used '/Observer'.
16:41:52: C17.CP-DsP.00228 has used '/Observer'.
16:42:0: C17.CP-DsP.00228 has used '/Observer'.
16:42:1: C17.CP-DsP.00228 has used '/Observer'.
16:42:2: C17.CP-DsP.00228 has used '/Observer'.
16:42:3: C17.CP-DsP.00228 has used '/Observer'.
16:42:4: C17.CP-DsP.00228 has used '/Observer'.
16:42:4: C17.CP-DsP.00228 has used '/Observer'.
16:42:6: C17.CP-DsP.00228 has used '/Observer'.
16:42:6: C17.CP-DsP.00228 has used '/Observer'.
16:42:7: C17.CP-DsP.00228 has used '/Observer'.
16:42:7: C17.CP-DsP.00228 has used '/Observer'.
16:42:9: C17.CP-DsP.00228 has used '/Observer'.
16:42:9: C17.CP-DsP.00228 has used '/Observer'.
16:42:10: C17.CP-DsP.00228 has used '/Observer'.
16:42:10: C17.CP-DsP.00228 has used '/Observer'.
16:42:11: C17.CP-DsP.00228 has used '/Observer'.
16:42:11: C17.CP-DsP.00228 has used '/Observer'.
16:42:12: C17.CP-DsP.00228 has used '/Observer'.
16:42:14: C17.CP-DsP.00228 has used '/Observer'.
16:42:23: C17.CP-DsP.00228 has used '/Observer'.
16:42:43: C17.CP-DsP.00228 has used '/Observer'.
16:42:50: C17.CP-DsP.00228 has used '/Observer'.
16:42:53: C17.CP-DsP.00228 has used '/Observer'.
16:43:6: C17.CP-DsP.00228 has used '/Observer'.
16:43:8: C17.CP-DsP.00228 has used '/Observer'.
16:43:31: C17.CP-DsP.00228 has used '/Observer'.
16:43:34: C17.CP-DsP.00228 has used '/Observer'.
16:44:0: C17.CP-DsP.00228 has used '/Observer'.
16:44:13: C17.CP-DsP.00228 has used '/Observer'.
16:44:31: C17.CP-DsP.00228 has used '/Observer'.
16:44:37: C17.CP-DsP.00228 has used '/Observer'.
16:45:3: C17.CP-DsP.00228 has used '/Observer'.
16:45:4: C17.CP-DsP.00228 has used '/Observer'.
16:45:8: C17.CP-DsP.00228 has used '/Observer'.
16:45:15: C17.CP-DsP.00228 has used '/Observer'.
16:45:16: C17.CP-DsP.00228 has used '/Observer'.
16:45:17: C17.CP-DsP.00228 has used '/Observer'.
16:45:23: C17.CP-DsP.00228 has used '/Observer'.
16:45:23: C17.CP-DsP.00228 has used '/Observer'.
16:45:24: C17.CP-DsP.00228 has used '/Observer'.
16:45:26: C17.CP-DsP.00228 has used '/Observer'.
16:45:37: C17.CP-DsP.00228 has used '/Observer'.
16:45:37: C17.CP-DsP.00228 has used '/Observer'.
16:45:38: C17.CP-DsP.00228 has used '/Observer'.
16:45:38: C17.CP-DsP.00228 has used '/Observer'.
16:45:39: C17.CP-DsP.00228 has used '/Observer'.
16:45:39: C17.CP-DsP.00228 has used '/Observer'.
16:45:41: C17.CP-DsP.00228 has used '/Observer'.
16:45:41: C17.CP-DsP.00228 has used '/Observer'.
16:45:42: C17.CP-DsP.00228 has used '/Observer'.
16:45:42: C17.CP-DsP.00228 has used '/Observer'.
16:45:43: C17.CP-DsP.00228 has used '/Observer'.
16:45:43: C17.CP-DsP.00228 has used '/Observer'.
16:45:44: C17.CP-DsP.00228 has used '/Observer'.
16:45:44: C17.CP-DsP.00228 has used '/Observer'.
16:45:46: C17.CP-DsP.00228 has used '/Observer'.
16:45:46: C17.CP-DsP.00228 has used '/Observer'.
16:45:47: C17.CP-DsP.00228 has used '/Observer'.
16:45:48: C17.CP-DsP.00228 has used '/Observer'.
16:45:48: C17.CP-DsP.00228 has used '/Observer'.
16:45:48: C17.CP-DsP.00228 has used '/Observer'.
16:45:53: C17.CP-DsP.00228 has used '/Observer'.
16:45:55: C17.CP-DsP.00228 has used '/Observer'.
16:45:55: C17.CP-DsP.00228 has used '/Observer'.
16:45:56: C17.CP-DsP.00228 has used '/Observer'.
16:45:57: C17.CP-DsP.00228 has used '/Observer'.
16:45:58: C17.CP-DsP.00228 has used '/Observer'.
16:45:58: C17.CP-DsP.00228 has used '/Observer'.
16:45:59: C17.CP-DsP.00228 has used '/Observer'.
16:45:59: C17.CP-DsP.00228 has used '/Observer'.
16:46:0: C17.CP-DsP.00228 has used '/Observer'.
16:46:1: C17.CP-DsP.00228 has used '/Observer'.
16:46:1: C17.CP-DsP.00228 has used '/Observer'.
16:46:2: C17.CP-DsP.00228 has used '/Observer'.
16:46:3: C17.CP-DsP.00228 has used '/Observer'.
16:46:4: C17.CP-DsP.00228 has used '/Observer'.
16:46:6: C17.CP-DsP.00228 has used '/Observer'.
16:46:10: C17.CP-DsP.00228 has used '/Observer'.
16:46:10: C17.CP-DsP.00228 has used '/Observer'.
16:46:12: C17.CP-DsP.00228 has taken damage from worldspawn.
16:46:23: C17.CP-DsP.00228 has used '/Observer'.
16:46:34: C17.CP-DsP.00228 has used '/Observer'.
16:46:35: C17.CP-DsP.00228 has used '/Observer'.
16:47:12: C17.CP-DsP.00228 has used '/Observer'.
16:47:13: C17.CP-DsP.00228 has used '/Observer'.
16:47:20: C17.CP-DsP.00228 has used '/Observer'.
16:47:20: C17.CP-DsP.00228 has used '/Observer'.
16:47:31: C17.CP-DsP.00228 has used '/Observer'.
16:47:32: C17.CP-DsP.00228 has used '/Observer'.
16:48:17: C17.CP-DsP.00228 has used '/Observer'.
16:48:18: C17.CP-DsP.00228 has used '/Observer'.
16:48:19: C17.CP-DsP.00228 has used '/Observer'.
16:48:19: C17.CP-DsP.00228 has used '/Observer'.
16:48:19: C17.CP-DsP.00228 has used '/Observer'.
16:48:20: C17.CP-DsP.00228 has used '/Observer'.
16:48:21: C17.CP-DsP.00228 has used '/Observer'.
16:48:22: C17.CP-DsP.00228 has used '/Observer'.
16:48:22: C17.CP-DsP.00228 has used '/Observer'.
16:48:23: C17.CP-DsP.00228 has used '/Observer'.
16:48:23: C17.CP-DsP.00228 has used '/Observer'.
16:48:25: C17.CP-DsP.00228 has used '/Observer'.
16:48:37: C17.CP-DsP.00228 has used '/Observer'.
16:48:43: C17.CP-DsP.00228 has used '/Observer'.
16:48:46: C17.CP-DsP.00228 has used '/Observer'.
16:48:47: C17.CP-DsP.00228 has used '/Observer'.
16:48:47: C17.CP-DsP.00228 has used '/Observer'.
16:48:54: C17.CP-DsP.00228 has used '/Observer'.
16:48:54: C17.CP-DsP.00228 has used '/Observer'.
16:48:55: C17.CP-DsP.00228 has used '/Observer'.
16:48:55: C17.CP-DsP.00228 has used '/Observer'.
16:48:56: C17.CP-DsP.00228 has used '/Observer'.
16:50:44: C17.CP-DsP.00228 has used '/Observer'.
16:50:50: C17.CP-DsP.00228 has used '/Observer'.
16:50:55: C17.CP-DsP.00228 has used '/Observer'.
16:50:55: C17.CP-DsP.00228 has used '/Observer'.
16:50:55: C17.CP-DsP.00228 has used '/Observer'.
16:50:56: C17.CP-DsP.00228 has used '/Observer'.
16:50:57: C17.CP-DsP.00228 has used '/Observer'.
16:50:57: C17.CP-DsP.00228 has used '/Observer'.
16:50:58: C17.CP-DsP.00228 has used '/Observer'.
16:52:45: C17.CP-DsP.00228 has used '/Observer'.
16:52:46: C17.CP-DsP.00228 has used '/Observer'.
16:52:46: C17.CP-DsP.00228 has used '/Observer'.
16:52:47: C17.CP-DsP.00228 has used '/Observer'.
16:52:48: C17.CP-DsP.00228 has used '/Observer'.
16:52:48: C17.CP-DsP.00228 has used '/Observer'.
16:52:49: C17.CP-DsP.00228 has used '/Observer'.
16:52:54: C17.CP-DsP.00228 has used '/Observer'.
16:52:54: C17.CP-DsP.00228 has used '/Observer'.
16:52:55: C17.CP-DsP.00228 has used '/Observer'.
16:52:55: C17.CP-DsP.00228 has used '/Observer'.
16:52:55: C17.CP-DsP.00228 has used '/Observer'.
16:52:55: C17.CP-DsP.00228 has used '/Observer'.
16:52:55: C17.CP-DsP.00228 has used '/Observer'.
16:52:56: C17.CP-DsP.00228 has used '/Observer'.
16:52:56: C17.CP-DsP.00228 has used '/Observer'.
16:52:56: C17.CP-DsP.00228 has used '/Observer'.
16:52:56: C17.CP-DsP.00228 has used '/Observer'.
16:52:56: C17.CP-DsP.00228 has used '/Observer'.
16:52:56: C17.CP-DsP.00228 has used '/Observer'.
16:52:57: C17.CP-DsP.00228 has used '/Observer'.
16:52:57: C17.CP-DsP.00228 has used '/Observer'.
16:52:57: C17.CP-DsP.00228 has used '/Observer'.
16:52:57: C17.CP-DsP.00228 has used '/Observer'.
16:52:57: C17.CP-DsP.00228 has used '/Observer'.
16:52:58: C17.CP-DsP.00228 has used '/Observer'.
16:52:58: C17.CP-DsP.00228 has used '/Observer'.
16:52:58: C17.CP-DsP.00228 has used '/Observer'.
16:52:58: C17.CP-DsP.00228 has used '/Observer'.
16:52:58: C17.CP-DsP.00228 has used '/Observer'.
16:52:58: C17.CP-DsP.00228 has used '/Observer'.
16:52:59: C17.CP-DsP.00228 has used '/Observer'.
16:52:59: C17.CP-DsP.00228 has used '/Observer'.
16:52:59: C17.CP-DsP.00228 has used '/Observer'.
16:52:59: C17.CP-DsP.00228 has used '/Observer'.
16:52:59: C17.CP-DsP.00228 has used '/Observer'.
16:52:59: C17.CP-DsP.00228 has used '/Observer'.
16:53:0: C17.CP-DsP.00228 has used '/Observer'.
16:53:0: C17.CP-DsP.00228 has used '/Observer'.
16:53:0: C17.CP-DsP.00228 has used '/Observer'.
16:53:0: C17.CP-DsP.00228 has used '/Observer'.
16:53:0: C17.CP-DsP.00228 has used '/Observer'.
16:53:0: C17.CP-DsP.00228 has used '/Observer'.
16:53:1: C17.CP-DsP.00228 has used '/Observer'.
16:53:1: C17.CP-DsP.00228 has used '/Observer'.
16:53:1: C17.CP-DsP.00228 has used '/Observer'.
16:53:1: C17.CP-DsP.00228 has used '/Observer'.
16:53:1: C17.CP-DsP.00228 has used '/Observer'.
16:53:2: C17.CP-DsP.00228 has used '/Observer'.
16:53:2: C17.CP-DsP.00228 has used '/Observer'.
16:53:3: C17.CP-DsP.00228 has used '/Observer'.
16:53:3: C17.CP-DsP.00228 has used '/Observer'.
16:53:4: C17.CP-DsP.00228 has used '/Observer'.
16:53:5: C17.CP-DsP.00228 has used '/Observer'.
16:53:5: C17.CP-DsP.00228 has used '/Observer'.
16:53:6: C17.CP-DsP.00228 has used '/Observer'.
16:53:6: C17.CP-DsP.00228 has used '/Observer'.
16:53:6: C17.CP-DsP.00228 has used '/Observer'.
16:53:6: C17.CP-DsP.00228 has used '/Observer'.
16:53:7: C17.CP-DsP.00228 has used '/Observer'.
16:53:7: C17.CP-DsP.00228 has used '/Observer'.
16:53:9: C17.CP-DsP.00228 has used '/Observer'.
16:53:10: C17.CP-DsP.00228 has used '/Observer'.
16:53:10: C17.CP-DsP.00228 has used '/Observer'.
16:53:10: C17.CP-DsP.00228 has used '/Observer'.
16:53:14: C17.CP-DsP.00228 has used '/Observer'.
16:53:14: C17.CP-DsP.00228 has used '/Observer'.
16:53:15: C17.CP-DsP.00228 has used '/Observer'.
16:53:16: C17.CP-DsP.00228 has used '/Observer'.
16:53:20: C17.CP-DsP.00228 has used '/Observer'.
16:53:20: C17.CP-DsP.00228 has used '/Observer'.
16:53:21: C17.CP-DsP.00228 has used '/Observer'.
16:53:23: C17.CP-DsP.00228 has used '/Observer'.
16:53:23: C17.CP-DsP.00228 has used '/Observer'.
16:53:24: C17.CP-DsP.00228 has used '/Observer'.
16:53:24: C17.CP-DsP.00228 has used '/Observer'.
16:53:25: C17.CP-DsP.00228 has used '/Observer'.
16:53:25: C17.CP-DsP.00228 has used '/Observer'.
16:53:26: C17.CP-DsP.00228 has used '/Observer'.
16:53:26: C17.CP-DsP.00228 has used '/Observer'.
16:53:27: C17.CP-DsP.00228 has used '/Observer'.
16:53:27: C17.CP-DsP.00228 has used '/Observer'.
16:53:28: C17.CP-DsP.00228 has used '/Observer'.
16:53:28: C17.CP-DsP.00228 has used '/Observer'.
16:53:29: C17.CP-DsP.00228 has used '/Observer'.
16:53:30: C17.CP-DsP.00228 has used '/Observer'.
16:53:30: C17.CP-DsP.00228 has used '/Observer'.
16:53:56: C17.CP-DsP.00228 has used '/Observer'.
16:53:57: C17.CP-DsP.00228 has used '/Observer'.
16:53:58: C17.CP-DsP.00228 has used '/Observer'.
16:53:59: C17.CP-DsP.00228 has used '/Observer'.
16:53:59: C17.CP-DsP.00228 has used '/Observer'.
16:54:0: C17.CP-DsP.00228 has used '/Observer'.
16:54:0: C17.CP-DsP.00228 has used '/Observer'.
16:54:1: C17.CP-DsP.00228 has used '/Observer'.
16:54:3: C17.CP-DsP.00228 has used '/Observer'.
16:54:4: C17.CP-DsP.00228 has used '/Observer'.
16:54:5: C17.CP-DsP.00228 has used '/Observer'.
16:54:5: C17.CP-DsP.00228 has used '/Observer'.
16:54:6: C17.CP-DsP.00228 has used '/Observer'.
16:54:7: C17.CP-DsP.00228 has used '/Observer'.
16:54:7: C17.CP-DsP.00228 has used '/Observer'.
16:54:7: C17.CP-DsP.00228 has used '/Observer'.
16:54:8: C17.CP-DsP.00228 has used '/Observer'.
16:54:9: C17.CP-DsP.00228 has used '/Observer'.
16:54:10: C17.CP-DsP.00228 has used '/Observer'.
16:54:13: C17.CP-DsP.00228 has used '/Observer'.
16:54:19: C17.CP-DsP.00228 has used '/Observer'.
16:54:20: C17.CP-DsP.00228 has used '/Observer'.
16:54:20: C17.CP-DsP.00228 has used '/Observer'.
16:54:32: C17.CP-DsP.00228 has used '/Observer'.
16:54:33: C17.CP-DsP.00228 has used '/Observer'.
16:54:36: C17.CP-DsP.00228 has used '/Observer'.
16:54:36: C17.CP-DsP.00228 has used '/Observer'.
16:54:37: C17.CP-DsP.00228 has used '/Observer'.
16:54:48: C17.CP-DsP.00228 has used '/Observer'.
16:54:49: C17.CP-DsP.00228 has used '/Observer'.
16:54:50: C17.CP-DsP.00228 has used '/Observer'.
16:54:51: C17.CP-DsP.00228 has used '/Observer'.
16:54:53: C17.CP-DsP.00228 has used '/Observer'.
16:54:54: C17.CP-DsP.00228 has used '/Observer'.
16:54:54: C17.CP-DsP.00228 has used '/Observer'.
16:54:55: C17.CP-DsP.00228 has used '/Observer'.
16:54:58: C17.CP-DsP.00228 has used '/Observer'.
16:54:59: C17.CP-DsP.00228 has used '/Observer'.
16:54:59: C17.CP-DsP.00228 has used '/Observer'.
16:55:3: C17.CP-DsP.00228 has gained a Backpack 1446893656.
16:55:5: C17.CP-DsP.00228 has used '/Observer'.
16:55:5: C17.CP-DsP.00228 has used '/Observer'.
16:55:8: C17.CP-DsP.00228 has used '/Observer'.
16:55:9: C17.CP-DsP.00228 has used '/Observer'.
16:55:12: C17.CP-DsP.00228 has used '/Observer'.
16:55:13: C17.CP-DsP.00228 has used '/Observer'.
16:55:15: C17.CP-DsP.00228 has used '/Observer'.
16:55:15: C17.CP-DsP.00228 has used '/Observer'.
16:55:17: C17.CP-DsP.00228 has used '/Observer'.
16:55:17: C17.CP-DsP.00228 has used '/Observer'.
16:55:18: C17.CP-DsP.00228 has used '/Observer'.
16:55:19: C17.CP-DsP.00228 has used '/Observer'.
16:55:20: C17.CP-DsP.00228 has used '/Observer'.
16:55:32: C17.CP-DsP.00228 has used '/Observer'.
16:55:33: C17.CP-DsP.00228 has used '/Observer'.
16:55:33: C17.CP-DsP.00228 has used '/Observer'.
16:55:34: C17.CP-DsP.00228 has used '/Observer'.
16:55:37: C17.CP-DsP.00228 has used '/Observer'.
16:55:38: C17.CP-DsP.00228 has used '/Observer'.
16:55:41: C17.CP-DsP.00228 has used '/Observer'.
16:55:42: C17.CP-DsP.00228 has used '/Observer'.
16:55:42: C17.CP-DsP.00228 has used '/Observer'.
16:55:43: C17.CP-DsP.00228 has used '/Observer'.
16:55:43: C17.CP-DsP.00228 has used '/Observer'.
16:55:44: C17.CP-DsP.00228 has used '/Observer'.
16:55:44: C17.CP-DsP.00228 has used '/Observer'.
16:55:45: C17.CP-DsP.00228 has used '/Observer'.
16:55:45: C17.CP-DsP.00228 has used '/Observer'.
16:55:46: C17.CP-DsP.00228 has used '/Observer'.
16:55:46: C17.CP-DsP.00228 has used '/Observer'.
16:55:49: C17.CP-DsP.00228 has used '/Observer'.
16:55:49: C17.CP-DsP.00228 has used '/Observer'.
16:55:50: C17.CP-DsP.00228 has used '/Observer'.
16:55:51: C17.CP-DsP.00228 has used '/Observer'.
16:55:51: C17.CP-DsP.00228 has used '/Observer'.
16:56:21: C17.CP-DsP.00228 has used '/Observer'.
16:56:22: C17.CP-DsP.00228 has used '/Observer'.
16:56:24: C17.CP-DsP.00228 has used '/Observer'.
16:56:25: C17.CP-DsP.00228 has used '/Observer'.
16:56:37: C17.CP-DsP.00228 has used '/Observer'.
16:56:39: C17.CP-DsP.00228 has used '/Observer'.
16:56:39: C17.CP-DsP.00228 has used '/Observer'.
16:56:41: C17.CP-DsP.00228 has used '/Observer'.
16:57:8: C17.CP-DsP.00228 has used '/Observer'.
16:57:8: C17.CP-DsP.00228 has used '/Observer'.
16:57:9: C17.CP-DsP.00228 has used '/Observer'.
16:57:11: C17.CP-DsP.00228 has used '/Observer'.
16:57:11: C17.CP-DsP.00228 has used '/Observer'.
16:57:11: C17.CP-DsP.00228 has used '/Observer'.
16:57:12: C17.CP-DsP.00228 has used '/Observer'.
16:57:12: C17.CP-DsP.00228 has used '/Observer'.
16:57:12: C17.CP-DsP.00228 has used '/Observer'.
16:57:14: C17.CP-DsP.00228 has used '/Observer'.
16:57:14: C17.CP-DsP.00228 has used '/Observer'.
16:57:15: C17.CP-DsP.00228 has used '/Observer'.
16:57:15: C17.CP-DsP.00228 has used '/Observer'.
16:57:17: C17.CP-DsP.00228 has used '/Observer'.
16:57:17: C17.CP-DsP.00228 has used '/Observer'.
16:57:18: C17.CP-DsP.00228 has used '/Observer'.
16:57:19: C17.CP-DsP.00228 has used '/Observer'.
16:57:20: C17.CP-DsP.00228 has used '/Observer'.
16:57:26: C17.CP-DsP.00228 has used '/Observer'.
16:57:27: C17.CP-DsP.00228 has used '/Observer'.
16:57:28: C17.CP-DsP.00228 has used '/Observer'.
16:57:29: C17.CP-DsP.00228 has used '/Observer'.
16:57:37: C17.CP-DsP.00228 has used '/Observer'.
16:57:37: C17.CP-DsP.00228 has used '/Observer'.
16:57:38: C17.CP-DsP.00228 has used '/Observer'.
16:57:39: C17.CP-DsP.00228 has used '/Observer'.
16:57:41: C17.CP-DsP.00228 has used '/Observer'.
16:57:42: C17.CP-DsP.00228 has used '/Observer'.
16:57:43: C17.CP-DsP.00228 has used '/Observer'.
16:57:45: C17.CP-DsP.00228 has used '/Observer'.
16:57:45: C17.CP-DsP.00228 has used '/Observer'.
16:57:46: C17.CP-DsP.00228 has used '/Observer'.
16:57:54: C17.CP-DsP.00228 has used '/Observer'.
16:57:54: C17.CP-DsP.00228 has used '/Observer'.
16:57:55: C17.CP-DsP.00228 has used '/Observer'.
16:57:56: C17.CP-DsP.00228 has used '/Observer'.
16:57:56: C17.CP-DsP.00228 has used '/Observer'.
16:57:58: C17.CP-DsP.00228 has used '/Observer'.
16:57:59: C17.CP-DsP.00228 has used '/Observer'.
16:57:59: C17.CP-DsP.00228 has used '/Observer'.
16:58:0: C17.CP-DsP.00228 has used '/Observer'.
16:58:0: C17.CP-DsP.00228 has used '/Observer'.
16:58:0: C17.CP-DsP.00228 has used '/Observer'.
16:58:1: C17.CP-DsP.00228 has used '/Observer'.
16:58:2: C17.CP-DsP.00228 has used '/Observer'.
16:58:8: C17.CP-DsP.00228 has used '/Observer'.
16:58:8: C17.CP-DsP.00228 has used '/Observer'.
16:58:9: C17.CP-DsP.00228 has used '/Observer'.
16:58:9: C17.CP-DsP.00228 has used '/Observer'.
16:58:10: C17.CP-DsP.00228 has used '/Observer'.
16:58:10: C17.CP-DsP.00228 has used '/Observer'.
16:58:13: C17.CP-DsP.00228 has used '/Observer'.
16:58:13: C17.CP-DsP.00228 has used '/Observer'.
16:58:15: C17.CP-DsP.00228 has used '/Observer'.
16:58:16: C17.CP-DsP.00228 has used '/Observer'.
16:58:18: C17.CP-DsP.00228 has used '/Observer'.
16:58:18: C17.CP-DsP.00228 has used '/Observer'.
16:58:19: C17.CP-DsP.00228 has used '/Observer'.
16:58:20: C17.CP-DsP.00228 has used '/Observer'.
16:58:21: C17.CP-DsP.00228 has used '/Observer'.
16:58:21: C17.CP-DsP.00228 has used '/Observer'.
16:58:22: C17.CP-DsP.00228 has used '/Observer'.
16:58:22: C17.CP-DsP.00228 has used '/Observer'.
16:58:23: C17.CP-DsP.00228 has used '/Observer'.
16:58:25: C17.CP-DsP.00228 has used '/Observer'.
16:58:25: C17.CP-DsP.00228 has used '/Observer'.
16:58:25: C17.CP-DsP.00228 has used '/Observer'.
16:58:27: C17.CP-DsP.00228 has used '/Observer'.
16:58:28: C17.CP-DsP.00228 has used '/Observer'.
16:58:28: C17.CP-DsP.00228 has used '/Observer'.
16:58:29: C17.CP-DsP.00228 has used '/Observer'.
16:58:29: C17.CP-DsP.00228 has used '/Observer'.
16:58:30: C17.CP-DsP.00228 has used '/Observer'.
16:58:30: C17.CP-DsP.00228 has used '/Observer'.
16:58:31: C17.CP-DsP.00228 has used '/Observer'.
16:58:32: C17.CP-DsP.00228 has used '/Observer'.
16:58:34: C17.CP-DsP.00228 has used '/Observer'.
16:58:35: C17.CP-DsP.00228 has used '/Observer'.
16:58:36: C17.CP-DsP.00228 has used '/Observer'.
16:58:36: C17.CP-DsP.00228 has used '/Observer'.
16:58:36: C17.CP-DsP.00228 has used '/Observer'.
16:58:39: C17.CP-DsP.00228 has used '/Observer'.
16:58:39: C17.CP-DsP.00228 has used '/Observer'.
16:58:41: C17.CP-DsP.00228 has used '/Observer'.
16:58:41: C17.CP-DsP.00228 has used '/Observer'.
16:58:43: C17.CP-DsP.00228 has used '/Observer'.
16:58:44: C17.CP-DsP.00228 has used '/Observer'.
16:58:45: C17.CP-DsP.00228 has used '/Observer'.
16:58:46: C17.CP-DsP.00228 has used '/Observer'.
16:58:49: C17.CP-DsP.00228 has used '/Observer'.
16:58:50: C17.CP-DsP.00228 has used '/Observer'.
16:58:52: C17.CP-DsP.00228 has used '/Observer'.
16:58:52: C17.CP-DsP.00228 has used '/Observer'.
16:58:53: C17.CP-DsP.00228 has used '/Observer'.
16:58:58: C17.CP-DsP.00228 has used '/Observer'.
16:59:14: C17.CP-DsP.00228 has used '/Observer'.
16:59:15: C17.CP-DsP.00228 has used '/Observer'.
16:59:16: C17.CP-DsP.00228 has used '/Observer'.
16:59:16: C17.CP-DsP.00228 has used '/Observer'.
16:59:18: C17.CP-DsP.00228 has used '/Observer'.
16:59:39: C17.CP-DsP.00228 has used '/Observer'.
16:59:54: C17.CP-DsP.00228 has used '/Observer'.
16:59:55: C17.CP-DsP.00228 has used '/Observer'.
16:59:57: C17.CP-DsP.00228 has used '/Observer'.
16:59:57: C17.CP-DsP.00228 has used '/Observer'.
16:59:58: C17.CP-DsP.00228 has used '/Observer'.
16:59:58: C17.CP-DsP.00228 has used '/Observer'.
17:0:0: C17.CP-DsP.00228 has used '/Observer'.
17:0:0: C17.CP-DsP.00228 has used '/Observer'.
17:0:3: C17.CP-DsP.00228 has used '/Observer'.
17:0:3: C17.CP-DsP.00228 has used '/Observer'.
17:0:8: C17.CP-DsP.00228 has used '/Observer'.
17:0:15: C17.CP-DsP.00228 has used '/Observer'.
17:0:15: C17.CP-DsP.00228 has used '/Observer'.
17:0:20: C17.CP-DsP.00228 has used '/Observer'.
17:0:21: C17.CP-DsP.00228 has used '/Observer'.
17:0:21: C17.CP-DsP.00228 has used '/Observer'.
17:0:22: C17.CP-DsP.00228 has used '/Observer'.
17:0:22: C17.CP-DsP.00228 has used '/Observer'.
17:0:23: C17.CP-DsP.00228 has used '/Observer'.
17:0:54: C17.CP-DsP.00228 has used '/Observer'.
17:0:56: C17.CP-DsP.00228 has used '/Observer'.
17:0:58: C17.CP-DsP.00228 has used '/Observer'.
17:1:1: C17.CP-DsP.00228 has used '/Observer'.
17:1:1: C17.CP-DsP.00228 has used '/Observer'.
17:1:16: C17.CP-DsP.00228 has used '/Observer'.
17:1:24: C17.CP-DsP.00228 has used '/Observer'.
17:1:33: C17.CP-DsP.00228 has used '/Observer'.
17:1:34: C17.CP-DsP.00228 has used '/Observer'.
17:1:53: C17.CP-DsP.00228 has used '/Observer'.
17:1:55: C17.CP-DsP.00228 has used '/Observer'.
17:1:56: C17.CP-DsP.00228 has used '/Observer'.
17:1:56: C17.CP-DsP.00228 has used '/Observer'.
17:1:57: C17.CP-DsP.00228 has used '/Observer'.
17:1:57: C17.CP-DsP.00228 has used '/Observer'.
17:1:58: C17.CP-DsP.00228 has used '/Observer'.
17:1:59: C17.CP-DsP.00228 has used '/Observer'.
17:2:0: C17.CP-DsP.00228 has used '/Observer'.
17:2:9: C17.CP-DsP.00228 has used '/Observer'.
17:2:9: C17.CP-DsP.00228 has used '/Observer'.
17:2:10: C17.CP-DsP.00228 has used '/Observer'.
17:2:11: C17.CP-DsP.00228 has used '/Observer'.
17:2:12: C17.CP-DsP.00228 has used '/Observer'.
17:2:13: C17.CP-DsP.00228 has taken damage from worldspawn.
17:2:14: C17.CP-DsP.00228 has used '/Observer'.
17:2:16: C17.CP-DsP.00228 has used '/Observer'.
17:2:16: C17.CP-DsP.00228 has used '/Observer'.
17:2:17: C17.CP-DsP.00228 has used '/Observer'.
17:2:17: C17.CP-DsP.00228 has used '/Observer'.
17:2:18: C17.CP-DsP.00228 has used '/Observer'.
17:2:18: C17.CP-DsP.00228 has used '/Observer'.
17:2:19: C17.CP-DsP.00228 has used '/Observer'.
17:2:19: C17.CP-DsP.00228 has used '/Observer'.
17:2:19: C17.CP-DsP.00228 has used '/Observer'.
17:2:20: C17.CP-DsP.00228 has used '/Observer'.
17:2:22: C17.CP-DsP.00228 has used '/Observer'.
17:2:23: C17.CP-DsP.00228 has used '/Observer'.
17:2:24: C17.CP-DsP.00228 has used '/Observer'.
17:2:24: C17.CP-DsP.00228 has used '/Observer'.
17:2:25: C17.CP-DsP.00228 has used '/Observer'.
17:2:25: C17.CP-DsP.00228 has used '/Observer'.
17:2:26: C17.CP-DsP.00228 has used '/Observer'.
17:2:26: C17.CP-DsP.00228 has used '/Observer'.
17:2:26: C17.CP-DsP.00228 has used '/Observer'.
17:2:26: C17.CP-DsP.00228 has used '/Observer'.
17:2:27: C17.CP-DsP.00228 has used '/Observer'.
17:2:27: C17.CP-DsP.00228 has used '/Observer'.
17:2:28: C17.CP-DsP.00228 has used '/Observer'.
17:2:28: C17.CP-DsP.00228 has used '/Observer'.
17:2:29: C17.CP-DsP.00228 has used '/Observer'.
17:2:29: C17.CP-DsP.00228 has used '/Observer'.
17:2:30: C17.CP-DsP.00228 has used '/Observer'.
17:2:30: C17.CP-DsP.00228 has used '/Observer'.
17:2:31: C17.CP-DsP.00228 has used '/Observer'.
17:2:31: C17.CP-DsP.00228 has used '/Observer'.
17:2:31: C17.CP-DsP.00228 has used '/Observer'.
17:2:32: C17.CP-DsP.00228 has used '/Observer'.
17:2:35: C17.CP-DsP.00228 has used '/Observer'.
17:2:36: C17.CP-DsP.00228 has used '/Observer'.
17:2:37: C17.CP-DsP.00228 has used '/Observer'.
17:2:38: C17.CP-DsP.00228 has used '/Observer'.
17:2:39: C17.CP-DsP.00228 has used '/Observer'.
17:2:41: C17.CP-DsP.00228 has used '/Observer'.
17:2:42: C17.CP-DsP.00228 has used '/Observer'.
17:2:43: C17.CP-DsP.00228 has used '/Observer'.
17:2:58: C17.CP-DsP.00228 has used '/Observer'.
17:2:59: C17.CP-DsP.00228 has used '/Observer'.
17:3:2: C17.CP-DsP.00228 has used '/Observer'.
17:3:8: C17.CP-DsP.00228 has used '/Observer'.
17:3:9: C17.CP-DsP.00228 has used '/Observer'.
17:3:9: C17.CP-DsP.00228 has used '/Observer'.
17:3:10: C17.CP-DsP.00228 has used '/Observer'.
17:3:11: C17.CP-DsP.00228 has used '/Observer'.
17:3:11: C17.CP-DsP.00228 has used '/Observer'.
17:3:11: C17.CP-DsP.00228 has used '/Observer'.
17:3:12: C17.CP-DsP.00228 has used '/Observer'.
17:3:13: C17.CP-DsP.00228 has used '/Observer'.
17:3:13: C17.CP-DsP.00228 has used '/Observer'.
17:3:14: C17.CP-DsP.00228 has used '/Observer'.
17:3:15: C17.CP-DsP.00228 has used '/Observer'.
17:3:16: C17.CP-DsP.00228 has used '/Observer'.
17:3:21: C17.CP-DsP.00228 has used '/Observer'.
17:3:21: C17.CP-DsP.00228 has used '/Observer'.
17:3:23: C17.CP-DsP.00228 has used '/Observer'.
17:3:26: C17.CP-DsP.00228 has used '/Observer'.
17:3:26: C17.CP-DsP.00228 has used '/Observer'.
17:3:26: C17.CP-DsP.00228 has used '/Observer'.
17:3:27: C17.CP-DsP.00228 has used '/Observer'.
17:3:28: C17.CP-DsP.00228 has used '/Observer'.
17:3:28: C17.CP-DsP.00228 has used '/Observer'.
17:3:30: C17.CP-DsP.00228 has used '/Observer'.
17:3:30: C17.CP-DsP.00228 has used '/Observer'.
17:3:31: C17.CP-DsP.00228 has used '/Observer'.
17:3:35: C17.CP-DsP.00228 has used '/Observer'.
17:3:36: C17.CP-DsP.00228 has used '/Observer'.
17:3:36: C17.CP-DsP.00228 has used '/Observer'.
17:3:36: C17.CP-DsP.00228 has used '/Observer'.
17:3:36: C17.CP-DsP.00228 has used '/Observer'.
17:3:38: C17.CP-DsP.00228 has used '/Observer'.
17:3:38: C17.CP-DsP.00228 has used '/Observer'.
17:3:39: C17.CP-DsP.00228 has used '/Observer'.
17:3:40: C17.CP-DsP.00228 has used '/Observer'.
17:3:41: C17.CP-DsP.00228 has used '/Observer'.
17:3:41: C17.CP-DsP.00228 has used '/Observer'.
17:3:41: C17.CP-DsP.00228 has used '/Observer'.
17:3:42: C17.CP-DsP.00228 has used '/Observer'.
17:3:42: C17.CP-DsP.00228 has used '/Observer'.
17:3:44: C17.CP-DsP.00228 has used '/Observer'.
17:3:45: C17.CP-DsP.00228 has used '/Observer'.
17:3:45: C17.CP-DsP.00228 has used '/Observer'.
17:3:46: C17.CP-DsP.00228 has used '/Observer'.
17:3:46: C17.CP-DsP.00228 has used '/Observer'.
17:3:47: C17.CP-DsP.00228 has used '/Observer'.
17:3:47: C17.CP-DsP.00228 has used '/Observer'.
17:3:49: C17.CP-DsP.00228 has used '/Observer'.
17:3:50: C17.CP-DsP.00228 has used '/Observer'.
17:3:51: C17.CP-DsP.00228 has used '/Observer'.
17:3:52: C17.CP-DsP.00228 has used '/Observer'.
17:3:57: C17.CP-DsP.00228 has used '/Observer'.
17:3:58: C17.CP-DsP.00228 has used '/Observer'.
17:3:59: C17.CP-DsP.00228 has used '/Observer'.
17:4:2: C17.CP-DsP.00228 has used '/Observer'.
17:4:4: C17.CP-DsP.00228 has used '/Observer'.
17:4:5: C17.CP-DsP.00228 has used '/Observer'.
17:4:6: C17.CP-DsP.00228 has used '/Observer'.
17:4:6: C17.CP-DsP.00228 has used '/Observer'.
17:6:15: C17.CP-DsP.00228 has lost a 9mm Pistol Bullets 1446898897.
17:6:15: C17.CP-DsP.00228 has lost a 9mm Pistol Bullets 1446898896.
17:6:15: C17.CP-DsP.00228 has lost a Backpack 1446893656.
17:6:15: trigger_hurt has killed C17.CP-DsP.00228.
17:6:24: C17.CP-DsP.00228 has gained a 9mm Pistol Bullets 1447164385.
17:6:24: C17.CP-DsP.00228 has gained a 9mm Pistol Bullets 1447164386.
17:14:34: C17.CP-DsP.00228 has used '/Observer'.
