14:51:55: [EoAsm] SchwarzKruppzo (STEAM_0:1:44629398) has connected.
14:54:58: [EoAsm] SchwarzKruppzo has loaded the character 'C17.CP-DsP.00228'.
14:56:19: C17.CP-DsP.00228 has used '/Observer'.
14:58:2: C17.CP-DsP.00228 has gained a Combine Lock 1447588683.
14:58:2: C17.CP-DsP.00228 has used '/CharGiveItem dsp combine_lock'.
14:58:10: C17.CP-DsP.00228 has used '/Observer'.
14:58:14: C17.CP-DsP.00228 has lost a Combine Lock 1447588683.
14:58:14: C17.CP-DsP.00228 has used '/InvAction use combine_lock 1447588683.00'.
14:59:23: C17.CP-DsP.00228 has gained a Combine Lock 1447588765.
14:59:23: C17.CP-DsP.00228 has used '/CharGiveItem dsp combine_lock'.
14:59:30: C17.CP-DsP.00228 has lost a Combine Lock 1447588765.
14:59:30: C17.CP-DsP.00228 has used '/InvAction use combine_lock 1447588765.00'.
14:59:41: C17.CP-DsP.00228 (STEAM_0:1:44629398) has disconnected.
15:2:21: [EoAsm] SchwarzKruppzo (STEAM_0:1:44629398) has connected.
15:3:11: [EoAsm] SchwarzKruppzo has loaded the character 'C17.CP-DsP.00228'.
15:3:34: C17.CP-DsP.00228 has gained a Combine Lock 1447589015.
15:3:34: C17.CP-DsP.00228 has used '/CharGiveItem dsp combine_lock'.
15:4:8: C17.CP-DsP.00228 has lost a Combine Lock 1447589015.
15:4:8: C17.CP-DsP.00228 has used '/InvAction use combine_lock 1447589015.00'.
15:4:12: C17.CP-DsP.00228 (STEAM_0:1:44629398) has disconnected.
15:7:16: [EoAsm] SchwarzKruppzo (STEAM_0:1:44629398) has connected.
15:8:8: [EoAsm] SchwarzKruppzo has loaded the character 'C17.CP-DsP.00228'.
15:9:9: C17.CP-DsP.00228 has gained a Combine Lock 1447589350.
15:9:9: C17.CP-DsP.00228 has used '/CharGiveItem dsp combine_lock'.
15:9:13: C17.CP-DsP.00228 has lost a Combine Lock 1447589350.
15:9:13: C17.CP-DsP.00228 has used '/InvAction use combine_lock 1447589350.00'.
15:16:36: [EoAsm] SchwarzKruppzo (STEAM_0:1:44629398) has connected.
15:17:37: [EoAsm] SchwarzKruppzo has loaded the character 'C17.CP-DsP.00228'.
15:17:51: C17.CP-DsP.00228 has gained a Combine Lock 1447589872.
15:17:51: C17.CP-DsP.00228 has used '/CharGiveItem dsp combine_lock'.
15:18:0: C17.CP-DsP.00228 has lost a Combine Lock 1447589872.
15:18:0: C17.CP-DsP.00228 has used '/InvAction use combine_lock 1447589872.00'.
15:18:5: C17.CP-DsP.00228 (STEAM_0:1:44629398) has disconnected.
15:24:13: [EoAsm] SchwarzKruppzo (STEAM_0:1:44629398) has connected.
15:25:30: [EoAsm] SchwarzKruppzo has loaded the character 'C17.CP-DsP.00228'.
15:32:48: C17.CP-DsP.00228 has used '/Observer'.
15:33:29: C17.CP-DsP.00228 has used '/Observer'.
15:33:30: C17.CP-DsP.00228 has used '/Observer'.
15:33:30: C17.CP-DsP.00228 has used '/Observer'.
15:33:31: C17.CP-DsP.00228 has used '/Observer'.
15:34:13: C17.CP-DsP.00228 (STEAM_0:1:44629398) has disconnected.
17:7:36: [EoAsm] SchwarzKruppzo (STEAM_0:1:44629398) has connected.
17:8:56: [EoAsm] SchwarzKruppzo has loaded the character 'C17.CP-DsP.00228'.
17:9:18: C17.CP-DsP.00228 has used '/CharGiveItem 228 combine_lock_access_1'.
17:9:22: C17.CP-DsP.00228 has used '/CharGiveItem 228 combine_lock_1'.
17:10:1: C17.CP-DsP.00228 has gained a Combine Lock 1447596602.
17:10:1: C17.CP-DsP.00228 has used '/CharGiveItem 228 combine_lock'.
17:10:20: C17.CP-DsP.00228 has used '/CharGiveItem 228 combine_lock_key'.
17:10:30: C17.CP-DsP.00228 has used '/CharGiveItem 228 combine_lock_access'.
17:10:33: C17.CP-DsP.00228 has gained a Combine Lock Access Card 1447596635.
17:10:33: C17.CP-DsP.00228 has used '/CharGiveItem 228 combine_lock_access_card'.
17:10:41: C17.CP-DsP.00228 has lost a Combine Lock 1447596602.
17:10:41: C17.CP-DsP.00228 has used '/InvAction use combine_lock 1447596602.00'.
17:11:26: C17.CP-DsP.00228 has gained a Combine Lock 1447596689.
17:11:26: C17.CP-DsP.00228 has used '/CharGiveItem 228 combine_lock'.
17:11:29: C17.CP-DsP.00228 has lost a Combine Lock 1447596689.
17:11:29: C17.CP-DsP.00228 has used '/InvAction use combine_lock 1447596689.00'.
17:11:37: C17.CP-DsP.00228 has gained a Combine Lock 1447596701.
17:11:37: C17.CP-DsP.00228 has used '/CharGiveItem 228 combine_lock'.
17:11:40: C17.CP-DsP.00228 has lost a Combine Lock 1447596701.
17:11:40: C17.CP-DsP.00228 has used '/InvAction use combine_lock 1447596701.00'.
17:12:7: C17.CP-DsP.00228 has used '/Observer'.
17:12:7: C17.CP-DsP.00228 has used '/Observer'.
17:12:8: C17.CP-DsP.00228 has used '/Observer'.
17:12:8: C17.CP-DsP.00228 has used '/Observer'.
17:12:9: C17.CP-DsP.00228 has used '/Observer'.
17:12:9: C17.CP-DsP.00228 has used '/Observer'.
17:12:13: C17.CP-DsP.00228 has gained a Combine Lock 1447596738.
17:12:13: C17.CP-DsP.00228 has used '/CharGiveItem 228 combine_lock'.
17:12:18: C17.CP-DsP.00228 has lost a Combine Lock 1447596738.
17:12:19: C17.CP-DsP.00228 has used '/InvAction use combine_lock 1447596738.00'.
17:12:20: C17.CP-DsP.00228 has used '/Observer'.
17:12:21: C17.CP-DsP.00228 has used '/Observer'.
17:12:31: C17.CP-DsP.00228 has used '/Observer'.
17:12:33: C17.CP-DsP.00228 has used '/Observer'.
17:12:46: C17.CP-DsP.00228 (STEAM_0:1:44629398) has disconnected.
17:21:21: [EoAsm] SchwarzKruppzo (STEAM_0:1:44629398) has connected.
17:22:31: [EoAsm] SchwarzKruppzo has loaded the character 'C17.CP-DsP.00228'.
17:22:44: C17.CP-DsP.00228 has gained a Combine Lock 1447597365.
17:22:44: C17.CP-DsP.00228 has used '/CharGiveItem 228 combine_lock_1'.
17:25:9: C17.CP-DsP.00228 has used '/Observer'.
17:25:12: C17.CP-DsP.00228 has used '/Observer'.
17:27:13: C17.CP-DsP.00228 has used '/Observer'.
17:27:16: C17.CP-DsP.00228 has used '/Observer'.
17:27:17: C17.CP-DsP.00228 has used '/Observer'.
17:27:22: C17.CP-DsP.00228 has used '/Observer'.
17:27:34: C17.CP-DsP.00228 has used '/Observer'.
17:27:35: C17.CP-DsP.00228 has used '/Observer'.
17:27:35: C17.CP-DsP.00228 has used '/Observer'.
17:27:36: C17.CP-DsP.00228 has used '/Observer'.
17:27:36: C17.CP-DsP.00228 has used '/Observer'.
17:27:36: C17.CP-DsP.00228 has used '/Observer'.
17:27:37: C17.CP-DsP.00228 has used '/Observer'.
17:27:37: C17.CP-DsP.00228 has used '/Observer'.
17:28:6: C17.CP-DsP.00228 has used '/Observer'.
17:28:13: C17.CP-DsP.00228 has used '/Observer'.
17:28:15: C17.CP-DsP.00228 has used '/Observer'.
17:28:15: C17.CP-DsP.00228 has used '/Observer'.
17:40:20: [EoAsm] SchwarzKruppzo (STEAM_0:1:44629398) has connected.
17:41:18: [EoAsm] SchwarzKruppzo has loaded the character 'C17.CP-DsP.00228'.
17:42:15: C17.CP-DsP.00228 has gained a Combine Lock 1447598536.
17:42:15: C17.CP-DsP.00228 has used '/CharGiveItem 228 combine_lock_1'.
17:42:21: C17.CP-DsP.00228 has lost a Combine Lock 1447598536.
17:42:21: C17.CP-DsP.00228 has used '/InvAction use combine_lock_1 1447598536.00'.
17:47:33: C17.CP-DsP.00228 has used '/Observer'.
17:47:34: C17.CP-DsP.00228 has used '/Observer'.
17:47:34: C17.CP-DsP.00228 has used '/Observer'.
17:47:34: C17.CP-DsP.00228 has used '/Observer'.
17:47:34: C17.CP-DsP.00228 has used '/Observer'.
17:47:38: C17.CP-DsP.00228 has used '/Observer'.
21:2:37: [EoAsm] SchwarzKruppzo (STEAM_0:1:44629398) has connected.
21:4:15: [EoAsm] SchwarzKruppzo has loaded the character 'C17.CP-DsP.00228'.
