0:0:18: [EoAsm] SchwarzKruppzo (STEAM_0:1:44629398) has connected.
0:1:51: [EoAsm] SchwarzKruppzo has loaded the character 'C17.CP-DsP.00228'.
0:2:36: C17.CP-DsP.00228 has used '/AnimThreat'.
0:6:39: [EoAsm] SchwarzKruppzo (STEAM_0:1:44629398) has connected.
0:7:56: [EoAsm] SchwarzKruppzo has loaded the character 'C17.CP-DsP.00228'.
0:8:7: C17.CP-DsP.00228 has used '/AnimThreat'.
0:11:56: [EoAsm] SchwarzKruppzo (STEAM_0:1:44629398) has connected.
0:14:56: [EoAsm] SchwarzKruppzo has loaded the character 'C17.CP-DsP.00228'.
0:15:10: C17.CP-DsP.00228 has used '/AnimThreat'.
0:17:5: C17.CP-DsP.00228 has spawned 'models/props_borealis/bluebarrel001.mdl'.
0:17:5: C17.CP-DsP.00228 has spawned 'models/props_borealis/bluebarrel001.mdl'.
0:22:55: C17.CP-DsP.00228 has used '/Observer'.
0:22:57: C17.CP-DsP.00228 has used '/Observer'.
0:23:2: C17.CP-DsP.00228 has used '/Observer'.
0:23:25: C17.CP-DsP.00228 has used '/Observer'.
18:5:24: [EoAsm] SchwarzKruppzo (STEAM_0:1:44629398) has connected.
18:7:12: [EoAsm] SchwarzKruppzo has loaded the character 'C17.CP-DsP.00228'.
18:16:48: C17.CP-DsP.00228 (STEAM_0:1:44629398) has disconnected.
18:21:1: [EoAsm] SchwarzKruppzo (STEAM_0:1:44629398) has connected.
18:22:41: [EoAsm] SchwarzKruppzo has loaded the character 'C17.CP-DsP.00228'.
18:24:29: C17.CP-DsP.00228 has gained a 9mm Pistol 1447789790.
18:24:34: C17.CP-DsP.00228 has lost a 9mm Pistol 1447789790.
18:24:34: C17.CP-DsP.00228 has used '/InvAction use weapon_pistol 1447789790.00'.
18:29:1: C17.CP-DsP.00228 has used '/Observer'.
18:29:12: C17.CP-DsP.00228 has used '/Observer'.
18:29:12: C17.CP-DsP.00228 has lost a 9mm Pistol 1447789790.
18:29:12: C17.CP-DsP.00228 has lost a 9mm Pistol Bullets 1447789846.
18:29:12: C17.CP-DsP.00228 has lost a 9mm Pistol Bullets 1447789847.
18:29:12: C17.CP-DsP.00228 has lost a Breach 1447791387.
18:29:12: C17.CP-DsP.00228 has lost a Combine Lock 1447789952.
18:29:12: worldspawn has killed C17.CP-DsP.00228.
18:29:22: C17.CP-DsP.00228 has gained a 9mm Pistol Bullets 1447860563.
18:29:22: C17.CP-DsP.00228 has gained a 9mm Pistol Bullets 1447860564.
18:32:3: C17.CP-DsP.00228 has used '/Observer'.
18:32:4: C17.CP-DsP.00228 has used '/Observer'.
18:32:4: C17.CP-DsP.00228 has lost a 9mm Pistol Bullets 1447860563.
18:32:4: C17.CP-DsP.00228 has lost a 9mm Pistol Bullets 1447860564.
18:32:4: worldspawn has killed C17.CP-DsP.00228.
18:32:14: C17.CP-DsP.00228 has gained a 9mm Pistol Bullets 1447860737.
18:32:14: C17.CP-DsP.00228 has gained a 9mm Pistol Bullets 1447860738.
18:33:11: C17.CP-DsP.00228 has used '/Observer'.
18:33:12: C17.CP-DsP.00228 has used '/Observer'.
18:33:12: C17.CP-DsP.00228 has lost a 9mm Pistol Bullets 1447860737.
18:33:12: C17.CP-DsP.00228 has lost a 9mm Pistol Bullets 1447860738.
18:33:12: worldspawn has killed C17.CP-DsP.00228.
18:33:22: C17.CP-DsP.00228 has gained a 9mm Pistol Bullets 1447860807.
18:33:22: C17.CP-DsP.00228 has gained a 9mm Pistol Bullets 1447860808.
18:33:46: C17.CP-DsP.00228 has used '/Observer'.
18:33:47: C17.CP-DsP.00228 has used '/Observer'.
18:33:47: C17.CP-DsP.00228 has used '/Observer'.
18:33:49: C17.CP-DsP.00228 has used '/Observer'.
18:33:49: C17.CP-DsP.00228 has used '/Observer'.
18:33:50: C17.CP-DsP.00228 has used '/Observer'.
18:33:50: C17.CP-DsP.00228 has lost a 9mm Pistol Bullets 1447860807.
18:33:50: C17.CP-DsP.00228 has lost a 9mm Pistol Bullets 1447860808.
18:33:50: worldspawn has killed C17.CP-DsP.00228.
18:34:0: C17.CP-DsP.00228 has gained a 9mm Pistol Bullets 1447860847.
18:34:0: C17.CP-DsP.00228 has gained a 9mm Pistol Bullets 1447860848.
18:35:23: C17.CP-DsP.00228 has used '/Observer'.
18:35:24: C17.CP-DsP.00228 has used '/Observer'.
18:35:24: C17.CP-DsP.00228 has lost a 9mm Pistol Bullets 1447860847.
18:35:24: C17.CP-DsP.00228 has lost a 9mm Pistol Bullets 1447860848.
18:35:24: worldspawn has killed C17.CP-DsP.00228.
18:35:33: C17.CP-DsP.00228 has gained a 9mm Pistol Bullets 1447860942.
18:35:33: C17.CP-DsP.00228 has gained a 9mm Pistol Bullets 1447860943.
18:36:30: C17.CP-DsP.00228 has used '/Observer'.
18:36:31: C17.CP-DsP.00228 has used '/Observer'.
18:36:32: C17.CP-DsP.00228 has used '/Observer'.
18:36:33: C17.CP-DsP.00228 has used '/Observer'.
18:36:33: C17.CP-DsP.00228 has used '/Observer'.
18:36:33: C17.CP-DsP.00228 has used '/Observer'.
18:36:34: C17.CP-DsP.00228 has used '/Observer'.
18:36:35: C17.CP-DsP.00228 has used '/Observer'.
18:36:35: C17.CP-DsP.00228 has used '/Observer'.
18:36:36: C17.CP-DsP.00228 has used '/Observer'.
18:36:37: C17.CP-DsP.00228 has used '/Observer'.
18:36:38: C17.CP-DsP.00228 has used '/Observer'.
18:36:38: C17.CP-DsP.00228 has used '/Observer'.
18:36:39: C17.CP-DsP.00228 has used '/Observer'.
18:36:39: C17.CP-DsP.00228 has lost a 9mm Pistol Bullets 1447860942.
18:36:39: C17.CP-DsP.00228 has lost a 9mm Pistol Bullets 1447860943.
18:36:39: worldspawn has killed C17.CP-DsP.00228.
18:36:49: C17.CP-DsP.00228 has gained a 9mm Pistol Bullets 1447861020.
18:36:49: C17.CP-DsP.00228 has gained a 9mm Pistol Bullets 1447861021.
18:38:21: C17.CP-DsP.00228 has used '/Observer'.
18:38:22: C17.CP-DsP.00228 has used '/Observer'.
18:38:22: C17.CP-DsP.00228 has lost a 9mm Pistol Bullets 1447861020.
18:38:22: C17.CP-DsP.00228 has lost a 9mm Pistol Bullets 1447861021.
18:38:22: worldspawn has killed C17.CP-DsP.00228.
18:38:32: C17.CP-DsP.00228 has gained a 9mm Pistol Bullets 1447861125.
18:38:32: C17.CP-DsP.00228 has gained a 9mm Pistol Bullets 1447861126.
18:39:4: C17.CP-DsP.00228 has used '/Observer'.
18:39:9: C17.CP-DsP.00228 has used '/Observer'.
18:39:10: C17.CP-DsP.00228 has lost a 9mm Pistol Bullets 1447861125.
18:39:10: C17.CP-DsP.00228 has lost a 9mm Pistol Bullets 1447861126.
18:39:10: worldspawn has killed C17.CP-DsP.00228.
18:39:19: C17.CP-DsP.00228 has gained a 9mm Pistol Bullets 1447861174.
18:39:19: C17.CP-DsP.00228 has gained a 9mm Pistol Bullets 1447861175.
18:41:34: C17.CP-DsP.00228 has used '/Observer'.
18:41:38: C17.CP-DsP.00228 has used '/Observer'.
18:41:38: C17.CP-DsP.00228 has used '/Observer'.
18:41:39: C17.CP-DsP.00228 has used '/Observer'.
18:41:39: C17.CP-DsP.00228 has lost a 9mm Pistol Bullets 1447861174.
18:41:39: C17.CP-DsP.00228 has lost a 9mm Pistol Bullets 1447861175.
18:41:39: worldspawn has killed C17.CP-DsP.00228.
18:41:49: C17.CP-DsP.00228 has gained a 9mm Pistol Bullets 1447861326.
18:41:49: C17.CP-DsP.00228 has gained a 9mm Pistol Bullets 1447861327.
18:44:6: C17.CP-DsP.00228 has used '/Observer'.
18:44:8: C17.CP-DsP.00228 has used '/Observer'.
18:44:8: C17.CP-DsP.00228 has lost a 9mm Pistol Bullets 1447861327.
18:44:8: C17.CP-DsP.00228 has lost a 9mm Pistol Bullets 1447861326.
18:44:8: worldspawn has killed C17.CP-DsP.00228.
18:44:18: C17.CP-DsP.00228 has gained a 9mm Pistol Bullets 1447861477.
18:44:18: C17.CP-DsP.00228 has gained a 9mm Pistol Bullets 1447861478.
18:45:2: C17.CP-DsP.00228 has used '/Observer'.
18:45:3: C17.CP-DsP.00228 has used '/Observer'.
18:45:3: C17.CP-DsP.00228 has used '/Observer'.
18:45:4: C17.CP-DsP.00228 has used '/Observer'.
18:45:4: C17.CP-DsP.00228 has lost a 9mm Pistol Bullets 1447861478.
18:45:4: C17.CP-DsP.00228 has lost a 9mm Pistol Bullets 1447861477.
18:45:4: worldspawn has killed C17.CP-DsP.00228.
18:45:14: C17.CP-DsP.00228 has gained a 9mm Pistol Bullets 1447861535.
18:45:14: C17.CP-DsP.00228 has gained a 9mm Pistol Bullets 1447861536.
18:46:8: C17.CP-DsP.00228 has used '/StorageClose'.
18:53:6: C17.CP-DsP.00228 has used '/Observer'.
18:53:6: C17.CP-DsP.00228 has used '/Observer'.
18:53:7: C17.CP-DsP.00228 has lost a 9mm Pistol Bullets 1447861536.
18:53:7: C17.CP-DsP.00228 has lost a 9mm Pistol Bullets 1447861535.
18:53:7: worldspawn has killed C17.CP-DsP.00228.
18:53:16: C17.CP-DsP.00228 has gained a 9mm Pistol Bullets 1447862019.
18:53:16: C17.CP-DsP.00228 has gained a 9mm Pistol Bullets 1447862020.
18:55:30: C17.CP-DsP.00228 has used '/Observer'.
18:55:31: C17.CP-DsP.00228 has used '/Observer'.
18:56:36: C17.CP-DsP.00228 has used '/Observer'.
18:56:40: C17.CP-DsP.00228 has used '/Observer'.
18:56:40: C17.CP-DsP.00228 has lost a 9mm Pistol Bullets 1447862020.
18:56:40: C17.CP-DsP.00228 has lost a 9mm Pistol Bullets 1447862019.
18:56:40: worldspawn has killed C17.CP-DsP.00228.
18:56:50: C17.CP-DsP.00228 has gained a 9mm Pistol Bullets 1447862235.
18:56:50: C17.CP-DsP.00228 has gained a 9mm Pistol Bullets 1447862236.
18:58:24: C17.CP-DsP.00228 has used '/Observer'.
18:58:26: C17.CP-DsP.00228 has used '/Observer'.
18:58:26: C17.CP-DsP.00228 has used '/Observer'.
18:58:27: C17.CP-DsP.00228 has used '/Observer'.
18:58:27: C17.CP-DsP.00228 has lost a 9mm Pistol Bullets 1447862236.
18:58:27: C17.CP-DsP.00228 has lost a 9mm Pistol Bullets 1447862235.
18:58:27: worldspawn has killed C17.CP-DsP.00228.
18:58:37: C17.CP-DsP.00228 has gained a 9mm Pistol Bullets 1447862344.
18:58:37: C17.CP-DsP.00228 has gained a 9mm Pistol Bullets 1447862345.
18:59:58: C17.CP-DsP.00228 has used '/Observer'.
19:0:1: C17.CP-DsP.00228 has used '/Observer'.
19:0:2: C17.CP-DsP.00228 has used '/Observer'.
19:0:3: C17.CP-DsP.00228 has used '/Observer'.
19:0:3: C17.CP-DsP.00228 has lost a 9mm Pistol Bullets 1447862345.
19:0:3: C17.CP-DsP.00228 has lost a 9mm Pistol Bullets 1447862344.
19:0:3: worldspawn has killed C17.CP-DsP.00228.
19:0:12: C17.CP-DsP.00228 has gained a 9mm Pistol Bullets 1447862441.
19:0:12: C17.CP-DsP.00228 has gained a 9mm Pistol Bullets 1447862442.
19:1:29: C17.CP-DsP.00228 has used '/Observer'.
19:1:31: C17.CP-DsP.00228 has used '/Observer'.
19:1:31: C17.CP-DsP.00228 has lost a 9mm Pistol Bullets 1447862442.
19:1:31: C17.CP-DsP.00228 has lost a 9mm Pistol Bullets 1447862441.
19:1:31: worldspawn has killed C17.CP-DsP.00228.
19:1:41: C17.CP-DsP.00228 has gained a 9mm Pistol Bullets 1447862532.
19:1:41: C17.CP-DsP.00228 has gained a 9mm Pistol Bullets 1447862533.
19:2:33: C17.CP-DsP.00228 has used '/Observer'.
19:2:34: C17.CP-DsP.00228 has used '/Observer'.
19:2:35: C17.CP-DsP.00228 has used '/Observer'.
19:2:35: C17.CP-DsP.00228 has used '/Observer'.
19:2:36: C17.CP-DsP.00228 has used '/Observer'.
19:2:36: C17.CP-DsP.00228 has used '/Observer'.
19:2:36: C17.CP-DsP.00228 has lost a 9mm Pistol Bullets 1447862533.
19:2:36: C17.CP-DsP.00228 has lost a 9mm Pistol Bullets 1447862532.
19:2:36: worldspawn has killed C17.CP-DsP.00228.
19:2:46: C17.CP-DsP.00228 has gained a 9mm Pistol Bullets 1447862599.
19:2:46: C17.CP-DsP.00228 has gained a 9mm Pistol Bullets 1447862600.
19:3:39: C17.CP-DsP.00228 has used '/Observer'.
19:3:41: C17.CP-DsP.00228 has used '/Observer'.
19:3:41: C17.CP-DsP.00228 has lost a 9mm Pistol Bullets 1447862600.
19:3:41: C17.CP-DsP.00228 has lost a 9mm Pistol Bullets 1447862599.
19:3:41: worldspawn has killed C17.CP-DsP.00228.
19:3:51: C17.CP-DsP.00228 has gained a 9mm Pistol Bullets 1447862666.
19:3:51: C17.CP-DsP.00228 has gained a 9mm Pistol Bullets 1447862667.
19:6:13: C17.CP-DsP.00228 has used '/Observer'.
19:6:14: C17.CP-DsP.00228 has used '/Observer'.
19:6:14: C17.CP-DsP.00228 has lost a 9mm Pistol Bullets 1447862667.
19:6:14: C17.CP-DsP.00228 has lost a 9mm Pistol Bullets 1447862666.
19:6:14: worldspawn has killed C17.CP-DsP.00228.
19:6:24: C17.CP-DsP.00228 has gained a 9mm Pistol Bullets 1447862821.
19:6:24: C17.CP-DsP.00228 has gained a 9mm Pistol Bullets 1447862822.
19:9:8: C17.CP-DsP.00228 has used '/Observer'.
19:9:10: C17.CP-DsP.00228 has used '/Observer'.
19:9:10: C17.CP-DsP.00228 has used '/Observer'.
19:9:11: C17.CP-DsP.00228 has used '/Observer'.
19:9:11: C17.CP-DsP.00228 has lost a 9mm Pistol Bullets 1447862822.
19:9:11: C17.CP-DsP.00228 has lost a 9mm Pistol Bullets 1447862821.
19:9:11: worldspawn has killed C17.CP-DsP.00228.
19:9:21: C17.CP-DsP.00228 has gained a 9mm Pistol Bullets 1447863000.
19:9:21: C17.CP-DsP.00228 has gained a 9mm Pistol Bullets 1447863001.
19:10:49: C17.CP-DsP.00228 has used '/Observer'.
19:10:50: C17.CP-DsP.00228 has used '/Observer'.
19:11:32: C17.CP-DsP.00228 has used '/Observer'.
19:11:33: C17.CP-DsP.00228 has used '/Observer'.
19:11:33: C17.CP-DsP.00228 has lost a 9mm Pistol Bullets 1447863001.
19:11:33: C17.CP-DsP.00228 has lost a 9mm Pistol Bullets 1447863000.
19:11:33: worldspawn has killed C17.CP-DsP.00228.
19:11:43: C17.CP-DsP.00228 has gained a 9mm Pistol Bullets 1447863144.
19:11:43: C17.CP-DsP.00228 has gained a 9mm Pistol Bullets 1447863145.
19:13:13: C17.CP-DsP.00228 has used '/Observer'.
19:13:13: C17.CP-DsP.00228 has used '/Observer'.
19:13:14: C17.CP-DsP.00228 has used '/Observer'.
19:13:14: C17.CP-DsP.00228 has used '/Observer'.
19:13:15: C17.CP-DsP.00228 has used '/Observer'.
19:13:16: C17.CP-DsP.00228 has used '/Observer'.
19:13:16: C17.CP-DsP.00228 has lost a 9mm Pistol Bullets 1447863145.
19:13:16: C17.CP-DsP.00228 has lost a 9mm Pistol Bullets 1447863144.
19:13:16: worldspawn has killed C17.CP-DsP.00228.
19:13:25: C17.CP-DsP.00228 has gained a 9mm Pistol Bullets 1447863248.
19:13:25: C17.CP-DsP.00228 has gained a 9mm Pistol Bullets 1447863249.
19:14:24: C17.CP-DsP.00228 has used '/Observer'.
19:14:26: C17.CP-DsP.00228 has used '/Observer'.
19:14:27: C17.CP-DsP.00228 has used '/Observer'.
19:14:28: C17.CP-DsP.00228 has used '/Observer'.
19:14:28: C17.CP-DsP.00228 has lost a 9mm Pistol Bullets 1447863249.
19:14:28: C17.CP-DsP.00228 has lost a 9mm Pistol Bullets 1447863248.
19:14:28: worldspawn has killed C17.CP-DsP.00228.
19:14:38: C17.CP-DsP.00228 has gained a 9mm Pistol Bullets 1447863323.
19:14:38: C17.CP-DsP.00228 has gained a 9mm Pistol Bullets 1447863324.
19:15:16: C17.CP-DsP.00228 has used '/Observer'.
19:15:19: C17.CP-DsP.00228 has used '/Observer'.
19:15:20: C17.CP-DsP.00228 has lost a 9mm Pistol Bullets 1447863324.
19:15:20: C17.CP-DsP.00228 has lost a 9mm Pistol Bullets 1447863323.
19:15:20: worldspawn has killed C17.CP-DsP.00228.
19:15:30: C17.CP-DsP.00228 has gained a 9mm Pistol Bullets 1447863377.
19:15:30: C17.CP-DsP.00228 has gained a 9mm Pistol Bullets 1447863378.
19:16:18: C17.CP-DsP.00228 has used '/Observer'.
19:16:21: C17.CP-DsP.00228 has used '/Observer'.
19:16:21: C17.CP-DsP.00228 has lost a 9mm Pistol Bullets 1447863378.
19:16:21: C17.CP-DsP.00228 has lost a 9mm Pistol Bullets 1447863377.
19:16:21: worldspawn has killed C17.CP-DsP.00228.
19:16:31: C17.CP-DsP.00228 has gained a 9mm Pistol Bullets 1447863440.
19:16:31: C17.CP-DsP.00228 has gained a 9mm Pistol Bullets 1447863441.
19:19:14: C17.CP-DsP.00228 has used '/Observer'.
19:19:15: C17.CP-DsP.00228 has used '/Observer'.
19:19:16: C17.CP-DsP.00228 has used '/Observer'.
19:19:16: C17.CP-DsP.00228 has used '/Observer'.
19:19:17: C17.CP-DsP.00228 has used '/Observer'.
19:19:18: C17.CP-DsP.00228 has used '/Observer'.
19:19:18: C17.CP-DsP.00228 has used '/Observer'.
19:19:19: C17.CP-DsP.00228 has used '/Observer'.
19:19:19: C17.CP-DsP.00228 has lost a 9mm Pistol Bullets 1447863441.
19:19:19: C17.CP-DsP.00228 has lost a 9mm Pistol Bullets 1447863440.
19:19:19: worldspawn has killed C17.CP-DsP.00228.
19:19:29: C17.CP-DsP.00228 has gained a 9mm Pistol Bullets 1447863620.
19:19:29: C17.CP-DsP.00228 has gained a 9mm Pistol Bullets 1447863621.
19:50:4: C17.CP-DsP.00228 has used '/Observer'.
19:50:7: C17.CP-DsP.00228 has used '/Observer'.
19:50:8: C17.CP-DsP.00228 has lost a 9mm Pistol Bullets 1447863621.
19:50:8: C17.CP-DsP.00228 has lost a 9mm Pistol Bullets 1447863620.
19:50:8: worldspawn has killed C17.CP-DsP.00228.
19:50:17: C17.CP-DsP.00228 has gained a 9mm Pistol Bullets 1447865470.
19:50:18: C17.CP-DsP.00228 has gained a 9mm Pistol Bullets 1447865472.
19:50:20: C17.CP-DsP.00228 has used '/Observer'.
19:50:46: C17.CP-DsP.00228 has used '/Observer'.
19:53:15: C17.CP-DsP.00228 has used '/Observer'.
19:53:21: C17.CP-DsP.00228 has used '/Observer'.
20:18:8: C17.CP-DsP.00228 has used '/Observer'.
20:18:16: C17.CP-DsP.00228 has used '/Observer'.
20:19:21: C17.CP-DsP.00228 (STEAM_0:1:44629398) has disconnected.
