14:23:10: [EoAsm] SchwarzKruppzo (STEAM_0:1:44629398) has connected.
14:25:0: [EoAsm] SchwarzKruppzo has loaded the character 'C17.CP-DsP.00228'.
14:29:50: [EoAsm] SchwarzKruppzo (STEAM_0:1:44629398) has connected.
14:30:44: [EoAsm] SchwarzKruppzo has loaded the character 'C17.CP-DsP.00228'.
14:31:54: [EoAsm] Taishō Septic (STEAM_0:0:34008601) has connected.
14:33:44: [OOC] C17.CP-DsP.00228: вфывфыв
14:34:11: [EoAsm] Taishō Septic has loaded the character 'CP.RCT.17-24222'.
14:34:11: CP.RCT.17-24222 has gained a 9mm Pistol Bullets 1447932852.
14:34:11: CP.RCT.17-24222 has gained a 9mm Pistol Bullets 1447932853.
14:34:15: [OOC] C17.CP-DsP.00228: так септик сможешь всё сбросить на карте?
14:41:15: C17.CP-DsP.00228 has used '/Observer'.
14:41:18: C17.CP-DsP.00228 has used '/Observer'.
14:41:18: C17.CP-DsP.00228 has lost a 9mm Pistol Bullets 1447865472.
14:41:18: C17.CP-DsP.00228 has lost a 9mm Pistol Bullets 1447865470.
14:41:18: worldspawn has killed C17.CP-DsP.00228.
14:41:28: C17.CP-DsP.00228 has gained a 9mm Pistol Bullets 1447933291.
14:41:28: C17.CP-DsP.00228 has gained a 9mm Pistol Bullets 1447933292.
14:43:30: CP.RCT.17-24222 (STEAM_0:0:34008601) has disconnected.
14:49:0: C17.CP-DsP.00228 has used '/Observer'.
14:49:6: C17.CP-DsP.00228 has used '/Observer'.
14:49:6: C17.CP-DsP.00228 has lost a 9mm Pistol Bullets 1447933292.
14:49:6: C17.CP-DsP.00228 has lost a 9mm Pistol Bullets 1447933291.
14:49:6: worldspawn has killed C17.CP-DsP.00228.
14:49:16: C17.CP-DsP.00228 has gained a 9mm Pistol Bullets 1447933761.
14:49:16: C17.CP-DsP.00228 has gained a 9mm Pistol Bullets 1447933762.
14:53:12: C17.CP-DsP.00228 has used '/Observer'.
14:53:19: C17.CP-DsP.00228 has used '/Observer'.
14:53:22: C17.CP-DsP.00228 has used '/Observer'.
14:53:25: C17.CP-DsP.00228 has used '/Observer'.
14:53:30: C17.CP-DsP.00228 has used '/Observer'.
14:55:10: C17.CP-DsP.00228 has used '/Observer'.
14:55:12: C17.CP-DsP.00228 has used '/Observer'.
14:55:14: C17.CP-DsP.00228 has used '/Observer'.
14:55:14: C17.CP-DsP.00228 has used '/Observer'.
14:55:14: C17.CP-DsP.00228 has used '/Observer'.
14:55:17: C17.CP-DsP.00228 has used '/Observer'.
14:55:26: C17.CP-DsP.00228 has used '/Observer'.
14:55:33: C17.CP-DsP.00228 has used '/Observer'.
14:55:35: C17.CP-DsP.00228 has used '/Observer'.
15:3:3: [EoAsm] SchwarzKruppzo (STEAM_0:1:44629398) has connected.
15:4:16: [EoAsm] SchwarzKruppzo has loaded the character 'C17.CP-DsP.00228'.
15:4:54: C17.CP-DsP.00228 has gained a Combine Lock 1447934695.
15:4:54: C17.CP-DsP.00228 has used '/CharGiveItem dsp combine_lock_1'.
15:4:58: C17.CP-DsP.00228 has lost a Combine Lock 1447934695.
15:4:58: C17.CP-DsP.00228 has used '/InvAction use combine_lock_1 1447934695.00'.
15:7:17: C17.CP-DsP.00228 has gained a Combine Lock 1447934839.
15:7:17: C17.CP-DsP.00228 has used '/CharGiveItem dsp combine_lock_1'.
15:7:19: C17.CP-DsP.00228 has lost a Combine Lock 1447934839.
15:7:19: C17.CP-DsP.00228 has used '/InvAction use combine_lock_1 1447934839.00'.
15:7:28: C17.CP-DsP.00228 has gained a Combine Lock 1447934851.
15:7:28: C17.CP-DsP.00228 has used '/CharGiveItem dsp combine_lock_1'.
15:7:30: C17.CP-DsP.00228 has lost a Combine Lock 1447934851.
15:7:30: C17.CP-DsP.00228 has used '/InvAction use combine_lock_1 1447934851.00'.
15:7:35: C17.CP-DsP.00228 has used '/Observer'.
15:7:36: C17.CP-DsP.00228 has used '/Observer'.
15:13:3: [EoAsm] SchwarzKruppzo (STEAM_0:1:44629398) has connected.
15:15:45: [EoAsm] SchwarzKruppzo has loaded the character 'C17.CP-DsP.00228'.
15:15:49: C17.CP-DsP.00228 has used '/Observer'.
15:15:59: C17.CP-DsP.00228 has used '/Observer'.
15:16:10: C17.CP-DsP.00228 has gained a Combine Lock 1447935371.
15:16:10: C17.CP-DsP.00228 has used '/CharGiveItem dsp combine_lock_1'.
15:16:11: C17.CP-DsP.00228 has gained a Combine Lock 1447935373.
15:16:11: C17.CP-DsP.00228 has used '/CharGiveItem dsp combine_lock_1'.
15:16:12: C17.CP-DsP.00228 has gained a Combine Lock 1447935375.
15:16:12: C17.CP-DsP.00228 has used '/CharGiveItem dsp combine_lock_1'.
15:16:16: C17.CP-DsP.00228 has lost a Combine Lock 1447935375.
15:16:16: C17.CP-DsP.00228 has used '/InvAction use combine_lock_1 1447935375.00'.
15:16:18: C17.CP-DsP.00228 has used '/Observer'.
15:16:21: C17.CP-DsP.00228 has used '/Observer'.
15:16:28: C17.CP-DsP.00228 has gained a Combine Lock 1447935392.
15:16:28: C17.CP-DsP.00228 has used '/CharGiveItem dsp combine_lock_1'.
15:16:28: C17.CP-DsP.00228 has gained a Combine Lock 1447935393.
15:16:28: C17.CP-DsP.00228 has used '/CharGiveItem dsp combine_lock_1'.
15:16:51: C17.CP-DsP.00228 has lost a Combine Lock 1447935393.
15:16:51: C17.CP-DsP.00228 has used '/InvAction use combine_lock_1 1447935393.00'.
15:16:55: C17.CP-DsP.00228 has used '/Observer'.
15:16:57: C17.CP-DsP.00228 has used '/Observer'.
15:17:4: C17.CP-DsP.00228 has used '/Observer'.
15:17:6: [EoAsm] Taishō Septic (STEAM_0:0:34008601) has connected.
15:17:7: C17.CP-DsP.00228 has used '/Observer'.
15:17:23: C17.CP-DsP.00228 has lost a Combine Lock 1447935392.
15:17:23: C17.CP-DsP.00228 has used '/InvAction use combine_lock_1 1447935392.00'.
15:17:25: C17.CP-DsP.00228 has used '/Observer'.
15:17:27: C17.CP-DsP.00228 has used '/Observer'.
15:17:53: [EoAsm] Taishō Septic has loaded the character 'CP.RCT.17-24222'.
15:18:9: CP.RCT.17-24222 has used '/Observer'.
15:18:10: CP.RCT.17-24222 has used '/Observer'.
15:18:11: CP.RCT.17-24222 has used '/Observer'.
15:18:12: CP.RCT.17-24222 has used '/Observer'.
15:19:51: [OOC] C17.CP-DsP.00228: это S2M сейчас шалит
15:19:57: [OOC] C17.CP-DsP.00228: ща погоди
15:22:42: C17.CP-DsP.00228 has taken damage from CP.RCT.17-24222 with sxbase_stunstick.
15:22:52: C17.CP-DsP.00228 has lost a Combine Lock 1447935373.
15:22:52: C17.CP-DsP.00228 has used '/InvAction use combine_lock_1 1447935373.00'.
15:23:25: CP.RCT.17-24222 has used '/Observer'.
15:23:26: CP.RCT.17-24222 has used '/Observer'.
15:23:37: CP.RCT.17-24222 has used '/Observer'.
15:23:37: CP.RCT.17-24222 has used '/Observer'.
15:25:18: CP.RCT.17-24222 has used '/CharFallOver 0'.
15:26:15: CP.RCT.17-24222 has used '/CharFallOver 0'.
15:26:22: CP.RCT.17-24222 has used '/CharFallOver 0'.
15:26:26: CP.RCT.17-24222 has used '/CharFallOver 0'.
15:27:57: C17.CP-DsP.00228 has taken damage from CP.RCT.17-24222 with sxbase_uspmatch.
15:28:4: CP.RCT.17-24222 has used '/CharFallOver 0'.
15:28:28: [OOC] C17.CP-DsP.00228: да
15:28:33: C17.CP-DsP.00228 has taken damage from CP.RCT.17-24222 with sxbase_uspmatch.
15:28:43: C17.CP-DsP.00228 has taken damage from CP.RCT.17-24222 with sxbase_uspmatch.
15:28:57: C17.CP-DsP.00228 has taken damage from CP.RCT.17-24222 with sxbase_uspmatch.
15:28:59: [OOC] C17.CP-DsP.00228: S2M еррорит и поэтому такое происходит
15:29:3: [OOC] C17.CP-DsP.00228: щас исправлю
15:29:58: [OOC] C17.CP-DsP.00228: кидание гранаты
15:33:47: [EoAsm] Taishō Septic (STEAM_0:0:34008601) has connected.
15:33:55: [EoAsm] SchwarzKruppzo (STEAM_0:1:44629398) has connected.
15:34:48: [EoAsm] Taishō Septic has loaded the character 'CP.RCT.17-24222'.
15:34:56: CP.RCT.17-24222 has used '/Observer'.
15:34:57: [EoAsm] SchwarzKruppzo has loaded the character 'C17.CP-DsP.00228'.
15:35:3: CP.RCT.17-24222 has used '/Observer'.
15:35:38: CP.RCT.17-24222 has lost a 9mm Pistol Bullets 1447932853.
15:35:38: CP.RCT.17-24222 has lost a 9mm Pistol Bullets 1447932852.
15:35:38: CP.RCT.17-24222 has lost a Серая шапка 1447791787.
15:35:38: CP.RCT.17-24222 has lost a Серая шапка 1447791790.
15:35:38: CP.RCT.17-24222 has lost a Серая шапка 1447791788.
15:35:38: CP.RCT.17-24222 has lost a Серая шапка 1447791786.
15:35:38: CP.RCT.17-24222 has lost a Серая шапка 1447791789.
15:35:38: CP.RCT.17-24222 has lost a Handheld Radio 1447791807.
15:35:38: CP.RCT.17-24222 has lost a Handheld Radio 1447791804.
15:35:38: CP.RCT.17-24222 has lost a Handheld Radio 1447791805.
15:35:38: CP.RCT.17-24222 has lost a Handheld Radio 1447791806.
15:35:38: C17.CP-DsP.00228 has killed CP.RCT.17-24222 with sxbase_uspmatch.
15:35:48: CP.RCT.17-24222 has gained a 9mm Pistol Bullets 1447936549.
15:35:48: CP.RCT.17-24222 has gained a 9mm Pistol Bullets 1447936550.
15:36:9: CP.RCT.17-24222 has taken damage from C17.CP-DsP.00228 with sxbase_stunstick.
15:36:13: C17.CP-DsP.00228 has taken damage from CP.RCT.17-24222 with sxbase_uspmatch.
15:36:17: C17.CP-DsP.00228 has taken damage from CP.RCT.17-24222 with sxbase_uspmatch.
15:36:18: C17.CP-DsP.00228 has taken damage from CP.RCT.17-24222 with sxbase_uspmatch.
15:36:19: C17.CP-DsP.00228 has taken damage from CP.RCT.17-24222 with sxbase_uspmatch.
15:36:20: C17.CP-DsP.00228 has lost a 9mm Pistol Bullets 1447933762.
15:36:20: C17.CP-DsP.00228 has lost a 9mm Pistol Bullets 1447933761.
15:36:20: C17.CP-DsP.00228 has lost a Combine Lock 1447935371.
15:36:20: CP.RCT.17-24222 has killed C17.CP-DsP.00228 with sxbase_uspmatch.
15:36:30: C17.CP-DsP.00228 has gained a 9mm Pistol Bullets 1447936593.
15:36:30: C17.CP-DsP.00228 has gained a 9mm Pistol Bullets 1447936594.
15:37:6: C17.CP-DsP.00228 has used '/Observer'.
15:37:7: C17.CP-DsP.00228 has used '/Observer'.
15:37:8: C17.CP-DsP.00228 has used '/Observer'.
15:37:10: C17.CP-DsP.00228 has used '/Observer'.
15:39:6: [OOC] C17.CP-DsP.00228: это НЕ НЕКСТЕГНОВСКИЕ
15:39:14: [OOC] C17.CP-DsP.00228: это натскриптовские
15:39:32: [OOC] C17.CP-DsP.00228: ща надо их найти и поставить
15:39:57: [OOC] C17.CP-DsP.00228: побегай со станстиком
15:40:5: [OOC] C17.CP-DsP.00228: НЕОБОЧНЫЙ
15:41:36: C17.CP-DsP.00228 has used '/AnimThreat'.
15:42:5: C17.CP-DsP.00228 has used '/Observer'.
15:42:8: C17.CP-DsP.00228 has used '/Observer'.
15:42:21: C17.CP-DsP.00228 has used '/AnimThreat'.
15:43:22: CP.RCT.17-24222 has used '/CharFallOver 0'.
15:43:26: C17.CP-DsP.00228 has used '/Observer'.
15:43:35: C17.CP-DsP.00228 has used '/Observer'.
15:43:39: C17.CP-DsP.00228 has used '/Observer'.
15:43:39: C17.CP-DsP.00228 has used '/Observer'.
15:43:39: CP.RCT.17-24222 has used '/CharFallOver 0'.
15:43:40: C17.CP-DsP.00228 has used '/Observer'.
15:43:42: C17.CP-DsP.00228 has used '/Observer'.
15:43:49: CP.RCT.17-24222 has used '/CharFallOver 0'.
15:43:49: [OOC] C17.CP-DsP.00228: типо чо?
15:44:1: CP.RCT.17-24222 has used '/CharFallOver 0'.
15:44:7: [OOC] C17.CP-DsP.00228: окей ща
15:44:58: CP.RCT.17-24222 has used '/CharFallOver 0'.
15:45:26: [OOC] C17.CP-DsP.00228: вообще судя по коду тут минимум 2 секунды все ровно
15:45:31: CP.RCT.17-24222 has used '/CharFallOver 0'.
15:45:37: [OOC] C17.CP-DsP.00228: ща 5 поставлю
15:46:18: [LOOC] C17.CP-DsP.00228: дык он типо сломан всее чо там искрить то
15:46:55: CP.RCT.17-24222 has used '/CharFallOver 0'.
15:47:3: CP.RCT.17-24222 has used '/CharFallOver 0'.
15:47:15: CP.RCT.17-24222 has used '/CharFallOver 0'.
15:47:25: CP.RCT.17-24222 has used '/CharFallOver 0'.
15:48:21: CP.RCT.17-24222 has used '/Observer'.
15:48:22: CP.RCT.17-24222 has used '/Observer'.
15:49:15: CP.RCT.17-24222 has used '/CharFallOver 0'.
15:53:52: CP.RCT.17-24222 has used '/CharFallOver 0'.
15:54:0: CP.RCT.17-24222 has used '/CharFallOver 0'.
15:54:3: CP.RCT.17-24222 has used '/Observer'.
15:54:5: CP.RCT.17-24222 has used '/Observer'.
15:54:38: CP.RCT.17-24222 has used '/CharFallOver 0'.
15:55:34: CP.RCT.17-24222 has used '/CharFallOver 0'.
15:55:37: CP.RCT.17-24222 has used '/Observer'.
15:55:38: CP.RCT.17-24222 has used '/Observer'.
15:55:39: CP.RCT.17-24222 has used '/Observer'.
15:55:40: CP.RCT.17-24222 has used '/Observer'.
15:55:41: CP.RCT.17-24222 has used '/Observer'.
15:55:43: CP.RCT.17-24222 has used '/Observer'.
16:4:14: [EoAsm] SchwarzKruppzo (STEAM_0:1:44629398) has connected.
16:4:24: [EoAsm] Taishō Septic (STEAM_0:0:34008601) has connected.
16:5:31: [EoAsm] SchwarzKruppzo has loaded the character 'C17.CP-DsP.00228'.
16:5:33: [EoAsm] Taishō Septic has loaded the character 'CP.RCT.17-24222'.
16:5:36: CP.RCT.17-24222 has used '/CharFallOver 0'.
16:5:38: [OOC] C17.CP-DsP.00228: это спуки щас будет
16:26:13: [EoAsm] SchwarzKruppzo (STEAM_0:1:44629398) has connected.
16:26:42: [EoAsm] Taishō Septic (STEAM_0:0:34008601) has connected.
16:27:18: [EoAsm] Taishō Septic has loaded the character 'CP.RCT.17-24222'.
16:27:22: CP.RCT.17-24222 has used '/Observer'.
16:27:33: CP.RCT.17-24222 has used '/Observer'.
16:27:39: CP.RCT.17-24222 has used '/Observer'.
16:27:39: CP.RCT.17-24222 has used '/Observer'.
16:27:40: CP.RCT.17-24222 has used '/Observer'.
16:27:40: CP.RCT.17-24222 has used '/Observer'.
16:27:40: [EoAsm] SchwarzKruppzo has loaded the character 'C17.CP-DsP.00228'.
16:27:42: CP.RCT.17-24222 has used '/Observer'.
16:27:42: CP.RCT.17-24222 has used '/Observer'.
16:27:44: CP.RCT.17-24222 has used '/Observer'.
16:27:44: CP.RCT.17-24222 has used '/Observer'.
16:27:46: CP.RCT.17-24222 has used '/Observer'.
16:27:46: CP.RCT.17-24222 has used '/Observer'.
16:27:47: CP.RCT.17-24222 has used '/Observer'.
16:27:47: CP.RCT.17-24222 has used '/Observer'.
16:28:5: CP.RCT.17-24222 has used '/CharFallOver 0'.
16:28:30: CP.RCT.17-24222 has used '/Observer'.
16:28:35: CP.RCT.17-24222 has used '/Observer'.
16:29:12: C17.CP-DsP.00228 has used '/Observer'.
16:29:12: CP.RCT.17-24222 has used '/Observer'.
16:29:15: CP.RCT.17-24222 has used '/Observer'.
16:29:24: C17.CP-DsP.00228 has used '/Observer'.
16:29:30: [OOC] C17.CP-DsP.00228: 1 2 3
16:30:19: C17.CP-DsP.00228 has taken damage from CP.RCT.17-24222 with sxbase_uspmatch.
16:30:56: CP.RCT.17-24222 has used '/CharFallOver 0'.
16:31:51: CP.RCT.17-24222 has used '/CharGiveFlags RCT n'.
16:31:57: CP.RCT.17-24222 has used '/Observer'.
16:31:58: CP.RCT.17-24222 has used '/Observer'.
16:37:10: C17.CP-DsP.00228 has used '/Observer'.
16:37:19: C17.CP-DsP.00228 has used '/Observer'.
16:37:29: C17.CP-DsP.00228 has used '/Observer'.
16:37:32: C17.CP-DsP.00228 has used '/Observer'.
16:37:47: C17.CP-DsP.00228 has used '/Observer'.
16:37:47: C17.CP-DsP.00228 has used '/Observer'.
16:37:49: C17.CP-DsP.00228 has used '/Observer'.
16:37:54: C17.CP-DsP.00228 has used '/Observer'.
16:39:4: CP.RCT.17-24222 has used '/Observer'.
16:39:5: CP.RCT.17-24222 has used '/Observer'.
16:40:34: C17.CP-DsP.00228 has used '/Observer'.
16:40:40: C17.CP-DsP.00228 has used '/Observer'.
16:40:41: C17.CP-DsP.00228 has used '/Observer'.
16:40:45: C17.CP-DsP.00228 has used '/Observer'.
16:45:12: C17.CP-DsP.00228 has used '/Observer'.
16:46:21: C17.CP-DsP.00228 has used '/Observer'.
16:46:22: C17.CP-DsP.00228 has used '/Observer'.
16:46:39: C17.CP-DsP.00228 has used '/Observer'.
16:46:40: C17.CP-DsP.00228 has used '/Observer'.
16:49:3: C17.CP-DsP.00228 has used '/Observer'.
16:49:7: C17.CP-DsP.00228 has used '/Observer'.
16:51:47: C17.CP-DsP.00228 has used '/Observer'.
16:51:51: C17.CP-DsP.00228 has used '/Observer'.
16:51:52: C17.CP-DsP.00228 has used '/Observer'.
16:51:54: C17.CP-DsP.00228 has used '/Observer'.
16:51:54: C17.CP-DsP.00228 has used '/Observer'.
16:51:54: C17.CP-DsP.00228 has used '/Observer'.
16:51:55: C17.CP-DsP.00228 has used '/Observer'.
16:52:7: C17.CP-DsP.00228 has used '/Observer'.
16:52:7: C17.CP-DsP.00228 has used '/Observer'.
16:52:8: C17.CP-DsP.00228 has used '/Observer'.
16:54:6: C17.CP-DsP.00228 has used '/Observer'.
16:54:7: C17.CP-DsP.00228 has used '/Observer'.
16:57:25: C17.CP-DsP.00228 has used '/Observer'.
16:57:26: C17.CP-DsP.00228 has used '/Observer'.
16:59:37: C17.CP-DsP.00228 has used '/Observer'.
16:59:40: C17.CP-DsP.00228 has used '/Observer'.
16:59:44: C17.CP-DsP.00228 (STEAM_0:1:44629398) has disconnected.
17:21:44: [EoAsm] Taishō Septic (STEAM_0:0:34008601) has connected.
17:24:20: [EoAsm] Taishō Septic has loaded the character 'CP.RCT.17-24222'.
17:24:22: CP.RCT.17-24222 has used '/Observer'.
17:48:15: CP.RCT.17-24222 has used '/Observer'.
17:52:32: [EoAsm] SchwarzKruppzo (STEAM_0:1:44629398) has connected.
17:53:53: [EoAsm] SchwarzKruppzo has loaded the character 'C17.CP-DsP.00228'.
18:22:21: [EoAsm] SchwarzKruppzo (STEAM_0:1:44629398) has connected.
18:24:11: [EoAsm] SchwarzKruppzo has loaded the character 'C17.CP-DsP.00228'.
18:24:19: C17.CP-DsP.00228 has used '/Observer'.
18:25:16: C17.CP-DsP.00228 has used '/Observer'.
18:29:33: [EoAsm] Taishō Septic (STEAM_0:0:34008601) has connected.
18:30:46: [EoAsm] Taishō Septic has loaded the character 'CP.RCT.17-24222'.
18:30:48: CP.RCT.17-24222 has used '/Observer'.
18:30:53: CP.RCT.17-24222 has used '/Observer'.
18:32:43: CP.RCT.17-24222 has used '/CharFallOver 0'.
18:44:38: [EoAsm] SchwarzKruppzo (STEAM_0:1:44629398) has connected.
18:45:22: [EoAsm] Taishō Septic (STEAM_0:0:34008601) has connected.
18:45:50: [EoAsm] SchwarzKruppzo has loaded the character 'C17.CP-DsP.00228'.
18:45:53: C17.CP-DsP.00228 has used '/Observer'.
18:45:59: C17.CP-DsP.00228 has used '/Observer'.
18:46:1: C17.CP-DsP.00228 has used '/Observer'.
18:46:8: C17.CP-DsP.00228 has used '/Observer'.
18:46:59: [EoAsm] Taishō Septic has loaded the character 'CP.RCT.17-24222'.
18:47:0: CP.RCT.17-24222 has used '/Observer'.
18:47:3: CP.RCT.17-24222 has used '/Observer'.
18:49:3: CP.RCT.17-24222 has used '/CharFallOver 0'.
18:50:14: C17.CP-DsP.00228 has used '/Observer'.
18:50:14: C17.CP-DsP.00228 has used '/Observer'.
18:50:45: CP.RCT.17-24222 has used '/CharFallOver 0'.
18:50:48: CP.RCT.17-24222 has used '/CharGetUp'.
18:50:51: CP.RCT.17-24222 has used '/Observer'.
18:50:54: CP.RCT.17-24222 has used '/Observer'.
18:51:3: CP.RCT.17-24222 has used '/Observer'.
18:51:5: CP.RCT.17-24222 has used '/Observer'.
18:51:5: CP.RCT.17-24222 has used '/Observer'.
18:51:5: CP.RCT.17-24222 has used '/Observer'.
18:51:7: CP.RCT.17-24222 has used '/Observer'.
18:51:8: CP.RCT.17-24222 has used '/Observer'.
18:51:10: CP.RCT.17-24222 has used '/Observer'.
18:51:10: CP.RCT.17-24222 has used '/Observer'.
18:51:12: CP.RCT.17-24222 has used '/Observer'.
18:51:12: CP.RCT.17-24222 has used '/Observer'.
18:51:16: CP.RCT.17-24222 has used '/Observer'.
18:51:17: CP.RCT.17-24222 has used '/Observer'.
18:51:17: CP.RCT.17-24222 has used '/Observer'.
18:51:18: CP.RCT.17-24222 has used '/Observer'.
18:51:19: CP.RCT.17-24222 has used '/Observer'.
18:51:20: CP.RCT.17-24222 has used '/Observer'.
18:55:56: [EoAsm] SchwarzKruppzo (STEAM_0:1:44629398) has connected.
18:56:6: [EoAsm] Taishō Septic (STEAM_0:0:34008601) has connected.
18:57:3: [EoAsm] Taishō Septic has loaded the character 'CP.RCT.17-24222'.
18:57:5: CP.RCT.17-24222 has used '/Observer'.
18:57:14: [EoAsm] SchwarzKruppzo has loaded the character 'C17.CP-DsP.00228'.
18:57:14: CP.RCT.17-24222 has used '/Observer'.
18:57:16: C17.CP-DsP.00228 has used '/Observer'.
18:57:23: C17.CP-DsP.00228 has used '/Observer'.
18:59:55: C17.CP-DsP.00228 has used '/CharSetFFA dsp 1'.
19:0:7: C17.CP-DsP.00228 has used '/CharSetFFA 222 1'.
19:9:40: [EoAsm] SchwarzKruppzo (STEAM_0:1:44629398) has connected.
19:10:32: [EoAsm] Taishō Septic (STEAM_0:0:34008601) has connected.
19:10:38: [EoAsm] SchwarzKruppzo has loaded the character 'C17.CP-DsP.00228'.
19:11:1: C17.CP-DsP.00228 has used '/CharSetFFA dsp 1'.
19:11:3: C17.CP-DsP.00228 has used '/Observer'.
19:11:12: C17.CP-DsP.00228 has used '/Observer'.
19:11:54: [EoAsm] Taishō Septic has loaded the character 'CP.RCT.17-24222'.
19:11:55: CP.RCT.17-24222 has used '/Observer'.
19:12:1: CP.RCT.17-24222 has used '/Observer'.
19:13:2: C17.CP-DsP.00228 has used '/CharSetFFA rct 1'.
19:13:42: CP.RCT.17-24222 has used '/CharFallOver 0'.
19:13:52: CP.RCT.17-24222 has used '/Observer'.
19:13:54: CP.RCT.17-24222 has used '/Observer'.
19:17:5: CP.RCT.17-24222 has used '/Observer'.
19:17:5: CP.RCT.17-24222 has used '/Observer'.
19:17:7: CP.RCT.17-24222 has used '/Observer'.
19:17:7: CP.RCT.17-24222 has used '/Observer'.
19:17:13: CP.RCT.17-24222 has used '/Observer'.
19:17:14: CP.RCT.17-24222 has used '/Observer'.
19:18:25: C17.CP-DsP.00228 has used '/CharSetFFA rct 2'.
19:18:59: CP.RCT.17-24222 has used '/CharFallOver 0'.
19:19:12: CP.RCT.17-24222 has used '/CharFallOver 0'.
19:20:59: CP.RCT.17-24222 has used '/CharFallOver 0'.
19:21:12: CP.RCT.17-24222 has used '/CharFallOver 0'.
19:22:23: CP.RCT.17-24222 has used '/CharFallOver 0'.
19:22:39: C17.CP-DsP.00228 has used '/Observer'.
19:22:40: C17.CP-DsP.00228 has used '/Observer'.
19:24:23: C17.CP-DsP.00228 has used '/CharFallOver 0'.
19:24:52: C17.CP-DsP.00228 has used '/CharFallOver 0'.
19:25:19: C17.CP-DsP.00228 has spawned 'models/props_borealis/bluebarrel001.mdl'.
19:25:19: C17.CP-DsP.00228 has spawned 'models/props_borealis/bluebarrel001.mdl'.
19:25:40: C17.CP-DsP.00228 has used '/Observer'.
19:25:41: C17.CP-DsP.00228 has used '/Observer'.
19:25:56: CP.RCT.17-24222 has used '/Observer'.
19:26:0: CP.RCT.17-24222 has used '/Observer'.
19:26:13: CP.RCT.17-24222 has used '/Observer'.
19:26:14: CP.RCT.17-24222 has used '/Observer'.
19:26:19: CP.RCT.17-24222 has used '/CharFallOver 0'.
19:26:25: CP.RCT.17-24222 has used '/Observer'.
19:26:26: CP.RCT.17-24222 has used '/Observer'.
19:26:27: CP.RCT.17-24222 has used '/Observer'.
19:26:27: CP.RCT.17-24222 has used '/Observer'.
19:26:27: CP.RCT.17-24222 has lost a 9mm Pistol Bullets 1447936549.
19:26:27: CP.RCT.17-24222 has lost a 9mm Pistol Bullets 1447936550.
19:26:27: worldspawn has killed CP.RCT.17-24222.
19:26:37: CP.RCT.17-24222 has gained a 9mm Pistol Bullets 1447950398.
19:26:37: CP.RCT.17-24222 has gained a 9mm Pistol Bullets 1447950399.
19:26:37: CP.RCT.17-24222 has used '/Observer'.
19:26:41: CP.RCT.17-24222 has used '/Observer'.
19:26:46: CP.RCT.17-24222 has used '/CharFallOver 0'.
19:26:50: C17.CP-DsP.00228 has used '/Observer'.
19:26:51: C17.CP-DsP.00228 has used '/Observer'.
19:26:52: CP.RCT.17-24222 has used '/Observer'.
19:26:55: CP.RCT.17-24222 has used '/Observer'.
19:27:0: CP.RCT.17-24222 has used '/CharFallOver 0'.
19:27:6: CP.RCT.17-24222 has used '/Observer'.
19:27:11: CP.RCT.17-24222 has used '/Observer'.
19:27:20: C17.CP-DsP.00228 has lost a 9mm Pistol Bullets 1447936593.
19:27:20: C17.CP-DsP.00228 has lost a 9mm Pistol Bullets 1447936594.
19:27:20: CP.RCT.17-24222 has killed C17.CP-DsP.00228 with weapon_rpg.
19:27:23: CP.RCT.17-24222 has used '/Observer'.
19:27:25: CP.RCT.17-24222 has used '/Observer'.
19:27:30: C17.CP-DsP.00228 has gained a 9mm Pistol Bullets 1447950453.
19:27:30: C17.CP-DsP.00228 has gained a 9mm Pistol Bullets 1447950454.
19:27:31: C17.CP-DsP.00228 has used '/Observer'.
19:27:37: C17.CP-DsP.00228 has used '/Observer'.
19:28:26: [OOC] C17.CP-DsP.00228: насчет вещей не знаю
19:29:2: C17.CP-DsP.00228 has used '/Observer'.
19:29:3: C17.CP-DsP.00228 has used '/Observer'.
19:29:3: C17.CP-DsP.00228 has used '/Observer'.
19:29:4: C17.CP-DsP.00228 has used '/Observer'.
19:29:26: CP.RCT.17-24222 has used '/CharFallOver 0'.
19:30:41: CP.RCT.17-24222 has used '/CharFallOver 0'.
19:30:47: CP.RCT.17-24222 has used '/Observer'.
19:30:48: CP.RCT.17-24222 has used '/Observer'.
19:31:26: CP.RCT.17-24222 has used '/CharFallOver 0'.
19:31:31: CP.RCT.17-24222 has used '/Observer'.
19:31:33: CP.RCT.17-24222 has used '/Observer'.
19:33:0: CP.RCT.17-24222 has taken damage from point_hurt.
19:33:0: CP.RCT.17-24222 has taken damage from point_hurt.
19:33:17: CP.RCT.17-24222 has used '/CharFallOver 0'.
19:33:40: CP.RCT.17-24222 has used '/Observer'.
19:33:41: CP.RCT.17-24222 has used '/Observer'.
19:33:51: CP.RCT.17-24222 has used '/CharFallOver 0'.
19:35:0: CP.RCT.17-24222 has used '/CharFallOver 0'.
19:35:37: CP.RCT.17-24222 has used '/Observer'.
19:36:5: CP.RCT.17-24222 has used '/Observer'.
19:36:19: CP.RCT.17-24222 has gained a Combine Lock 1447950984.
19:36:19: CP.RCT.17-24222 has used '/CharGiveItem RCT Combine'.
19:36:20: CP.RCT.17-24222 has gained a Combine Lock 1447950986.
19:36:20: CP.RCT.17-24222 has used '/CharGiveItem RCT Combine'.
19:36:20: CP.RCT.17-24222 has gained a Combine Lock 1447950987.
19:36:20: CP.RCT.17-24222 has used '/CharGiveItem RCT Combine'.
19:36:20: CP.RCT.17-24222 has gained a Combine Lock 1447950988.
19:36:20: CP.RCT.17-24222 has used '/CharGiveItem RCT Combine'.
19:36:21: CP.RCT.17-24222 has gained a Combine Lock 1447950990.
19:36:21: CP.RCT.17-24222 has used '/CharGiveItem RCT Combine'.
19:36:21: CP.RCT.17-24222 has gained a Combine Lock 1447950991.
19:36:21: CP.RCT.17-24222 has used '/CharGiveItem RCT Combine'.
19:36:22: CP.RCT.17-24222 has gained a Combine Lock 1447950993.
19:36:22: CP.RCT.17-24222 has used '/CharGiveItem RCT Combine'.
19:36:22: CP.RCT.17-24222 has gained a Combine Lock 1447950994.
19:36:22: CP.RCT.17-24222 has used '/CharGiveItem RCT Combine'.
19:36:23: CP.RCT.17-24222 has gained a Combine Lock 1447950996.
19:36:23: CP.RCT.17-24222 has used '/CharGiveItem RCT Combine'.
19:36:23: CP.RCT.17-24222 has gained a Combine Lock 1447950997.
19:36:23: CP.RCT.17-24222 has used '/CharGiveItem RCT Combine'.
19:36:25: CP.RCT.17-24222 has used '/Observer'.
19:36:27: CP.RCT.17-24222 has used '/Observer'.
19:36:28: C17.CP-DsP.00228 has used '/Observer'.
19:36:31: C17.CP-DsP.00228 has used '/Observer'.
19:36:36: CP.RCT.17-24222 has lost a Combine Lock 1447950993.
19:36:36: CP.RCT.17-24222 has used '/InvAction use combine'.
19:36:37: CP.RCT.17-24222 has used '/Observer'.
19:36:39: CP.RCT.17-24222 has used '/Observer'.
19:36:46: CP.RCT.17-24222 has lost a Combine Lock 1447950997.
19:36:46: CP.RCT.17-24222 has used '/InvAction use combine'.
19:36:47: CP.RCT.17-24222 has used '/Observer'.
19:36:48: CP.RCT.17-24222 has used '/Observer'.
19:36:50: CP.RCT.17-24222 has lost a Combine Lock 1447950996.
19:36:50: CP.RCT.17-24222 has used '/InvAction use combine'.
19:36:50: CP.RCT.17-24222 has used '/Observer'.
19:36:51: CP.RCT.17-24222 has used '/Observer'.
19:36:52: CP.RCT.17-24222 has lost a Combine Lock 1447950987.
19:36:52: CP.RCT.17-24222 has used '/InvAction use combine'.
19:36:53: CP.RCT.17-24222 has used '/Observer'.
19:36:55: CP.RCT.17-24222 has used '/Observer'.
19:38:28: CP.RCT.17-24222 (STEAM_0:0:34008601) has disconnected.
19:50:57: [EoAsm] Taishō Septic (STEAM_0:0:34008601) has connected.
19:52:22: [EoAsm] Taishō Septic has loaded the character 'CP.RCT.17-24222'.
19:52:24: CP.RCT.17-24222 has used '/Observer'.
19:52:29: CP.RCT.17-24222 has used '/Observer'.
19:53:56: C17.CP-DsP.00228 has used '/Observer'.
19:54:19: C17.CP-DsP.00228 has used '/Observer'.
19:54:20: C17.CP-DsP.00228 has used '/Observer'.
19:54:22: C17.CP-DsP.00228 has used '/Observer'.
20:5:26: [EoAsm] SchwarzKruppzo (STEAM_0:1:44629398) has connected.
20:6:39: [EoAsm] SchwarzKruppzo has loaded the character 'C17.CP-DsP.00228'.
20:6:54: C17.CP-DsP.00228 has used '/Observer'.
20:7:37: C17.CP-DsP.00228 has used '/Observer'.
20:9:6: C17.CP-DsP.00228 has used '/Observer'.
20:9:11: C17.CP-DsP.00228 has used '/Observer'.
20:9:12: C17.CP-DsP.00228 has used '/Observer'.
20:9:12: C17.CP-DsP.00228 has used '/Observer'.
20:9:23: C17.CP-DsP.00228 has used '/Observer'.
20:9:24: C17.CP-DsP.00228 has used '/Observer'.
20:9:25: C17.CP-DsP.00228 has used '/Observer'.
20:9:25: C17.CP-DsP.00228 has used '/Observer'.
20:9:25: C17.CP-DsP.00228 has used '/Observer'.
20:9:25: C17.CP-DsP.00228 has used '/Observer'.
20:9:27: C17.CP-DsP.00228 has used '/Observer'.
20:9:27: C17.CP-DsP.00228 has used '/Observer'.
20:9:28: C17.CP-DsP.00228 has used '/Observer'.
20:9:28: C17.CP-DsP.00228 has used '/Observer'.
20:9:29: C17.CP-DsP.00228 has used '/Observer'.
20:9:29: C17.CP-DsP.00228 has used '/Observer'.
20:9:30: C17.CP-DsP.00228 has used '/Observer'.
20:9:30: C17.CP-DsP.00228 has used '/Observer'.
20:9:33: C17.CP-DsP.00228 has used '/Observer'.
20:9:33: C17.CP-DsP.00228 has used '/Observer'.
20:9:34: C17.CP-DsP.00228 has used '/Observer'.
20:10:28: C17.CP-DsP.00228 has used '/Observer'.
20:10:44: C17.CP-DsP.00228 has used '/Observer'.
20:10:55: C17.CP-DsP.00228 has used '/Observer'.
20:11:11: C17.CP-DsP.00228 has used '/Observer'.
20:11:12: C17.CP-DsP.00228 has used '/Observer'.
20:11:14: C17.CP-DsP.00228 has used '/Observer'.
20:11:20: C17.CP-DsP.00228 has used '/Observer'.
20:11:21: C17.CP-DsP.00228 has used '/Observer'.
20:11:23: C17.CP-DsP.00228 has used '/Observer'.
20:11:24: C17.CP-DsP.00228 has used '/Observer'.
20:11:26: C17.CP-DsP.00228 has used '/Observer'.
20:11:27: C17.CP-DsP.00228 has used '/Observer'.
20:11:28: C17.CP-DsP.00228 has used '/Observer'.
20:11:29: C17.CP-DsP.00228 has used '/Observer'.
20:11:30: C17.CP-DsP.00228 has used '/Observer'.
20:11:31: C17.CP-DsP.00228 has used '/Observer'.
20:11:32: C17.CP-DsP.00228 has used '/Observer'.
20:11:39: C17.CP-DsP.00228 has used '/Observer'.
20:11:58: C17.CP-DsP.00228 (STEAM_0:1:44629398) has disconnected.
23:0:19: [EoAsm] SchwarzKruppzo (STEAM_0:1:44629398) has connected.
23:1:23: [EoAsm] SchwarzKruppzo has loaded the character 'C17.CP-DsP.00228'.
23:47:26: C17.CP-DsP.00228 has used '/Observer'.
23:47:26: C17.CP-DsP.00228 has used '/Observer'.
23:47:27: C17.CP-DsP.00228 has used '/Observer'.
23:47:28: C17.CP-DsP.00228 has used '/Observer'.
23:58:31: C17.CP-DsP.00228 has used '/Observer'.
23:58:34: C17.CP-DsP.00228 has used '/Observer'.
23:58:34: C17.CP-DsP.00228 has used '/Observer'.
23:58:35: C17.CP-DsP.00228 has used '/Observer'.
23:58:36: C17.CP-DsP.00228 has used '/Observer'.
23:58:36: C17.CP-DsP.00228 has used '/Observer'.
23:58:37: C17.CP-DsP.00228 has used '/Observer'.
23:58:37: C17.CP-DsP.00228 has used '/Observer'.
23:58:38: C17.CP-DsP.00228 has used '/Observer'.
23:58:38: C17.CP-DsP.00228 has used '/Observer'.
23:58:39: C17.CP-DsP.00228 has used '/Observer'.
23:58:39: C17.CP-DsP.00228 has used '/Observer'.
23:58:40: C17.CP-DsP.00228 has used '/Observer'.
23:58:40: C17.CP-DsP.00228 has used '/Observer'.
23:58:41: C17.CP-DsP.00228 has used '/Observer'.
23:58:41: C17.CP-DsP.00228 has used '/Observer'.
23:58:41: C17.CP-DsP.00228 has used '/Observer'.
23:58:47: C17.CP-DsP.00228 has used '/Observer'.
23:58:48: C17.CP-DsP.00228 has used '/Observer'.
