0:1:57: C17.CP-DsP.00228 has used '/Observer'.
0:1:57: C17.CP-DsP.00228 has used '/Observer'.
13:34:55: [EoAsm] SchwarzKruppzo (STEAM_0:1:44629398) has connected.
13:42:13: [EoAsm] SchwarzKruppzo has loaded the character 'C17.CP-DsP.00228'.
14:26:46: C17.CP-DsP.00228 has used '/Observer'.
14:26:47: C17.CP-DsP.00228 has used '/Observer'.
14:26:48: C17.CP-DsP.00228 has used '/Observer'.
14:27:4: C17.CP-DsP.00228 has used '/Observer'.
14:27:6: C17.CP-DsP.00228 has used '/Observer'.
14:27:7: C17.CP-DsP.00228 has used '/Observer'.
14:27:9: C17.CP-DsP.00228 has used '/Observer'.
14:28:4: C17.CP-DsP.00228 has used '/Observer'.
14:28:7: C17.CP-DsP.00228 has used '/Observer'.
14:28:7: C17.CP-DsP.00228 has used '/Observer'.
14:28:9: C17.CP-DsP.00228 has used '/Observer'.
14:28:9: C17.CP-DsP.00228 has used '/Observer'.
14:28:10: C17.CP-DsP.00228 has used '/Observer'.
14:28:11: C17.CP-DsP.00228 has used '/Observer'.
14:28:11: C17.CP-DsP.00228 has used '/Observer'.
14:29:23: C17.CP-DsP.00228 has used '/Observer'.
14:29:24: C17.CP-DsP.00228 has used '/Observer'.
14:29:24: C17.CP-DsP.00228 has used '/Observer'.
14:29:24: C17.CP-DsP.00228 has used '/Observer'.
14:29:25: C17.CP-DsP.00228 has used '/Observer'.
14:29:26: C17.CP-DsP.00228 has used '/Observer'.
14:29:26: C17.CP-DsP.00228 has used '/Observer'.
14:29:27: C17.CP-DsP.00228 has used '/Observer'.
14:29:27: C17.CP-DsP.00228 has used '/Observer'.
14:29:28: C17.CP-DsP.00228 has used '/Observer'.
14:29:28: C17.CP-DsP.00228 has used '/Observer'.
14:29:29: C17.CP-DsP.00228 has used '/Observer'.
14:29:29: C17.CP-DsP.00228 has used '/Observer'.
14:29:30: C17.CP-DsP.00228 has used '/Observer'.
14:29:30: C17.CP-DsP.00228 has used '/Observer'.
14:29:31: C17.CP-DsP.00228 has used '/Observer'.
14:29:32: C17.CP-DsP.00228 has used '/Observer'.
14:29:32: C17.CP-DsP.00228 has used '/Observer'.
14:29:33: C17.CP-DsP.00228 has used '/Observer'.
14:29:33: C17.CP-DsP.00228 has used '/Observer'.
14:29:34: C17.CP-DsP.00228 has used '/Observer'.
14:29:34: C17.CP-DsP.00228 has used '/Observer'.
14:29:35: C17.CP-DsP.00228 has used '/Observer'.
14:29:36: C17.CP-DsP.00228 has used '/Observer'.
14:29:36: C17.CP-DsP.00228 has used '/Observer'.
14:29:37: C17.CP-DsP.00228 has used '/Observer'.
14:29:52: C17.CP-DsP.00228 has used '/Observer'.
14:29:52: C17.CP-DsP.00228 has used '/Observer'.
14:30:12: C17.CP-DsP.00228 has used '/Observer'.
14:30:12: C17.CP-DsP.00228 has used '/Observer'.
14:30:44: C17.CP-DsP.00228 has used '/Observer'.
14:30:44: C17.CP-DsP.00228 has used '/Observer'.
14:31:6: C17.CP-DsP.00228 has used '/Observer'.
14:31:6: C17.CP-DsP.00228 has used '/Observer'.
14:31:7: C17.CP-DsP.00228 has used '/Observer'.
14:31:8: C17.CP-DsP.00228 has used '/Observer'.
14:31:8: C17.CP-DsP.00228 has used '/Observer'.
14:31:9: C17.CP-DsP.00228 has used '/Observer'.
14:31:20: C17.CP-DsP.00228 has used '/Observer'.
14:31:20: C17.CP-DsP.00228 has used '/Observer'.
14:31:24: C17.CP-DsP.00228 has used '/Observer'.
14:31:24: C17.CP-DsP.00228 has used '/Observer'.
14:31:25: C17.CP-DsP.00228 has used '/Observer'.
14:31:25: C17.CP-DsP.00228 has used '/Observer'.
14:31:26: C17.CP-DsP.00228 has used '/Observer'.
14:31:31: C17.CP-DsP.00228 has used '/Observer'.
14:31:37: C17.CP-DsP.00228 has used '/Observer'.
14:32:0: C17.CP-DsP.00228 has used '/Observer'.
14:32:15: C17.CP-DsP.00228 has used '/Observer'.
14:32:24: C17.CP-DsP.00228 has used '/Observer'.
14:33:38: C17.CP-DsP.00228 has used '/Observer'.
14:33:39: C17.CP-DsP.00228 has used '/Observer'.
14:33:46: C17.CP-DsP.00228 has used '/Observer'.
14:33:46: C17.CP-DsP.00228 has used '/Observer'.
14:35:2: C17.CP-DsP.00228 has used '/Observer'.
14:35:8: C17.CP-DsP.00228 has used '/Observer'.
14:35:9: C17.CP-DsP.00228 has used '/Observer'.
14:35:9: C17.CP-DsP.00228 has used '/Observer'.
14:35:10: C17.CP-DsP.00228 has used '/Observer'.
14:35:11: C17.CP-DsP.00228 has used '/Observer'.
14:35:13: C17.CP-DsP.00228 has used '/Observer'.
14:35:13: C17.CP-DsP.00228 has used '/Observer'.
14:35:14: C17.CP-DsP.00228 has used '/Observer'.
14:35:14: C17.CP-DsP.00228 has used '/Observer'.
14:35:15: C17.CP-DsP.00228 has used '/Observer'.
14:35:16: C17.CP-DsP.00228 has used '/Observer'.
14:35:16: C17.CP-DsP.00228 has used '/Observer'.
14:35:17: C17.CP-DsP.00228 has used '/Observer'.
14:35:17: C17.CP-DsP.00228 has used '/Observer'.
14:35:18: C17.CP-DsP.00228 has used '/Observer'.
14:35:19: C17.CP-DsP.00228 has used '/Observer'.
14:35:19: C17.CP-DsP.00228 has used '/Observer'.
14:35:20: C17.CP-DsP.00228 has used '/Observer'.
14:35:21: C17.CP-DsP.00228 has used '/Observer'.
14:35:27: C17.CP-DsP.00228 has used '/Observer'.
14:35:28: C17.CP-DsP.00228 has used '/Observer'.
14:35:38: C17.CP-DsP.00228 has used '/Observer'.
14:35:38: C17.CP-DsP.00228 has used '/Observer'.
14:35:38: C17.CP-DsP.00228 has used '/Observer'.
14:35:39: C17.CP-DsP.00228 has used '/Observer'.
14:35:39: C17.CP-DsP.00228 has used '/Observer'.
14:35:41: C17.CP-DsP.00228 has used '/Observer'.
14:35:41: C17.CP-DsP.00228 has used '/Observer'.
14:35:43: C17.CP-DsP.00228 has used '/Observer'.
14:35:43: C17.CP-DsP.00228 has used '/Observer'.
14:35:44: C17.CP-DsP.00228 has used '/Observer'.
14:35:44: C17.CP-DsP.00228 has used '/Observer'.
14:35:47: C17.CP-DsP.00228 has used '/Observer'.
14:35:49: C17.CP-DsP.00228 has used '/Observer'.
14:35:50: C17.CP-DsP.00228 has used '/Observer'.
14:35:50: C17.CP-DsP.00228 has used '/Observer'.
14:35:51: C17.CP-DsP.00228 has used '/Observer'.
14:36:37: C17.CP-DsP.00228 has used '/Observer'.
14:36:38: C17.CP-DsP.00228 has used '/Observer'.
14:36:39: C17.CP-DsP.00228 has used '/Observer'.
14:36:39: C17.CP-DsP.00228 has used '/Observer'.
14:36:39: C17.CP-DsP.00228 has used '/Observer'.
14:36:40: C17.CP-DsP.00228 has used '/Observer'.
14:36:41: C17.CP-DsP.00228 has used '/Observer'.
14:36:42: C17.CP-DsP.00228 has used '/Observer'.
14:37:10: C17.CP-DsP.00228 has used '/Observer'.
14:37:11: C17.CP-DsP.00228 has used '/Observer'.
14:37:11: C17.CP-DsP.00228 has used '/Observer'.
14:37:12: C17.CP-DsP.00228 has used '/Observer'.
14:38:24: C17.CP-DsP.00228 has used '/Observer'.
14:38:24: C17.CP-DsP.00228 has used '/Observer'.
14:38:25: C17.CP-DsP.00228 has used '/Observer'.
14:38:25: C17.CP-DsP.00228 has used '/Observer'.
14:38:26: C17.CP-DsP.00228 has used '/Observer'.
14:38:26: C17.CP-DsP.00228 has used '/Observer'.
14:38:26: C17.CP-DsP.00228 has used '/Observer'.
14:38:27: C17.CP-DsP.00228 has used '/Observer'.
14:38:29: C17.CP-DsP.00228 has used '/Observer'.
14:38:29: C17.CP-DsP.00228 has used '/Observer'.
14:38:39: C17.CP-DsP.00228 has used '/Observer'.
14:38:40: C17.CP-DsP.00228 has used '/Observer'.
14:38:49: C17.CP-DsP.00228 has used '/Observer'.
14:38:50: C17.CP-DsP.00228 has used '/Observer'.
14:38:50: C17.CP-DsP.00228 has used '/Observer'.
14:38:51: C17.CP-DsP.00228 has used '/Observer'.
14:39:7: C17.CP-DsP.00228 has used '/Observer'.
14:39:7: C17.CP-DsP.00228 has used '/Observer'.
14:39:12: C17.CP-DsP.00228 has used '/Observer'.
14:39:12: C17.CP-DsP.00228 has used '/Observer'.
14:39:13: C17.CP-DsP.00228 has used '/Observer'.
14:39:14: C17.CP-DsP.00228 has used '/Observer'.
14:39:14: C17.CP-DsP.00228 has used '/Observer'.
14:39:14: C17.CP-DsP.00228 has used '/Observer'.
14:39:15: C17.CP-DsP.00228 has used '/Observer'.
14:39:15: C17.CP-DsP.00228 has used '/Observer'.
14:39:15: C17.CP-DsP.00228 has used '/Observer'.
14:39:16: C17.CP-DsP.00228 has used '/Observer'.
14:39:16: C17.CP-DsP.00228 has used '/Observer'.
14:39:16: C17.CP-DsP.00228 has used '/Observer'.
14:39:17: C17.CP-DsP.00228 has used '/Observer'.
14:39:18: C17.CP-DsP.00228 has used '/Observer'.
14:39:19: C17.CP-DsP.00228 has used '/Observer'.
14:39:19: C17.CP-DsP.00228 has used '/Observer'.
14:39:23: C17.CP-DsP.00228 has used '/Observer'.
14:39:24: C17.CP-DsP.00228 has used '/Observer'.
14:39:36: C17.CP-DsP.00228 has used '/Observer'.
14:39:36: C17.CP-DsP.00228 has used '/Observer'.
14:39:36: C17.CP-DsP.00228 has used '/Observer'.
14:39:37: C17.CP-DsP.00228 has used '/Observer'.
14:39:47: C17.CP-DsP.00228 has used '/Observer'.
14:39:47: C17.CP-DsP.00228 has used '/Observer'.
14:39:52: C17.CP-DsP.00228 has used '/Observer'.
14:39:52: C17.CP-DsP.00228 has used '/Observer'.
14:40:3: C17.CP-DsP.00228 has used '/Observer'.
14:40:6: C17.CP-DsP.00228 has used '/Observer'.
14:40:7: C17.CP-DsP.00228 has used '/Observer'.
14:40:8: C17.CP-DsP.00228 has used '/Observer'.
14:40:9: C17.CP-DsP.00228 has used '/Observer'.
14:43:53: C17.CP-DsP.00228 has used '/Observer'.
14:44:7: C17.CP-DsP.00228 has used '/Observer'.
14:44:8: C17.CP-DsP.00228 has used '/Observer'.
14:44:8: C17.CP-DsP.00228 has used '/Observer'.
14:44:9: C17.CP-DsP.00228 has used '/Observer'.
14:44:9: C17.CP-DsP.00228 has used '/Observer'.
14:44:10: C17.CP-DsP.00228 has used '/Observer'.
14:44:10: C17.CP-DsP.00228 has used '/Observer'.
14:44:12: C17.CP-DsP.00228 has used '/Observer'.
14:44:12: C17.CP-DsP.00228 has used '/Observer'.
14:44:13: C17.CP-DsP.00228 has used '/Observer'.
14:44:19: C17.CP-DsP.00228 has used '/Observer'.
14:44:20: C17.CP-DsP.00228 has used '/Observer'.
14:44:21: C17.CP-DsP.00228 has used '/Observer'.
14:44:27: C17.CP-DsP.00228 has used '/Observer'.
14:52:58: C17.CP-DsP.00228 has used '/Observer'.
14:52:59: C17.CP-DsP.00228 has used '/Observer'.
14:52:59: C17.CP-DsP.00228 has used '/Observer'.
14:53:0: C17.CP-DsP.00228 has used '/Observer'.
14:53:0: C17.CP-DsP.00228 has used '/Observer'.
14:53:2: C17.CP-DsP.00228 has used '/Observer'.
14:53:2: C17.CP-DsP.00228 has used '/Observer'.
14:53:3: C17.CP-DsP.00228 has used '/Observer'.
14:53:3: C17.CP-DsP.00228 has used '/Observer'.
14:53:4: C17.CP-DsP.00228 has used '/Observer'.
14:53:5: C17.CP-DsP.00228 has used '/Observer'.
14:53:6: C17.CP-DsP.00228 has used '/Observer'.
14:53:7: C17.CP-DsP.00228 has used '/Observer'.
14:53:7: C17.CP-DsP.00228 has used '/Observer'.
14:53:8: C17.CP-DsP.00228 has used '/Observer'.
14:53:9: C17.CP-DsP.00228 has used '/Observer'.
14:53:10: C17.CP-DsP.00228 has used '/Observer'.
14:53:35: C17.CP-DsP.00228 has used '/Observer'.
14:54:18: C17.CP-DsP.00228 has used '/Observer'.
14:54:18: C17.CP-DsP.00228 has used '/Observer'.
14:54:19: C17.CP-DsP.00228 has used '/Observer'.
14:54:20: C17.CP-DsP.00228 has used '/Observer'.
14:54:20: C17.CP-DsP.00228 has used '/Observer'.
14:54:20: C17.CP-DsP.00228 has used '/Observer'.
14:54:21: C17.CP-DsP.00228 has used '/Observer'.
14:54:21: C17.CP-DsP.00228 has used '/Observer'.
14:54:24: C17.CP-DsP.00228 has used '/Observer'.
14:54:25: C17.CP-DsP.00228 has used '/Observer'.
14:54:25: C17.CP-DsP.00228 has used '/Observer'.
14:54:26: C17.CP-DsP.00228 has used '/Observer'.
14:54:27: C17.CP-DsP.00228 has used '/Observer'.
14:54:28: C17.CP-DsP.00228 has used '/Observer'.
14:54:29: C17.CP-DsP.00228 has used '/Observer'.
14:54:30: C17.CP-DsP.00228 has used '/Observer'.
14:54:30: C17.CP-DsP.00228 has used '/Observer'.
14:54:30: C17.CP-DsP.00228 has used '/Observer'.
14:54:30: C17.CP-DsP.00228 has used '/Observer'.
14:54:31: C17.CP-DsP.00228 has used '/Observer'.
14:54:31: C17.CP-DsP.00228 has used '/Observer'.
14:54:32: C17.CP-DsP.00228 has used '/Observer'.
14:54:33: C17.CP-DsP.00228 has used '/Observer'.
14:54:34: C17.CP-DsP.00228 has used '/Observer'.
14:54:36: C17.CP-DsP.00228 has used '/Observer'.
14:54:36: C17.CP-DsP.00228 has used '/Observer'.
14:54:36: C17.CP-DsP.00228 has used '/Observer'.
14:54:37: C17.CP-DsP.00228 has used '/Observer'.
14:54:37: C17.CP-DsP.00228 has used '/Observer'.
14:54:37: C17.CP-DsP.00228 has used '/Observer'.
14:54:38: C17.CP-DsP.00228 has used '/Observer'.
14:54:38: C17.CP-DsP.00228 has used '/Observer'.
14:54:39: C17.CP-DsP.00228 has used '/Observer'.
14:54:40: C17.CP-DsP.00228 has used '/Observer'.
14:54:41: C17.CP-DsP.00228 has used '/Observer'.
14:54:41: C17.CP-DsP.00228 has used '/Observer'.
14:54:42: C17.CP-DsP.00228 has used '/Observer'.
14:54:42: C17.CP-DsP.00228 has used '/Observer'.
14:54:43: C17.CP-DsP.00228 has used '/Observer'.
14:54:43: C17.CP-DsP.00228 has used '/Observer'.
14:54:45: C17.CP-DsP.00228 has used '/Observer'.
14:54:45: C17.CP-DsP.00228 has used '/Observer'.
14:54:45: C17.CP-DsP.00228 has used '/Observer'.
14:54:46: C17.CP-DsP.00228 has used '/Observer'.
14:54:46: C17.CP-DsP.00228 has used '/Observer'.
14:54:47: C17.CP-DsP.00228 has used '/Observer'.
14:54:49: C17.CP-DsP.00228 has used '/Observer'.
14:54:49: C17.CP-DsP.00228 has used '/Observer'.
14:54:49: C17.CP-DsP.00228 has used '/Observer'.
14:54:50: C17.CP-DsP.00228 has used '/Observer'.
14:54:53: C17.CP-DsP.00228 has used '/Observer'.
14:54:54: C17.CP-DsP.00228 has used '/Observer'.
14:55:1: C17.CP-DsP.00228 has used '/Observer'.
14:55:2: C17.CP-DsP.00228 has used '/Observer'.
14:55:4: C17.CP-DsP.00228 has used '/Observer'.
14:55:4: C17.CP-DsP.00228 has used '/Observer'.
14:55:5: C17.CP-DsP.00228 has used '/Observer'.
14:55:5: C17.CP-DsP.00228 has used '/Observer'.
14:55:9: C17.CP-DsP.00228 has used '/Observer'.
14:55:9: C17.CP-DsP.00228 has used '/Observer'.
14:55:16: C17.CP-DsP.00228 has used '/Observer'.
14:55:16: C17.CP-DsP.00228 has used '/Observer'.
14:55:23: C17.CP-DsP.00228 has used '/Observer'.
14:55:23: C17.CP-DsP.00228 has used '/Observer'.
14:55:24: C17.CP-DsP.00228 has used '/Observer'.
14:55:24: C17.CP-DsP.00228 has used '/Observer'.
14:55:24: C17.CP-DsP.00228 has used '/Observer'.
14:55:25: C17.CP-DsP.00228 has used '/Observer'.
14:55:26: C17.CP-DsP.00228 has used '/Observer'.
14:55:26: C17.CP-DsP.00228 has used '/Observer'.
14:55:28: C17.CP-DsP.00228 has used '/Observer'.
14:55:29: C17.CP-DsP.00228 has used '/Observer'.
14:55:29: C17.CP-DsP.00228 has used '/Observer'.
14:55:30: C17.CP-DsP.00228 has used '/Observer'.
14:55:31: C17.CP-DsP.00228 has used '/Observer'.
14:55:31: C17.CP-DsP.00228 has used '/Observer'.
14:55:31: C17.CP-DsP.00228 has used '/Observer'.
14:55:33: C17.CP-DsP.00228 has used '/Observer'.
14:55:34: C17.CP-DsP.00228 has used '/Observer'.
14:55:45: C17.CP-DsP.00228 has used '/Observer'.
14:55:51: C17.CP-DsP.00228 has used '/Observer'.
14:55:52: C17.CP-DsP.00228 has used '/Observer'.
14:56:51: C17.CP-DsP.00228 has used '/Observer'.
14:56:51: C17.CP-DsP.00228 has used '/Observer'.
14:56:54: C17.CP-DsP.00228 has used '/Observer'.
14:56:55: C17.CP-DsP.00228 has used '/Observer'.
14:56:58: C17.CP-DsP.00228 has used '/Observer'.
14:56:59: C17.CP-DsP.00228 has used '/Observer'.
14:57:0: C17.CP-DsP.00228 has used '/Observer'.
14:57:0: C17.CP-DsP.00228 has used '/Observer'.
14:57:12: C17.CP-DsP.00228 has used '/Observer'.
14:57:13: C17.CP-DsP.00228 has used '/Observer'.
15:2:4: C17.CP-DsP.00228 has used '/Observer'.
15:2:4: C17.CP-DsP.00228 has used '/Observer'.
15:2:5: C17.CP-DsP.00228 has used '/Observer'.
15:2:5: C17.CP-DsP.00228 has used '/Observer'.
15:2:6: C17.CP-DsP.00228 has used '/Observer'.
15:2:7: C17.CP-DsP.00228 has used '/Observer'.
15:2:8: C17.CP-DsP.00228 has used '/Observer'.
15:2:9: C17.CP-DsP.00228 has used '/Observer'.
15:2:9: C17.CP-DsP.00228 has used '/Observer'.
15:2:10: C17.CP-DsP.00228 has used '/Observer'.
15:2:24: C17.CP-DsP.00228 has used '/Observer'.
15:2:24: C17.CP-DsP.00228 has used '/Observer'.
15:2:27: C17.CP-DsP.00228 has used '/Observer'.
15:2:27: C17.CP-DsP.00228 has used '/Observer'.
15:2:28: C17.CP-DsP.00228 has used '/Observer'.
15:2:28: C17.CP-DsP.00228 has used '/Observer'.
15:2:31: C17.CP-DsP.00228 has used '/Observer'.
15:2:32: C17.CP-DsP.00228 has used '/Observer'.
15:2:33: C17.CP-DsP.00228 has used '/Observer'.
15:2:34: C17.CP-DsP.00228 has used '/Observer'.
15:2:37: C17.CP-DsP.00228 has used '/Observer'.
15:2:37: C17.CP-DsP.00228 has used '/Observer'.
15:8:47: C17.CP-DsP.00228 (STEAM_0:1:44629398) has disconnected.
15:12:33: [EoAsm] SchwarzKruppzo (STEAM_0:1:44629398) has connected.
15:13:50: [EoAsm] SchwarzKruppzo has loaded the character 'C17.CP-DsP.00228'.
15:14:16: C17.CP-DsP.00228 has used '/Observer'.
15:14:21: C17.CP-DsP.00228 has used '/Observer'.
15:14:22: C17.CP-DsP.00228 has lost a 9mm Pistol Bullets 1447950453.
15:14:22: C17.CP-DsP.00228 has lost a 9mm Pistol Bullets 1447950454.
15:14:22: worldspawn has killed C17.CP-DsP.00228.
15:14:32: C17.CP-DsP.00228 has gained a 9mm Pistol Bullets 1448021673.
15:14:32: C17.CP-DsP.00228 has gained a 9mm Pistol Bullets 1448021674.
15:16:43: C17.CP-DsP.00228 has used '/Observer'.
15:16:52: C17.CP-DsP.00228 has used '/CharFallOver 0'.
15:16:55: C17.CP-DsP.00228 has used '/Observer'.
15:16:56: C17.CP-DsP.00228 has used '/Observer'.
15:16:57: C17.CP-DsP.00228 has used '/Observer'.
15:16:58: C17.CP-DsP.00228 has used '/Observer'.
15:16:58: C17.CP-DsP.00228 has used '/Observer'.
15:17:1: C17.CP-DsP.00228 has used '/CharFallOver 0'.
15:22:55: [EoAsm] SchwarzKruppzo (STEAM_0:1:44629398) has connected.
15:25:11: [EoAsm] SchwarzKruppzo has loaded the character 'C17.CP-DsP.00228'.
15:25:15: C17.CP-DsP.00228 has used '/Observer'.
15:25:22: C17.CP-DsP.00228 has used '/Observer'.
15:25:31: C17.CP-DsP.00228 has used '/Observer'.
15:25:37: C17.CP-DsP.00228 has used '/Observer'.
15:25:42: C17.CP-DsP.00228 has used '/CharFallOver 0'.
15:33:52: [EoAsm] SchwarzKruppzo (STEAM_0:1:44629398) has connected.
15:35:33: [EoAsm] SchwarzKruppzo has loaded the character 'C17.CP-DsP.00228'.
15:35:56: C17.CP-DsP.00228 has used '/Observer'.
15:36:7: C17.CP-DsP.00228 has used '/Observer'.
15:36:14: C17.CP-DsP.00228 has used '/CharFallOver 0'.
15:36:15: C17.CP-DsP.00228 has lost a 9mm Pistol Bullets 1448021673.
15:36:15: C17.CP-DsP.00228 has lost a 9mm Pistol Bullets 1448021674.
15:36:15: worldspawn has killed C17.CP-DsP.00228.
15:36:25: C17.CP-DsP.00228 has gained a 9mm Pistol Bullets 1448022986.
15:36:25: C17.CP-DsP.00228 has gained a 9mm Pistol Bullets 1448022987.
15:36:50: C17.CP-DsP.00228 has used '/Observer'.
15:38:31: C17.CP-DsP.00228 has used '/Observer'.
15:38:31: C17.CP-DsP.00228 has used '/Observer'.
15:38:32: C17.CP-DsP.00228 has used '/Observer'.
15:38:35: C17.CP-DsP.00228 has used '/CharFallOver 0'.
15:45:4: [EoAsm] SchwarzKruppzo (STEAM_0:1:44629398) has connected.
15:46:17: [EoAsm] SchwarzKruppzo has loaded the character 'C17.CP-DsP.00228'.
15:46:20: C17.CP-DsP.00228 has used '/Observer'.
15:46:27: C17.CP-DsP.00228 has used '/Observer'.
15:46:30: C17.CP-DsP.00228 has used '/Observer'.
15:46:30: C17.CP-DsP.00228 has used '/Observer'.
15:46:33: C17.CP-DsP.00228 has used '/Observer'.
15:46:34: C17.CP-DsP.00228 has used '/Observer'.
15:46:35: C17.CP-DsP.00228 has used '/Observer'.
15:46:36: C17.CP-DsP.00228 has used '/Observer'.
15:46:39: C17.CP-DsP.00228 has used '/CharFallOver 0'.
15:46:40: C17.CP-DsP.00228 has lost a 9mm Pistol Bullets 1448022987.
15:46:40: C17.CP-DsP.00228 has lost a 9mm Pistol Bullets 1448022986.
15:46:40: cw_item has killed C17.CP-DsP.00228.
15:46:50: C17.CP-DsP.00228 has gained a 9mm Pistol Bullets 1448023611.
15:46:50: C17.CP-DsP.00228 has gained a 9mm Pistol Bullets 1448023612.
15:46:52: C17.CP-DsP.00228 has used '/Observer'.
15:47:9: C17.CP-DsP.00228 has used '/Observer'.
15:47:11: C17.CP-DsP.00228 has used '/CharFallOver 0'.
15:47:13: C17.CP-DsP.00228 has lost a 9mm Pistol Bullets 1448023611.
15:47:13: C17.CP-DsP.00228 has lost a 9mm Pistol Bullets 1448023612.
15:47:13: worldspawn has killed C17.CP-DsP.00228.
15:47:22: C17.CP-DsP.00228 has gained a 9mm Pistol Bullets 1448023645.
15:47:22: C17.CP-DsP.00228 has gained a 9mm Pistol Bullets 1448023646.
15:48:7: C17.CP-DsP.00228 has used '/Observer'.
15:50:4: C17.CP-DsP.00228 has used '/Observer'.
15:50:4: C17.CP-DsP.00228 has used '/Observer'.
15:50:5: C17.CP-DsP.00228 has used '/Observer'.
15:50:6: C17.CP-DsP.00228 has used '/Observer'.
15:50:13: C17.CP-DsP.00228 has used '/Observer'.
15:50:14: C17.CP-DsP.00228 has used '/Observer'.
15:51:22: C17.CP-DsP.00228 has gained a Backpack 1446893666.
15:51:25: C17.CP-DsP.00228 has gained a Backpack 1446893658.
15:51:32: C17.CP-DsP.00228 has lost a Backpack 1446893666.
15:51:32: C17.CP-DsP.00228 has used '/InvAction drop backpack 1446893666.00'.
15:51:34: C17.CP-DsP.00228 has lost a Backpack 1446893658.
15:51:34: C17.CP-DsP.00228 has used '/InvAction drop backpack 1446893658.00'.
15:51:44: C17.CP-DsP.00228 has gained a Boxed Backpack 1448023900.
15:51:44: C17.CP-DsP.00228 has gained a Backpack 1448023911.
15:51:44: C17.CP-DsP.00228 has lost a Boxed Backpack 1448023900.
15:51:44: C17.CP-DsP.00228 has used '/InvAction use boxed_backpack 1448023900'.
15:51:45: C17.CP-DsP.00228 has gained a Boxed Backpack 1448023897.
15:51:45: C17.CP-DsP.00228 has used '/InvAction use boxed_backpack 1448023897'.
15:51:45: C17.CP-DsP.00228 has lost a Boxed Backpack 1448023897.
15:51:47: C17.CP-DsP.00228 has gained a Boxed Backpack 1448023897.
15:51:55: C17.CP-DsP.00228 has used '/InvAction use boxed_backpack 1448023897.00'.
15:51:59: C17.CP-DsP.00228 has used '/InvAction drop backpack 1448023911.00'.
15:52:2: C17.CP-DsP.00228 has used '/Observer'.
15:52:3: C17.CP-DsP.00228 has lost a Backpack 1448023911.
15:52:3: C17.CP-DsP.00228 has used '/InvAction drop backpack 1448023911.00'.
15:52:4: C17.CP-DsP.00228 has lost a Boxed Backpack 1448023897.
15:52:4: C17.CP-DsP.00228 has used '/InvAction drop boxed_backpack 1448023897.00'.
15:52:20: C17.CP-DsP.00228 has used '/Observer'.
15:52:20: C17.CP-DsP.00228 has used '/Observer'.
15:52:34: C17.CP-DsP.00228 has used '/Observer'.
15:52:41: C17.CP-DsP.00228 has used '/Observer'.
15:52:42: C17.CP-DsP.00228 has used '/Observer'.
15:52:42: C17.CP-DsP.00228 has used '/Observer'.
15:52:43: C17.CP-DsP.00228 has used '/Observer'.
15:52:43: C17.CP-DsP.00228 has used '/Observer'.
15:52:44: C17.CP-DsP.00228 has used '/Observer'.
15:52:44: C17.CP-DsP.00228 has used '/Observer'.
15:52:45: C17.CP-DsP.00228 has used '/Observer'.
15:52:45: C17.CP-DsP.00228 has used '/Observer'.
15:52:46: C17.CP-DsP.00228 has used '/Observer'.
15:52:46: C17.CP-DsP.00228 has used '/Observer'.
15:52:47: C17.CP-DsP.00228 has used '/Observer'.
15:52:47: C17.CP-DsP.00228 has used '/Observer'.
15:52:48: C17.CP-DsP.00228 has used '/Observer'.
15:52:48: C17.CP-DsP.00228 has used '/Observer'.
15:52:49: C17.CP-DsP.00228 has used '/Observer'.
15:52:49: C17.CP-DsP.00228 has used '/Observer'.
15:52:50: C17.CP-DsP.00228 has used '/Observer'.
15:52:51: C17.CP-DsP.00228 has used '/Observer'.
15:52:51: C17.CP-DsP.00228 has used '/Observer'.
15:52:52: C17.CP-DsP.00228 has used '/Observer'.
15:52:55: C17.CP-DsP.00228 has gained a Backpack 1446893665.
15:52:57: C17.CP-DsP.00228 has used '/Observer'.
15:52:59: C17.CP-DsP.00228 has gained a Backpack 1446893664.
15:53:2: C17.CP-DsP.00228 has lost a Backpack 1446893665.
15:53:2: C17.CP-DsP.00228 has used '/InvAction drop backpack 1446893665.00'.
15:53:3: C17.CP-DsP.00228 has lost a Backpack 1446893664.
15:53:3: C17.CP-DsP.00228 has used '/InvAction drop backpack 1446893664.00'.
16:15:15: [EoAsm] SchwarzKruppzo (STEAM_0:1:44629398) has connected.
16:17:18: [EoAsm] SchwarzKruppzo has loaded the character 'C17.CP-DsP.00228'.
16:17:25: C17.CP-DsP.00228 has used '/Observer'.
16:17:30: C17.CP-DsP.00228 has used '/Observer'.
16:17:31: C17.CP-DsP.00228 has used '/Observer'.
16:17:34: C17.CP-DsP.00228 has used '/Observer'.
16:17:34: C17.CP-DsP.00228 has used '/Observer'.
16:19:19: C17.CP-DsP.00228 has used '/Observer'.
16:19:19: C17.CP-DsP.00228 has used '/Observer'.
16:19:46: C17.CP-DsP.00228 has gained a Backpack 1446893640.
16:19:51: C17.CP-DsP.00228 has lost a Backpack 1446893640.
16:19:51: C17.CP-DsP.00228 has used '/InvAction drop backpack 1446893640.00'.
16:20:0: C17.CP-DsP.00228 has gained a Boxed Backpack 1448025592.
16:20:3: C17.CP-DsP.00228 has gained a Backpack 1448025605.
16:20:3: C17.CP-DsP.00228 has lost a Boxed Backpack 1448025592.
16:20:3: C17.CP-DsP.00228 has used '/InvAction use boxed_backpack 1448025592.00'.
16:20:9: C17.CP-DsP.00228 has gained a Backpack 1446893657.
16:20:13: C17.CP-DsP.00228 has gained a Backpack 1446893637.
16:20:22: C17.CP-DsP.00228 has gained a Backpack 1446893661.
16:20:36: C17.CP-DsP.00228 has used '/Observer'.
16:20:36: C17.CP-DsP.00228 has used '/Observer'.
19:15:21: [EoAsm] SchwarzKruppzo (STEAM_0:1:44629398) has connected.
19:17:4: [EoAsm] SchwarzKruppzo has loaded the character 'C17.CP-DsP.00228'.
19:18:56: C17.CP-DsP.00228 (STEAM_0:1:44629398) has disconnected.
19:26:52: [EoAsm] SchwarzKruppzo (STEAM_0:1:44629398) has connected.
19:32:2: [EoAsm] SchwarzKruppzo has created a Citizen character called 'Dededwedwwd'.
19:32:8: [EoAsm] SchwarzKruppzo has deleted the character 'Dededwedwwd'.
