12:22:38: [EoAsm] SchwarzKruppzo (STEAM_0:1:44629398) has connected.
12:24:37: [EoAsm] SchwarzKruppzo (STEAM_0:1:44629398) has connected.
12:28:05: [EoAsm] SchwarzKruppzo (STEAM_0:1:44629398) has connected.
12:28:30: [EoAsm] SchwarzKruppzo has loaded the character 'Schwarz Kruppzo'.
12:28:33: Schwarz Kruppzo has used '/Observer'.
12:28:35: Schwarz Kruppzo has used '/Observer'.
12:28:36: Schwarz Kruppzo has used '/Observer'.
12:34:21: Schwarz Kruppzo has used '/Observer'.
12:34:22: Schwarz Kruppzo has used '/Observer'.
12:34:22: Schwarz Kruppzo has used '/Observer'.
12:34:23: Schwarz Kruppzo has used '/Observer'.
12:36:29: Schwarz Kruppzo has used '/Observer'.
12:36:37: Schwarz Kruppzo has used '/Observer'.
12:36:39: Schwarz Kruppzo has used '/Observer'.
12:36:52: Schwarz Kruppzo has used '/Observer'.
12:36:54: Schwarz Kruppzo has used '/Observer'.
12:37:37: Schwarz Kruppzo has used '/Observer'.
12:45:39: Schwarz Kruppzo has used '/Observer'.
12:48:59: Schwarz Kruppzo has used '/Observer'.
12:49:01: Schwarz Kruppzo has used '/Observer'.
12:49:44: Schwarz Kruppzo has used '/Observer'.
12:49:46: Schwarz Kruppzo has used '/Observer'.
12:51:36: Schwarz Kruppzo says: "mda"
12:52:39: Schwarz Kruppzo has used '/Observer'.
12:53:14: Schwarz Kruppzo has used '/Observer'.
12:53:52: Schwarz Kruppzo has used '/Observer'.
12:54:11: Schwarz Kruppzo has used '/Observer'.
12:55:29: Schwarz Kruppzo has used '/Observer'.
12:55:31: Schwarz Kruppzo has used '/Observer'.
12:55:32: Schwarz Kruppzo has used '/Observer'.
12:55:32: Schwarz Kruppzo has used '/Observer'.
12:55:33: Schwarz Kruppzo has used '/Observer'.
12:55:34: Schwarz Kruppzo has used '/Observer'.
12:55:35: Schwarz Kruppzo has taken 77 damage from worldspawn, leaving them at 13 health!
12:57:01: Schwarz Kruppzo has used '/Observer'.
12:59:04: Schwarz Kruppzo has used '/Observer'.
12:59:16: Schwarz Kruppzo has used '/Observer'.
13:00:02: Schwarz Kruppzo has used '/Observer'.
13:00:15: Schwarz Kruppzo says: "da eto typo vrode"
13:00:28: Schwarz Kruppzo says: "должен быть расстояние"
13:14:00: Schwarz Kruppzo has used '/Observer'.
13:37:03: Schwarz Kruppzo has used '/Observer'.
13:43:05: Schwarz Kruppzo has used '/CharGiveItem cpt empty_tin_can'.
13:43:13: Schwarz Kruppzo has gained a Empty Tin Can 1450176194.
13:43:13: Schwarz Kruppzo has used '/CharGiveItem schw empty_tin_can'.
13:43:15: Schwarz Kruppzo has lost a Empty Tin Can 1450176194.
13:43:15: Schwarz Kruppzo has used '/InvAction drop empty_tin_can 1450176194.00'.
13:43:22: Schwarz Kruppzo has gained a Empty Tin Can 1450176204.
13:43:22: Schwarz Kruppzo has used '/CharGiveItem schw empty_tin_can'.
13:44:48: Schwarz Kruppzo has gained a Empty Tin Can 1450176291.
13:44:48: Schwarz Kruppzo has used '/CharGiveItem schw empty_tin_can'.
13:44:48: Schwarz Kruppzo has gained a Empty Tin Can 1450176292.
13:44:48: Schwarz Kruppzo has used '/CharGiveItem schw empty_tin_can'.
13:44:49: Schwarz Kruppzo has gained a Empty Tin Can 1450176294.
13:44:49: Schwarz Kruppzo has used '/CharGiveItem schw empty_tin_can'.
13:44:49: Schwarz Kruppzo has gained a Empty Tin Can 1450176295.
13:44:49: Schwarz Kruppzo has used '/CharGiveItem schw empty_tin_can'.
13:44:52: Schwarz Kruppzo has lost a Empty Tin Can 1450176295.
13:44:52: Schwarz Kruppzo has used '/InvAction drop empty_tin_can 1450176295.00'.
13:44:53: Schwarz Kruppzo has lost a Empty Tin Can 1450176294.
13:44:53: Schwarz Kruppzo has used '/InvAction drop empty_tin_can 1450176294.00'.
13:44:54: Schwarz Kruppzo has lost a Empty Tin Can 1450176292.
13:44:54: Schwarz Kruppzo has used '/InvAction drop empty_tin_can 1450176292.00'.
13:44:55: Schwarz Kruppzo has lost a Empty Tin Can 1450176291.
13:44:55: Schwarz Kruppzo has used '/InvAction drop empty_tin_can 1450176291.00'.
13:44:56: Schwarz Kruppzo has lost a Empty Tin Can 1450176204.
13:44:56: Schwarz Kruppzo has used '/InvAction drop empty_tin_can 1450176204.00'.
13:45:00: Schwarz Kruppzo has gained a Empty Tin Can 1450176307.
13:45:00: Schwarz Kruppzo has used '/CharGiveItem schw empty_tin_can'.
13:45:00: Schwarz Kruppzo has gained a Empty Tin Can 1450176308.
13:45:00: Schwarz Kruppzo has used '/CharGiveItem schw empty_tin_can'.
13:45:01: Schwarz Kruppzo has gained a Empty Tin Can 1450176310.
13:45:01: Schwarz Kruppzo has used '/CharGiveItem schw empty_tin_can'.
13:45:06: Schwarz Kruppzo has lost a Empty Tin Can 1450176310.
13:45:06: Schwarz Kruppzo has used '/InvAction drop empty_tin_can 1450176310.00'.
13:45:07: Schwarz Kruppzo has lost a Empty Tin Can 1450176308.
13:45:07: Schwarz Kruppzo has used '/InvAction drop empty_tin_can 1450176308.00'.
13:45:08: Schwarz Kruppzo has lost a Empty Tin Can 1450176307.
13:45:08: Schwarz Kruppzo has used '/InvAction drop empty_tin_can 1450176307.00'.
13:45:11: Schwarz Kruppzo has gained a Empty Tin Can 1450176321.
13:45:11: Schwarz Kruppzo has used '/CharGiveItem schw empty_tin_can'.
13:45:12: Schwarz Kruppzo has lost a Empty Tin Can 1450176321.
13:45:12: Schwarz Kruppzo has used '/InvAction drop empty_tin_can 1450176321.00'.
13:57:41: Schwarz Kruppzo (STEAM_0:1:44629398) has disconnected.
