12:58:28: [EoAsm] SchwarzKruppzo (STEAM_0:1:44629398) has connected.
12:59:54: [EoAsm] SchwarzKruppzo has loaded the character 'Schwarz Kruppzo'.
12:59:57: Schwarz Kruppzo has used '/Observer'.
13:00:11: Schwarz Kruppzo has used '/Observer'.
13:07:39: Schwarz Kruppzo has used '/Observer'.
13:07:48: Schwarz Kruppzo has used '/Observer'.
13:21:30: Schwarz Kruppzo has gained a Empty Tin Can 1450088492.
13:21:30: Schwarz Kruppzo has used '/CharGiveItem sch Empty Tin Can'.
13:21:31: Schwarz Kruppzo has gained a Empty Tin Can 1450088494.
13:21:31: Schwarz Kruppzo has used '/CharGiveItem sch Empty Tin Can'.
13:21:32: Schwarz Kruppzo has gained a Empty Tin Can 1450088496.
13:21:32: Schwarz Kruppzo has used '/CharGiveItem sch Empty Tin Can'.
13:21:33: Schwarz Kruppzo has gained a Empty Tin Can 1450088498.
13:21:33: Schwarz Kruppzo has used '/CharGiveItem sch Empty Tin Can'.
13:21:34: Schwarz Kruppzo has gained a Empty Tin Can 1450088500.
13:21:34: Schwarz Kruppzo has used '/CharGiveItem sch Empty Tin Can'.
13:21:42: Schwarz Kruppzo has lost a Empty Tin Can 1450088500.
13:21:42: Schwarz Kruppzo has used '/InvAction drop empty_tin_can 1450088500.00'.
13:21:43: Schwarz Kruppzo has lost a Empty Tin Can 1450088498.
13:21:43: Schwarz Kruppzo has used '/InvAction drop empty_tin_can 1450088498.00'.
13:21:44: Schwarz Kruppzo has lost a Empty Tin Can 1450088496.
13:21:44: Schwarz Kruppzo has used '/InvAction drop empty_tin_can 1450088496.00'.
13:21:45: Schwarz Kruppzo has lost a Empty Tin Can 1450088494.
13:21:45: Schwarz Kruppzo has used '/InvAction drop empty_tin_can 1450088494.00'.
13:21:46: Schwarz Kruppzo has lost a Empty Tin Can 1450088492.
13:21:46: Schwarz Kruppzo has used '/InvAction drop empty_tin_can 1450088492.00'.
13:21:51: Schwarz Kruppzo has used '/Observer'.
13:21:56: Schwarz Kruppzo has used '/Observer'.
13:22:08: Schwarz Kruppzo has gained a Empty Tin Can 1450088535.
13:22:08: Schwarz Kruppzo has used '/CharGiveItem sch Empty Tin Can'.
13:22:09: Schwarz Kruppzo has gained a Empty Tin Can 1450088537.
13:22:09: Schwarz Kruppzo has used '/CharGiveItem sch Empty Tin Can'.
13:22:09: Schwarz Kruppzo has gained a Empty Tin Can 1450088538.
13:22:09: Schwarz Kruppzo has used '/CharGiveItem sch Empty Tin Can'.
13:22:10: Schwarz Kruppzo has gained a Empty Tin Can 1450088540.
13:22:10: Schwarz Kruppzo has used '/CharGiveItem sch Empty Tin Can'.
13:22:11: Schwarz Kruppzo has lost a Empty Tin Can 1450088540.
13:22:11: Schwarz Kruppzo has used '/InvAction drop empty_tin_can 1450088540.00'.
13:22:12: Schwarz Kruppzo has lost a Empty Tin Can 1450088538.
13:22:12: Schwarz Kruppzo has used '/InvAction drop empty_tin_can 1450088538.00'.
13:22:13: Schwarz Kruppzo has lost a Empty Tin Can 1450088537.
13:22:13: Schwarz Kruppzo has used '/InvAction drop empty_tin_can 1450088537.00'.
13:22:13: Schwarz Kruppzo has lost a Empty Tin Can 1450088535.
13:22:13: Schwarz Kruppzo has used '/InvAction drop empty_tin_can 1450088535.00'.
13:22:25: Schwarz Kruppzo has gained a Empty Tin Can 1450088556.
13:22:25: Schwarz Kruppzo has used '/CharGiveItem sch Empty Tin Can'.
13:22:25: Schwarz Kruppzo has gained a Empty Tin Can 1450088557.
13:22:25: Schwarz Kruppzo has used '/CharGiveItem sch Empty Tin Can'.
13:22:26: Schwarz Kruppzo has gained a Empty Tin Can 1450088559.
13:22:26: Schwarz Kruppzo has used '/CharGiveItem sch Empty Tin Can'.
13:22:28: Schwarz Kruppzo has lost a Empty Tin Can 1450088559.
13:22:28: Schwarz Kruppzo has used '/InvAction drop empty_tin_can 1450088559.00'.
13:22:28: Schwarz Kruppzo has lost a Empty Tin Can 1450088557.
13:22:28: Schwarz Kruppzo has used '/InvAction drop empty_tin_can 1450088557.00'.
13:22:29: Schwarz Kruppzo has lost a Empty Tin Can 1450088556.
13:22:29: Schwarz Kruppzo has used '/InvAction drop empty_tin_can 1450088556.00'.
13:26:52: Schwarz Kruppzo has used '/Observer'.
13:27:06: Schwarz Kruppzo has used '/Observer'.
13:30:45: Schwarz Kruppzo has gained a Empty Tin Can 1450089059.
13:30:45: Schwarz Kruppzo has used '/CharGiveItem sch Empty Tin Can'.
13:30:46: Schwarz Kruppzo has gained a Empty Tin Can 1450089061.
13:30:46: Schwarz Kruppzo has used '/CharGiveItem sch Empty Tin Can'.
13:30:46: Schwarz Kruppzo has gained a Empty Tin Can 1450089062.
13:30:46: Schwarz Kruppzo has used '/CharGiveItem sch Empty Tin Can'.
13:30:47: Schwarz Kruppzo has gained a Empty Tin Can 1450089064.
13:30:47: Schwarz Kruppzo has used '/CharGiveItem sch Empty Tin Can'.
13:30:47: Schwarz Kruppzo has gained a Empty Tin Can 1450089065.
13:30:47: Schwarz Kruppzo has used '/CharGiveItem sch Empty Tin Can'.
13:30:47: Schwarz Kruppzo has gained a Empty Tin Can 1450089066.
13:30:47: Schwarz Kruppzo has used '/CharGiveItem sch Empty Tin Can'.
13:30:48: Schwarz Kruppzo has gained a Empty Tin Can 1450089068.
13:30:48: Schwarz Kruppzo has used '/CharGiveItem sch Empty Tin Can'.
13:30:48: Schwarz Kruppzo has gained a Empty Tin Can 1450089069.
13:30:48: Schwarz Kruppzo has used '/CharGiveItem sch Empty Tin Can'.
13:30:49: Schwarz Kruppzo has gained a Empty Tin Can 1450089071.
13:30:49: Schwarz Kruppzo has used '/CharGiveItem sch Empty Tin Can'.
13:30:49: Schwarz Kruppzo has gained a Empty Tin Can 1450089072.
13:30:49: Schwarz Kruppzo has used '/CharGiveItem sch Empty Tin Can'.
13:30:49: Schwarz Kruppzo has gained a Empty Tin Can 1450089073.
13:30:49: Schwarz Kruppzo has used '/CharGiveItem sch Empty Tin Can'.
13:30:51: Schwarz Kruppzo has used '/Observer'.
13:30:54: Schwarz Kruppzo has lost a Empty Tin Can 1450089065.
13:30:54: Schwarz Kruppzo has used '/InvAction drop empty_tin_can 1450089065.00'.
13:30:54: Schwarz Kruppzo has lost a Empty Tin Can 1450089064.
13:30:54: Schwarz Kruppzo has used '/InvAction drop empty_tin_can 1450089064.00'.
13:30:55: Schwarz Kruppzo has lost a Empty Tin Can 1450089066.
13:30:55: Schwarz Kruppzo has used '/InvAction drop empty_tin_can 1450089066.00'.
13:30:56: Schwarz Kruppzo has lost a Empty Tin Can 1450089068.
13:30:56: Schwarz Kruppzo has used '/InvAction drop empty_tin_can 1450089068.00'.
13:30:56: Schwarz Kruppzo has lost a Empty Tin Can 1450089069.
13:30:56: Schwarz Kruppzo has used '/InvAction drop empty_tin_can 1450089069.00'.
13:30:57: Schwarz Kruppzo has lost a Empty Tin Can 1450089071.
13:30:57: Schwarz Kruppzo has used '/InvAction drop empty_tin_can 1450089071.00'.
13:30:58: Schwarz Kruppzo has lost a Empty Tin Can 1450089072.
13:30:58: Schwarz Kruppzo has used '/InvAction drop empty_tin_can 1450089072.00'.
13:30:58: Schwarz Kruppzo has lost a Empty Tin Can 1450089073.
13:30:58: Schwarz Kruppzo has used '/InvAction drop empty_tin_can 1450089073.00'.
13:30:59: Schwarz Kruppzo has lost a Empty Tin Can 1450089062.
13:30:59: Schwarz Kruppzo has used '/InvAction drop empty_tin_can 1450089062.00'.
13:31:00: Schwarz Kruppzo has lost a Empty Tin Can 1450089061.
13:31:00: Schwarz Kruppzo has used '/InvAction drop empty_tin_can 1450089061.00'.
13:31:00: Schwarz Kruppzo has lost a Empty Tin Can 1450089059.
13:31:00: Schwarz Kruppzo has used '/InvAction drop empty_tin_can 1450089059.00'.
13:31:03: Schwarz Kruppzo has used '/Observer'.
13:36:20: Schwarz Kruppzo has used '/Observer'.
13:37:44: Schwarz Kruppzo has used '/Observer'.
13:37:45: Schwarz Kruppzo has used '/Observer'.
13:37:46: Schwarz Kruppzo has gained a Empty Tin Can 1450089614.
13:37:46: Schwarz Kruppzo has used '/CharGiveItem sch Empty Tin Can'.
13:37:46: Schwarz Kruppzo has gained a Empty Tin Can 1450089615.
13:37:46: Schwarz Kruppzo has used '/CharGiveItem sch Empty Tin Can'.
13:37:47: Schwarz Kruppzo has gained a Empty Tin Can 1450089617.
13:37:47: Schwarz Kruppzo has used '/CharGiveItem sch Empty Tin Can'.
13:37:48: Schwarz Kruppzo has gained a Empty Tin Can 1450089619.
13:37:48: Schwarz Kruppzo has used '/CharGiveItem sch Empty Tin Can'.
13:37:48: Schwarz Kruppzo has gained a Empty Tin Can 1450089620.
13:37:48: Schwarz Kruppzo has used '/CharGiveItem sch Empty Tin Can'.
13:37:48: Schwarz Kruppzo has gained a Empty Tin Can 1450089621.
13:37:48: Schwarz Kruppzo has used '/CharGiveItem sch Empty Tin Can'.
13:37:49: Schwarz Kruppzo has gained a Empty Tin Can 1450089623.
13:37:49: Schwarz Kruppzo has used '/CharGiveItem sch Empty Tin Can'.
13:37:49: Schwarz Kruppzo has gained a Empty Tin Can 1450089624.
13:37:49: Schwarz Kruppzo has used '/CharGiveItem sch Empty Tin Can'.
13:37:50: Schwarz Kruppzo has gained a Empty Tin Can 1450089626.
13:37:50: Schwarz Kruppzo has used '/CharGiveItem sch Empty Tin Can'.
13:37:52: Schwarz Kruppzo has lost a Empty Tin Can 1450089626.
13:37:52: Schwarz Kruppzo has used '/InvAction drop empty_tin_can 1450089626.00'.
13:37:53: Schwarz Kruppzo has lost a Empty Tin Can 1450089624.
13:37:53: Schwarz Kruppzo has used '/InvAction drop empty_tin_can 1450089624.00'.
13:37:54: Schwarz Kruppzo has lost a Empty Tin Can 1450089623.
13:37:54: Schwarz Kruppzo has used '/InvAction drop empty_tin_can 1450089623.00'.
13:37:55: Schwarz Kruppzo has lost a Empty Tin Can 1450089621.
13:37:55: Schwarz Kruppzo has used '/InvAction drop empty_tin_can 1450089621.00'.
13:37:55: Schwarz Kruppzo has lost a Empty Tin Can 1450089620.
13:37:55: Schwarz Kruppzo has used '/InvAction drop empty_tin_can 1450089620.00'.
13:37:56: Schwarz Kruppzo has lost a Empty Tin Can 1450089619.
13:37:56: Schwarz Kruppzo has used '/InvAction drop empty_tin_can 1450089619.00'.
13:37:57: Schwarz Kruppzo has lost a Empty Tin Can 1450089617.
13:37:57: Schwarz Kruppzo has used '/InvAction drop empty_tin_can 1450089617.00'.
13:37:57: Schwarz Kruppzo has lost a Empty Tin Can 1450089615.
13:37:57: Schwarz Kruppzo has used '/InvAction drop empty_tin_can 1450089615.00'.
13:37:58: Schwarz Kruppzo has lost a Empty Tin Can 1450089614.
13:37:58: Schwarz Kruppzo has used '/InvAction drop empty_tin_can 1450089614.00'.
13:38:00: Schwarz Kruppzo has gained a Empty Tin Can 1450089637.
13:38:00: Schwarz Kruppzo has used '/CharGiveItem sch Empty Tin Can'.
13:38:00: Schwarz Kruppzo has gained a Empty Tin Can 1450089638.
13:38:00: Schwarz Kruppzo has used '/CharGiveItem sch Empty Tin Can'.
13:38:02: Schwarz Kruppzo has lost a Empty Tin Can 1450089638.
13:38:02: Schwarz Kruppzo has used '/InvAction drop empty_tin_can 1450089638.00'.
13:38:02: Schwarz Kruppzo has lost a Empty Tin Can 1450089637.
13:38:02: Schwarz Kruppzo has used '/InvAction drop empty_tin_can 1450089637.00'.
13:38:04: Schwarz Kruppzo has used '/Observer'.
13:38:05: Schwarz Kruppzo has used '/Observer'.
13:38:11: Schwarz Kruppzo has used '/Observer'.
13:39:13: Schwarz Kruppzo has used '/Observer'.
13:39:15: Schwarz Kruppzo has used '/Observer'.
13:40:04: Schwarz Kruppzo has used '/Observer'.
13:40:11: Schwarz Kruppzo has used '/Observer'.
13:40:12: Schwarz Kruppzo has used '/Observer'.
13:40:13: Schwarz Kruppzo has used '/Observer'.
13:40:13: Schwarz Kruppzo has used '/Observer'.
13:40:14: Schwarz Kruppzo has used '/Observer'.
13:40:14: Schwarz Kruppzo has used '/Observer'.
13:40:14: Schwarz Kruppzo has used '/Observer'.
13:40:16: Schwarz Kruppzo has used '/Observer'.
13:40:17: Schwarz Kruppzo has used '/Observer'.
13:40:18: Schwarz Kruppzo has used '/Observer'.
13:40:19: Schwarz Kruppzo has used '/Observer'.
13:40:22: Schwarz Kruppzo has used '/Observer'.
13:40:25: Schwarz Kruppzo has used '/Observer'.
13:41:08: Schwarz Kruppzo has used '/Observer'.
13:41:09: Schwarz Kruppzo has used '/Observer'.
13:42:19: Schwarz Kruppzo has spawned 'models/props/de_nuke/nucleartestcabinet.mdl'.
13:42:19: Schwarz Kruppzo has spawned 'models/props/de_nuke/nucleartestcabinet.mdl'.
13:42:29: Schwarz Kruppzo has spawned 'models/props/de_nuke/equipment1.mdl'.
13:42:29: Schwarz Kruppzo has spawned 'models/props/de_nuke/equipment1.mdl'.
13:42:35: Schwarz Kruppzo has used '/Observer'.
13:42:38: Schwarz Kruppzo has spawned 'models/props/de_nuke/nuclearcontrolbox.mdl'.
13:42:38: Schwarz Kruppzo has spawned 'models/props/de_nuke/nuclearcontrolbox.mdl'.
13:42:40: Schwarz Kruppzo has used '/Observer'.
13:42:41: Schwarz Kruppzo has used '/Observer'.
13:42:48: Schwarz Kruppzo has spawned 'models/props/de_nuke/craneb.mdl'.
13:42:48: Schwarz Kruppzo has spawned 'models/props/de_nuke/craneb.mdl'.
13:42:51: Schwarz Kruppzo has used '/Observer'.
13:42:52: Schwarz Kruppzo has spawned 'models/props/de_nuke/chimneycluster01.mdl'.
13:42:52: Schwarz Kruppzo has spawned 'models/props/de_nuke/chimneycluster01.mdl'.
13:42:56: Schwarz Kruppzo has spawned 'models/props/de_nuke/equipment2.mdl'.
13:42:56: Schwarz Kruppzo has spawned 'models/props/de_nuke/equipment2.mdl'.
13:43:00: Schwarz Kruppzo has spawned 'models/props/de_nuke/equipment3b.mdl'.
13:43:00: Schwarz Kruppzo has spawned 'models/props/de_nuke/equipment3b.mdl'.
13:43:34: Schwarz Kruppzo has spawned 'models/props/de_prodigy/wall_console3.mdl'.
13:43:34: Schwarz Kruppzo has spawned 'models/props/de_prodigy/wall_console3.mdl'.
13:43:37: Schwarz Kruppzo has spawned 'models/props/de_prodigy/wall_console2.mdl'.
13:43:37: Schwarz Kruppzo has spawned 'models/props/de_prodigy/wall_console2.mdl'.
13:43:37: Schwarz Kruppzo has used '/Observer'.
13:43:40: Schwarz Kruppzo has used '/Observer'.
13:43:45: Schwarz Kruppzo has spawned 'models/props/de_prodigy/transformer.mdl'.
13:43:45: Schwarz Kruppzo has spawned 'models/props/de_prodigy/transformer.mdl'.
13:43:45: Schwarz Kruppzo has used '/Observer'.
13:44:15: Schwarz Kruppzo has used '/Observer'.
13:44:21: Schwarz Kruppzo has spawned 'models/props/cs_militia/furnace01.mdl'.
13:44:21: Schwarz Kruppzo has spawned 'models/props/cs_militia/furnace01.mdl'.
13:44:31: Schwarz Kruppzo has used '/Observer'.
13:44:47: Schwarz Kruppzo has used '/Observer'.
13:44:50: Schwarz Kruppzo has spawned 'models/props/cs_militia/microwave01.mdl'.
13:44:50: Schwarz Kruppzo has spawned 'models/props/cs_militia/microwave01.mdl'.
13:45:48: Schwarz Kruppzo has used '/Observer'.
13:46:14: Schwarz Kruppzo has used '/Observer'.
13:46:15: Schwarz Kruppzo has spawned 'models/props/cs_militia/microwave01.mdl'.
13:46:15: Schwarz Kruppzo has spawned 'models/props/cs_militia/microwave01.mdl'.
13:49:11: Schwarz Kruppzo has spawned 'models/props_combine/tprotato2.mdl'.
13:49:11: Schwarz Kruppzo has spawned 'models/props_combine/tprotato2.mdl'.
13:49:25: Schwarz Kruppzo has spawned 'models/props_combine/tprotato2.mdl'.
13:49:25: Schwarz Kruppzo has spawned 'models/props_combine/tprotato2.mdl'.
13:49:40: Schwarz Kruppzo has spawned 'models/props_combine/tprotato2_chunk04.mdl'.
13:49:40: Schwarz Kruppzo has spawned 'models/props_combine/tprotato2_chunk04.mdl'.
13:49:44: Schwarz Kruppzo has spawned 'models/props_combine/tprotato2_chunk04.mdl'.
13:49:44: Schwarz Kruppzo has spawned 'models/props_combine/tprotato2_chunk04.mdl'.
13:51:10: Schwarz Kruppzo has used '/Nightvision'.
13:51:11: Schwarz Kruppzo has used '/Nightvision'.
13:51:12: Schwarz Kruppzo has used '/Nightvision'.
13:51:13: Schwarz Kruppzo has used '/Nightvision'.
13:51:46: Schwarz Kruppzo has used '/Nightvision'.
13:51:46: Schwarz Kruppzo has used '/Nightvision'.
13:53:32: Schwarz Kruppzo has used '/Nightvision'.
13:53:33: Schwarz Kruppzo has used '/Nightvision'.
14:00:26: Schwarz Kruppzo has used '/Observer'.
14:00:29: Schwarz Kruppzo has used '/Observer'.
14:01:34: Schwarz Kruppzo has used '/Observer'.
14:01:42: Schwarz Kruppzo has used '/Observer'.
14:02:02: Schwarz Kruppzo has used '/Observer'.
14:02:12: Schwarz Kruppzo has used '/Observer'.
14:02:34: Schwarz Kruppzo has used '/Observer'.
14:02:55: Schwarz Kruppzo has used '/Observer'.
14:02:56: Schwarz Kruppzo has used '/Observer'.
14:03:02: Schwarz Kruppzo has used '/Observer'.
14:03:26: Schwarz Kruppzo has used '/Observer'.
14:03:26: Schwarz Kruppzo has used '/Observer'.
14:03:28: Schwarz Kruppzo has used '/Observer'.
14:03:28: Schwarz Kruppzo has used '/Observer'.
14:03:29: Schwarz Kruppzo has used '/Observer'.
14:03:29: Schwarz Kruppzo has used '/Observer'.
14:03:31: Schwarz Kruppzo has used '/Observer'.
14:04:05: Schwarz Kruppzo (STEAM_0:1:44629398) has disconnected.
