18:31:21: [EoAsm] SchwarzKruppzo (STEAM_0:1:44629398) has connected.
18:32:50: [EoAsm] SchwarzKruppzo has loaded the character 'Schwarz Kruppzo'.
18:32:54: Schwarz Kruppzo has used '/Observer'.
18:33:04: Schwarz Kruppzo has used '/CharGiveFlags sch N'.
18:33:10: Schwarz Kruppzo has used '/Observer'.
18:33:33: Schwarz Kruppzo has used '/Nightvision'.
18:33:36: Schwarz Kruppzo has used '/Nightvision'.
18:33:37: Schwarz Kruppzo has used '/Nightvision'.
18:33:38: Schwarz Kruppzo has used '/Observer'.
18:33:39: Schwarz Kruppzo has used '/Observer'.
18:33:40: Schwarz Kruppzo has used '/Observer'.
18:33:41: Schwarz Kruppzo has used '/Observer'.
18:33:45: Schwarz Kruppzo has used '/Nightvision'.
18:33:47: Schwarz Kruppzo has used '/Nightvision'.
18:38:16: [EoAsm] SchwarzKruppzo (STEAM_0:1:44629398) has connected.
18:39:24: [EoAsm] SchwarzKruppzo has loaded the character 'Schwarz Kruppzo'.
18:39:27: Schwarz Kruppzo has used '/Observer'.
18:39:33: Schwarz Kruppzo has used '/Nightvision'.
18:39:36: Schwarz Kruppzo has used '/Nightvision'.
18:44:19: [EoAsm] SchwarzKruppzo (STEAM_0:1:44629398) has connected.
18:46:30: [EoAsm] SchwarzKruppzo has loaded the character 'Schwarz Kruppzo'.
18:46:43: Schwarz Kruppzo has used '/Nightvision'.
18:46:45: Schwarz Kruppzo has used '/Observer'.
18:46:46: Schwarz Kruppzo has used '/Observer'.
18:46:49: Schwarz Kruppzo has used '/Observer'.
18:46:49: Schwarz Kruppzo has used '/Observer'.
18:46:49: Schwarz Kruppzo has used '/Observer'.
18:46:50: Schwarz Kruppzo has used '/Observer'.
18:46:51: Schwarz Kruppzo has used '/Observer'.
18:46:52: Schwarz Kruppzo has used '/Observer'.
18:46:53: Schwarz Kruppzo has used '/Nightvision'.
18:46:55: Schwarz Kruppzo has used '/Observer'.
18:46:55: Schwarz Kruppzo has used '/Observer'.
18:46:56: Schwarz Kruppzo has used '/Observer'.
18:46:56: Schwarz Kruppzo has used '/Observer'.
18:46:57: Schwarz Kruppzo has used '/Observer'.
18:46:58: Schwarz Kruppzo has used '/Observer'.
18:46:59: Schwarz Kruppzo (STEAM_0:1:44629398) has disconnected.
