12:52:18: [EoAsm] SchwarzKruppzo (STEAM_0:1:44629398) has connected.
12:52:44: [EoAsm] SchwarzKruppzo has loaded the character 'Schwarz Kruppzo'.
12:55:37: Schwarz Kruppzo has used '/Observer'.
12:55:40: Schwarz Kruppzo has used '/Observer'.
12:58:00: Schwarz Kruppzo has used '/Observer'.
12:59:35: Schwarz Kruppzo has used '/Observer'.
13:01:51: Schwarz Kruppzo has gained a Empty Tin Can 1450260112.
13:01:51: Schwarz Kruppzo has used '/CharGiveItem sch empty_tin_can'.
13:01:55: Schwarz Kruppzo has lost a Empty Tin Can 1450260112.
13:01:55: Schwarz Kruppzo has used '/InvAction drop empty_tin_can 1450260112.00'.
13:02:06: Schwarz Kruppzo has gained a Empty Tin Can 1450260128.
13:02:06: Schwarz Kruppzo has used '/CharGiveItem sch empty_tin_can'.
13:02:07: Schwarz Kruppzo has gained a Empty Tin Can 1450260130.
13:02:07: Schwarz Kruppzo has used '/CharGiveItem sch empty_tin_can'.
13:02:07: Schwarz Kruppzo has gained a Empty Tin Can 1450260131.
13:02:07: Schwarz Kruppzo has used '/CharGiveItem sch empty_tin_can'.
13:02:08: Schwarz Kruppzo has gained a Empty Tin Can 1450260133.
13:02:08: Schwarz Kruppzo has used '/CharGiveItem sch empty_tin_can'.
13:02:14: Schwarz Kruppzo has lost a Empty Tin Can 1450260133.
13:02:14: Schwarz Kruppzo has used '/InvAction drop empty_tin_can 1450260133.00'.
13:02:15: Schwarz Kruppzo has lost a Empty Tin Can 1450260131.
13:02:15: Schwarz Kruppzo has used '/InvAction drop empty_tin_can 1450260131.00'.
13:02:17: Schwarz Kruppzo has lost a Empty Tin Can 1450260130.
13:02:17: Schwarz Kruppzo has used '/InvAction drop empty_tin_can 1450260130.00'.
13:02:18: Schwarz Kruppzo has lost a Empty Tin Can 1450260128.
13:02:18: Schwarz Kruppzo has used '/InvAction drop empty_tin_can 1450260128.00'.
13:12:27: Schwarz Kruppzo has used '/Observer'.
13:12:31: Schwarz Kruppzo has used '/Observer'.
13:12:34: Schwarz Kruppzo has used '/Observer'.
13:12:37: Schwarz Kruppzo has used '/Observer'.
13:12:37: Schwarz Kruppzo has used '/Observer'.
13:12:38: Schwarz Kruppzo has used '/Observer'.
13:13:03: Schwarz Kruppzo has used '/Observer'.
13:13:04: Schwarz Kruppzo has used '/Observer'.
13:19:09: Schwarz Kruppzo has gained a Empty Tin Can 1450261172.
13:19:09: Schwarz Kruppzo has used '/CharGiveItem sch empty_tin_can'.
13:19:10: Schwarz Kruppzo has gained a Empty Tin Can 1450261174.
13:19:10: Schwarz Kruppzo has used '/CharGiveItem sch empty_tin_can'.
13:19:10: Schwarz Kruppzo has gained a Empty Tin Can 1450261175.
13:19:10: Schwarz Kruppzo has used '/CharGiveItem sch empty_tin_can'.
13:19:11: Schwarz Kruppzo has gained a Empty Tin Can 1450261177.
13:19:11: Schwarz Kruppzo has used '/CharGiveItem sch empty_tin_can'.
13:19:11: Schwarz Kruppzo has gained a Empty Tin Can 1450261178.
13:19:11: Schwarz Kruppzo has used '/CharGiveItem sch empty_tin_can'.
13:19:11: Schwarz Kruppzo has gained a Empty Tin Can 1450261179.
13:19:11: Schwarz Kruppzo has used '/CharGiveItem sch empty_tin_can'.
13:19:12: Schwarz Kruppzo has gained a Empty Tin Can 1450261181.
13:19:12: Schwarz Kruppzo has used '/CharGiveItem sch empty_tin_can'.
13:19:12: Schwarz Kruppzo has gained a Empty Tin Can 1450261182.
13:19:12: Schwarz Kruppzo has used '/CharGiveItem sch empty_tin_can'.
13:19:12: Schwarz Kruppzo has gained a Empty Tin Can 1450261183.
13:19:12: Schwarz Kruppzo has used '/CharGiveItem sch empty_tin_can'.
13:19:13: Schwarz Kruppzo has gained a Empty Tin Can 1450261185.
13:19:13: Schwarz Kruppzo has used '/CharGiveItem sch empty_tin_can'.
13:19:13: Schwarz Kruppzo has gained a Empty Tin Can 1450261186.
13:19:13: Schwarz Kruppzo has used '/CharGiveItem sch empty_tin_can'.
13:19:13: Schwarz Kruppzo has gained a Empty Tin Can 1450261187.
13:19:13: Schwarz Kruppzo has used '/CharGiveItem sch empty_tin_can'.
13:19:15: Schwarz Kruppzo has lost a Empty Tin Can 1450261187.
13:19:15: Schwarz Kruppzo has used '/InvAction drop empty_tin_can 1450261187.00'.
13:19:17: Schwarz Kruppzo has lost a Empty Tin Can 1450261172.
13:19:17: Schwarz Kruppzo has used '/InvAction drop empty_tin_can 1450261172.00'.
13:19:18: Schwarz Kruppzo has lost a Empty Tin Can 1450261174.
13:19:18: Schwarz Kruppzo has used '/InvAction drop empty_tin_can 1450261174.00'.
13:19:18: Schwarz Kruppzo has lost a Empty Tin Can 1450261175.
13:19:18: Schwarz Kruppzo has used '/InvAction drop empty_tin_can 1450261175.00'.
13:19:19: Schwarz Kruppzo has lost a Empty Tin Can 1450261177.
13:19:19: Schwarz Kruppzo has used '/InvAction drop empty_tin_can 1450261177.00'.
13:19:20: Schwarz Kruppzo has lost a Empty Tin Can 1450261178.
13:19:20: Schwarz Kruppzo has used '/InvAction drop empty_tin_can 1450261178.00'.
13:19:21: Schwarz Kruppzo has lost a Empty Tin Can 1450261179.
13:19:21: Schwarz Kruppzo has used '/InvAction drop empty_tin_can 1450261179.00'.
13:19:21: Schwarz Kruppzo has lost a Empty Tin Can 1450261181.
13:19:21: Schwarz Kruppzo has used '/InvAction drop empty_tin_can 1450261181.00'.
13:19:22: Schwarz Kruppzo has lost a Empty Tin Can 1450261182.
13:19:22: Schwarz Kruppzo has used '/InvAction drop empty_tin_can 1450261182.00'.
13:19:23: Schwarz Kruppzo has lost a Empty Tin Can 1450261183.
13:19:23: Schwarz Kruppzo has used '/InvAction drop empty_tin_can 1450261183.00'.
13:20:56: Schwarz Kruppzo has used '/Observer'.
13:22:59: Schwarz Kruppzo has gained a Empty Tin Can 1450261416.
13:22:59: Schwarz Kruppzo has used '/CharGiveItem sch empty_tin_can'.
13:22:59: Schwarz Kruppzo has gained a Empty Tin Can 1450261417.
13:22:59: Schwarz Kruppzo has used '/CharGiveItem sch empty_tin_can'.
13:23:00: Schwarz Kruppzo has gained a Empty Tin Can 1450261419.
13:23:00: Schwarz Kruppzo has used '/CharGiveItem sch empty_tin_can'.
13:23:02: Schwarz Kruppzo has lost a Empty Tin Can 1450261419.
13:23:02: Schwarz Kruppzo has used '/InvAction drop empty_tin_can 1450261419.00'.
13:23:03: Schwarz Kruppzo has lost a Empty Tin Can 1450261417.
13:23:03: Schwarz Kruppzo has used '/InvAction drop empty_tin_can 1450261417.00'.
13:23:03: Schwarz Kruppzo has lost a Empty Tin Can 1450261416.
13:23:03: Schwarz Kruppzo has used '/InvAction drop empty_tin_can 1450261416.00'.
13:23:04: Schwarz Kruppzo has lost a Empty Tin Can 1450261186.
13:23:04: Schwarz Kruppzo has used '/InvAction drop empty_tin_can 1450261186.00'.
13:23:05: Schwarz Kruppzo has lost a Empty Tin Can 1450261185.
13:23:05: Schwarz Kruppzo has used '/InvAction drop empty_tin_can 1450261185.00'.
13:23:07: Schwarz Kruppzo has gained a Empty Tin Can 1450261427.
13:23:07: Schwarz Kruppzo has used '/CharGiveItem sch empty_tin_can'.
13:23:07: Schwarz Kruppzo has gained a Empty Tin Can 1450261428.
13:23:07: Schwarz Kruppzo has used '/CharGiveItem sch empty_tin_can'.
13:23:08: Schwarz Kruppzo has gained a Empty Tin Can 1450261430.
13:23:08: Schwarz Kruppzo has used '/CharGiveItem sch empty_tin_can'.
13:23:08: Schwarz Kruppzo has gained a Empty Tin Can 1450261431.
13:23:08: Schwarz Kruppzo has used '/CharGiveItem sch empty_tin_can'.
13:23:08: Schwarz Kruppzo has gained a Empty Tin Can 1450261432.
13:23:08: Schwarz Kruppzo has used '/CharGiveItem sch empty_tin_can'.
13:23:09: Schwarz Kruppzo has gained a Empty Tin Can 1450261434.
13:23:09: Schwarz Kruppzo has used '/CharGiveItem sch empty_tin_can'.
13:23:10: Schwarz Kruppzo has lost a Empty Tin Can 1450261434.
13:23:10: Schwarz Kruppzo has used '/InvAction drop empty_tin_can 1450261434.00'.
13:23:11: Schwarz Kruppzo has lost a Empty Tin Can 1450261432.
13:23:11: Schwarz Kruppzo has used '/InvAction drop empty_tin_can 1450261432.00'.
13:23:12: Schwarz Kruppzo has lost a Empty Tin Can 1450261431.
13:23:12: Schwarz Kruppzo has used '/InvAction drop empty_tin_can 1450261431.00'.
13:23:12: Schwarz Kruppzo has lost a Empty Tin Can 1450261430.
13:23:12: Schwarz Kruppzo has used '/InvAction drop empty_tin_can 1450261430.00'.
13:23:14: Schwarz Kruppzo has lost a Empty Tin Can 1450261428.
13:23:14: Schwarz Kruppzo has used '/InvAction drop empty_tin_can 1450261428.00'.
13:25:29: Schwarz Kruppzo has gained a Empty Tin Can 1450261576.
13:25:29: Schwarz Kruppzo has used '/CharGiveItem sch empty_tin_can'.
13:25:29: Schwarz Kruppzo has gained a Empty Tin Can 1450261577.
13:25:29: Schwarz Kruppzo has used '/CharGiveItem sch empty_tin_can'.
13:25:30: Schwarz Kruppzo has gained a Empty Tin Can 1450261579.
13:25:30: Schwarz Kruppzo has used '/CharGiveItem sch empty_tin_can'.
13:25:30: Schwarz Kruppzo has gained a Empty Tin Can 1450261580.
13:25:30: Schwarz Kruppzo has used '/CharGiveItem sch empty_tin_can'.
13:25:30: Schwarz Kruppzo has gained a Empty Tin Can 1450261581.
13:25:30: Schwarz Kruppzo has used '/CharGiveItem sch empty_tin_can'.
13:25:31: Schwarz Kruppzo has gained a Empty Tin Can 1450261583.
13:25:31: Schwarz Kruppzo has used '/CharGiveItem sch empty_tin_can'.
13:25:31: Schwarz Kruppzo has gained a Empty Tin Can 1450261584.
13:25:31: Schwarz Kruppzo has used '/CharGiveItem sch empty_tin_can'.
13:25:32: Schwarz Kruppzo has gained a Empty Tin Can 1450261586.
13:25:32: Schwarz Kruppzo has used '/CharGiveItem sch empty_tin_can'.
13:25:32: Schwarz Kruppzo has gained a Empty Tin Can 1450261587.
13:25:32: Schwarz Kruppzo has used '/CharGiveItem sch empty_tin_can'.
13:25:32: Schwarz Kruppzo has gained a Empty Tin Can 1450261588.
13:25:32: Schwarz Kruppzo has used '/CharGiveItem sch empty_tin_can'.
13:25:34: Schwarz Kruppzo has lost a Empty Tin Can 1450261583.
13:25:34: Schwarz Kruppzo has used '/InvAction drop empty_tin_can 1450261583.00'.
13:25:34: Schwarz Kruppzo has lost a Empty Tin Can 1450261581.
13:25:34: Schwarz Kruppzo has used '/InvAction drop empty_tin_can 1450261581.00'.
13:25:35: Schwarz Kruppzo has lost a Empty Tin Can 1450261580.
13:25:35: Schwarz Kruppzo has used '/InvAction drop empty_tin_can 1450261580.00'.
13:25:36: Schwarz Kruppzo has lost a Empty Tin Can 1450261579.
13:25:36: Schwarz Kruppzo has used '/InvAction drop empty_tin_can 1450261579.00'.
13:25:36: Schwarz Kruppzo has lost a Empty Tin Can 1450261584.
13:25:36: Schwarz Kruppzo has used '/InvAction drop empty_tin_can 1450261584.00'.
13:25:37: Schwarz Kruppzo has lost a Empty Tin Can 1450261586.
13:25:37: Schwarz Kruppzo has used '/InvAction drop empty_tin_can 1450261586.00'.
13:25:38: Schwarz Kruppzo has lost a Empty Tin Can 1450261577.
13:25:38: Schwarz Kruppzo has used '/InvAction drop empty_tin_can 1450261577.00'.
13:25:38: Schwarz Kruppzo has lost a Empty Tin Can 1450261587.
13:25:38: Schwarz Kruppzo has used '/InvAction drop empty_tin_can 1450261587.00'.
13:25:39: Schwarz Kruppzo has lost a Empty Tin Can 1450261588.
13:25:39: Schwarz Kruppzo has used '/InvAction drop empty_tin_can 1450261588.00'.
13:25:39: Schwarz Kruppzo has lost a Empty Tin Can 1450261576.
13:25:39: Schwarz Kruppzo has used '/InvAction drop empty_tin_can 1450261576.00'.
13:28:50: Schwarz Kruppzo has used '/Observer'.
13:29:50: Schwarz Kruppzo has used '/charSetSleep sch 100'.
13:37:11: Schwarz Kruppzo has gained a Empty Tin Can 1450262293.
13:37:11: Schwarz Kruppzo has used '/CharGiveItem sch empty_tin_can'.
13:37:12: Schwarz Kruppzo has gained a Empty Tin Can 1450262295.
13:37:12: Schwarz Kruppzo has used '/CharGiveItem sch empty_tin_can'.
13:37:12: Schwarz Kruppzo has gained a Empty Tin Can 1450262296.
13:37:12: Schwarz Kruppzo has used '/CharGiveItem sch empty_tin_can'.
13:37:12: Schwarz Kruppzo has gained a Empty Tin Can 1450262297.
13:37:12: Schwarz Kruppzo has used '/CharGiveItem sch empty_tin_can'.
13:37:13: Schwarz Kruppzo has gained a Empty Tin Can 1450262299.
13:37:13: Schwarz Kruppzo has used '/CharGiveItem sch empty_tin_can'.
13:37:13: Schwarz Kruppzo has gained a Empty Tin Can 1450262300.
13:37:13: Schwarz Kruppzo has used '/CharGiveItem sch empty_tin_can'.
13:37:14: Schwarz Kruppzo has gained a Empty Tin Can 1450262302.
13:37:14: Schwarz Kruppzo has used '/CharGiveItem sch empty_tin_can'.
13:37:14: Schwarz Kruppzo has gained a Empty Tin Can 1450262303.
13:37:14: Schwarz Kruppzo has used '/CharGiveItem sch empty_tin_can'.
13:37:14: Schwarz Kruppzo has gained a Empty Tin Can 1450262304.
13:37:14: Schwarz Kruppzo has used '/CharGiveItem sch empty_tin_can'.
13:37:16: Schwarz Kruppzo has lost a Empty Tin Can 1450262304.
13:37:16: Schwarz Kruppzo has used '/InvAction drop empty_tin_can 1450262304.00'.
13:37:16: Schwarz Kruppzo has lost a Empty Tin Can 1450262303.
13:37:16: Schwarz Kruppzo has used '/InvAction drop empty_tin_can 1450262303.00'.
13:37:17: Schwarz Kruppzo has lost a Empty Tin Can 1450262302.
13:37:17: Schwarz Kruppzo has used '/InvAction drop empty_tin_can 1450262302.00'.
13:37:17: Schwarz Kruppzo has lost a Empty Tin Can 1450262300.
13:37:17: Schwarz Kruppzo has used '/InvAction drop empty_tin_can 1450262300.00'.
13:37:18: Schwarz Kruppzo has lost a Empty Tin Can 1450262299.
13:37:18: Schwarz Kruppzo has used '/InvAction drop empty_tin_can 1450262299.00'.
13:37:19: Schwarz Kruppzo has lost a Empty Tin Can 1450262297.
13:37:19: Schwarz Kruppzo has used '/InvAction drop empty_tin_can 1450262297.00'.
13:37:19: Schwarz Kruppzo has lost a Empty Tin Can 1450262296.
13:37:19: Schwarz Kruppzo has used '/InvAction drop empty_tin_can 1450262296.00'.
13:37:21: Schwarz Kruppzo has lost a Empty Tin Can 1450262295.
13:37:21: Schwarz Kruppzo has used '/InvAction drop empty_tin_can 1450262295.00'.
13:37:21: Schwarz Kruppzo has lost a Empty Tin Can 1450262293.
13:37:21: Schwarz Kruppzo has used '/InvAction drop empty_tin_can 1450262293.00'.
13:37:22: Schwarz Kruppzo has lost a Empty Tin Can 1450261427.
13:37:22: Schwarz Kruppzo has used '/InvAction drop empty_tin_can 1450261427.00'.
13:37:31: Schwarz Kruppzo says: "kek"
13:37:44: Schwarz Kruppzo has gained a Empty Tin Can 1450262335.
13:37:44: Schwarz Kruppzo has used '/CharGiveItem sch empty_tin_can'.
13:37:44: Schwarz Kruppzo has gained a Empty Tin Can 1450262336.
13:37:44: Schwarz Kruppzo has used '/CharGiveItem sch empty_tin_can'.
13:37:45: Schwarz Kruppzo has gained a Empty Tin Can 1450262338.
13:37:45: Schwarz Kruppzo has used '/CharGiveItem sch empty_tin_can'.
13:37:45: Schwarz Kruppzo has gained a Empty Tin Can 1450262339.
13:37:45: Schwarz Kruppzo has used '/CharGiveItem sch empty_tin_can'.
13:37:45: Schwarz Kruppzo has gained a Empty Tin Can 1450262340.
13:37:45: Schwarz Kruppzo has used '/CharGiveItem sch empty_tin_can'.
13:37:46: Schwarz Kruppzo has gained a Empty Tin Can 1450262342.
13:37:46: Schwarz Kruppzo has used '/CharGiveItem sch empty_tin_can'.
13:37:46: Schwarz Kruppzo has gained a Empty Tin Can 1450262343.
13:37:46: Schwarz Kruppzo has used '/CharGiveItem sch empty_tin_can'.
13:37:46: Schwarz Kruppzo has gained a Empty Tin Can 1450262344.
13:37:46: Schwarz Kruppzo has used '/CharGiveItem sch empty_tin_can'.
13:37:47: Schwarz Kruppzo has gained a Empty Tin Can 1450262346.
13:37:47: Schwarz Kruppzo has used '/CharGiveItem sch empty_tin_can'.
13:37:47: Schwarz Kruppzo has gained a Empty Tin Can 1450262347.
13:37:47: Schwarz Kruppzo has used '/CharGiveItem sch empty_tin_can'.
13:37:47: Schwarz Kruppzo has gained a Empty Tin Can 1450262348.
13:37:47: Schwarz Kruppzo has used '/CharGiveItem sch empty_tin_can'.
13:37:48: Schwarz Kruppzo has gained a Empty Tin Can 1450262350.
13:37:48: Schwarz Kruppzo has used '/CharGiveItem sch empty_tin_can'.
13:37:51: Schwarz Kruppzo has lost a Empty Tin Can 1450262347.
13:37:51: Schwarz Kruppzo has used '/InvAction drop empty_tin_can 1450262347.00'.
13:37:51: Schwarz Kruppzo has lost a Empty Tin Can 1450262348.
13:37:51: Schwarz Kruppzo has used '/InvAction drop empty_tin_can 1450262348.00'.
13:37:52: Schwarz Kruppzo has lost a Empty Tin Can 1450262350.
13:37:52: Schwarz Kruppzo has used '/InvAction drop empty_tin_can 1450262350.00'.
13:37:53: Schwarz Kruppzo has lost a Empty Tin Can 1450262346.
13:37:53: Schwarz Kruppzo has used '/InvAction drop empty_tin_can 1450262346.00'.
13:37:54: Schwarz Kruppzo has lost a Empty Tin Can 1450262338.
13:37:54: Schwarz Kruppzo has used '/InvAction drop empty_tin_can 1450262338.00'.
13:37:54: Schwarz Kruppzo has lost a Empty Tin Can 1450262339.
13:37:54: Schwarz Kruppzo has used '/InvAction drop empty_tin_can 1450262339.00'.
13:37:55: Schwarz Kruppzo has lost a Empty Tin Can 1450262340.
13:37:55: Schwarz Kruppzo has used '/InvAction drop empty_tin_can 1450262340.00'.
13:37:55: Schwarz Kruppzo has lost a Empty Tin Can 1450262342.
13:37:55: Schwarz Kruppzo has used '/InvAction drop empty_tin_can 1450262342.00'.
13:37:56: Schwarz Kruppzo has lost a Empty Tin Can 1450262343.
13:37:56: Schwarz Kruppzo has used '/InvAction drop empty_tin_can 1450262343.00'.
13:37:56: Schwarz Kruppzo has lost a Empty Tin Can 1450262344.
13:37:56: Schwarz Kruppzo has used '/InvAction drop empty_tin_can 1450262344.00'.
13:39:04: Schwarz Kruppzo says: "mraz"
13:39:40: Schwarz Kruppzo says: "mrazy"
13:39:41: Schwarz Kruppzo has gained a Empty Tin Can 1450262465.
13:39:41: Schwarz Kruppzo has used '/CharGiveItem sch empty_tin_can'.
13:39:42: Schwarz Kruppzo has gained a Empty Tin Can 1450262467.
13:39:42: Schwarz Kruppzo has used '/CharGiveItem sch empty_tin_can'.
13:39:42: Schwarz Kruppzo has gained a Empty Tin Can 1450262468.
13:39:42: Schwarz Kruppzo has used '/CharGiveItem sch empty_tin_can'.
13:39:42: Schwarz Kruppzo has gained a Empty Tin Can 1450262469.
13:39:42: Schwarz Kruppzo has used '/CharGiveItem sch empty_tin_can'.
13:39:43: Schwarz Kruppzo has gained a Empty Tin Can 1450262471.
13:39:43: Schwarz Kruppzo has used '/CharGiveItem sch empty_tin_can'.
13:39:43: Schwarz Kruppzo has gained a Empty Tin Can 1450262472.
13:39:43: Schwarz Kruppzo has used '/CharGiveItem sch empty_tin_can'.
13:39:44: Schwarz Kruppzo has gained a Empty Tin Can 1450262474.
13:39:44: Schwarz Kruppzo has used '/CharGiveItem sch empty_tin_can'.
13:39:44: Schwarz Kruppzo has gained a Empty Tin Can 1450262475.
13:39:44: Schwarz Kruppzo has used '/CharGiveItem sch empty_tin_can'.
13:39:46: Schwarz Kruppzo has lost a Empty Tin Can 1450262335.
13:39:46: Schwarz Kruppzo has used '/InvAction drop empty_tin_can 1450262335.00'.
13:39:46: Schwarz Kruppzo has lost a Empty Tin Can 1450262336.
13:39:46: Schwarz Kruppzo has used '/InvAction drop empty_tin_can 1450262336.00'.
13:39:47: Schwarz Kruppzo has lost a Empty Tin Can 1450262465.
13:39:47: Schwarz Kruppzo has used '/InvAction drop empty_tin_can 1450262465.00'.
13:39:47: Schwarz Kruppzo has lost a Empty Tin Can 1450262467.
13:39:47: Schwarz Kruppzo has used '/InvAction drop empty_tin_can 1450262467.00'.
13:39:48: Schwarz Kruppzo has lost a Empty Tin Can 1450262468.
13:39:48: Schwarz Kruppzo has used '/InvAction drop empty_tin_can 1450262468.00'.
13:39:49: Schwarz Kruppzo has lost a Empty Tin Can 1450262469.
13:39:49: Schwarz Kruppzo has used '/InvAction drop empty_tin_can 1450262469.00'.
13:39:50: Schwarz Kruppzo has lost a Empty Tin Can 1450262471.
13:39:50: Schwarz Kruppzo has used '/InvAction drop empty_tin_can 1450262471.00'.
13:39:50: Schwarz Kruppzo has lost a Empty Tin Can 1450262472.
13:39:50: Schwarz Kruppzo has used '/InvAction drop empty_tin_can 1450262472.00'.
13:39:51: Schwarz Kruppzo has lost a Empty Tin Can 1450262474.
13:39:51: Schwarz Kruppzo has used '/InvAction drop empty_tin_can 1450262474.00'.
13:41:12: Schwarz Kruppzo has lost a Empty Tin Can 1450262475.
13:41:12: Schwarz Kruppzo has used '/InvAction drop empty_tin_can 1450262475.00'.
13:41:13: Schwarz Kruppzo has gained a Empty Tin Can 1450262566.
13:41:13: Schwarz Kruppzo has used '/CharGiveItem sch empty_tin_can'.
13:41:13: Schwarz Kruppzo has gained a Empty Tin Can 1450262567.
13:41:13: Schwarz Kruppzo has used '/CharGiveItem sch empty_tin_can'.
13:41:13: Schwarz Kruppzo has gained a Empty Tin Can 1450262568.
13:41:13: Schwarz Kruppzo has used '/CharGiveItem sch empty_tin_can'.
13:41:14: Schwarz Kruppzo has gained a Empty Tin Can 1450262570.
13:41:14: Schwarz Kruppzo has used '/CharGiveItem sch empty_tin_can'.
13:41:14: Schwarz Kruppzo has gained a Empty Tin Can 1450262571.
13:41:14: Schwarz Kruppzo has used '/CharGiveItem sch empty_tin_can'.
13:41:16: Schwarz Kruppzo has used '/CharGiveItem sch empty_tin_cany'.
13:41:17: Schwarz Kruppzo has used '/CharGiveItem sch empty_tin_cany'.
13:41:18: Schwarz Kruppzo has gained a Empty Tin Can 1450262576.
13:41:18: Schwarz Kruppzo has used '/CharGiveItem sch empty_tin_can'.
13:41:19: Schwarz Kruppzo has gained a Empty Tin Can 1450262578.
13:41:19: Schwarz Kruppzo has used '/CharGiveItem sch empty_tin_can'.
13:41:19: Schwarz Kruppzo has gained a Empty Tin Can 1450262579.
13:41:19: Schwarz Kruppzo has used '/CharGiveItem sch empty_tin_can'.
13:41:20: Schwarz Kruppzo has gained a Empty Tin Can 1450262581.
13:41:20: Schwarz Kruppzo has used '/CharGiveItem sch empty_tin_can'.
13:41:22: Schwarz Kruppzo has lost a Empty Tin Can 1450262566.
13:41:22: Schwarz Kruppzo has used '/InvAction drop empty_tin_can 1450262566.00'.
13:41:22: Schwarz Kruppzo has lost a Empty Tin Can 1450262567.
13:41:22: Schwarz Kruppzo has used '/InvAction drop empty_tin_can 1450262567.00'.
13:41:23: Schwarz Kruppzo has lost a Empty Tin Can 1450262568.
13:41:23: Schwarz Kruppzo has used '/InvAction drop empty_tin_can 1450262568.00'.
13:41:23: Schwarz Kruppzo has lost a Empty Tin Can 1450262570.
13:41:23: Schwarz Kruppzo has used '/InvAction drop empty_tin_can 1450262570.00'.
13:41:24: Schwarz Kruppzo has lost a Empty Tin Can 1450262571.
13:41:24: Schwarz Kruppzo has used '/InvAction drop empty_tin_can 1450262571.00'.
13:41:24: Schwarz Kruppzo has lost a Empty Tin Can 1450262576.
13:41:24: Schwarz Kruppzo has used '/InvAction drop empty_tin_can 1450262576.00'.
13:41:25: Schwarz Kruppzo has lost a Empty Tin Can 1450262578.
13:41:25: Schwarz Kruppzo has used '/InvAction drop empty_tin_can 1450262578.00'.
13:41:26: Schwarz Kruppzo has lost a Empty Tin Can 1450262579.
13:41:26: Schwarz Kruppzo has used '/InvAction drop empty_tin_can 1450262579.00'.
13:42:21: Schwarz Kruppzo has gained a Empty Tin Can 1450262643.
13:42:21: Schwarz Kruppzo has used '/CharGiveItem sch empty_tin_can'.
13:42:22: Schwarz Kruppzo has gained a Empty Tin Can 1450262645.
13:42:22: Schwarz Kruppzo has used '/CharGiveItem sch empty_tin_can'.
13:42:22: Schwarz Kruppzo has gained a Empty Tin Can 1450262646.
13:42:22: Schwarz Kruppzo has used '/CharGiveItem sch empty_tin_can'.
13:42:22: Schwarz Kruppzo has gained a Empty Tin Can 1450262647.
13:42:22: Schwarz Kruppzo has used '/CharGiveItem sch empty_tin_can'.
13:42:23: Schwarz Kruppzo has gained a Empty Tin Can 1450262649.
13:42:23: Schwarz Kruppzo has used '/CharGiveItem sch empty_tin_can'.
13:42:23: Schwarz Kruppzo has gained a Empty Tin Can 1450262650.
13:42:23: Schwarz Kruppzo has used '/CharGiveItem sch empty_tin_can'.
13:42:24: Schwarz Kruppzo has gained a Empty Tin Can 1450262652.
13:42:24: Schwarz Kruppzo has used '/CharGiveItem sch empty_tin_can'.
13:42:24: Schwarz Kruppzo has gained a Empty Tin Can 1450262653.
13:42:24: Schwarz Kruppzo has used '/CharGiveItem sch empty_tin_can'.
13:42:26: Schwarz Kruppzo has lost a Empty Tin Can 1450262581.
13:42:26: Schwarz Kruppzo has used '/InvAction drop empty_tin_can 1450262581.00'.
13:42:26: Schwarz Kruppzo has lost a Empty Tin Can 1450262643.
13:42:26: Schwarz Kruppzo has used '/InvAction drop empty_tin_can 1450262643.00'.
13:42:27: Schwarz Kruppzo has lost a Empty Tin Can 1450262645.
13:42:27: Schwarz Kruppzo has used '/InvAction drop empty_tin_can 1450262645.00'.
13:42:27: Schwarz Kruppzo has lost a Empty Tin Can 1450262646.
13:42:27: Schwarz Kruppzo has used '/InvAction drop empty_tin_can 1450262646.00'.
13:42:28: Schwarz Kruppzo has lost a Empty Tin Can 1450262647.
13:42:28: Schwarz Kruppzo has used '/InvAction drop empty_tin_can 1450262647.00'.
13:42:29: Schwarz Kruppzo has lost a Empty Tin Can 1450262649.
13:42:29: Schwarz Kruppzo has used '/InvAction drop empty_tin_can 1450262649.00'.
13:42:30: Schwarz Kruppzo has lost a Empty Tin Can 1450262650.
13:42:30: Schwarz Kruppzo has used '/InvAction drop empty_tin_can 1450262650.00'.
13:42:30: Schwarz Kruppzo has lost a Empty Tin Can 1450262652.
13:42:30: Schwarz Kruppzo has used '/InvAction drop empty_tin_can 1450262652.00'.
13:42:31: Schwarz Kruppzo has lost a Empty Tin Can 1450262653.
13:42:31: Schwarz Kruppzo has used '/InvAction drop empty_tin_can 1450262653.00'.
13:42:33: Schwarz Kruppzo has gained a Empty Tin Can 1450262663.
13:42:33: Schwarz Kruppzo has used '/CharGiveItem sch empty_tin_can'.
13:42:36: Schwarz Kruppzo has lost a Empty Tin Can 1450262663.
13:42:36: Schwarz Kruppzo has used '/InvAction drop empty_tin_can 1450262663.00'.
13:55:05: Schwarz Kruppzo has used '/Observer'.
13:55:06: Schwarz Kruppzo has used '/Observer'.
13:55:06: Schwarz Kruppzo has used '/Observer'.
13:55:07: Schwarz Kruppzo has used '/Observer'.
13:55:08: Schwarz Kruppzo has used '/Observer'.
13:55:08: Schwarz Kruppzo has used '/Observer'.
13:55:09: Schwarz Kruppzo has used '/Observer'.
13:55:15: Schwarz Kruppzo has used '/Observer'.
14:00:14: Schwarz Kruppzo (STEAM_0:1:44629398) has disconnected.
22:30:06: [EoAsm] SchwarzKruppzo (STEAM_0:1:44629398) has connected.
22:31:04: [EoAsm] SchwarzKruppzo has loaded the character 'Schwarz Kruppzo'.
22:31:07: Schwarz Kruppzo has used '/Observer'.
22:31:11: Schwarz Kruppzo has used '/Observer'.
22:31:22: Schwarz Kruppzo has used '/Observer'.
22:31:24: Schwarz Kruppzo has used '/Observer'.
22:32:25: Schwarz Kruppzo has used '/Observer'.
22:32:45: Schwarz Kruppzo has used '/Observer'.
22:32:49: Schwarz Kruppzo has used '/Observer'.
22:33:16: Schwarz Kruppzo has used '/Observer'.
22:33:17: Schwarz Kruppzo has used '/Observer'.
22:33:18: Schwarz Kruppzo has used '/Observer'.
22:33:18: Schwarz Kruppzo has used '/Observer'.
22:34:42: Schwarz Kruppzo (STEAM_0:1:44629398) has disconnected.
22:36:39: [EoAsm] SchwarzKruppzo (STEAM_0:1:44629398) has connected.
22:37:22: [EoAsm] SchwarzKruppzo has loaded the character 'Schwarz Kruppzo'.
22:37:29: Schwarz Kruppzo has used '/Observer'.
22:37:35: Schwarz Kruppzo has used '/Observer'.
22:38:03: Schwarz Kruppzo has used '/Observer'.
22:38:06: Schwarz Kruppzo has used '/Observer'.
22:38:08: Schwarz Kruppzo has used '/Observer'.
22:38:36: Schwarz Kruppzo has used '/Observer'.
22:38:36: Schwarz Kruppzo has used '/Observer'.
22:38:37: Schwarz Kruppzo has used '/Observer'.
22:38:38: Schwarz Kruppzo has used '/Observer'.
22:38:39: Schwarz Kruppzo has used '/Observer'.
22:38:39: Schwarz Kruppzo has used '/Observer'.
22:38:40: Schwarz Kruppzo has used '/Observer'.
22:38:40: Schwarz Kruppzo has used '/Observer'.
22:38:41: Schwarz Kruppzo has used '/Observer'.
22:38:42: Schwarz Kruppzo has used '/Observer'.
22:38:44: Schwarz Kruppzo has used '/Observer'.
22:39:06: Schwarz Kruppzo has used '/Observer'.
22:39:16: Schwarz Kruppzo has used '/Observer'.
22:39:22: Schwarz Kruppzo has used '/Observer'.
22:39:27: Schwarz Kruppzo has used '/Observer'.
22:39:43: Schwarz Kruppzo has used '/Observer'.
22:39:54: Schwarz Kruppzo has used '/Observer'.
22:39:54: Schwarz Kruppzo has used '/Observer'.
22:39:54: Schwarz Kruppzo has used '/Observer'.
22:39:55: Schwarz Kruppzo has used '/Observer'.
22:39:55: Schwarz Kruppzo has used '/Observer'.
22:39:57: Schwarz Kruppzo has used '/Observer'.
22:40:08: Schwarz Kruppzo has used '/Observer'.
22:40:15: Schwarz Kruppzo has used '/Observer'.
22:40:19: Schwarz Kruppzo has used '/Observer'.
22:40:34: Schwarz Kruppzo has used '/Observer'.
22:40:35: Schwarz Kruppzo has used '/Observer'.
22:40:41: Schwarz Kruppzo has used '/Observer'.
22:40:42: Schwarz Kruppzo has used '/Observer'.
22:42:31: Schwarz Kruppzo has used '/Observer'.
22:42:40: Schwarz Kruppzo has used '/Observer'.
22:42:43: Schwarz Kruppzo has used '/Observer'.
22:42:44: Schwarz Kruppzo has used '/Observer'.
22:42:49: Schwarz Kruppzo has used '/Observer'.
22:42:53: Schwarz Kruppzo has used '/Observer'.
23:24:24: Schwarz Kruppzo has used '/Observer'.
23:24:29: Schwarz Kruppzo has used '/Observer'.
23:26:40: Schwarz Kruppzo has used '/Observer'.
23:26:42: Schwarz Kruppzo has used '/Observer'.
23:38:28: Schwarz Kruppzo has used '/Observer'.
23:39:28: Schwarz Kruppzo has used '/Observer'.
23:39:55: Schwarz Kruppzo has used '/Observer'.
23:39:56: Schwarz Kruppzo has used '/Observer'.
23:44:11: Schwarz Kruppzo has used '/Observer'.
23:44:12: Schwarz Kruppzo has used '/Observer'.
23:44:14: Schwarz Kruppzo has used '/Observer'.
23:44:15: Schwarz Kruppzo has used '/Observer'.
23:44:16: Schwarz Kruppzo has used '/Observer'.
23:44:16: Schwarz Kruppzo has used '/Observer'.
23:44:18: Schwarz Kruppzo has used '/Observer'.
23:44:19: Schwarz Kruppzo has used '/Observer'.
23:44:20: Schwarz Kruppzo has used '/Observer'.
23:44:20: Schwarz Kruppzo has used '/Observer'.
23:44:20: Schwarz Kruppzo has used '/Observer'.
23:44:21: Schwarz Kruppzo has used '/Observer'.
23:44:21: Schwarz Kruppzo has used '/Observer'.
23:44:21: Schwarz Kruppzo has used '/Observer'.
23:44:21: Schwarz Kruppzo has used '/Observer'.
23:44:22: Schwarz Kruppzo has used '/Observer'.
23:44:22: Schwarz Kruppzo has used '/Observer'.
23:44:23: Schwarz Kruppzo has used '/Observer'.
23:44:23: Schwarz Kruppzo has taken 50 damage from worldspawn, leaving them at 28 health!
23:44:38: Schwarz Kruppzo has used '/Observer'.
23:44:46: Schwarz Kruppzo has used '/Observer'.
23:45:32: Schwarz Kruppzo has gained a Empty Tin Can 1450298733.
23:45:32: Schwarz Kruppzo has used '/CharGiveItem sch empty_tin_can'.
23:45:39: Schwarz Kruppzo has gained a Empty Tin Can 1450298741.
23:45:39: Schwarz Kruppzo has gained a Empty Tin Can 1450298742.
23:45:39: Schwarz Kruppzo has gained a Empty Tin Can 1450298743.
23:45:39: Schwarz Kruppzo has gained a Empty Tin Can 1450298744.
23:45:39: Schwarz Kruppzo has gained a Empty Tin Can 1450298745.
23:45:39: Schwarz Kruppzo has gained a Empty Tin Can 1450298746.
23:45:39: Schwarz Kruppzo has gained a Empty Tin Can 1450298747.
23:45:39: Schwarz Kruppzo has gained a Empty Tin Can 1450298748.
23:45:39: Schwarz Kruppzo has gained a Empty Tin Can 1450298749.
23:45:39: Schwarz Kruppzo has gained a Empty Tin Can 1450298750.
23:45:39: Schwarz Kruppzo has used '/CharGiveItem sch empty_tin_can 10'.
23:45:41: Schwarz Kruppzo has lost a Empty Tin Can 1450298750.
23:45:41: Schwarz Kruppzo has used '/InvAction drop empty_tin_can 1450298750.00'.
23:45:42: Schwarz Kruppzo has lost a Empty Tin Can 1450298749.
23:45:42: Schwarz Kruppzo has used '/InvAction drop empty_tin_can 1450298749.00'.
23:45:43: Schwarz Kruppzo has lost a Empty Tin Can 1450298748.
23:45:43: Schwarz Kruppzo has used '/InvAction drop empty_tin_can 1450298748.00'.
23:45:44: Schwarz Kruppzo has lost a Empty Tin Can 1450298747.
23:45:44: Schwarz Kruppzo has used '/InvAction drop empty_tin_can 1450298747.00'.
23:45:45: Schwarz Kruppzo has lost a Empty Tin Can 1450298746.
23:45:45: Schwarz Kruppzo has used '/InvAction drop empty_tin_can 1450298746.00'.
23:45:46: Schwarz Kruppzo has lost a Empty Tin Can 1450298745.
23:45:46: Schwarz Kruppzo has used '/InvAction drop empty_tin_can 1450298745.00'.
23:48:58: Schwarz Kruppzo has lost a Empty Tin Can 1450298744.
23:48:58: Schwarz Kruppzo has used '/InvAction drop empty_tin_can 1450298744.00'.
23:48:59: Schwarz Kruppzo has lost a Empty Tin Can 1450298743.
23:48:59: Schwarz Kruppzo has used '/InvAction drop empty_tin_can 1450298743.00'.
23:48:59: Schwarz Kruppzo has lost a Empty Tin Can 1450298742.
23:48:59: Schwarz Kruppzo has used '/InvAction drop empty_tin_can 1450298742.00'.
23:49:00: Schwarz Kruppzo has lost a Empty Tin Can 1450298741.
23:49:00: Schwarz Kruppzo has used '/InvAction drop empty_tin_can 1450298741.00'.
23:50:39: Schwarz Kruppzo has gained a Empty Tin Can 1450299052.
23:50:39: Schwarz Kruppzo has gained a Empty Tin Can 1450299053.
23:50:39: Schwarz Kruppzo has gained a Empty Tin Can 1450299054.
23:50:39: Schwarz Kruppzo has gained a Empty Tin Can 1450299055.
23:50:39: Schwarz Kruppzo has gained a Empty Tin Can 1450299056.
23:50:39: Schwarz Kruppzo has gained a Empty Tin Can 1450299057.
23:50:39: Schwarz Kruppzo has gained a Empty Tin Can 1450299058.
23:50:39: Schwarz Kruppzo has gained a Empty Tin Can 1450299059.
23:50:39: Schwarz Kruppzo has gained a Empty Tin Can 1450299060.
23:50:39: Schwarz Kruppzo has gained a Empty Tin Can 1450299061.
23:50:39: Schwarz Kruppzo has used '/CharGiveItem sch empty_tin_can 10'.
23:50:39: Schwarz Kruppzo has gained a Empty Tin Can 1450299062.
23:50:39: Schwarz Kruppzo has gained a Empty Tin Can 1450299063.
23:50:39: Schwarz Kruppzo has gained a Empty Tin Can 1450299064.
23:50:39: Schwarz Kruppzo has gained a Empty Tin Can 1450299065.
23:50:39: Schwarz Kruppzo has gained a Empty Tin Can 1450299066.
23:50:39: Schwarz Kruppzo has gained a Empty Tin Can 1450299067.
23:50:39: Schwarz Kruppzo has gained a Empty Tin Can 1450299068.
23:50:39: Schwarz Kruppzo has gained a Empty Tin Can 1450299069.
23:50:39: Schwarz Kruppzo has gained a Empty Tin Can 1450299070.
23:50:39: Schwarz Kruppzo has gained a Empty Tin Can 1450299071.
23:50:39: Schwarz Kruppzo has used '/CharGiveItem sch empty_tin_can 10'.
23:50:41: Schwarz Kruppzo has lost a Empty Tin Can 1450299070.
23:50:41: Schwarz Kruppzo has used '/InvAction drop empty_tin_can 1450299070.00'.
23:50:42: Schwarz Kruppzo has lost a Empty Tin Can 1450299069.
23:50:42: Schwarz Kruppzo has used '/InvAction drop empty_tin_can 1450299069.00'.
23:50:42: Schwarz Kruppzo has lost a Empty Tin Can 1450299071.
23:50:42: Schwarz Kruppzo has used '/InvAction drop empty_tin_can 1450299071.00'.
23:50:43: Schwarz Kruppzo has lost a Empty Tin Can 1450299068.
23:50:43: Schwarz Kruppzo has used '/InvAction drop empty_tin_can 1450299068.00'.
23:50:44: Schwarz Kruppzo has lost a Empty Tin Can 1450299067.
23:50:44: Schwarz Kruppzo has used '/InvAction drop empty_tin_can 1450299067.00'.
23:50:45: Schwarz Kruppzo has lost a Empty Tin Can 1450299066.
23:50:45: Schwarz Kruppzo has used '/InvAction drop empty_tin_can 1450299066.00'.
23:50:45: Schwarz Kruppzo has lost a Empty Tin Can 1450299065.
23:50:45: Schwarz Kruppzo has used '/InvAction drop empty_tin_can 1450299065.00'.
23:50:46: Schwarz Kruppzo has lost a Empty Tin Can 1450299064.
23:50:46: Schwarz Kruppzo has used '/InvAction drop empty_tin_can 1450299064.00'.
23:50:47: Schwarz Kruppzo has lost a Empty Tin Can 1450299063.
23:50:47: Schwarz Kruppzo has used '/InvAction drop empty_tin_can 1450299063.00'.
23:50:49: Schwarz Kruppzo has lost a Empty Tin Can 1450299062.
23:50:49: Schwarz Kruppzo has used '/InvAction drop empty_tin_can 1450299062.00'.
23:52:53: Schwarz Kruppzo has used '/Observer'.
23:52:58: Schwarz Kruppzo has used '/Observer'.
23:53:09: Schwarz Kruppzo has used '/Observer'.
23:53:10: Schwarz Kruppzo has used '/Observer'.
23:54:29: Schwarz Kruppzo has used '/Observer'.
23:55:12: Schwarz Kruppzo has used '/Observer'.
23:55:47: Schwarz Kruppzo has used '/Observer'.
23:55:50: Schwarz Kruppzo has used '/Observer'.
23:56:00: Schwarz Kruppzo has used '/Observer'.
23:56:11: Schwarz Kruppzo has used '/Observer'.
23:58:29: Schwarz Kruppzo has used '/Observer'.
