00:02:19: Schwarz Kruppzo has used '/Observer'.
00:03:55: Schwarz Kruppzo has used '/Observer'.
00:04:12: Schwarz Kruppzo has used '/Observer'.
00:04:12: Schwarz Kruppzo has used '/Observer'.
00:04:13: Schwarz Kruppzo has used '/Observer'.
00:04:14: Schwarz Kruppzo has used '/Observer'.
00:04:18: Schwarz Kruppzo has used '/Observer'.
00:04:18: Schwarz Kruppzo has used '/Observer'.
00:04:19: Schwarz Kruppzo has used '/Observer'.
00:14:41: [EoAsm] SchwarzKruppzo (STEAM_0:1:44629398) has connected.
00:15:18: [EoAsm] SchwarzKruppzo has loaded the character 'Schwarz Kruppzo'.
00:15:19: Schwarz Kruppzo has used '/Observer'.
00:15:26: Schwarz Kruppzo has used '/Observer'.
00:15:51: Schwarz Kruppzo has used '/Observer'.
00:15:51: Schwarz Kruppzo has used '/Observer'.
00:15:52: Schwarz Kruppzo has used '/Observer'.
00:15:52: Schwarz Kruppzo has used '/Observer'.
00:15:54: Schwarz Kruppzo has used '/Observer'.
00:15:55: Schwarz Kruppzo has used '/Observer'.
00:15:55: Schwarz Kruppzo has used '/Observer'.
00:15:55: Schwarz Kruppzo has used '/Observer'.
00:15:56: Schwarz Kruppzo has used '/Observer'.
00:15:57: Schwarz Kruppzo has used '/Observer'.
00:15:57: Schwarz Kruppzo has used '/Observer'.
00:15:58: Schwarz Kruppzo has used '/Observer'.
00:15:59: Schwarz Kruppzo has used '/Observer'.
00:15:59: Schwarz Kruppzo has used '/Observer'.
00:15:59: Schwarz Kruppzo has used '/Observer'.
00:16:09: Schwarz Kruppzo (STEAM_0:1:44629398) has disconnected.
09:43:23: [EoAsm] SchwarzKruppzo (STEAM_0:1:44629398) has connected.
09:43:52: [EoAsm] SchwarzKruppzo has loaded the character 'Schwarz Kruppzo'.
09:43:54: Schwarz Kruppzo has used '/Observer'.
09:56:30: Schwarz Kruppzo has used '/Observer'.
09:56:48: Schwarz Kruppzo has gained a Screw Driver 1449471409.
09:56:48: Schwarz Kruppzo has used '/CharGiveItem sch screw'.
09:56:58: Schwarz Kruppzo has gained a Gunpowder 1449471420.
09:56:58: Schwarz Kruppzo has used '/CharGiveItem sch gunpowder'.
09:56:59: Schwarz Kruppzo has gained a Gunpowder 1449471422.
09:56:59: Schwarz Kruppzo has used '/CharGiveItem sch gunpowder'.
09:57:06: Schwarz Kruppzo has gained a SMG Bullets 1449471430.
09:57:06: Schwarz Kruppzo has used '/CharGiveItem sch bullet'.
09:57:11: Schwarz Kruppzo has gained a Bullet Casings 1449471436.
09:57:11: Schwarz Kruppzo has used '/CharGiveItem sch bullet cas'.
09:57:26: Schwarz Kruppzo has gained a Refined Metal 1449471452.
09:57:26: Schwarz Kruppzo has used '/CharGiveItem sch refined me'.
09:57:29: Schwarz Kruppzo has crafted a 9mm Pistol Bullets.
09:57:29: Schwarz Kruppzo has lost a Bullet Casings 1449471436.
09:57:29: Schwarz Kruppzo has lost a Gunpowder 1449471422.
09:57:29: Schwarz Kruppzo has lost a Gunpowder 1449471420.
09:57:29: Schwarz Kruppzo has lost a Refined Metal 1449471452.
09:57:29: Schwarz Kruppzo has used '/CraftItem blueprint_ammo_pistol'.
09:57:50: Schwarz Kruppzo has lost a Reclaimed Metal 1449429349.
09:57:50: Schwarz Kruppzo has used '/InvAction drop reclaimed_metal 1449429349.00'.
09:57:52: Schwarz Kruppzo has lost a Reclaimed Metal 1449429362.
09:57:52: Schwarz Kruppzo has used '/InvAction drop reclaimed_metal 1449429362.00'.
09:57:54: Schwarz Kruppzo has lost a SMG Bullets 1449471430.
09:57:54: Schwarz Kruppzo has used '/InvAction drop ammo_smg1 1449471430.00'.
09:57:59: Schwarz Kruppzo has gained a 9mm Pistol Bullets 1449471457.
09:57:59: Schwarz Kruppzo has used '/InvAction use ammo_pistol 1449471457'.
09:57:59: Schwarz Kruppzo has lost a 9mm Pistol Bullets 1449471457.
09:58:09: Schwarz Kruppzo has used '/Observer'.
09:58:24: Schwarz Kruppzo has used '/Observer'.
09:58:25: Schwarz Kruppzo has used '/Observer'.
09:58:27: Schwarz Kruppzo has used '/Observer'.
10:02:45: [EoAsm] SchwarzKruppzo (STEAM_0:1:44629398) has connected.
10:04:56: [EoAsm] SchwarzKruppzo has loaded the character 'Schwarz Kruppzo'.
10:04:58: Schwarz Kruppzo has used '/Observer'.
10:04:58: Schwarz Kruppzo has used '/Observer'.
10:04:59: Schwarz Kruppzo has used '/Observer'.
10:04:59: Schwarz Kruppzo has used '/Observer'.
10:05:00: Schwarz Kruppzo has used '/Observer'.
10:05:00: Schwarz Kruppzo has used '/Observer'.
10:05:01: Schwarz Kruppzo has used '/Observer'.
10:05:03: Schwarz Kruppzo has used '/Observer'.
10:05:03: Schwarz Kruppzo has used '/Observer'.
10:05:03: Schwarz Kruppzo has used '/Observer'.
10:05:04: Schwarz Kruppzo has used '/Observer'.
10:05:07: Schwarz Kruppzo has used '/Observer'.
10:05:22: Schwarz Kruppzo has gained a Refined Metal 1449471923.
10:05:22: Schwarz Kruppzo has used '/CharGiveItem sch refined met'.
10:05:27: Schwarz Kruppzo has gained a Gunpowder 1449471929.
10:05:27: Schwarz Kruppzo has used '/CharGiveItem sch gunpowder'.
10:05:29: Schwarz Kruppzo has gained a Gunpowder 1449471932.
10:05:29: Schwarz Kruppzo has used '/CharGiveItem sch gunpowder'.
10:05:32: Schwarz Kruppzo has used '/CharGiveItem sch screw\'.
10:05:50: Schwarz Kruppzo has gained a SMG Bullets 1449471954.
10:05:50: Schwarz Kruppzo has used '/CharGiveItem sch bullet cas'.
10:05:52: Schwarz Kruppzo has gained a SMG Bullets 1449471957.
10:05:52: Schwarz Kruppzo has used '/CharGiveItem sch bullet casing'.
10:05:55: Schwarz Kruppzo has gained a Bullet Casings 1449471961.
10:05:55: Schwarz Kruppzo has used '/CharGiveItem sch bullet casing'.
10:06:00: Schwarz Kruppzo has lost a SMG Bullets 1449471430.
10:06:00: Schwarz Kruppzo has used '/InvAction drop ammo_smg1 1449471430.00'.
10:06:00: Schwarz Kruppzo has lost a SMG Bullets 1449471954.
10:06:00: Schwarz Kruppzo has used '/InvAction drop ammo_smg1 1449471954.00'.
10:06:01: Schwarz Kruppzo has lost a SMG Bullets 1449471957.
10:06:01: Schwarz Kruppzo has used '/InvAction drop ammo_smg1 1449471957.00'.
10:06:03: Schwarz Kruppzo has lost a 9mm Pistol Bullets 1449432651.
10:06:03: Schwarz Kruppzo has used '/InvAction drop ammo_pistol 1449432651.00'.
10:06:12: Schwarz Kruppzo has crafted a 9mm Pistol Bullets.
10:06:12: Schwarz Kruppzo has lost a Bullet Casings 1449471961.
10:06:12: Schwarz Kruppzo has lost a Gunpowder 1449471932.
10:06:12: Schwarz Kruppzo has lost a Gunpowder 1449471929.
10:06:12: Schwarz Kruppzo has lost a Refined Metal 1449471923.
10:06:12: Schwarz Kruppzo has used '/CraftItem blueprint_ammo_pistol'.
10:06:17: Schwarz Kruppzo has used '/CraftItem blueprint_ammo_pistol'.
10:06:17: Schwarz Kruppzo has used '/CraftItem blueprint_ammo_pistol'.
10:06:18: Schwarz Kruppzo has used '/CraftItem blueprint_ammo_pistol'.
10:06:20: Schwarz Kruppzo has used '/CraftItem blueprint_ammo_buckshot'.
10:06:28: Schwarz Kruppzo has gained a Gunpowder 1449471997.
10:06:28: Schwarz Kruppzo has used '/CharGiveItem sch gunpowder'.
10:06:28: Schwarz Kruppzo has gained a Gunpowder 1449471998.
10:06:28: Schwarz Kruppzo has used '/CharGiveItem sch gunpowder'.
10:06:39: Schwarz Kruppzo has gained a Refined Metal 1449472010.
10:06:39: Schwarz Kruppzo has used '/CharGiveItem sch refined meta'.
10:06:40: Schwarz Kruppzo has used '/CraftItem blueprint_ammo_pistol'.
10:06:47: Schwarz Kruppzo has gained a Bullet Casings 1449472019.
10:06:47: Schwarz Kruppzo has used '/CharGiveItem sch bullet casing'.
10:06:48: Schwarz Kruppzo has crafted a 9mm Pistol Bullets.
10:06:48: Schwarz Kruppzo has lost a Bullet Casings 1449472019.
10:06:48: Schwarz Kruppzo has lost a Gunpowder 1449471998.
10:06:48: Schwarz Kruppzo has lost a Gunpowder 1449471997.
10:06:48: Schwarz Kruppzo has lost a Refined Metal 1449472010.
10:06:48: Schwarz Kruppzo has used '/CraftItem blueprint_ammo_pistol'.
10:06:53: Schwarz Kruppzo has used '/Observer'.
10:06:53: Schwarz Kruppzo has used '/Observer'.
10:06:54: Schwarz Kruppzo has used '/Observer'.
10:06:54: Schwarz Kruppzo has used '/Observer'.
10:06:54: Schwarz Kruppzo has used '/Observer'.
10:07:03: Schwarz Kruppzo has used '/Observer'.
10:07:03: Schwarz Kruppzo has used '/Observer'.
10:07:13: Schwarz Kruppzo has used '/Observer'.
10:07:14: Schwarz Kruppzo has used '/Observer'.
10:07:19: Schwarz Kruppzo has used '/Observer'.
10:07:19: Schwarz Kruppzo has used '/Observer'.
11:07:22: Schwarz Kruppzo has used '/CharGiveFlags sch r'.
11:07:29: Schwarz Kruppzo has used '/Observer'.
11:07:45: Schwarz Kruppzo has used '/Observer'.
11:41:59: Schwarz Kruppzo (STEAM_0:1:44629398) has disconnected.
11:43:47: [EoAsm] SchwarzKruppzo (STEAM_0:1:44629398) has connected.
11:46:31: [EoAsm] SchwarzKruppzo (STEAM_0:1:44629398) has connected.
12:00:51: [EoAsm] SchwarzKruppzo has loaded the character 'Schwarz Kruppzo'.
12:01:51: Schwarz Kruppzo has used '/OrderShipment breens_water'.
12:02:16: Schwarz Kruppzo has used '/SetTokens sch 1000'.
12:02:19: Schwarz Kruppzo has ordered 5 Breen's Waters.
12:02:19: Schwarz Kruppzo has used '/OrderShipment breens_water'.
12:02:24: Schwarz Kruppzo has used '/StorageTakeItem breens_water 1449478946.00'.
12:02:25: Schwarz Kruppzo has used '/StorageTakeItem breens_water 1449478945.00'.
12:02:25: Schwarz Kruppzo has used '/StorageTakeItem breens_water 1449478944.00'.
12:02:27: Schwarz Kruppzo has used '/StorageClose'.
12:02:34: Schwarz Kruppzo has lost a Reclaimed Metal 1449429362.
12:02:34: Schwarz Kruppzo has used '/InvAction drop reclaimed_metal 1449429362.00'.
12:02:35: Schwarz Kruppzo has lost a Reclaimed Metal 1449429349.
12:02:35: Schwarz Kruppzo has used '/InvAction drop reclaimed_metal 1449429349.00'.
12:02:36: Schwarz Kruppzo has lost a Screw Driver 1449471409.
12:02:36: Schwarz Kruppzo has used '/InvAction drop screw_driver 1449471409.00'.
12:02:41: Schwarz Kruppzo has gained a Breen's Water 1449478946.
12:02:41: Schwarz Kruppzo has used '/StorageTakeItem breens_water 1449478946.00'.
12:02:41: Schwarz Kruppzo has gained a Breen's Water 1449478945.
12:02:41: Schwarz Kruppzo has used '/StorageTakeItem breens_water 1449478945.00'.
12:02:41: Schwarz Kruppzo has gained a Breen's Water 1449478944.
12:02:41: Schwarz Kruppzo has used '/StorageTakeItem breens_water 1449478944.00'.
12:02:42: Schwarz Kruppzo has gained a Breen's Water 1449478943.
12:02:42: Schwarz Kruppzo has used '/StorageTakeItem breens_water 1449478943.00'.
12:02:42: Schwarz Kruppzo has used '/StorageTakeItem breens_water 1449478942.00'.
12:02:43: Schwarz Kruppzo has used '/StorageClose'.
12:02:48: Schwarz Kruppzo has gained a Empty Soda Can 1449478976.
12:02:48: Schwarz Kruppzo has lost a Breen's Water 1449478946.
12:02:48: Schwarz Kruppzo has used '/InvAction use breens_water 1449478946.00'.
12:02:51: Schwarz Kruppzo has gained a Empty Soda Can 1449478980.
12:02:51: Schwarz Kruppzo has lost a Breen's Water 1449478945.
12:02:51: Schwarz Kruppzo has used '/InvAction use breens_water 1449478945.00'.
12:02:52: Schwarz Kruppzo has gained a Empty Soda Can 1449478982.
12:02:52: Schwarz Kruppzo has lost a Breen's Water 1449478944.
12:02:52: Schwarz Kruppzo has used '/InvAction use breens_water 1449478944.00'.
12:02:53: Schwarz Kruppzo has gained a Empty Soda Can 1449478984.
12:02:53: Schwarz Kruppzo has lost a Breen's Water 1449478943.
12:02:53: Schwarz Kruppzo has used '/InvAction use breens_water 1449478943.00'.
12:02:57: Schwarz Kruppzo has lost a Empty Soda Can 1449478976.
12:02:57: Schwarz Kruppzo has used '/InvAction drop empty_soda_can 1449478976.00'.
12:02:58: Schwarz Kruppzo has lost a Empty Soda Can 1449478982.
12:02:58: Schwarz Kruppzo has used '/InvAction drop empty_soda_can 1449478982.00'.
12:02:58: Schwarz Kruppzo has lost a Empty Soda Can 1449478980.
12:02:58: Schwarz Kruppzo has used '/InvAction drop empty_soda_can 1449478980.00'.
12:02:59: Schwarz Kruppzo has lost a Empty Soda Can 1449478984.
12:02:59: Schwarz Kruppzo has used '/InvAction drop empty_soda_can 1449478984.00'.
12:06:20: Schwarz Kruppzo has used '/Observer'.
12:11:22: Schwarz Kruppzo has used '/Observer'.
12:11:24: Schwarz Kruppzo has used '/Observer'.
12:11:24: Schwarz Kruppzo has used '/Observer'.
12:11:24: Schwarz Kruppzo has used '/Observer'.
12:11:25: Schwarz Kruppzo has used '/Observer'.
12:11:26: Schwarz Kruppzo has used '/Observer'.
12:11:27: Schwarz Kruppzo has used '/Observer'.
12:12:48: Schwarz Kruppzo has used '/Observer'.
12:12:49: Schwarz Kruppzo has used '/Observer'.
12:12:49: Schwarz Kruppzo has used '/Observer'.
12:12:50: Schwarz Kruppzo has used '/Observer'.
12:12:51: Schwarz Kruppzo has used '/Observer'.
12:12:51: Schwarz Kruppzo has used '/Observer'.
12:12:52: Schwarz Kruppzo has used '/Observer'.
12:12:52: Schwarz Kruppzo has used '/Observer'.
12:12:53: Schwarz Kruppzo has used '/Observer'.
12:12:53: Schwarz Kruppzo has used '/Observer'.
12:12:53: Schwarz Kruppzo has used '/Observer'.
12:14:17: Schwarz Kruppzo has used '/Observer'.
12:14:17: Schwarz Kruppzo has used '/Observer'.
12:14:18: Schwarz Kruppzo has used '/Observer'.
12:14:19: Schwarz Kruppzo has used '/Observer'.
12:14:19: Schwarz Kruppzo has used '/Observer'.
12:14:20: Schwarz Kruppzo has used '/Observer'.
12:14:20: Schwarz Kruppzo has used '/Observer'.
12:14:20: Schwarz Kruppzo has used '/Observer'.
12:14:21: Schwarz Kruppzo has used '/Observer'.
12:14:23: Schwarz Kruppzo has used '/Observer'.
12:14:23: Schwarz Kruppzo has used '/Observer'.
12:14:24: Schwarz Kruppzo has used '/Observer'.
12:14:24: Schwarz Kruppzo has used '/Observer'.
12:14:25: worldspawn has dealt 159 damage to Schwarz Kruppzo, killing them!
12:18:01: Schwarz Kruppzo has used '/Observer'.
12:18:02: Schwarz Kruppzo has used '/Observer'.
12:18:02: Schwarz Kruppzo has used '/Observer'.
12:18:04: Schwarz Kruppzo has used '/Observer'.
12:18:04: Schwarz Kruppzo has used '/Observer'.
12:18:05: Schwarz Kruppzo has used '/Observer'.
12:18:06: Schwarz Kruppzo has used '/Observer'.
12:18:06: Schwarz Kruppzo has spawned 'models/props_junk/garbage_milkcarton001a.mdl'.
12:18:06: Schwarz Kruppzo has spawned 'models/props_junk/garbage_milkcarton001a.mdl'.
12:18:12: Schwarz Kruppzo has used '/Observer'.
12:18:15: Schwarz Kruppzo has used '/Observer'.
12:18:15: Schwarz Kruppzo has used '/Observer'.
12:18:15: Schwarz Kruppzo has used '/Observer'.
12:18:15: Schwarz Kruppzo has used '/Observer'.
12:18:16: Schwarz Kruppzo has used '/Observer'.
12:18:17: Schwarz Kruppzo has used '/Observer'.
12:18:17: Schwarz Kruppzo has used '/Observer'.
12:18:17: Schwarz Kruppzo has used '/Observer'.
12:18:18: Schwarz Kruppzo has used '/Observer'.
12:18:18: Schwarz Kruppzo has used '/Observer'.
12:18:19: Schwarz Kruppzo has used '/Observer'.
12:18:19: Schwarz Kruppzo has used '/Observer'.
12:18:20: Schwarz Kruppzo has used '/Observer'.
12:18:20: Schwarz Kruppzo has used '/Observer'.
12:18:22: Schwarz Kruppzo has used '/Observer'.
12:18:22: Schwarz Kruppzo has used '/Observer'.
12:18:23: Schwarz Kruppzo has used '/Observer'.
12:18:23: Schwarz Kruppzo has used '/Observer'.
12:18:25: Schwarz Kruppzo has used '/Observer'.
12:18:25: Schwarz Kruppzo has used '/Observer'.
12:18:26: Schwarz Kruppzo has used '/Observer'.
12:18:28: Schwarz Kruppzo has used '/Observer'.
12:18:28: Schwarz Kruppzo has used '/Observer'.
12:18:29: Schwarz Kruppzo has used '/Observer'.
12:18:30: Schwarz Kruppzo has used '/Observer'.
12:18:31: Schwarz Kruppzo has used '/Observer'.
12:18:31: Schwarz Kruppzo has used '/Observer'.
12:18:31: Schwarz Kruppzo has used '/Observer'.
12:18:33: Schwarz Kruppzo has used '/Observer'.
12:18:33: Schwarz Kruppzo has used '/Observer'.
12:18:34: Schwarz Kruppzo has used '/Observer'.
12:18:34: Schwarz Kruppzo has used '/Observer'.
12:18:57: Schwarz Kruppzo has used '/Observer'.
12:18:57: Schwarz Kruppzo has used '/Observer'.
12:19:00: Schwarz Kruppzo has used '/Observer'.
12:19:00: Schwarz Kruppzo has used '/Observer'.
12:19:03: Schwarz Kruppzo has used '/Observer'.
12:19:03: Schwarz Kruppzo has used '/Observer'.
12:19:03: worldspawn has dealt 156 damage to Schwarz Kruppzo, killing them!
12:19:14: Schwarz Kruppzo has used '/Observer'.
12:19:14: Schwarz Kruppzo has used '/Observer'.
12:21:10: [EoAsm] SchwarzKruppzo (STEAM_0:1:44629398) has connected.
12:21:39: [EoAsm] SchwarzKruppzo has loaded the character 'Schwarz Kruppzo'.
12:21:41: Schwarz Kruppzo has used '/Observer'.
12:21:51: Schwarz Kruppzo has used '/Observer'.
12:23:15: Schwarz Kruppzo has used '/Observer'.
12:23:16: Schwarz Kruppzo has used '/Observer'.
12:23:16: Schwarz Kruppzo has used '/Observer'.
12:23:16: Schwarz Kruppzo has used '/Observer'.
12:23:17: Schwarz Kruppzo has used '/Observer'.
12:23:17: Schwarz Kruppzo has used '/Observer'.
12:23:18: Schwarz Kruppzo has used '/Observer'.
12:23:18: Schwarz Kruppzo has used '/Observer'.
12:23:19: Schwarz Kruppzo has used '/Observer'.
12:23:19: Schwarz Kruppzo has used '/Observer'.
12:23:20: Schwarz Kruppzo has used '/Observer'.
12:23:20: Schwarz Kruppzo has used '/Observer'.
12:23:21: Schwarz Kruppzo has taken 25 damage from worldspawn, leaving them at 75 health!
12:23:21: Schwarz Kruppzo has used '/Observer'.
12:23:22: Schwarz Kruppzo has used '/Observer'.
12:23:23: Schwarz Kruppzo has used '/Observer'.
12:23:23: Schwarz Kruppzo has used '/Observer'.
12:54:46: Schwarz Kruppzo has used '/CharGiveItem sch серая_рубашка'.
12:54:46: Schwarz Kruppzo has used '/Observer'.
12:54:54: Schwarz Kruppzo has used '/CharGiveItem sch clothing_shirt_c8'.
12:54:56: Schwarz Kruppzo has used '/Observer'.
12:54:56: Schwarz Kruppzo has used '/Observer'.
12:54:57: Schwarz Kruppzo has used '/Observer'.
12:54:58: Schwarz Kruppzo has used '/Observer'.
12:54:58: Schwarz Kruppzo has used '/Observer'.
12:55:11: Schwarz Kruppzo has gained a Серая шапка 1449482113.
12:55:11: Schwarz Kruppzo has used '/CharGiveItem sch Серая'.
12:55:14: Schwarz Kruppzo has gained a Серая шапка 1449482117.
12:55:14: Schwarz Kruppzo has used '/CharGiveItem sch Серая рубашка'.
12:55:15: Schwarz Kruppzo has gained a Серая шапка 1449482119.
12:55:15: Schwarz Kruppzo has used '/CharGiveItem sch Серая рубашка'.
12:55:18: Schwarz Kruppzo has gained a Серая рубашка 1449482123.
12:55:18: Schwarz Kruppzo has used '/CharGiveItem sch Серая рубашка'.
12:55:19: Schwarz Kruppzo has used '/Observer'.
12:55:56: Schwarz Kruppzo has gained a Серая шапка 1449482162.
12:55:56: Schwarz Kruppzo has used '/CharGiveItem sch Серая_шапка'.
12:56:00: Schwarz Kruppzo has gained a Серая рубашка 1449482167.
12:56:00: Schwarz Kruppzo has used '/CharGiveItem sch Серая_рубашка'.
12:56:01: Schwarz Kruppzo has used '/Observer'.
12:56:02: Schwarz Kruppzo has used '/Observer'.
12:56:02: Schwarz Kruppzo has used '/Observer'.
12:56:02: Schwarz Kruppzo has used '/Observer'.
12:56:03: Schwarz Kruppzo has used '/Observer'.
12:56:04: Schwarz Kruppzo has used '/Observer'.
12:56:04: Schwarz Kruppzo has used '/Observer'.
12:56:05: Schwarz Kruppzo has used '/Observer'.
13:04:24: Schwarz Kruppzo has used '/Observer'.
13:04:25: Schwarz Kruppzo has used '/Observer'.
13:04:25: Schwarz Kruppzo has used '/Observer'.
13:04:27: Schwarz Kruppzo has used '/Observer'.
13:04:28: Schwarz Kruppzo has used '/Observer'.
13:04:29: Schwarz Kruppzo has used '/Observer'.
13:04:29: Schwarz Kruppzo has used '/Observer'.
13:04:30: Schwarz Kruppzo has used '/Observer'.
13:04:30: Schwarz Kruppzo has used '/Observer'.
13:04:33: Schwarz Kruppzo has used '/Observer'.
13:04:34: Schwarz Kruppzo has used '/Observer'.
13:04:41: Schwarz Kruppzo has used '/Observer'.
13:04:41: Schwarz Kruppzo has used '/Observer'.
13:04:42: Schwarz Kruppzo has taken 80 damage from worldspawn, leaving them at 20 health!
13:04:44: Schwarz Kruppzo has used '/Observer'.
13:05:10: Schwarz Kruppzo has used '/Observer'.
13:06:08: Schwarz Kruppzo (STEAM_0:1:44629398) has disconnected.
