11:34:49: [EoAsm] SchwarzKruppzo (STEAM_0:1:44629398) has connected.
11:35:27: [EoAsm] SchwarzKruppzo has loaded the character 'Schwarz Kruppzo'.
11:35:30: Schwarz Kruppzo has used '/Observer'.
11:35:34: Schwarz Kruppzo has used '/Observer'.
11:35:34: Schwarz Kruppzo has used '/Observer'.
11:35:34: Schwarz Kruppzo has used '/Observer'.
11:36:46: Schwarz Kruppzo has used '/CharGiveItem sch empty_tin_can 20'.
11:36:52: Schwarz Kruppzo has used '/CharGiveItem sch empty_tin_can 20'.
11:37:12: Schwarz Kruppzo has gained a Empty Tin Can 1450427833.
11:37:12: Schwarz Kruppzo has used '/CharGiveItem schw empty_tin_can'.
11:37:17: Schwarz Kruppzo has gained a Empty Tin Can 1450427839.
11:37:17: Schwarz Kruppzo has gained a Empty Tin Can 1450427840.
11:37:17: Schwarz Kruppzo has gained a Empty Tin Can 1450427841.
11:37:17: Schwarz Kruppzo has gained a Empty Tin Can 1450427842.
11:37:17: Schwarz Kruppzo has gained a Empty Tin Can 1450427843.
11:37:17: Schwarz Kruppzo has gained a Empty Tin Can 1450427844.
11:37:17: Schwarz Kruppzo has gained a Empty Tin Can 1450427845.
11:37:17: Schwarz Kruppzo has gained a Empty Tin Can 1450427846.
11:37:17: Schwarz Kruppzo has gained a Empty Tin Can 1450427847.
11:37:17: Schwarz Kruppzo has gained a Empty Tin Can 1450427848.
11:37:17: Schwarz Kruppzo has used '/CharGiveItem schw empty_tin_can 10'.
11:37:20: Schwarz Kruppzo has lost a Empty Tin Can 1450427848.
11:37:20: Schwarz Kruppzo has used '/InvAction drop empty_tin_can 1450427848.00'.
11:37:21: Schwarz Kruppzo has lost a Empty Tin Can 1450427847.
11:37:21: Schwarz Kruppzo has used '/InvAction drop empty_tin_can 1450427847.00'.
11:37:22: Schwarz Kruppzo has lost a Empty Tin Can 1450427846.
11:37:22: Schwarz Kruppzo has used '/InvAction drop empty_tin_can 1450427846.00'.
11:37:22: Schwarz Kruppzo has lost a Empty Tin Can 1450427845.
11:37:22: Schwarz Kruppzo has used '/InvAction drop empty_tin_can 1450427845.00'.
11:37:23: Schwarz Kruppzo has lost a Empty Tin Can 1450427844.
11:37:23: Schwarz Kruppzo has used '/InvAction drop empty_tin_can 1450427844.00'.
11:37:24: Schwarz Kruppzo has lost a Empty Tin Can 1450427843.
11:37:24: Schwarz Kruppzo has used '/InvAction drop empty_tin_can 1450427843.00'.
11:37:25: Schwarz Kruppzo has lost a Empty Tin Can 1450427842.
11:37:25: Schwarz Kruppzo has used '/InvAction drop empty_tin_can 1450427842.00'.
11:37:26: Schwarz Kruppzo has lost a Empty Tin Can 1450427841.
11:37:26: Schwarz Kruppzo has used '/InvAction drop empty_tin_can 1450427841.00'.
11:37:27: Schwarz Kruppzo has lost a Empty Tin Can 1450427840.
11:37:27: Schwarz Kruppzo has used '/InvAction drop empty_tin_can 1450427840.00'.
11:37:28: Schwarz Kruppzo has lost a Empty Tin Can 1450427839.
11:37:28: Schwarz Kruppzo has used '/InvAction drop empty_tin_can 1450427839.00'.
11:39:04: Schwarz Kruppzo has used '/Observer'.
11:41:50: Schwarz Kruppzo has used '/Observer'.
11:41:54: Schwarz Kruppzo has used '/Observer'.
11:42:02: Schwarz Kruppzo has used '/Observer'.
11:42:26: Schwarz Kruppzo has used '/Observer'.
11:42:27: Schwarz Kruppzo has used '/Observer'.
11:42:28: Schwarz Kruppzo has used '/Observer'.
11:42:56: Schwarz Kruppzo has used '/Observer'.
11:42:58: Schwarz Kruppzo has used '/Observer'.
11:42:59: Schwarz Kruppzo has used '/Observer'.
11:43:18: Schwarz Kruppzo has used '/Observer'.
11:44:24: Schwarz Kruppzo has used '/Observer'.
11:44:31: Schwarz Kruppzo has gained a Empty Tin Can 1450428284.
11:44:31: Schwarz Kruppzo has gained a Empty Tin Can 1450428285.
11:44:31: Schwarz Kruppzo has gained a Empty Tin Can 1450428286.
11:44:31: Schwarz Kruppzo has gained a Empty Tin Can 1450428287.
11:44:31: Schwarz Kruppzo has gained a Empty Tin Can 1450428288.
11:44:32: Schwarz Kruppzo has gained a Empty Tin Can 1450428290.
11:44:32: Schwarz Kruppzo has gained a Empty Tin Can 1450428291.
11:44:32: Schwarz Kruppzo has gained a Empty Tin Can 1450428292.
11:44:32: Schwarz Kruppzo has gained a Empty Tin Can 1450428293.
11:44:32: Schwarz Kruppzo has gained a Empty Tin Can 1450428294.
11:44:32: Schwarz Kruppzo has used '/CharGiveItem schw empty_tin_can 10'.
11:44:34: Schwarz Kruppzo has lost a Empty Tin Can 1450428288.
11:44:34: Schwarz Kruppzo has used '/InvAction drop empty_tin_can 1450428288.00'.
11:44:35: Schwarz Kruppzo has lost a Empty Tin Can 1450428287.
11:44:35: Schwarz Kruppzo has used '/InvAction drop empty_tin_can 1450428287.00'.
11:44:35: Schwarz Kruppzo has lost a Empty Tin Can 1450428286.
11:44:35: Schwarz Kruppzo has used '/InvAction drop empty_tin_can 1450428286.00'.
11:44:36: Schwarz Kruppzo has lost a Empty Tin Can 1450428290.
11:44:36: Schwarz Kruppzo has used '/InvAction drop empty_tin_can 1450428290.00'.
11:44:37: Schwarz Kruppzo has lost a Empty Tin Can 1450428285.
11:44:37: Schwarz Kruppzo has used '/InvAction drop empty_tin_can 1450428285.00'.
11:44:38: Schwarz Kruppzo has lost a Empty Tin Can 1450428291.
11:44:38: Schwarz Kruppzo has used '/InvAction drop empty_tin_can 1450428291.00'.
11:44:38: Schwarz Kruppzo has lost a Empty Tin Can 1450428292.
11:44:38: Schwarz Kruppzo has used '/InvAction drop empty_tin_can 1450428292.00'.
11:44:41: Schwarz Kruppzo has lost a Empty Tin Can 1450428284.
11:44:41: Schwarz Kruppzo has used '/InvAction drop empty_tin_can 1450428284.00'.
11:44:42: Schwarz Kruppzo has lost a Empty Tin Can 1450428293.
11:44:42: Schwarz Kruppzo has used '/InvAction drop empty_tin_can 1450428293.00'.
11:44:43: Schwarz Kruppzo has lost a Empty Tin Can 1450428294.
11:44:43: Schwarz Kruppzo has used '/InvAction drop empty_tin_can 1450428294.00'.
11:44:43: Schwarz Kruppzo has lost a Empty Tin Can 1450427833.
11:44:43: Schwarz Kruppzo has used '/InvAction drop empty_tin_can 1450427833.00'.
11:52:09: Schwarz Kruppzo (STEAM_0:1:44629398) has disconnected.
11:56:37: [EoAsm] SchwarzKruppzo (STEAM_0:1:44629398) has connected.
11:57:05: [EoAsm] SchwarzKruppzo has loaded the character 'Schwarz Kruppzo'.
11:57:07: Schwarz Kruppzo has used '/Observer'.
11:57:11: Schwarz Kruppzo has used '/Observer'.
11:57:11: Schwarz Kruppzo has used '/Observer'.
11:57:12: Schwarz Kruppzo has used '/Observer'.
12:09:04: Schwarz Kruppzo has used '/CharGiveFlags schw ept'.
12:09:51: Schwarz Kruppzo has used '/CharGiveFlags schw e'.
12:10:21: Schwarz Kruppzo has used '/CharGiveFlags Schwarz Kruppzo ept'.
12:10:31: Schwarz Kruppzo has used '/Observer'.
12:10:35: Schwarz Kruppzo has used '/Observer'.
12:10:36: Schwarz Kruppzo has taken 65 damage from worldspawn, leaving them at 31 health!
12:10:38: Schwarz Kruppzo has used '/PlySetGroup Schwarz Kruppzo superadmin'.
12:10:41: Schwarz Kruppzo has used '/Observer'.
12:10:42: Schwarz Kruppzo has used '/Observer'.
12:13:32: [EoAsm] SchwarzKruppzo (STEAM_0:1:44629398) has connected.
12:14:07: [EoAsm] SchwarzKruppzo has loaded the character 'Schwarz Kruppzo'.
12:14:09: Schwarz Kruppzo has used '/Observer'.
12:14:14: Schwarz Kruppzo has used '/Observer'.
12:15:32: Schwarz Kruppzo has used '/CharGiveFlags Schwarz Kruppzo ept'.
12:16:12: Schwarz Kruppzo has spawned 'models/props_c17/FurnitureWashingmachine001a.mdl'.
12:16:12: Schwarz Kruppzo has spawned 'models/props_c17/FurnitureWashingmachine001a.mdl'.
12:16:22: Schwarz Kruppzo has used '/Observer'.
12:16:23: Schwarz Kruppzo has used '/Observer'.
12:16:35: Schwarz Kruppzo has spawned 'models/props_c17/FurnitureWashingmachine001a.mdl'.
12:16:35: Schwarz Kruppzo has spawned 'models/props_c17/FurnitureWashingmachine001a.mdl'.
12:16:35: Schwarz Kruppzo has used '/Observer'.
12:16:45: Schwarz Kruppzo has used '/Observer'.
12:16:47: Schwarz Kruppzo has used '/Observer'.
12:17:27: Schwarz Kruppzo has spawned 'models/props_c17/GasPipes006a.mdl'.
12:17:27: Schwarz Kruppzo has spawned 'models/props_c17/GasPipes006a.mdl'.
12:17:32: Schwarz Kruppzo has spawned 'models/props_interiors/Furniture_Couch02a.mdl'.
12:17:32: Schwarz Kruppzo has spawned 'models/props_interiors/Furniture_Couch02a.mdl'.
12:17:41: Schwarz Kruppzo has spawned 'models/props_c17/shelfunit01a.mdl'.
12:17:41: Schwarz Kruppzo has spawned 'models/props_c17/shelfunit01a.mdl'.
12:17:45: Schwarz Kruppzo has spawned 'models/props_doors/door03_slotted_left.mdl'.
12:17:45: Schwarz Kruppzo has spawned 'models/props_doors/door03_slotted_left.mdl'.
12:18:47: Schwarz Kruppzo has used '/Observer'.
12:19:23: Schwarz Kruppzo has spawned 'models/props_c17/chair02a.mdl'.
12:19:23: Schwarz Kruppzo has spawned 'models/props_c17/chair02a.mdl'.
12:19:25: Schwarz Kruppzo has used '/Observer'.
12:19:35: Schwarz Kruppzo has used '/Observer'.
12:19:36: Schwarz Kruppzo has used '/Observer'.
12:20:21: Schwarz Kruppzo has used '/Observer'.
12:25:19: Schwarz Kruppzo has gained a Empty Can 1450430720.
12:25:19: Schwarz Kruppzo has gained a Empty Can 1450430721.
12:25:19: Schwarz Kruppzo has gained a Empty Can 1450430722.
12:25:19: Schwarz Kruppzo has gained a Empty Can 1450430723.
12:25:19: Schwarz Kruppzo has gained a Empty Can 1450430724.
12:25:19: Schwarz Kruppzo has gained a Empty Can 1450430725.
12:25:19: Schwarz Kruppzo has gained a Empty Can 1450430726.
12:25:19: Schwarz Kruppzo has gained a Empty Can 1450430727.
12:25:19: Schwarz Kruppzo has gained a Empty Can 1450430728.
12:25:19: Schwarz Kruppzo has gained a Empty Can 1450430729.
12:25:19: Schwarz Kruppzo has used '/CharGiveItem sch empty_can 10'.
12:25:23: Schwarz Kruppzo has gained a Empty Soda Can 1450430734.
12:25:23: Schwarz Kruppzo has gained a Empty Soda Can 1450430735.
12:25:23: Schwarz Kruppzo has gained a Empty Soda Can 1450430736.
12:25:23: Schwarz Kruppzo has gained a Empty Soda Can 1450430737.
12:25:23: Schwarz Kruppzo has gained a Empty Soda Can 1450430738.
12:25:23: Schwarz Kruppzo has gained a Empty Soda Can 1450430739.
12:25:23: Schwarz Kruppzo has gained a Empty Soda Can 1450430740.
12:25:23: Schwarz Kruppzo has gained a Empty Soda Can 1450430741.
12:25:23: Schwarz Kruppzo has gained a Empty Soda Can 1450430742.
12:25:23: Schwarz Kruppzo has gained a Empty Soda Can 1450430743.
12:25:23: Schwarz Kruppzo has used '/CharGiveItem sch empty_soda_can 10'.
12:25:28: Schwarz Kruppzo has lost a Empty Soda Can 1450430743.
12:25:28: Schwarz Kruppzo has used '/InvAction drop empty_soda_can 1450430743.00'.
12:25:29: Schwarz Kruppzo has lost a Empty Can 1450430729.
12:25:29: Schwarz Kruppzo has used '/InvAction drop empty_can 1450430729.00'.
12:28:55: Schwarz Kruppzo has gained a Empty Soda Can 1450430956.
12:28:55: Schwarz Kruppzo has gained a Empty Soda Can 1450430957.
12:28:55: Schwarz Kruppzo has gained a Empty Soda Can 1450430958.
12:28:55: Schwarz Kruppzo has gained a Empty Soda Can 1450430959.
12:28:55: Schwarz Kruppzo has gained a Empty Soda Can 1450430960.
12:28:55: Schwarz Kruppzo has gained a Empty Soda Can 1450430961.
12:28:55: Schwarz Kruppzo has gained a Empty Soda Can 1450430962.
12:28:55: Schwarz Kruppzo has gained a Empty Soda Can 1450430963.
12:28:55: Schwarz Kruppzo has gained a Empty Soda Can 1450430964.
12:28:55: Schwarz Kruppzo has gained a Empty Soda Can 1450430965.
12:28:56: Schwarz Kruppzo has used '/CharGiveItem sch empty_soda_can 10'.
12:28:57: Schwarz Kruppzo has lost a Empty Soda Can 1450430741.
12:28:57: Schwarz Kruppzo has used '/InvAction drop empty_soda_can 1450430741.00'.
12:28:58: Schwarz Kruppzo has lost a Empty Soda Can 1450430740.
12:28:58: Schwarz Kruppzo has used '/InvAction drop empty_soda_can 1450430740.00'.
12:29:00: Schwarz Kruppzo has lost a Empty Can 1450430724.
12:29:00: Schwarz Kruppzo has used '/InvAction drop empty_can 1450430724.00'.
12:29:00: Schwarz Kruppzo has lost a Empty Can 1450430725.
12:29:00: Schwarz Kruppzo has used '/InvAction drop empty_can 1450430725.00'.
12:29:01: Schwarz Kruppzo has lost a Empty Can 1450430726.
12:29:01: Schwarz Kruppzo has used '/InvAction drop empty_can 1450430726.00'.
12:30:29: Schwarz Kruppzo has lost a Empty Can 1450430722.
12:30:29: Schwarz Kruppzo has used '/InvAction drop empty_can 1450430722.00'.
12:30:30: Schwarz Kruppzo has lost a Empty Soda Can 1450430957.
12:30:30: Schwarz Kruppzo has used '/InvAction drop empty_soda_can 1450430957.00'.
12:30:54: Schwarz Kruppzo has lost a Empty Can 1450430727.
12:30:54: Schwarz Kruppzo has used '/InvAction drop empty_can 1450430727.00'.
12:30:55: Schwarz Kruppzo has lost a Empty Soda Can 1450430960.
12:30:55: Schwarz Kruppzo has used '/InvAction drop empty_soda_can 1450430960.00'.
12:31:01: Schwarz Kruppzo has lost a Empty Soda Can 1450430961.
12:31:01: Schwarz Kruppzo has used '/InvAction drop empty_soda_can 1450430961.00'.
12:31:03: Schwarz Kruppzo has lost a Empty Can 1450430728.
12:31:03: Schwarz Kruppzo has used '/InvAction drop empty_can 1450430728.00'.
12:31:04: Schwarz Kruppzo has lost a Empty Soda Can 1450430963.
12:31:04: Schwarz Kruppzo has used '/InvAction drop empty_soda_can 1450430963.00'.
12:31:05: Schwarz Kruppzo has lost a Empty Can 1450430723.
12:31:05: Schwarz Kruppzo has used '/InvAction drop empty_can 1450430723.00'.
12:31:06: Schwarz Kruppzo has lost a Empty Soda Can 1450430964.
12:31:06: Schwarz Kruppzo has used '/InvAction drop empty_soda_can 1450430964.00'.
12:32:38: Schwarz Kruppzo has lost a Empty Soda Can 1450430735.
12:32:38: Schwarz Kruppzo has used '/InvAction drop empty_soda_can 1450430735.00'.
12:32:39: Schwarz Kruppzo has lost a Empty Soda Can 1450430736.
12:32:39: Schwarz Kruppzo has used '/InvAction drop empty_soda_can 1450430736.00'.
12:32:40: Schwarz Kruppzo has lost a Empty Soda Can 1450430737.
12:32:40: Schwarz Kruppzo has used '/InvAction drop empty_soda_can 1450430737.00'.
12:32:41: Schwarz Kruppzo has lost a Empty Can 1450430721.
12:32:41: Schwarz Kruppzo has used '/InvAction drop empty_can 1450430721.00'.
12:32:42: Schwarz Kruppzo has lost a Empty Can 1450430720.
12:32:42: Schwarz Kruppzo has used '/InvAction drop empty_can 1450430720.00'.
12:32:43: Schwarz Kruppzo has lost a Empty Soda Can 1450430738.
12:32:43: Schwarz Kruppzo has used '/InvAction drop empty_soda_can 1450430738.00'.
12:32:44: Schwarz Kruppzo has lost a Empty Soda Can 1450430739.
12:32:44: Schwarz Kruppzo has used '/InvAction drop empty_soda_can 1450430739.00'.
12:32:45: Schwarz Kruppzo has lost a Empty Soda Can 1450430742.
12:32:45: Schwarz Kruppzo has used '/InvAction drop empty_soda_can 1450430742.00'.
12:32:46: Schwarz Kruppzo has lost a Empty Soda Can 1450430956.
12:32:46: Schwarz Kruppzo has used '/InvAction drop empty_soda_can 1450430956.00'.
12:32:47: Schwarz Kruppzo has lost a Empty Soda Can 1450430958.
12:32:47: Schwarz Kruppzo has used '/InvAction drop empty_soda_can 1450430958.00'.
12:32:48: Schwarz Kruppzo has lost a Empty Soda Can 1450430959.
12:32:48: Schwarz Kruppzo has used '/InvAction drop empty_soda_can 1450430959.00'.
12:34:07: Schwarz Kruppzo has lost a Empty Soda Can 1450430965.
12:34:07: Schwarz Kruppzo has used '/InvAction drop empty_soda_can 1450430965.00'.
12:34:08: Schwarz Kruppzo has lost a Empty Soda Can 1450430962.
12:34:08: Schwarz Kruppzo has used '/InvAction drop empty_soda_can 1450430962.00'.
12:34:09: Schwarz Kruppzo has lost a Empty Soda Can 1450430734.
12:34:09: Schwarz Kruppzo has used '/InvAction drop empty_soda_can 1450430734.00'.
12:34:11: Schwarz Kruppzo has gained a Empty Soda Can 1450431283.
12:34:11: Schwarz Kruppzo has gained a Empty Soda Can 1450431284.
12:34:11: Schwarz Kruppzo has gained a Empty Soda Can 1450431285.
12:34:11: Schwarz Kruppzo has gained a Empty Soda Can 1450431286.
12:34:11: Schwarz Kruppzo has gained a Empty Soda Can 1450431287.
12:34:11: Schwarz Kruppzo has gained a Empty Soda Can 1450431288.
12:34:11: Schwarz Kruppzo has gained a Empty Soda Can 1450431289.
12:34:11: Schwarz Kruppzo has gained a Empty Soda Can 1450431290.
12:34:11: Schwarz Kruppzo has gained a Empty Soda Can 1450431291.
12:34:11: Schwarz Kruppzo has gained a Empty Soda Can 1450431292.
12:34:11: Schwarz Kruppzo has used '/CharGiveItem sch empty_soda_can 10'.
12:34:12: Schwarz Kruppzo has lost a Empty Soda Can 1450431289.
12:34:12: Schwarz Kruppzo has used '/InvAction drop empty_soda_can 1450431289.00'.
12:34:13: Schwarz Kruppzo has lost a Empty Soda Can 1450431288.
12:34:13: Schwarz Kruppzo has used '/InvAction drop empty_soda_can 1450431288.00'.
12:34:13: Schwarz Kruppzo has lost a Empty Soda Can 1450431287.
12:34:13: Schwarz Kruppzo has used '/InvAction drop empty_soda_can 1450431287.00'.
12:34:14: Schwarz Kruppzo has lost a Empty Soda Can 1450431290.
12:34:14: Schwarz Kruppzo has used '/InvAction drop empty_soda_can 1450431290.00'.
12:34:15: Schwarz Kruppzo has lost a Empty Soda Can 1450431291.
12:34:15: Schwarz Kruppzo has used '/InvAction drop empty_soda_can 1450431291.00'.
12:34:15: Schwarz Kruppzo has lost a Empty Soda Can 1450431292.
12:34:15: Schwarz Kruppzo has used '/InvAction drop empty_soda_can 1450431292.00'.
12:34:17: Schwarz Kruppzo has lost a Empty Soda Can 1450431285.
12:34:17: Schwarz Kruppzo has used '/InvAction drop empty_soda_can 1450431285.00'.
12:35:02: Schwarz Kruppzo has gained a Empty Soda Can 1450431344.
12:35:02: Schwarz Kruppzo has gained a Empty Soda Can 1450431345.
12:35:02: Schwarz Kruppzo has gained a Empty Soda Can 1450431346.
12:35:02: Schwarz Kruppzo has gained a Empty Soda Can 1450431347.
12:35:02: Schwarz Kruppzo has gained a Empty Soda Can 1450431348.
12:35:02: Schwarz Kruppzo has gained a Empty Soda Can 1450431349.
12:35:02: Schwarz Kruppzo has gained a Empty Soda Can 1450431350.
12:35:02: Schwarz Kruppzo has gained a Empty Soda Can 1450431351.
12:35:02: Schwarz Kruppzo has gained a Empty Soda Can 1450431352.
12:35:03: Schwarz Kruppzo has gained a Empty Soda Can 1450431354.
12:35:03: Schwarz Kruppzo has used '/CharGiveItem sch empty_soda_can 10'.
12:35:04: Schwarz Kruppzo has lost a Empty Soda Can 1450431345.
12:35:04: Schwarz Kruppzo has used '/InvAction drop empty_soda_can 1450431345.00'.
12:35:05: Schwarz Kruppzo has lost a Empty Soda Can 1450431346.
12:35:05: Schwarz Kruppzo has used '/InvAction drop empty_soda_can 1450431346.00'.
12:35:05: Schwarz Kruppzo has lost a Empty Soda Can 1450431347.
12:35:05: Schwarz Kruppzo has used '/InvAction drop empty_soda_can 1450431347.00'.
12:35:06: Schwarz Kruppzo has lost a Empty Soda Can 1450431348.
12:35:06: Schwarz Kruppzo has used '/InvAction drop empty_soda_can 1450431348.00'.
12:35:06: Schwarz Kruppzo has lost a Empty Soda Can 1450431349.
12:35:06: Schwarz Kruppzo has used '/InvAction drop empty_soda_can 1450431349.00'.
12:35:07: Schwarz Kruppzo has lost a Empty Soda Can 1450431350.
12:35:07: Schwarz Kruppzo has used '/InvAction drop empty_soda_can 1450431350.00'.
12:35:08: Schwarz Kruppzo has lost a Empty Soda Can 1450431351.
12:35:08: Schwarz Kruppzo has used '/InvAction drop empty_soda_can 1450431351.00'.
12:35:08: Schwarz Kruppzo has lost a Empty Soda Can 1450431352.
12:35:08: Schwarz Kruppzo has used '/InvAction drop empty_soda_can 1450431352.00'.
12:35:09: Schwarz Kruppzo has lost a Empty Soda Can 1450431354.
12:35:09: Schwarz Kruppzo has used '/InvAction drop empty_soda_can 1450431354.00'.
12:35:10: Schwarz Kruppzo has lost a Empty Soda Can 1450431344.
12:35:10: Schwarz Kruppzo has used '/InvAction drop empty_soda_can 1450431344.00'.
12:35:42: Schwarz Kruppzo has used '/Observer'.
12:35:57: Schwarz Kruppzo has used '/Observer'.
12:36:06: Schwarz Kruppzo has gained a Empty Soda Can 1450431418.
12:36:06: Schwarz Kruppzo has gained a Empty Soda Can 1450431419.
12:36:06: Schwarz Kruppzo has gained a Empty Soda Can 1450431420.
12:36:06: Schwarz Kruppzo has gained a Empty Soda Can 1450431421.
12:36:06: Schwarz Kruppzo has gained a Empty Soda Can 1450431422.
12:36:06: Schwarz Kruppzo has gained a Empty Soda Can 1450431423.
12:36:06: Schwarz Kruppzo has gained a Empty Soda Can 1450431424.
12:36:06: Schwarz Kruppzo has gained a Empty Soda Can 1450431425.
12:36:06: Schwarz Kruppzo has gained a Empty Soda Can 1450431426.
12:36:06: Schwarz Kruppzo has gained a Empty Soda Can 1450431427.
12:36:06: Schwarz Kruppzo has used '/CharGiveItem sch empty_soda_can 10'.
12:36:10: Schwarz Kruppzo has gained a Empty Can 1450431432.
12:36:10: Schwarz Kruppzo has gained a Empty Can 1450431433.
12:36:10: Schwarz Kruppzo has gained a Empty Can 1450431434.
12:36:10: Schwarz Kruppzo has gained a Empty Can 1450431435.
12:36:10: Schwarz Kruppzo has gained a Empty Can 1450431436.
12:36:10: Schwarz Kruppzo has gained a Empty Can 1450431437.
12:36:10: Schwarz Kruppzo has gained a Empty Can 1450431438.
12:36:10: Schwarz Kruppzo has gained a Empty Can 1450431439.
12:36:10: Schwarz Kruppzo has gained a Empty Can 1450431440.
12:36:10: Schwarz Kruppzo has gained a Empty Can 1450431441.
12:36:10: Schwarz Kruppzo has used '/CharGiveItem sch empty_can 10'.
12:36:11: Schwarz Kruppzo has lost a Empty Can 1450431436.
12:36:11: Schwarz Kruppzo has used '/InvAction drop empty_can 1450431436.00'.
12:36:12: Schwarz Kruppzo has lost a Empty Can 1450431437.
12:36:12: Schwarz Kruppzo has used '/InvAction drop empty_can 1450431437.00'.
12:36:13: Schwarz Kruppzo has lost a Empty Can 1450431438.
12:36:13: Schwarz Kruppzo has used '/InvAction drop empty_can 1450431438.00'.
12:36:14: Schwarz Kruppzo has lost a Empty Can 1450431439.
12:36:14: Schwarz Kruppzo has used '/InvAction drop empty_can 1450431439.00'.
12:36:14: Schwarz Kruppzo has lost a Empty Can 1450431440.
12:36:14: Schwarz Kruppzo has used '/InvAction drop empty_can 1450431440.00'.
12:36:15: Schwarz Kruppzo has lost a Empty Can 1450431441.
12:36:15: Schwarz Kruppzo has used '/InvAction drop empty_can 1450431441.00'.
12:36:16: Schwarz Kruppzo has lost a Empty Can 1450431435.
12:36:16: Schwarz Kruppzo has used '/InvAction drop empty_can 1450431435.00'.
12:36:17: Schwarz Kruppzo has lost a Empty Can 1450431434.
12:36:17: Schwarz Kruppzo has used '/InvAction drop empty_can 1450431434.00'.
12:36:18: Schwarz Kruppzo has lost a Empty Soda Can 1450431419.
12:36:18: Schwarz Kruppzo has used '/InvAction drop empty_soda_can 1450431419.00'.
12:36:19: Schwarz Kruppzo has lost a Empty Soda Can 1450431420.
12:36:19: Schwarz Kruppzo has used '/InvAction drop empty_soda_can 1450431420.00'.
12:36:19: Schwarz Kruppzo has lost a Empty Soda Can 1450431418.
12:36:19: Schwarz Kruppzo has used '/InvAction drop empty_soda_can 1450431418.00'.
12:36:20: Schwarz Kruppzo has lost a Empty Soda Can 1450431421.
12:36:20: Schwarz Kruppzo has used '/InvAction drop empty_soda_can 1450431421.00'.
12:36:22: Schwarz Kruppzo has lost a Empty Can 1450431433.
12:36:22: Schwarz Kruppzo has used '/InvAction drop empty_can 1450431433.00'.
12:36:23: Schwarz Kruppzo has lost a Empty Can 1450431432.
12:36:23: Schwarz Kruppzo has used '/InvAction drop empty_can 1450431432.00'.
12:36:24: Schwarz Kruppzo has lost a Empty Soda Can 1450431426.
12:36:24: Schwarz Kruppzo has used '/InvAction drop empty_soda_can 1450431426.00'.
12:37:04: Schwarz Kruppzo has gained a Empty Can 1450431496.
12:37:04: Schwarz Kruppzo has gained a Empty Can 1450431497.
12:37:04: Schwarz Kruppzo has gained a Empty Can 1450431498.
12:37:04: Schwarz Kruppzo has gained a Empty Can 1450431499.
12:37:04: Schwarz Kruppzo has gained a Empty Can 1450431500.
12:37:04: Schwarz Kruppzo has gained a Empty Can 1450431501.
12:37:04: Schwarz Kruppzo has gained a Empty Can 1450431502.
12:37:04: Schwarz Kruppzo has gained a Empty Can 1450431503.
12:37:04: Schwarz Kruppzo has gained a Empty Can 1450431504.
12:37:04: Schwarz Kruppzo has gained a Empty Can 1450431505.
12:37:04: Schwarz Kruppzo has used '/CharGiveItem sch empty_can 10'.
12:37:20: Schwarz Kruppzo has used '/Observer'.
12:38:36: Schwarz Kruppzo has used '/Observer'.
12:38:43: Schwarz Kruppzo has lost a Empty Can 1450431502.
12:38:43: Schwarz Kruppzo has used '/InvAction drop empty_can 1450431502.00'.
12:38:44: Schwarz Kruppzo has lost a Empty Can 1450431503.
12:38:44: Schwarz Kruppzo has used '/InvAction drop empty_can 1450431503.00'.
12:38:45: Schwarz Kruppzo has lost a Empty Can 1450431504.
12:38:45: Schwarz Kruppzo has used '/InvAction drop empty_can 1450431504.00'.
12:38:45: Schwarz Kruppzo has lost a Empty Can 1450431505.
12:38:45: Schwarz Kruppzo has used '/InvAction drop empty_can 1450431505.00'.
12:38:46: Schwarz Kruppzo has lost a Empty Can 1450431501.
12:38:46: Schwarz Kruppzo has used '/InvAction drop empty_can 1450431501.00'.
12:38:47: Schwarz Kruppzo has lost a Empty Can 1450431500.
12:38:47: Schwarz Kruppzo has used '/InvAction drop empty_can 1450431500.00'.
12:38:48: Schwarz Kruppzo has lost a Empty Can 1450431499.
12:38:48: Schwarz Kruppzo has used '/InvAction drop empty_can 1450431499.00'.
12:38:50: Schwarz Kruppzo has lost a Empty Can 1450431497.
12:38:50: Schwarz Kruppzo has used '/InvAction drop empty_can 1450431497.00'.
12:38:51: Schwarz Kruppzo has lost a Empty Can 1450431496.
12:38:51: Schwarz Kruppzo has used '/InvAction drop empty_can 1450431496.00'.
12:38:52: Schwarz Kruppzo has lost a Empty Can 1450431498.
12:38:52: Schwarz Kruppzo has used '/InvAction drop empty_can 1450431498.00'.
12:38:54: Schwarz Kruppzo has gained a Empty Can 1450431617.
12:38:54: Schwarz Kruppzo has gained a Empty Can 1450431618.
12:38:54: Schwarz Kruppzo has gained a Empty Can 1450431619.
12:38:54: Schwarz Kruppzo has gained a Empty Can 1450431620.
12:38:54: Schwarz Kruppzo has gained a Empty Can 1450431621.
12:38:54: Schwarz Kruppzo has gained a Empty Can 1450431622.
12:38:54: Schwarz Kruppzo has gained a Empty Can 1450431623.
12:38:54: Schwarz Kruppzo has gained a Empty Can 1450431624.
12:38:54: Schwarz Kruppzo has gained a Empty Can 1450431625.
12:38:54: Schwarz Kruppzo has gained a Empty Can 1450431626.
12:38:54: Schwarz Kruppzo has used '/CharGiveItem sch empty_can 10'.
12:38:55: Schwarz Kruppzo has gained a Empty Can 1450431628.
12:38:55: Schwarz Kruppzo has gained a Empty Can 1450431629.
12:38:55: Schwarz Kruppzo has gained a Empty Can 1450431630.
12:38:55: Schwarz Kruppzo has gained a Empty Can 1450431631.
12:38:55: Schwarz Kruppzo has gained a Empty Can 1450431632.
12:38:55: Schwarz Kruppzo has gained a Empty Can 1450431633.
12:38:55: Schwarz Kruppzo has gained a Empty Can 1450431634.
12:38:55: Schwarz Kruppzo has gained a Empty Can 1450431635.
12:38:55: Schwarz Kruppzo has gained a Empty Can 1450431636.
12:38:55: Schwarz Kruppzo has gained a Empty Can 1450431637.
12:38:55: Schwarz Kruppzo has used '/CharGiveItem sch empty_can 10'.
12:38:57: Schwarz Kruppzo has lost a Empty Can 1450431626.
12:38:57: Schwarz Kruppzo has used '/InvAction drop empty_can 1450431626.00'.
12:38:58: Schwarz Kruppzo has lost a Empty Can 1450431628.
12:38:58: Schwarz Kruppzo has used '/InvAction drop empty_can 1450431628.00'.
12:38:58: Schwarz Kruppzo has lost a Empty Can 1450431629.
12:38:58: Schwarz Kruppzo has used '/InvAction drop empty_can 1450431629.00'.
12:38:59: Schwarz Kruppzo has lost a Empty Can 1450431630.
12:38:59: Schwarz Kruppzo has used '/InvAction drop empty_can 1450431630.00'.
12:39:00: Schwarz Kruppzo has lost a Empty Can 1450431625.
12:39:00: Schwarz Kruppzo has used '/InvAction drop empty_can 1450431625.00'.
12:39:01: Schwarz Kruppzo has lost a Empty Can 1450431624.
12:39:01: Schwarz Kruppzo has used '/InvAction drop empty_can 1450431624.00'.
12:39:02: Schwarz Kruppzo has lost a Empty Can 1450431631.
12:39:02: Schwarz Kruppzo has used '/InvAction drop empty_can 1450431631.00'.
12:39:03: Schwarz Kruppzo has lost a Empty Can 1450431632.
12:39:03: Schwarz Kruppzo has used '/InvAction drop empty_can 1450431632.00'.
12:39:04: Schwarz Kruppzo has lost a Empty Can 1450431633.
12:39:04: Schwarz Kruppzo has used '/InvAction drop empty_can 1450431633.00'.
12:39:08: Schwarz Kruppzo has lost a Empty Soda Can 1450431427.
12:39:08: Schwarz Kruppzo has used '/InvAction drop empty_soda_can 1450431427.00'.
12:39:11: Schwarz Kruppzo has used '/Observer'.
12:39:25: Schwarz Kruppzo has used '/Observer'.
12:39:32: Schwarz Kruppzo has used '/Observer'.
12:40:45: Schwarz Kruppzo has used '/Observer'.
12:41:16: Schwarz Kruppzo has lost a Empty Can 1450431637.
12:41:16: Schwarz Kruppzo has used '/InvAction drop empty_can 1450431637.00'.
12:41:16: Schwarz Kruppzo has lost a Empty Can 1450431617.
12:41:16: Schwarz Kruppzo has used '/InvAction drop empty_can 1450431617.00'.
12:41:17: Schwarz Kruppzo has lost a Empty Can 1450431618.
12:41:17: Schwarz Kruppzo has used '/InvAction drop empty_can 1450431618.00'.
12:41:18: Schwarz Kruppzo has lost a Empty Can 1450431619.
12:41:18: Schwarz Kruppzo has used '/InvAction drop empty_can 1450431619.00'.
12:41:21: Schwarz Kruppzo has lost a Empty Can 1450431620.
12:41:21: Schwarz Kruppzo has used '/InvAction drop empty_can 1450431620.00'.
12:41:21: Schwarz Kruppzo has lost a Empty Can 1450431621.
12:41:21: Schwarz Kruppzo has used '/InvAction drop empty_can 1450431621.00'.
12:41:22: Schwarz Kruppzo has lost a Empty Can 1450431622.
12:41:22: Schwarz Kruppzo has used '/InvAction drop empty_can 1450431622.00'.
12:41:23: Schwarz Kruppzo has lost a Empty Can 1450431623.
12:41:23: Schwarz Kruppzo has used '/InvAction drop empty_can 1450431623.00'.
12:41:23: Schwarz Kruppzo has lost a Empty Can 1450431634.
12:41:23: Schwarz Kruppzo has used '/InvAction drop empty_can 1450431634.00'.
12:41:24: Schwarz Kruppzo has lost a Empty Can 1450431635.
12:41:24: Schwarz Kruppzo has used '/InvAction drop empty_can 1450431635.00'.
12:41:25: Schwarz Kruppzo has lost a Empty Can 1450431636.
12:41:25: Schwarz Kruppzo has used '/InvAction drop empty_can 1450431636.00'.
12:41:27: Schwarz Kruppzo has gained a Empty Can 1450431790.
12:41:27: Schwarz Kruppzo has gained a Empty Can 1450431791.
12:41:27: Schwarz Kruppzo has gained a Empty Can 1450431792.
12:41:27: Schwarz Kruppzo has gained a Empty Can 1450431793.
12:41:27: Schwarz Kruppzo has gained a Empty Can 1450431794.
12:41:27: Schwarz Kruppzo has gained a Empty Can 1450431795.
12:41:27: Schwarz Kruppzo has gained a Empty Can 1450431796.
12:41:27: Schwarz Kruppzo has gained a Empty Can 1450431797.
12:41:27: Schwarz Kruppzo has gained a Empty Can 1450431798.
12:41:27: Schwarz Kruppzo has gained a Empty Can 1450431799.
12:41:27: Schwarz Kruppzo has used '/CharGiveItem sch empty_can 10'.
12:41:29: Schwarz Kruppzo has lost a Empty Can 1450431792.
12:41:29: Schwarz Kruppzo has used '/InvAction drop empty_can 1450431792.00'.
12:41:30: Schwarz Kruppzo has lost a Empty Can 1450431791.
12:41:30: Schwarz Kruppzo has used '/InvAction drop empty_can 1450431791.00'.
12:41:30: Schwarz Kruppzo has lost a Empty Can 1450431793.
12:41:30: Schwarz Kruppzo has used '/InvAction drop empty_can 1450431793.00'.
12:41:31: Schwarz Kruppzo has lost a Empty Can 1450431794.
12:41:31: Schwarz Kruppzo has used '/InvAction drop empty_can 1450431794.00'.
12:41:34: Schwarz Kruppzo has lost a Empty Soda Can 1450431425.
12:41:34: Schwarz Kruppzo has used '/InvAction drop empty_soda_can 1450431425.00'.
12:41:35: Schwarz Kruppzo has lost a Empty Soda Can 1450431424.
12:41:35: Schwarz Kruppzo has used '/InvAction drop empty_soda_can 1450431424.00'.
12:41:36: Schwarz Kruppzo has lost a Empty Soda Can 1450431423.
12:41:36: Schwarz Kruppzo has used '/InvAction drop empty_soda_can 1450431423.00'.
12:41:38: Schwarz Kruppzo has lost a Empty Soda Can 1450431422.
12:41:38: Schwarz Kruppzo has used '/InvAction drop empty_soda_can 1450431422.00'.
12:41:40: Schwarz Kruppzo has lost a Empty Soda Can 1450431286.
12:41:40: Schwarz Kruppzo has used '/InvAction drop empty_soda_can 1450431286.00'.
12:41:41: Schwarz Kruppzo has lost a Empty Soda Can 1450431284.
12:41:41: Schwarz Kruppzo has used '/InvAction drop empty_soda_can 1450431284.00'.
12:41:42: Schwarz Kruppzo has lost a Empty Soda Can 1450431283.
12:41:42: Schwarz Kruppzo has used '/InvAction drop empty_soda_can 1450431283.00'.
12:41:45: Schwarz Kruppzo has used '/Observer'.
12:41:57: Schwarz Kruppzo has used '/Observer'.
12:41:59: Schwarz Kruppzo has taken 60 damage from worldspawn, leaving them at 36 health!
12:42:05: [OOC] Schwarz Kruppzo: kek
12:42:38: Schwarz Kruppzo has used '/charSetSleep sch 100'.
12:43:15: Schwarz Kruppzo has spawned 'models/props_junk/wood_crate001a_damaged.mdl'.
12:43:15: Schwarz Kruppzo has spawned 'models/props_junk/wood_crate001a_damaged.mdl'.
12:43:19: Schwarz Kruppzo has spawned 'models/props_junk/wood_crate001a_damaged.mdl'.
12:43:19: Schwarz Kruppzo has spawned 'models/props_junk/wood_crate001a_damaged.mdl'.
12:43:28: Schwarz Kruppzo has used '/Observer'.
12:43:29: Schwarz Kruppzo has used '/Observer'.
12:45:23: Schwarz Kruppzo has used '/Nightvision'.
12:45:24: Schwarz Kruppzo has used '/Nightvision'.
12:45:25: Schwarz Kruppzo has used '/Nightvision'.
12:45:26: Schwarz Kruppzo has used '/Nightvision'.
12:46:51: Schwarz Kruppzo (STEAM_0:1:44629398) has disconnected.
12:48:51: [EoAsm] SchwarzKruppzo (STEAM_0:1:44629398) has connected.
12:49:23: [EoAsm] SchwarzKruppzo has loaded the character 'Schwarz Kruppzo'.
12:49:25: Schwarz Kruppzo has used '/Observer'.
12:49:42: Schwarz Kruppzo has spawned 'models/props_junk/wood_crate001a.mdl'.
12:49:42: Schwarz Kruppzo has spawned 'models/props_junk/wood_crate001a.mdl'.
12:50:48: Schwarz Kruppzo (STEAM_0:1:44629398) has disconnected.
12:52:47: [EoAsm] SchwarzKruppzo (STEAM_0:1:44629398) has connected.
12:53:15: [EoAsm] SchwarzKruppzo has loaded the character 'Schwarz Kruppzo'.
12:53:18: Schwarz Kruppzo has used '/Observer'.
12:53:22: Schwarz Kruppzo has used '/Observer'.
12:53:22: Schwarz Kruppzo has used '/Observer'.
12:53:24: Schwarz Kruppzo has used '/Observer'.
12:53:24: Schwarz Kruppzo has used '/Observer'.
12:53:26: Schwarz Kruppzo has used '/Observer'.
12:53:26: Schwarz Kruppzo has used '/Observer'.
12:53:27: Schwarz Kruppzo has used '/Observer'.
12:53:28: Schwarz Kruppzo has used '/Observer'.
12:53:29: Schwarz Kruppzo has used '/Observer'.
12:53:29: Schwarz Kruppzo has used '/Observer'.
12:53:29: Schwarz Kruppzo has used '/Observer'.
12:53:30: Schwarz Kruppzo has used '/Observer'.
12:53:30: Schwarz Kruppzo has used '/Observer'.
12:53:31: Schwarz Kruppzo has used '/Observer'.
12:53:31: Schwarz Kruppzo has used '/Observer'.
12:53:32: Schwarz Kruppzo has used '/Observer'.
12:53:33: Schwarz Kruppzo has used '/Observer'.
12:53:34: Schwarz Kruppzo has used '/Observer'.
12:53:35: Schwarz Kruppzo has used '/Observer'.
12:53:36: Schwarz Kruppzo has used '/Observer'.
12:53:38: Schwarz Kruppzo has used '/Observer'.
12:53:40: Schwarz Kruppzo has used '/Observer'.
12:53:40: Schwarz Kruppzo has used '/Observer'.
12:53:41: Schwarz Kruppzo has used '/Observer'.
12:53:41: Schwarz Kruppzo has used '/Observer'.
12:53:42: Schwarz Kruppzo has used '/Observer'.
12:53:42: Schwarz Kruppzo has used '/Observer'.
12:53:43: Schwarz Kruppzo has used '/Observer'.
12:53:43: Schwarz Kruppzo has used '/Observer'.
12:53:44: Schwarz Kruppzo has used '/Observer'.
12:53:44: Schwarz Kruppzo has used '/Observer'.
12:53:45: Schwarz Kruppzo has used '/Observer'.
12:53:45: Schwarz Kruppzo has used '/Observer'.
12:53:47: Schwarz Kruppzo (STEAM_0:1:44629398) has disconnected.
13:09:00: [EoAsm] SchwarzKruppzo (STEAM_0:1:44629398) has connected.
13:09:46: [EoAsm] SchwarzKruppzo has loaded the character 'Schwarz Kruppzo'.
13:09:49: Schwarz Kruppzo has used '/Observer'.
13:09:50: Schwarz Kruppzo has used '/Observer'.
13:09:51: Schwarz Kruppzo has used '/Observer'.
13:09:51: Schwarz Kruppzo has used '/Observer'.
13:09:52: Schwarz Kruppzo has used '/Observer'.
13:09:52: Schwarz Kruppzo has used '/Observer'.
13:09:53: Schwarz Kruppzo has used '/Observer'.
13:09:53: Schwarz Kruppzo has used '/Observer'.
13:09:54: Schwarz Kruppzo has used '/Observer'.
13:09:54: Schwarz Kruppzo has used '/Observer'.
13:09:55: Schwarz Kruppzo has used '/Observer'.
13:09:55: Schwarz Kruppzo has used '/Observer'.
13:09:56: Schwarz Kruppzo has used '/Observer'.
13:10:00: Schwarz Kruppzo has used '/Observer'.
13:20:42: Schwarz Kruppzo has spawned 'models/props_junk/wood_crate001a_damaged.mdl'.
13:20:42: Schwarz Kruppzo has spawned 'models/props_junk/wood_crate001a_damaged.mdl'.
13:28:16: Schwarz Kruppzo has spawned 'models/props_junk/wood_crate001a_damaged.mdl'.
13:28:16: Schwarz Kruppzo has spawned 'models/props_junk/wood_crate001a_damaged.mdl'.
13:29:13: Schwarz Kruppzo has gained a Empty Tin Can 1450434554.
13:29:13: Schwarz Kruppzo has gained a Empty Tin Can 1450434555.
13:29:13: Schwarz Kruppzo has gained a Empty Tin Can 1450434556.
13:29:13: Schwarz Kruppzo has gained a Empty Tin Can 1450434557.
13:29:13: Schwarz Kruppzo has gained a Empty Tin Can 1450434558.
13:29:13: Schwarz Kruppzo has gained a Empty Tin Can 1450434559.
13:29:13: Schwarz Kruppzo has gained a Empty Tin Can 1450434560.
13:29:13: Schwarz Kruppzo has gained a Empty Tin Can 1450434561.
13:29:13: Schwarz Kruppzo has gained a Empty Tin Can 1450434562.
13:29:13: Schwarz Kruppzo has gained a Empty Tin Can 1450434563.
13:29:13: Schwarz Kruppzo has used '/CharGiveItem schw empty_tin_can 10'.
13:29:19: Schwarz Kruppzo has lost a Empty Can 1450431799.
13:29:19: Schwarz Kruppzo has used '/InvAction drop empty_can 1450431799.00'.
13:29:29: Schwarz Kruppzo has lost a Empty Can 1450431796.
13:29:29: Schwarz Kruppzo has used '/InvAction drop empty_can 1450431796.00'.
13:29:30: Schwarz Kruppzo has lost a Empty Can 1450431795.
13:29:30: Schwarz Kruppzo has used '/InvAction drop empty_can 1450431795.00'.
13:29:31: Schwarz Kruppzo has lost a Empty Can 1450431790.
13:29:31: Schwarz Kruppzo has used '/InvAction drop empty_can 1450431790.00'.
13:29:32: Schwarz Kruppzo has lost a Empty Can 1450431797.
13:29:32: Schwarz Kruppzo has used '/InvAction drop empty_can 1450431797.00'.
13:29:32: Schwarz Kruppzo has lost a Empty Can 1450431798.
13:29:32: Schwarz Kruppzo has used '/InvAction drop empty_can 1450431798.00'.
13:29:38: Schwarz Kruppzo has used '/CharGiveItem schw empty_can 20'.
13:29:43: Schwarz Kruppzo has used '/CharGiveItem schw empty_can 20'.
13:29:51: Schwarz Kruppzo has gained a Empty Can 1450434602.
13:29:51: Schwarz Kruppzo has gained a Empty Can 1450434603.
13:29:51: Schwarz Kruppzo has gained a Empty Can 1450434604.
13:29:51: Schwarz Kruppzo has gained a Empty Can 1450434605.
13:29:51: Schwarz Kruppzo has gained a Empty Can 1450434606.
13:29:51: Schwarz Kruppzo has gained a Empty Can 1450434607.
13:29:51: Schwarz Kruppzo has gained a Empty Can 1450434608.
13:29:51: Schwarz Kruppzo has gained a Empty Can 1450434609.
13:29:51: Schwarz Kruppzo has gained a Empty Can 1450434610.
13:29:51: Schwarz Kruppzo has gained a Empty Can 1450434611.
13:29:51: Schwarz Kruppzo has used '/CharGiveItem schw empty_can 10'.
13:29:54: Schwarz Kruppzo has lost a Empty Can 1450434607.
13:29:54: Schwarz Kruppzo has used '/InvAction drop empty_can 1450434607.00'.
13:29:54: Schwarz Kruppzo has lost a Empty Can 1450434606.
13:29:54: Schwarz Kruppzo has used '/InvAction drop empty_can 1450434606.00'.
13:29:55: Schwarz Kruppzo has lost a Empty Can 1450434608.
13:29:55: Schwarz Kruppzo has used '/InvAction drop empty_can 1450434608.00'.
13:29:56: Schwarz Kruppzo has lost a Empty Can 1450434605.
13:29:56: Schwarz Kruppzo has used '/InvAction drop empty_can 1450434605.00'.
13:29:56: Schwarz Kruppzo has lost a Empty Can 1450434609.
13:29:56: Schwarz Kruppzo has used '/InvAction drop empty_can 1450434609.00'.
13:29:57: Schwarz Kruppzo has lost a Empty Can 1450434610.
13:29:57: Schwarz Kruppzo has used '/InvAction drop empty_can 1450434610.00'.
13:29:57: Schwarz Kruppzo has lost a Empty Can 1450434611.
13:29:57: Schwarz Kruppzo has used '/InvAction drop empty_can 1450434611.00'.
13:29:58: Schwarz Kruppzo has lost a Empty Can 1450434604.
13:29:58: Schwarz Kruppzo has used '/InvAction drop empty_can 1450434604.00'.
13:29:59: Schwarz Kruppzo has lost a Empty Can 1450434603.
13:29:59: Schwarz Kruppzo has used '/InvAction drop empty_can 1450434603.00'.
13:30:00: Schwarz Kruppzo has lost a Empty Can 1450434602.
13:30:00: Schwarz Kruppzo has used '/InvAction drop empty_can 1450434602.00'.
13:30:02: Schwarz Kruppzo has gained a Empty Can 1450434623.
13:30:02: Schwarz Kruppzo has gained a Empty Can 1450434624.
13:30:02: Schwarz Kruppzo has gained a Empty Can 1450434625.
13:30:02: Schwarz Kruppzo has gained a Empty Can 1450434626.
13:30:02: Schwarz Kruppzo has gained a Empty Can 1450434627.
13:30:02: Schwarz Kruppzo has gained a Empty Can 1450434628.
13:30:02: Schwarz Kruppzo has gained a Empty Can 1450434629.
13:30:02: Schwarz Kruppzo has gained a Empty Can 1450434630.
13:30:02: Schwarz Kruppzo has gained a Empty Can 1450434631.
13:30:02: Schwarz Kruppzo has gained a Empty Can 1450434632.
13:30:02: Schwarz Kruppzo has used '/CharGiveItem schw empty_can 10'.
13:30:05: Schwarz Kruppzo has lost a Empty Can 1450434632.
13:30:05: Schwarz Kruppzo has used '/InvAction drop empty_can 1450434632.00'.
13:30:06: Schwarz Kruppzo has lost a Empty Can 1450434631.
13:30:06: Schwarz Kruppzo has used '/InvAction drop empty_can 1450434631.00'.
13:30:07: Schwarz Kruppzo has lost a Empty Can 1450434630.
13:30:07: Schwarz Kruppzo has used '/InvAction drop empty_can 1450434630.00'.
13:30:08: Schwarz Kruppzo has lost a Empty Can 1450434629.
13:30:08: Schwarz Kruppzo has used '/InvAction drop empty_can 1450434629.00'.
13:32:17: Schwarz Kruppzo has used '/StorageClose'.
13:34:42: Schwarz Kruppzo has used '/StorageClose'.
13:34:46: Schwarz Kruppzo has used '/StorageTakeItem empty_can 1450434911.00'.
13:34:49: Schwarz Kruppzo has used '/StorageClose'.
13:34:51: Schwarz Kruppzo has used '/Observer'.
13:34:52: Schwarz Kruppzo has used '/Observer'.
13:34:53: Schwarz Kruppzo has used '/Observer'.
13:34:54: Schwarz Kruppzo has used '/Observer'.
13:34:54: Schwarz Kruppzo has used '/Observer'.
13:34:55: Schwarz Kruppzo has used '/Observer'.
13:34:55: Schwarz Kruppzo has used '/Observer'.
13:34:56: Schwarz Kruppzo has used '/Observer'.
13:34:57: Schwarz Kruppzo has used '/Observer'.
13:34:58: Schwarz Kruppzo has used '/Observer'.
13:35:09: Schwarz Kruppzo has used '/StorageClose'.
13:35:50: Schwarz Kruppzo has lost a Empty Can 1450434627.
13:35:50: Schwarz Kruppzo has used '/InvAction drop empty_can 1450434627.00'.
13:35:50: Schwarz Kruppzo has lost a Empty Can 1450434628.
13:35:50: Schwarz Kruppzo has used '/InvAction drop empty_can 1450434628.00'.
13:35:51: Schwarz Kruppzo has lost a Empty Can 1450434626.
13:35:51: Schwarz Kruppzo has used '/InvAction drop empty_can 1450434626.00'.
13:35:52: Schwarz Kruppzo has lost a Empty Can 1450434625.
13:35:52: Schwarz Kruppzo has used '/InvAction drop empty_can 1450434625.00'.
13:35:53: Schwarz Kruppzo has lost a Empty Can 1450434624.
13:35:53: Schwarz Kruppzo has used '/InvAction drop empty_can 1450434624.00'.
13:35:54: Schwarz Kruppzo has lost a Empty Can 1450434623.
13:35:54: Schwarz Kruppzo has used '/InvAction drop empty_can 1450434623.00'.
13:36:02: Schwarz Kruppzo has used '/StorageClose'.
13:47:20: Schwarz Kruppzo has gained a Empty Can 1450435699.
13:47:20: Schwarz Kruppzo has gained a Empty Can 1450435700.
13:47:20: Schwarz Kruppzo has gained a Empty Can 1450435701.
13:47:20: Schwarz Kruppzo has gained a Empty Can 1450435702.
13:47:20: Schwarz Kruppzo has gained a Empty Can 1450435703.
13:47:20: Schwarz Kruppzo has gained a Empty Can 1450435704.
13:47:20: Schwarz Kruppzo has gained a Empty Can 1450435705.
13:47:20: Schwarz Kruppzo has gained a Empty Can 1450435706.
13:47:20: Schwarz Kruppzo has gained a Empty Can 1450435707.
13:47:20: Schwarz Kruppzo has gained a Empty Can 1450435708.
13:47:20: Schwarz Kruppzo has used '/CharGiveItem schw empty_can 10'.
13:47:22: Schwarz Kruppzo has lost a Empty Can 1450435705.
13:47:22: Schwarz Kruppzo has used '/InvAction drop empty_can 1450435705.00'.
13:47:23: Schwarz Kruppzo has lost a Empty Can 1450435704.
13:47:23: Schwarz Kruppzo has used '/InvAction drop empty_can 1450435704.00'.
13:47:23: Schwarz Kruppzo has lost a Empty Can 1450435706.
13:47:23: Schwarz Kruppzo has used '/InvAction drop empty_can 1450435706.00'.
13:47:24: Schwarz Kruppzo has lost a Empty Can 1450435707.
13:47:24: Schwarz Kruppzo has used '/InvAction drop empty_can 1450435707.00'.
13:47:25: Schwarz Kruppzo has lost a Empty Can 1450435708.
13:47:25: Schwarz Kruppzo has used '/InvAction drop empty_can 1450435708.00'.
13:47:25: Schwarz Kruppzo has lost a Empty Can 1450435703.
13:47:25: Schwarz Kruppzo has used '/InvAction drop empty_can 1450435703.00'.
13:47:26: Schwarz Kruppzo has lost a Empty Can 1450435702.
13:47:26: Schwarz Kruppzo has used '/InvAction drop empty_can 1450435702.00'.
13:47:27: Schwarz Kruppzo has lost a Empty Can 1450435701.
13:47:27: Schwarz Kruppzo has used '/InvAction drop empty_can 1450435701.00'.
13:49:33: Schwarz Kruppzo has used '/StorageClose'.
13:50:05: Schwarz Kruppzo has gained a Empty Can 1450435882.
13:50:05: Schwarz Kruppzo has gained a Empty Can 1450435883.
13:50:05: Schwarz Kruppzo has gained a Empty Can 1450435884.
13:50:05: Schwarz Kruppzo has gained a Empty Can 1450435885.
13:50:05: Schwarz Kruppzo has gained a Empty Can 1450435886.
13:50:05: Schwarz Kruppzo has gained a Empty Can 1450435887.
13:50:05: Schwarz Kruppzo has gained a Empty Can 1450435888.
13:50:05: Schwarz Kruppzo has gained a Empty Can 1450435889.
13:50:05: Schwarz Kruppzo has gained a Empty Can 1450435890.
13:50:05: Schwarz Kruppzo has gained a Empty Can 1450435891.
13:50:05: Schwarz Kruppzo has used '/CharGiveItem schw empty_can 10'.
13:50:07: Schwarz Kruppzo has lost a Empty Can 1450435884.
13:50:07: Schwarz Kruppzo has used '/InvAction drop empty_can 1450435884.00'.
13:50:07: Schwarz Kruppzo has lost a Empty Can 1450435885.
13:50:07: Schwarz Kruppzo has used '/InvAction drop empty_can 1450435885.00'.
13:50:08: Schwarz Kruppzo has lost a Empty Can 1450435886.
13:50:08: Schwarz Kruppzo has used '/InvAction drop empty_can 1450435886.00'.
13:50:09: Schwarz Kruppzo has lost a Empty Can 1450435887.
13:50:09: Schwarz Kruppzo has used '/InvAction drop empty_can 1450435887.00'.
13:50:09: Schwarz Kruppzo has lost a Empty Can 1450435888.
13:50:09: Schwarz Kruppzo has used '/InvAction drop empty_can 1450435888.00'.
13:50:10: Schwarz Kruppzo has lost a Empty Can 1450435889.
13:50:10: Schwarz Kruppzo has used '/InvAction drop empty_can 1450435889.00'.
13:53:24: Schwarz Kruppzo has gained a Empty Can 1450436097.
13:53:24: Schwarz Kruppzo has gained a Empty Can 1450436098.
13:53:24: Schwarz Kruppzo has gained a Empty Can 1450436099.
13:53:24: Schwarz Kruppzo has gained a Empty Can 1450436100.
13:53:24: Schwarz Kruppzo has gained a Empty Can 1450436101.
13:53:24: Schwarz Kruppzo has gained a Empty Can 1450436102.
13:53:24: Schwarz Kruppzo has gained a Empty Can 1450436103.
13:53:24: Schwarz Kruppzo has gained a Empty Can 1450436104.
13:53:24: Schwarz Kruppzo has gained a Empty Can 1450436105.
13:53:24: Schwarz Kruppzo has gained a Empty Can 1450436106.
13:53:24: Schwarz Kruppzo has used '/CharGiveItem schw empty_can 10'.
13:53:26: Schwarz Kruppzo has lost a Empty Can 1450436106.
13:53:26: Schwarz Kruppzo has used '/InvAction drop empty_can 1450436106.00'.
13:53:27: Schwarz Kruppzo has lost a Empty Can 1450436105.
13:53:27: Schwarz Kruppzo has used '/InvAction drop empty_can 1450436105.00'.
13:53:28: Schwarz Kruppzo has lost a Empty Can 1450436104.
13:53:28: Schwarz Kruppzo has used '/InvAction drop empty_can 1450436104.00'.
13:53:28: Schwarz Kruppzo has lost a Empty Can 1450436103.
13:53:28: Schwarz Kruppzo has used '/InvAction drop empty_can 1450436103.00'.
13:53:29: Schwarz Kruppzo has lost a Empty Can 1450435700.
13:53:29: Schwarz Kruppzo has used '/InvAction drop empty_can 1450435700.00'.
13:53:30: Schwarz Kruppzo has lost a Empty Can 1450435882.
13:53:30: Schwarz Kruppzo has used '/InvAction drop empty_can 1450435882.00'.
13:53:31: Schwarz Kruppzo has lost a Empty Can 1450435883.
13:53:31: Schwarz Kruppzo has used '/InvAction drop empty_can 1450435883.00'.
13:53:32: Schwarz Kruppzo has lost a Empty Can 1450435890.
13:53:32: Schwarz Kruppzo has used '/InvAction drop empty_can 1450435890.00'.
13:53:43: Schwarz Kruppzo has used '/StorageClose'.
13:53:58: Schwarz Kruppzo has lost a Empty Can 1450436102.
13:53:58: Schwarz Kruppzo has used '/InvAction drop empty_can 1450436102.00'.
13:53:59: Schwarz Kruppzo has lost a Empty Can 1450436101.
13:53:59: Schwarz Kruppzo has used '/InvAction drop empty_can 1450436101.00'.
13:54:00: Schwarz Kruppzo has lost a Empty Can 1450436100.
13:54:00: Schwarz Kruppzo has used '/InvAction drop empty_can 1450436100.00'.
13:54:00: Schwarz Kruppzo has lost a Empty Can 1450436099.
13:54:00: Schwarz Kruppzo has used '/InvAction drop empty_can 1450436099.00'.
13:54:01: Schwarz Kruppzo has lost a Empty Can 1450436098.
13:54:01: Schwarz Kruppzo has used '/InvAction drop empty_can 1450436098.00'.
13:54:01: Schwarz Kruppzo has lost a Empty Can 1450436097.
13:54:01: Schwarz Kruppzo has used '/InvAction drop empty_can 1450436097.00'.
13:54:02: Schwarz Kruppzo has lost a Empty Can 1450435891.
13:54:02: Schwarz Kruppzo has used '/InvAction drop empty_can 1450435891.00'.
13:54:03: Schwarz Kruppzo has lost a Empty Can 1450435699.
13:54:03: Schwarz Kruppzo has used '/InvAction drop empty_can 1450435699.00'.
13:54:08: Schwarz Kruppzo has used '/Observer'.
13:54:11: Schwarz Kruppzo has used '/Observer'.
13:54:28: Schwarz Kruppzo has gained a Empty Can 1450436180.
13:54:28: Schwarz Kruppzo has gained a Empty Can 1450436181.
13:54:28: Schwarz Kruppzo has gained a Empty Can 1450436182.
13:54:28: Schwarz Kruppzo has gained a Empty Can 1450436183.
13:54:28: Schwarz Kruppzo has gained a Empty Can 1450436184.
13:54:28: Schwarz Kruppzo has gained a Empty Can 1450436185.
13:54:28: Schwarz Kruppzo has gained a Empty Can 1450436186.
13:54:28: Schwarz Kruppzo has gained a Empty Can 1450436187.
13:54:28: Schwarz Kruppzo has gained a Empty Can 1450436188.
13:54:28: Schwarz Kruppzo has gained a Empty Can 1450436189.
13:54:28: Schwarz Kruppzo has used '/CharGiveItem schw empty_can 10'.
13:54:29: Schwarz Kruppzo has lost a Empty Can 1450436189.
13:54:29: Schwarz Kruppzo has used '/InvAction drop empty_can 1450436189.00'.
13:54:30: Schwarz Kruppzo has lost a Empty Can 1450436188.
13:54:30: Schwarz Kruppzo has used '/InvAction drop empty_can 1450436188.00'.
13:54:31: Schwarz Kruppzo has lost a Empty Can 1450436187.
13:54:31: Schwarz Kruppzo has used '/InvAction drop empty_can 1450436187.00'.
13:54:32: Schwarz Kruppzo has lost a Empty Can 1450436186.
13:54:32: Schwarz Kruppzo has used '/InvAction drop empty_can 1450436186.00'.
13:54:33: Schwarz Kruppzo has lost a Empty Can 1450436185.
13:54:33: Schwarz Kruppzo has used '/InvAction drop empty_can 1450436185.00'.
13:54:35: Schwarz Kruppzo has lost a Empty Can 1450436183.
13:54:35: Schwarz Kruppzo has used '/InvAction drop empty_can 1450436183.00'.
13:54:35: Schwarz Kruppzo has lost a Empty Can 1450436184.
13:54:35: Schwarz Kruppzo has used '/InvAction drop empty_can 1450436184.00'.
13:54:36: Schwarz Kruppzo has lost a Empty Can 1450436182.
13:54:36: Schwarz Kruppzo has used '/InvAction drop empty_can 1450436182.00'.
13:54:37: Schwarz Kruppzo has lost a Empty Can 1450436181.
13:54:37: Schwarz Kruppzo has used '/InvAction drop empty_can 1450436181.00'.
13:54:38: Schwarz Kruppzo has lost a Empty Can 1450436180.
13:54:38: Schwarz Kruppzo has used '/InvAction drop empty_can 1450436180.00'.
13:54:46: Schwarz Kruppzo has used '/Observer'.
13:54:48: Schwarz Kruppzo has used '/Observer'.
13:59:24: Schwarz Kruppzo (STEAM_0:1:44629398) has disconnected.
14:02:37: [EoAsm] SchwarzKruppzo (STEAM_0:1:44629398) has connected.
14:03:48: [EoAsm] SchwarzKruppzo has loaded the character 'Schwarz Kruppzo'.
14:03:50: Schwarz Kruppzo has used '/Observer'.
14:04:06: Schwarz Kruppzo has used '/Observer'.
14:04:07: Schwarz Kruppzo has used '/Observer'.
14:04:08: Schwarz Kruppzo has used '/Observer'.
14:04:08: Schwarz Kruppzo has used '/Observer'.
14:04:08: Schwarz Kruppzo has used '/Observer'.
14:04:10: Schwarz Kruppzo has used '/Observer'.
14:04:11: Schwarz Kruppzo has used '/Observer'.
14:04:12: Schwarz Kruppzo has used '/Observer'.
14:04:12: Schwarz Kruppzo has used '/Observer'.
14:04:20: Schwarz Kruppzo has used '/Observer'.
14:04:22: Schwarz Kruppzo has used '/Observer'.
14:04:25: Schwarz Kruppzo has used '/Observer'.
14:04:27: Schwarz Kruppzo has used '/Observer'.
14:09:17: Schwarz Kruppzo (STEAM_0:1:44629398) has disconnected.
14:11:26: [EoAsm] SchwarzKruppzo (STEAM_0:1:44629398) has connected.
14:12:15: [EoAsm] SchwarzKruppzo has loaded the character 'Schwarz Kruppzo'.
14:12:24: Schwarz Kruppzo has used '/Observer'.
14:12:38: Schwarz Kruppzo has used '/Observer'.
14:12:53: Schwarz Kruppzo has used '/Observer'.
14:12:56: Schwarz Kruppzo has used '/Observer'.
14:23:12: Schwarz Kruppzo (STEAM_0:1:44629398) has disconnected.
14:25:19: [EoAsm] SchwarzKruppzo (STEAM_0:1:44629398) has connected.
14:26:13: [EoAsm] SchwarzKruppzo has loaded the character 'Schwarz Kruppzo'.
14:26:17: Schwarz Kruppzo has used '/Observer'.
14:26:31: Schwarz Kruppzo has used '/Observer'.
14:27:01: Schwarz Kruppzo has gained a Empty Soda Can 1450438022.
14:27:01: Schwarz Kruppzo has gained a Empty Soda Can 1450438023.
14:27:01: Schwarz Kruppzo has gained a Empty Soda Can 1450438024.
14:27:01: Schwarz Kruppzo has gained a Empty Soda Can 1450438025.
14:27:01: Schwarz Kruppzo has gained a Empty Soda Can 1450438026.
14:27:01: Schwarz Kruppzo has gained a Empty Soda Can 1450438027.
14:27:01: Schwarz Kruppzo has gained a Empty Soda Can 1450438028.
14:27:01: Schwarz Kruppzo has gained a Empty Soda Can 1450438029.
14:27:01: Schwarz Kruppzo has gained a Empty Soda Can 1450438030.
14:27:01: Schwarz Kruppzo has gained a Empty Soda Can 1450438031.
14:27:01: Schwarz Kruppzo has used '/CharGiveItem schw empty_soda_can 10'.
14:27:02: Schwarz Kruppzo has lost a Empty Soda Can 1450438031.
14:27:02: Schwarz Kruppzo has used '/InvAction drop empty_soda_can 1450438031.00'.
14:27:03: Schwarz Kruppzo has lost a Empty Soda Can 1450438030.
14:27:03: Schwarz Kruppzo has used '/InvAction drop empty_soda_can 1450438030.00'.
14:27:04: Schwarz Kruppzo has lost a Empty Soda Can 1450438029.
14:27:04: Schwarz Kruppzo has used '/InvAction drop empty_soda_can 1450438029.00'.
14:27:04: Schwarz Kruppzo has lost a Empty Soda Can 1450438028.
14:27:04: Schwarz Kruppzo has used '/InvAction drop empty_soda_can 1450438028.00'.
14:27:05: Schwarz Kruppzo has lost a Empty Soda Can 1450438027.
14:27:05: Schwarz Kruppzo has used '/InvAction drop empty_soda_can 1450438027.00'.
14:27:06: Schwarz Kruppzo has lost a Empty Soda Can 1450438026.
14:27:06: Schwarz Kruppzo has used '/InvAction drop empty_soda_can 1450438026.00'.
14:27:07: Schwarz Kruppzo has lost a Empty Soda Can 1450438025.
14:27:07: Schwarz Kruppzo has used '/InvAction drop empty_soda_can 1450438025.00'.
14:27:09: Schwarz Kruppzo has lost a Empty Soda Can 1450438023.
14:27:09: Schwarz Kruppzo has used '/InvAction drop empty_soda_can 1450438023.00'.
14:27:09: Schwarz Kruppzo has lost a Empty Soda Can 1450438024.
14:27:09: Schwarz Kruppzo has used '/InvAction drop empty_soda_can 1450438024.00'.
14:27:10: Schwarz Kruppzo has lost a Empty Soda Can 1450438022.
14:27:10: Schwarz Kruppzo has used '/InvAction drop empty_soda_can 1450438022.00'.
14:27:26: Schwarz Kruppzo has spawned 'models/props_junk/wood_crate001a_damaged.mdl'.
14:27:26: Schwarz Kruppzo has spawned 'models/props_junk/wood_crate001a_damaged.mdl'.
14:27:51: Schwarz Kruppzo has used '/StorageClose'.
14:30:35: Schwarz Kruppzo has gained a Empty Soda Can 1450438250.
14:30:35: Schwarz Kruppzo has gained a Empty Soda Can 1450438251.
14:30:35: Schwarz Kruppzo has gained a Empty Soda Can 1450438252.
14:30:35: Schwarz Kruppzo has gained a Empty Soda Can 1450438253.
14:30:35: Schwarz Kruppzo has gained a Empty Soda Can 1450438254.
14:30:35: Schwarz Kruppzo has gained a Empty Soda Can 1450438255.
14:30:35: Schwarz Kruppzo has gained a Empty Soda Can 1450438256.
14:30:35: Schwarz Kruppzo has gained a Empty Soda Can 1450438257.
14:30:35: Schwarz Kruppzo has gained a Empty Soda Can 1450438258.
14:30:35: Schwarz Kruppzo has gained a Empty Soda Can 1450438259.
14:30:35: Schwarz Kruppzo has used '/CharGiveItem schw empty_soda_can 10'.
14:30:36: Schwarz Kruppzo has lost a Empty Soda Can 1450438259.
14:30:36: Schwarz Kruppzo has used '/InvAction drop empty_soda_can 1450438259.00'.
14:30:36: Schwarz Kruppzo has lost a Empty Soda Can 1450438258.
14:30:36: Schwarz Kruppzo has used '/InvAction drop empty_soda_can 1450438258.00'.
14:30:38: Schwarz Kruppzo has lost a Empty Soda Can 1450438257.
14:30:38: Schwarz Kruppzo has used '/InvAction drop empty_soda_can 1450438257.00'.
14:30:38: Schwarz Kruppzo has lost a Empty Soda Can 1450438256.
14:30:38: Schwarz Kruppzo has used '/InvAction drop empty_soda_can 1450438256.00'.
14:30:39: Schwarz Kruppzo has lost a Empty Soda Can 1450438255.
14:30:39: Schwarz Kruppzo has used '/InvAction drop empty_soda_can 1450438255.00'.
14:30:39: Schwarz Kruppzo has lost a Empty Soda Can 1450438254.
14:30:39: Schwarz Kruppzo has used '/InvAction drop empty_soda_can 1450438254.00'.
14:30:40: Schwarz Kruppzo has lost a Empty Soda Can 1450438253.
14:30:40: Schwarz Kruppzo has used '/InvAction drop empty_soda_can 1450438253.00'.
14:30:41: Schwarz Kruppzo has lost a Empty Soda Can 1450438252.
14:30:41: Schwarz Kruppzo has used '/InvAction drop empty_soda_can 1450438252.00'.
14:30:42: Schwarz Kruppzo has lost a Empty Soda Can 1450438251.
14:30:42: Schwarz Kruppzo has used '/InvAction drop empty_soda_can 1450438251.00'.
14:30:43: Schwarz Kruppzo has lost a Empty Soda Can 1450438250.
14:30:43: Schwarz Kruppzo has used '/InvAction drop empty_soda_can 1450438250.00'.
14:35:04: Schwarz Kruppzo has gained a Empty Soda Can 1450438530.
14:35:04: Schwarz Kruppzo has gained a Empty Soda Can 1450438531.
14:35:04: Schwarz Kruppzo has gained a Empty Soda Can 1450438532.
14:35:04: Schwarz Kruppzo has gained a Empty Soda Can 1450438533.
14:35:04: Schwarz Kruppzo has gained a Empty Soda Can 1450438534.
14:35:04: Schwarz Kruppzo has gained a Empty Soda Can 1450438535.
14:35:04: Schwarz Kruppzo has gained a Empty Soda Can 1450438536.
14:35:04: Schwarz Kruppzo has gained a Empty Soda Can 1450438537.
14:35:04: Schwarz Kruppzo has gained a Empty Soda Can 1450438538.
14:35:04: Schwarz Kruppzo has gained a Empty Soda Can 1450438539.
14:35:04: Schwarz Kruppzo has used '/CharGiveItem schw empty_soda_can 10'.
14:35:05: Schwarz Kruppzo has lost a Empty Soda Can 1450438539.
14:35:05: Schwarz Kruppzo has used '/InvAction drop empty_soda_can 1450438539.00'.
14:35:06: Schwarz Kruppzo has lost a Empty Soda Can 1450438538.
14:35:06: Schwarz Kruppzo has used '/InvAction drop empty_soda_can 1450438538.00'.
14:35:07: Schwarz Kruppzo has lost a Empty Soda Can 1450438537.
14:35:07: Schwarz Kruppzo has used '/InvAction drop empty_soda_can 1450438537.00'.
14:35:07: Schwarz Kruppzo has lost a Empty Soda Can 1450438536.
14:35:07: Schwarz Kruppzo has used '/InvAction drop empty_soda_can 1450438536.00'.
14:35:08: Schwarz Kruppzo has lost a Empty Soda Can 1450438535.
14:35:08: Schwarz Kruppzo has used '/InvAction drop empty_soda_can 1450438535.00'.
14:35:09: Schwarz Kruppzo has lost a Empty Soda Can 1450438534.
14:35:09: Schwarz Kruppzo has used '/InvAction drop empty_soda_can 1450438534.00'.
14:35:09: Schwarz Kruppzo has lost a Empty Soda Can 1450438533.
14:35:09: Schwarz Kruppzo has used '/InvAction drop empty_soda_can 1450438533.00'.
14:35:10: Schwarz Kruppzo has lost a Empty Soda Can 1450438532.
14:35:10: Schwarz Kruppzo has used '/InvAction drop empty_soda_can 1450438532.00'.
14:35:11: Schwarz Kruppzo has lost a Empty Soda Can 1450438531.
14:35:11: Schwarz Kruppzo has used '/InvAction drop empty_soda_can 1450438531.00'.
14:35:11: Schwarz Kruppzo has lost a Empty Soda Can 1450438530.
14:35:11: Schwarz Kruppzo has used '/InvAction drop empty_soda_can 1450438530.00'.
14:36:16: Schwarz Kruppzo has used '/Observer'.
14:36:18: Schwarz Kruppzo has used '/Observer'.
14:37:23: Schwarz Kruppzo (STEAM_0:1:44629398) has disconnected.
14:47:11: [EoAsm] SchwarzKruppzo (STEAM_0:1:44629398) has connected.
14:48:42: [EoAsm] SchwarzKruppzo has loaded the character 'Schwarz Kruppzo'.
14:48:44: Schwarz Kruppzo has used '/Observer'.
14:48:48: Schwarz Kruppzo has used '/Observer'.
14:48:53: Schwarz Kruppzo has used '/Observer'.
15:00:48: Schwarz Kruppzo (STEAM_0:1:44629398) has disconnected.
23:18:00: [EoAsm] SchwarzKruppzo (STEAM_0:1:44629398) has connected.
23:18:26: [EoAsm] SchwarzKruppzo has loaded the character 'Schwarz Kruppzo'.
23:18:31: Schwarz Kruppzo has used '/Observer'.
23:18:32: Schwarz Kruppzo has used '/Observer'.
23:18:32: Schwarz Kruppzo has taken 76 damage from worldspawn, leaving them at 22 health!
23:18:32: Schwarz Kruppzo has used '/Observer'.
23:18:35: Schwarz Kruppzo has used '/Observer'.
23:18:36: Schwarz Kruppzo has used '/Observer'.
23:18:37: Schwarz Kruppzo has used '/Observer'.
23:19:11: Schwarz Kruppzo has used '/Observer'.
23:19:18: Schwarz Kruppzo has used '/Observer'.
23:19:27: Schwarz Kruppzo has used '/Observer'.
23:19:31: Schwarz Kruppzo has used '/Observer'.
23:19:32: Schwarz Kruppzo has used '/Observer'.
23:19:33: Schwarz Kruppzo has used '/Observer'.
23:19:34: Schwarz Kruppzo has used '/Observer'.
23:19:35: Schwarz Kruppzo has used '/Observer'.
23:19:37: Schwarz Kruppzo has used '/Observer'.
23:20:08: Schwarz Kruppzo has used '/Observer'.
23:45:16: Schwarz Kruppzo has gained a Empty Soda Can 1450471517.
23:45:16: Schwarz Kruppzo has gained a Empty Soda Can 1450471518.
23:45:16: Schwarz Kruppzo has gained a Empty Soda Can 1450471519.
23:45:16: Schwarz Kruppzo has gained a Empty Soda Can 1450471520.
23:45:16: Schwarz Kruppzo has gained a Empty Soda Can 1450471521.
23:45:16: Schwarz Kruppzo has gained a Empty Soda Can 1450471522.
23:45:16: Schwarz Kruppzo has gained a Empty Soda Can 1450471523.
23:45:16: Schwarz Kruppzo has gained a Empty Soda Can 1450471524.
23:45:16: Schwarz Kruppzo has gained a Empty Soda Can 1450471525.
23:45:16: Schwarz Kruppzo has gained a Empty Soda Can 1450471526.
23:45:16: Schwarz Kruppzo has used '/CharGiveItem schw empty_soda_can 10'.
23:45:22: Schwarz Kruppzo has lost a Empty Soda Can 1450471526.
23:45:22: Schwarz Kruppzo has used '/InvAction drop empty_soda_can 1450471526.00'.
23:45:22: Schwarz Kruppzo has lost a Empty Soda Can 1450471525.
23:45:22: Schwarz Kruppzo has used '/InvAction drop empty_soda_can 1450471525.00'.
23:45:23: Schwarz Kruppzo has lost a Empty Soda Can 1450471524.
23:45:23: Schwarz Kruppzo has used '/InvAction drop empty_soda_can 1450471524.00'.
23:45:24: Schwarz Kruppzo has lost a Empty Soda Can 1450471523.
23:45:24: Schwarz Kruppzo has used '/InvAction drop empty_soda_can 1450471523.00'.
23:45:24: Schwarz Kruppzo has lost a Empty Soda Can 1450471522.
23:45:24: Schwarz Kruppzo has used '/InvAction drop empty_soda_can 1450471522.00'.
23:45:25: Schwarz Kruppzo has lost a Empty Soda Can 1450471521.
23:45:25: Schwarz Kruppzo has used '/InvAction drop empty_soda_can 1450471521.00'.
23:45:26: Schwarz Kruppzo has lost a Empty Soda Can 1450471520.
23:45:26: Schwarz Kruppzo has used '/InvAction drop empty_soda_can 1450471520.00'.
23:45:27: Schwarz Kruppzo has lost a Empty Soda Can 1450471519.
23:45:27: Schwarz Kruppzo has used '/InvAction drop empty_soda_can 1450471519.00'.
23:45:27: Schwarz Kruppzo has lost a Empty Soda Can 1450471518.
23:45:27: Schwarz Kruppzo has used '/InvAction drop empty_soda_can 1450471518.00'.
23:45:28: Schwarz Kruppzo has lost a Empty Soda Can 1450471517.
23:45:28: Schwarz Kruppzo has used '/InvAction drop empty_soda_can 1450471517.00'.
23:48:30: Schwarz Kruppzo has gained a Empty Soda Can 1450471722.
23:48:30: Schwarz Kruppzo has gained a Empty Soda Can 1450471723.
23:48:30: Schwarz Kruppzo has gained a Empty Soda Can 1450471724.
23:48:30: Schwarz Kruppzo has gained a Empty Soda Can 1450471725.
23:48:30: Schwarz Kruppzo has gained a Empty Soda Can 1450471726.
23:48:30: Schwarz Kruppzo has gained a Empty Soda Can 1450471727.
23:48:30: Schwarz Kruppzo has gained a Empty Soda Can 1450471728.
23:48:30: Schwarz Kruppzo has gained a Empty Soda Can 1450471729.
23:48:30: Schwarz Kruppzo has gained a Empty Soda Can 1450471730.
23:48:30: Schwarz Kruppzo has gained a Empty Soda Can 1450471731.
23:48:30: Schwarz Kruppzo has used '/CharGiveItem schw empty_soda_can 10'.
23:48:45: Schwarz Kruppzo has gained a Empty Soda Can 1450471748.
23:48:45: Schwarz Kruppzo has gained a Empty Soda Can 1450471749.
23:48:45: Schwarz Kruppzo has gained a Empty Soda Can 1450471750.
23:48:45: Schwarz Kruppzo has gained a Empty Soda Can 1450471751.
23:48:45: Schwarz Kruppzo has gained a Empty Soda Can 1450471752.
23:48:45: Schwarz Kruppzo has gained a Empty Soda Can 1450471753.
23:48:45: Schwarz Kruppzo has gained a Empty Soda Can 1450471754.
23:48:45: Schwarz Kruppzo has gained a Empty Soda Can 1450471755.
23:48:45: Schwarz Kruppzo has gained a Empty Soda Can 1450471756.
23:48:45: Schwarz Kruppzo has gained a Empty Soda Can 1450471757.
23:48:45: Schwarz Kruppzo has used '/CharGiveItem schw empty_soda_can 10'.
23:48:46: Schwarz Kruppzo has lost a Empty Soda Can 1450471757.
23:48:46: Schwarz Kruppzo has used '/InvAction drop empty_soda_can 1450471757.00'.
23:48:47: Schwarz Kruppzo has lost a Empty Soda Can 1450471756.
23:48:47: Schwarz Kruppzo has used '/InvAction drop empty_soda_can 1450471756.00'.
23:48:48: Schwarz Kruppzo has lost a Empty Soda Can 1450471755.
23:48:48: Schwarz Kruppzo has used '/InvAction drop empty_soda_can 1450471755.00'.
23:48:48: Schwarz Kruppzo has lost a Empty Soda Can 1450471754.
23:48:48: Schwarz Kruppzo has used '/InvAction drop empty_soda_can 1450471754.00'.
23:48:49: Schwarz Kruppzo has lost a Empty Soda Can 1450471753.
23:48:49: Schwarz Kruppzo has used '/InvAction drop empty_soda_can 1450471753.00'.
23:48:50: Schwarz Kruppzo has lost a Empty Soda Can 1450471752.
23:48:50: Schwarz Kruppzo has used '/InvAction drop empty_soda_can 1450471752.00'.
23:48:50: Schwarz Kruppzo has lost a Empty Soda Can 1450471751.
23:48:50: Schwarz Kruppzo has used '/InvAction drop empty_soda_can 1450471751.00'.
23:48:51: Schwarz Kruppzo has lost a Empty Soda Can 1450471750.
23:48:51: Schwarz Kruppzo has used '/InvAction drop empty_soda_can 1450471750.00'.
23:48:52: Schwarz Kruppzo has lost a Empty Soda Can 1450471749.
23:48:52: Schwarz Kruppzo has used '/InvAction drop empty_soda_can 1450471749.00'.
23:48:52: Schwarz Kruppzo has lost a Empty Soda Can 1450471748.
23:48:52: Schwarz Kruppzo has used '/InvAction drop empty_soda_can 1450471748.00'.
23:53:12: Schwarz Kruppzo has gained a Empty Soda Can 1450472026.
23:53:12: Schwarz Kruppzo has gained a Empty Soda Can 1450472027.
23:53:12: Schwarz Kruppzo has gained a Empty Soda Can 1450472028.
23:53:12: Schwarz Kruppzo has gained a Empty Soda Can 1450472029.
23:53:12: Schwarz Kruppzo has gained a Empty Soda Can 1450472030.
23:53:12: Schwarz Kruppzo has gained a Empty Soda Can 1450472031.
23:53:12: Schwarz Kruppzo has gained a Empty Soda Can 1450472032.
23:53:12: Schwarz Kruppzo has gained a Empty Soda Can 1450472033.
23:53:12: Schwarz Kruppzo has gained a Empty Soda Can 1450472034.
23:53:12: Schwarz Kruppzo has gained a Empty Soda Can 1450472035.
23:53:12: Schwarz Kruppzo has used '/CharGiveItem schw empty_soda_can 10'.
23:53:15: Schwarz Kruppzo has lost a Empty Soda Can 1450472035.
23:53:15: Schwarz Kruppzo has used '/InvAction drop empty_soda_can 1450472035.00'.
23:53:16: Schwarz Kruppzo has lost a Empty Soda Can 1450472034.
23:53:16: Schwarz Kruppzo has used '/InvAction drop empty_soda_can 1450472034.00'.
23:53:16: Schwarz Kruppzo has lost a Empty Soda Can 1450472033.
23:53:16: Schwarz Kruppzo has used '/InvAction drop empty_soda_can 1450472033.00'.
23:53:23: Schwarz Kruppzo has lost a Empty Soda Can 1450471731.
23:53:23: Schwarz Kruppzo has used '/InvAction drop empty_soda_can 1450471731.00'.
23:53:24: Schwarz Kruppzo has lost a Empty Soda Can 1450471730.
23:53:24: Schwarz Kruppzo has used '/InvAction drop empty_soda_can 1450471730.00'.
23:53:24: Schwarz Kruppzo has lost a Empty Soda Can 1450471729.
23:53:24: Schwarz Kruppzo has used '/InvAction drop empty_soda_can 1450471729.00'.
23:53:25: Schwarz Kruppzo has lost a Empty Soda Can 1450471728.
23:53:25: Schwarz Kruppzo has used '/InvAction drop empty_soda_can 1450471728.00'.
23:53:25: Schwarz Kruppzo has lost a Empty Soda Can 1450471727.
23:53:25: Schwarz Kruppzo has used '/InvAction drop empty_soda_can 1450471727.00'.
23:53:26: Schwarz Kruppzo has lost a Empty Soda Can 1450471726.
23:53:26: Schwarz Kruppzo has used '/InvAction drop empty_soda_can 1450471726.00'.
23:53:27: Schwarz Kruppzo has lost a Empty Soda Can 1450472026.
23:53:27: Schwarz Kruppzo has used '/InvAction drop empty_soda_can 1450472026.00'.
23:54:27: Schwarz Kruppzo has lost a Empty Soda Can 1450472028.
23:54:27: Schwarz Kruppzo has used '/InvAction drop empty_soda_can 1450472028.00'.
23:54:27: Schwarz Kruppzo has lost a Empty Soda Can 1450472029.
23:54:27: Schwarz Kruppzo has used '/InvAction drop empty_soda_can 1450472029.00'.
23:54:28: Schwarz Kruppzo has lost a Empty Soda Can 1450472027.
23:54:28: Schwarz Kruppzo has used '/InvAction drop empty_soda_can 1450472027.00'.
23:54:29: Schwarz Kruppzo has lost a Empty Soda Can 1450472030.
23:54:29: Schwarz Kruppzo has used '/InvAction drop empty_soda_can 1450472030.00'.
23:54:29: Schwarz Kruppzo has lost a Empty Soda Can 1450472031.
23:54:29: Schwarz Kruppzo has used '/InvAction drop empty_soda_can 1450472031.00'.
23:54:30: Schwarz Kruppzo has lost a Empty Soda Can 1450472032.
23:54:30: Schwarz Kruppzo has used '/InvAction drop empty_soda_can 1450472032.00'.
23:54:30: Schwarz Kruppzo has lost a Empty Soda Can 1450471725.
23:54:30: Schwarz Kruppzo has used '/InvAction drop empty_soda_can 1450471725.00'.
23:54:31: Schwarz Kruppzo has lost a Empty Soda Can 1450471724.
23:54:31: Schwarz Kruppzo has used '/InvAction drop empty_soda_can 1450471724.00'.
23:54:31: Schwarz Kruppzo has lost a Empty Soda Can 1450471723.
23:54:31: Schwarz Kruppzo has used '/InvAction drop empty_soda_can 1450471723.00'.
23:54:32: Schwarz Kruppzo has lost a Empty Soda Can 1450471722.
23:54:32: Schwarz Kruppzo has used '/InvAction drop empty_soda_can 1450471722.00'.
23:59:45: Schwarz Kruppzo has gained a Empty Soda Can 1450472430.
23:59:45: Schwarz Kruppzo has gained a Empty Soda Can 1450472431.
23:59:45: Schwarz Kruppzo has gained a Empty Soda Can 1450472432.
23:59:45: Schwarz Kruppzo has gained a Empty Soda Can 1450472433.
23:59:45: Schwarz Kruppzo has gained a Empty Soda Can 1450472434.
23:59:45: Schwarz Kruppzo has gained a Empty Soda Can 1450472435.
23:59:45: Schwarz Kruppzo has gained a Empty Soda Can 1450472436.
23:59:45: Schwarz Kruppzo has gained a Empty Soda Can 1450472437.
23:59:45: Schwarz Kruppzo has gained a Empty Soda Can 1450472438.
23:59:45: Schwarz Kruppzo has gained a Empty Soda Can 1450472439.
23:59:45: Schwarz Kruppzo has used '/CharGiveItem schw empty_soda_can 10'.
23:59:48: Schwarz Kruppzo has lost a Empty Soda Can 1450472435.
23:59:48: Schwarz Kruppzo has used '/InvAction drop empty_soda_can 1450472435.00'.
23:59:48: Schwarz Kruppzo has lost a Empty Soda Can 1450472434.
23:59:48: Schwarz Kruppzo has used '/InvAction drop empty_soda_can 1450472434.00'.
23:59:51: Schwarz Kruppzo has lost a Empty Soda Can 1450472433.
23:59:51: Schwarz Kruppzo has used '/InvAction drop empty_soda_can 1450472433.00'.
23:59:53: Schwarz Kruppzo has lost a Empty Soda Can 1450472437.
23:59:53: Schwarz Kruppzo has used '/InvAction drop empty_soda_can 1450472437.00'.
23:59:53: Schwarz Kruppzo has lost a Empty Soda Can 1450472436.
23:59:53: Schwarz Kruppzo has used '/InvAction drop empty_soda_can 1450472436.00'.
23:59:54: Schwarz Kruppzo has lost a Empty Soda Can 1450472432.
23:59:54: Schwarz Kruppzo has used '/InvAction drop empty_soda_can 1450472432.00'.
23:59:54: Schwarz Kruppzo has lost a Empty Soda Can 1450472438.
23:59:54: Schwarz Kruppzo has used '/InvAction drop empty_soda_can 1450472438.00'.
23:59:55: Schwarz Kruppzo has lost a Empty Soda Can 1450472431.
23:59:55: Schwarz Kruppzo has used '/InvAction drop empty_soda_can 1450472431.00'.
23:59:56: Schwarz Kruppzo has lost a Empty Soda Can 1450472439.
23:59:56: Schwarz Kruppzo has used '/InvAction drop empty_soda_can 1450472439.00'.
23:59:57: Schwarz Kruppzo has lost a Empty Soda Can 1450472430.
23:59:57: Schwarz Kruppzo has used '/InvAction drop empty_soda_can 1450472430.00'.
23:59:59: Schwarz Kruppzo has gained a Empty Soda Can 1450472454.
23:59:59: Schwarz Kruppzo has gained a Empty Soda Can 1450472455.
23:59:59: Schwarz Kruppzo has gained a Empty Soda Can 1450472456.
23:59:59: Schwarz Kruppzo has gained a Empty Soda Can 1450472457.
23:59:59: Schwarz Kruppzo has gained a Empty Soda Can 1450472458.
23:59:59: Schwarz Kruppzo has gained a Empty Soda Can 1450472459.
23:59:59: Schwarz Kruppzo has gained a Empty Soda Can 1450472460.
23:59:59: Schwarz Kruppzo has gained a Empty Soda Can 1450472461.
23:59:59: Schwarz Kruppzo has gained a Empty Soda Can 1450472462.
23:59:59: Schwarz Kruppzo has gained a Empty Soda Can 1450472463.
23:59:59: Schwarz Kruppzo has used '/CharGiveItem schw empty_soda_can 10'.
