16:01:20: [EoAsm] SchwarzKruppzo (STEAM_0:1:44629398) has connected.
16:02:01: [EoAsm] SchwarzKruppzo has loaded the character 'Schwarz Kruppzo'.
16:02:21: [EoAsm] SchwarzKruppzo has loaded the character 'TestTestTestTestTestTestTestTest'.
16:02:21: TestTestTestTestTestTestTestTest has used '/CharVoiceDesc'.
16:02:23: TestTestTestTestTestTestTestTest has used '/CharVoiceDesc ввв'.
16:02:54: [EoAsm] SchwarzKruppzo has loaded the character 'TestTestTestdsadTestTestTestTest'.
16:02:54: TestTestTestdsadTestTestTestTest has used '/CharVoiceDesc'.
16:02:56: TestTestTestdsadTestTestTestTest has used '/CharVoiceDesc вывы'.
16:03:01: TestTestTestdsadTestTestTestTest has used '/Observer'.
16:03:03: TestTestTestdsadTestTestTestTest has used '/Observer'.
16:03:04: TestTestTestdsadTestTestTestTest has lost a Canned Water 1448223074.
16:03:04: TestTestTestdsadTestTestTestTest has lost a Canned Water 1448223077.
16:03:04: TestTestTestdsadTestTestTestTest has lost a Canned Water 1448223076.
16:03:04: TestTestTestdsadTestTestTestTest has lost a Canned Water 1448223078.
16:03:04: worldspawn has dealt 455 damage to TestTestTestdsadTestTestTestTest, killing them!
16:04:03: TestTestTestdsadTestTestTestTest has used '/CharVoiceDesc'.
16:04:06: TestTestTestdsadTestTestTestTest has used '/CharVoiceDesc выфвфывфывф'.
16:04:07: TestTestTestdsadTestTestTestTest has used '/Observer'.
16:04:07: TestTestTestdsadTestTestTestTest has used '/Observer'.
16:04:08: TestTestTestdsadTestTestTestTest has used '/Observer'.
16:04:08: TestTestTestdsadTestTestTestTest has used '/Observer'.
16:04:10: TestTestTestdsadTestTestTestTest has used '/Observer'.
16:04:11: TestTestTestdsadTestTestTestTest has used '/Observer'.
16:04:12: TestTestTestdsadTestTestTestTest has used '/Observer'.
16:04:12: TestTestTestdsadTestTestTestTest has used '/Observer'.
16:04:15: TestTestTestdsadTestTestTestTest has used '/Observer'.
16:04:15: TestTestTestdsadTestTestTestTest has used '/Observer'.
16:04:17: TestTestTestdsadTestTestTestTest has used '/Observer'.
16:04:17: TestTestTestdsadTestTestTestTest has used '/Observer'.
16:04:20: TestTestTestdsadTestTestTestTest has used '/Observer'.
16:04:20: TestTestTestdsadTestTestTestTest has used '/Observer'.
16:04:21: TestTestTestdsadTestTestTestTest has used '/Observer'.
16:04:21: TestTestTestdsadTestTestTestTest has used '/Observer'.
16:04:22: TestTestTestdsadTestTestTestTest has used '/Observer'.
16:04:22: TestTestTestdsadTestTestTestTest has used '/Observer'.
16:04:23: TestTestTestdsadTestTestTestTest has used '/Observer'.
16:04:24: TestTestTestdsadTestTestTestTest has used '/Observer'.
16:04:25: TestTestTestdsadTestTestTestTest has used '/Observer'.
16:04:25: TestTestTestdsadTestTestTestTest has used '/Observer'.
16:04:25: TestTestTestdsadTestTestTestTest has used '/Observer'.
16:04:26: TestTestTestdsadTestTestTestTest has used '/Observer'.
16:04:27: TestTestTestdsadTestTestTestTest has used '/Observer'.
16:04:27: TestTestTestdsadTestTestTestTest has used '/Observer'.
16:04:28: TestTestTestdsadTestTestTestTest has used '/Observer'.
16:04:28: TestTestTestdsadTestTestTestTest has used '/Observer'.
16:04:29: TestTestTestdsadTestTestTestTest has used '/Observer'.
16:04:29: TestTestTestdsadTestTestTestTest has used '/Observer'.
16:04:30: TestTestTestdsadTestTestTestTest has used '/Observer'.
16:04:31: TestTestTestdsadTestTestTestTest has used '/Observer'.
16:04:31: TestTestTestdsadTestTestTestTest has used '/Observer'.
16:04:31: TestTestTestdsadTestTestTestTest has used '/Observer'.
16:04:33: TestTestTestdsadTestTestTestTest has used '/Observer'.
16:04:34: TestTestTestdsadTestTestTestTest has used '/Observer'.
16:04:35: TestTestTestdsadTestTestTestTest has used '/Observer'.
16:04:35: TestTestTestdsadTestTestTestTest has used '/Observer'.
16:04:36: TestTestTestdsadTestTestTestTest has used '/Observer'.
16:04:36: TestTestTestdsadTestTestTestTest has used '/Observer'.
16:04:38: TestTestTestdsadTestTestTestTest has used '/Observer'.
16:04:38: TestTestTestdsadTestTestTestTest has used '/Observer'.
16:04:39: TestTestTestdsadTestTestTestTest has used '/Observer'.
16:04:39: TestTestTestdsadTestTestTestTest has used '/Observer'.
16:04:42: TestTestTestdsadTestTestTestTest has used '/Observer'.
16:04:43: TestTestTestdsadTestTestTestTest has used '/Observer'.
16:04:44: TestTestTestdsadTestTestTestTest has used '/Observer'.
16:04:44: TestTestTestdsadTestTestTestTest has used '/Observer'.
16:04:44: TestTestTestdsadTestTestTestTest has used '/Observer'.
16:04:44: TestTestTestdsadTestTestTestTest has used '/Observer'.
16:04:47: TestTestTestdsadTestTestTestTest has used '/Observer'.
16:04:47: TestTestTestdsadTestTestTestTest has used '/Observer'.
16:04:48: TestTestTestdsadTestTestTestTest has used '/Observer'.
16:04:48: TestTestTestdsadTestTestTestTest has used '/Observer'.
16:04:51: TestTestTestdsadTestTestTestTest has used '/Observer'.
16:04:51: TestTestTestdsadTestTestTestTest has used '/Observer'.
16:04:52: TestTestTestdsadTestTestTestTest has used '/Observer'.
16:04:52: TestTestTestdsadTestTestTestTest has used '/Observer'.
16:04:54: TestTestTestdsadTestTestTestTest has used '/Observer'.
16:04:55: TestTestTestdsadTestTestTestTest has used '/Observer'.
16:04:56: TestTestTestdsadTestTestTestTest has used '/Observer'.
16:04:56: TestTestTestdsadTestTestTestTest has used '/Observer'.
16:04:57: TestTestTestdsadTestTestTestTest has used '/Observer'.
16:04:57: TestTestTestdsadTestTestTestTest has used '/Observer'.
16:05:00: TestTestTestdsadTestTestTestTest has used '/Observer'.
16:05:00: TestTestTestdsadTestTestTestTest has used '/Observer'.
16:05:03: TestTestTestdsadTestTestTestTest has used '/Observer'.
16:05:03: TestTestTestdsadTestTestTestTest has used '/Observer'.
16:05:07: TestTestTestdsadTestTestTestTest has used '/Observer'.
16:05:14: TestTestTestdsadTestTestTestTest (STEAM_0:1:44629398) has disconnected.
17:06:23: [EoAsm] SchwarzKruppzo (STEAM_0:1:44629398) has connected.
17:07:12: [EoAsm] SchwarzKruppzo has loaded the character 'Schwarz Kruppzo'.
17:07:15: Schwarz Kruppzo has used '/Observer'.
17:07:25: Schwarz Kruppzo has used '/Observer'.
17:07:43: Schwarz Kruppzo has used '/CharSetModel schw models/metropolice/c08.mdl'.
17:11:47: Schwarz Kruppzo has used '/CharFallOver'.
17:11:49: Schwarz Kruppzo has used '/CharGetUp'.
17:18:24: Schwarz Kruppzo (STEAM_0:1:44629398) has disconnected.
17:47:24: [EoAsm] SchwarzKruppzo (STEAM_0:1:44629398) has connected.
17:48:13: [EoAsm] SchwarzKruppzo has loaded the character 'Schwarz Kruppzo'.
17:48:15: Schwarz Kruppzo has used '/Observer'.
17:48:16: Schwarz Kruppzo has used '/Observer'.
17:48:16: Schwarz Kruppzo has used '/Observer'.
17:48:18: Schwarz Kruppzo has used '/Observer'.
17:48:19: Schwarz Kruppzo has used '/Observer'.
17:48:26: Schwarz Kruppzo has used '/CharGiveFlags schw r'.
17:48:34: Schwarz Kruppzo has used '/Observer'.
18:06:17: [EoAsm] SchwarzKruppzo (STEAM_0:1:44629398) has connected.
18:12:11: [EoAsm] SchwarzKruppzo (STEAM_0:1:44629398) has connected.
18:18:43: [EoAsm] SchwarzKruppzo (STEAM_0:1:44629398) has connected.
18:19:40: [EoAsm] SchwarzKruppzo has loaded the character 'Schwarz Kruppzo'.
18:19:45: Schwarz Kruppzo has used '/Observer'.
18:19:45: Schwarz Kruppzo has used '/Observer'.
18:19:46: Schwarz Kruppzo has used '/Observer'.
18:19:46: Schwarz Kruppzo has used '/Observer'.
18:19:47: Schwarz Kruppzo has used '/Observer'.
18:19:47: Schwarz Kruppzo has used '/Observer'.
18:19:48: Schwarz Kruppzo has used '/Observer'.
18:19:48: Schwarz Kruppzo has used '/Observer'.
18:19:49: Schwarz Kruppzo has used '/Observer'.
18:19:49: Schwarz Kruppzo has used '/Observer'.
18:19:50: Schwarz Kruppzo has used '/Observer'.
18:19:51: Schwarz Kruppzo has used '/Observer'.
18:19:51: Schwarz Kruppzo has used '/Observer'.
18:19:52: Schwarz Kruppzo has used '/Observer'.
18:19:52: Schwarz Kruppzo has used '/Observer'.
18:19:52: Schwarz Kruppzo has used '/Observer'.
18:19:53: Schwarz Kruppzo has used '/Observer'.
18:19:53: Schwarz Kruppzo has used '/Observer'.
18:19:54: Schwarz Kruppzo has used '/Observer'.
18:19:54: Schwarz Kruppzo has used '/Observer'.
18:19:55: Schwarz Kruppzo has used '/Observer'.
18:19:55: Schwarz Kruppzo has used '/Observer'.
18:19:56: Schwarz Kruppzo has used '/Observer'.
18:19:57: Schwarz Kruppzo has used '/Observer'.
18:19:57: Schwarz Kruppzo has used '/Observer'.
18:19:58: Schwarz Kruppzo has used '/Observer'.
18:21:45: Schwarz Kruppzo has used '/Observer'.
18:21:46: Schwarz Kruppzo has used '/Observer'.
18:30:12: Schwarz Kruppzo has used '/Observer'.
18:30:14: Schwarz Kruppzo has used '/Observer'.
18:30:15: Schwarz Kruppzo has used '/Observer'.
18:30:15: Schwarz Kruppzo has used '/Observer'.
18:30:16: Schwarz Kruppzo has used '/Observer'.
18:30:16: Schwarz Kruppzo has used '/Observer'.
18:40:43: [EoAsm] SchwarzKruppzo (STEAM_0:1:44629398) has connected.
18:41:54: [EoAsm] SchwarzKruppzo has loaded the character 'Schwarz Kruppzo'.
18:42:00: Schwarz Kruppzo has used '/Observer'.
18:42:00: Schwarz Kruppzo has used '/Observer'.
18:42:24: Schwarz Kruppzo has used '/Observer'.
18:42:25: Schwarz Kruppzo has used '/Observer'.
18:42:25: Schwarz Kruppzo has used '/Observer'.
18:42:26: Schwarz Kruppzo has used '/Observer'.
18:42:27: Schwarz Kruppzo has used '/Observer'.
18:42:27: Schwarz Kruppzo has used '/Observer'.
18:42:28: Schwarz Kruppzo has used '/Observer'.
18:42:28: Schwarz Kruppzo has used '/Observer'.
18:42:29: Schwarz Kruppzo has used '/Observer'.
18:42:29: Schwarz Kruppzo has used '/Observer'.
18:42:30: Schwarz Kruppzo has used '/Observer'.
18:42:30: Schwarz Kruppzo has used '/Observer'.
18:42:31: Schwarz Kruppzo has used '/Observer'.
18:42:31: Schwarz Kruppzo has used '/Observer'.
18:42:32: Schwarz Kruppzo has used '/Observer'.
18:42:33: Schwarz Kruppzo has used '/Observer'.
18:42:46: Schwarz Kruppzo (STEAM_0:1:44629398) has disconnected.
19:00:15: [EoAsm] SchwarzKruppzo (STEAM_0:1:44629398) has connected.
19:02:22: [EoAsm] SchwarzKruppzo has loaded the character 'Schwarz Kruppzo'.
19:02:24: Schwarz Kruppzo has used '/Observer'.
19:02:26: Schwarz Kruppzo has used '/Observer'.
19:03:18: Schwarz Kruppzo has used '/charSetSleep schw 100'.
19:03:30: Schwarz Kruppzo has used '/CharSetC08CP schw d'.
19:03:35: Schwarz Kruppzo has used '/CharSetC08CP sch w'.
19:03:44: Schwarz Kruppzo (STEAM_0:1:44629398) has disconnected.
19:06:14: [EoAsm] SchwarzKruppzo (STEAM_0:1:44629398) has connected.
19:07:22: [EoAsm] SchwarzKruppzo has loaded the character 'Schwarz Kruppzo'.
19:07:25: Schwarz Kruppzo has used '/Observer'.
19:07:28: Schwarz Kruppzo has used '/Observer'.
19:07:34: Schwarz Kruppzo has used '/CharSetC08CP schw d'.
19:07:38: Schwarz Kruppzo has used '/CharSetC08CP schw d'.
19:07:48: Schwarz Kruppzo has used '/CharSetC08CP schw 0_0000000_0_0_0'.
19:07:52: Schwarz Kruppzo has used '/Observer'.
19:07:53: Schwarz Kruppzo has used '/Observer'.
19:23:39: Schwarz Kruppzo has used '/Observer'.
19:26:12: Schwarz Kruppzo has used '/Observer'.
19:26:13: Schwarz Kruppzo has used '/Observer'.
19:26:13: Schwarz Kruppzo has used '/Observer'.
19:26:13: Schwarz Kruppzo has used '/Observer'.
19:26:14: Schwarz Kruppzo has used '/Observer'.
19:26:15: Schwarz Kruppzo has used '/Observer'.
19:26:15: Schwarz Kruppzo has used '/Observer'.
19:26:17: Schwarz Kruppzo has used '/Observer'.
19:26:17: Schwarz Kruppzo has used '/Observer'.
19:26:20: Schwarz Kruppzo has used '/Observer'.
19:26:21: Schwarz Kruppzo has used '/Observer'.
19:26:21: Schwarz Kruppzo has used '/Observer'.
19:26:22: Schwarz Kruppzo has used '/Observer'.
19:26:22: Schwarz Kruppzo has used '/Observer'.
19:26:22: Schwarz Kruppzo has used '/Observer'.
19:26:23: Schwarz Kruppzo has used '/Observer'.
19:26:24: Schwarz Kruppzo has used '/Observer'.
19:26:25: Schwarz Kruppzo has used '/Observer'.
19:26:37: Schwarz Kruppzo has used '/Observer'.
19:26:37: Schwarz Kruppzo has used '/Observer'.
19:26:38: Schwarz Kruppzo has used '/Observer'.
19:27:04: Schwarz Kruppzo has used '/Observer'.
19:27:04: Schwarz Kruppzo has used '/Observer'.
19:27:05: Schwarz Kruppzo has used '/Observer'.
19:27:05: Schwarz Kruppzo has used '/Observer'.
19:27:06: Schwarz Kruppzo has used '/Observer'.
19:27:07: Schwarz Kruppzo has used '/Observer'.
19:27:11: Schwarz Kruppzo has used '/Observer'.
19:27:11: Schwarz Kruppzo has used '/Observer'.
19:27:16: Schwarz Kruppzo has used '/Observer'.
19:27:16: Schwarz Kruppzo has used '/Observer'.
19:27:17: Schwarz Kruppzo has used '/Observer'.
19:27:17: Schwarz Kruppzo has used '/Observer'.
19:27:18: Schwarz Kruppzo has lost a Серая рубашка 1449482167.
19:27:18: Schwarz Kruppzo has lost a Серая рубашка 1449482123.
19:27:18: Schwarz Kruppzo has lost a Empty Tin Can 1450434555.
19:27:18: Schwarz Kruppzo has lost a Empty Tin Can 1450434563.
19:27:18: Schwarz Kruppzo has lost a Empty Tin Can 1450434554.
19:27:18: Schwarz Kruppzo has lost a Empty Tin Can 1450434560.
19:27:18: Schwarz Kruppzo has lost a Empty Tin Can 1450434562.
19:27:18: Schwarz Kruppzo has lost a Empty Tin Can 1450434557.
19:27:18: Schwarz Kruppzo has lost a Empty Tin Can 1450434559.
19:27:18: Schwarz Kruppzo has lost a Empty Tin Can 1450434556.
19:27:18: Schwarz Kruppzo has lost a Empty Tin Can 1450434561.
19:27:18: Schwarz Kruppzo has lost a Empty Tin Can 1450434558.
19:27:18: Schwarz Kruppzo has lost a Серая шапка 1449482162.
19:27:18: Schwarz Kruppzo has lost a Серая шапка 1449482117.
19:27:18: Schwarz Kruppzo has lost a Серая шапка 1449482113.
19:27:18: Schwarz Kruppzo has lost a Серая шапка 1449482119.
19:27:18: Schwarz Kruppzo has lost a Empty Carton 1450474135.
19:27:18: Schwarz Kruppzo has lost a Empty Carton 1450474133.
19:27:18: Schwarz Kruppzo has lost a Empty Carton 1450474129.
19:27:18: Schwarz Kruppzo has lost a Empty Carton 1450474132.
19:27:18: Schwarz Kruppzo has lost a Empty Carton 1450474128.
19:27:18: Schwarz Kruppzo has lost a Empty Carton 1450474130.
19:27:18: Schwarz Kruppzo has lost a Empty Carton 1450474134.
19:27:18: Schwarz Kruppzo has lost a Empty Carton 1450474131.
19:27:18: Schwarz Kruppzo has lost a Empty Soda Can 1450473310.
19:27:18: Schwarz Kruppzo has lost a Empty Soda Can 1450473439.
19:27:18: Schwarz Kruppzo has lost a Empty Soda Can 1450472454.
19:27:18: Schwarz Kruppzo has lost a Empty Soda Can 1450473311.
19:27:18: Schwarz Kruppzo has lost a Empty Soda Can 1450473442.
19:27:18: Schwarz Kruppzo has lost a Empty Soda Can 1450473441.
19:27:18: Schwarz Kruppzo has lost a Empty Soda Can 1450473434.
19:27:18: Schwarz Kruppzo has lost a Empty Soda Can 1450473435.
19:27:18: Schwarz Kruppzo has lost a Empty Soda Can 1450473433.
19:27:18: Schwarz Kruppzo has lost a Empty Soda Can 1450473440.
19:27:18: worldspawn has dealt 54 damage to Schwarz Kruppzo, killing them!
19:28:19: Schwarz Kruppzo has used '/Observer'.
19:28:19: Schwarz Kruppzo has used '/Observer'.
19:28:20: Schwarz Kruppzo has used '/Observer'.
19:28:22: Schwarz Kruppzo has used '/Observer'.
19:28:24: Schwarz Kruppzo has used '/Observer'.
19:28:24: Schwarz Kruppzo has used '/Observer'.
19:28:25: Schwarz Kruppzo has used '/Observer'.
19:28:25: Schwarz Kruppzo has used '/Observer'.
19:28:26: Schwarz Kruppzo has used '/Observer'.
19:28:26: Schwarz Kruppzo has used '/Observer'.
19:28:27: Schwarz Kruppzo has used '/Observer'.
19:28:27: Schwarz Kruppzo has used '/Observer'.
19:28:28: Schwarz Kruppzo has used '/Observer'.
19:28:28: Schwarz Kruppzo has used '/Observer'.
19:28:28: Schwarz Kruppzo has used '/Observer'.
19:28:29: Schwarz Kruppzo has used '/Observer'.
19:28:30: Schwarz Kruppzo has used '/Observer'.
19:28:31: Schwarz Kruppzo has used '/Observer'.
19:28:32: Schwarz Kruppzo has used '/Observer'.
19:28:32: Schwarz Kruppzo has used '/Observer'.
19:30:45: Schwarz Kruppzo has used '/Observer'.
19:30:45: Schwarz Kruppzo has used '/Observer'.
19:30:46: Schwarz Kruppzo has used '/Observer'.
19:30:46: Schwarz Kruppzo has used '/Observer'.
19:30:55: Schwarz Kruppzo has used '/Observer'.
19:30:56: Schwarz Kruppzo has used '/Observer'.
19:30:56: Schwarz Kruppzo has used '/Observer'.
19:30:57: Schwarz Kruppzo has used '/Observer'.
19:30:57: Schwarz Kruppzo has used '/Observer'.
19:30:58: Schwarz Kruppzo has used '/Observer'.
19:30:58: Schwarz Kruppzo has used '/Observer'.
19:30:59: Schwarz Kruppzo has used '/Observer'.
19:30:59: Schwarz Kruppzo has used '/Observer'.
19:30:59: Schwarz Kruppzo has used '/Observer'.
19:31:00: Schwarz Kruppzo has used '/Observer'.
19:31:00: Schwarz Kruppzo has used '/Observer'.
19:31:01: Schwarz Kruppzo has used '/Observer'.
19:31:01: Schwarz Kruppzo has used '/Observer'.
19:31:02: Schwarz Kruppzo has used '/Observer'.
19:31:02: Schwarz Kruppzo has used '/Observer'.
19:31:09: Schwarz Kruppzo has used '/Observer'.
19:31:09: Schwarz Kruppzo has used '/Observer'.
19:31:09: Schwarz Kruppzo has used '/Observer'.
19:31:10: Schwarz Kruppzo has used '/Observer'.
19:31:11: Schwarz Kruppzo has used '/Observer'.
19:31:11: Schwarz Kruppzo has used '/Observer'.
19:31:12: Schwarz Kruppzo has used '/Observer'.
19:31:12: Schwarz Kruppzo has used '/Observer'.
19:31:13: Schwarz Kruppzo has used '/Observer'.
19:31:13: Schwarz Kruppzo has used '/Observer'.
19:31:14: Schwarz Kruppzo has used '/Observer'.
19:31:14: Schwarz Kruppzo has used '/Observer'.
19:31:15: Schwarz Kruppzo has used '/Observer'.
19:31:15: Schwarz Kruppzo has used '/Observer'.
19:31:15: worldspawn has dealt 101 damage to Schwarz Kruppzo, killing them!
19:32:16: Schwarz Kruppzo has used '/Observer'.
19:32:17: Schwarz Kruppzo has used '/Observer'.
19:32:18: Schwarz Kruppzo has used '/Observer'.
19:32:18: Schwarz Kruppzo has used '/Observer'.
19:32:18: Schwarz Kruppzo has used '/Observer'.
19:32:19: Schwarz Kruppzo has used '/Observer'.
19:32:19: Schwarz Kruppzo has used '/Observer'.
19:32:20: Schwarz Kruppzo has used '/Observer'.
19:32:22: Schwarz Kruppzo has used '/Observer'.
19:32:24: Schwarz Kruppzo has used '/Observer'.
19:32:25: Schwarz Kruppzo has used '/Observer'.
19:37:28: Schwarz Kruppzo has used '/Observer'.
19:37:29: Schwarz Kruppzo has used '/Observer'.
19:37:29: Schwarz Kruppzo has used '/Observer'.
19:37:30: Schwarz Kruppzo has used '/Observer'.
19:37:30: Schwarz Kruppzo has used '/Observer'.
19:37:31: Schwarz Kruppzo has used '/Observer'.
19:37:31: Schwarz Kruppzo has used '/Observer'.
19:37:32: Schwarz Kruppzo has used '/Observer'.
19:37:32: Schwarz Kruppzo has used '/Observer'.
19:37:33: Schwarz Kruppzo has used '/Observer'.
19:37:33: Schwarz Kruppzo has used '/Observer'.
19:37:34: Schwarz Kruppzo has used '/Observer'.
19:37:35: Schwarz Kruppzo has used '/Observer'.
19:37:36: Schwarz Kruppzo has used '/Observer'.
19:37:36: Schwarz Kruppzo has used '/Observer'.
19:37:37: Schwarz Kruppzo has used '/Observer'.
19:37:37: Schwarz Kruppzo has used '/Observer'.
19:37:38: Schwarz Kruppzo has used '/Observer'.
19:37:38: Schwarz Kruppzo has used '/Observer'.
19:37:39: Schwarz Kruppzo has used '/Observer'.
19:37:39: Schwarz Kruppzo has used '/Observer'.
19:37:40: Schwarz Kruppzo has used '/Observer'.
19:37:41: Schwarz Kruppzo has used '/Observer'.
19:37:42: Schwarz Kruppzo has used '/Observer'.
19:37:42: Schwarz Kruppzo has used '/Observer'.
19:38:36: Schwarz Kruppzo (STEAM_0:1:44629398) has disconnected.
