00:00:00: Schwarz Kruppzo has lost a Empty Soda Can 1450472463.
00:00:00: Schwarz Kruppzo has used '/InvAction drop empty_soda_can 1450472463.00'.
00:00:00: Schwarz Kruppzo has lost a Empty Soda Can 1450472462.
00:00:00: Schwarz Kruppzo has used '/InvAction drop empty_soda_can 1450472462.00'.
00:01:16: Schwarz Kruppzo has gained a Empty Soda Can 1450472542.
00:01:16: Schwarz Kruppzo has gained a Empty Soda Can 1450472543.
00:01:16: Schwarz Kruppzo has gained a Empty Soda Can 1450472544.
00:01:16: Schwarz Kruppzo has gained a Empty Soda Can 1450472545.
00:01:16: Schwarz Kruppzo has gained a Empty Soda Can 1450472546.
00:01:16: Schwarz Kruppzo has gained a Empty Soda Can 1450472547.
00:01:16: Schwarz Kruppzo has gained a Empty Soda Can 1450472548.
00:01:16: Schwarz Kruppzo has gained a Empty Soda Can 1450472549.
00:01:16: Schwarz Kruppzo has gained a Empty Soda Can 1450472550.
00:01:16: Schwarz Kruppzo has gained a Empty Soda Can 1450472551.
00:01:16: Schwarz Kruppzo has used '/CharGiveItem schw empty_soda_can 10'.
00:01:18: Schwarz Kruppzo has lost a Empty Soda Can 1450472551.
00:01:18: Schwarz Kruppzo has used '/InvAction drop empty_soda_can 1450472551.00'.
00:01:19: Schwarz Kruppzo has lost a Empty Soda Can 1450472550.
00:01:19: Schwarz Kruppzo has used '/InvAction drop empty_soda_can 1450472550.00'.
00:01:19: Schwarz Kruppzo has lost a Empty Soda Can 1450472549.
00:01:19: Schwarz Kruppzo has used '/InvAction drop empty_soda_can 1450472549.00'.
00:01:20: Schwarz Kruppzo has lost a Empty Soda Can 1450472548.
00:01:20: Schwarz Kruppzo has used '/InvAction drop empty_soda_can 1450472548.00'.
00:01:20: Schwarz Kruppzo has lost a Empty Soda Can 1450472547.
00:01:20: Schwarz Kruppzo has used '/InvAction drop empty_soda_can 1450472547.00'.
00:01:21: Schwarz Kruppzo has lost a Empty Soda Can 1450472546.
00:01:21: Schwarz Kruppzo has used '/InvAction drop empty_soda_can 1450472546.00'.
00:01:21: Schwarz Kruppzo has lost a Empty Soda Can 1450472457.
00:01:21: Schwarz Kruppzo has used '/InvAction drop empty_soda_can 1450472457.00'.
00:01:22: Schwarz Kruppzo has lost a Empty Soda Can 1450472456.
00:01:22: Schwarz Kruppzo has used '/InvAction drop empty_soda_can 1450472456.00'.
00:01:23: Schwarz Kruppzo has lost a Empty Soda Can 1450472458.
00:01:23: Schwarz Kruppzo has used '/InvAction drop empty_soda_can 1450472458.00'.
00:01:23: Schwarz Kruppzo has lost a Empty Soda Can 1450472459.
00:01:23: Schwarz Kruppzo has used '/InvAction drop empty_soda_can 1450472459.00'.
00:01:24: Schwarz Kruppzo has lost a Empty Soda Can 1450472460.
00:01:24: Schwarz Kruppzo has used '/InvAction drop empty_soda_can 1450472460.00'.
00:06:18: Schwarz Kruppzo has gained a Empty Soda Can 1450472857.
00:06:18: Schwarz Kruppzo has gained a Empty Soda Can 1450472858.
00:06:18: Schwarz Kruppzo has gained a Empty Soda Can 1450472859.
00:06:18: Schwarz Kruppzo has gained a Empty Soda Can 1450472860.
00:06:18: Schwarz Kruppzo has gained a Empty Soda Can 1450472861.
00:06:18: Schwarz Kruppzo has gained a Empty Soda Can 1450472862.
00:06:18: Schwarz Kruppzo has gained a Empty Soda Can 1450472863.
00:06:18: Schwarz Kruppzo has gained a Empty Soda Can 1450472864.
00:06:18: Schwarz Kruppzo has gained a Empty Soda Can 1450472865.
00:06:18: Schwarz Kruppzo has gained a Empty Soda Can 1450472866.
00:06:18: Schwarz Kruppzo has used '/CharGiveItem schw empty_soda_can 10'.
00:06:20: Schwarz Kruppzo has lost a Empty Soda Can 1450472866.
00:06:20: Schwarz Kruppzo has used '/InvAction drop empty_soda_can 1450472866.00'.
00:06:21: Schwarz Kruppzo has lost a Empty Soda Can 1450472865.
00:06:21: Schwarz Kruppzo has used '/InvAction drop empty_soda_can 1450472865.00'.
00:06:21: Schwarz Kruppzo has lost a Empty Soda Can 1450472864.
00:06:21: Schwarz Kruppzo has used '/InvAction drop empty_soda_can 1450472864.00'.
00:06:22: Schwarz Kruppzo has lost a Empty Soda Can 1450472863.
00:06:22: Schwarz Kruppzo has used '/InvAction drop empty_soda_can 1450472863.00'.
00:06:22: Schwarz Kruppzo has lost a Empty Soda Can 1450472862.
00:06:22: Schwarz Kruppzo has used '/InvAction drop empty_soda_can 1450472862.00'.
00:06:23: Schwarz Kruppzo has lost a Empty Soda Can 1450472861.
00:06:23: Schwarz Kruppzo has used '/InvAction drop empty_soda_can 1450472861.00'.
00:06:24: Schwarz Kruppzo has lost a Empty Soda Can 1450472860.
00:06:24: Schwarz Kruppzo has used '/InvAction drop empty_soda_can 1450472860.00'.
00:06:25: Schwarz Kruppzo has lost a Empty Soda Can 1450472859.
00:06:25: Schwarz Kruppzo has used '/InvAction drop empty_soda_can 1450472859.00'.
00:06:25: Schwarz Kruppzo has lost a Empty Soda Can 1450472858.
00:06:25: Schwarz Kruppzo has used '/InvAction drop empty_soda_can 1450472858.00'.
00:06:27: Schwarz Kruppzo has lost a Empty Soda Can 1450472857.
00:06:27: Schwarz Kruppzo has used '/InvAction drop empty_soda_can 1450472857.00'.
00:06:34: Schwarz Kruppzo has used '/Observer'.
00:06:34: Schwarz Kruppzo has used '/Observer'.
00:06:35: Schwarz Kruppzo has used '/Observer'.
00:06:35: Schwarz Kruppzo has used '/Observer'.
00:06:35: Schwarz Kruppzo has used '/Observer'.
00:06:35: Schwarz Kruppzo has used '/Observer'.
00:06:36: Schwarz Kruppzo has used '/Observer'.
00:06:46: Schwarz Kruppzo has used '/Observer'.
00:06:46: Schwarz Kruppzo has used '/Observer'.
00:06:47: Schwarz Kruppzo has used '/Observer'.
00:06:47: Schwarz Kruppzo has used '/Observer'.
00:06:47: Schwarz Kruppzo has used '/Observer'.
00:06:48: Schwarz Kruppzo has used '/Observer'.
00:06:48: Schwarz Kruppzo has used '/Observer'.
00:06:49: Schwarz Kruppzo has used '/Observer'.
00:06:51: Schwarz Kruppzo has used '/Observer'.
00:06:52: Schwarz Kruppzo has used '/Observer'.
00:06:57: Schwarz Kruppzo has used '/Observer'.
00:06:58: Schwarz Kruppzo has used '/Observer'.
00:06:59: Schwarz Kruppzo has used '/Observer'.
00:10:08: Schwarz Kruppzo has gained a Empty Soda Can 1450473097.
00:10:08: Schwarz Kruppzo has gained a Empty Soda Can 1450473098.
00:10:08: Schwarz Kruppzo has gained a Empty Soda Can 1450473099.
00:10:08: Schwarz Kruppzo has gained a Empty Soda Can 1450473100.
00:10:08: Schwarz Kruppzo has gained a Empty Soda Can 1450473101.
00:10:08: Schwarz Kruppzo has gained a Empty Soda Can 1450473102.
00:10:08: Schwarz Kruppzo has gained a Empty Soda Can 1450473103.
00:10:08: Schwarz Kruppzo has gained a Empty Soda Can 1450473104.
00:10:08: Schwarz Kruppzo has gained a Empty Soda Can 1450473105.
00:10:08: Schwarz Kruppzo has gained a Empty Soda Can 1450473106.
00:10:08: Schwarz Kruppzo has used '/CharGiveItem schw empty_soda_can 10'.
00:10:10: Schwarz Kruppzo has lost a Empty Soda Can 1450473106.
00:10:10: Schwarz Kruppzo has used '/InvAction drop empty_soda_can 1450473106.00'.
00:10:11: Schwarz Kruppzo has lost a Empty Soda Can 1450473105.
00:10:11: Schwarz Kruppzo has used '/InvAction drop empty_soda_can 1450473105.00'.
00:10:11: Schwarz Kruppzo has lost a Empty Soda Can 1450473104.
00:10:11: Schwarz Kruppzo has used '/InvAction drop empty_soda_can 1450473104.00'.
00:10:12: Schwarz Kruppzo has lost a Empty Soda Can 1450473103.
00:10:12: Schwarz Kruppzo has used '/InvAction drop empty_soda_can 1450473103.00'.
00:10:12: Schwarz Kruppzo has lost a Empty Soda Can 1450473102.
00:10:12: Schwarz Kruppzo has used '/InvAction drop empty_soda_can 1450473102.00'.
00:10:13: Schwarz Kruppzo has lost a Empty Soda Can 1450472455.
00:10:13: Schwarz Kruppzo has used '/InvAction drop empty_soda_can 1450472455.00'.
00:10:14: Schwarz Kruppzo has lost a Empty Soda Can 1450472461.
00:10:14: Schwarz Kruppzo has used '/InvAction drop empty_soda_can 1450472461.00'.
00:10:14: Schwarz Kruppzo has lost a Empty Soda Can 1450472542.
00:10:14: Schwarz Kruppzo has used '/InvAction drop empty_soda_can 1450472542.00'.
00:10:15: Schwarz Kruppzo has lost a Empty Soda Can 1450472543.
00:10:15: Schwarz Kruppzo has used '/InvAction drop empty_soda_can 1450472543.00'.
00:10:15: Schwarz Kruppzo has lost a Empty Soda Can 1450472544.
00:10:15: Schwarz Kruppzo has used '/InvAction drop empty_soda_can 1450472544.00'.
00:11:32: Schwarz Kruppzo has gained a Empty Soda Can 1450473192.
00:11:32: Schwarz Kruppzo has gained a Empty Soda Can 1450473193.
00:11:32: Schwarz Kruppzo has gained a Empty Soda Can 1450473194.
00:11:32: Schwarz Kruppzo has gained a Empty Soda Can 1450473195.
00:11:32: Schwarz Kruppzo has gained a Empty Soda Can 1450473196.
00:11:32: Schwarz Kruppzo has gained a Empty Soda Can 1450473197.
00:11:32: Schwarz Kruppzo has gained a Empty Soda Can 1450473198.
00:11:32: Schwarz Kruppzo has gained a Empty Soda Can 1450473199.
00:11:32: Schwarz Kruppzo has gained a Empty Soda Can 1450473200.
00:11:32: Schwarz Kruppzo has gained a Empty Soda Can 1450473201.
00:11:32: Schwarz Kruppzo has used '/CharGiveItem schw empty_soda_can 10'.
00:11:35: Schwarz Kruppzo has lost a Empty Soda Can 1450473200.
00:11:35: Schwarz Kruppzo has used '/InvAction drop empty_soda_can 1450473200.00'.
00:11:35: Schwarz Kruppzo has lost a Empty Soda Can 1450473199.
00:11:35: Schwarz Kruppzo has used '/InvAction drop empty_soda_can 1450473199.00'.
00:11:36: Schwarz Kruppzo has lost a Empty Soda Can 1450473198.
00:11:36: Schwarz Kruppzo has used '/InvAction drop empty_soda_can 1450473198.00'.
00:11:36: Schwarz Kruppzo has lost a Empty Soda Can 1450473197.
00:11:36: Schwarz Kruppzo has used '/InvAction drop empty_soda_can 1450473197.00'.
00:11:37: Schwarz Kruppzo has lost a Empty Soda Can 1450473201.
00:11:37: Schwarz Kruppzo has used '/InvAction drop empty_soda_can 1450473201.00'.
00:11:38: Schwarz Kruppzo has lost a Empty Soda Can 1450472545.
00:11:38: Schwarz Kruppzo has used '/InvAction drop empty_soda_can 1450472545.00'.
00:11:38: Schwarz Kruppzo has lost a Empty Soda Can 1450473097.
00:11:38: Schwarz Kruppzo has used '/InvAction drop empty_soda_can 1450473097.00'.
00:11:41: Schwarz Kruppzo has lost a Empty Soda Can 1450473099.
00:11:41: Schwarz Kruppzo has used '/InvAction drop empty_soda_can 1450473099.00'.
00:11:41: Schwarz Kruppzo has lost a Empty Soda Can 1450473100.
00:11:41: Schwarz Kruppzo has used '/InvAction drop empty_soda_can 1450473100.00'.
00:12:08: Schwarz Kruppzo has used '/Observer'.
00:12:09: Schwarz Kruppzo has used '/Observer'.
00:12:13: Schwarz Kruppzo has used '/Observer'.
00:12:13: Schwarz Kruppzo has used '/Observer'.
00:12:14: Schwarz Kruppzo has used '/Observer'.
00:12:14: Schwarz Kruppzo has used '/Observer'.
00:13:11: Schwarz Kruppzo has gained a Empty Soda Can 1450473302.
00:13:11: Schwarz Kruppzo has gained a Empty Soda Can 1450473303.
00:13:11: Schwarz Kruppzo has gained a Empty Soda Can 1450473304.
00:13:11: Schwarz Kruppzo has gained a Empty Soda Can 1450473305.
00:13:11: Schwarz Kruppzo has gained a Empty Soda Can 1450473306.
00:13:11: Schwarz Kruppzo has gained a Empty Soda Can 1450473307.
00:13:11: Schwarz Kruppzo has gained a Empty Soda Can 1450473308.
00:13:11: Schwarz Kruppzo has gained a Empty Soda Can 1450473309.
00:13:11: Schwarz Kruppzo has gained a Empty Soda Can 1450473310.
00:13:11: Schwarz Kruppzo has gained a Empty Soda Can 1450473311.
00:13:11: Schwarz Kruppzo has used '/CharGiveItem schw empty_soda_can 10'.
00:13:14: Schwarz Kruppzo has lost a Empty Soda Can 1450473192.
00:13:14: Schwarz Kruppzo has used '/InvAction drop empty_soda_can 1450473192.00'.
00:13:15: Schwarz Kruppzo has lost a Empty Soda Can 1450473193.
00:13:15: Schwarz Kruppzo has used '/InvAction drop empty_soda_can 1450473193.00'.
00:13:15: Schwarz Kruppzo has lost a Empty Soda Can 1450473194.
00:13:15: Schwarz Kruppzo has used '/InvAction drop empty_soda_can 1450473194.00'.
00:13:16: Schwarz Kruppzo has lost a Empty Soda Can 1450473195.
00:13:16: Schwarz Kruppzo has used '/InvAction drop empty_soda_can 1450473195.00'.
00:13:16: Schwarz Kruppzo has lost a Empty Soda Can 1450473196.
00:13:16: Schwarz Kruppzo has used '/InvAction drop empty_soda_can 1450473196.00'.
00:13:17: Schwarz Kruppzo has lost a Empty Soda Can 1450473302.
00:13:17: Schwarz Kruppzo has used '/InvAction drop empty_soda_can 1450473302.00'.
00:13:17: Schwarz Kruppzo has lost a Empty Soda Can 1450473303.
00:13:17: Schwarz Kruppzo has used '/InvAction drop empty_soda_can 1450473303.00'.
00:13:18: Schwarz Kruppzo has lost a Empty Soda Can 1450473304.
00:13:18: Schwarz Kruppzo has used '/InvAction drop empty_soda_can 1450473304.00'.
00:13:18: Schwarz Kruppzo has lost a Empty Soda Can 1450473305.
00:13:18: Schwarz Kruppzo has used '/InvAction drop empty_soda_can 1450473305.00'.
00:15:11: Schwarz Kruppzo has gained a Empty Soda Can 1450473433.
00:15:11: Schwarz Kruppzo has gained a Empty Soda Can 1450473434.
00:15:11: Schwarz Kruppzo has gained a Empty Soda Can 1450473435.
00:15:11: Schwarz Kruppzo has gained a Empty Soda Can 1450473436.
00:15:11: Schwarz Kruppzo has gained a Empty Soda Can 1450473437.
00:15:11: Schwarz Kruppzo has gained a Empty Soda Can 1450473438.
00:15:11: Schwarz Kruppzo has gained a Empty Soda Can 1450473439.
00:15:11: Schwarz Kruppzo has gained a Empty Soda Can 1450473440.
00:15:11: Schwarz Kruppzo has gained a Empty Soda Can 1450473441.
00:15:11: Schwarz Kruppzo has gained a Empty Soda Can 1450473442.
00:15:11: Schwarz Kruppzo has used '/CharGiveItem schw empty_soda_can 10'.
00:15:14: Schwarz Kruppzo has lost a Empty Soda Can 1450473438.
00:15:14: Schwarz Kruppzo has used '/InvAction drop empty_soda_can 1450473438.00'.
00:15:14: Schwarz Kruppzo has lost a Empty Soda Can 1450473437.
00:15:14: Schwarz Kruppzo has used '/InvAction drop empty_soda_can 1450473437.00'.
00:15:16: Schwarz Kruppzo has lost a Empty Soda Can 1450473436.
00:15:16: Schwarz Kruppzo has used '/InvAction drop empty_soda_can 1450473436.00'.
00:15:16: Schwarz Kruppzo has lost a Empty Soda Can 1450473098.
00:15:16: Schwarz Kruppzo has used '/InvAction drop empty_soda_can 1450473098.00'.
00:15:17: Schwarz Kruppzo has lost a Empty Soda Can 1450473101.
00:15:17: Schwarz Kruppzo has used '/InvAction drop empty_soda_can 1450473101.00'.
00:15:17: Schwarz Kruppzo has lost a Empty Soda Can 1450473306.
00:15:17: Schwarz Kruppzo has used '/InvAction drop empty_soda_can 1450473306.00'.
00:15:18: Schwarz Kruppzo has lost a Empty Soda Can 1450473307.
00:15:18: Schwarz Kruppzo has used '/InvAction drop empty_soda_can 1450473307.00'.
00:15:18: Schwarz Kruppzo has lost a Empty Soda Can 1450473308.
00:15:18: Schwarz Kruppzo has used '/InvAction drop empty_soda_can 1450473308.00'.
00:15:19: Schwarz Kruppzo has lost a Empty Soda Can 1450473309.
00:15:19: Schwarz Kruppzo has used '/InvAction drop empty_soda_can 1450473309.00'.
00:16:44: Schwarz Kruppzo has gained a Empty Soda Can 1450473537.
00:16:44: Schwarz Kruppzo has gained a Empty Soda Can 1450473538.
00:16:44: Schwarz Kruppzo has gained a Empty Soda Can 1450473539.
00:16:44: Schwarz Kruppzo has gained a Empty Soda Can 1450473540.
00:16:44: Schwarz Kruppzo has gained a Empty Soda Can 1450473541.
00:16:44: Schwarz Kruppzo has gained a Empty Soda Can 1450473542.
00:16:44: Schwarz Kruppzo has gained a Empty Soda Can 1450473543.
00:16:44: Schwarz Kruppzo has gained a Empty Soda Can 1450473544.
00:16:44: Schwarz Kruppzo has gained a Empty Soda Can 1450473545.
00:16:44: Schwarz Kruppzo has gained a Empty Soda Can 1450473546.
00:16:44: Schwarz Kruppzo has used '/CharGiveItem schw empty_soda_can 10'.
00:16:54: Schwarz Kruppzo has lost a Empty Soda Can 1450473540.
00:16:54: Schwarz Kruppzo has used '/InvAction drop empty_soda_can 1450473540.00'.
00:16:55: Schwarz Kruppzo has lost a Empty Soda Can 1450473311.
00:16:55: Schwarz Kruppzo has used '/InvAction drop empty_soda_can 1450473311.00'.
00:16:55: Schwarz Kruppzo has lost a Empty Soda Can 1450473433.
00:16:55: Schwarz Kruppzo has used '/InvAction drop empty_soda_can 1450473433.00'.
00:16:56: Schwarz Kruppzo has lost a Empty Soda Can 1450473434.
00:16:56: Schwarz Kruppzo has used '/InvAction drop empty_soda_can 1450473434.00'.
00:16:56: Schwarz Kruppzo has lost a Empty Soda Can 1450473435.
00:16:56: Schwarz Kruppzo has used '/InvAction drop empty_soda_can 1450473435.00'.
00:16:57: Schwarz Kruppzo has lost a Empty Soda Can 1450473439.
00:16:57: Schwarz Kruppzo has used '/InvAction drop empty_soda_can 1450473439.00'.
00:16:57: Schwarz Kruppzo has lost a Empty Soda Can 1450473440.
00:16:57: Schwarz Kruppzo has used '/InvAction drop empty_soda_can 1450473440.00'.
00:16:57: Schwarz Kruppzo has lost a Empty Soda Can 1450473441.
00:16:57: Schwarz Kruppzo has used '/InvAction drop empty_soda_can 1450473441.00'.
00:16:58: Schwarz Kruppzo has lost a Empty Soda Can 1450473442.
00:16:58: Schwarz Kruppzo has used '/InvAction drop empty_soda_can 1450473442.00'.
00:16:58: Schwarz Kruppzo has lost a Empty Soda Can 1450473537.
00:16:58: Schwarz Kruppzo has used '/InvAction drop empty_soda_can 1450473537.00'.
00:26:35: [EoAsm] SchwarzKruppzo (STEAM_0:1:44629398) has connected.
00:27:13: [EoAsm] SchwarzKruppzo has loaded the character 'Schwarz Kruppzo'.
00:27:15: Schwarz Kruppzo has used '/Observer'.
00:28:47: Schwarz Kruppzo has gained a Empty Carton 1450474128.
00:28:47: Schwarz Kruppzo has gained a Empty Carton 1450474129.
00:28:47: Schwarz Kruppzo has gained a Empty Carton 1450474130.
00:28:47: Schwarz Kruppzo has gained a Empty Carton 1450474131.
00:28:47: Schwarz Kruppzo has gained a Empty Carton 1450474132.
00:28:47: Schwarz Kruppzo has gained a Empty Carton 1450474133.
00:28:47: Schwarz Kruppzo has gained a Empty Carton 1450474134.
00:28:47: Schwarz Kruppzo has gained a Empty Carton 1450474135.
00:28:47: Schwarz Kruppzo has gained a Empty Carton 1450474136.
00:28:47: Schwarz Kruppzo has gained a Empty Carton 1450474137.
00:28:47: Schwarz Kruppzo has used '/CharGiveItem schw empty_carton 10'.
00:28:51: Schwarz Kruppzo has lost a Empty Carton 1450474137.
00:28:51: Schwarz Kruppzo has used '/InvAction drop empty_carton 1450474137.00'.
00:28:52: Schwarz Kruppzo has lost a Empty Carton 1450474136.
00:28:52: Schwarz Kruppzo has used '/InvAction drop empty_carton 1450474136.00'.
00:38:41: Schwarz Kruppzo has used '/Observer'.
00:38:42: Schwarz Kruppzo has used '/Observer'.
00:41:02: Schwarz Kruppzo (STEAM_0:1:44629398) has disconnected.
00:41:22: [EoAsm] SchwarzKruppzo (STEAM_0:1:44629398) has connected.
00:41:45: [EoAsm] SchwarzKruppzo has loaded the character 'Schwarz Kruppzo'.
00:41:46: Schwarz Kruppzo has used '/Observer'.
