14:10:21: [EoAsm] SchwarzKruppzo (STEAM_0:1:44629398) has connected.
14:11:00: [EoAsm] SchwarzKruppzo has loaded the character 'Schwarz Kruppzo'.
14:14:23: [EoAsm] SchwarzKruppzo (STEAM_0:1:44629398) has connected.
14:16:01: [EoAsm] SchwarzKruppzo has loaded the character 'Schwarz Kruppzo'.
14:23:53: [EoAsm] SchwarzKruppzo (STEAM_0:1:44629398) has connected.
14:24:23: [EoAsm] SchwarzKruppzo has loaded the character 'Schwarz Kruppzo'.
14:24:26: Schwarz Kruppzo has used '/Observer'.
14:24:26: Schwarz Kruppzo has used '/Observer'.
14:26:03: [EoAsm] SchwarzKruppzo (STEAM_0:1:44629398) has connected.
14:26:25: [EoAsm] SchwarzKruppzo has loaded the character 'Schwarz Kruppzo'.
14:26:31: Schwarz Kruppzo has used '/Observer'.
14:26:31: Schwarz Kruppzo has used '/Observer'.
14:26:31: Schwarz Kruppzo has used '/Observer'.
14:26:32: Schwarz Kruppzo has used '/Observer'.
14:26:33: Schwarz Kruppzo has used '/Observer'.
14:26:33: Schwarz Kruppzo has used '/Observer'.
14:26:34: Schwarz Kruppzo has used '/Observer'.
14:26:35: Schwarz Kruppzo has used '/Observer'.
14:26:36: Schwarz Kruppzo has used '/Observer'.
14:26:36: Schwarz Kruppzo has used '/Observer'.
14:26:38: Schwarz Kruppzo has used '/Observer'.
14:26:38: Schwarz Kruppzo has used '/Observer'.
14:26:39: Schwarz Kruppzo has used '/Observer'.
14:26:39: Schwarz Kruppzo has used '/Observer'.
14:26:40: Schwarz Kruppzo has used '/Observer'.
14:26:40: Schwarz Kruppzo has used '/Observer'.
14:26:41: Schwarz Kruppzo has used '/Observer'.
14:26:43: Schwarz Kruppzo has used '/Observer'.
14:27:16: Schwarz Kruppzo has used '/Observer'.
14:27:16: Schwarz Kruppzo has used '/Observer'.
14:30:07: Schwarz Kruppzo has used '/Observer'.
14:30:07: Schwarz Kruppzo has used '/Observer'.
14:30:08: Schwarz Kruppzo has used '/Observer'.
14:30:08: Schwarz Kruppzo has used '/Observer'.
14:30:08: Schwarz Kruppzo has used '/Observer'.
14:30:09: Schwarz Kruppzo has used '/Observer'.
14:30:10: Schwarz Kruppzo has used '/Observer'.
14:30:10: Schwarz Kruppzo has used '/Observer'.
14:30:11: Schwarz Kruppzo has used '/Observer'.
14:30:11: Schwarz Kruppzo has used '/Observer'.
14:30:12: Schwarz Kruppzo has used '/Observer'.
14:30:12: Schwarz Kruppzo has used '/Observer'.
14:30:13: Schwarz Kruppzo has used '/Observer'.
14:30:13: Schwarz Kruppzo has used '/Observer'.
14:30:14: Schwarz Kruppzo has used '/Observer'.
14:30:14: Schwarz Kruppzo has used '/Observer'.
14:30:15: Schwarz Kruppzo has used '/Observer'.
14:30:16: Schwarz Kruppzo has used '/Observer'.
14:30:16: Schwarz Kruppzo has used '/Observer'.
14:30:16: Schwarz Kruppzo has used '/Observer'.
14:30:17: Schwarz Kruppzo has used '/Observer'.
14:30:17: Schwarz Kruppzo has used '/Observer'.
14:30:18: Schwarz Kruppzo has used '/Observer'.
14:30:18: Schwarz Kruppzo has used '/Observer'.
14:30:19: Schwarz Kruppzo has used '/Observer'.
14:30:19: Schwarz Kruppzo has used '/Observer'.
14:30:20: Schwarz Kruppzo has used '/Observer'.
14:30:20: Schwarz Kruppzo has used '/Observer'.
14:30:21: Schwarz Kruppzo has used '/Observer'.
14:30:21: Schwarz Kruppzo has used '/Observer'.
14:30:22: Schwarz Kruppzo has used '/Observer'.
14:30:22: Schwarz Kruppzo has used '/Observer'.
14:30:23: Schwarz Kruppzo has used '/Observer'.
14:30:23: Schwarz Kruppzo has used '/Observer'.
14:30:24: Schwarz Kruppzo has used '/Observer'.
14:30:24: Schwarz Kruppzo has used '/Observer'.
14:30:25: Schwarz Kruppzo has used '/Observer'.
14:30:25: Schwarz Kruppzo has used '/Observer'.
14:30:25: Schwarz Kruppzo has used '/Observer'.
14:30:25: Schwarz Kruppzo has used '/Observer'.
14:30:26: Schwarz Kruppzo has used '/Observer'.
14:30:26: Schwarz Kruppzo has used '/Observer'.
14:30:26: Schwarz Kruppzo has used '/Observer'.
14:30:26: Schwarz Kruppzo has used '/Observer'.
14:30:27: Schwarz Kruppzo has used '/Observer'.
14:30:27: Schwarz Kruppzo has used '/Observer'.
14:30:28: Schwarz Kruppzo has used '/Observer'.
14:30:28: Schwarz Kruppzo has used '/Observer'.
14:30:29: Schwarz Kruppzo has used '/Observer'.
14:30:29: Schwarz Kruppzo has used '/Observer'.
14:30:31: Schwarz Kruppzo has used '/Observer'.
14:30:31: Schwarz Kruppzo has used '/Observer'.
14:30:31: Schwarz Kruppzo has used '/Observer'.
14:30:31: Schwarz Kruppzo has used '/Observer'.
16:38:19: [EoAsm] SchwarzKruppzo (STEAM_0:1:44629398) has connected.
16:39:03: [EoAsm] SchwarzKruppzo has loaded the character 'Schwarz Kruppzo'.
16:39:06: Schwarz Kruppzo has used '/Observer'.
16:54:10: [EoAsm] SchwarzKruppzo (STEAM_0:1:44629398) has connected.
16:55:19: [EoAsm] SchwarzKruppzo has loaded the character 'Schwarz Kruppzo'.
16:55:45: Schwarz Kruppzo (STEAM_0:1:44629398) has disconnected.
17:00:24: [EoAsm] SchwarzKruppzo (STEAM_0:1:44629398) has connected.
17:01:11: [EoAsm] SchwarzKruppzo has loaded the character 'Schwarz Kruppzo'.
17:03:15: Schwarz Kruppzo (STEAM_0:1:44629398) has disconnected.
17:23:02: [EoAsm] SchwarzKruppzo (STEAM_0:1:44629398) has connected.
17:23:48: [EoAsm] SchwarzKruppzo has loaded the character 'Schwarz Kruppzo'.
17:39:55: Schwarz Kruppzo (STEAM_0:1:44629398) has disconnected.
17:41:40: [EoAsm] SchwarzKruppzo (STEAM_0:1:44629398) has connected.
17:42:17: [EoAsm] SchwarzKruppzo has loaded the character 'Schwarz Kruppzo'.
17:48:50: [EoAsm] SchwarzKruppzo (STEAM_0:1:44629398) has connected.
17:49:20: [EoAsm] SchwarzKruppzo has loaded the character 'Schwarz Kruppzo'.
17:49:23: Schwarz Kruppzo has used '/Observer'.
17:49:23: Schwarz Kruppzo has used '/Observer'.
17:49:24: Schwarz Kruppzo has used '/Observer'.
17:49:24: Schwarz Kruppzo has used '/Observer'.
17:49:25: Schwarz Kruppzo has used '/Observer'.
17:49:26: Schwarz Kruppzo has used '/Observer'.
17:49:26: Schwarz Kruppzo has used '/Observer'.
17:49:27: Schwarz Kruppzo has used '/Observer'.
17:49:27: Schwarz Kruppzo has used '/Observer'.
17:49:27: Schwarz Kruppzo has used '/Observer'.
17:49:28: Schwarz Kruppzo has used '/Observer'.
17:49:29: Schwarz Kruppzo has used '/Observer'.
17:49:29: Schwarz Kruppzo has used '/Observer'.
17:49:29: Schwarz Kruppzo has used '/Observer'.
17:56:37: [EoAsm] SchwarzKruppzo (STEAM_0:1:44629398) has connected.
17:57:32: [EoAsm] SchwarzKruppzo has loaded the character 'Schwarz Kruppzo'.
17:57:40: Schwarz Kruppzo has used '/Observer'.
17:57:43: Schwarz Kruppzo has used '/Observer'.
18:01:09: Schwarz Kruppzo has used '/CharGiveFlags sch G'.
18:01:17: Schwarz Kruppzo has gained a Broken MP7 1449414078.
18:01:17: Schwarz Kruppzo has used '/CharGiveItem sch broken 9mm pistol'.
18:01:22: Schwarz Kruppzo has gained a Broken 9mm Pistol 1449414084.
18:01:22: Schwarz Kruppzo has used '/CharGiveItem sch broken 9mm pistol'.
18:04:20: [EoAsm] SchwarzKruppzo (STEAM_0:1:44629398) has connected.
18:04:52: [EoAsm] SchwarzKruppzo has loaded the character 'Schwarz Kruppzo'.
18:16:16: [EoAsm] SchwarzKruppzo (STEAM_0:1:44629398) has connected.
18:16:47: [EoAsm] SchwarzKruppzo has loaded the character 'Schwarz Kruppzo'.
18:18:07: Schwarz Kruppzo has gained a Screw Driver 1449415088.
18:18:07: Schwarz Kruppzo has used '/CharGiveItem sch Screw'.
18:18:15: Schwarz Kruppzo has gained a Reclaimed Metal 1449415097.
18:18:15: Schwarz Kruppzo has used '/CharGiveItem sch Reclaimed'.
18:18:23: Schwarz Kruppzo has gained a Box of Screws 1449415106.
18:18:23: Schwarz Kruppzo has used '/CharGiveItem sch Box of Scre'.
18:18:41: Schwarz Kruppzo has gained a Reclaimed Metal 1449415125.
18:18:41: Schwarz Kruppzo has used '/CharGiveItem sch Reclaimed'.
18:21:13: [EoAsm] SchwarzKruppzo (STEAM_0:1:44629398) has connected.
18:21:47: [EoAsm] SchwarzKruppzo has loaded the character 'Schwarz Kruppzo'.
18:21:49: Schwarz Kruppzo has used '/Observer'.
18:21:49: Schwarz Kruppzo has used '/Observer'.
18:21:49: Schwarz Kruppzo has used '/Observer'.
18:22:16: Schwarz Kruppzo has gained a Reclaimed Metal 1449415337.
18:22:16: Schwarz Kruppzo has used '/CharGiveItem sch recla'.
18:22:20: Schwarz Kruppzo has used '/Observer'.
18:22:21: Schwarz Kruppzo has used '/Observer'.
18:22:21: Schwarz Kruppzo has used '/Observer'.
18:22:22: Schwarz Kruppzo has used '/Observer'.
18:22:22: Schwarz Kruppzo has used '/Observer'.
18:22:23: Schwarz Kruppzo has used '/Observer'.
18:22:24: Schwarz Kruppzo has used '/Observer'.
18:22:24: Schwarz Kruppzo has used '/Observer'.
18:22:24: Schwarz Kruppzo has used '/Observer'.
18:22:25: Schwarz Kruppzo has used '/Observer'.
18:22:25: Schwarz Kruppzo has used '/Observer'.
18:22:27: Schwarz Kruppzo has used '/Observer'.
19:17:44: [EoAsm] SchwarzKruppzo (STEAM_0:1:44629398) has connected.
19:20:35: [EoAsm] SchwarzKruppzo has loaded the character 'Schwarz Kruppzo'.
19:20:38: Schwarz Kruppzo has used '/Observer'.
19:20:48: Schwarz Kruppzo has used '/Observer'.
19:21:10: Schwarz Kruppzo has used '/CharGiveFlags sch p'.
19:21:15: Schwarz Kruppzo has used '/Observer'.
19:21:20: Schwarz Kruppzo has used '/Observer'.
19:23:30: Schwarz Kruppzo has used '/CharTakeTrait sch badeye'.
19:23:38: Schwarz Kruppzo has used '/Observer'.
19:23:39: Schwarz Kruppzo has used '/Observer'.
19:23:41: Schwarz Kruppzo has used '/Observer'.
19:23:41: Schwarz Kruppzo has used '/Observer'.
19:40:12: Schwarz Kruppzo has used '/Observer'.
19:40:18: Schwarz Kruppzo has used '/Observer'.
19:48:08: [EoAsm] SchwarzKruppzo (STEAM_0:1:44629398) has connected.
19:49:07: [EoAsm] SchwarzKruppzo has loaded the character 'Schwarz Kruppzo'.
19:49:08: Schwarz Kruppzo has used '/Observer'.
19:49:30: Schwarz Kruppzo has used '/Observer'.
19:51:32: Schwarz Kruppzo has used '/CraftItem usp_match'.
19:52:03: Schwarz Kruppzo has used '/CraftItem usp_match'.
19:52:04: Schwarz Kruppzo has used '/CraftItem usp_match'.
19:52:04: Schwarz Kruppzo has used '/CraftItem usp_match'.
19:52:28: Schwarz Kruppzo has used '/CraftItem usp_match'.
19:58:14: [EoAsm] SchwarzKruppzo (STEAM_0:1:44629398) has connected.
19:59:08: [EoAsm] SchwarzKruppzo has loaded the character 'Schwarz Kruppzo'.
19:59:21: Schwarz Kruppzo has used '/Observer'.
19:59:30: Schwarz Kruppzo has used '/Observer'.
19:59:33: Schwarz Kruppzo has used '/CraftItem usp_match'.
19:59:55: Schwarz Kruppzo has gained a Reclaimed Metal 1449421196.
19:59:55: Schwarz Kruppzo has used '/CharGiveItem sch recla'.
19:59:57: Schwarz Kruppzo has crafted a USP Match.
19:59:57: Schwarz Kruppzo has lost a Broken 9mm Pistol 1449414084.
19:59:57: Schwarz Kruppzo has lost a Reclaimed Metal 1449421196.
19:59:57: Schwarz Kruppzo has lost a Reclaimed Metal 1449415097.
19:59:57: Schwarz Kruppzo has lost a Box of Screws 1449415106.
19:59:57: Schwarz Kruppzo has lost a Screw Driver 1449415088.
19:59:57: Schwarz Kruppzo has used '/CraftItem usp_match'.
20:01:41: Schwarz Kruppzo has used '/CharGiveItem sch weapon_pistol'.
20:01:49: Schwarz Kruppzo has gained a USP Match 1449421312.
20:01:49: Schwarz Kruppzo has used '/CharGiveItem sch sxbase_uspmatch'.
20:02:02: Schwarz Kruppzo has gained a USP Match 1449421328.
20:02:40: Schwarz Kruppzo has used '/CharGiveFlags sch ept'.
20:02:47: Schwarz Kruppzo has spawned 'models/props_junk/metal_paintcan001a.mdl'.
20:02:47: Schwarz Kruppzo has spawned 'models/props_junk/metal_paintcan001a.mdl'.
20:02:49: Schwarz Kruppzo has used '/Observer'.
20:09:24: Schwarz Kruppzo has used '/Observer'.
20:11:16: Schwarz Kruppzo has used '/Observer'.
20:11:16: Schwarz Kruppzo has used '/Observer'.
20:11:16: Schwarz Kruppzo has used '/Observer'.
20:11:17: Schwarz Kruppzo has used '/Observer'.
20:11:18: Schwarz Kruppzo has used '/Observer'.
20:11:18: Schwarz Kruppzo has used '/Observer'.
20:11:19: Schwarz Kruppzo has used '/Observer'.
20:11:21: Schwarz Kruppzo has used '/Observer'.
20:11:22: Schwarz Kruppzo has spawned 'models/props_junk/MetalBucket01a.mdl'.
20:11:22: Schwarz Kruppzo has spawned 'models/props_junk/MetalBucket01a.mdl'.
20:12:08: Schwarz Kruppzo has used '/Observer'.
20:12:11: Schwarz Kruppzo has used '/Observer'.
20:14:47: Schwarz Kruppzo has crafted a USP Match.
20:14:47: Schwarz Kruppzo has used '/CraftItem usp_match'.
20:14:56: Schwarz Kruppzo has crafted a USP Match.
20:14:56: Schwarz Kruppzo has used '/CraftItem usp_match'.
20:14:56: Schwarz Kruppzo has crafted a USP Match.
20:14:56: Schwarz Kruppzo has used '/CraftItem usp_match'.
20:15:03: Schwarz Kruppzo has crafted a USP Match.
20:15:03: Schwarz Kruppzo has used '/CraftItem usp_match'.
20:15:03: Schwarz Kruppzo has crafted a USP Match.
20:15:03: Schwarz Kruppzo has used '/CraftItem usp_match'.
20:15:06: Schwarz Kruppzo has crafted a USP Match.
20:15:06: Schwarz Kruppzo has used '/CraftItem usp_match'.
20:15:09: Schwarz Kruppzo has crafted a USP Match.
20:15:09: Schwarz Kruppzo has used '/CraftItem usp_match'.
20:15:10: Schwarz Kruppzo has crafted a USP Match.
20:15:10: Schwarz Kruppzo has used '/CraftItem usp_match'.
20:18:42: [EoAsm] SchwarzKruppzo (STEAM_0:1:44629398) has connected.
20:19:33: [EoAsm] SchwarzKruppzo has loaded the character 'Schwarz Kruppzo'.
20:19:38: Schwarz Kruppzo has used '/Observer'.
20:33:35: Schwarz Kruppzo has used '/Observer'.
20:33:37: Schwarz Kruppzo has used '/CraftItem usp_match'.
20:33:39: Schwarz Kruppzo has used '/CraftItem usp_match'.
20:33:39: Schwarz Kruppzo has used '/CraftItem usp_match'.
20:33:40: Schwarz Kruppzo has used '/CraftItem usp_match'.
20:35:45: Schwarz Kruppzo has used '/CraftItem usp_match'.
20:35:49: Schwarz Kruppzo has used '/CraftItem usp_match'.
20:35:58: Schwarz Kruppzo has used '/Observer'.
20:35:58: Schwarz Kruppzo has used '/Observer'.
20:36:00: Schwarz Kruppzo has used '/Observer'.
20:36:00: Schwarz Kruppzo has used '/Observer'.
20:36:00: Schwarz Kruppzo has used '/Observer'.
20:36:13: Schwarz Kruppzo has used '/Observer'.
20:36:14: Schwarz Kruppzo has used '/Observer'.
20:36:14: Schwarz Kruppzo has used '/Observer'.
20:36:15: Schwarz Kruppzo has used '/Observer'.
20:36:15: Schwarz Kruppzo has used '/Observer'.
20:36:15: Schwarz Kruppzo has used '/Observer'.
20:36:16: Schwarz Kruppzo has used '/Observer'.
20:36:16: Schwarz Kruppzo has used '/Observer'.
20:36:17: Schwarz Kruppzo has used '/Observer'.
20:36:18: Schwarz Kruppzo has used '/Observer'.
20:36:18: Schwarz Kruppzo has used '/Observer'.
20:36:19: Schwarz Kruppzo has used '/Observer'.
20:36:19: Schwarz Kruppzo has used '/Observer'.
20:36:19: Schwarz Kruppzo has used '/Observer'.
20:36:19: Schwarz Kruppzo has used '/Observer'.
20:36:21: Schwarz Kruppzo has used '/Observer'.
20:36:23: Schwarz Kruppzo has used '/Observer'.
20:36:25: Schwarz Kruppzo has used '/Observer'.
20:36:26: Schwarz Kruppzo has used '/Observer'.
20:36:27: Schwarz Kruppzo has used '/Observer'.
20:36:27: Schwarz Kruppzo has used '/Observer'.
20:36:28: Schwarz Kruppzo has used '/Observer'.
20:36:29: Schwarz Kruppzo has used '/Observer'.
20:36:31: Schwarz Kruppzo has used '/CraftItem usp_match'.
20:36:35: Schwarz Kruppzo has used '/Observer'.
20:36:35: Schwarz Kruppzo has used '/Observer'.
20:36:35: Schwarz Kruppzo has used '/Observer'.
20:36:35: Schwarz Kruppzo has used '/Observer'.
20:36:37: Schwarz Kruppzo has used '/Observer'.
20:36:37: Schwarz Kruppzo has used '/Observer'.
20:36:37: Schwarz Kruppzo has used '/Observer'.
20:36:38: Schwarz Kruppzo has used '/Observer'.
20:36:39: Schwarz Kruppzo has used '/Observer'.
20:36:39: Schwarz Kruppzo has used '/Observer'.
20:36:42: Schwarz Kruppzo has used '/Observer'.
20:36:43: Schwarz Kruppzo has used '/Observer'.
20:36:43: Schwarz Kruppzo has used '/Observer'.
20:36:43: Schwarz Kruppzo has used '/Observer'.
20:37:48: Schwarz Kruppzo has used '/Observer'.
20:37:52: Schwarz Kruppzo has used '/Observer'.
20:37:52: Schwarz Kruppzo has used '/Observer'.
20:37:54: Schwarz Kruppzo has used '/Observer'.
20:37:54: Schwarz Kruppzo has used '/Observer'.
20:37:54: Schwarz Kruppzo has used '/Observer'.
20:37:55: Schwarz Kruppzo has used '/Observer'.
20:37:55: Schwarz Kruppzo has used '/Observer'.
20:37:56: Schwarz Kruppzo has used '/Observer'.
20:38:05: Schwarz Kruppzo has used '/Observer'.
20:38:08: Schwarz Kruppzo has used '/Observer'.
20:38:08: Schwarz Kruppzo has used '/Observer'.
20:38:08: Schwarz Kruppzo has used '/Observer'.
20:38:08: Schwarz Kruppzo has used '/Observer'.
20:38:09: Schwarz Kruppzo has used '/Observer'.
20:38:09: Schwarz Kruppzo has used '/Observer'.
20:38:10: Schwarz Kruppzo has used '/Observer'.
20:38:10: Schwarz Kruppzo has used '/Observer'.
20:38:11: Schwarz Kruppzo has used '/Observer'.
20:38:11: Schwarz Kruppzo has used '/Observer'.
20:38:12: Schwarz Kruppzo has used '/Observer'.
20:38:12: Schwarz Kruppzo has used '/Observer'.
20:38:13: Schwarz Kruppzo has used '/Observer'.
20:38:13: Schwarz Kruppzo has used '/Observer'.
20:38:13: Schwarz Kruppzo has used '/Observer'.
20:38:14: Schwarz Kruppzo has used '/Observer'.
20:38:15: Schwarz Kruppzo has used '/Observer'.
20:38:15: Schwarz Kruppzo has used '/Observer'.
20:38:16: Schwarz Kruppzo has used '/Observer'.
20:38:17: Schwarz Kruppzo has used '/Observer'.
20:38:38: Schwarz Kruppzo has used '/Observer'.
20:38:38: Schwarz Kruppzo has used '/Observer'.
20:38:38: Schwarz Kruppzo has used '/Observer'.
20:38:38: Schwarz Kruppzo has used '/Observer'.
20:38:39: Schwarz Kruppzo has used '/Observer'.
20:38:39: Schwarz Kruppzo has used '/Observer'.
20:38:40: Schwarz Kruppzo has used '/Observer'.
20:38:40: Schwarz Kruppzo has used '/Observer'.
20:38:42: Schwarz Kruppzo has used '/Observer'.
20:38:42: Schwarz Kruppzo has used '/Observer'.
20:38:42: Schwarz Kruppzo has used '/Observer'.
20:38:42: Schwarz Kruppzo has used '/Observer'.
20:38:43: Schwarz Kruppzo has used '/Observer'.
20:38:43: Schwarz Kruppzo has used '/Observer'.
20:38:45: Schwarz Kruppzo has used '/Observer'.
20:41:08: Schwarz Kruppzo has used '/Observer'.
20:41:08: Schwarz Kruppzo has used '/Observer'.
20:41:08: Schwarz Kruppzo has used '/Observer'.
20:41:09: Schwarz Kruppzo has used '/Observer'.
20:41:09: Schwarz Kruppzo has used '/Observer'.
20:41:09: Schwarz Kruppzo has used '/Observer'.
20:41:11: Schwarz Kruppzo has used '/Observer'.
20:47:09: [EoAsm] SchwarzKruppzo (STEAM_0:1:44629398) has connected.
20:51:06: [EoAsm] SchwarzKruppzo has loaded the character 'Schwarz Kruppzo'.
20:51:17: Schwarz Kruppzo has used '/Observer'.
20:51:19: Schwarz Kruppzo has used '/Observer'.
20:51:21: Schwarz Kruppzo has used '/Observer'.
20:54:30: Schwarz Kruppzo has used '/Observer'.
20:54:34: Schwarz Kruppzo has used '/Observer'.
21:12:39: [EoAsm] SchwarzKruppzo (STEAM_0:1:44629398) has connected.
21:13:55: [EoAsm] SchwarzKruppzo has loaded the character 'Schwarz Kruppzo'.
21:13:58: Schwarz Kruppzo has used '/Observer'.
21:14:00: Schwarz Kruppzo has used '/Observer'.
21:14:01: Schwarz Kruppzo has used '/Observer'.
21:14:01: Schwarz Kruppzo has used '/Observer'.
21:14:02: Schwarz Kruppzo has used '/Observer'.
21:14:09: Schwarz Kruppzo has used '/Observer'.
21:21:00: [EoAsm] SchwarzKruppzo (STEAM_0:1:44629398) has connected.
21:21:59: [EoAsm] SchwarzKruppzo has loaded the character 'Schwarz Kruppzo'.
21:22:01: Schwarz Kruppzo has used '/Observer'.
21:22:07: Schwarz Kruppzo has used '/Observer'.
21:23:32: [EoAsm] SchwarzKruppzo (STEAM_0:1:44629398) has connected.
21:24:46: [EoAsm] SchwarzKruppzo has loaded the character 'Schwarz Kruppzo'.
21:24:48: Schwarz Kruppzo has used '/Observer'.
21:24:48: Schwarz Kruppzo has used '/Observer'.
21:24:49: Schwarz Kruppzo has used '/Observer'.
21:24:56: Schwarz Kruppzo has used '/Observer'.
21:24:56: Schwarz Kruppzo has used '/Observer'.
21:24:57: Schwarz Kruppzo has used '/Observer'.
21:24:59: Schwarz Kruppzo has used '/CraftItem blueprint_uspmatch'.
21:25:07: Schwarz Kruppzo has used '/CraftItem blueprint_uspmatch'.
21:25:08: Schwarz Kruppzo has used '/CraftItem blueprint_reclaimed_metal'.
21:25:19: Schwarz Kruppzo has used '/CharGiveItem sec Scrap'.
21:25:23: Schwarz Kruppzo has gained a Scrap Metal 1449426324.
21:25:23: Schwarz Kruppzo has used '/CharGiveItem sch Scrap'.
21:25:24: Schwarz Kruppzo has gained a Scrap Metal 1449426326.
21:25:24: Schwarz Kruppzo has used '/CharGiveItem sch Scrap'.
21:25:25: Schwarz Kruppzo has gained a Scrap Metal 1449426328.
21:25:25: Schwarz Kruppzo has used '/CharGiveItem sch Scrap'.
21:25:29: Schwarz Kruppzo has used '/CraftItem blueprint_reclaimed_metal'.
21:25:45: Schwarz Kruppzo has lost a USP Match 1449421328.
21:25:45: Schwarz Kruppzo has used '/InvAction drop sxbase_uspmatch 1449421328.00'.
21:25:45: Schwarz Kruppzo has lost a USP Match 1449421312.
21:25:45: Schwarz Kruppzo has used '/InvAction drop sxbase_uspmatch 1449421312.00'.
21:25:48: Schwarz Kruppzo has lost a Combine Lock 1448809038.
21:25:48: Schwarz Kruppzo has used '/InvAction drop combine_lock_1 1448809038.00'.
21:25:51: Schwarz Kruppzo has lost a Broken MP7 1449414078.
21:25:51: Schwarz Kruppzo has used '/InvAction drop broken_mp7 1449414078.00'.
21:25:58: Schwarz Kruppzo has used '/CraftItem blueprint_reclaimed_metal'.
21:25:59: Schwarz Kruppzo has used '/CraftItem blueprint_reclaimed_metal'.
21:25:59: Schwarz Kruppzo has used '/CraftItem blueprint_reclaimed_metal'.
21:26:18: Schwarz Kruppzo has used '/CraftItem blueprint_reclaimed_metal'.
21:26:18: Schwarz Kruppzo has used '/CraftItem blueprint_reclaimed_metal'.
21:26:18: Schwarz Kruppzo has used '/CraftItem blueprint_reclaimed_metal'.
21:29:15: [EoAsm] SchwarzKruppzo (STEAM_0:1:44629398) has connected.
21:29:58: [EoAsm] SchwarzKruppzo has loaded the character 'Schwarz Kruppzo'.
21:29:59: Schwarz Kruppzo has used '/Observer'.
21:30:00: Schwarz Kruppzo has used '/Observer'.
21:30:01: Schwarz Kruppzo has used '/Observer'.
21:30:03: Schwarz Kruppzo has used '/Observer'.
21:30:04: Schwarz Kruppzo has used '/Observer'.
21:30:09: Schwarz Kruppzo has used '/Observer'.
21:30:15: Schwarz Kruppzo has used '/CraftItem blueprint_reclaimed_metal'.
21:33:53: [EoAsm] SchwarzKruppzo (STEAM_0:1:44629398) has connected.
21:34:50: [EoAsm] SchwarzKruppzo has loaded the character 'Schwarz Kruppzo'.
21:34:51: Schwarz Kruppzo has used '/Observer'.
21:34:57: Schwarz Kruppzo has used '/Observer'.
21:35:01: Schwarz Kruppzo has used '/CraftItem blueprint_reclaimed_metal'.
21:40:38: [EoAsm] SchwarzKruppzo (STEAM_0:1:44629398) has connected.
21:41:30: [EoAsm] SchwarzKruppzo has loaded the character 'Schwarz Kruppzo'.
21:41:32: Schwarz Kruppzo has used '/Observer'.
21:41:36: Schwarz Kruppzo has used '/Observer'.
21:41:46: Schwarz Kruppzo has crafted a Reclaimed Metal.
21:41:46: Schwarz Kruppzo has lost a Scrap Metal 1449426324.
21:41:46: Schwarz Kruppzo has lost a Scrap Metal 1449426328.
21:41:46: Schwarz Kruppzo has lost a Scrap Metal 1449426326.
21:41:46: Schwarz Kruppzo has gained a Reclaimed Metal 1449427307.
21:41:46: Schwarz Kruppzo has used '/CraftItem blueprint_reclaimed_metal'.
21:41:48: Schwarz Kruppzo has used '/CraftItem blueprint_reclaimed_metal'.
21:41:49: Schwarz Kruppzo has used '/CraftItem blueprint_reclaimed_metal'.
21:41:50: Schwarz Kruppzo has used '/CraftItem blueprint_reclaimed_metal'.
21:41:53: Schwarz Kruppzo has used '/CraftItem blueprint_reclaimed_metal'.
21:41:53: Schwarz Kruppzo has used '/CraftItem blueprint_reclaimed_metal'.
21:41:58: Schwarz Kruppzo has used '/CraftItem blueprint_reclaimed_metal'.
21:41:58: Schwarz Kruppzo has used '/CraftItem blueprint_reclaimed_metal'.
21:41:59: Schwarz Kruppzo has used '/CraftItem blueprint_reclaimed_metal'.
21:41:59: Schwarz Kruppzo has used '/CraftItem blueprint_reclaimed_metal'.
21:42:00: Schwarz Kruppzo has used '/CraftItem blueprint_reclaimed_metal'.
21:42:00: Schwarz Kruppzo has used '/CraftItem blueprint_reclaimed_metal'.
21:42:00: Schwarz Kruppzo has used '/CraftItem blueprint_reclaimed_metal'.
21:42:01: Schwarz Kruppzo has used '/CraftItem blueprint_reclaimed_metal'.
21:42:01: Schwarz Kruppzo has used '/CraftItem blueprint_reclaimed_metal'.
21:42:01: Schwarz Kruppzo has used '/CraftItem blueprint_reclaimed_metal'.
21:42:11: Schwarz Kruppzo has used '/CraftItem blueprint_reclaimed_metal'.
21:42:12: Schwarz Kruppzo has used '/CraftItem blueprint_reclaimed_metal'.
21:42:12: Schwarz Kruppzo has used '/CraftItem blueprint_reclaimed_metal'.
21:42:14: Schwarz Kruppzo has used '/CraftItem blueprint_uspmatch'.
21:42:16: Schwarz Kruppzo has used '/CraftItem blueprint_uspmatch'.
21:48:45: [EoAsm] SchwarzKruppzo (STEAM_0:1:44629398) has connected.
21:50:40: [EoAsm] SchwarzKruppzo has loaded the character 'Schwarz Kruppzo'.
21:50:41: Schwarz Kruppzo has used '/Observer'.
21:50:41: Schwarz Kruppzo has used '/Observer'.
21:50:42: Schwarz Kruppzo has used '/Observer'.
21:50:42: Schwarz Kruppzo has used '/Observer'.
21:50:43: Schwarz Kruppzo has used '/Observer'.
21:50:43: Schwarz Kruppzo has used '/Observer'.
21:50:44: Schwarz Kruppzo has used '/Observer'.
21:50:44: Schwarz Kruppzo has used '/Observer'.
21:50:45: Schwarz Kruppzo has used '/Observer'.
21:50:45: Schwarz Kruppzo has used '/Observer'.
21:50:46: Schwarz Kruppzo has used '/Observer'.
21:50:46: Schwarz Kruppzo has used '/Observer'.
21:50:48: Schwarz Kruppzo has used '/Observer'.
21:50:49: Schwarz Kruppzo has used '/Observer'.
21:50:50: Schwarz Kruppzo has used '/Observer'.
21:50:51: Schwarz Kruppzo has used '/Observer'.
21:50:51: Schwarz Kruppzo has used '/Observer'.
21:50:51: Schwarz Kruppzo has used '/Observer'.
21:50:52: Schwarz Kruppzo has used '/Observer'.
21:50:53: Schwarz Kruppzo has used '/Observer'.
21:50:53: Schwarz Kruppzo has used '/Observer'.
21:50:54: Schwarz Kruppzo has used '/Observer'.
21:50:54: Schwarz Kruppzo has used '/Observer'.
21:50:55: Schwarz Kruppzo has used '/Observer'.
21:50:56: Schwarz Kruppzo has used '/Observer'.
21:50:56: Schwarz Kruppzo has used '/Observer'.
21:50:56: Schwarz Kruppzo has used '/Observer'.
21:50:57: Schwarz Kruppzo has used '/Observer'.
21:51:00: Schwarz Kruppzo has used '/Observer'.
21:51:01: Schwarz Kruppzo has used '/Observer'.
21:51:02: Schwarz Kruppzo has used '/Observer'.
21:51:02: Schwarz Kruppzo has used '/Observer'.
21:51:06: Schwarz Kruppzo has used '/Observer'.
21:51:07: Schwarz Kruppzo has used '/Observer'.
21:51:08: Schwarz Kruppzo has used '/Observer'.
21:51:08: Schwarz Kruppzo has used '/Observer'.
21:51:12: Schwarz Kruppzo has used '/Observer'.
21:51:13: Schwarz Kruppzo has used '/Observer'.
21:51:14: Schwarz Kruppzo has used '/Observer'.
21:51:15: Schwarz Kruppzo has used '/Observer'.
21:51:18: Schwarz Kruppzo has used '/Observer'.
21:51:18: Schwarz Kruppzo has used '/Observer'.
21:51:19: Schwarz Kruppzo has used '/Observer'.
21:51:20: Schwarz Kruppzo has used '/Observer'.
21:51:24: Schwarz Kruppzo has used '/Observer'.
21:51:24: Schwarz Kruppzo has used '/Observer'.
21:51:25: Schwarz Kruppzo has used '/Observer'.
21:51:26: Schwarz Kruppzo has used '/Observer'.
21:51:29: Schwarz Kruppzo has used '/Observer'.
21:51:30: Schwarz Kruppzo has used '/Observer'.
21:51:30: Schwarz Kruppzo has used '/Observer'.
21:51:30: Schwarz Kruppzo has used '/Observer'.
21:51:31: Schwarz Kruppzo has used '/Observer'.
21:51:32: Schwarz Kruppzo has used '/Observer'.
21:51:35: Schwarz Kruppzo has used '/Observer'.
21:51:36: Schwarz Kruppzo has used '/Observer'.
21:51:37: Schwarz Kruppzo has used '/Observer'.
21:51:38: Schwarz Kruppzo has used '/Observer'.
21:51:41: Schwarz Kruppzo has used '/Observer'.
21:51:42: Schwarz Kruppzo has used '/Observer'.
21:51:43: Schwarz Kruppzo has used '/Observer'.
21:51:43: Schwarz Kruppzo has used '/Observer'.
21:51:44: Schwarz Kruppzo has used '/Observer'.
21:51:44: Schwarz Kruppzo has used '/Observer'.
21:51:48: Schwarz Kruppzo has used '/Observer'.
21:51:49: Schwarz Kruppzo has used '/Observer'.
21:51:50: Schwarz Kruppzo has used '/Observer'.
21:51:51: Schwarz Kruppzo has used '/Observer'.
21:51:51: Schwarz Kruppzo has used '/Observer'.
21:51:51: Schwarz Kruppzo has used '/Observer'.
21:51:54: Schwarz Kruppzo has used '/Observer'.
21:51:55: Schwarz Kruppzo has used '/Observer'.
21:51:56: Schwarz Kruppzo has used '/Observer'.
21:51:57: Schwarz Kruppzo has used '/Observer'.
21:52:00: Schwarz Kruppzo has used '/Observer'.
21:52:00: Schwarz Kruppzo has used '/Observer'.
21:52:02: Schwarz Kruppzo has used '/Observer'.
21:52:03: Schwarz Kruppzo has used '/Observer'.
21:52:05: Schwarz Kruppzo has used '/Observer'.
21:52:11: Schwarz Kruppzo has used '/Observer'.
21:52:11: Schwarz Kruppzo has used '/Observer'.
21:52:12: Schwarz Kruppzo has used '/Observer'.
21:52:13: Schwarz Kruppzo has used '/Observer'.
21:52:13: Schwarz Kruppzo has used '/Observer'.
21:52:16: Schwarz Kruppzo has used '/Observer'.
21:52:16: Schwarz Kruppzo has used '/Observer'.
21:52:19: Schwarz Kruppzo has used '/Observer'.
21:52:19: Schwarz Kruppzo has used '/Observer'.
21:52:20: Schwarz Kruppzo has used '/Observer'.
21:52:21: Schwarz Kruppzo has used '/Observer'.
21:52:25: Schwarz Kruppzo has used '/Observer'.
21:52:26: Schwarz Kruppzo has used '/Observer'.
21:52:27: Schwarz Kruppzo has used '/Observer'.
21:52:27: Schwarz Kruppzo has used '/Observer'.
21:52:27: Schwarz Kruppzo has used '/Observer'.
21:52:27: Schwarz Kruppzo has used '/Observer'.
21:52:31: Schwarz Kruppzo has used '/Observer'.
21:52:32: Schwarz Kruppzo has used '/Observer'.
21:52:33: Schwarz Kruppzo has used '/Observer'.
21:52:33: Schwarz Kruppzo has used '/Observer'.
21:52:33: Schwarz Kruppzo has used '/Observer'.
21:52:34: Schwarz Kruppzo has used '/Observer'.
21:52:34: Schwarz Kruppzo has used '/Observer'.
21:52:35: Schwarz Kruppzo has used '/Observer'.
21:52:35: Schwarz Kruppzo has used '/Observer'.
21:52:36: Schwarz Kruppzo has used '/Observer'.
21:52:36: Schwarz Kruppzo has used '/Observer'.
21:52:36: Schwarz Kruppzo has used '/Observer'.
21:52:37: Schwarz Kruppzo has used '/Observer'.
21:52:39: Schwarz Kruppzo has used '/Observer'.
21:52:39: Schwarz Kruppzo has used '/Observer'.
21:52:41: Schwarz Kruppzo has used '/Observer'.
21:52:42: Schwarz Kruppzo has used '/Observer'.
21:52:42: Schwarz Kruppzo has used '/Observer'.
21:52:43: Schwarz Kruppzo has used '/Observer'.
21:52:43: Schwarz Kruppzo has used '/Observer'.
21:52:45: Schwarz Kruppzo has used '/Observer'.
21:52:45: Schwarz Kruppzo has used '/Observer'.
21:52:48: Schwarz Kruppzo has used '/Observer'.
21:52:48: Schwarz Kruppzo has used '/Observer'.
21:52:49: Schwarz Kruppzo has used '/Observer'.
21:52:50: Schwarz Kruppzo has used '/Observer'.
21:52:52: Schwarz Kruppzo has used '/Observer'.
21:52:58: Schwarz Kruppzo has used '/Observer'.
21:53:00: Schwarz Kruppzo has used '/Observer'.
21:53:01: Schwarz Kruppzo has used '/Observer'.
21:53:02: Schwarz Kruppzo has used '/Observer'.
21:53:02: Schwarz Kruppzo has used '/Observer'.
21:53:03: Schwarz Kruppzo has used '/Observer'.
21:53:03: Schwarz Kruppzo has used '/Observer'.
21:53:06: Schwarz Kruppzo has used '/Observer'.
21:53:06: Schwarz Kruppzo has used '/Observer'.
21:53:07: Schwarz Kruppzo has used '/Observer'.
21:53:08: Schwarz Kruppzo has used '/Observer'.
21:53:10: Schwarz Kruppzo has used '/Observer'.
21:53:10: Schwarz Kruppzo has used '/Observer'.
21:53:11: Schwarz Kruppzo has used '/Observer'.
21:53:11: Schwarz Kruppzo has used '/Observer'.
21:53:11: Schwarz Kruppzo has used '/Observer'.
21:53:12: Schwarz Kruppzo has used '/Observer'.
21:53:13: Schwarz Kruppzo has used '/Observer'.
21:53:14: Schwarz Kruppzo has used '/Observer'.
21:53:21: Schwarz Kruppzo has used '/CraftItem blueprint_reclaimed_metal'.
21:53:22: Schwarz Kruppzo has used '/CraftItem blueprint_uspmatch'.
21:53:24: Schwarz Kruppzo has used '/CraftItem blueprint_reclaimed_metal'.
21:53:27: Schwarz Kruppzo has used '/CraftItem blueprint_reclaimed_metal'.
21:53:28: Schwarz Kruppzo has used '/CraftItem blueprint_reclaimed_metal'.
21:55:53: Schwarz Kruppzo has gained a Scrap Metal 1449428154.
21:55:53: Schwarz Kruppzo has used '/CharGiveItem sch scrap_metal'.
21:55:53: Schwarz Kruppzo has gained a Scrap Metal 1449428155.
21:55:53: Schwarz Kruppzo has used '/CharGiveItem sch scrap_metal'.
21:55:54: Schwarz Kruppzo has gained a Scrap Metal 1449428157.
21:55:54: Schwarz Kruppzo has used '/CharGiveItem sch scrap_metal'.
21:55:54: Schwarz Kruppzo has gained a Scrap Metal 1449428158.
21:55:54: Schwarz Kruppzo has used '/CharGiveItem sch scrap_metal'.
21:55:57: Schwarz Kruppzo has used '/CraftItem blueprint_reclaimed_metal'.
22:00:03: Schwarz Kruppzo has lost a Reclaimed Metal 1449427307.
22:00:03: Schwarz Kruppzo has lost a Scrap Metal 1449428158.
22:00:03: Schwarz Kruppzo has lost a Scrap Metal 1449428157.
22:00:03: Schwarz Kruppzo has lost a Scrap Metal 1449428154.
22:00:03: Schwarz Kruppzo has lost a Scrap Metal 1449428155.
22:00:13: Schwarz Kruppzo has used '/Observer'.
22:00:50: Schwarz Kruppzo has used '/Observer'.
22:01:26: Schwarz Kruppzo has used '/CraftItem blueprint_reclaimed_metal'.
22:01:50: Schwarz Kruppzo has gained a Scrap Metal 1449428515.
22:01:50: Schwarz Kruppzo has used '/CharGiveItem sch scrap_metal'.
22:01:51: Schwarz Kruppzo has gained a Scrap Metal 1449428517.
22:01:51: Schwarz Kruppzo has used '/CharGiveItem sch scrap_metal'.
22:01:51: Schwarz Kruppzo has gained a Scrap Metal 1449428518.
22:01:51: Schwarz Kruppzo has used '/CharGiveItem sch scrap_metal'.
22:01:53: Schwarz Kruppzo has crafted a Reclaimed Metal.
22:01:53: Schwarz Kruppzo has lost a Scrap Metal 1449428518.
22:01:53: Schwarz Kruppzo has lost a Scrap Metal 1449428515.
22:01:53: Schwarz Kruppzo has lost a Scrap Metal 1449428517.
22:01:53: Schwarz Kruppzo has gained a Reclaimed Metal 1449428521.
22:01:53: Schwarz Kruppzo has used '/CraftItem blueprint_reclaimed_metal'.
22:01:55: Schwarz Kruppzo has gained a Scrap Metal 1449428524.
22:01:55: Schwarz Kruppzo has used '/CharGiveItem sch scrap_metal'.
22:01:56: Schwarz Kruppzo has gained a Scrap Metal 1449428526.
22:01:56: Schwarz Kruppzo has used '/CharGiveItem sch scrap_metal'.
22:01:57: Schwarz Kruppzo has used '/CraftItem blueprint_reclaimed_metal'.
22:01:58: Schwarz Kruppzo has used '/CraftItem blueprint_reclaimed_metal'.
22:01:58: Schwarz Kruppzo has used '/CraftItem blueprint_reclaimed_metal'.
22:01:58: Schwarz Kruppzo has used '/CraftItem blueprint_reclaimed_metal'.
22:02:00: Schwarz Kruppzo has gained a Scrap Metal 1449428531.
22:02:00: Schwarz Kruppzo has used '/CharGiveItem sch scrap_metal'.
22:02:05: Schwarz Kruppzo has used '/CraftItem blueprint_reclaimed_metal'.
22:02:06: Schwarz Kruppzo has used '/CraftItem blueprint_reclaimed_metal'.
22:02:10: Schwarz Kruppzo has used '/CraftItem blueprint_reclaimed_metal'.
22:02:10: Schwarz Kruppzo has used '/CraftItem blueprint_reclaimed_metal'.
22:02:11: Schwarz Kruppzo has used '/CraftItem blueprint_reclaimed_metal'.
22:06:44: [EoAsm] SchwarzKruppzo (STEAM_0:1:44629398) has connected.
22:07:22: [EoAsm] SchwarzKruppzo has loaded the character 'Schwarz Kruppzo'.
22:07:38: Schwarz Kruppzo has used '/Observer'.
22:07:45: Schwarz Kruppzo has used '/Observer'.
22:07:47: Schwarz Kruppzo has crafted a Reclaimed Metal.
22:07:47: Schwarz Kruppzo has lost a Scrap Metal 1449428531.
22:07:47: Schwarz Kruppzo has lost a Scrap Metal 1449428524.
22:07:47: Schwarz Kruppzo has lost a Scrap Metal 1449428526.
22:07:47: Schwarz Kruppzo has gained a Reclaimed Metal 1449428868.
22:07:47: Schwarz Kruppzo has used '/CraftItem blueprint_reclaimed_metal'.
22:07:49: Schwarz Kruppzo has used '/CraftItem blueprint_reclaimed_metal'.
22:07:50: Schwarz Kruppzo has used '/CraftItem blueprint_reclaimed_metal'.
22:07:51: Schwarz Kruppzo has used '/CraftItem blueprint_reclaimed_metal'.
22:08:23: Schwarz Kruppzo has used '/Observer'.
22:10:24: Schwarz Kruppzo has used '/Observer'.
22:10:27: Schwarz Kruppzo has used '/CraftItem blueprint_reclaimed_metal'.
22:10:28: Schwarz Kruppzo has used '/CraftItem blueprint_reclaimed_metal'.
22:10:28: Schwarz Kruppzo has used '/CraftItem blueprint_reclaimed_metal'.
22:10:28: Schwarz Kruppzo has used '/CraftItem blueprint_reclaimed_metal'.
22:10:47: Schwarz Kruppzo has used '/CharGiveItem sch scrap_metall'.
22:10:48: Schwarz Kruppzo has gained a Scrap Metal 1449429050.
22:10:48: Schwarz Kruppzo has used '/CharGiveItem sch scrap_metal'.
22:10:49: Schwarz Kruppzo has gained a Scrap Metal 1449429052.
22:10:49: Schwarz Kruppzo has used '/CharGiveItem sch scrap_metal'.
22:10:49: Schwarz Kruppzo has gained a Scrap Metal 1449429053.
22:10:49: Schwarz Kruppzo has used '/CharGiveItem sch scrap_metal'.
22:10:54: Schwarz Kruppzo has gained a Scrap Metal 1449429059.
22:10:54: Schwarz Kruppzo has used '/CharGiveItem sch scrap_metal'.
22:10:55: Schwarz Kruppzo has used '/CraftItem blueprint_reclaimed_metal'.
22:11:01: Schwarz Kruppzo has used '/CraftItem blueprint_reclaimed_metal'.
22:11:02: Schwarz Kruppzo has used '/CraftItem blueprint_reclaimed_metal'.
22:11:02: Schwarz Kruppzo has used '/CraftItem blueprint_reclaimed_metal'.
22:11:05: Schwarz Kruppzo has gained a Scrap Metal 1449429071.
22:11:05: Schwarz Kruppzo has used '/CharGiveItem sch scrap_metal'.
22:11:06: Schwarz Kruppzo has lost a Scrap Metal 1449429071.
22:11:06: Schwarz Kruppzo has used '/InvAction drop scrap_metal 1449429071.00'.
22:11:07: Schwarz Kruppzo has lost a Scrap Metal 1449429059.
22:11:07: Schwarz Kruppzo has used '/InvAction drop scrap_metal 1449429059.00'.
22:11:15: Schwarz Kruppzo has lost a Scrap Metal 1449429053.
22:11:15: Schwarz Kruppzo has used '/InvAction drop scrap_metal 1449429053.00'.
22:11:17: Schwarz Kruppzo has used '/CraftItem blueprint_reclaimed_metal'.
22:11:19: Schwarz Kruppzo has gained a Scrap Metal 1449429071.
22:11:21: Schwarz Kruppzo has crafted a Reclaimed Metal.
22:11:21: Schwarz Kruppzo has lost a Scrap Metal 1449429050.
22:11:21: Schwarz Kruppzo has lost a Scrap Metal 1449429071.
22:11:21: Schwarz Kruppzo has lost a Scrap Metal 1449429052.
22:11:21: Schwarz Kruppzo has gained a Reclaimed Metal 1449429088.
22:11:21: Schwarz Kruppzo has used '/CraftItem blueprint_reclaimed_metal'.
22:11:21: Schwarz Kruppzo has used '/CraftItem blueprint_reclaimed_metal'.
22:11:22: Schwarz Kruppzo has used '/CraftItem blueprint_reclaimed_metal'.
22:11:22: Schwarz Kruppzo has used '/CraftItem blueprint_reclaimed_metal'.
22:11:22: Schwarz Kruppzo has used '/CraftItem blueprint_reclaimed_metal'.
22:11:22: Schwarz Kruppzo has used '/CraftItem blueprint_reclaimed_metal'.
22:11:23: Schwarz Kruppzo has used '/CraftItem blueprint_reclaimed_metal'.
22:11:23: Schwarz Kruppzo has used '/CraftItem blueprint_reclaimed_metal'.
22:11:23: Schwarz Kruppzo has used '/CraftItem blueprint_reclaimed_metal'.
22:11:23: Schwarz Kruppzo has used '/CraftItem blueprint_reclaimed_metal'.
22:11:24: Schwarz Kruppzo has used '/CraftItem blueprint_reclaimed_metal'.
22:13:29: [EoAsm] SchwarzKruppzo (STEAM_0:1:44629398) has connected.
22:14:11: [EoAsm] SchwarzKruppzo has loaded the character 'Schwarz Kruppzo'.
22:14:13: Schwarz Kruppzo has used '/Observer'.
22:14:19: Schwarz Kruppzo has used '/Observer'.
22:14:19: Schwarz Kruppzo has used '/Observer'.
22:14:20: Schwarz Kruppzo has used '/Observer'.
22:14:22: Schwarz Kruppzo has used '/CraftItem blueprint_reclaimed_metal'.
22:14:31: Schwarz Kruppzo has used '/Observer'.
22:15:17: Schwarz Kruppzo has used '/Observer'.
22:15:26: Schwarz Kruppzo has lost a Reclaimed Metal 1449429088.
22:15:26: Schwarz Kruppzo has used '/InvAction drop reclaimed_metal 1449429088.00'.
22:15:27: Schwarz Kruppzo has lost a Reclaimed Metal 1449428868.
22:15:27: Schwarz Kruppzo has used '/InvAction drop reclaimed_metal 1449428868.00'.
22:15:28: Schwarz Kruppzo has lost a Reclaimed Metal 1449428521.
22:15:28: Schwarz Kruppzo has used '/InvAction drop reclaimed_metal 1449428521.00'.
22:15:37: Schwarz Kruppzo has gained a Scrap Metal 1449429338.
22:15:37: Schwarz Kruppzo has used '/CharGiveItem sch scrap_metal'.
22:15:37: Schwarz Kruppzo has gained a Scrap Metal 1449429339.
22:15:37: Schwarz Kruppzo has used '/CharGiveItem sch scrap_metal'.
22:15:39: Schwarz Kruppzo has used '/CraftItem blueprint_reclaimed_metal'.
22:15:42: Schwarz Kruppzo has gained a Scrap Metal 1449429345.
22:15:42: Schwarz Kruppzo has used '/CharGiveItem sch scrap_metal'.
22:15:42: Schwarz Kruppzo has gained a Scrap Metal 1449429346.
22:15:42: Schwarz Kruppzo has used '/CharGiveItem sch scrap_metal'.
22:15:44: Schwarz Kruppzo has crafted a Reclaimed Metal.
22:15:44: Schwarz Kruppzo has lost a Scrap Metal 1449429338.
22:15:44: Schwarz Kruppzo has lost a Scrap Metal 1449429346.
22:15:44: Schwarz Kruppzo has lost a Scrap Metal 1449429345.
22:15:44: Schwarz Kruppzo has gained a Reclaimed Metal 1449429349.
22:15:44: Schwarz Kruppzo has used '/CraftItem blueprint_reclaimed_metal'.
22:15:52: Schwarz Kruppzo has gained a Scrap Metal 1449429358.
22:15:52: Schwarz Kruppzo has used '/CharGiveItem sch scrap_metal'.
22:15:53: Schwarz Kruppzo has gained a Scrap Metal 1449429360.
22:15:53: Schwarz Kruppzo has used '/CharGiveItem sch scrap_metal'.
22:15:54: Schwarz Kruppzo has crafted a Reclaimed Metal.
22:15:54: Schwarz Kruppzo has lost a Scrap Metal 1449429358.
22:15:54: Schwarz Kruppzo has lost a Scrap Metal 1449429360.
22:15:54: Schwarz Kruppzo has lost a Scrap Metal 1449429339.
22:15:54: Schwarz Kruppzo has gained a Reclaimed Metal 1449429362.
22:15:54: Schwarz Kruppzo has used '/CraftItem blueprint_reclaimed_metal'.
22:15:56: Schwarz Kruppzo has used '/CraftItem blueprint_reclaimed_metal'.
22:15:56: Schwarz Kruppzo has used '/CraftItem blueprint_reclaimed_metal'.
22:15:57: Schwarz Kruppzo has used '/CraftItem blueprint_reclaimed_metal'.
22:16:00: Schwarz Kruppzo has used '/Observer'.
22:16:03: Schwarz Kruppzo has used '/Observer'.
22:16:04: Schwarz Kruppzo has used '/Observer'.
22:16:04: Schwarz Kruppzo has used '/Observer'.
22:16:06: Schwarz Kruppzo has used '/Observer'.
22:16:07: Schwarz Kruppzo has used '/Observer'.
22:16:38: Schwarz Kruppzo has used '/Observer'.
22:16:39: Schwarz Kruppzo has used '/Observer'.
22:16:43: Schwarz Kruppzo has used '/Observer'.
22:20:07: Schwarz Kruppzo has used '/Observer'.
22:20:07: Schwarz Kruppzo has used '/Observer'.
22:20:08: Schwarz Kruppzo has used '/Observer'.
22:20:14: Schwarz Kruppzo has used '/Observer'.
22:20:14: Schwarz Kruppzo has used '/Observer'.
22:20:15: Schwarz Kruppzo has used '/Observer'.
22:20:15: Schwarz Kruppzo has used '/Observer'.
22:20:15: Schwarz Kruppzo has used '/Observer'.
22:20:16: Schwarz Kruppzo has used '/Observer'.
22:20:16: Schwarz Kruppzo has used '/Observer'.
22:20:26: Schwarz Kruppzo has used '/Observer'.
22:20:27: Schwarz Kruppzo has used '/Observer'.
22:20:28: Schwarz Kruppzo has used '/Observer'.
22:20:33: Schwarz Kruppzo has used '/Observer'.
22:20:38: Schwarz Kruppzo has used '/Observer'.
22:20:38: Schwarz Kruppzo has used '/Observer'.
22:20:39: Schwarz Kruppzo has used '/Observer'.
22:20:40: Schwarz Kruppzo has used '/Observer'.
22:20:40: Schwarz Kruppzo has used '/Observer'.
22:20:43: Schwarz Kruppzo has used '/Observer'.
22:20:43: Schwarz Kruppzo has used '/Observer'.
22:20:43: Schwarz Kruppzo has used '/Observer'.
22:20:43: Schwarz Kruppzo has used '/Observer'.
22:20:45: Schwarz Kruppzo has used '/Observer'.
22:20:45: Schwarz Kruppzo has used '/Observer'.
22:20:45: Schwarz Kruppzo has used '/Observer'.
22:20:45: Schwarz Kruppzo has used '/Observer'.
22:20:46: Schwarz Kruppzo has used '/Observer'.
22:20:47: Schwarz Kruppzo has used '/Observer'.
22:20:47: Schwarz Kruppzo has used '/Observer'.
22:20:48: Schwarz Kruppzo has used '/Observer'.
22:20:48: Schwarz Kruppzo has used '/Observer'.
22:20:48: Schwarz Kruppzo has used '/Observer'.
22:20:49: Schwarz Kruppzo has used '/Observer'.
22:20:49: Schwarz Kruppzo has used '/Observer'.
22:20:50: Schwarz Kruppzo has used '/Observer'.
22:20:50: Schwarz Kruppzo has used '/Observer'.
22:20:52: Schwarz Kruppzo has used '/Observer'.
22:20:54: Schwarz Kruppzo has used '/Observer'.
22:20:54: Schwarz Kruppzo has used '/Observer'.
22:20:56: Schwarz Kruppzo has used '/Observer'.
22:20:56: Schwarz Kruppzo has used '/Observer'.
22:20:57: Schwarz Kruppzo has used '/Observer'.
22:25:54: [EoAsm] SchwarzKruppzo (STEAM_0:1:44629398) has connected.
22:26:32: [EoAsm] SchwarzKruppzo has loaded the character 'Schwarz Kruppzo'.
22:26:34: Schwarz Kruppzo has used '/Observer'.
22:26:40: Schwarz Kruppzo has used '/Observer'.
22:28:23: Schwarz Kruppzo has used '/Observer'.
22:28:26: Schwarz Kruppzo has used '/Observer'.
22:28:28: Schwarz Kruppzo has used '/Observer'.
22:28:28: Schwarz Kruppzo has used '/Observer'.
22:28:30: Schwarz Kruppzo has used '/Observer'.
22:28:30: Schwarz Kruppzo has used '/Observer'.
22:28:30: Schwarz Kruppzo has used '/Observer'.
22:28:31: Schwarz Kruppzo has used '/Observer'.
22:28:32: Schwarz Kruppzo has used '/Observer'.
22:28:32: Schwarz Kruppzo has used '/Observer'.
22:28:32: Schwarz Kruppzo has used '/Observer'.
22:28:32: Schwarz Kruppzo has used '/Observer'.
22:28:33: Schwarz Kruppzo has used '/Observer'.
22:28:33: Schwarz Kruppzo has used '/Observer'.
22:28:34: Schwarz Kruppzo has used '/Observer'.
22:28:35: Schwarz Kruppzo has used '/Observer'.
22:28:36: Schwarz Kruppzo has used '/Observer'.
22:28:36: Schwarz Kruppzo has used '/Observer'.
22:28:37: Schwarz Kruppzo has used '/Observer'.
22:28:37: Schwarz Kruppzo has used '/Observer'.
22:28:38: Schwarz Kruppzo has used '/Observer'.
22:28:38: Schwarz Kruppzo has used '/Observer'.
22:28:39: Schwarz Kruppzo has used '/Observer'.
22:28:39: Schwarz Kruppzo has used '/Observer'.
22:28:41: Schwarz Kruppzo has used '/Observer'.
22:28:41: Schwarz Kruppzo has used '/Observer'.
22:28:42: Schwarz Kruppzo has used '/Observer'.
22:28:42: Schwarz Kruppzo has used '/Observer'.
22:28:43: Schwarz Kruppzo has used '/Observer'.
22:28:43: Schwarz Kruppzo has used '/Observer'.
22:28:44: Schwarz Kruppzo has used '/Observer'.
22:28:44: Schwarz Kruppzo has used '/Observer'.
22:28:45: Schwarz Kruppzo has used '/Observer'.
22:28:45: Schwarz Kruppzo has used '/Observer'.
22:28:46: Schwarz Kruppzo has used '/Observer'.
22:28:46: Schwarz Kruppzo has used '/Observer'.
22:28:47: Schwarz Kruppzo has used '/Observer'.
22:28:47: Schwarz Kruppzo has used '/Observer'.
22:28:48: Schwarz Kruppzo has used '/Observer'.
22:28:51: Schwarz Kruppzo has used '/Observer'.
22:28:52: Schwarz Kruppzo has used '/Observer'.
22:28:52: Schwarz Kruppzo has used '/Observer'.
22:28:53: Schwarz Kruppzo has used '/Observer'.
22:38:52: Schwarz Kruppzo has spawned 'models/props_debris/wood_chunk07d.mdl'.
22:38:52: Schwarz Kruppzo has spawned 'models/props_debris/wood_chunk07d.mdl'.
22:38:54: Schwarz Kruppzo has used '/Observer'.
22:38:55: Schwarz Kruppzo has spawned 'models/props_debris/wood_chunk07c.mdl'.
22:38:55: Schwarz Kruppzo has spawned 'models/props_debris/wood_chunk07c.mdl'.
22:39:00: Schwarz Kruppzo has spawned 'models/props/de_prodigy/wood_pallet_debris_10.mdl'.
22:39:00: Schwarz Kruppzo has spawned 'models/props/de_prodigy/wood_pallet_debris_10.mdl'.
22:39:15: Schwarz Kruppzo has spawned 'models/props_debris/wood_board02a.mdl'.
22:39:15: Schwarz Kruppzo has spawned 'models/props_debris/wood_board02a.mdl'.
22:39:19: Schwarz Kruppzo has spawned 'models/props_debris/wood_board01a.mdl'.
22:39:19: Schwarz Kruppzo has spawned 'models/props_debris/wood_board01a.mdl'.
22:39:25: Schwarz Kruppzo has spawned 'models/items/woodpile.mdl'.
22:39:25: Schwarz Kruppzo has spawned 'models/items/woodpile.mdl'.
22:39:29: Schwarz Kruppzo has used '/Observer'.
22:39:31: Schwarz Kruppzo has used '/Observer'.
22:39:34: Schwarz Kruppzo has spawned 'models/props_debris/wood_splinters01e.mdl'.
22:39:34: Schwarz Kruppzo has spawned 'models/props_debris/wood_splinters01e.mdl'.
22:39:40: Schwarz Kruppzo has spawned 'models/props/de_prodigy/wood_pallet_debris_03.mdl'.
22:39:40: Schwarz Kruppzo has spawned 'models/props/de_prodigy/wood_pallet_debris_03.mdl'.
22:39:42: Schwarz Kruppzo has spawned 'models/props_foliage/driftwood_03a.mdl'.
22:39:42: Schwarz Kruppzo has spawned 'models/props_foliage/driftwood_03a.mdl'.
22:39:44: Schwarz Kruppzo has spawned 'models/props_foliage/driftwood_02a.mdl'.
22:39:44: Schwarz Kruppzo has spawned 'models/props_foliage/driftwood_02a.mdl'.
22:39:45: Schwarz Kruppzo has spawned 'models/props_foliage/driftwood_01a.mdl'.
22:39:45: Schwarz Kruppzo has spawned 'models/props_foliage/driftwood_01a.mdl'.
22:39:46: Schwarz Kruppzo has used '/Observer'.
22:39:47: Schwarz Kruppzo has used '/Observer'.
22:39:48: Schwarz Kruppzo has spawned 'models/props_foliage/driftwood_01a.mdl'.
22:39:48: Schwarz Kruppzo has spawned 'models/props_foliage/driftwood_01a.mdl'.
22:39:48: Schwarz Kruppzo has used '/Observer'.
22:39:50: Schwarz Kruppzo has used '/Observer'.
22:39:51: Schwarz Kruppzo has spawned 'models/props_foliage/driftwood_clump_03a.mdl'.
22:39:51: Schwarz Kruppzo has spawned 'models/props_foliage/driftwood_clump_03a.mdl'.
22:39:52: Schwarz Kruppzo has spawned 'models/props/de_piranesi/pi_boat_wood.mdl'.
22:39:52: Schwarz Kruppzo has spawned 'models/props/de_piranesi/pi_boat_wood.mdl'.
22:39:53: Schwarz Kruppzo has spawned 'models/props/de_piranesi/pi_boat_wood.mdl'.
22:39:53: Schwarz Kruppzo has spawned 'models/props/de_piranesi/pi_boat_wood.mdl'.
22:39:53: Schwarz Kruppzo has used '/Observer'.
22:39:56: Schwarz Kruppzo has used '/Observer'.
22:39:57: Schwarz Kruppzo has spawned 'models/props_debris/wood_chunk07a.mdl'.
22:39:57: Schwarz Kruppzo has spawned 'models/props_debris/wood_chunk07a.mdl'.
22:40:02: Schwarz Kruppzo has spawned 'models/props_debris/wood_chunk07c.mdl'.
22:40:02: Schwarz Kruppzo has spawned 'models/props_debris/wood_chunk07c.mdl'.
22:40:05: Schwarz Kruppzo has spawned 'models/props_debris/wood_chunk07d.mdl'.
22:40:05: Schwarz Kruppzo has spawned 'models/props_debris/wood_chunk07d.mdl'.
22:40:06: Schwarz Kruppzo has spawned 'models/props_debris/wood_chunk07e.mdl'.
22:40:06: Schwarz Kruppzo has spawned 'models/props_debris/wood_chunk07e.mdl'.
22:40:08: Schwarz Kruppzo has spawned 'models/props_debris/wood_chunk08b.mdl'.
22:40:08: Schwarz Kruppzo has spawned 'models/props_debris/wood_chunk08b.mdl'.
22:40:12: Schwarz Kruppzo has spawned 'models/props_debris/wood_chunk08d.mdl'.
22:40:12: Schwarz Kruppzo has spawned 'models/props_debris/wood_chunk08d.mdl'.
22:40:15: Schwarz Kruppzo has spawned 'models/props_debris/wood_chunk05b.mdl'.
22:40:15: Schwarz Kruppzo has spawned 'models/props_debris/wood_chunk05b.mdl'.
22:40:20: Schwarz Kruppzo has spawned 'models/props_debris/wood_chunk04d.mdl'.
22:40:20: Schwarz Kruppzo has spawned 'models/props_debris/wood_chunk04d.mdl'.
22:40:22: Schwarz Kruppzo has spawned 'models/props_debris/wood_chunk06d.mdl'.
22:40:22: Schwarz Kruppzo has spawned 'models/props_debris/wood_chunk06d.mdl'.
22:40:27: Schwarz Kruppzo has spawned 'models/props_debris/wood_chunk05a.mdl'.
22:40:27: Schwarz Kruppzo has spawned 'models/props_debris/wood_chunk05a.mdl'.
22:40:30: Schwarz Kruppzo has spawned 'models/props_debris/wood_board01a.mdl'.
22:40:30: Schwarz Kruppzo has spawned 'models/props_debris/wood_board01a.mdl'.
22:40:36: Schwarz Kruppzo has spawned 'models/props_debris/wood_chunk03b.mdl'.
22:40:36: Schwarz Kruppzo has spawned 'models/props_debris/wood_chunk03b.mdl'.
22:40:36: Schwarz Kruppzo has used '/Observer'.
22:40:39: Schwarz Kruppzo has spawned 'models/props_debris/wood_board05a.mdl'.
22:40:39: Schwarz Kruppzo has spawned 'models/props_debris/wood_board05a.mdl'.
22:40:41: Schwarz Kruppzo has spawned 'models/props_debris/wood_board06a.mdl'.
22:40:41: Schwarz Kruppzo has spawned 'models/props_debris/wood_board06a.mdl'.
22:40:42: Schwarz Kruppzo has spawned 'models/props_debris/wood_board07a.mdl'.
22:40:42: Schwarz Kruppzo has spawned 'models/props_debris/wood_board07a.mdl'.
22:40:44: Schwarz Kruppzo has spawned 'models/props_debris/wood_chunk01a.mdl'.
22:40:44: Schwarz Kruppzo has spawned 'models/props_debris/wood_chunk01a.mdl'.
22:40:45: Schwarz Kruppzo has spawned 'models/props_debris/wood_board07a.mdl'.
22:40:45: Schwarz Kruppzo has spawned 'models/props_debris/wood_board07a.mdl'.
22:40:48: Schwarz Kruppzo has spawned 'models/props_debris/wood_board03a.mdl'.
22:40:48: Schwarz Kruppzo has spawned 'models/props_debris/wood_board03a.mdl'.
22:40:49: Schwarz Kruppzo has spawned 'models/props_debris/wood_board04a.mdl'.
22:40:49: Schwarz Kruppzo has spawned 'models/props_debris/wood_board04a.mdl'.
22:40:50: Schwarz Kruppzo has spawned 'models/props_debris/wood_board03a.mdl'.
22:40:50: Schwarz Kruppzo has spawned 'models/props_debris/wood_board03a.mdl'.
22:40:51: Schwarz Kruppzo has spawned 'models/props_debris/wood_board01a.mdl'.
22:40:51: Schwarz Kruppzo has spawned 'models/props_debris/wood_board01a.mdl'.
22:40:53: Schwarz Kruppzo has spawned 'models/props_debris/wood_chunk03c.mdl'.
22:40:53: Schwarz Kruppzo has spawned 'models/props_debris/wood_chunk03c.mdl'.
22:40:54: Schwarz Kruppzo has spawned 'models/props_debris/wood_chunk01c.mdl'.
22:40:54: Schwarz Kruppzo has spawned 'models/props_debris/wood_chunk01c.mdl'.
22:40:56: Schwarz Kruppzo has spawned 'models/props_debris/wood_chunk01d.mdl'.
22:40:56: Schwarz Kruppzo has spawned 'models/props_debris/wood_chunk01d.mdl'.
22:40:58: Schwarz Kruppzo has spawned 'models/props_debris/wood_chunk03e.mdl'.
22:40:58: Schwarz Kruppzo has spawned 'models/props_debris/wood_chunk03e.mdl'.
22:41:15: Schwarz Kruppzo has spawned 'models/gibs/furniture_gibs/furniturewooddrawer003a_chunk04.mdl'.
22:41:15: Schwarz Kruppzo has spawned 'models/gibs/furniture_gibs/furniturewooddrawer003a_chunk04.mdl'.
22:41:16: Schwarz Kruppzo has spawned 'models/gibs/furniture_gibs/furniturewooddrawer003a_chunk05.mdl'.
22:41:16: Schwarz Kruppzo has spawned 'models/gibs/furniture_gibs/furniturewooddrawer003a_chunk05.mdl'.
22:41:18: Schwarz Kruppzo has spawned 'models/props/de_inferno/wood_fence_end.mdl'.
22:41:18: Schwarz Kruppzo has spawned 'models/props/de_inferno/wood_fence_end.mdl'.
22:41:21: Schwarz Kruppzo has spawned 'models/props/de_inferno/wood_fence_end.mdl'.
22:41:21: Schwarz Kruppzo has spawned 'models/props/de_inferno/wood_fence_end.mdl'.
22:41:22: Schwarz Kruppzo has used '/Observer'.
22:41:23: Schwarz Kruppzo has used '/Observer'.
22:41:23: Schwarz Kruppzo has used '/Observer'.
22:41:30: Schwarz Kruppzo has spawned 'models/props_debris/wood_chunk07f.mdl'.
22:41:30: Schwarz Kruppzo has spawned 'models/props_debris/wood_chunk07f.mdl'.
22:41:34: Schwarz Kruppzo has spawned 'models/props_debris/wood_chunk07b.mdl'.
22:41:34: Schwarz Kruppzo has spawned 'models/props_debris/wood_chunk07b.mdl'.
22:41:35: Schwarz Kruppzo has used '/Observer'.
22:41:36: Schwarz Kruppzo has used '/Observer'.
22:41:52: Schwarz Kruppzo has spawned 'models/props/de_prodigy/wood_pallet_debris_10.mdl'.
22:41:52: Schwarz Kruppzo has spawned 'models/props/de_prodigy/wood_pallet_debris_10.mdl'.
22:41:53: Schwarz Kruppzo has spawned 'models/props/de_prodigy/wood_pallet_debris_09.mdl'.
22:41:53: Schwarz Kruppzo has spawned 'models/props/de_prodigy/wood_pallet_debris_09.mdl'.
22:41:57: Schwarz Kruppzo has used '/Observer'.
22:41:58: Schwarz Kruppzo has used '/Observer'.
22:41:58: Schwarz Kruppzo has spawned 'models/props/de_prodigy/wood_pallet_01.mdl'.
22:41:58: Schwarz Kruppzo has spawned 'models/props/de_prodigy/wood_pallet_01.mdl'.
22:42:05: Schwarz Kruppzo has spawned 'models/props/cs_militia/bathroomwallhole01_wood_broken.mdl'.
22:42:05: Schwarz Kruppzo has spawned 'models/props/cs_militia/bathroomwallhole01_wood_broken.mdl'.
22:42:08: Schwarz Kruppzo has spawned 'models/props/cs_militia/bathroomwallhole01_wood_broken_01.mdl'.
22:42:08: Schwarz Kruppzo has spawned 'models/props/cs_militia/bathroomwallhole01_wood_broken_01.mdl'.
22:42:14: Schwarz Kruppzo has spawned 'models/props/cs_militia/bathroomwallhole01_wood_broken_02.mdl'.
22:42:14: Schwarz Kruppzo has spawned 'models/props/cs_militia/bathroomwallhole01_wood_broken_02.mdl'.
22:42:16: Schwarz Kruppzo has spawned 'models/props/cs_militia/fencewoodlog01_short.mdl'.
22:42:16: Schwarz Kruppzo has spawned 'models/props/cs_militia/fencewoodlog01_short.mdl'.
22:42:19: Schwarz Kruppzo has used '/Observer'.
22:42:19: Schwarz Kruppzo has used '/Observer'.
22:42:20: Schwarz Kruppzo has used '/Observer'.
23:00:10: [EoAsm] SchwarzKruppzo (STEAM_0:1:44629398) has connected.
23:00:49: [EoAsm] SchwarzKruppzo has loaded the character 'Schwarz Kruppzo'.
23:00:51: Schwarz Kruppzo has used '/Observer'.
23:00:52: Schwarz Kruppzo has used '/Observer'.
23:00:53: Schwarz Kruppzo has used '/Observer'.
23:00:54: Schwarz Kruppzo has used '/Observer'.
23:00:54: Schwarz Kruppzo has used '/Observer'.
23:00:54: Schwarz Kruppzo has used '/Observer'.
23:00:55: Schwarz Kruppzo has used '/Observer'.
23:00:58: Schwarz Kruppzo has used '/Observer'.
23:01:04: Schwarz Kruppzo has used '/Observer'.
23:01:12: Schwarz Kruppzo has used '/Observer'.
23:08:26: Schwarz Kruppzo has used '/Observer'.
23:08:30: Schwarz Kruppzo has used '/Observer'.
23:10:50: Schwarz Kruppzo has gained a 9mm Pistol Bullets 1449432651.
23:10:50: Schwarz Kruppzo has used '/CharGiveItem sch pistol'.
23:29:12: [EoAsm] SchwarzKruppzo (STEAM_0:1:44629398) has connected.
23:29:53: [EoAsm] SchwarzKruppzo has loaded the character 'Schwarz Kruppzo'.
23:29:56: Schwarz Kruppzo has used '/Observer'.
23:29:56: Schwarz Kruppzo has used '/Observer'.
23:29:56: Schwarz Kruppzo has used '/Observer'.
23:30:01: Schwarz Kruppzo has used '/Observer'.
23:30:02: Schwarz Kruppzo has used '/Observer'.
23:30:10: Schwarz Kruppzo has used '/Observer'.
23:31:23: Schwarz Kruppzo has used '/Observer'.
23:32:27: Schwarz Kruppzo has spawned 'models/props_c17/consolebox05a.mdl'.
23:32:27: Schwarz Kruppzo has spawned 'models/props_c17/consolebox05a.mdl'.
23:32:50: Schwarz Kruppzo has used '/Observer'.
23:32:51: Schwarz Kruppzo has spawned 'models/props_lab/reciever01c.mdl'.
23:32:51: Schwarz Kruppzo has spawned 'models/props_lab/reciever01c.mdl'.
23:32:52: Schwarz Kruppzo has used '/Observer'.
23:33:02: Schwarz Kruppzo has spawned 'models/props_lab/reciever01a.mdl'.
23:33:02: Schwarz Kruppzo has spawned 'models/props_lab/reciever01a.mdl'.
23:33:13: Schwarz Kruppzo has spawned 'models/props_lab/reciever01b.mdl'.
23:33:13: Schwarz Kruppzo has spawned 'models/props_lab/reciever01b.mdl'.
23:33:16: Schwarz Kruppzo has spawned 'models/props_lab/reciever01a.mdl'.
23:33:16: Schwarz Kruppzo has spawned 'models/props_lab/reciever01a.mdl'.
23:33:20: Schwarz Kruppzo has used '/Observer'.
23:33:21: Schwarz Kruppzo has used '/Observer'.
23:33:21: Schwarz Kruppzo has used '/Observer'.
23:33:23: Schwarz Kruppzo has used '/Observer'.
23:33:23: Schwarz Kruppzo has used '/Observer'.
23:33:24: Schwarz Kruppzo has used '/Observer'.
23:33:24: Schwarz Kruppzo has used '/Observer'.
23:33:25: Schwarz Kruppzo has used '/Observer'.
23:33:26: Schwarz Kruppzo has used '/Observer'.
23:33:26: Schwarz Kruppzo has taken 71 damage from worldspawn, leaving them at 29 health!
23:33:27: Schwarz Kruppzo has used '/Observer'.
23:33:27: Schwarz Kruppzo has used '/Observer'.
23:33:29: Schwarz Kruppzo has used '/Observer'.
23:33:29: Schwarz Kruppzo has used '/Observer'.
23:33:29: Schwarz Kruppzo has used '/Observer'.
23:33:29: Schwarz Kruppzo has used '/Observer'.
23:33:36: Schwarz Kruppzo has used '/Observer'.
23:33:36: Schwarz Kruppzo has used '/Observer'.
23:33:37: Schwarz Kruppzo has used '/Observer'.
23:33:38: Schwarz Kruppzo has used '/Observer'.
23:33:39: Schwarz Kruppzo has used '/Observer'.
23:33:40: Schwarz Kruppzo has used '/Observer'.
23:33:41: Schwarz Kruppzo has used '/Observer'.
23:33:41: Schwarz Kruppzo has used '/Observer'.
23:33:42: Schwarz Kruppzo has used '/Observer'.
23:33:42: Schwarz Kruppzo has used '/Observer'.
23:33:43: Schwarz Kruppzo has used '/Observer'.
23:33:43: Schwarz Kruppzo has used '/Observer'.
23:33:44: Schwarz Kruppzo has used '/Observer'.
23:33:44: Schwarz Kruppzo has used '/Observer'.
23:33:45: Schwarz Kruppzo has used '/Observer'.
23:33:46: Schwarz Kruppzo has used '/Observer'.
23:33:46: Schwarz Kruppzo has used '/Observer'.
23:33:46: Schwarz Kruppzo has used '/Observer'.
23:33:47: Schwarz Kruppzo has used '/Observer'.
23:33:47: Schwarz Kruppzo has used '/Observer'.
23:33:47: Schwarz Kruppzo has used '/Observer'.
23:33:48: Schwarz Kruppzo has used '/Observer'.
23:33:48: Schwarz Kruppzo has used '/Observer'.
23:33:48: Schwarz Kruppzo has used '/Observer'.
23:33:49: Schwarz Kruppzo has used '/Observer'.
23:33:50: Schwarz Kruppzo has used '/Observer'.
23:33:52: Schwarz Kruppzo has used '/Observer'.
23:33:52: Schwarz Kruppzo has used '/Observer'.
23:33:52: Schwarz Kruppzo has used '/Observer'.
23:38:06: Schwarz Kruppzo has used '/Observer'.
23:38:06: Schwarz Kruppzo has used '/Observer'.
23:38:07: Schwarz Kruppzo has used '/Observer'.
23:38:07: Schwarz Kruppzo has used '/Observer'.
23:38:08: Schwarz Kruppzo has used '/Observer'.
23:38:09: Schwarz Kruppzo has used '/Observer'.
23:38:09: Schwarz Kruppzo has used '/Observer'.
23:38:11: Schwarz Kruppzo has used '/Observer'.
23:39:46: Schwarz Kruppzo has used '/Observer'.
23:39:47: Schwarz Kruppzo has used '/Observer'.
23:39:47: Schwarz Kruppzo has used '/Observer'.
23:39:48: Schwarz Kruppzo has used '/Observer'.
23:39:48: Schwarz Kruppzo has used '/Observer'.
23:39:51: Schwarz Kruppzo has used '/Observer'.
23:39:51: Schwarz Kruppzo has used '/Observer'.
23:39:53: Schwarz Kruppzo has used '/Observer'.
23:39:54: Schwarz Kruppzo has used '/Observer'.
23:39:56: Schwarz Kruppzo has used '/Observer'.
23:39:56: Schwarz Kruppzo has used '/Observer'.
23:39:57: Schwarz Kruppzo has used '/Observer'.
23:39:59: Schwarz Kruppzo has used '/Observer'.
23:40:00: Schwarz Kruppzo has used '/Observer'.
23:40:00: Schwarz Kruppzo has used '/Observer'.
23:40:02: Schwarz Kruppzo has used '/Observer'.
23:40:03: Schwarz Kruppzo has used '/Observer'.
23:40:04: Schwarz Kruppzo has used '/Observer'.
23:40:04: Schwarz Kruppzo has used '/Observer'.
23:40:04: Schwarz Kruppzo has used '/Observer'.
23:40:05: Schwarz Kruppzo has used '/Observer'.
23:40:05: Schwarz Kruppzo has used '/Observer'.
23:40:05: Schwarz Kruppzo has used '/Observer'.
23:40:08: Schwarz Kruppzo has used '/Observer'.
23:40:09: Schwarz Kruppzo has used '/Observer'.
23:40:10: Schwarz Kruppzo has used '/Observer'.
23:40:11: Schwarz Kruppzo has used '/Observer'.
23:40:11: Schwarz Kruppzo has used '/Observer'.
23:40:11: Schwarz Kruppzo has used '/Observer'.
23:40:12: Schwarz Kruppzo has used '/Observer'.
23:40:12: Schwarz Kruppzo has used '/Observer'.
23:40:15: Schwarz Kruppzo has used '/Observer'.
23:40:15: Schwarz Kruppzo has used '/Observer'.
23:40:16: Schwarz Kruppzo has used '/Observer'.
23:40:16: Schwarz Kruppzo has used '/Observer'.
23:40:16: Schwarz Kruppzo has used '/Observer'.
23:40:30: Schwarz Kruppzo has used '/Observer'.
23:40:31: Schwarz Kruppzo has used '/Observer'.
23:40:32: Schwarz Kruppzo has used '/Observer'.
23:40:32: Schwarz Kruppzo has used '/Observer'.
23:40:33: Schwarz Kruppzo has used '/Observer'.
23:40:33: Schwarz Kruppzo has used '/Observer'.
23:41:36: Schwarz Kruppzo has used '/Observer'.
23:41:37: Schwarz Kruppzo has used '/Observer'.
23:41:37: Schwarz Kruppzo has used '/Observer'.
23:41:40: Schwarz Kruppzo has used '/Observer'.
23:41:40: Schwarz Kruppzo has used '/Observer'.
23:41:42: Schwarz Kruppzo has used '/Observer'.
23:41:42: Schwarz Kruppzo has used '/Observer'.
23:41:43: Schwarz Kruppzo has used '/Observer'.
23:41:43: Schwarz Kruppzo has used '/Observer'.
23:41:44: Schwarz Kruppzo has used '/Observer'.
23:41:44: Schwarz Kruppzo has used '/Observer'.
23:41:45: Schwarz Kruppzo has used '/Observer'.
23:41:48: Schwarz Kruppzo has spawned 'models/props_lab/partsbin01.mdl'.
23:41:48: Schwarz Kruppzo has spawned 'models/props_lab/partsbin01.mdl'.
23:41:53: Schwarz Kruppzo has used '/Observer'.
23:41:54: Schwarz Kruppzo has used '/Observer'.
23:41:54: Schwarz Kruppzo has used '/Observer'.
23:41:55: Schwarz Kruppzo has used '/Observer'.
23:41:55: Schwarz Kruppzo has used '/Observer'.
23:41:56: Schwarz Kruppzo has used '/Observer'.
23:41:56: Schwarz Kruppzo has used '/Observer'.
23:41:57: Schwarz Kruppzo has used '/Observer'.
23:41:57: Schwarz Kruppzo has used '/Observer'.
23:41:58: Schwarz Kruppzo has used '/Observer'.
23:41:58: Schwarz Kruppzo has used '/Observer'.
23:41:59: Schwarz Kruppzo has used '/Observer'.
23:42:00: Schwarz Kruppzo has used '/Observer'.
23:42:01: Schwarz Kruppzo has used '/Observer'.
23:42:02: Schwarz Kruppzo has used '/Observer'.
23:42:02: Schwarz Kruppzo has used '/Observer'.
23:42:03: Schwarz Kruppzo has used '/Observer'.
23:42:03: Schwarz Kruppzo has used '/Observer'.
23:42:04: Schwarz Kruppzo has used '/Observer'.
23:42:05: Schwarz Kruppzo has used '/Observer'.
23:42:06: Schwarz Kruppzo has used '/Observer'.
23:42:06: Schwarz Kruppzo has used '/Observer'.
23:42:06: Schwarz Kruppzo has used '/Observer'.
23:42:07: Schwarz Kruppzo has used '/Observer'.
23:42:08: Schwarz Kruppzo has used '/Observer'.
23:42:09: Schwarz Kruppzo has used '/Observer'.
23:42:09: Schwarz Kruppzo has used '/Observer'.
23:42:10: Schwarz Kruppzo has used '/Observer'.
23:42:10: Schwarz Kruppzo has used '/Observer'.
23:42:12: Schwarz Kruppzo has used '/Observer'.
23:42:12: Schwarz Kruppzo has used '/Observer'.
23:42:14: Schwarz Kruppzo has used '/Observer'.
23:42:14: Schwarz Kruppzo has used '/Observer'.
23:42:15: Schwarz Kruppzo has used '/Observer'.
23:42:15: Schwarz Kruppzo has used '/Observer'.
23:42:16: Schwarz Kruppzo has used '/Observer'.
23:42:16: Schwarz Kruppzo has used '/Observer'.
23:42:18: Schwarz Kruppzo has used '/Observer'.
23:42:18: Schwarz Kruppzo has used '/Observer'.
23:42:20: Schwarz Kruppzo has used '/Observer'.
23:42:21: Schwarz Kruppzo has used '/Observer'.
23:42:22: Schwarz Kruppzo has used '/Observer'.
23:42:22: Schwarz Kruppzo has used '/Observer'.
23:42:22: Schwarz Kruppzo has used '/Observer'.
23:42:23: Schwarz Kruppzo has used '/Observer'.
23:42:23: Schwarz Kruppzo has used '/Observer'.
23:42:23: Schwarz Kruppzo has used '/Observer'.
23:42:26: Schwarz Kruppzo has used '/Observer'.
23:42:27: Schwarz Kruppzo has used '/Observer'.
23:42:29: Schwarz Kruppzo has used '/Observer'.
23:42:29: Schwarz Kruppzo has used '/Observer'.
23:42:30: Schwarz Kruppzo has used '/Observer'.
23:42:30: Schwarz Kruppzo has used '/Observer'.
23:42:33: Schwarz Kruppzo has used '/Observer'.
23:42:33: Schwarz Kruppzo has used '/Observer'.
23:42:34: Schwarz Kruppzo has used '/Observer'.
23:42:35: Schwarz Kruppzo has used '/Observer'.
23:42:36: Schwarz Kruppzo has used '/Observer'.
23:42:36: Schwarz Kruppzo has used '/Observer'.
23:42:39: Schwarz Kruppzo has used '/Observer'.
23:42:39: Schwarz Kruppzo has used '/Observer'.
23:42:40: Schwarz Kruppzo has used '/Observer'.
23:42:43: Schwarz Kruppzo has used '/Observer'.
23:42:55: Schwarz Kruppzo has used '/Observer'.
23:42:55: Schwarz Kruppzo has used '/Observer'.
23:42:56: Schwarz Kruppzo has used '/Observer'.
23:42:56: Schwarz Kruppzo has used '/Observer'.
23:42:56: Schwarz Kruppzo has used '/Observer'.
23:42:57: Schwarz Kruppzo has used '/Observer'.
23:42:57: Schwarz Kruppzo has used '/Observer'.
23:42:57: Schwarz Kruppzo has used '/Observer'.
23:42:58: Schwarz Kruppzo has used '/Observer'.
23:55:17: [EoAsm] SchwarzKruppzo (STEAM_0:1:44629398) has connected.
23:56:17: [EoAsm] SchwarzKruppzo has loaded the character 'Schwarz Kruppzo'.
23:58:10: Schwarz Kruppzo has used '/Observer'.
23:58:11: Schwarz Kruppzo has used '/Observer'.
23:58:12: Schwarz Kruppzo has used '/Observer'.
23:58:12: Schwarz Kruppzo has used '/Observer'.
23:58:13: Schwarz Kruppzo has used '/Observer'.
23:58:13: Schwarz Kruppzo has used '/Observer'.
23:58:14: Schwarz Kruppzo has used '/Observer'.
23:58:14: Schwarz Kruppzo has used '/Observer'.
23:58:15: Schwarz Kruppzo has used '/Observer'.
23:58:15: Schwarz Kruppzo has used '/Observer'.
23:58:16: Schwarz Kruppzo has used '/Observer'.
23:58:16: Schwarz Kruppzo has used '/Observer'.
23:58:17: Schwarz Kruppzo has used '/Observer'.
23:58:17: Schwarz Kruppzo has used '/Observer'.
23:58:18: Schwarz Kruppzo has used '/Observer'.
23:58:18: Schwarz Kruppzo has used '/Observer'.
23:58:19: Schwarz Kruppzo has used '/Observer'.
23:58:19: Schwarz Kruppzo has used '/Observer'.
23:58:20: Schwarz Kruppzo has used '/Observer'.
23:58:21: Schwarz Kruppzo has used '/Observer'.
23:58:21: Schwarz Kruppzo has used '/Observer'.
23:58:21: Schwarz Kruppzo has used '/Observer'.
23:58:22: Schwarz Kruppzo has used '/Observer'.
23:58:23: Schwarz Kruppzo has used '/Observer'.
23:58:23: Schwarz Kruppzo has used '/Observer'.
23:58:23: Schwarz Kruppzo has used '/Observer'.
23:58:24: Schwarz Kruppzo has used '/Observer'.
23:58:24: Schwarz Kruppzo has used '/Observer'.
23:58:25: Schwarz Kruppzo has used '/Observer'.
23:58:25: Schwarz Kruppzo has used '/Observer'.
23:58:26: Schwarz Kruppzo has used '/Observer'.
23:58:26: Schwarz Kruppzo has used '/Observer'.
23:58:27: Schwarz Kruppzo has used '/Observer'.
23:58:27: Schwarz Kruppzo has used '/Observer'.
23:58:27: Schwarz Kruppzo has used '/Observer'.
23:58:28: Schwarz Kruppzo has used '/Observer'.
23:58:28: Schwarz Kruppzo has used '/Observer'.
23:58:28: Schwarz Kruppzo has used '/Observer'.
23:58:29: Schwarz Kruppzo has used '/Observer'.
23:58:29: Schwarz Kruppzo has used '/Observer'.
23:58:30: Schwarz Kruppzo has used '/Observer'.
23:58:30: Schwarz Kruppzo has used '/Observer'.
23:58:32: Schwarz Kruppzo has used '/Observer'.
23:58:32: Schwarz Kruppzo has used '/Observer'.
23:58:33: Schwarz Kruppzo has used '/Observer'.
23:58:33: Schwarz Kruppzo has used '/Observer'.
23:58:34: Schwarz Kruppzo has used '/Observer'.
23:58:34: Schwarz Kruppzo has used '/Observer'.
23:58:36: Schwarz Kruppzo has used '/Observer'.
23:58:36: Schwarz Kruppzo has used '/Observer'.
23:58:37: Schwarz Kruppzo has used '/Observer'.
23:58:37: Schwarz Kruppzo has used '/Observer'.
23:58:38: Schwarz Kruppzo has used '/Observer'.
23:58:38: Schwarz Kruppzo has used '/Observer'.
23:58:39: Schwarz Kruppzo has used '/Observer'.
23:58:39: Schwarz Kruppzo has used '/Observer'.
23:58:40: Schwarz Kruppzo has used '/Observer'.
23:58:41: Schwarz Kruppzo has used '/Observer'.
23:58:41: Schwarz Kruppzo has used '/Observer'.
23:58:41: Schwarz Kruppzo has used '/Observer'.
23:58:42: Schwarz Kruppzo has used '/Observer'.
23:58:43: Schwarz Kruppzo has used '/Observer'.
23:58:43: Schwarz Kruppzo has used '/Observer'.
23:58:43: Schwarz Kruppzo has used '/Observer'.
23:58:46: Schwarz Kruppzo has used '/Observer'.
23:58:47: Schwarz Kruppzo has used '/Observer'.
23:58:48: Schwarz Kruppzo has used '/Observer'.
23:58:48: Schwarz Kruppzo has used '/Observer'.
23:58:51: Schwarz Kruppzo has used '/Observer'.
23:58:52: Schwarz Kruppzo has used '/Observer'.
