13:37:46: [EoAsm] SchwarzKruppzo (STEAM_0:1:44629398) has connected.
13:38:26: [EoAsm] SchwarzKruppzo has loaded the character 'Memes'.
13:38:33: Memes has used '/Observer'.
13:38:34: Memes has used '/Observer'.
13:38:35: Memes has used '/Observer'.
13:38:36: Memes has used '/Observer'.
13:40:59: Memes has used '/Observer'.
13:41:03: Memes has used '/Observer'.
13:41:04: Memes has used '/Observer'.
13:41:06: Memes has used '/Observer'.
13:41:06: Memes has used '/Observer'.
13:41:07: Memes has used '/Observer'.
13:41:08: Memes has used '/Observer'.
13:41:09: Memes has used '/Observer'.
13:41:09: Memes has used '/Observer'.
13:41:09: Memes has used '/Observer'.
13:41:10: Memes has used '/Observer'.
13:41:10: Memes has used '/Observer'.
13:41:15: Memes has used '/Observer'.
13:41:44: Memes has used '/StaticRemove'.
13:41:53: Memes has used '/Observer'.
13:41:53: Memes has used '/Observer'.
13:41:54: Memes has used '/StaticAdd'.
13:42:01: Memes has used '/Observer'.
13:42:11: Memes (STEAM_0:1:44629398) has disconnected.
13:46:00: [EoAsm] SchwarzKruppzo (STEAM_0:1:44629398) has connected.
13:47:12: [EoAsm] SchwarzKruppzo has loaded the character 'Memes'.
13:47:23: Memes has used '/Observer'.
13:47:25: Memes has used '/Observer'.
13:47:28: Memes has used '/Observer'.
13:52:56: Memes (STEAM_0:1:44629398) has disconnected.
13:57:55: [EoAsm] SchwarzKruppzo (STEAM_0:1:44629398) has connected.
13:59:12: [EoAsm] SchwarzKruppzo has loaded the character 'Memes'.
13:59:52: Memes has used '/CharSearch'.
13:59:55: Memes has used '/CharSearch'.
13:59:56: Memes has used '/Observer'.
13:59:56: Memes has used '/Observer'.
13:59:57: Memes has used '/Observer'.
14:00:05: Memes has used '/Observer'.
14:00:06: Memes has used '/Observer'.
14:00:11: Memes has used '/Observer'.
14:00:13: Memes has used '/Observer'.
14:00:19: Memes has used '/Observer'.
14:00:39: Memes has used '/DropTokens 100'.
14:01:04: Memes has used '/SetTokens meme 1000'.
14:01:12: Memes has used '/DropTokens 100'.
14:01:16: Memes has used '/DropTokens 100'.
14:01:17: Memes has used '/DropTokens 100'.
14:01:19: Memes has used '/DropTokens 100'.
14:01:21: Memes has used '/DropTokens 100'.
14:01:25: Memes has used '/DropTokens 100'.
14:01:40: Memes has used '/DropTokens 100'.
14:01:40: Memes has used '/DropTokens 100'.
14:01:41: Memes has used '/DropTokens 100'.
14:01:41: Memes has used '/DropTokens 100'.
14:01:41: Memes has used '/DropTokens 100'.
14:01:41: Memes has used '/DropTokens 100'.
14:01:41: Memes has used '/DropTokens 100'.
14:01:42: Memes has used '/DropTokens 100'.
14:01:42: Memes has used '/DropTokens 100'.
14:01:42: Memes has used '/DropTokens 100'.
14:01:42: Memes has used '/DropTokens 100'.
14:01:42: Memes has used '/DropTokens 100'.
14:01:42: Memes has used '/DropTokens 100'.
14:01:43: Memes has used '/DropTokens 100'.
14:01:43: Memes has used '/DropTokens 100'.
14:01:43: Memes has used '/DropTokens 100'.
14:01:43: Memes has used '/DropTokens 100'.
14:01:43: Memes has used '/DropTokens 100'.
14:01:45: Memes has used '/DropTokens 100'.
14:01:45: Memes has used '/DropTokens 100'.
14:01:45: Memes has used '/DropTokens 100'.
14:01:45: Memes has used '/DropTokens 100'.
14:01:46: Memes has used '/DropTokens 100'.
14:01:46: Memes has used '/DropTokens 100'.
14:01:46: Memes has used '/DropTokens 100'.
14:01:46: Memes has used '/DropTokens 100'.
14:01:46: Memes has used '/DropTokens 100'.
14:01:47: Memes has used '/DropTokens 100'.
14:01:47: Memes has used '/DropTokens 100'.
14:01:47: Memes has used '/DropTokens 100'.
14:01:47: Memes has used '/DropTokens 100'.
14:01:47: Memes has used '/DropTokens 100'.
14:01:47: Memes has used '/DropTokens 100'.
14:01:48: Memes has used '/DropTokens 100'.
14:01:48: Memes has used '/DropTokens 100'.
14:01:48: Memes has used '/DropTokens 100'.
14:01:48: Memes has used '/DropTokens 100'.
14:01:48: Memes has used '/DropTokens 100'.
14:02:03: Memes has used '/Observer'.
14:02:04: Memes has used '/Observer'.
14:02:05: Memes has used '/Observer'.
14:02:05: Memes has used '/Observer'.
14:02:06: Memes has used '/Observer'.
14:02:09: Memes has used '/Observer'.
14:02:09: Memes has used '/Observer'.
14:02:10: Memes has used '/Observer'.
14:02:10: Memes has used '/Observer'.
14:02:11: Memes has used '/Observer'.
14:02:12: Memes has used '/Observer'.
14:02:14: Memes has used '/Observer'.
14:02:14: Memes has used '/Observer'.
14:02:15: Memes has used '/Observer'.
14:02:16: Memes has used '/Observer'.
14:02:21: Memes has used '/Observer'.
14:02:24: Memes has used '/Observer'.
14:02:25: Memes has used '/Observer'.
14:02:25: Memes has used '/Observer'.
14:02:26: Memes has used '/Observer'.
14:02:27: Memes has used '/Observer'.
14:02:28: Memes has used '/Observer'.
14:02:28: Memes has used '/Observer'.
14:02:28: Memes has used '/Observer'.
14:02:29: Memes has used '/Observer'.
14:02:30: Memes has used '/Observer'.
14:02:31: Memes has used '/Observer'.
14:02:31: Memes has used '/Observer'.
14:02:43: Memes has used '/Observer'.
14:02:43: Memes has used '/Observer'.
14:02:44: Memes has used '/Observer'.
14:02:46: Memes has used '/Observer'.
14:03:07: Memes has gained a 9mm Pistol Bullets 1448794989.
14:03:07: Memes has used '/CharGiveItem meme 9mm'.
14:03:11: Memes has gained a 9mm Pistol Bullets 1448794994.
14:03:11: Memes has used '/CharGiveItem meme pistol'.
14:03:19: Memes has gained a USP Match 1448795003.
14:03:19: Memes has used '/CharGiveItem meme sxbase_uspmatch'.
14:03:23: Memes has lost a USP Match 1448795003.
14:03:23: Memes has used '/InvAction use sxbase_uspmatch 1448795003.00'.
14:04:09: Memes has used '/Observer'.
14:04:09: Memes has used '/Observer'.
14:04:10: Memes has used '/Observer'.
14:04:10: Memes has used '/Observer'.
14:04:11: Memes has used '/Observer'.
14:04:11: Memes has used '/Observer'.
14:04:12: Memes has used '/Observer'.
14:04:12: Memes has used '/Observer'.
14:04:14: Memes has used '/Observer'.
14:04:14: Memes has used '/Observer'.
14:04:14: Memes has used '/Observer'.
14:04:15: Memes has used '/Observer'.
14:04:16: Memes has used '/Observer'.
14:04:16: Memes has used '/Observer'.
14:04:17: Memes has used '/Observer'.
14:04:18: Memes has used '/Observer'.
14:04:19: Memes has used '/Observer'.
14:04:19: Memes has used '/Observer'.
14:04:20: Memes has used '/Observer'.
14:04:21: Memes has used '/Observer'.
14:04:21: Memes has used '/Observer'.
14:04:21: Memes has used '/Observer'.
14:04:22: Memes has used '/Observer'.
14:04:22: Memes has used '/Observer'.
14:04:23: Memes has used '/Observer'.
14:04:25: Memes has used '/Observer'.
14:04:25: Memes has used '/Observer'.
14:04:25: Memes has used '/Observer'.
14:04:26: Memes has used '/Observer'.
14:04:26: Memes has used '/Observer'.
14:04:27: Memes has used '/Observer'.
14:04:28: Memes has used '/Observer'.
14:04:28: Memes has used '/Observer'.
14:04:28: Memes has used '/Observer'.
14:04:29: Memes has used '/Observer'.
14:04:29: Memes has used '/Observer'.
14:04:30: Memes has used '/Observer'.
14:04:30: Memes has used '/Observer'.
14:04:32: Memes (STEAM_0:1:44629398) has disconnected.
16:07:56: [EoAsm] SchwarzKruppzo (STEAM_0:1:44629398) has connected.
16:09:16: [EoAsm] SchwarzKruppzo has loaded the character 'Memes'.
16:11:18: Memes (STEAM_0:1:44629398) has disconnected.
16:14:38: [EoAsm] SchwarzKruppzo (STEAM_0:1:44629398) has connected.
16:15:36: [EoAsm] SchwarzKruppzo has loaded the character 'Memes'.
16:21:42: Memes has used '/Observer'.
16:21:46: Memes has used '/Observer'.
16:21:47: Memes has used '/Observer'.
16:21:48: Memes has used '/Observer'.
16:21:48: Memes has used '/Observer'.
16:21:49: Memes has used '/Observer'.
16:21:50: Memes has used '/Observer'.
16:21:53: Memes says: "ввввввввввввввввввввввввввввввввв"
16:23:26: Memes says: "ффффффффффффффффффффффффффффффффффффффффффффффффффффффффффффффффффффффффффффффффффффффффффффффффффффффффф"
16:26:53: Memes has used '/Observer'.
16:26:53: Memes has used '/Observer'.
16:26:54: Memes has used '/Observer'.
16:26:55: Memes has used '/Observer'.
16:26:56: Memes has used '/Observer'.
16:26:56: Memes has used '/Observer'.
16:49:17: [EoAsm] SchwarzKruppzo (STEAM_0:1:44629398) has connected.
16:50:31: [EoAsm] SchwarzKruppzo has loaded the character 'Memes'.
16:55:48: [EoAsm] SchwarzKruppzo (STEAM_0:1:44629398) has connected.
16:57:02: [EoAsm] SchwarzKruppzo has loaded the character 'KekcKekcKekcKekcKekcKekcKekcKekcKekcKekc'.
16:57:11: KekcKekcKekcKekcKekcKekcKekcKekcKekcKekc has used '/Observer'.
16:57:20: KekcKekcKekcKekcKekcKekcKekcKekcKekcKekc has used '/Observer'.
16:57:20: KekcKekcKekcKekcKekcKekcKekcKekcKekcKekc has lost a Suitcase 1448200739.
16:57:20: worldspawn has dealt 388 damage to KekcKekcKekcKekcKekcKekcKekcKekcKekcKekc, killing them!
17:02:24: [EoAsm] SchwarzKruppzo (STEAM_0:1:44629398) has connected.
17:03:46: [EoAsm] SchwarzKruppzo has loaded the character 'Schwarz Kruppzo'.
17:03:47: Schwarz Kruppzo has used '/CharVoiceDesc'.
17:03:51: Schwarz Kruppzo has used '/CharVoiceDesc dsadasdasdadasdadsdasdadas'.
17:03:56: Schwarz Kruppzo has used '/Observer'.
17:04:05: Schwarz Kruppzo has used '/Observer'.
17:04:05: Schwarz Kruppzo has taken 87 damage from worldspawn, leaving them at 13 health!
17:04:05: Schwarz Kruppzo has used '/Observer'.
17:04:07: Schwarz Kruppzo has used '/Observer'.
17:04:08: worldspawn has dealt 249 damage to Schwarz Kruppzo, killing them!
17:04:30: Schwarz Kruppzo has used '/Observer'.
17:04:40: Schwarz Kruppzo has used '/PKModeOn 60'.
17:04:45: Schwarz Kruppzo has used '/Observer'.
17:04:45: worldspawn has dealt 331 damage to Schwarz Kruppzo, killing them!
17:10:04: [EoAsm] SchwarzKruppzo (STEAM_0:1:44629398) has connected.
17:11:06: [EoAsm] SchwarzKruppzo has loaded the character 'Schwarz Kruppzo'.
17:11:08: Schwarz Kruppzo has used '/Observer'.
17:11:11: Schwarz Kruppzo has used '/Observer'.
17:11:12: Schwarz Kruppzo has used '/Observer'.
17:11:23: Schwarz Kruppzo has used '/PKModeOn 111'.
17:11:27: Schwarz Kruppzo has used '/Observer'.
17:11:28: worldspawn has dealt 185 damage to Schwarz Kruppzo, killing them!
17:42:29: [EoAsm] SchwarzKruppzo (STEAM_0:1:44629398) has connected.
17:43:51: [EoAsm] SchwarzKruppzo has loaded the character 'Schwarz Kruppzo'.
17:44:26: Schwarz Kruppzo has used '/Observer'.
17:44:27: Schwarz Kruppzo has used '/Observer'.
17:44:27: Schwarz Kruppzo has used '/Observer'.
17:44:38: Schwarz Kruppzo has used '/Observer'.
17:44:40: Schwarz Kruppzo has used '/Observer'.
17:44:40: Schwarz Kruppzo has used '/Observer'.
17:44:41: Schwarz Kruppzo has used '/Observer'.
17:44:42: Schwarz Kruppzo has used '/Observer'.
17:44:42: Schwarz Kruppzo has used '/Observer'.
17:44:44: Schwarz Kruppzo has used '/Observer'.
17:44:44: Schwarz Kruppzo has used '/Observer'.
17:44:44: Schwarz Kruppzo has used '/Observer'.
17:44:45: Schwarz Kruppzo has used '/Observer'.
17:44:46: Schwarz Kruppzo has used '/Observer'.
17:44:46: Schwarz Kruppzo has used '/Observer'.
17:44:47: Schwarz Kruppzo has used '/Observer'.
17:44:47: Schwarz Kruppzo has used '/Observer'.
17:44:50: Schwarz Kruppzo has used '/Observer'.
17:44:50: Schwarz Kruppzo has used '/Observer'.
17:44:50: Schwarz Kruppzo has used '/Observer'.
17:44:51: Schwarz Kruppzo has used '/Observer'.
17:44:51: Schwarz Kruppzo has used '/Observer'.
17:44:53: Schwarz Kruppzo has used '/Observer'.
17:44:53: Schwarz Kruppzo has used '/Observer'.
17:44:54: Schwarz Kruppzo has used '/Observer'.
17:45:04: Schwarz Kruppzo has used '/Observer'.
17:45:13: Schwarz Kruppzo has used '/CharGiveItem sch combine_lock'.
17:45:21: Schwarz Kruppzo has used '/CharGiveFlags schwa G'.
17:45:23: Schwarz Kruppzo has used '/CharGiveItem sch combine_lock'.
17:45:26: Schwarz Kruppzo has gained a Combine Lock 1448808327.
17:45:26: Schwarz Kruppzo has used '/CharGiveItem sch combine_lock_1'.
17:45:29: Schwarz Kruppzo has lost a Combine Lock 1448808327.
17:45:29: Schwarz Kruppzo has used '/InvAction drop combine_lock_1 1448808327.00'.
17:45:32: Schwarz Kruppzo has gained a Combine Lock 1448808327.
17:45:34: Schwarz Kruppzo has used '/InvAction use combine_lock_1 1448808327.00'.
17:45:35: Schwarz Kruppzo has lost a Combine Lock 1448808327.
17:45:35: Schwarz Kruppzo has used '/InvAction drop combine_lock_1 1448808327.00'.
17:45:37: Schwarz Kruppzo has gained a Combine Lock 1448808327.
17:45:37: Schwarz Kruppzo has used '/InvAction use combine_lock_1 1448808327'.
17:45:37: Schwarz Kruppzo has lost a Combine Lock 1448808327.
17:45:40: Schwarz Kruppzo has gained a Combine Lock 1448808327.
17:45:42: Schwarz Kruppzo has lost a Combine Lock 1448808327.
17:45:42: Schwarz Kruppzo has used '/InvAction drop combine_lock_1 1448808327.00'.
17:45:46: Schwarz Kruppzo has gained a Combine Lock 1448808327.
17:45:47: Schwarz Kruppzo has used '/Observer'.
17:45:50: Schwarz Kruppzo has used '/Observer'.
17:45:51: Schwarz Kruppzo has used '/Observer'.
17:45:52: Schwarz Kruppzo has used '/Observer'.
17:45:56: Schwarz Kruppzo has lost a Combine Lock 1448808327.
17:45:56: Schwarz Kruppzo has used '/StorageGiveItem combine_lock_1 1448808327.00'.
17:45:59: Schwarz Kruppzo has used '/StorageTakeItem combine_lock_1 1448808327.00'.
17:46:03: Schwarz Kruppzo has used '/StorageTakeItem combine_lock_1 1448808327.00'.
17:46:04: Schwarz Kruppzo has used '/StorageClose'.
17:46:06: Schwarz Kruppzo has used '/StorageClose'.
17:53:50: [EoAsm] SchwarzKruppzo (STEAM_0:1:44629398) has connected.
17:54:54: [EoAsm] SchwarzKruppzo has loaded the character 'Schwarz Kruppzo'.
17:57:17: Schwarz Kruppzo has gained a Combine Lock 1448809038.
17:57:17: Schwarz Kruppzo has used '/CharGiveItem schwar combine_lock_1'.
17:57:21: Schwarz Kruppzo has lost a Combine Lock 1448809038.
17:57:21: Schwarz Kruppzo has used '/InvAction drop combine_lock_1 1448809038.00'.
17:57:24: Schwarz Kruppzo has gained a Combine Lock 1448809038.
17:57:24: Schwarz Kruppzo has used '/Observer'.
17:57:31: Schwarz Kruppzo has used '/Observer'.
17:57:32: Schwarz Kruppzo has lost a Combine Lock 1448809038.
17:57:32: Schwarz Kruppzo has used '/StorageGiveItem combine_lock_1 1448809038.00'.
17:57:37: Schwarz Kruppzo has gained a Combine Lock 1448809038.
17:57:37: Schwarz Kruppzo has used '/StorageTakeItem combine_lock_1 1448809038.00'.
17:57:38: Schwarz Kruppzo has lost a Combine Lock 1448809038.
17:57:38: Schwarz Kruppzo has used '/StorageGiveItem combine_lock_1 1448809038.00'.
17:57:41: Schwarz Kruppzo has used '/StorageClose'.
17:57:43: Schwarz Kruppzo has used '/StorageClose'.
17:58:50: Schwarz Kruppzo has used '/Observer'.
17:58:50: Schwarz Kruppzo has used '/Observer'.
17:58:51: Schwarz Kruppzo has used '/Observer'.
17:58:52: Schwarz Kruppzo has used '/Observer'.
17:58:53: Schwarz Kruppzo has gained a Combine Lock 1448809038.
17:58:53: Schwarz Kruppzo has used '/StorageTakeItem combine_lock_1 1448809038.00'.
17:58:54: Schwarz Kruppzo has used '/StorageClose'.
17:58:55: Schwarz Kruppzo has used '/Observer'.
17:58:55: Schwarz Kruppzo has used '/Observer'.
17:58:56: Schwarz Kruppzo has used '/Observer'.
17:58:56: Schwarz Kruppzo has used '/Observer'.
17:58:56: Schwarz Kruppzo has used '/Observer'.
17:58:57: Schwarz Kruppzo has used '/Observer'.
17:58:58: Schwarz Kruppzo has used '/Observer'.
17:58:59: Schwarz Kruppzo has used '/Observer'.
17:59:00: Schwarz Kruppzo has used '/Observer'.
17:59:04: Schwarz Kruppzo has used '/Observer'.
17:59:04: Schwarz Kruppzo has used '/Observer'.
17:59:05: Schwarz Kruppzo has used '/Observer'.
17:59:07: Schwarz Kruppzo has used '/Observer'.
17:59:08: Schwarz Kruppzo has used '/Observer'.
17:59:09: Schwarz Kruppzo has used '/Observer'.
17:59:09: Schwarz Kruppzo has used '/Observer'.
17:59:10: Schwarz Kruppzo has used '/Observer'.
17:59:10: Schwarz Kruppzo has used '/Observer'.
17:59:11: Schwarz Kruppzo has used '/Observer'.
17:59:12: Schwarz Kruppzo has used '/Observer'.
17:59:13: Schwarz Kruppzo has taken 27 damage from worldspawn, leaving them at 73 health!
17:59:13: Schwarz Kruppzo has used '/Observer'.
17:59:13: Schwarz Kruppzo has used '/Observer'.
17:59:14: Schwarz Kruppzo has used '/Observer'.
17:59:16: Schwarz Kruppzo has used '/Observer'.
17:59:25: Schwarz Kruppzo has used '/Observer'.
17:59:46: Schwarz Kruppzo has used '/Observer'.
17:59:47: Schwarz Kruppzo has used '/Observer'.
17:59:48: Schwarz Kruppzo has used '/Observer'.
17:59:49: Schwarz Kruppzo has used '/Observer'.
17:59:49: Schwarz Kruppzo has used '/Observer'.
17:59:50: Schwarz Kruppzo has used '/Observer'.
17:59:50: Schwarz Kruppzo has used '/Observer'.
17:59:51: Schwarz Kruppzo has used '/Observer'.
17:59:51: Schwarz Kruppzo has used '/Observer'.
17:59:52: Schwarz Kruppzo has used '/Observer'.
17:59:53: Schwarz Kruppzo has used '/Observer'.
17:59:53: Schwarz Kruppzo has used '/Observer'.
17:59:54: Schwarz Kruppzo has used '/Observer'.
17:59:55: Schwarz Kruppzo has used '/Observer'.
17:59:56: Schwarz Kruppzo has used '/Observer'.
17:59:56: Schwarz Kruppzo has used '/Observer'.
17:59:56: Schwarz Kruppzo has used '/Observer'.
17:59:58: Schwarz Kruppzo has used '/Observer'.
17:59:58: Schwarz Kruppzo has used '/Observer'.
17:59:59: Schwarz Kruppzo has used '/Observer'.
17:59:59: Schwarz Kruppzo has used '/Observer'.
18:00:00: Schwarz Kruppzo has used '/Observer'.
18:00:00: Schwarz Kruppzo has used '/Observer'.
18:00:00: Schwarz Kruppzo has used '/Observer'.
18:00:01: Schwarz Kruppzo has used '/Observer'.
18:00:02: Schwarz Kruppzo (STEAM_0:1:44629398) has disconnected.
