00:08:51: Schwarz Kruppzo has used '/Observer'.
00:15:42: Schwarz Kruppzo has used '/Observer'.
00:15:45: Schwarz Kruppzo has used '/Observer'.
00:17:16: Schwarz Kruppzo has lost a Empty Tin Can 1450299061.
00:17:16: Schwarz Kruppzo has used '/InvAction drop empty_tin_can 1450299061.00'.
00:17:17: Schwarz Kruppzo has lost a Empty Tin Can 1450299060.
00:17:17: Schwarz Kruppzo has used '/InvAction drop empty_tin_can 1450299060.00'.
00:17:17: Schwarz Kruppzo has lost a Empty Tin Can 1450299059.
00:17:17: Schwarz Kruppzo has used '/InvAction drop empty_tin_can 1450299059.00'.
00:17:18: Schwarz Kruppzo has lost a Empty Tin Can 1450299058.
00:17:18: Schwarz Kruppzo has used '/InvAction drop empty_tin_can 1450299058.00'.
00:17:19: Schwarz Kruppzo has lost a Empty Tin Can 1450299057.
00:17:19: Schwarz Kruppzo has used '/InvAction drop empty_tin_can 1450299057.00'.
00:17:19: Schwarz Kruppzo has lost a Empty Tin Can 1450299056.
00:17:19: Schwarz Kruppzo has used '/InvAction drop empty_tin_can 1450299056.00'.
00:17:20: Schwarz Kruppzo has lost a Empty Tin Can 1450299055.
00:17:20: Schwarz Kruppzo has used '/InvAction drop empty_tin_can 1450299055.00'.
00:17:20: Schwarz Kruppzo has lost a Empty Tin Can 1450299054.
00:17:20: Schwarz Kruppzo has used '/InvAction drop empty_tin_can 1450299054.00'.
00:17:21: Schwarz Kruppzo has lost a Empty Tin Can 1450299053.
00:17:21: Schwarz Kruppzo has used '/InvAction drop empty_tin_can 1450299053.00'.
00:17:22: Schwarz Kruppzo has lost a Empty Tin Can 1450299052.
00:17:22: Schwarz Kruppzo has used '/InvAction drop empty_tin_can 1450299052.00'.
00:20:52: Schwarz Kruppzo has gained a Empty Tin Can 1450300887.
00:20:52: Schwarz Kruppzo has gained a Empty Tin Can 1450300888.
00:20:52: Schwarz Kruppzo has gained a Empty Tin Can 1450300889.
00:20:52: Schwarz Kruppzo has gained a Empty Tin Can 1450300890.
00:20:52: Schwarz Kruppzo has gained a Empty Tin Can 1450300891.
00:20:52: Schwarz Kruppzo has gained a Empty Tin Can 1450300892.
00:20:52: Schwarz Kruppzo has gained a Empty Tin Can 1450300893.
00:20:52: Schwarz Kruppzo has gained a Empty Tin Can 1450300894.
00:20:52: Schwarz Kruppzo has gained a Empty Tin Can 1450300895.
00:20:52: Schwarz Kruppzo has gained a Empty Tin Can 1450300896.
00:20:52: Schwarz Kruppzo has used '/CharGiveItem sch empty_tin_can 10'.
00:20:53: Schwarz Kruppzo has lost a Empty Tin Can 1450300893.
00:20:53: Schwarz Kruppzo has used '/InvAction drop empty_tin_can 1450300893.00'.
00:20:54: Schwarz Kruppzo has lost a Empty Tin Can 1450300892.
00:20:54: Schwarz Kruppzo has used '/InvAction drop empty_tin_can 1450300892.00'.
00:20:55: Schwarz Kruppzo has lost a Empty Tin Can 1450300891.
00:20:55: Schwarz Kruppzo has used '/InvAction drop empty_tin_can 1450300891.00'.
00:20:56: Schwarz Kruppzo has lost a Empty Tin Can 1450300894.
00:20:56: Schwarz Kruppzo has used '/InvAction drop empty_tin_can 1450300894.00'.
00:20:56: Schwarz Kruppzo has lost a Empty Tin Can 1450300895.
00:20:56: Schwarz Kruppzo has used '/InvAction drop empty_tin_can 1450300895.00'.
00:20:57: Schwarz Kruppzo has lost a Empty Tin Can 1450300896.
00:20:57: Schwarz Kruppzo has used '/InvAction drop empty_tin_can 1450300896.00'.
00:20:57: Schwarz Kruppzo has lost a Empty Tin Can 1450300890.
00:20:57: Schwarz Kruppzo has used '/InvAction drop empty_tin_can 1450300890.00'.
00:20:58: Schwarz Kruppzo has lost a Empty Tin Can 1450300889.
00:20:58: Schwarz Kruppzo has used '/InvAction drop empty_tin_can 1450300889.00'.
00:20:59: Schwarz Kruppzo has lost a Empty Tin Can 1450300888.
00:20:59: Schwarz Kruppzo has used '/InvAction drop empty_tin_can 1450300888.00'.
00:20:59: Schwarz Kruppzo has lost a Empty Tin Can 1450300887.
00:20:59: Schwarz Kruppzo has used '/InvAction drop empty_tin_can 1450300887.00'.
00:24:32: Schwarz Kruppzo has gained a Empty Tin Can 1450301118.
00:24:32: Schwarz Kruppzo has gained a Empty Tin Can 1450301119.
00:24:32: Schwarz Kruppzo has gained a Empty Tin Can 1450301120.
00:24:32: Schwarz Kruppzo has gained a Empty Tin Can 1450301121.
00:24:32: Schwarz Kruppzo has gained a Empty Tin Can 1450301122.
00:24:32: Schwarz Kruppzo has gained a Empty Tin Can 1450301123.
00:24:32: Schwarz Kruppzo has gained a Empty Tin Can 1450301124.
00:24:32: Schwarz Kruppzo has gained a Empty Tin Can 1450301125.
00:24:32: Schwarz Kruppzo has gained a Empty Tin Can 1450301126.
00:24:32: Schwarz Kruppzo has gained a Empty Tin Can 1450301127.
00:24:32: Schwarz Kruppzo has used '/CharGiveItem sch empty_tin_can 10'.
00:24:33: Schwarz Kruppzo has lost a Empty Tin Can 1450301122.
00:24:33: Schwarz Kruppzo has used '/InvAction drop empty_tin_can 1450301122.00'.
00:24:33: Schwarz Kruppzo has lost a Empty Tin Can 1450301121.
00:24:33: Schwarz Kruppzo has used '/InvAction drop empty_tin_can 1450301121.00'.
00:24:34: Schwarz Kruppzo has lost a Empty Tin Can 1450301123.
00:24:34: Schwarz Kruppzo has used '/InvAction drop empty_tin_can 1450301123.00'.
00:24:35: Schwarz Kruppzo has lost a Empty Tin Can 1450301124.
00:24:35: Schwarz Kruppzo has used '/InvAction drop empty_tin_can 1450301124.00'.
00:24:35: Schwarz Kruppzo has lost a Empty Tin Can 1450301120.
00:24:35: Schwarz Kruppzo has used '/InvAction drop empty_tin_can 1450301120.00'.
00:24:36: Schwarz Kruppzo has lost a Empty Tin Can 1450301125.
00:24:36: Schwarz Kruppzo has used '/InvAction drop empty_tin_can 1450301125.00'.
00:24:37: Schwarz Kruppzo has lost a Empty Tin Can 1450301119.
00:24:37: Schwarz Kruppzo has used '/InvAction drop empty_tin_can 1450301119.00'.
00:24:37: Schwarz Kruppzo has lost a Empty Tin Can 1450301126.
00:24:37: Schwarz Kruppzo has used '/InvAction drop empty_tin_can 1450301126.00'.
00:24:38: Schwarz Kruppzo has lost a Empty Tin Can 1450301127.
00:24:38: Schwarz Kruppzo has used '/InvAction drop empty_tin_can 1450301127.00'.
00:24:39: Schwarz Kruppzo has lost a Empty Tin Can 1450301118.
00:24:39: Schwarz Kruppzo has used '/InvAction drop empty_tin_can 1450301118.00'.
00:25:31: Schwarz Kruppzo has used '/Observer'.
00:25:32: Schwarz Kruppzo has used '/Observer'.
00:25:33: Schwarz Kruppzo has used '/Observer'.
00:25:36: Schwarz Kruppzo has used '/Observer'.
00:25:52: Schwarz Kruppzo (STEAM_0:1:44629398) has disconnected.
23:13:54: [EoAsm] SchwarzKruppzo (STEAM_0:1:44629398) has connected.
23:14:26: [EoAsm] SchwarzKruppzo has loaded the character 'Schwarz Kruppzo'.
23:14:28: Schwarz Kruppzo has used '/Observer'.
23:14:40: Schwarz Kruppzo has used '/Observer'.
23:14:41: Schwarz Kruppzo has used '/Observer'.
23:14:41: Schwarz Kruppzo has used '/Observer'.
23:14:43: Schwarz Kruppzo has used '/Observer'.
23:14:45: Schwarz Kruppzo has used '/Observer'.
23:16:53: Schwarz Kruppzo has used '/Observer'.
23:17:00: Schwarz Kruppzo has used '/Observer'.
23:17:16: Schwarz Kruppzo has used '/Observer'.
23:17:17: Schwarz Kruppzo has used '/Observer'.
23:18:20: Schwarz Kruppzo has used '/Observer'.
23:18:25: Schwarz Kruppzo has used '/Observer'.
23:18:35: Schwarz Kruppzo has used '/Observer'.
23:18:38: Schwarz Kruppzo has used '/Observer'.
23:18:55: Schwarz Kruppzo has used '/Observer'.
23:18:58: Schwarz Kruppzo has used '/Observer'.
23:19:07: Schwarz Kruppzo has used '/Observer'.
23:19:14: Schwarz Kruppzo has used '/Observer'.
23:19:16: Schwarz Kruppzo has used '/Observer'.
23:19:16: Schwarz Kruppzo has used '/Observer'.
23:19:28: Schwarz Kruppzo has used '/Observer'.
23:19:39: Schwarz Kruppzo has used '/Observer'.
23:19:44: Schwarz Kruppzo has used '/Observer'.
23:21:58: Schwarz Kruppzo has used '/Observer'.
23:22:17: Schwarz Kruppzo has used '/Observer'.
23:22:19: Schwarz Kruppzo has used '/Observer'.
23:22:23: Schwarz Kruppzo has used '/Observer'.
23:22:25: Schwarz Kruppzo has used '/Observer'.
23:22:26: Schwarz Kruppzo has used '/Observer'.
23:22:27: Schwarz Kruppzo has used '/Observer'.
23:22:32: Schwarz Kruppzo has used '/Observer'.
23:22:33: Schwarz Kruppzo has used '/Observer'.
23:22:34: Schwarz Kruppzo has used '/Observer'.
23:22:35: Schwarz Kruppzo has used '/Observer'.
23:22:36: Schwarz Kruppzo has used '/Observer'.
23:22:37: Schwarz Kruppzo has used '/Observer'.
23:22:39: Schwarz Kruppzo has used '/Observer'.
23:22:39: Schwarz Kruppzo has used '/Observer'.
23:22:40: Schwarz Kruppzo has used '/Observer'.
23:22:54: Schwarz Kruppzo has used '/Observer'.
23:26:19: Schwarz Kruppzo has used '/Observer'.
23:33:37: Schwarz Kruppzo has used '/Observer'.
23:33:38: Schwarz Kruppzo has used '/Observer'.
23:34:07: Schwarz Kruppzo has used '/Observer'.
23:34:17: Schwarz Kruppzo has gained a Empty Tin Can 1450384458.
23:34:17: Schwarz Kruppzo has gained a Empty Tin Can 1450384459.
23:34:17: Schwarz Kruppzo has gained a Empty Tin Can 1450384460.
23:34:17: Schwarz Kruppzo has gained a Empty Tin Can 1450384461.
23:34:17: Schwarz Kruppzo has gained a Empty Tin Can 1450384462.
23:34:17: Schwarz Kruppzo has gained a Empty Tin Can 1450384463.
23:34:17: Schwarz Kruppzo has gained a Empty Tin Can 1450384464.
23:34:17: Schwarz Kruppzo has gained a Empty Tin Can 1450384465.
23:34:17: Schwarz Kruppzo has gained a Empty Tin Can 1450384466.
23:34:17: Schwarz Kruppzo has gained a Empty Tin Can 1450384467.
23:34:17: Schwarz Kruppzo has used '/CharGiveItem sch empty_tin_can 10'.
23:34:21: Schwarz Kruppzo has used '/Observer'.
23:34:23: Schwarz Kruppzo has used '/Observer'.
23:34:28: Schwarz Kruppzo has lost a Empty Tin Can 1450384458.
23:34:28: Schwarz Kruppzo has used '/InvAction drop empty_tin_can 1450384458.00'.
23:34:29: Schwarz Kruppzo has lost a Empty Tin Can 1450298733.
23:34:29: Schwarz Kruppzo has used '/InvAction drop empty_tin_can 1450298733.00'.
23:34:29: Schwarz Kruppzo has lost a Empty Tin Can 1450384459.
23:34:29: Schwarz Kruppzo has used '/InvAction drop empty_tin_can 1450384459.00'.
23:34:30: Schwarz Kruppzo has lost a Empty Tin Can 1450384460.
23:34:30: Schwarz Kruppzo has used '/InvAction drop empty_tin_can 1450384460.00'.
23:34:30: Schwarz Kruppzo has lost a Empty Tin Can 1450384461.
23:34:30: Schwarz Kruppzo has used '/InvAction drop empty_tin_can 1450384461.00'.
23:34:31: Schwarz Kruppzo has lost a Empty Tin Can 1450384462.
23:34:31: Schwarz Kruppzo has used '/InvAction drop empty_tin_can 1450384462.00'.
23:34:32: Schwarz Kruppzo has lost a Empty Tin Can 1450384463.
23:34:32: Schwarz Kruppzo has used '/InvAction drop empty_tin_can 1450384463.00'.
23:34:32: Schwarz Kruppzo has lost a Empty Tin Can 1450384464.
23:34:32: Schwarz Kruppzo has used '/InvAction drop empty_tin_can 1450384464.00'.
23:34:33: Schwarz Kruppzo has lost a Empty Tin Can 1450384465.
23:34:33: Schwarz Kruppzo has used '/InvAction drop empty_tin_can 1450384465.00'.
23:34:34: Schwarz Kruppzo has lost a Empty Tin Can 1450384466.
23:34:34: Schwarz Kruppzo has used '/InvAction drop empty_tin_can 1450384466.00'.
23:34:34: Schwarz Kruppzo has lost a Empty Tin Can 1450384467.
23:34:34: Schwarz Kruppzo has used '/InvAction drop empty_tin_can 1450384467.00'.
23:41:56: Schwarz Kruppzo has used '/Observer'.
23:42:21: Schwarz Kruppzo has used '/Observer'.
23:42:21: Schwarz Kruppzo has used '/Observer'.
23:42:29: Schwarz Kruppzo has used '/Observer'.
23:42:33: Schwarz Kruppzo has used '/Observer'.
23:42:34: Schwarz Kruppzo has used '/Observer'.
23:42:35: Schwarz Kruppzo has used '/Observer'.
23:42:43: Schwarz Kruppzo has used '/Observer'.
23:42:44: Schwarz Kruppzo has used '/Observer'.
23:42:44: Schwarz Kruppzo has used '/Observer'.
23:42:44: Schwarz Kruppzo has used '/Observer'.
23:42:49: Schwarz Kruppzo has used '/Observer'.
23:42:50: Schwarz Kruppzo has used '/Observer'.
23:45:49: Schwarz Kruppzo has used '/Observer'.
23:45:56: Schwarz Kruppzo has used '/Observer'.
23:46:17: Schwarz Kruppzo (STEAM_0:1:44629398) has disconnected.
