21:33:00: SchωarzKruppzo (STEAM_0:1:44629398) has connected.
21:41:46: SchωarzKruppzo (STEAM_0:1:44629398) has connected.
21:47:32: SchωarzKruppzo (STEAM_0:1:44629398) has connected.
21:49:52: SchωarzKruppzo has loaded the character 'TestTestTestTestTestTestTestTest'.
21:50:19: TestTestTestTestTestTestTestTest has used '/Observer'.
21:50:19: TestTestTestTestTestTestTestTest has used '/Observer'.
21:50:44: SchωarzKruppzo has deleted the character 'KekcKekcKekcKekcKekcKekcKekcKekcKekcKekc'.
21:50:50: SchωarzKruppzo has deleted the character 'Memes'.
21:51:31: SchωarzKruppzo has loaded the character 'Schwarz Kruppzo'.
21:53:23: Schwarz Kruppzo has used '/Observer'.
21:55:02: Schwarz Kruppzo has used '/Observer'.
21:55:03: Schwarz Kruppzo has used '/Observer'.
21:55:18: Schwarz Kruppzo has used '/Observer'.
21:55:19: Schwarz Kruppzo has used '/Observer'.
21:55:19: Schwarz Kruppzo has used '/Observer'.
21:55:21: Schwarz Kruppzo has used '/Observer'.
21:55:21: Schwarz Kruppzo has used '/Observer'.
21:55:22: Schwarz Kruppzo has used '/Observer'.
21:55:23: Schwarz Kruppzo has used '/Observer'.
21:55:39: Schwarz Kruppzo has used '/Observer'.
21:55:40: Schwarz Kruppzo has used '/Observer'.
21:55:56: Schwarz Kruppzo has used '/Observer'.
21:55:57: Schwarz Kruppzo has used '/Observer'.
21:55:57: Schwarz Kruppzo has used '/Observer'.
21:55:58: Schwarz Kruppzo has used '/Observer'.
21:55:58: Schwarz Kruppzo has used '/Observer'.
21:56:01: Schwarz Kruppzo has used '/Observer'.
21:56:21: Schwarz Kruppzo has used '/Observer'.
21:56:34: Schwarz Kruppzo has used '/Observer'.
21:56:35: Schwarz Kruppzo has used '/Observer'.
21:56:36: Schwarz Kruppzo has used '/Observer'.
21:56:41: Schwarz Kruppzo has used '/Observer'.
21:56:42: Schwarz Kruppzo has used '/Observer'.
21:56:42: Schwarz Kruppzo has used '/Observer'.
21:57:08: Taishō Septic (STEAM_0:0:34008601) has connected.
21:58:06: Schwarz Kruppzo has used '/Observer'.
22:01:50: Taishō Septic has loaded the character '1111111111111'.
22:01:58: 1111111111111 says: "ай блять"
22:02:00: Schwarz Kruppzo says: "я людей убиваю"
22:02:04: 1111111111111 says: "сало на мониторе"
22:02:07: 1111111111111 says: "эррор передо мной"
22:02:09: 1111111111111 has used '/CharFallOver 0'.
22:02:12: 1111111111111 has taken 27 damage from Schwarz Kruppzo with cw_hands, leaving them at 73 health!
22:02:13: 1111111111111 has taken 5 damage from Schwarz Kruppzo with cw_hands, leaving them at 68 health!
22:02:14: 1111111111111 has taken 5 damage from Schwarz Kruppzo with cw_hands, leaving them at 63 health!
22:02:22: Taishō Septic has loaded the character '111111111111111'.
22:02:26: Taishō Septic has loaded the character '2222222222'.
22:02:26: 2222222222 has used '/CharVoiceDesc'.
22:02:28: 2222222222 has used '/CharVoiceDesc ц1221412'.
22:02:41: 2222222222 says: "а чому у меня"
22:02:41: Schwarz Kruppzo says: "это пропы хенка"
22:02:44: 2222222222 says: "эмо текстрки"
22:02:50: Schwarz Kruppzo says: "хз ты лох"
22:02:54: 2222222222 says: "в ф1"
22:02:56: 2222222222 says: "и еще когда"
22:02:59: 2222222222 says: "на вопросы отвечал"
22:03:05: 2222222222 has used '/DropTokens 1'.
22:03:07: Schwarz Kruppzo says: "потому что у тебя нет контента клокворка последнего"
22:03:07: 2222222222 has used '/DropTokens 1 2'.
22:03:14: Schwarz Kruppzo says: "или контента клокворка хл2рп"
22:03:15: 2222222222 has used '/SetTokens 2 20000'.
22:03:21: Schwarz Kruppzo says: "он не закачевается)))000"
22:04:02: 2222222222 says: "такс"
22:04:07: 2222222222 says: "надо закочать"
22:04:08: 2222222222 says: "контент"
22:04:17: 2222222222 says: "а то не приятно смотреть на тебя эррора"
22:04:22: 2222222222 says: "я хочу видеть твое личико"
22:04:27: 2222222222 says: "и облизывать его"
22:04:31: Schwarz Kruppzo says: "я то с неиспользуемой моделькой играю)"
22:04:36: 2222222222 says: "и че"
22:04:39: 2222222222 says: "лох чтоли"
22:04:39: Schwarz Kruppzo says: "она deprecated"
22:04:39: 2222222222 has used '/CharFallOver 0'.
22:04:42: 2222222222 has taken 9 damage from Schwarz Kruppzo with cw_hands, leaving them at 91 health!
22:04:43: 2222222222 has taken 11 damage from Schwarz Kruppzo with cw_hands, leaving them at 80 health!
22:04:43: 2222222222 has taken 12 damage from Schwarz Kruppzo with cw_hands, leaving them at 68 health!
22:04:44: 2222222222 has taken 13 damage from Schwarz Kruppzo with cw_hands, leaving them at 55 health!
22:04:44: 2222222222 has used '/CharVoiceDesc'.
22:04:47: 2222222222 has used '/CharVoiceDesc 1111111111111111111111111111111'.
22:04:52: 2222222222 says: "ладна"
22:05:14: 2222222222 has used '/Observer'.
22:05:15: 2222222222 has used '/Observer'.
22:05:16: 2222222222 has used '/Observer'.
22:05:16: Schwarz Kruppzo has used '/Observer'.
22:05:16: 2222222222 has used '/Observer'.
22:05:16: Schwarz Kruppzo has used '/Observer'.
22:05:17: Schwarz Kruppzo has used '/Observer'.
22:05:17: Schwarz Kruppzo has used '/Observer'.
22:05:18: Schwarz Kruppzo has used '/Observer'.
22:05:18: Schwarz Kruppzo has used '/Observer'.
22:05:19: Schwarz Kruppzo has used '/Observer'.
22:05:20: Schwarz Kruppzo has used '/Observer'.
22:05:20: Schwarz Kruppzo has used '/Observer'.
22:05:20: Schwarz Kruppzo has used '/Observer'.
22:05:20: Schwarz Kruppzo has used '/Observer'.
22:05:21: Schwarz Kruppzo has used '/Observer'.
22:05:21: Schwarz Kruppzo has used '/Observer'.
22:05:21: Schwarz Kruppzo has used '/Observer'.
22:05:25: 2222222222 has used '/Observer'.
22:05:28: 2222222222 has used '/Observer'.
22:06:10: Schwarz Kruppzo has used '/AnimIdle 1'.
22:06:12: Schwarz Kruppzo has used '/AnimIdle 1'.
22:06:16: 2222222222 says: "хауеть"
22:06:19: 2222222222 says: "на сервере"
22:06:21: 2222222222 says: "вещей"
22:06:43: [OOC] Schwarz Kruppzo: ПАШОЛ в офис гср быстро
22:06:46: 2222222222 has used '/Observer'.
22:06:46: 2222222222 has used '/Observer'.
22:06:51: Schwarz Kruppzo says: "ТУТ БЛЯ"
22:06:53: Schwarz Kruppzo says: "брокер сидел"
22:07:05: Schwarz Kruppzo has used '/Y ИДИ СЮДА ТУТ БУМАГА'.
22:07:09: Schwarz Kruppzo says: "ЧИТАЙ ЕЕ"
22:07:19: 2222222222 says: "huya"
22:07:24: 2222222222 says: "нихуя сее"
22:07:26: 2222222222 says: "nuhuya"
22:07:28: 2222222222 says: "vau"
22:07:31: 2222222222 says: "esli pisat'"
22:07:31: Schwarz Kruppzo says: "ЗА МНОЙ БЛЯ)"
22:07:33: 2222222222 says: "po english"
22:07:38: 2222222222 says: "s malenkoy"
22:07:40: 2222222222 says: "bukvi"
22:07:42: 2222222222 says: "to magic"
22:07:56: Schwarz Kruppzo has used '/StorageClose'.
22:07:58: 2222222222 has used '/StorageClose'.
22:08:00: Schwarz Kruppzo says: "ЖРАТВА БЛЯ ГУЛЯЕМ"
22:08:01: 2222222222 has used '/StorageClose'.
22:08:03: Schwarz Kruppzo has used '/StorageClose'.
22:08:05: Schwarz Kruppzo has used '/StorageClose'.
22:08:08: Schwarz Kruppzo has used '/StorageClose'.
22:08:09: 2222222222 has used '/StorageClose'.
22:08:10: Schwarz Kruppzo has used '/StorageClose'.
22:08:12: Schwarz Kruppzo has used '/StorageClose'.
22:08:13: 2222222222 has used '/StorageClose'.
22:08:15: Schwarz Kruppzo has used '/StorageClose'.
22:08:29: [OOC] Schwarz Kruppzo: пошли к ГО там должны быть документы скорее всего
22:08:30: Schwarz Kruppzo has used '/Observer'.
22:08:32: 2222222222 has used '/Observer'.
22:08:53: Schwarz Kruppzo has used '/Observer'.
22:08:56: Schwarz Kruppzo has used '/Observer'.
22:09:07: Schwarz Kruppzo has used '/Observer'.
22:09:07: Schwarz Kruppzo has used '/Observer'.
22:09:07: Schwarz Kruppzo has used '/Observer'.
22:09:10: 2222222222 has used '/Observer'.
22:09:27: 2222222222 says: "ты"
22:09:28: 2222222222 says: "блять"
22:09:32: 2222222222 says: "кружки"
22:09:34: 2222222222 says: "кодга мыть начнешь"
22:09:38: 2222222222 says: "хули я за тобой убираю"
22:09:48: Schwarz Kruppzo has used '/Observer'.
22:09:52: Schwarz Kruppzo has used '/Observer'.
22:09:54: 2222222222 says: "аг де"
22:09:55: 2222222222 says: "офис"
22:09:58: 2222222222 says: "вайсов хуяйсов"
22:10:07: Schwarz Kruppzo says: "они 31 декабря были а бекап 29го"
22:10:08: 2222222222 says: "он же тут был"
22:10:09: 2222222222 says: "а"
22:10:10: 2222222222 says: "бля"
22:10:11: 2222222222 says: "лол"
22:10:12: 2222222222 says: "ладно"
22:10:21: 2222222222 says: "типа"
22:10:23: 2222222222 says: "треню"
22:10:25: 2222222222 says: "не провели"
22:10:27: 2222222222 says: "НЕ УСПЕЛИ"
22:10:37: Schwarz Kruppzo has used '/Observer'.
22:10:38: 2222222222 has used '/Observer'.
22:10:42: Schwarz Kruppzo says: "кек"
22:10:44: 2222222222 has used '/Observer'.
22:10:45: Schwarz Kruppzo has used '/StorageClose'.
22:10:45: 2222222222 has used '/Observer'.
22:10:45: 2222222222 has used '/Observer'.
22:10:47: Schwarz Kruppzo has used '/Observer'.
22:10:48: 2222222222 has used '/StorageClose'.
22:10:55: Schwarz Kruppzo says: "это самый крутой склад"
22:10:59: Schwarz Kruppzo says: "это самый крутой склад"
22:11:00: Schwarz Kruppzo has used '/Observer'.
22:11:03: Schwarz Kruppzo has used '/Observer'.
22:11:03: 2222222222 says: "лабиринт"
22:11:04: 2222222222 has used '/Observer'.
22:11:04: 2222222222 has used '/Observer'.
22:11:21: 2222222222 says: "я тут"
22:11:22: 2222222222 says: "осмотр"
22:11:23: 2222222222 says: "делал"
22:11:26: 2222222222 says: "ммм"
22:11:28: 2222222222 says: "какие там"
22:11:29: 2222222222 says: "все были"
22:11:30: 2222222222 says: "сильные"
22:12:10: 2222222222 says: "чому пинг такой"
22:12:12: 2222222222 says: "хуинг"
22:12:35: 2222222222 says: "стй"
22:12:37: 2222222222 says: "секретка"
22:12:41: 2222222222 has used '/GetFlags'.
22:13:08: 2222222222 has used '/Observer'.
22:13:09: Schwarz Kruppzo has used '/Observer'.
22:13:10: 2222222222 has used '/Observer'.
22:13:11: Schwarz Kruppzo has used '/Observer'.
22:13:16: 2222222222 has used '/Observer'.
22:13:16: 2222222222 has used '/Observer'.
22:13:19: Schwarz Kruppzo has used '/Observer'.
22:13:20: 2222222222 has used '/Observer'.
22:13:22: Schwarz Kruppzo has used '/Observer'.
22:13:23: Schwarz Kruppzo has used '/Observer'.
22:13:32: Schwarz Kruppzo has used '/Observer'.
22:13:33: Schwarz Kruppzo has used '/Observer'.
22:13:35: Schwarz Kruppzo has used '/Observer'.
22:13:37: 2222222222 has used '/Observer'.
22:13:55: Schwarz Kruppzo has used '/Observer'.
22:13:55: Schwarz Kruppzo has used '/Observer'.
22:14:49: 2222222222 says: "соу"
22:14:53: 2222222222 says: "я пойду проверять всякое говно"
22:14:55: 2222222222 says: "но сначала"
22:14:59: 2222222222 says: "я скачюа модельки"
22:15:03: 2222222222 says: "скинь контент"
22:15:11: 2222222222 has used '/CharFallOver 0'.
22:15:18: 2222222222 has used '/Observer'.
22:15:18: 2222222222 has used '/Observer'.
22:15:27: 2222222222 has used '/CharFallOver 0'.
22:15:28: func_door has dealt 132 damage to 2222222222, killing them!
22:15:39: 2222222222 has used '/PlyRespawnStay 22'.
22:15:39: 2222222222 has used '/Observer'.
22:15:41: 2222222222 has used '/Observer'.
22:20:02: 2222222222 has taken 45 damage from Schwarz Kruppzo with sxbase_fireaxe, leaving them at 55 health!
22:20:04: 2222222222 has taken 45 damage from Schwarz Kruppzo with sxbase_fireaxe, leaving them at 10 health!
22:20:05: Schwarz Kruppzo has dealt 30 damage to 2222222222 with sxbase_fireaxe, killing them!
22:20:25: 2222222222 (STEAM_0:0:34008601) has disconnected.
22:20:28: Schwarz Kruppzo has used '/Observer'.
22:20:28: Schwarz Kruppzo has used '/Observer'.
22:20:29: Schwarz Kruppzo has used '/Observer'.
22:20:31: Schwarz Kruppzo has used '/Observer'.
22:20:31: Schwarz Kruppzo has used '/Observer'.
22:20:32: Schwarz Kruppzo has used '/Observer'.
22:20:34: Schwarz Kruppzo has used '/CharFallOver 0'.
22:20:35: func_door has dealt 138 damage to Schwarz Kruppzo, killing them!
