13:10:15: SchωarzKrµppzo (STEAM_0:1:44629398) has connected.
13:11:32: SchωarzKrµppzo has loaded the character 'C45:CP.APEX.OfC.00228'.
13:11:46: C45:CP.APEX.OfC.00228 has used '/Observer'.
13:11:47: C45:CP.APEX.OfC.00228 has used '/Observer'.
13:12:40: C45:CP.APEX.OfC.00228 has used '/Observer'.
13:12:41: C45:CP.APEX.OfC.00228 has used '/Observer'.
13:12:42: C45:CP.APEX.OfC.00228 has used '/Observer'.
13:12:42: C45:CP.APEX.OfC.00228 has used '/Observer'.
13:12:47: C45:CP.APEX.OfC.00228 has used '/Observer'.
13:12:48: C45:CP.APEX.OfC.00228 has used '/Observer'.
13:12:56: C45:CP.APEX.OfC.00228 has used '/Observer'.
13:12:58: C45:CP.APEX.OfC.00228 has used '/Observer'.
13:13:07: C45:CP.APEX.OfC.00228 has used '/Observer'.
13:13:08: C45:CP.APEX.OfC.00228 has used '/Observer'.
13:13:12: C45:CP.APEX.OfC.00228 has used '/Observer'.
13:13:16: C45:CP.APEX.OfC.00228 has used '/Observer'.
13:13:54: C45:CP.APEX.OfC.00228 has used '/Observer'.
13:13:54: C45:CP.APEX.OfC.00228 has used '/Observer'.
13:13:56: C45:CP.APEX.OfC.00228 has used '/Observer'.
13:13:57: C45:CP.APEX.OfC.00228 has used '/Observer'.
13:14:06: C45:CP.APEX.OfC.00228 has taken 16 damage from worldspawn, leaving them at 28 health and 115 armor!
13:22:39: C45:CP.APEX.OfC.00228 has lost a Health Kit 1463255551.
13:22:39: C45:CP.APEX.OfC.00228 has used '/InvAction use health_kit 1463255551.00'.
13:22:48: C45:CP.APEX.OfC.00228 has used '/Observer'.
13:22:50: C45:CP.APEX.OfC.00228 has used '/Observer'.
13:22:54: C45:CP.APEX.OfC.00228 has used '/Observer'.
13:23:34: C45:CP.APEX.OfC.00228 has used '/Observer'.
13:23:40: C45:CP.APEX.OfC.00228 has used '/Observer'.
13:23:41: C45:CP.APEX.OfC.00228 has used '/Observer'.
13:23:42: C45:CP.APEX.OfC.00228 has used '/Observer'.
13:23:43: C45:CP.APEX.OfC.00228 has used '/Observer'.
13:23:50: C45:CP.APEX.OfC.00228 has used '/Observer'.
13:23:53: C45:CP.APEX.OfC.00228 has used '/Observer'.
13:23:55: C45:CP.APEX.OfC.00228 has used '/Observer'.
13:23:55: C45:CP.APEX.OfC.00228 has used '/Observer'.
13:23:56: C45:CP.APEX.OfC.00228 has used '/Observer'.
13:23:56: C45:CP.APEX.OfC.00228 has used '/Observer'.
13:23:57: C45:CP.APEX.OfC.00228 has used '/Observer'.
13:23:57: C45:CP.APEX.OfC.00228 has used '/Observer'.
13:23:58: C45:CP.APEX.OfC.00228 has used '/Observer'.
13:23:59: C45:CP.APEX.OfC.00228 has used '/Observer'.
13:24:00: C45:CP.APEX.OfC.00228 has used '/Observer'.
13:24:00: C45:CP.APEX.OfC.00228 has used '/Observer'.
13:24:02: C45:CP.APEX.OfC.00228 has used '/Observer'.
13:24:02: C45:CP.APEX.OfC.00228 has used '/Observer'.
13:24:03: C45:CP.APEX.OfC.00228 has used '/Observer'.
13:24:03: C45:CP.APEX.OfC.00228 has used '/Observer'.
13:24:04: C45:CP.APEX.OfC.00228 has used '/Observer'.
13:24:04: C45:CP.APEX.OfC.00228 has used '/Observer'.
13:24:05: C45:CP.APEX.OfC.00228 has used '/Observer'.
13:24:05: C45:CP.APEX.OfC.00228 has used '/Observer'.
13:24:05: C45:CP.APEX.OfC.00228 has used '/Observer'.
13:24:05: C45:CP.APEX.OfC.00228 has used '/Observer'.
13:24:06: C45:CP.APEX.OfC.00228 has used '/Observer'.
13:24:06: C45:CP.APEX.OfC.00228 has used '/Observer'.
13:24:07: C45:CP.APEX.OfC.00228 has used '/Observer'.
13:24:09: C45:CP.APEX.OfC.00228 has used '/Observer'.
13:35:24: C45:CP.APEX.OfC.00228получил 63 из 100 с усилением 0 из-за чего выпало 63.
13:35:24: C45:CP.APEX.OfC.00228 has used '/Roll'.
13:35:38: C17:CP.OfC.5254 has used '/CharSetName ofc C17:CP.OfC.5254'.
13:35:40: C17:CP.OfC.5254получил 19 из 100 с усилением 0 из-за чего выпало 19.
13:35:40: C17:CP.OfC.5254 has used '/Roll'.
13:35:55: C17:CP.OfC.5254получил 71 из 100 с усилением 0 из-за чего выпало 71.
13:35:55: C17:CP.OfC.5254 has used '/Roll'.
13:36:06: CP:C17.OfC.5254 has used '/CharSetName ofc CP:C17.OfC.5254'.
13:36:07: CP:C17.OfC.5254 has used '/CharSetName ofc CP:C17.OfC.5254'.
13:36:14: CP:C17.OfC.5254 has used '/CharSetName ofc CP:C17.OfC.5254'.
13:36:16: CP:C17.OfC.5254получил 125 из 125 с усилением 50 из-за чего выпало 125.
13:36:16: CP:C17.OfC.5254 has used '/Roll'.
13:36:17: CP:C17.OfC.5254 has used '/Observer'.
13:36:18: CP:C17.OfC.5254 has used '/Observer'.
13:36:20: CP:C17.OfC.5254 has used '/Observer'.
13:36:21: CP:C17.OfC.5254 has used '/Observer'.
13:38:41: CP:C17.OfC.5254 (STEAM_0:1:44629398) has disconnected.
13:41:48: SchωarzKrµppzo (STEAM_0:1:44629398) has connected.
13:42:46: SchωarzKrµppzo has loaded the character 'CP:C17.OfC.5254'.
13:43:14: CP:C17.OfC.5254 has used '/Observer'.
13:43:16: CP:C17.OfC.5254 has used '/Observer'.
13:43:18: CP:C17.OfC.5254 has used '/Observer'.
13:43:21: CP:C17.OfC.5254 has used '/Observer'.
13:43:23: CP:C17.OfC.5254 has used '/Observer'.
13:43:23: CP:C17.OfC.5254 has used '/Observer'.
13:43:24: CP:C17.OfC.5254 has used '/Observer'.
13:43:25: CP:C17.OfC.5254 has used '/Observer'.
13:43:28: CP:C17.OfC.5254 has used '/Observer'.
13:43:29: CP:C17.OfC.5254 has used '/Observer'.
13:43:35: CP:C17.OfC.5254 has used '/Observer'.
13:43:36: CP:C17.OfC.5254 has used '/Observer'.
13:43:37: CP:C17.OfC.5254 has used '/Observer'.
13:43:38: CP:C17.OfC.5254 has used '/Observer'.
13:44:08: CP:C17.OfC.5254 has used '/Observer'.
13:44:09: CP:C17.OfC.5254 has used '/Observer'.
13:44:11: CP:C17.OfC.5254 has used '/Observer'.
13:44:11: CP:C17.OfC.5254 has used '/Observer'.
13:44:12: CP:C17.OfC.5254 has used '/Observer'.
13:44:12: CP:C17.OfC.5254 has used '/Observer'.
13:44:49: CP:C17.OfC.5254 has lost a Health Kit 1463255552.
13:44:49: CP:C17.OfC.5254 has used '/InvAction use health_kit 1463255552.00'.
13:44:49: CP:C17.OfC.5254 has lost a Health Kit 1463255550.
13:44:49: CP:C17.OfC.5254 has used '/InvAction use health_kit 1463255550.00'.
13:44:50: CP:C17.OfC.5254 has lost a Health Kit 1463255546.
13:44:50: CP:C17.OfC.5254 has used '/InvAction use health_kit 1463255546.00'.
13:44:50: CP:C17.OfC.5254 has lost a Health Kit 1463255545.
13:44:50: CP:C17.OfC.5254 has used '/InvAction use health_kit 1463255545.00'.
13:44:51: CP:C17.OfC.5254 has lost a Health Kit 1463255544.
13:44:51: CP:C17.OfC.5254 has used '/InvAction use health_kit 1463255544.00'.
13:44:52: CP:C17.OfC.5254 has lost a Health Kit 1463255543.
13:44:52: CP:C17.OfC.5254 has used '/InvAction use health_kit 1463255543.00'.
13:44:53: CP:C17.OfC.5254 has used '/Observer'.
13:44:55: CP:C17.OfC.5254 has used '/Observer'.
13:46:03: CP:C17.OfC.5254 has used '/Observer'.
13:46:19: CP:C17.OfC.5254 has used '/Observer'.
13:47:14: CP:C17.OfC.5254 has used '/Observer'.
13:47:15: CP:C17.OfC.5254 has used '/Observer'.
13:47:16: CP:C17.OfC.5254 has used '/Observer'.
13:47:17: CP:C17.OfC.5254 has used '/Observer'.
13:47:31: CP:C17.OfC.5254 has used '/Observer'.
13:47:32: CP:C17.OfC.5254 has used '/Observer'.
13:48:35: CP:C17.OfC.5254 has used '/Observer'.
13:48:36: CP:C17.OfC.5254 has used '/Observer'.
13:48:37: CP:C17.OfC.5254 has been cured of all diseases.
13:48:37: worldspawn has dealt 448 damage to CP:C17.OfC.5254, killing them!
13:49:38: CP:C17.OfC.5254 (STEAM_0:1:44629398) has disconnected.
13:55:09: SchωarzKrµppzo (STEAM_0:1:44629398) has connected.
13:57:23: SchωarzKrµppzo has loaded the character 'CP:C17.OfC.5254'.
13:57:33: CP:C17.OfC.5254 has used '/Observer'.
13:57:34: CP:C17.OfC.5254 has used '/Observer'.
13:58:21: CP:C17.OfC.5254 has used '/Observer'.
13:58:22: CP:C17.OfC.5254 has used '/Observer'.
13:59:28: CP:C17.OfC.5254получил 15 из 125 с усилением 50 из-за чего выпало 115.
13:59:28: CP:C17.OfC.5254 has used '/Roll'.
13:59:39: CP:C17.OfC.5254получил 20 из 125 с усилением 50 из-за чего выпало 120.
13:59:39: CP:C17.OfC.5254 has used '/Roll'.
14:02:50: CP:C17.OfC.5254получил 99 из 125 с усилением 50 из-за чего выпало 125.
14:02:50: CP:C17.OfC.5254 has used '/Roll'.
14:02:55: CP:C17.OfC.5254получил 4 из 125 с усилением 50 из-за чего выпало 104.
14:02:55: CP:C17.OfC.5254 has used '/Roll'.
14:03:59: CP:C17.OfC.5254 (STEAM_0:1:44629398) has disconnected.
14:07:54: SchωarzKrµppzo (STEAM_0:1:44629398) has connected.
14:09:10: SchωarzKrµppzo has loaded the character 'CP:C17.OfC.5254'.
14:09:16: CP:C17.OfC.5254получил 86 из 125 с усилением 50 из-за чего выпало 125.
14:09:16: CP:C17.OfC.5254 has used '/Roll'.
14:09:26: CP:C17.OfC.5254 has used '/Observer'.
14:09:27: CP:C17.OfC.5254 has used '/Observer'.
14:09:30: CP:C17.OfC.5254 has used '/Observer'.
14:09:34: CP:C17.OfC.5254 has used '/Observer'.
14:09:35: CP:C17.OfC.5254 has used '/Observer'.
14:09:36: CP:C17.OfC.5254 has used '/Observer'.
14:09:37: CP:C17.OfC.5254 has used '/Observer'.
14:09:38: CP:C17.OfC.5254 has used '/Observer'.
14:17:39: CP:C17.OfC.5254 has taken 20 damage from CP:C17.OfC.5254 with cw_hands, leaving them at 80 health and 120 armor!
14:17:40: CP:C17.OfC.5254 has taken 16 damage from CP:C17.OfC.5254 with cw_hands, leaving them at 64 health and 119 armor!
14:17:41: CP:C17.OfC.5254 has taken 13 damage from CP:C17.OfC.5254 with cw_hands, leaving them at 51 health and 118 armor!
14:17:41: CP:C17.OfC.5254 has taken 11 damage from CP:C17.OfC.5254 with cw_hands, leaving them at 40 health and 117 armor!
14:17:42: CP:C17.OfC.5254 has taken 8 damage from CP:C17.OfC.5254 with cw_hands, leaving them at 32 health and 116 armor!
14:17:42: CP:C17.OfC.5254 has taken 7 damage from CP:C17.OfC.5254 with cw_hands, leaving them at 25 health and 115 armor!
14:17:43: CP:C17.OfC.5254 has taken 5 damage from CP:C17.OfC.5254 with cw_hands, leaving them at 20 health and 114 armor!
14:17:44: CP:C17.OfC.5254 has taken 4 damage from CP:C17.OfC.5254 with cw_hands, leaving them at 16 health and 113 armor!
14:17:44: CP:C17.OfC.5254 has taken 4 damage from CP:C17.OfC.5254 with cw_hands, leaving them at 12 health and 112 armor!
14:17:45: CP:C17.OfC.5254 has taken 3 damage from CP:C17.OfC.5254 with cw_hands, leaving them at 9 health and 111 armor!
14:17:45: CP:C17.OfC.5254 has taken 2 damage from CP:C17.OfC.5254 with cw_hands, leaving them at 7 health and 110 armor!
14:17:46: CP:C17.OfC.5254 has taken 2 damage from CP:C17.OfC.5254 with cw_hands, leaving them at 5 health and 109 armor!
14:17:47: CP:C17.OfC.5254 has taken 1 damage from CP:C17.OfC.5254 with cw_hands, leaving them at 4 health and 108 armor!
14:17:47: CP:C17.OfC.5254 has taken 1 damage from CP:C17.OfC.5254 with cw_hands, leaving them at 3 health and 107 armor!
14:17:48: CP:C17.OfC.5254 has taken 1 damage from CP:C17.OfC.5254 with cw_hands, leaving them at 2 health and 106 armor!
14:17:48: CP:C17.OfC.5254 has been cured of all diseases.
14:17:48: CP:C17.OfC.5254 has dealt 1 damage to CP:C17.OfC.5254, killing them!
14:30:03: CP:C17.OfC.5254 has used '/Observer'.
14:30:05: CP:C17.OfC.5254 has used '/Observer'.
14:30:42: CP:C17.OfC.5254 has used '/Observer'.
14:30:44: CP:C17.OfC.5254 has used '/Observer'.
14:30:45: CP:C17.OfC.5254 has used '/Observer'.
14:30:46: CP:C17.OfC.5254 has used '/Observer'.
14:30:48: CP:C17.OfC.5254 has used '/Observer'.
14:30:49: CP:C17.OfC.5254 has used '/Observer'.
14:30:50: CP:C17.OfC.5254 has used '/Observer'.
14:30:51: CP:C17.OfC.5254 has used '/Observer'.
14:30:53: CP:C17.OfC.5254 has used '/Observer'.
14:30:54: CP:C17.OfC.5254 has used '/Observer'.
14:32:18: CP:C17.OfC.5254 has spawned 'models/Items/car_battery01.mdl'.
14:32:18: CP:C17.OfC.5254 has spawned 'models/Items/car_battery01.mdl'.
14:50:56: CP:C17.OfC.5254 has used '/Observer'.
14:50:56: CP:C17.OfC.5254 has used '/Observer'.
14:50:57: CP:C17.OfC.5254 has used '/Observer'.
14:50:57: CP:C17.OfC.5254 has used '/Observer'.
14:50:58: CP:C17.OfC.5254 has used '/Observer'.
14:50:58: CP:C17.OfC.5254 has used '/Observer'.
14:51:00: CP:C17.OfC.5254 has used '/Observer'.
14:51:00: CP:C17.OfC.5254 has used '/Observer'.
14:51:02: CP:C17.OfC.5254 has used '/Observer'.
14:51:02: CP:C17.OfC.5254 has used '/Observer'.
14:51:03: CP:C17.OfC.5254 has used '/Observer'.
14:51:04: CP:C17.OfC.5254 has used '/Observer'.
14:51:05: CP:C17.OfC.5254 has used '/Observer'.
14:51:06: CP:C17.OfC.5254 has used '/Observer'.
14:51:07: CP:C17.OfC.5254 has used '/Observer'.
14:51:07: CP:C17.OfC.5254 has used '/Observer'.
14:51:08: CP:C17.OfC.5254 has used '/Observer'.
14:51:09: CP:C17.OfC.5254 has used '/Observer'.
14:51:10: CP:C17.OfC.5254 has used '/Observer'.
14:51:10: CP:C17.OfC.5254 has used '/Observer'.
14:57:18: CP:C17.OfC.5254 has used '/Observer'.
14:57:21: CP:C17.OfC.5254 has used '/Observer'.
14:57:22: CP:C17.OfC.5254 (STEAM_0:1:44629398) has disconnected.
15:02:52: SchωarzKrµppzo (STEAM_0:1:44629398) has connected.
15:04:16: SchωarzKrµppzo has loaded the character 'CP:C17.OfC.5254'.
15:08:55: CP:C17.OfC.5254 has taken 20 damage from CP:C17.OfC.5254 with cw_hands, leaving them at 80 health and 120 armor!
15:08:56: CP:C17.OfC.5254 has taken 16 damage from CP:C17.OfC.5254 with cw_hands, leaving them at 64 health and 119 armor!
15:08:56: CP:C17.OfC.5254 has taken 13 damage from CP:C17.OfC.5254 with cw_hands, leaving them at 51 health and 118 armor!
15:08:57: CP:C17.OfC.5254 has taken 11 damage from CP:C17.OfC.5254 with cw_hands, leaving them at 40 health and 117 armor!
15:08:58: CP:C17.OfC.5254 has taken 8 damage from CP:C17.OfC.5254 with cw_hands, leaving them at 32 health and 116 armor!
15:08:58: CP:C17.OfC.5254 has taken 7 damage from CP:C17.OfC.5254 with cw_hands, leaving them at 25 health and 115 armor!
15:08:59: CP:C17.OfC.5254 has taken 5 damage from CP:C17.OfC.5254 with cw_hands, leaving them at 20 health and 114 armor!
15:08:59: CP:C17.OfC.5254 has taken 4 damage from CP:C17.OfC.5254 with cw_hands, leaving them at 16 health and 113 armor!
15:09:00: CP:C17.OfC.5254 has taken 4 damage from CP:C17.OfC.5254 with cw_hands, leaving them at 12 health and 112 armor!
15:09:01: CP:C17.OfC.5254 has taken 3 damage from CP:C17.OfC.5254 with cw_hands, leaving them at 9 health and 111 armor!
15:09:01: CP:C17.OfC.5254 has taken 2 damage from CP:C17.OfC.5254 with cw_hands, leaving them at 7 health and 110 armor!
15:09:02: CP:C17.OfC.5254 has taken 2 damage from CP:C17.OfC.5254 with cw_hands, leaving them at 5 health and 109 armor!
15:09:02: CP:C17.OfC.5254 has taken 1 damage from CP:C17.OfC.5254 with cw_hands, leaving them at 4 health and 108 armor!
15:09:03: CP:C17.OfC.5254 has taken 1 damage from CP:C17.OfC.5254 with cw_hands, leaving them at 3 health and 107 armor!
15:09:04: CP:C17.OfC.5254 has taken 1 damage from CP:C17.OfC.5254 with cw_hands, leaving them at 2 health and 106 armor!
15:09:04: CP:C17.OfC.5254 has been cured of all diseases.
15:09:04: CP:C17.OfC.5254 has dealt 1 damage to CP:C17.OfC.5254, killing them!
15:15:41: CP:C17.OfC.5254 has used '/InvAction use rad_checker 1463088233.00'.
15:16:09: CP:C17.OfC.5254 has gained a Руководство по использованию ПДБ 1463314570.
15:16:09: CP:C17.OfC.5254 has used '/CharGiveItem cp pdb_book'.
15:16:21: CP:C17.OfC.5254 has used '/InvAction use rad_checker 1463088233.00'.
15:16:27: CP:C17.OfC.5254 has used '/InvAction use pdb_book 1463314570.00'.
15:16:30: CP:C17.OfC.5254 has used '/InvAction use pdb_book 1463314570.00'.
15:16:50: CP:C17.OfC.5254 has used '/InvAction use rad_checker 1463088233.00'.
15:16:54: CP:C17.OfC.5254 has used '/InvAction use rad_checker 1463088233.00'.
15:16:59: CP:C17.OfC.5254 has used '/InvAction use rad_checker 1463088233.00'.
15:30:01: CP:C17.OfC.5254 has used '/Observer'.
15:30:02: CP:C17.OfC.5254 has used '/Observer'.
15:30:04: CP:C17.OfC.5254 has used '/Observer'.
15:30:06: CP:C17.OfC.5254 has used '/Observer'.
15:30:08: CP:C17.OfC.5254 has used '/Observer'.
15:30:09: CP:C17.OfC.5254 has used '/Observer'.
15:30:12: CP:C17.OfC.5254 has used '/Observer'.
15:30:13: CP:C17.OfC.5254 has used '/Observer'.
16:18:53: CP:C17.OfC.5254 has taken 20 damage from CP:C17.OfC.5254 with cw_hands, leaving them at 80 health and 120 armor!
16:18:53: CP:C17.OfC.5254 has taken 16 damage from CP:C17.OfC.5254 with cw_hands, leaving them at 64 health and 119 armor!
16:18:54: CP:C17.OfC.5254 has taken 13 damage from CP:C17.OfC.5254 with cw_hands, leaving them at 51 health and 118 armor!
16:18:55: CP:C17.OfC.5254 has taken 11 damage from CP:C17.OfC.5254 with cw_hands, leaving them at 40 health and 117 armor!
16:18:55: CP:C17.OfC.5254 has taken 8 damage from CP:C17.OfC.5254 with cw_hands, leaving them at 32 health and 116 armor!
16:18:56: CP:C17.OfC.5254 has taken 7 damage from CP:C17.OfC.5254 with cw_hands, leaving them at 25 health and 115 armor!
16:18:56: CP:C17.OfC.5254 has taken 5 damage from CP:C17.OfC.5254 with cw_hands, leaving them at 20 health and 114 armor!
16:18:57: CP:C17.OfC.5254 has taken 4 damage from CP:C17.OfC.5254 with cw_hands, leaving them at 16 health and 113 armor!
16:18:58: CP:C17.OfC.5254 has taken 4 damage from CP:C17.OfC.5254 with cw_hands, leaving them at 12 health and 112 armor!
16:18:58: CP:C17.OfC.5254 has taken 3 damage from CP:C17.OfC.5254 with cw_hands, leaving them at 9 health and 111 armor!
16:18:59: CP:C17.OfC.5254 has taken 2 damage from CP:C17.OfC.5254 with cw_hands, leaving them at 7 health and 110 armor!
16:18:59: CP:C17.OfC.5254 has taken 2 damage from CP:C17.OfC.5254 with cw_hands, leaving them at 5 health and 109 armor!
16:19:00: CP:C17.OfC.5254 has taken 1 damage from CP:C17.OfC.5254 with cw_hands, leaving them at 4 health and 108 armor!
16:19:01: CP:C17.OfC.5254 has taken 1 damage from CP:C17.OfC.5254 with cw_hands, leaving them at 3 health and 107 armor!
16:19:01: CP:C17.OfC.5254 has taken 1 damage from CP:C17.OfC.5254 with cw_hands, leaving them at 2 health and 106 armor!
16:19:02: CP:C17.OfC.5254 has been cured of all diseases.
16:19:02: CP:C17.OfC.5254 has dealt 1 damage to CP:C17.OfC.5254, killing them!
16:24:41: CP:C17.OfC.5254 has used '/Observer'.
16:24:58: CP:C17.OfC.5254 has used '/ContainmentSpherePlace 256 500'.
16:25:00: CP:C17.OfC.5254 has used '/Observer'.
16:25:09: CP:C17.OfC.5254 has taken 20 damage from CP:C17.OfC.5254 with cw_hands, leaving them at 80 health and 120 armor!
16:25:10: CP:C17.OfC.5254 has taken 16 damage from CP:C17.OfC.5254 with cw_hands, leaving them at 64 health and 119 armor!
16:25:11: CP:C17.OfC.5254 has taken 9 damage from CP:C17.OfC.5254 with cw_hands, leaving them at 55 health and 118 armor!
16:25:11: CP:C17.OfC.5254 has taken 8 damage from CP:C17.OfC.5254 with cw_hands, leaving them at 47 health and 117 armor!
16:25:12: CP:C17.OfC.5254 has taken 7 damage from CP:C17.OfC.5254 with cw_hands, leaving them at 40 health and 116 armor!
16:25:12: CP:C17.OfC.5254 has taken 6 damage from CP:C17.OfC.5254 with cw_hands, leaving them at 34 health and 115 armor!
16:25:13: CP:C17.OfC.5254 has taken 5 damage from CP:C17.OfC.5254 with cw_hands, leaving them at 29 health and 114 armor!
16:25:14: CP:C17.OfC.5254 has taken 4 damage from CP:C17.OfC.5254 with cw_hands, leaving them at 25 health and 113 armor!
16:25:14: CP:C17.OfC.5254 has taken 4 damage from CP:C17.OfC.5254 with cw_hands, leaving them at 21 health and 112 armor!
16:25:15: CP:C17.OfC.5254 has taken 3 damage from CP:C17.OfC.5254 with cw_hands, leaving them at 18 health and 111 armor!
16:25:15: CP:C17.OfC.5254 has taken 2 damage from CP:C17.OfC.5254 with cw_hands, leaving them at 16 health and 110 armor!
16:25:16: CP:C17.OfC.5254 has taken 2 damage from CP:C17.OfC.5254 with cw_hands, leaving them at 14 health and 109 armor!
16:25:17: CP:C17.OfC.5254 has taken 2 damage from CP:C17.OfC.5254 with cw_hands, leaving them at 12 health and 108 armor!
16:25:17: CP:C17.OfC.5254 has taken 1 damage from CP:C17.OfC.5254 with cw_hands, leaving them at 11 health and 107 armor!
16:25:18: CP:C17.OfC.5254 has taken 1 damage from CP:C17.OfC.5254 with cw_hands, leaving them at 10 health and 106 armor!
16:25:18: CP:C17.OfC.5254 has taken 1 damage from CP:C17.OfC.5254 with cw_hands, leaving them at 9 health and 105 armor!
16:25:19: CP:C17.OfC.5254 has taken 1 damage from CP:C17.OfC.5254 with cw_hands, leaving them at 8 health and 104 armor!
16:25:20: CP:C17.OfC.5254 has taken 1 damage from CP:C17.OfC.5254 with cw_hands, leaving them at 7 health and 103 armor!
16:25:20: CP:C17.OfC.5254 has taken 1 damage from CP:C17.OfC.5254 with cw_hands, leaving them at 6 health and 102 armor!
16:25:21: CP:C17.OfC.5254 has taken 1 damage from CP:C17.OfC.5254 with cw_hands, leaving them at 5 health and 101 armor!
16:25:21: CP:C17.OfC.5254 has taken 1 damage from CP:C17.OfC.5254 with cw_hands, leaving them at 4 health and 100 armor!
16:25:22: CP:C17.OfC.5254 has taken 1 damage from CP:C17.OfC.5254 with cw_hands, leaving them at 3 health and 99 armor!
16:25:23: CP:C17.OfC.5254 has taken 1 damage from CP:C17.OfC.5254 with cw_hands, leaving them at 2 health and 98 armor!
16:25:23: CP:C17.OfC.5254 has been cured of all diseases.
16:25:23: CP:C17.OfC.5254 has dealt 1 damage to CP:C17.OfC.5254, killing them!
16:27:58: CP:C17.OfC.5254 (STEAM_0:1:44629398) has disconnected.
