00:11:25: C45:CP.APEX.OfC.00228 has used '/Observer'.
00:11:26: C45:CP.APEX.OfC.00228 has used '/Observer'.
00:11:37: C45:CP.APEX.OfC.00228 has used '/Observer'.
00:11:38: C45:CP.APEX.OfC.00228 has used '/Observer'.
00:11:40: C45:CP.APEX.OfC.00228 has used '/Observer'.
00:11:40: C45:CP.APEX.OfC.00228 has used '/Observer'.
00:12:02: C45:CP.APEX.OfC.00228 has used '/Observer'.
00:12:03: C45:CP.APEX.OfC.00228 has used '/Observer'.
00:12:05: C45:CP.APEX.OfC.00228 has used '/Observer'.
00:12:05: C45:CP.APEX.OfC.00228 has used '/Observer'.
00:12:34: C45:CP.APEX.OfC.00228 has used '/Observer'.
00:12:35: C45:CP.APEX.OfC.00228 has used '/Observer'.
00:12:39: C45:CP.APEX.OfC.00228 has used '/Observer'.
00:12:40: C45:CP.APEX.OfC.00228 has used '/Observer'.
00:23:48: SchωarzKrµppzo (STEAM_0:1:44629398) has connected.
00:24:43: SchωarzKrµppzo has loaded the character 'C45:CP.APEX.OfC.00228'.
00:24:47: C45:CP.APEX.OfC.00228 has used '/Observer'.
00:25:22: C45:CP.APEX.OfC.00228 has used '/ContainmentSpherePlace 300 20'.
00:25:31: C45:CP.APEX.OfC.00228 has used '/Observer'.
00:43:18: SchωarzKrµppzo (STEAM_0:1:44629398) has connected.
00:44:26: SchωarzKrµppzo has loaded the character 'C45:CP.APEX.OfC.00228'.
00:44:28: C45:CP.APEX.OfC.00228 has used '/Observer'.
00:44:45: C45:CP.APEX.OfC.00228 has used '/Observer'.
00:45:12: C45:CP.APEX.OfC.00228 has used '/Observer'.
00:45:12: C45:CP.APEX.OfC.00228 has used '/Observer'.
00:45:14: C45:CP.APEX.OfC.00228 has used '/Observer'.
00:45:14: C45:CP.APEX.OfC.00228 has used '/Observer'.
00:45:17: C45:CP.APEX.OfC.00228 has used '/Observer'.
00:45:17: C45:CP.APEX.OfC.00228 has used '/Observer'.
00:45:18: C45:CP.APEX.OfC.00228 has used '/Observer'.
00:45:19: C45:CP.APEX.OfC.00228 has used '/Observer'.
00:45:22: C45:CP.APEX.OfC.00228 (STEAM_0:1:44629398) has disconnected.
17:25:26: SchωarzKrµppzo (STEAM_0:1:44629398) has connected.
17:26:00: SchωarzKrµppzo has loaded the character 'C45:CP.APEX.OfC.00228'.
17:26:03: C45:CP.APEX.OfC.00228 has used '/Observer'.
17:26:06: C45:CP.APEX.OfC.00228 has used '/Observer'.
17:26:06: C45:CP.APEX.OfC.00228 has used '/Observer'.
17:26:06: C45:CP.APEX.OfC.00228 has used '/Observer'.
17:26:11: C45:CP.APEX.OfC.00228 has used '/Observer'.
17:26:21: C45:CP.APEX.OfC.00228 has used '/Observer'.
17:39:43: C45:CP.APEX.OfC.00228 has used '/Observer'.
17:39:44: C45:CP.APEX.OfC.00228 has used '/Observer'.
17:41:00: C45:CP.APEX.OfC.00228 (STEAM_0:1:44629398) has disconnected.
17:43:34: SchωarzKrµppzo (STEAM_0:1:44629398) has connected.
17:45:37: SchωarzKrµppzo has loaded the character 'C45:CP.APEX.OfC.00228'.
17:45:39: C45:CP.APEX.OfC.00228 has used '/Observer'.
17:45:44: C45:CP.APEX.OfC.00228 has used '/Observer'.
17:49:51: C45:CP.APEX.OfC.00228 has used '/Observer'.
17:49:52: C45:CP.APEX.OfC.00228 has used '/Observer'.
17:50:17: C45:CP.APEX.OfC.00228 has used '/Observer'.
17:50:20: C45:CP.APEX.OfC.00228 has used '/Observer'.
19:23:07: C45:CP.APEX.OfC.00228 has used '/Observer'.
19:23:07: C45:CP.APEX.OfC.00228 has used '/Observer'.
19:23:08: C45:CP.APEX.OfC.00228 has used '/Observer'.
19:23:09: C45:CP.APEX.OfC.00228 has used '/Observer'.
19:23:10: C45:CP.APEX.OfC.00228 has used '/Observer'.
19:23:10: C45:CP.APEX.OfC.00228 has used '/Observer'.
19:23:15: C45:CP.APEX.OfC.00228 has used '/Observer'.
19:23:16: C45:CP.APEX.OfC.00228 has used '/Observer'.
19:23:25: C45:CP.APEX.OfC.00228 has used '/Observer'.
19:23:29: C45:CP.APEX.OfC.00228 has used '/Observer'.
19:27:07: C45:CP.APEX.OfC.00228 has used '/Observer'.
19:27:08: C45:CP.APEX.OfC.00228 has used '/Observer'.
19:27:09: C45:CP.APEX.OfC.00228 has used '/Observer'.
19:27:10: C45:CP.APEX.OfC.00228 has used '/Observer'.
19:27:10: C45:CP.APEX.OfC.00228 has used '/Observer'.
19:27:10: C45:CP.APEX.OfC.00228 has used '/Observer'.
19:27:11: C45:CP.APEX.OfC.00228 has used '/Observer'.
19:27:17: C45:CP.APEX.OfC.00228 has used '/Observer'.
19:27:17: C45:CP.APEX.OfC.00228 has used '/Observer'.
19:27:18: C45:CP.APEX.OfC.00228 has used '/Observer'.
19:27:19: C45:CP.APEX.OfC.00228 has used '/Observer'.
19:27:21: C45:CP.APEX.OfC.00228 has used '/Observer'.
19:27:25: C45:CP.APEX.OfC.00228 has used '/Observer'.
19:27:29: C45:CP.APEX.OfC.00228 has used '/Observer'.
19:27:30: C45:CP.APEX.OfC.00228 has used '/Observer'.
19:27:32: C45:CP.APEX.OfC.00228 has used '/Observer'.
19:27:33: C45:CP.APEX.OfC.00228 has used '/Observer'.
19:27:33: C45:CP.APEX.OfC.00228 has used '/Observer'.
19:27:34: C45:CP.APEX.OfC.00228 has used '/Observer'.
19:27:34: C45:CP.APEX.OfC.00228 has used '/Observer'.
19:27:36: C45:CP.APEX.OfC.00228 has used '/Observer'.
19:27:36: C45:CP.APEX.OfC.00228 has used '/Observer'.
19:27:45: C45:CP.APEX.OfC.00228 has used '/Observer'.
19:35:51: C45:CP.APEX.OfC.00228 has used '/Observer'.
19:35:58: C45:CP.APEX.OfC.00228 has used '/Observer'.
19:35:59: C45:CP.APEX.OfC.00228 has used '/Observer'.
19:35:59: C45:CP.APEX.OfC.00228 has used '/Observer'.
19:36:06: C45:CP.APEX.OfC.00228 has used '/Observer'.
19:36:07: C45:CP.APEX.OfC.00228 has used '/Observer'.
19:36:08: C45:CP.APEX.OfC.00228 has used '/Observer'.
19:36:08: C45:CP.APEX.OfC.00228 has used '/Observer'.
19:36:08: C45:CP.APEX.OfC.00228 has used '/Observer'.
19:36:11: C45:CP.APEX.OfC.00228 has used '/Observer'.
19:36:11: C45:CP.APEX.OfC.00228 has used '/Observer'.
19:36:12: C45:CP.APEX.OfC.00228 has used '/Observer'.
19:36:12: C45:CP.APEX.OfC.00228 has used '/Observer'.
19:37:28: C45:CP.APEX.OfC.00228 has used '/Observer'.
19:37:28: C45:CP.APEX.OfC.00228 has used '/Observer'.
19:37:29: C45:CP.APEX.OfC.00228 has used '/Observer'.
19:37:30: C45:CP.APEX.OfC.00228 has used '/Observer'.
19:37:31: C45:CP.APEX.OfC.00228 has used '/Observer'.
19:37:31: C45:CP.APEX.OfC.00228 has used '/Observer'.
19:53:56: C45:CP.APEX.OfC.00228 has used '/Observer'.
19:53:56: C45:CP.APEX.OfC.00228 has used '/Observer'.
19:53:58: C45:CP.APEX.OfC.00228 has used '/Observer'.
19:53:58: C45:CP.APEX.OfC.00228 has used '/Observer'.
19:54:00: C45:CP.APEX.OfC.00228 has used '/Observer'.
19:54:00: C45:CP.APEX.OfC.00228 has used '/Observer'.
19:54:18: C45:CP.APEX.OfC.00228 has used '/Observer'.
19:54:18: C45:CP.APEX.OfC.00228 has used '/Observer'.
19:59:09: C45:CP.APEX.OfC.00228 has used '/Observer'.
19:59:11: C45:CP.APEX.OfC.00228 has used '/Observer'.
19:59:49: C45:CP.APEX.OfC.00228 has used '/Observer'.
19:59:54: C45:CP.APEX.OfC.00228 has used '/Observer'.
19:59:55: C45:CP.APEX.OfC.00228 has used '/Observer'.
20:00:39: C45:CP.APEX.OfC.00228 has taken 171 damage from worldspawn, leaving them at 329 health!
20:01:29: C45:CP.APEX.OfC.00228 has been cured of all diseases.
20:01:29: worldspawn has dealt 22 damage to C45:CP.APEX.OfC.00228, killing them!
20:04:23: C45:CP.APEX.OfC.00228 has used '/Observer'.
20:04:24: C45:CP.APEX.OfC.00228 has used '/Observer'.
20:04:24: C45:CP.APEX.OfC.00228 has used '/Observer'.
20:04:26: C45:CP.APEX.OfC.00228 has used '/Observer'.
20:04:27: C45:CP.APEX.OfC.00228 has used '/Observer'.
20:04:28: C45:CP.APEX.OfC.00228 has used '/Observer'.
20:04:31: C45:CP.APEX.OfC.00228 has used '/Observer'.
20:04:32: C45:CP.APEX.OfC.00228 has used '/Observer'.
20:04:32: C45:CP.APEX.OfC.00228 has used '/Observer'.
20:04:33: C45:CP.APEX.OfC.00228 has used '/Observer'.
20:04:42: C45:CP.APEX.OfC.00228 has used '/Observer'.
20:05:07: C45:CP.APEX.OfC.00228 has used '/Observer'.
20:05:08: C45:CP.APEX.OfC.00228 has used '/Observer'.
20:05:10: C45:CP.APEX.OfC.00228 has used '/Observer'.
20:05:12: C45:CP.APEX.OfC.00228 has used '/Observer'.
20:05:13: C45:CP.APEX.OfC.00228 has used '/Observer'.
20:05:16: C45:CP.APEX.OfC.00228 has used '/Observer'.
20:05:20: C45:CP.APEX.OfC.00228 has used '/Observer'.
20:05:20: C45:CP.APEX.OfC.00228 has used '/Observer'.
20:05:21: C45:CP.APEX.OfC.00228 has used '/Observer'.
20:05:22: C45:CP.APEX.OfC.00228 has used '/Observer'.
20:05:23: C45:CP.APEX.OfC.00228 has used '/Observer'.
20:11:13: C45:CP.APEX.OfC.00228 has used '/Observer'.
20:11:14: C45:CP.APEX.OfC.00228 has used '/Observer'.
20:11:14: C45:CP.APEX.OfC.00228 has used '/Observer'.
20:11:16: C45:CP.APEX.OfC.00228 has used '/Observer'.
20:21:21: C45:CP.APEX.OfC.00228 has used '/Observer'.
20:21:33: C45:CP.APEX.OfC.00228 has used '/Observer'.
20:21:35: C45:CP.APEX.OfC.00228 has used '/Observer'.
20:21:41: C45:CP.APEX.OfC.00228 has used '/Observer'.
20:21:42: C45:CP.APEX.OfC.00228 has used '/Observer'.
20:29:55: C45:CP.APEX.OfC.00228 has used '/Observer'.
20:29:57: C45:CP.APEX.OfC.00228 has used '/Observer'.
20:29:57: C45:CP.APEX.OfC.00228 has used '/Observer'.
20:34:58: C45:CP.APEX.OfC.00228 has used '/CharGiveItem cp противогаз'.
20:35:03: C45:CP.APEX.OfC.00228 has gained a Противогаз 1463074504.
20:35:03: C45:CP.APEX.OfC.00228 has used '/CharGiveItem cp Противогаз'.
20:35:15: C45:CP.APEX.OfC.00228 has lost a Противогаз 1463074504.
20:35:15: C45:CP.APEX.OfC.00228 has used '/InvAction drop Противогаз 1463074504.00'.
20:35:59: C45:CP.APEX.OfC.00228 has gained a Противогаз 1463074504.
20:39:21: C45:CP.APEX.OfC.00228 has gained a USP Match 1463074763.
20:39:21: C45:CP.APEX.OfC.00228 has used '/CharGiveItem cp usp'.
21:47:09: SchωarzKrµppzo (STEAM_0:1:44629398) has connected.
21:53:53: SchωarzKrµppzo (STEAM_0:1:44629398) has connected.
21:57:37: SchωarzKrµppzo (STEAM_0:1:44629398) has connected.
21:58:40: SchωarzKrµppzo has loaded the character 'C45:CP.APEX.OfC.00228'.
22:05:52: SchωarzKrµppzo (STEAM_0:1:44629398) has connected.
22:06:44: SchωarzKrµppzo has loaded the character 'C45:CP.APEX.OfC.00228'.
22:10:48: SchωarzKrµppzo (STEAM_0:1:44629398) has connected.
22:11:45: SchωarzKrµppzo has loaded the character 'C45:CP.APEX.OfC.00228'.
22:19:26: SchωarzKrµppzo (STEAM_0:1:44629398) has connected.
22:20:27: SchωarzKrµppzo has loaded the character 'C45:CP.APEX.OfC.00228'.
22:22:53: C45:CP.APEX.OfC.00228 has used '/Observer'.
22:22:53: C45:CP.APEX.OfC.00228 has used '/Observer'.
22:22:56: C45:CP.APEX.OfC.00228 has used '/Observer'.
22:22:57: C45:CP.APEX.OfC.00228 has used '/Observer'.
22:22:57: C45:CP.APEX.OfC.00228 has used '/Observer'.
22:23:05: C45:CP.APEX.OfC.00228 has used '/Observer'.
22:29:55: SchωarzKrµppzo (STEAM_0:1:44629398) has connected.
22:30:40: SchωarzKrµppzo has loaded the character 'C45:CP.APEX.OfC.00228'.
22:30:49: C45:CP.APEX.OfC.00228 has used '/Observer'.
22:30:50: C45:CP.APEX.OfC.00228 has used '/Observer'.
22:35:04: SchωarzKrµppzo (STEAM_0:1:44629398) has connected.
22:36:24: SchωarzKrµppzo has loaded the character 'C45:CP.APEX.OfC.00228'.
22:36:34: C45:CP.APEX.OfC.00228 has used '/Observer'.
22:36:34: C45:CP.APEX.OfC.00228 has used '/Observer'.
22:54:06: SchωarzKrµppzo (STEAM_0:1:44629398) has connected.
22:54:57: SchωarzKrµppzo has loaded the character 'C45:CP.APEX.OfC.00228'.
23:00:16: C45:CP.APEX.OfC.00228 (STEAM_0:1:44629398) has disconnected.
23:03:10: SchωarzKrµppzo (STEAM_0:1:44629398) has connected.
23:04:02: SchωarzKrµppzo has loaded the character 'C45:CP.APEX.OfC.00228'.
23:08:23: C45:CP.APEX.OfC.00228 has gained a Противогаз 1463083704.
23:08:23: C45:CP.APEX.OfC.00228 has used '/CharGiveItem cp gasmask'.
23:08:43: C45:CP.APEX.OfC.00228 has used '/Observer'.
23:08:43: C45:CP.APEX.OfC.00228 has used '/Observer'.
23:08:44: C45:CP.APEX.OfC.00228 has used '/Observer'.
23:08:45: C45:CP.APEX.OfC.00228 has used '/Observer'.
23:08:47: C45:CP.APEX.OfC.00228 has used '/Observer'.
23:08:47: C45:CP.APEX.OfC.00228 has used '/Observer'.
23:08:49: C45:CP.APEX.OfC.00228 has used '/Observer'.
23:08:49: C45:CP.APEX.OfC.00228 has used '/Observer'.
23:08:51: C45:CP.APEX.OfC.00228 has used '/Observer'.
23:08:51: C45:CP.APEX.OfC.00228 has used '/Observer'.
23:08:52: C45:CP.APEX.OfC.00228 has used '/Observer'.
23:08:52: C45:CP.APEX.OfC.00228 has used '/Observer'.
23:08:54: C45:CP.APEX.OfC.00228 has used '/Observer'.
23:08:54: C45:CP.APEX.OfC.00228 has used '/Observer'.
23:08:56: C45:CP.APEX.OfC.00228 has used '/Observer'.
23:08:56: C45:CP.APEX.OfC.00228 has used '/Observer'.
23:09:00: C45:CP.APEX.OfC.00228 has spawned 'models/props_c17/consolebox05a.mdl'.
23:09:00: C45:CP.APEX.OfC.00228 has spawned 'models/props_c17/consolebox05a.mdl'.
23:09:05: C45:CP.APEX.OfC.00228 has used '/Observer'.
23:09:06: C45:CP.APEX.OfC.00228 has used '/Observer'.
23:09:06: C45:CP.APEX.OfC.00228 has used '/Observer'.
23:09:07: C45:CP.APEX.OfC.00228 has used '/Observer'.
23:09:08: C45:CP.APEX.OfC.00228 has used '/Observer'.
23:09:08: C45:CP.APEX.OfC.00228 has used '/Observer'.
23:09:09: C45:CP.APEX.OfC.00228 has used '/Observer'.
23:09:09: C45:CP.APEX.OfC.00228 has used '/Observer'.
23:09:10: C45:CP.APEX.OfC.00228 has used '/Observer'.
23:09:11: C45:CP.APEX.OfC.00228 has used '/Observer'.
23:09:31: C45:CP.APEX.OfC.00228 has spawned 'models/props_wasteland/panel_leverHandle001a.mdl'.
23:09:31: C45:CP.APEX.OfC.00228 has spawned 'models/props_wasteland/panel_leverHandle001a.mdl'.
23:09:33: C45:CP.APEX.OfC.00228 has spawned 'models/props_wasteland/panel_leverHandle001a.mdl'.
23:09:33: C45:CP.APEX.OfC.00228 has spawned 'models/props_wasteland/panel_leverHandle001a.mdl'.
23:09:47: C45:CP.APEX.OfC.00228 has spawned 'models/Items/combine_rifle_ammo01.mdl'.
23:09:47: C45:CP.APEX.OfC.00228 has spawned 'models/Items/combine_rifle_ammo01.mdl'.
23:10:01: C45:CP.APEX.OfC.00228 has used '/Observer'.
23:10:05: C45:CP.APEX.OfC.00228 has used '/Observer'.
23:10:13: C45:CP.APEX.OfC.00228 has spawned 'models/Items/car_battery01.mdl'.
23:10:13: C45:CP.APEX.OfC.00228 has spawned 'models/Items/car_battery01.mdl'.
23:10:18: C45:CP.APEX.OfC.00228 has used '/Observer'.
23:10:25: C45:CP.APEX.OfC.00228 has used '/Observer'.
23:10:32: C45:CP.APEX.OfC.00228 has spawned 'models/Items/battery.mdl'.
23:10:32: C45:CP.APEX.OfC.00228 has spawned 'models/Items/battery.mdl'.
23:10:32: C45:CP.APEX.OfC.00228 has used '/Observer'.
23:10:36: C45:CP.APEX.OfC.00228 has used '/Observer'.
23:10:47: C45:CP.APEX.OfC.00228 has spawned 'models/Items/357ammo.mdl'.
23:10:47: C45:CP.APEX.OfC.00228 has spawned 'models/Items/357ammo.mdl'.
23:10:49: C45:CP.APEX.OfC.00228 has spawned 'models/Items/357ammobox.mdl'.
23:10:49: C45:CP.APEX.OfC.00228 has spawned 'models/Items/357ammobox.mdl'.
23:10:53: C45:CP.APEX.OfC.00228 has spawned 'models/Items/combine_rifle_cartridge01.mdl'.
23:10:53: C45:CP.APEX.OfC.00228 has spawned 'models/Items/combine_rifle_cartridge01.mdl'.
23:12:14: C45:CP.APEX.OfC.00228 has spawned 'models/healthvial.mdl'.
23:12:14: C45:CP.APEX.OfC.00228 has spawned 'models/healthvial.mdl'.
23:12:23: C45:CP.APEX.OfC.00228 has spawned 'models/alyx_emptool_prop.mdl'.
23:12:23: C45:CP.APEX.OfC.00228 has spawned 'models/alyx_emptool_prop.mdl'.
23:12:24: C45:CP.APEX.OfC.00228 has used '/Observer'.
23:12:30: C45:CP.APEX.OfC.00228 has used '/Observer'.
23:12:34: C45:CP.APEX.OfC.00228 has spawned 'models/container_chunk01.mdl'.
23:12:34: C45:CP.APEX.OfC.00228 has spawned 'models/container_chunk01.mdl'.
23:12:35: C45:CP.APEX.OfC.00228 has used '/Observer'.
23:12:36: C45:CP.APEX.OfC.00228 has used '/Observer'.
23:12:57: C45:CP.APEX.OfC.00228 has spawned 'models/blackout.mdl'.
23:12:57: C45:CP.APEX.OfC.00228 has spawned 'models/blackout.mdl'.
23:13:01: C45:CP.APEX.OfC.00228 has used '/Observer'.
23:13:02: C45:CP.APEX.OfC.00228 has used '/Observer'.
23:13:04: C45:CP.APEX.OfC.00228 has used '/Observer'.
23:13:10: C45:CP.APEX.OfC.00228 has used '/Observer'.
23:13:47: C45:CP.APEX.OfC.00228 has spawned 'models/gibs/scanner_gib04.mdl'.
23:13:47: C45:CP.APEX.OfC.00228 has spawned 'models/gibs/scanner_gib04.mdl'.
23:13:48: C45:CP.APEX.OfC.00228 has used '/Observer'.
23:13:56: C45:CP.APEX.OfC.00228 has spawned 'models/gibs/gunship_gibs_tailsection.mdl'.
23:13:56: C45:CP.APEX.OfC.00228 has spawned 'models/gibs/gunship_gibs_tailsection.mdl'.
23:13:58: C45:CP.APEX.OfC.00228 has used '/Observer'.
23:13:59: C45:CP.APEX.OfC.00228 has spawned 'models/gibs/shield_scanner_gib5.mdl'.
23:13:59: C45:CP.APEX.OfC.00228 has spawned 'models/gibs/shield_scanner_gib5.mdl'.
23:13:59: C45:CP.APEX.OfC.00228 has used '/Observer'.
23:14:02: C45:CP.APEX.OfC.00228 has spawned 'models/gibs/shield_scanner_gib6.mdl'.
23:14:02: C45:CP.APEX.OfC.00228 has spawned 'models/gibs/shield_scanner_gib6.mdl'.
23:14:05: C45:CP.APEX.OfC.00228 has used '/Observer'.
23:14:06: C45:CP.APEX.OfC.00228 has spawned 'models/gibs/shield_scanner_gib2.mdl'.
23:14:06: C45:CP.APEX.OfC.00228 has spawned 'models/gibs/shield_scanner_gib2.mdl'.
23:14:12: C45:CP.APEX.OfC.00228 has spawned 'models/gibs/shield_scanner_gib1.mdl'.
23:14:12: C45:CP.APEX.OfC.00228 has spawned 'models/gibs/shield_scanner_gib1.mdl'.
23:14:12: C45:CP.APEX.OfC.00228 has used '/Observer'.
23:14:19: C45:CP.APEX.OfC.00228 has used '/Observer'.
23:14:20: C45:CP.APEX.OfC.00228 has used '/Observer'.
23:14:21: C45:CP.APEX.OfC.00228 has used '/Observer'.
23:14:22: C45:CP.APEX.OfC.00228 has used '/Observer'.
23:14:22: C45:CP.APEX.OfC.00228 has spawned 'models/gibs/airboat_broken_engine.mdl'.
23:14:22: C45:CP.APEX.OfC.00228 has spawned 'models/gibs/airboat_broken_engine.mdl'.
23:14:32: C45:CP.APEX.OfC.00228 has used '/Observer'.
23:14:34: C45:CP.APEX.OfC.00228 has spawned 'models/gibs/strider_gib2.mdl'.
23:14:34: C45:CP.APEX.OfC.00228 has spawned 'models/gibs/strider_gib2.mdl'.
23:14:37: C45:CP.APEX.OfC.00228 has spawned 'models/gibs/scanner_gib02.mdl'.
23:14:37: C45:CP.APEX.OfC.00228 has spawned 'models/gibs/scanner_gib02.mdl'.
23:14:41: C45:CP.APEX.OfC.00228 has spawned 'models/gibs/gunship_gibs_midsection.mdl'.
23:14:41: C45:CP.APEX.OfC.00228 has spawned 'models/gibs/gunship_gibs_midsection.mdl'.
23:14:43: C45:CP.APEX.OfC.00228 has spawned 'models/gibs/gunship_gibs_headsection.mdl'.
23:14:43: C45:CP.APEX.OfC.00228 has spawned 'models/gibs/gunship_gibs_headsection.mdl'.
23:14:46: C45:CP.APEX.OfC.00228 has spawned 'models/gibs/antlion_gib_small_3.mdl'.
23:14:46: C45:CP.APEX.OfC.00228 has spawned 'models/gibs/antlion_gib_small_3.mdl'.
23:14:52: C45:CP.APEX.OfC.00228 has spawned 'models/gibs/gunship_gibs_eye.mdl'.
23:14:52: C45:CP.APEX.OfC.00228 has spawned 'models/gibs/gunship_gibs_eye.mdl'.
23:15:16: C45:CP.APEX.OfC.00228 has spawned 'models/props_c17/canisterchunk02d.mdl'.
23:15:16: C45:CP.APEX.OfC.00228 has spawned 'models/props_c17/canisterchunk02d.mdl'.
23:15:29: C45:CP.APEX.OfC.00228 has spawned 'models/props_c17/utilityconnecter006.mdl'.
23:15:29: C45:CP.APEX.OfC.00228 has spawned 'models/props_c17/utilityconnecter006.mdl'.
23:15:31: C45:CP.APEX.OfC.00228 has spawned 'models/props_c17/utilityconnecter005.mdl'.
23:15:31: C45:CP.APEX.OfC.00228 has spawned 'models/props_c17/utilityconnecter005.mdl'.
23:15:32: C45:CP.APEX.OfC.00228 has used '/Observer'.
23:15:34: C45:CP.APEX.OfC.00228 has used '/Observer'.
23:15:35: C45:CP.APEX.OfC.00228 has spawned 'models/props_c17/traffic_light001a.mdl'.
23:15:35: C45:CP.APEX.OfC.00228 has spawned 'models/props_c17/traffic_light001a.mdl'.
23:15:55: C45:CP.APEX.OfC.00228 has spawned 'models/props_c17/light_floodlight02_off.mdl'.
23:15:55: C45:CP.APEX.OfC.00228 has spawned 'models/props_c17/light_floodlight02_off.mdl'.
23:15:57: C45:CP.APEX.OfC.00228 has spawned 'models/props_c17/light_decklight01_off.mdl'.
23:15:57: C45:CP.APEX.OfC.00228 has spawned 'models/props_c17/light_decklight01_off.mdl'.
23:16:03: C45:CP.APEX.OfC.00228 has spawned 'models/props_c17/overpass_001b.mdl'.
23:16:03: C45:CP.APEX.OfC.00228 has spawned 'models/props_c17/overpass_001b.mdl'.
23:16:06: C45:CP.APEX.OfC.00228 has used '/Observer'.
23:16:07: C45:CP.APEX.OfC.00228 has used '/Observer'.
23:16:10: C45:CP.APEX.OfC.00228 has spawned 'models/props_c17/lampfixture01a.mdl'.
23:16:10: C45:CP.APEX.OfC.00228 has spawned 'models/props_c17/lampfixture01a.mdl'.
23:16:14: C45:CP.APEX.OfC.00228 has spawned 'models/props_c17/gasmeter003a.mdl'.
23:16:14: C45:CP.APEX.OfC.00228 has spawned 'models/props_c17/gasmeter003a.mdl'.
23:16:15: C45:CP.APEX.OfC.00228 has spawned 'models/props_c17/gasmeter002a.mdl'.
23:16:15: C45:CP.APEX.OfC.00228 has spawned 'models/props_c17/gasmeter002a.mdl'.
23:16:19: C45:CP.APEX.OfC.00228 has spawned 'models/props_c17/grinderclamp01a.mdl'.
23:16:19: C45:CP.APEX.OfC.00228 has spawned 'models/props_c17/grinderclamp01a.mdl'.
23:16:36: C45:CP.APEX.OfC.00228 has spawned 'models/props_citizen_tech/firetrap_buttonpad.mdl'.
23:16:36: C45:CP.APEX.OfC.00228 has spawned 'models/props_citizen_tech/firetrap_buttonpad.mdl'.
23:16:44: C45:CP.APEX.OfC.00228 has spawned 'models/props_combine/breenlight.mdl'.
23:16:44: C45:CP.APEX.OfC.00228 has spawned 'models/props_combine/breenlight.mdl'.
23:16:45: C45:CP.APEX.OfC.00228 has used '/Observer'.
23:16:57: C45:CP.APEX.OfC.00228 has used '/Observer'.
23:16:58: C45:CP.APEX.OfC.00228 has spawned 'models/props_combine/breenbust_chunk02.mdl'.
23:16:58: C45:CP.APEX.OfC.00228 has spawned 'models/props_combine/breenbust_chunk02.mdl'.
23:17:09: C45:CP.APEX.OfC.00228 has spawned 'models/props_combine/combinebutton.mdl'.
23:17:09: C45:CP.APEX.OfC.00228 has spawned 'models/props_combine/combinebutton.mdl'.
23:17:20: C45:CP.APEX.OfC.00228 has used '/Observer'.
23:17:20: C45:CP.APEX.OfC.00228 has used '/Observer'.
23:17:21: C45:CP.APEX.OfC.00228 has spawned 'models/props_combine/combinebuttress.mdl'.
23:17:21: C45:CP.APEX.OfC.00228 has spawned 'models/props_combine/combinebuttress.mdl'.
23:17:22: C45:CP.APEX.OfC.00228 has used '/Observer'.
23:17:24: C45:CP.APEX.OfC.00228 has used '/Observer'.
23:17:55: C45:CP.APEX.OfC.00228 has spawned 'models/props_interiors/lightsconce01.mdl'.
23:17:55: C45:CP.APEX.OfC.00228 has spawned 'models/props_interiors/lightsconce01.mdl'.
23:17:56: C45:CP.APEX.OfC.00228 has spawned 'models/props_interiors/lightsconce01.mdl'.
23:17:56: C45:CP.APEX.OfC.00228 has spawned 'models/props_interiors/lightsconce01.mdl'.
23:18:10: C45:CP.APEX.OfC.00228 has spawned 'models/props_junk/vent001_chunk8.mdl'.
23:18:10: C45:CP.APEX.OfC.00228 has spawned 'models/props_junk/vent001_chunk8.mdl'.
23:18:11: C45:CP.APEX.OfC.00228 has used '/Observer'.
23:18:16: C45:CP.APEX.OfC.00228 has used '/Observer'.
23:18:17: C45:CP.APEX.OfC.00228 has used '/Observer'.
23:18:17: C45:CP.APEX.OfC.00228 has used '/Observer'.
23:18:23: C45:CP.APEX.OfC.00228 has spawned 'models/props_junk/garbage_carboard001a.mdl'.
23:18:23: C45:CP.APEX.OfC.00228 has spawned 'models/props_junk/garbage_carboard001a.mdl'.
23:18:26: C45:CP.APEX.OfC.00228 has spawned 'models/props_junk/garbage_glassbottle002a_chunk02.mdl'.
23:18:26: C45:CP.APEX.OfC.00228 has spawned 'models/props_junk/garbage_glassbottle002a_chunk02.mdl'.
23:18:35: C45:CP.APEX.OfC.00228 has spawned 'models/props_junk/rock001a.mdl'.
23:18:35: C45:CP.APEX.OfC.00228 has spawned 'models/props_junk/rock001a.mdl'.
23:18:45: C45:CP.APEX.OfC.00228 has spawned 'models/props_lab/box01a.mdl'.
23:18:45: C45:CP.APEX.OfC.00228 has spawned 'models/props_lab/box01a.mdl'.
23:18:50: C45:CP.APEX.OfC.00228 has spawned 'models/props_lab/bigrock.mdl'.
23:18:50: C45:CP.APEX.OfC.00228 has spawned 'models/props_lab/bigrock.mdl'.
23:18:53: C45:CP.APEX.OfC.00228 has spawned 'models/props_lab/crystalbulk.mdl'.
23:18:53: C45:CP.APEX.OfC.00228 has spawned 'models/props_lab/crystalbulk.mdl'.
23:19:03: C45:CP.APEX.OfC.00228 has spawned 'models/props_lab/cornerunit2.mdl'.
23:19:03: C45:CP.APEX.OfC.00228 has spawned 'models/props_lab/cornerunit2.mdl'.
23:19:16: C45:CP.APEX.OfC.00228 has spawned 'models/props_lab/powerbox01a.mdl'.
23:19:16: C45:CP.APEX.OfC.00228 has spawned 'models/props_lab/powerbox01a.mdl'.
23:19:17: C45:CP.APEX.OfC.00228 has spawned 'models/props_lab/powerbox02a.mdl'.
23:19:17: C45:CP.APEX.OfC.00228 has spawned 'models/props_lab/powerbox02a.mdl'.
23:19:19: C45:CP.APEX.OfC.00228 has spawned 'models/props_lab/powerbox02b.mdl'.
23:19:19: C45:CP.APEX.OfC.00228 has spawned 'models/props_lab/powerbox02b.mdl'.
23:19:21: C45:CP.APEX.OfC.00228 has spawned 'models/props_lab/powerbox02c.mdl'.
23:19:21: C45:CP.APEX.OfC.00228 has spawned 'models/props_lab/powerbox02c.mdl'.
23:19:27: C45:CP.APEX.OfC.00228 has spawned 'models/props_lab/powerbox02d.mdl'.
23:19:27: C45:CP.APEX.OfC.00228 has spawned 'models/props_lab/powerbox02d.mdl'.
23:19:27: C45:CP.APEX.OfC.00228 has used '/Observer'.
23:19:35: C45:CP.APEX.OfC.00228 has used '/Observer'.
23:19:37: C45:CP.APEX.OfC.00228 has spawned 'models/props_lab/powerbox03a.mdl'.
23:19:37: C45:CP.APEX.OfC.00228 has spawned 'models/props_lab/powerbox03a.mdl'.
23:19:38: C45:CP.APEX.OfC.00228 has used '/Observer'.
23:19:44: C45:CP.APEX.OfC.00228 has spawned 'models/props_lab/ravendoor.mdl'.
23:19:44: C45:CP.APEX.OfC.00228 has spawned 'models/props_lab/ravendoor.mdl'.
23:19:46: C45:CP.APEX.OfC.00228 has spawned 'models/props_lab/reciever01a.mdl'.
23:19:46: C45:CP.APEX.OfC.00228 has spawned 'models/props_lab/reciever01a.mdl'.
23:19:48: C45:CP.APEX.OfC.00228 has spawned 'models/props_lab/reciever01c.mdl'.
23:19:48: C45:CP.APEX.OfC.00228 has spawned 'models/props_lab/reciever01c.mdl'.
23:19:51: C45:CP.APEX.OfC.00228 has spawned 'models/props_lab/reciever01d.mdl'.
23:19:51: C45:CP.APEX.OfC.00228 has spawned 'models/props_lab/reciever01d.mdl'.
23:20:01: C45:CP.APEX.OfC.00228 has spawned 'models/props_lab/teleportbulk.mdl'.
23:20:01: C45:CP.APEX.OfC.00228 has spawned 'models/props_lab/teleportbulk.mdl'.
23:20:04: C45:CP.APEX.OfC.00228 has spawned 'models/props_lab/tpswitch.mdl'.
23:20:04: C45:CP.APEX.OfC.00228 has spawned 'models/props_lab/tpswitch.mdl'.
23:20:08: C45:CP.APEX.OfC.00228 has spawned 'models/props_lab/tpplugholder_single.mdl'.
23:20:08: C45:CP.APEX.OfC.00228 has spawned 'models/props_lab/tpplugholder_single.mdl'.
23:20:11: C45:CP.APEX.OfC.00228 has spawned 'models/props_lab/walllight001a.mdl'.
23:20:11: C45:CP.APEX.OfC.00228 has spawned 'models/props_lab/walllight001a.mdl'.
23:20:19: C45:CP.APEX.OfC.00228 has spawned 'models/props_lab/pipesystem03d.mdl'.
23:20:19: C45:CP.APEX.OfC.00228 has spawned 'models/props_lab/pipesystem03d.mdl'.
23:20:27: C45:CP.APEX.OfC.00228 has spawned 'models/props_lab/ladderset.mdl'.
23:20:27: C45:CP.APEX.OfC.00228 has spawned 'models/props_lab/ladderset.mdl'.
23:20:29: C45:CP.APEX.OfC.00228 has used '/Observer'.
23:20:31: C45:CP.APEX.OfC.00228 has used '/Observer'.
23:20:34: C45:CP.APEX.OfC.00228 has used '/Observer'.
23:20:35: C45:CP.APEX.OfC.00228 has spawned 'models/props_lab/lab_flourescentlight002b.mdl'.
23:20:35: C45:CP.APEX.OfC.00228 has spawned 'models/props_lab/lab_flourescentlight002b.mdl'.
23:20:47: C45:CP.APEX.OfC.00228 has spawned 'models/props_lab/cornerunit2.mdl'.
23:20:47: C45:CP.APEX.OfC.00228 has spawned 'models/props_lab/cornerunit2.mdl'.
23:20:51: C45:CP.APEX.OfC.00228 has spawned 'models/props_lab/keypad.mdl'.
23:20:51: C45:CP.APEX.OfC.00228 has spawned 'models/props_lab/keypad.mdl'.
23:20:52: C45:CP.APEX.OfC.00228 has used '/Observer'.
23:20:57: C45:CP.APEX.OfC.00228 has spawned 'models/props_lab/powerbox03a.mdl'.
23:20:57: C45:CP.APEX.OfC.00228 has spawned 'models/props_lab/powerbox03a.mdl'.
23:21:02: C45:CP.APEX.OfC.00228 has spawned 'models/props_lab/powerbox02d.mdl'.
23:21:02: C45:CP.APEX.OfC.00228 has spawned 'models/props_lab/powerbox02d.mdl'.
23:21:05: C45:CP.APEX.OfC.00228 has used '/Observer'.
23:21:09: C45:CP.APEX.OfC.00228 has spawned 'models/props_lab/powerbox02b.mdl'.
23:21:09: C45:CP.APEX.OfC.00228 has spawned 'models/props_lab/powerbox02b.mdl'.
23:21:11: C45:CP.APEX.OfC.00228 has spawned 'models/props_lab/powerbox02b.mdl'.
23:21:11: C45:CP.APEX.OfC.00228 has spawned 'models/props_lab/powerbox02b.mdl'.
23:21:16: C45:CP.APEX.OfC.00228 has spawned 'models/props_lab/powerbox02c.mdl'.
23:21:16: C45:CP.APEX.OfC.00228 has spawned 'models/props_lab/powerbox02c.mdl'.
23:21:19: C45:CP.APEX.OfC.00228 has spawned 'models/props_lab/powerbox02d.mdl'.
23:21:19: C45:CP.APEX.OfC.00228 has spawned 'models/props_lab/powerbox02d.mdl'.
23:21:24: C45:CP.APEX.OfC.00228 has spawned 'models/props_lab/tpplug.mdl'.
23:21:24: C45:CP.APEX.OfC.00228 has spawned 'models/props_lab/tpplug.mdl'.
23:21:25: C45:CP.APEX.OfC.00228 has used '/Observer'.
23:21:29: C45:CP.APEX.OfC.00228 has used '/Observer'.
23:21:31: C45:CP.APEX.OfC.00228 has spawned 'models/props_lab/tpplug.mdl'.
23:21:31: C45:CP.APEX.OfC.00228 has spawned 'models/props_lab/tpplug.mdl'.
23:21:32: C45:CP.APEX.OfC.00228 has used '/Observer'.
23:21:34: C45:CP.APEX.OfC.00228 has used '/Observer'.
23:21:39: C45:CP.APEX.OfC.00228 has spawned 'models/props_lab/reciever01d.mdl'.
23:21:39: C45:CP.APEX.OfC.00228 has spawned 'models/props_lab/reciever01d.mdl'.
23:21:47: C45:CP.APEX.OfC.00228 has spawned 'models/props_pipes/valve001.mdl'.
23:21:47: C45:CP.APEX.OfC.00228 has spawned 'models/props_pipes/valve001.mdl'.
23:22:00: C45:CP.APEX.OfC.00228 has spawned 'models/props_trainstation/tracklight01.mdl'.
23:22:00: C45:CP.APEX.OfC.00228 has spawned 'models/props_trainstation/tracklight01.mdl'.
23:22:13: C45:CP.APEX.OfC.00228 has spawned 'models/props_wasteland/light_spotlight02_base.mdl'.
23:22:13: C45:CP.APEX.OfC.00228 has spawned 'models/props_wasteland/light_spotlight02_base.mdl'.
23:22:15: C45:CP.APEX.OfC.00228 has spawned 'models/props_wasteland/light_spotlight01_base.mdl'.
23:22:15: C45:CP.APEX.OfC.00228 has spawned 'models/props_wasteland/light_spotlight01_base.mdl'.
23:22:19: C45:CP.APEX.OfC.00228 has spawned 'models/props_wasteland/medbridge_arch01.mdl'.
23:22:19: C45:CP.APEX.OfC.00228 has spawned 'models/props_wasteland/medbridge_arch01.mdl'.
23:22:20: C45:CP.APEX.OfC.00228 has used '/Observer'.
23:22:22: C45:CP.APEX.OfC.00228 has used '/Observer'.
23:22:23: C45:CP.APEX.OfC.00228 has used '/Observer'.
23:22:23: C45:CP.APEX.OfC.00228 has spawned 'models/props_wasteland/plasterwall029c_window01a.mdl'.
23:22:23: C45:CP.APEX.OfC.00228 has spawned 'models/props_wasteland/plasterwall029c_window01a.mdl'.
23:22:25: C45:CP.APEX.OfC.00228 has used '/Observer'.
23:22:26: C45:CP.APEX.OfC.00228 has spawned 'models/props_wasteland/prison_cagedlight001a.mdl'.
23:22:26: C45:CP.APEX.OfC.00228 has spawned 'models/props_wasteland/prison_cagedlight001a.mdl'.
23:22:28: C45:CP.APEX.OfC.00228 has used '/Observer'.
23:22:31: C45:CP.APEX.OfC.00228 has spawned 'models/props_wasteland/depot.mdl'.
23:22:31: C45:CP.APEX.OfC.00228 has spawned 'models/props_wasteland/depot.mdl'.
23:22:33: C45:CP.APEX.OfC.00228 has spawned 'models/props_wasteland/depot.mdl'.
23:22:33: C45:CP.APEX.OfC.00228 has spawned 'models/props_wasteland/depot.mdl'.
23:22:45: C45:CP.APEX.OfC.00228 has used '/Observer'.
23:23:23: C45:CP.APEX.OfC.00228 has spawned 'models/props_wasteland/coolingtank01.mdl'.
23:23:23: C45:CP.APEX.OfC.00228 has spawned 'models/props_wasteland/coolingtank01.mdl'.
23:23:31: C45:CP.APEX.OfC.00228 has spawned 'models/props_wasteland/prison_cellwindow002a.mdl'.
23:23:31: C45:CP.APEX.OfC.00228 has spawned 'models/props_wasteland/prison_cellwindow002a.mdl'.
23:23:33: C45:CP.APEX.OfC.00228 has spawned 'models/props_wasteland/prison_heavydoor001a.mdl'.
23:23:33: C45:CP.APEX.OfC.00228 has spawned 'models/props_wasteland/prison_heavydoor001a.mdl'.
23:23:43: C45:CP.APEX.OfC.00228 has spawned 'models/props_wasteland/lighthouse_fresnel_light.mdl'.
23:23:43: C45:CP.APEX.OfC.00228 has spawned 'models/props_wasteland/lighthouse_fresnel_light.mdl'.
23:23:49: C45:CP.APEX.OfC.00228 has spawned 'models/props_wasteland/tram_leverbase01.mdl'.
23:23:49: C45:CP.APEX.OfC.00228 has spawned 'models/props_wasteland/tram_leverbase01.mdl'.
23:23:50: C45:CP.APEX.OfC.00228 has used '/Observer'.
23:23:59: C45:CP.APEX.OfC.00228 has used '/Observer'.
23:24:12: C45:CP.APEX.OfC.00228 has spawned 'models/props_wasteland/tugtop001.mdl'.
23:24:12: C45:CP.APEX.OfC.00228 has spawned 'models/props_wasteland/tugtop001.mdl'.
23:24:29: C45:CP.APEX.OfC.00228 has used '/Observer'.
23:24:30: C45:CP.APEX.OfC.00228 has used '/Observer'.
23:24:39: C45:CP.APEX.OfC.00228 has spawned 'models/props_wasteland/prison_metalbed001a.mdl'.
23:24:39: C45:CP.APEX.OfC.00228 has spawned 'models/props_wasteland/prison_metalbed001a.mdl'.
23:24:48: C45:CP.APEX.OfC.00228 has spawned 'models/props_wasteland/controlroom_monitor001a.mdl'.
23:24:48: C45:CP.APEX.OfC.00228 has spawned 'models/props_wasteland/controlroom_monitor001a.mdl'.
23:24:52: C45:CP.APEX.OfC.00228 has spawned 'models/props_wasteland/depot.mdl'.
23:24:52: C45:CP.APEX.OfC.00228 has spawned 'models/props_wasteland/depot.mdl'.
23:25:00: C45:CP.APEX.OfC.00228 has spawned 'models/vehicles/inner_pod_arm.mdl'.
23:25:00: C45:CP.APEX.OfC.00228 has spawned 'models/vehicles/inner_pod_arm.mdl'.
23:26:23: C45:CP.APEX.OfC.00228 has spawned 'models/props_combine/combine_binocular01.mdl'.
23:26:23: C45:CP.APEX.OfC.00228 has spawned 'models/props_combine/combine_binocular01.mdl'.
23:26:27: C45:CP.APEX.OfC.00228 has used '/Observer'.
23:26:41: C45:CP.APEX.OfC.00228 has used '/Observer'.
23:26:43: C45:CP.APEX.OfC.00228 has used '/Observer'.
23:26:46: C45:CP.APEX.OfC.00228 has used '/Observer'.
23:27:11: C45:CP.APEX.OfC.00228 has used '/Observer'.
23:27:11: C45:CP.APEX.OfC.00228 has used '/Observer'.
23:27:12: C45:CP.APEX.OfC.00228 has used '/Observer'.
23:27:12: C45:CP.APEX.OfC.00228 has used '/Observer'.
23:27:13: C45:CP.APEX.OfC.00228 has used '/Observer'.
23:27:13: C45:CP.APEX.OfC.00228 has spawned 'models/handheld_radio.mdl'.
23:27:13: C45:CP.APEX.OfC.00228 has spawned 'models/handheld_radio.mdl'.
23:27:18: C45:CP.APEX.OfC.00228 has used '/Observer'.
23:27:22: C45:CP.APEX.OfC.00228 has used '/Observer'.
23:27:27: C45:CP.APEX.OfC.00228 has used '/Observer'.
23:27:33: C45:CP.APEX.OfC.00228 has used '/Observer'.
23:27:34: C45:CP.APEX.OfC.00228 has used '/Observer'.
23:32:10: C45:CP.APEX.OfC.00228 has used '/Observer'.
23:32:12: C45:CP.APEX.OfC.00228 has used '/Observer'.
23:32:14: C45:CP.APEX.OfC.00228 has used '/Observer'.
23:32:16: C45:CP.APEX.OfC.00228 has used '/Observer'.
23:32:16: C45:CP.APEX.OfC.00228 has taken 32 damage from worldspawn, leaving them at 68 health and 116 armor!
23:33:29: C45:CP.APEX.OfC.00228 has spawned 'models/props_phx2/garbage_metalcan001a.mdl'.
23:33:29: C45:CP.APEX.OfC.00228 has spawned 'models/props_phx2/garbage_metalcan001a.mdl'.
23:33:31: C45:CP.APEX.OfC.00228 has used '/Observer'.
23:33:39: C45:CP.APEX.OfC.00228 has used '/Observer'.
23:34:31: C45:CP.APEX.OfC.00228 has used '/Observer'.
23:34:35: C45:CP.APEX.OfC.00228 has used '/Observer'.
23:34:39: C45:CP.APEX.OfC.00228 has used '/Observer'.
23:34:45: C45:CP.APEX.OfC.00228 has used '/Observer'.
23:35:05: C45:CP.APEX.OfC.00228 has spawned 'models/props_junk/garbage_metalcan002a.mdl'.
23:35:05: C45:CP.APEX.OfC.00228 has spawned 'models/props_junk/garbage_metalcan002a.mdl'.
23:35:06: C45:CP.APEX.OfC.00228 has used '/Observer'.
23:35:08: C45:CP.APEX.OfC.00228 has used '/Observer'.
23:35:22: C45:CP.APEX.OfC.00228 has used '/Observer'.
23:35:22: C45:CP.APEX.OfC.00228 has used '/Observer'.
23:35:24: C45:CP.APEX.OfC.00228 has used '/Observer'.
23:35:24: C45:CP.APEX.OfC.00228 has used '/Observer'.
23:35:25: C45:CP.APEX.OfC.00228 has used '/Observer'.
23:35:25: C45:CP.APEX.OfC.00228 has used '/Observer'.
23:35:26: C45:CP.APEX.OfC.00228 has used '/Observer'.
23:35:26: C45:CP.APEX.OfC.00228 has used '/Observer'.
23:35:27: C45:CP.APEX.OfC.00228 has used '/Observer'.
23:35:27: C45:CP.APEX.OfC.00228 has used '/Observer'.
23:35:28: C45:CP.APEX.OfC.00228 has used '/Observer'.
23:35:29: C45:CP.APEX.OfC.00228 has used '/Observer'.
23:35:35: C45:CP.APEX.OfC.00228 has spawned 'models/props_c17/TrapPropeller_Lever.mdl'.
23:35:35: C45:CP.APEX.OfC.00228 has spawned 'models/props_c17/TrapPropeller_Lever.mdl'.
23:35:38: C45:CP.APEX.OfC.00228 has spawned 'models/props_canal/mattpipe.mdl'.
23:35:38: C45:CP.APEX.OfC.00228 has spawned 'models/props_canal/mattpipe.mdl'.
23:35:42: C45:CP.APEX.OfC.00228 has spawned 'models/props_c17/lamp001a.mdl'.
23:35:42: C45:CP.APEX.OfC.00228 has spawned 'models/props_c17/lamp001a.mdl'.
23:35:48: C45:CP.APEX.OfC.00228 has used '/Observer'.
23:35:51: C45:CP.APEX.OfC.00228 has spawned 'models/props_junk/glassjug01.mdl'.
23:35:51: C45:CP.APEX.OfC.00228 has spawned 'models/props_junk/glassjug01.mdl'.
23:35:56: C45:CP.APEX.OfC.00228 has used '/Observer'.
23:36:02: C45:CP.APEX.OfC.00228 has spawned 'models/props_lab/jar01b.mdl'.
23:36:02: C45:CP.APEX.OfC.00228 has spawned 'models/props_lab/jar01b.mdl'.
23:36:07: C45:CP.APEX.OfC.00228 has spawned 'models/props_lab/jar01b.mdl'.
23:36:07: C45:CP.APEX.OfC.00228 has spawned 'models/props_lab/jar01b.mdl'.
23:36:08: C45:CP.APEX.OfC.00228 has spawned 'models/props_lab/jar01a.mdl'.
23:36:08: C45:CP.APEX.OfC.00228 has spawned 'models/props_lab/jar01a.mdl'.
23:36:10: C45:CP.APEX.OfC.00228 has used '/Observer'.
23:36:24: C45:CP.APEX.OfC.00228 has used '/Observer'.
23:36:33: C45:CP.APEX.OfC.00228 has spawned 'models/props_lab/hevplate.mdl'.
23:36:33: C45:CP.APEX.OfC.00228 has spawned 'models/props_lab/hevplate.mdl'.
23:36:36: C45:CP.APEX.OfC.00228 has spawned 'models/props_lab/reciever01b.mdl'.
23:36:36: C45:CP.APEX.OfC.00228 has spawned 'models/props_lab/reciever01b.mdl'.
23:39:33: C45:CP.APEX.OfC.00228 has used '/Observer'.
23:39:33: C45:CP.APEX.OfC.00228 has used '/Observer'.
23:39:34: C45:CP.APEX.OfC.00228 has used '/Observer'.
23:39:34: C45:CP.APEX.OfC.00228 has used '/Observer'.
23:39:35: C45:CP.APEX.OfC.00228 has used '/Observer'.
23:39:35: C45:CP.APEX.OfC.00228 has used '/Observer'.
23:39:36: C45:CP.APEX.OfC.00228 has used '/Observer'.
23:39:36: C45:CP.APEX.OfC.00228 has used '/Observer'.
23:39:38: C45:CP.APEX.OfC.00228 has used '/Observer'.
23:39:38: C45:CP.APEX.OfC.00228 has used '/Observer'.
23:39:39: C45:CP.APEX.OfC.00228 has used '/Observer'.
23:39:40: C45:CP.APEX.OfC.00228 has used '/Observer'.
23:39:41: C45:CP.APEX.OfC.00228 has used '/Observer'.
23:39:41: C45:CP.APEX.OfC.00228 has used '/Observer'.
23:39:42: C45:CP.APEX.OfC.00228 has used '/Observer'.
23:39:42: C45:CP.APEX.OfC.00228 has used '/Observer'.
23:39:43: C45:CP.APEX.OfC.00228 has used '/Observer'.
23:39:43: C45:CP.APEX.OfC.00228 has used '/Observer'.
23:39:44: C45:CP.APEX.OfC.00228 has used '/Observer'.
23:39:44: C45:CP.APEX.OfC.00228 has used '/Observer'.
23:39:45: C45:CP.APEX.OfC.00228 has used '/Observer'.
23:39:46: C45:CP.APEX.OfC.00228 has used '/Observer'.
23:39:47: C45:CP.APEX.OfC.00228 has used '/Observer'.
23:39:47: C45:CP.APEX.OfC.00228 has used '/Observer'.
23:39:48: C45:CP.APEX.OfC.00228 has used '/Observer'.
23:39:48: C45:CP.APEX.OfC.00228 has used '/Observer'.
23:39:49: C45:CP.APEX.OfC.00228 has used '/Observer'.
23:39:49: C45:CP.APEX.OfC.00228 has used '/Observer'.
23:39:51: C45:CP.APEX.OfC.00228 has used '/Observer'.
23:39:51: C45:CP.APEX.OfC.00228 has used '/Observer'.
23:39:52: C45:CP.APEX.OfC.00228 has used '/Observer'.
23:39:52: C45:CP.APEX.OfC.00228 has used '/Observer'.
23:39:53: C45:CP.APEX.OfC.00228 has used '/Observer'.
23:39:54: C45:CP.APEX.OfC.00228 has used '/Observer'.
23:39:55: C45:CP.APEX.OfC.00228 has used '/Observer'.
23:39:55: C45:CP.APEX.OfC.00228 has used '/Observer'.
23:39:56: C45:CP.APEX.OfC.00228 has used '/Observer'.
23:39:56: C45:CP.APEX.OfC.00228 has used '/Observer'.
23:39:57: C45:CP.APEX.OfC.00228 has used '/Observer'.
23:39:57: C45:CP.APEX.OfC.00228 has used '/Observer'.
23:39:58: C45:CP.APEX.OfC.00228 has used '/Observer'.
23:39:58: C45:CP.APEX.OfC.00228 has used '/Observer'.
23:40:00: C45:CP.APEX.OfC.00228 has used '/Observer'.
23:40:00: C45:CP.APEX.OfC.00228 has used '/Observer'.
23:40:01: C45:CP.APEX.OfC.00228 has used '/Observer'.
23:40:01: C45:CP.APEX.OfC.00228 has used '/Observer'.
23:40:02: C45:CP.APEX.OfC.00228 has used '/Observer'.
23:40:02: C45:CP.APEX.OfC.00228 has used '/Observer'.
23:40:03: C45:CP.APEX.OfC.00228 has used '/Observer'.
23:40:08: C45:CP.APEX.OfC.00228 has used '/Observer'.
23:40:08: C45:CP.APEX.OfC.00228 has used '/Observer'.
23:40:09: C45:CP.APEX.OfC.00228 has used '/Observer'.
23:40:09: C45:CP.APEX.OfC.00228 has used '/Observer'.
23:40:09: C45:CP.APEX.OfC.00228 has used '/Observer'.
23:40:11: C45:CP.APEX.OfC.00228 has used '/Observer'.
23:40:12: C45:CP.APEX.OfC.00228 has used '/Observer'.
23:40:12: C45:CP.APEX.OfC.00228 has used '/Observer'.
23:40:12: C45:CP.APEX.OfC.00228 has used '/Observer'.
23:40:13: C45:CP.APEX.OfC.00228 has used '/Observer'.
23:40:14: C45:CP.APEX.OfC.00228 has used '/Observer'.
23:40:15: C45:CP.APEX.OfC.00228 has used '/Observer'.
23:40:15: C45:CP.APEX.OfC.00228 has used '/Observer'.
23:40:16: C45:CP.APEX.OfC.00228 has used '/Observer'.
23:40:16: C45:CP.APEX.OfC.00228 has used '/Observer'.
23:40:17: C45:CP.APEX.OfC.00228 has used '/Observer'.
23:40:18: C45:CP.APEX.OfC.00228 has used '/Observer'.
23:40:19: C45:CP.APEX.OfC.00228 has used '/Observer'.
23:40:19: C45:CP.APEX.OfC.00228 has used '/Observer'.
23:40:20: C45:CP.APEX.OfC.00228 has used '/Observer'.
23:40:20: C45:CP.APEX.OfC.00228 has used '/Observer'.
23:40:21: C45:CP.APEX.OfC.00228 has used '/Observer'.
23:40:22: C45:CP.APEX.OfC.00228 has used '/Observer'.
23:40:23: C45:CP.APEX.OfC.00228 has used '/Observer'.
23:40:23: C45:CP.APEX.OfC.00228 has used '/Observer'.
23:40:24: C45:CP.APEX.OfC.00228 has used '/Observer'.
23:40:24: C45:CP.APEX.OfC.00228 has used '/Observer'.
23:40:25: C45:CP.APEX.OfC.00228 has used '/Observer'.
23:40:26: C45:CP.APEX.OfC.00228 has used '/Observer'.
23:40:35: C45:CP.APEX.OfC.00228 has used '/Observer'.
23:40:35: C45:CP.APEX.OfC.00228 has used '/Observer'.
23:40:37: C45:CP.APEX.OfC.00228 has used '/Observer'.
23:40:38: C45:CP.APEX.OfC.00228 has used '/Observer'.
23:40:38: C45:CP.APEX.OfC.00228 has used '/Observer'.
23:40:39: C45:CP.APEX.OfC.00228 has used '/Observer'.
23:40:41: C45:CP.APEX.OfC.00228 has used '/Observer'.
23:40:41: C45:CP.APEX.OfC.00228 has used '/Observer'.
23:40:42: C45:CP.APEX.OfC.00228 has used '/Observer'.
23:40:43: C45:CP.APEX.OfC.00228 has used '/Observer'.
23:40:44: C45:CP.APEX.OfC.00228 has used '/Observer'.
23:40:44: C45:CP.APEX.OfC.00228 has used '/Observer'.
23:40:45: C45:CP.APEX.OfC.00228 has used '/Observer'.
23:40:45: C45:CP.APEX.OfC.00228 has used '/Observer'.
23:41:37: C45:CP.APEX.OfC.00228 has used '/Observer'.
23:41:37: C45:CP.APEX.OfC.00228 has used '/Observer'.
23:41:38: C45:CP.APEX.OfC.00228 has used '/Observer'.
23:41:38: C45:CP.APEX.OfC.00228 has used '/Observer'.
23:41:39: C45:CP.APEX.OfC.00228 has used '/Observer'.
23:41:39: C45:CP.APEX.OfC.00228 has used '/Observer'.
23:41:40: C45:CP.APEX.OfC.00228 has used '/Observer'.
23:41:40: C45:CP.APEX.OfC.00228 has used '/Observer'.
23:41:50: C45:CP.APEX.OfC.00228 has spawned 'models/props_lab/box01b.mdl'.
23:41:50: C45:CP.APEX.OfC.00228 has spawned 'models/props_lab/box01b.mdl'.
23:41:50: C45:CP.APEX.OfC.00228 has used '/Observer'.
23:41:54: C45:CP.APEX.OfC.00228 has used '/Observer'.
23:41:56: C45:CP.APEX.OfC.00228 has used '/Observer'.
23:41:57: C45:CP.APEX.OfC.00228 has used '/Observer'.
23:41:58: C45:CP.APEX.OfC.00228 has used '/Observer'.
23:41:59: C45:CP.APEX.OfC.00228 has used '/Observer'.
23:42:00: C45:CP.APEX.OfC.00228 has used '/Observer'.
23:42:01: C45:CP.APEX.OfC.00228 has used '/Observer'.
23:42:02: C45:CP.APEX.OfC.00228 has used '/Observer'.
23:42:02: C45:CP.APEX.OfC.00228 has used '/Observer'.
23:42:03: C45:CP.APEX.OfC.00228 has used '/Observer'.
23:42:04: C45:CP.APEX.OfC.00228 has used '/Observer'.
23:42:04: C45:CP.APEX.OfC.00228 has used '/Observer'.
23:42:05: C45:CP.APEX.OfC.00228 has used '/Observer'.
23:42:06: C45:CP.APEX.OfC.00228 has used '/Observer'.
23:42:07: C45:CP.APEX.OfC.00228 has used '/Observer'.
23:42:07: C45:CP.APEX.OfC.00228 has used '/Observer'.
23:42:08: C45:CP.APEX.OfC.00228 has used '/Observer'.
23:42:09: C45:CP.APEX.OfC.00228 has used '/Observer'.
23:42:09: C45:CP.APEX.OfC.00228 has used '/Observer'.
23:42:09: C45:CP.APEX.OfC.00228 has used '/Observer'.
23:42:16: C45:CP.APEX.OfC.00228 has used '/Observer'.
23:42:16: C45:CP.APEX.OfC.00228 has used '/Observer'.
23:42:17: C45:CP.APEX.OfC.00228 has used '/Observer'.
23:42:17: C45:CP.APEX.OfC.00228 has used '/Observer'.
23:42:18: C45:CP.APEX.OfC.00228 has spawned 'models/props_junk/metal_paintcan001a.mdl'.
23:42:18: C45:CP.APEX.OfC.00228 has spawned 'models/props_junk/metal_paintcan001a.mdl'.
23:42:19: C45:CP.APEX.OfC.00228 has spawned 'models/props_junk/metal_paintcan001a.mdl'.
23:42:19: C45:CP.APEX.OfC.00228 has spawned 'models/props_junk/metal_paintcan001a.mdl'.
23:42:20: C45:CP.APEX.OfC.00228 has used '/Observer'.
23:42:21: C45:CP.APEX.OfC.00228 has used '/Observer'.
23:42:23: C45:CP.APEX.OfC.00228 has used '/Observer'.
23:42:23: C45:CP.APEX.OfC.00228 has used '/Observer'.
23:42:24: C45:CP.APEX.OfC.00228 has spawned 'models/props_junk/glassbottle01a_chunk02a.mdl'.
23:42:24: C45:CP.APEX.OfC.00228 has spawned 'models/props_junk/glassbottle01a_chunk02a.mdl'.
23:42:26: C45:CP.APEX.OfC.00228 has used '/Observer'.
23:42:26: C45:CP.APEX.OfC.00228 has used '/Observer'.
23:42:27: C45:CP.APEX.OfC.00228 has used '/Observer'.
23:42:27: C45:CP.APEX.OfC.00228 has used '/Observer'.
23:42:38: C45:CP.APEX.OfC.00228 has spawned 'models/props_lab/powerbox02c.mdl'.
23:42:38: C45:CP.APEX.OfC.00228 has spawned 'models/props_lab/powerbox02c.mdl'.
23:42:46: C45:CP.APEX.OfC.00228 has spawned 'models/props_lab/powerbox03a.mdl'.
23:42:46: C45:CP.APEX.OfC.00228 has spawned 'models/props_lab/powerbox03a.mdl'.
23:42:48: C45:CP.APEX.OfC.00228 has used '/Observer'.
23:42:49: C45:CP.APEX.OfC.00228 has used '/Observer'.
23:42:49: C45:CP.APEX.OfC.00228 has used '/Observer'.
23:42:50: C45:CP.APEX.OfC.00228 has used '/Observer'.
23:42:51: C45:CP.APEX.OfC.00228 has used '/Observer'.
23:42:51: C45:CP.APEX.OfC.00228 has used '/Observer'.
23:42:51: C45:CP.APEX.OfC.00228 has used '/Observer'.
23:42:52: C45:CP.APEX.OfC.00228 has used '/Observer'.
23:42:52: C45:CP.APEX.OfC.00228 has used '/Observer'.
23:42:52: C45:CP.APEX.OfC.00228 has used '/Observer'.
23:42:53: C45:CP.APEX.OfC.00228 has used '/Observer'.
23:42:53: C45:CP.APEX.OfC.00228 has used '/Observer'.
23:42:54: C45:CP.APEX.OfC.00228 has used '/Observer'.
23:42:54: C45:CP.APEX.OfC.00228 has used '/Observer'.
23:42:54: C45:CP.APEX.OfC.00228 has used '/Observer'.
23:42:55: C45:CP.APEX.OfC.00228 has used '/Observer'.
23:42:55: C45:CP.APEX.OfC.00228 has used '/Observer'.
23:42:55: C45:CP.APEX.OfC.00228 has used '/Observer'.
23:42:55: C45:CP.APEX.OfC.00228 has used '/Observer'.
23:42:56: C45:CP.APEX.OfC.00228 has used '/Observer'.
23:42:56: C45:CP.APEX.OfC.00228 has used '/Observer'.
23:42:56: C45:CP.APEX.OfC.00228 has used '/Observer'.
23:42:57: C45:CP.APEX.OfC.00228 has spawned 'models/props_junk/garbage_plasticbottle001a.mdl'.
23:42:57: C45:CP.APEX.OfC.00228 has spawned 'models/props_junk/garbage_plasticbottle001a.mdl'.
23:42:58: C45:CP.APEX.OfC.00228 has spawned 'models/props_junk/garbage_plasticbottle002a.mdl'.
23:42:58: C45:CP.APEX.OfC.00228 has spawned 'models/props_junk/garbage_plasticbottle002a.mdl'.
23:43:00: C45:CP.APEX.OfC.00228 has used '/Observer'.
23:43:01: C45:CP.APEX.OfC.00228 has used '/Observer'.
23:43:02: C45:CP.APEX.OfC.00228 has spawned 'models/props_junk/cardboard_box004a.mdl'.
23:43:02: C45:CP.APEX.OfC.00228 has spawned 'models/props_junk/cardboard_box004a.mdl'.
23:43:04: C45:CP.APEX.OfC.00228 has used '/Observer'.
23:43:24: C45:CP.APEX.OfC.00228 has spawned 'models/Items/battery.mdl'.
23:43:24: C45:CP.APEX.OfC.00228 has spawned 'models/Items/battery.mdl'.
23:43:36: C45:CP.APEX.OfC.00228 has spawned 'models/Items/battery.mdl'.
23:43:36: C45:CP.APEX.OfC.00228 has spawned 'models/Items/battery.mdl'.
23:43:37: C45:CP.APEX.OfC.00228 has used '/Observer'.
23:43:43: C45:CP.APEX.OfC.00228 has used '/Observer'.
23:43:43: C45:CP.APEX.OfC.00228 has used '/Observer'.
