18:38:18: SchωarzKrµppzo (STEAM_0:1:44629398) has connected.
18:39:25: SchωarzKrµppzo has loaded the character 'C45:CP.APEX.OfC.00228'.
18:40:37: C45:CP.APEX.OfC.00228 has gained a Зелёная карта 1463240438.
18:40:37: C45:CP.APEX.OfC.00228 has used '/CharGiveItem cp card_green'.
18:40:43: C45:CP.APEX.OfC.00228 has lost a Зелёная карта 1463240438.
18:40:43: C45:CP.APEX.OfC.00228 has used '/InvAction drop card_green 1463240438.00'.
18:40:49: C45:CP.APEX.OfC.00228 has used '/Observer'.
18:41:01: C45:CP.APEX.OfC.00228 has used '/Observer'.
18:49:20: C45:CP.APEX.OfC.00228 (STEAM_0:1:44629398) has disconnected.
18:52:20: SchωarzKrµppzo (STEAM_0:1:44629398) has connected.
18:53:25: SchωarzKrµppzo has loaded the character 'C45:CP.APEX.OfC.00228'.
18:53:57: C45:CP.APEX.OfC.00228 has taken 40 damage from worldspawn, leaving them at 60 health and 119 armor!
18:53:58: C45:CP.APEX.OfC.00228 has taken 24 damage from worldspawn, leaving them at 36 health and 118 armor!
18:53:59: C45:CP.APEX.OfC.00228 has taken 14 damage from worldspawn, leaving them at 22 health and 117 armor!
18:59:31: C45:CP.APEX.OfC.00228 has taken 8 damage from worldspawn, leaving them at 14 health and 116 armor!
18:59:32: C45:CP.APEX.OfC.00228 has taken 5 damage from worldspawn, leaving them at 9 health and 115 armor!
18:59:33: C45:CP.APEX.OfC.00228 has taken 3 damage from worldspawn, leaving them at 6 health and 114 armor!
18:59:34: C45:CP.APEX.OfC.00228 has taken 2 damage from worldspawn, leaving them at 4 health and 113 armor!
18:59:35: C45:CP.APEX.OfC.00228 has taken 2 damage from worldspawn, leaving them at 2 health and 112 armor!
18:59:36: C45:CP.APEX.OfC.00228 has been cured of all diseases.
18:59:36: worldspawn has dealt 1 damage to C45:CP.APEX.OfC.00228, killing them!
19:00:32: C45:CP.APEX.OfC.00228 has taken 40 damage from worldspawn, leaving them at 60 health and 120 armor!
19:00:33: C45:CP.APEX.OfC.00228 has taken 22 damage from worldspawn, leaving them at 38 health and 119 armor!
19:01:08: C45:CP.APEX.OfC.00228 has taken 7 damage from worldspawn, leaving them at 31 health and 118 armor!
19:01:10: C45:CP.APEX.OfC.00228 has taken 6 damage from worldspawn, leaving them at 25 health and 117 armor!
19:01:16: C45:CP.APEX.OfC.00228 has taken 1 damage from worldspawn, leaving them at 24 health and 116 armor!
19:01:17: C45:CP.APEX.OfC.00228 has taken 1 damage from worldspawn, leaving them at 23 health and 115 armor!
19:01:18: C45:CP.APEX.OfC.00228 has taken 1 damage from worldspawn, leaving them at 22 health and 114 armor!
19:01:19: C45:CP.APEX.OfC.00228 has taken 1 damage from worldspawn, leaving them at 21 health and 113 armor!
19:01:22: C45:CP.APEX.OfC.00228 has taken 2 damage from worldspawn, leaving them at 19 health and 112 armor!
19:01:27: C45:CP.APEX.OfC.00228 has taken 3 damage from worldspawn, leaving them at 16 health and 111 armor!
19:01:28: C45:CP.APEX.OfC.00228 has taken 3 damage from worldspawn, leaving them at 13 health and 110 armor!
19:01:29: C45:CP.APEX.OfC.00228 has taken 2 damage from worldspawn, leaving them at 11 health and 109 armor!
19:01:30: C45:CP.APEX.OfC.00228 has taken 2 damage from worldspawn, leaving them at 9 health and 108 armor!
19:01:31: C45:CP.APEX.OfC.00228 has taken 2 damage from worldspawn, leaving them at 7 health and 107 armor!
19:01:32: C45:CP.APEX.OfC.00228 has taken 2 damage from worldspawn, leaving them at 5 health and 106 armor!
19:01:33: C45:CP.APEX.OfC.00228 has taken 1 damage from worldspawn, leaving them at 4 health and 105 armor!
19:01:35: C45:CP.APEX.OfC.00228 has taken 1 damage from worldspawn, leaving them at 3 health and 104 armor!
19:01:36: C45:CP.APEX.OfC.00228 has taken 1 damage from worldspawn, leaving them at 2 health and 103 armor!
19:01:37: C45:CP.APEX.OfC.00228 has been cured of all diseases.
19:01:37: worldspawn has dealt 1 damage to C45:CP.APEX.OfC.00228, killing them!
19:02:36: C45:CP.APEX.OfC.00228 has taken 40 damage from worldspawn, leaving them at 60 health and 120 armor!
19:02:37: C45:CP.APEX.OfC.00228 has taken 22 damage from worldspawn, leaving them at 38 health and 119 armor!
19:02:41: C45:CP.APEX.OfC.00228 has taken 6 damage from worldspawn, leaving them at 32 health and 118 armor!
19:02:43: C45:CP.APEX.OfC.00228 has taken 5 damage from worldspawn, leaving them at 27 health and 117 armor!
19:02:44: C45:CP.APEX.OfC.00228 has taken 4 damage from worldspawn, leaving them at 23 health and 116 armor!
19:02:45: C45:CP.APEX.OfC.00228 has taken 4 damage from worldspawn, leaving them at 19 health and 115 armor!
19:02:46: C45:CP.APEX.OfC.00228 has taken 3 damage from worldspawn, leaving them at 16 health and 114 armor!
19:02:47: C45:CP.APEX.OfC.00228 has taken 3 damage from worldspawn, leaving them at 13 health and 113 armor!
19:02:48: C45:CP.APEX.OfC.00228 has taken 2 damage from worldspawn, leaving them at 11 health and 112 armor!
19:02:49: C45:CP.APEX.OfC.00228 has taken 2 damage from worldspawn, leaving them at 9 health and 111 armor!
19:02:50: C45:CP.APEX.OfC.00228 has taken 2 damage from worldspawn, leaving them at 7 health and 110 armor!
19:02:51: C45:CP.APEX.OfC.00228 has taken 2 damage from worldspawn, leaving them at 5 health and 109 armor!
19:03:22: C45:CP.APEX.OfC.00228 has taken 2 damage from worldspawn, leaving them at 3 health and 108 armor!
19:03:23: C45:CP.APEX.OfC.00228 has taken 1 damage from worldspawn, leaving them at 2 health and 107 armor!
19:03:24: C45:CP.APEX.OfC.00228 has been cured of all diseases.
19:03:24: worldspawn has dealt 1 damage to C45:CP.APEX.OfC.00228, killing them!
19:04:45: C45:CP.APEX.OfC.00228 (STEAM_0:1:44629398) has disconnected.
19:10:01: SchωarzKrµppzo (STEAM_0:1:44629398) has connected.
19:10:57: SchωarzKrµppzo has loaded the character 'C45:CP.APEX.OfC.00228'.
19:12:36: C45:CP.APEX.OfC.00228 (STEAM_0:1:44629398) has disconnected.
19:15:52: SchωarzKrµppzo (STEAM_0:1:44629398) has connected.
19:16:54: SchωarzKrµppzo has loaded the character 'C45:CP.APEX.OfC.00228'.
19:16:54: C45:CP.APEX.OfC.00228 has taken 5 damage from C45:CP.APEX.OfC.00228 with cw_hands, leaving them at 95 health and 120 armor!
19:16:54: C45:CP.APEX.OfC.00228 has taken 5 damage from C45:CP.APEX.OfC.00228 with cw_hands, leaving them at 90 health and 119 armor!
19:16:54: C45:CP.APEX.OfC.00228 has taken 4 damage from C45:CP.APEX.OfC.00228 with cw_hands, leaving them at 86 health and 118 armor!
19:16:55: C45:CP.APEX.OfC.00228 has taken 4 damage from C45:CP.APEX.OfC.00228 with cw_hands, leaving them at 82 health and 117 armor!
19:16:55: C45:CP.APEX.OfC.00228 has taken 4 damage from C45:CP.APEX.OfC.00228 with cw_hands, leaving them at 78 health and 116 armor!
19:16:55: C45:CP.APEX.OfC.00228 has taken 4 damage from C45:CP.APEX.OfC.00228 with cw_hands, leaving them at 74 health and 115 armor!
19:16:55: C45:CP.APEX.OfC.00228 has taken 4 damage from C45:CP.APEX.OfC.00228 with cw_hands, leaving them at 70 health and 114 armor!
19:16:55: C45:CP.APEX.OfC.00228 has taken 3 damage from C45:CP.APEX.OfC.00228 with cw_hands, leaving them at 67 health and 113 armor!
19:16:55: C45:CP.APEX.OfC.00228 has taken 3 damage from C45:CP.APEX.OfC.00228 with cw_hands, leaving them at 64 health and 112 armor!
19:16:55: C45:CP.APEX.OfC.00228 has taken 3 damage from C45:CP.APEX.OfC.00228 with cw_hands, leaving them at 61 health and 111 armor!
19:16:55: C45:CP.APEX.OfC.00228 has used '/Observer'.
19:16:58: C45:CP.APEX.OfC.00228 has used '/Observer'.
19:16:58: C45:CP.APEX.OfC.00228 has taken 3 damage from C45:CP.APEX.OfC.00228 with cw_hands, leaving them at 58 health and 110 armor!
19:16:58: C45:CP.APEX.OfC.00228 has taken 3 damage from C45:CP.APEX.OfC.00228 with cw_hands, leaving them at 55 health and 109 armor!
19:16:59: C45:CP.APEX.OfC.00228 has taken 3 damage from C45:CP.APEX.OfC.00228 with cw_hands, leaving them at 52 health and 108 armor!
19:16:59: C45:CP.APEX.OfC.00228 has taken 3 damage from C45:CP.APEX.OfC.00228 with cw_hands, leaving them at 49 health and 107 armor!
19:16:59: C45:CP.APEX.OfC.00228 has taken 2 damage from C45:CP.APEX.OfC.00228 with cw_hands, leaving them at 47 health and 106 armor!
19:16:59: C45:CP.APEX.OfC.00228 has used '/Observer'.
19:17:00: C45:CP.APEX.OfC.00228 has used '/Observer'.
19:17:00: C45:CP.APEX.OfC.00228 has taken 2 damage from C45:CP.APEX.OfC.00228 with cw_hands, leaving them at 45 health and 105 armor!
19:17:00: C45:CP.APEX.OfC.00228 has taken 2 damage from C45:CP.APEX.OfC.00228 with cw_hands, leaving them at 43 health and 104 armor!
19:17:00: C45:CP.APEX.OfC.00228 has taken 2 damage from C45:CP.APEX.OfC.00228 with cw_hands, leaving them at 41 health and 103 armor!
19:17:01: C45:CP.APEX.OfC.00228 has taken 2 damage from C45:CP.APEX.OfC.00228 with cw_hands, leaving them at 39 health and 102 armor!
19:17:01: C45:CP.APEX.OfC.00228 has taken 2 damage from C45:CP.APEX.OfC.00228 with cw_hands, leaving them at 37 health and 101 armor!
19:17:01: C45:CP.APEX.OfC.00228 has taken 2 damage from C45:CP.APEX.OfC.00228 with cw_hands, leaving them at 35 health and 100 armor!
19:17:01: C45:CP.APEX.OfC.00228 has taken 2 damage from C45:CP.APEX.OfC.00228 with cw_hands, leaving them at 33 health and 99 armor!
19:17:01: C45:CP.APEX.OfC.00228 has taken 2 damage from C45:CP.APEX.OfC.00228 with cw_hands, leaving them at 31 health and 98 armor!
19:17:01: C45:CP.APEX.OfC.00228 has taken 2 damage from C45:CP.APEX.OfC.00228 with cw_hands, leaving them at 29 health and 97 armor!
19:17:01: C45:CP.APEX.OfC.00228 has taken 2 damage from C45:CP.APEX.OfC.00228 with cw_hands, leaving them at 27 health and 96 armor!
19:17:01: C45:CP.APEX.OfC.00228 has taken 2 damage from C45:CP.APEX.OfC.00228 with cw_hands, leaving them at 25 health and 95 armor!
19:17:02: C45:CP.APEX.OfC.00228 has taken 2 damage from C45:CP.APEX.OfC.00228 with cw_hands, leaving them at 23 health and 94 armor!
19:17:02: C45:CP.APEX.OfC.00228 has taken 1 damage from C45:CP.APEX.OfC.00228 with cw_hands, leaving them at 22 health and 93 armor!
19:17:02: C45:CP.APEX.OfC.00228 has taken 1 damage from C45:CP.APEX.OfC.00228 with cw_hands, leaving them at 21 health and 92 armor!
19:17:02: C45:CP.APEX.OfC.00228 has taken 1 damage from C45:CP.APEX.OfC.00228 with cw_hands, leaving them at 20 health and 91 armor!
19:17:02: C45:CP.APEX.OfC.00228 has taken 1 damage from C45:CP.APEX.OfC.00228 with cw_hands, leaving them at 19 health and 90 armor!
19:17:02: C45:CP.APEX.OfC.00228 has used '/Observer'.
19:17:03: C45:CP.APEX.OfC.00228 has used '/Observer'.
19:17:03: C45:CP.APEX.OfC.00228 has taken 1 damage from C45:CP.APEX.OfC.00228 with cw_hands, leaving them at 18 health and 89 armor!
19:17:03: C45:CP.APEX.OfC.00228 has taken 1 damage from C45:CP.APEX.OfC.00228 with cw_hands, leaving them at 17 health and 88 armor!
19:17:04: C45:CP.APEX.OfC.00228 has taken 1 damage from C45:CP.APEX.OfC.00228 with cw_hands, leaving them at 16 health and 87 armor!
19:17:04: C45:CP.APEX.OfC.00228 has taken 1 damage from C45:CP.APEX.OfC.00228 with cw_hands, leaving them at 15 health and 86 armor!
19:17:04: C45:CP.APEX.OfC.00228 has taken 1 damage from C45:CP.APEX.OfC.00228 with cw_hands, leaving them at 14 health and 85 armor!
19:17:04: C45:CP.APEX.OfC.00228 has used '/Observer'.
19:17:04: C45:CP.APEX.OfC.00228 has used '/Observer'.
19:17:05: C45:CP.APEX.OfC.00228 has taken 1 damage from C45:CP.APEX.OfC.00228 with cw_hands, leaving them at 13 health and 84 armor!
19:17:05: C45:CP.APEX.OfC.00228 has taken 1 damage from C45:CP.APEX.OfC.00228 with cw_hands, leaving them at 12 health and 83 armor!
19:17:05: C45:CP.APEX.OfC.00228 has used '/Observer'.
19:17:05: C45:CP.APEX.OfC.00228 has used '/Observer'.
19:17:05: C45:CP.APEX.OfC.00228 has taken 1 damage from C45:CP.APEX.OfC.00228 with cw_hands, leaving them at 11 health and 82 armor!
19:17:05: C45:CP.APEX.OfC.00228 has taken 1 damage from C45:CP.APEX.OfC.00228 with cw_hands, leaving them at 10 health and 81 armor!
19:17:05: C45:CP.APEX.OfC.00228 has taken 1 damage from C45:CP.APEX.OfC.00228 with cw_hands, leaving them at 9 health and 80 armor!
19:17:05: C45:CP.APEX.OfC.00228 has used '/Observer'.
19:17:08: C45:CP.APEX.OfC.00228 has used '/Observer'.
19:17:08: C45:CP.APEX.OfC.00228 has taken 1 damage from C45:CP.APEX.OfC.00228 with cw_hands, leaving them at 8 health and 79 armor!
19:17:08: C45:CP.APEX.OfC.00228 has taken 1 damage from C45:CP.APEX.OfC.00228 with cw_hands, leaving them at 7 health and 78 armor!
19:17:08: C45:CP.APEX.OfC.00228 has taken 1 damage from C45:CP.APEX.OfC.00228 with cw_hands, leaving them at 6 health and 77 armor!
19:17:08: C45:CP.APEX.OfC.00228 has taken 1 damage from C45:CP.APEX.OfC.00228 with cw_hands, leaving them at 5 health and 76 armor!
19:17:09: C45:CP.APEX.OfC.00228 has taken 1 damage from C45:CP.APEX.OfC.00228 with cw_hands, leaving them at 4 health and 75 armor!
19:17:09: C45:CP.APEX.OfC.00228 has taken 1 damage from C45:CP.APEX.OfC.00228 with cw_hands, leaving them at 3 health and 74 armor!
19:17:09: C45:CP.APEX.OfC.00228 has taken 1 damage from C45:CP.APEX.OfC.00228 with cw_hands, leaving them at 2 health and 73 armor!
19:17:09: C45:CP.APEX.OfC.00228 has been cured of all diseases.
19:17:09: C45:CP.APEX.OfC.00228 has dealt 1 damage to C45:CP.APEX.OfC.00228, killing them!
19:18:13: C45:CP.APEX.OfC.00228 has taken 15 damage from C45:CP.APEX.OfC.00228 with cw_hands, leaving them at 85 health and 120 armor!
19:18:14: C45:CP.APEX.OfC.00228 has taken 13 damage from C45:CP.APEX.OfC.00228 with cw_hands, leaving them at 72 health and 119 armor!
19:18:14: C45:CP.APEX.OfC.00228 has taken 11 damage from C45:CP.APEX.OfC.00228 with cw_hands, leaving them at 61 health and 118 armor!
19:18:14: C45:CP.APEX.OfC.00228 has taken 9 damage from C45:CP.APEX.OfC.00228 with cw_hands, leaving them at 52 health and 117 armor!
19:18:14: C45:CP.APEX.OfC.00228 has taken 8 damage from C45:CP.APEX.OfC.00228 with cw_hands, leaving them at 44 health and 116 armor!
19:18:14: C45:CP.APEX.OfC.00228 has taken 6 damage from C45:CP.APEX.OfC.00228 with cw_hands, leaving them at 38 health and 115 armor!
19:18:14: C45:CP.APEX.OfC.00228 has taken 6 damage from C45:CP.APEX.OfC.00228 with cw_hands, leaving them at 32 health and 114 armor!
19:18:14: C45:CP.APEX.OfC.00228 has taken 5 damage from C45:CP.APEX.OfC.00228 with cw_hands, leaving them at 27 health and 113 armor!
19:18:14: C45:CP.APEX.OfC.00228 has taken 4 damage from C45:CP.APEX.OfC.00228 with cw_hands, leaving them at 23 health and 112 armor!
19:18:14: C45:CP.APEX.OfC.00228 has taken 4 damage from C45:CP.APEX.OfC.00228 with cw_hands, leaving them at 19 health and 111 armor!
19:18:15: C45:CP.APEX.OfC.00228 has taken 3 damage from C45:CP.APEX.OfC.00228 with cw_hands, leaving them at 16 health and 110 armor!
19:18:15: C45:CP.APEX.OfC.00228 has taken 3 damage from C45:CP.APEX.OfC.00228 with cw_hands, leaving them at 13 health and 109 armor!
19:18:15: C45:CP.APEX.OfC.00228 has taken 2 damage from C45:CP.APEX.OfC.00228 with cw_hands, leaving them at 11 health and 108 armor!
19:18:15: C45:CP.APEX.OfC.00228 has taken 2 damage from C45:CP.APEX.OfC.00228 with cw_hands, leaving them at 9 health and 107 armor!
19:18:15: C45:CP.APEX.OfC.00228 has taken 2 damage from C45:CP.APEX.OfC.00228 with cw_hands, leaving them at 7 health and 106 armor!
19:18:15: C45:CP.APEX.OfC.00228 has taken 1 damage from C45:CP.APEX.OfC.00228 with cw_hands, leaving them at 6 health and 105 armor!
19:18:15: C45:CP.APEX.OfC.00228 has taken 1 damage from C45:CP.APEX.OfC.00228 with cw_hands, leaving them at 5 health and 104 armor!
19:18:15: C45:CP.APEX.OfC.00228 has taken 1 damage from C45:CP.APEX.OfC.00228 with cw_hands, leaving them at 4 health and 103 armor!
19:18:16: C45:CP.APEX.OfC.00228 has taken 1 damage from C45:CP.APEX.OfC.00228 with cw_hands, leaving them at 3 health and 102 armor!
19:18:16: C45:CP.APEX.OfC.00228 has taken 1 damage from C45:CP.APEX.OfC.00228 with cw_hands, leaving them at 2 health and 101 armor!
19:18:16: C45:CP.APEX.OfC.00228 has been cured of all diseases.
19:18:16: C45:CP.APEX.OfC.00228 has dealt 1 damage to C45:CP.APEX.OfC.00228, killing them!
19:21:38: C45:CP.APEX.OfC.00228 has used '/Observer'.
19:22:16: C45:CP.APEX.OfC.00228 has used '/Observer'.
19:30:08: C45:CP.APEX.OfC.00228 has used '/Observer'.
19:30:10: C45:CP.APEX.OfC.00228 has used '/Observer'.
19:32:12: C45:CP.APEX.OfC.00228 has used '/Observer'.
19:32:13: C45:CP.APEX.OfC.00228 has used '/Observer'.
19:32:48: C45:CP.APEX.OfC.00228 has used '/Observer'.
19:33:50: C45:CP.APEX.OfC.00228 has used '/Observer'.
19:37:25: C45:CP.APEX.OfC.00228 has used '/Observer'.
19:37:26: C45:CP.APEX.OfC.00228 has used '/Observer'.
19:39:27: C45:CP.APEX.OfC.00228 has used '/Observer'.
19:39:28: C45:CP.APEX.OfC.00228 has used '/Observer'.
19:39:28: C45:CP.APEX.OfC.00228 has used '/Observer'.
19:39:28: C45:CP.APEX.OfC.00228 has used '/Observer'.
19:39:31: C45:CP.APEX.OfC.00228 has used '/Observer'.
19:39:31: C45:CP.APEX.OfC.00228 has used '/Observer'.
19:39:45: C45:CP.APEX.OfC.00228 has used '/Observer'.
19:39:46: C45:CP.APEX.OfC.00228 has used '/Observer'.
19:39:47: C45:CP.APEX.OfC.00228 has used '/Observer'.
19:39:48: C45:CP.APEX.OfC.00228 has used '/Observer'.
19:41:08: C45:CP.APEX.OfC.00228 has used '/Observer'.
19:41:09: C45:CP.APEX.OfC.00228 has used '/Observer'.
19:41:12: C45:CP.APEX.OfC.00228 has used '/Observer'.
19:41:13: C45:CP.APEX.OfC.00228 has used '/Observer'.
19:41:30: C45:CP.APEX.OfC.00228 has used '/Observer'.
19:41:31: C45:CP.APEX.OfC.00228 has used '/Observer'.
19:41:33: C45:CP.APEX.OfC.00228 has used '/Observer'.
19:41:35: C45:CP.APEX.OfC.00228 has used '/Observer'.
19:41:36: C45:CP.APEX.OfC.00228 has used '/Observer'.
19:41:36: C45:CP.APEX.OfC.00228 has used '/Observer'.
19:41:53: C45:CP.APEX.OfC.00228 has used '/Observer'.
19:41:53: C45:CP.APEX.OfC.00228 has used '/Observer'.
19:43:33: C45:CP.APEX.OfC.00228 has used '/Observer'.
19:43:34: C45:CP.APEX.OfC.00228 has used '/Observer'.
19:43:57: C45:CP.APEX.OfC.00228 has used '/Observer'.
19:43:59: C45:CP.APEX.OfC.00228 has used '/Observer'.
19:45:34: C45:CP.APEX.OfC.00228 has used '/Observer'.
19:45:35: C45:CP.APEX.OfC.00228 has used '/Observer'.
19:45:36: C45:CP.APEX.OfC.00228 has used '/Observer'.
19:45:37: C45:CP.APEX.OfC.00228 has used '/Observer'.
19:45:38: C45:CP.APEX.OfC.00228 has used '/Observer'.
19:45:42: C45:CP.APEX.OfC.00228 has used '/Observer'.
19:46:46: C45:CP.APEX.OfC.00228 has used '/Observer'.
19:46:48: C45:CP.APEX.OfC.00228 has used '/Observer'.
19:46:48: C45:CP.APEX.OfC.00228 has taken 24 damage from worldspawn, leaving them at 76 health and 120 armor!
19:48:04: C45:CP.APEX.OfC.00228 has used '/Observer'.
19:48:05: C45:CP.APEX.OfC.00228 has used '/Observer'.
19:49:15: C45:CP.APEX.OfC.00228 has used '/Observer'.
19:49:16: C45:CP.APEX.OfC.00228 has used '/Observer'.
19:49:20: C45:CP.APEX.OfC.00228 has used '/Observer'.
19:49:20: C45:CP.APEX.OfC.00228 has used '/Observer'.
19:51:13: C45:CP.APEX.OfC.00228 has taken 12 damage from C45:CP.APEX.OfC.00228 with cw_hands, leaving them at 64 health and 120 armor!
19:51:14: C45:CP.APEX.OfC.00228 has taken 10 damage from C45:CP.APEX.OfC.00228 with cw_hands, leaving them at 54 health and 119 armor!
19:51:14: C45:CP.APEX.OfC.00228 has taken 9 damage from C45:CP.APEX.OfC.00228 with cw_hands, leaving them at 45 health and 118 armor!
19:51:14: C45:CP.APEX.OfC.00228 has taken 7 damage from C45:CP.APEX.OfC.00228 with cw_hands, leaving them at 38 health and 117 armor!
19:51:14: C45:CP.APEX.OfC.00228 has taken 6 damage from C45:CP.APEX.OfC.00228 with cw_hands, leaving them at 32 health and 116 armor!
19:51:14: C45:CP.APEX.OfC.00228 has taken 5 damage from C45:CP.APEX.OfC.00228 with cw_hands, leaving them at 27 health and 115 armor!
19:51:14: C45:CP.APEX.OfC.00228 has taken 5 damage from C45:CP.APEX.OfC.00228 with cw_hands, leaving them at 22 health and 114 armor!
19:51:14: C45:CP.APEX.OfC.00228 has taken 4 damage from C45:CP.APEX.OfC.00228 with cw_hands, leaving them at 18 health and 113 armor!
19:51:14: C45:CP.APEX.OfC.00228 has taken 3 damage from C45:CP.APEX.OfC.00228 with cw_hands, leaving them at 15 health and 112 armor!
19:51:14: C45:CP.APEX.OfC.00228 has taken 3 damage from C45:CP.APEX.OfC.00228 with cw_hands, leaving them at 12 health and 111 armor!
19:51:15: C45:CP.APEX.OfC.00228 has taken 2 damage from C45:CP.APEX.OfC.00228 with cw_hands, leaving them at 10 health and 110 armor!
19:51:15: C45:CP.APEX.OfC.00228 has taken 2 damage from C45:CP.APEX.OfC.00228 with cw_hands, leaving them at 8 health and 109 armor!
19:51:15: C45:CP.APEX.OfC.00228 has taken 2 damage from C45:CP.APEX.OfC.00228 with cw_hands, leaving them at 6 health and 108 armor!
19:51:15: C45:CP.APEX.OfC.00228 has taken 1 damage from C45:CP.APEX.OfC.00228 with cw_hands, leaving them at 5 health and 107 armor!
19:51:15: C45:CP.APEX.OfC.00228 has taken 1 damage from C45:CP.APEX.OfC.00228 with cw_hands, leaving them at 4 health and 106 armor!
19:51:15: C45:CP.APEX.OfC.00228 has taken 1 damage from C45:CP.APEX.OfC.00228 with cw_hands, leaving them at 3 health and 105 armor!
19:51:15: C45:CP.APEX.OfC.00228 has taken 1 damage from C45:CP.APEX.OfC.00228 with cw_hands, leaving them at 2 health and 104 armor!
19:51:15: C45:CP.APEX.OfC.00228 has been cured of all diseases.
19:51:15: C45:CP.APEX.OfC.00228 has dealt 1 damage to C45:CP.APEX.OfC.00228, killing them!
19:51:37: C45:CP.APEX.OfC.00228 has used '/Observer'.
19:51:40: C45:CP.APEX.OfC.00228 has used '/Observer'.
19:52:57: C45:CP.APEX.OfC.00228 has taken 15 damage from C45:CP.APEX.OfC.00228 with cw_hands, leaving them at 85 health and 120 armor!
19:52:57: C45:CP.APEX.OfC.00228 has taken 13 damage from C45:CP.APEX.OfC.00228 with cw_hands, leaving them at 72 health and 119 armor!
19:52:57: C45:CP.APEX.OfC.00228 has taken 11 damage from C45:CP.APEX.OfC.00228 with cw_hands, leaving them at 61 health and 118 armor!
19:52:57: C45:CP.APEX.OfC.00228 has taken 10 damage from C45:CP.APEX.OfC.00228 with cw_hands, leaving them at 51 health and 117 armor!
19:52:58: C45:CP.APEX.OfC.00228 has taken 8 damage from C45:CP.APEX.OfC.00228 with cw_hands, leaving them at 43 health and 116 armor!
19:52:58: C45:CP.APEX.OfC.00228 has taken 7 damage from C45:CP.APEX.OfC.00228 with cw_hands, leaving them at 36 health and 115 armor!
19:52:58: C45:CP.APEX.OfC.00228 has taken 6 damage from C45:CP.APEX.OfC.00228 with cw_hands, leaving them at 30 health and 114 armor!
19:52:58: C45:CP.APEX.OfC.00228 has taken 5 damage from C45:CP.APEX.OfC.00228 with cw_hands, leaving them at 25 health and 113 armor!
19:52:58: C45:CP.APEX.OfC.00228 has taken 4 damage from C45:CP.APEX.OfC.00228 with cw_hands, leaving them at 21 health and 112 armor!
19:52:58: C45:CP.APEX.OfC.00228 has taken 4 damage from C45:CP.APEX.OfC.00228 with cw_hands, leaving them at 17 health and 111 armor!
19:52:58: C45:CP.APEX.OfC.00228 has taken 3 damage from C45:CP.APEX.OfC.00228 with cw_hands, leaving them at 14 health and 110 armor!
19:52:58: C45:CP.APEX.OfC.00228 has taken 3 damage from C45:CP.APEX.OfC.00228 with cw_hands, leaving them at 11 health and 109 armor!
19:52:59: C45:CP.APEX.OfC.00228 has taken 2 damage from C45:CP.APEX.OfC.00228 with cw_hands, leaving them at 9 health and 108 armor!
19:52:59: C45:CP.APEX.OfC.00228 has taken 2 damage from C45:CP.APEX.OfC.00228 with cw_hands, leaving them at 7 health and 107 armor!
19:52:59: C45:CP.APEX.OfC.00228 has taken 2 damage from C45:CP.APEX.OfC.00228 with cw_hands, leaving them at 5 health and 106 armor!
19:52:59: C45:CP.APEX.OfC.00228 has taken 1 damage from C45:CP.APEX.OfC.00228 with cw_hands, leaving them at 4 health and 105 armor!
19:52:59: C45:CP.APEX.OfC.00228 has taken 1 damage from C45:CP.APEX.OfC.00228 with cw_hands, leaving them at 3 health and 104 armor!
19:52:59: C45:CP.APEX.OfC.00228 has taken 1 damage from C45:CP.APEX.OfC.00228 with cw_hands, leaving them at 2 health and 103 armor!
19:52:59: C45:CP.APEX.OfC.00228 has been cured of all diseases.
19:52:59: C45:CP.APEX.OfC.00228 has dealt 1 damage to C45:CP.APEX.OfC.00228, killing them!
19:53:05: C45:CP.APEX.OfC.00228 has used '/Observer'.
19:53:07: C45:CP.APEX.OfC.00228 has used '/Observer'.
19:54:00: C45:CP.APEX.OfC.00228 has used '/Observer'.
19:54:00: C45:CP.APEX.OfC.00228 has used '/Observer'.
19:54:02: C45:CP.APEX.OfC.00228 has taken 70 damage from worldspawn, leaving them at 30 health and 120 armor!
19:54:19: C45:CP.APEX.OfC.00228 has taken 5 damage from C45:CP.APEX.OfC.00228 with cw_hands, leaving them at 25 health and 120 armor!
19:54:19: C45:CP.APEX.OfC.00228 has taken 4 damage from C45:CP.APEX.OfC.00228 with cw_hands, leaving them at 21 health and 119 armor!
19:54:19: C45:CP.APEX.OfC.00228 has taken 4 damage from C45:CP.APEX.OfC.00228 with cw_hands, leaving them at 17 health and 118 armor!
19:54:20: C45:CP.APEX.OfC.00228 has taken 3 damage from C45:CP.APEX.OfC.00228 with cw_hands, leaving them at 14 health and 117 armor!
19:54:20: C45:CP.APEX.OfC.00228 has taken 3 damage from C45:CP.APEX.OfC.00228 with cw_hands, leaving them at 11 health and 116 armor!
19:54:20: C45:CP.APEX.OfC.00228 has taken 2 damage from C45:CP.APEX.OfC.00228 with cw_hands, leaving them at 9 health and 115 armor!
19:54:20: C45:CP.APEX.OfC.00228 has taken 2 damage from C45:CP.APEX.OfC.00228 with cw_hands, leaving them at 7 health and 114 armor!
19:54:20: C45:CP.APEX.OfC.00228 has taken 2 damage from C45:CP.APEX.OfC.00228 with cw_hands, leaving them at 5 health and 113 armor!
19:54:20: C45:CP.APEX.OfC.00228 has taken 1 damage from C45:CP.APEX.OfC.00228 with cw_hands, leaving them at 4 health and 112 armor!
19:54:20: C45:CP.APEX.OfC.00228 has taken 1 damage from C45:CP.APEX.OfC.00228 with cw_hands, leaving them at 3 health and 111 armor!
19:54:20: C45:CP.APEX.OfC.00228 has taken 1 damage from C45:CP.APEX.OfC.00228 with cw_hands, leaving them at 2 health and 110 armor!
19:54:20: C45:CP.APEX.OfC.00228 has been cured of all diseases.
19:54:20: C45:CP.APEX.OfC.00228 has dealt 1 damage to C45:CP.APEX.OfC.00228, killing them!
19:54:26: C45:CP.APEX.OfC.00228 has used '/Observer'.
19:54:27: C45:CP.APEX.OfC.00228 has used '/Observer'.
19:55:11: C45:CP.APEX.OfC.00228 has used '/Observer'.
19:55:12: C45:CP.APEX.OfC.00228 has used '/Observer'.
19:55:32: C45:CP.APEX.OfC.00228 has taken 15 damage from C45:CP.APEX.OfC.00228 with cw_hands, leaving them at 85 health and 120 armor!
19:55:33: C45:CP.APEX.OfC.00228 has taken 13 damage from C45:CP.APEX.OfC.00228 with cw_hands, leaving them at 72 health and 119 armor!
19:55:33: C45:CP.APEX.OfC.00228 has taken 11 damage from C45:CP.APEX.OfC.00228 with cw_hands, leaving them at 61 health and 118 armor!
19:55:33: C45:CP.APEX.OfC.00228 has taken 10 damage from C45:CP.APEX.OfC.00228 with cw_hands, leaving them at 51 health and 117 armor!
19:55:33: C45:CP.APEX.OfC.00228 has taken 8 damage from C45:CP.APEX.OfC.00228 with cw_hands, leaving them at 43 health and 116 armor!
19:55:33: C45:CP.APEX.OfC.00228 has taken 7 damage from C45:CP.APEX.OfC.00228 with cw_hands, leaving them at 36 health and 115 armor!
19:55:33: C45:CP.APEX.OfC.00228 has taken 6 damage from C45:CP.APEX.OfC.00228 with cw_hands, leaving them at 30 health and 114 armor!
19:55:33: C45:CP.APEX.OfC.00228 has taken 5 damage from C45:CP.APEX.OfC.00228 with cw_hands, leaving them at 25 health and 113 armor!
19:55:33: C45:CP.APEX.OfC.00228 has taken 4 damage from C45:CP.APEX.OfC.00228 with cw_hands, leaving them at 21 health and 112 armor!
19:55:34: C45:CP.APEX.OfC.00228 has taken 4 damage from C45:CP.APEX.OfC.00228 with cw_hands, leaving them at 17 health and 111 armor!
19:55:34: C45:CP.APEX.OfC.00228 has taken 3 damage from C45:CP.APEX.OfC.00228 with cw_hands, leaving them at 14 health and 110 armor!
19:55:34: C45:CP.APEX.OfC.00228 has taken 3 damage from C45:CP.APEX.OfC.00228 with cw_hands, leaving them at 11 health and 109 armor!
19:55:34: C45:CP.APEX.OfC.00228 has taken 2 damage from C45:CP.APEX.OfC.00228 with cw_hands, leaving them at 9 health and 108 armor!
19:55:34: C45:CP.APEX.OfC.00228 has taken 2 damage from C45:CP.APEX.OfC.00228 with cw_hands, leaving them at 7 health and 107 armor!
19:55:34: C45:CP.APEX.OfC.00228 has taken 2 damage from C45:CP.APEX.OfC.00228 with cw_hands, leaving them at 5 health and 106 armor!
19:55:34: C45:CP.APEX.OfC.00228 has taken 1 damage from C45:CP.APEX.OfC.00228 with cw_hands, leaving them at 4 health and 105 armor!
19:55:34: C45:CP.APEX.OfC.00228 has taken 1 damage from C45:CP.APEX.OfC.00228 with cw_hands, leaving them at 3 health and 104 armor!
19:55:35: C45:CP.APEX.OfC.00228 has taken 1 damage from C45:CP.APEX.OfC.00228 with cw_hands, leaving them at 2 health and 103 armor!
19:55:35: C45:CP.APEX.OfC.00228 has been cured of all diseases.
19:55:35: C45:CP.APEX.OfC.00228 has dealt 1 damage to C45:CP.APEX.OfC.00228, killing them!
19:56:01: C45:CP.APEX.OfC.00228 has used '/Observer'.
19:56:01: C45:CP.APEX.OfC.00228 has used '/Observer'.
19:56:02: C45:CP.APEX.OfC.00228 has used '/Observer'.
19:56:03: C45:CP.APEX.OfC.00228 has used '/Observer'.
19:56:04: C45:CP.APEX.OfC.00228 has used '/Observer'.
19:56:04: C45:CP.APEX.OfC.00228 has used '/Observer'.
19:56:05: C45:CP.APEX.OfC.00228 has used '/Observer'.
19:56:06: C45:CP.APEX.OfC.00228 has used '/Observer'.
19:57:45: C45:CP.APEX.OfC.00228 has used '/Observer'.
19:57:46: C45:CP.APEX.OfC.00228 has used '/Observer'.
19:57:48: C45:CP.APEX.OfC.00228 has used '/Observer'.
19:57:49: C45:CP.APEX.OfC.00228 has used '/Observer'.
19:59:45: C45:CP.APEX.OfC.00228 has taken 15 damage from C45:CP.APEX.OfC.00228 with cw_hands, leaving them at 85 health and 120 armor!
19:59:45: C45:CP.APEX.OfC.00228 has taken 13 damage from C45:CP.APEX.OfC.00228 with cw_hands, leaving them at 72 health and 119 armor!
19:59:45: C45:CP.APEX.OfC.00228 has taken 11 damage from C45:CP.APEX.OfC.00228 with cw_hands, leaving them at 61 health and 118 armor!
19:59:45: C45:CP.APEX.OfC.00228 has taken 9 damage from C45:CP.APEX.OfC.00228 with cw_hands, leaving them at 52 health and 117 armor!
19:59:45: C45:CP.APEX.OfC.00228 has taken 8 damage from C45:CP.APEX.OfC.00228 with cw_hands, leaving them at 44 health and 116 armor!
19:59:45: C45:CP.APEX.OfC.00228 has taken 7 damage from C45:CP.APEX.OfC.00228 with cw_hands, leaving them at 37 health and 115 armor!
19:59:46: C45:CP.APEX.OfC.00228 has taken 6 damage from C45:CP.APEX.OfC.00228 with cw_hands, leaving them at 31 health and 114 armor!
19:59:46: C45:CP.APEX.OfC.00228 has taken 5 damage from C45:CP.APEX.OfC.00228 with cw_hands, leaving them at 26 health and 113 armor!
19:59:46: C45:CP.APEX.OfC.00228 has taken 4 damage from C45:CP.APEX.OfC.00228 with cw_hands, leaving them at 22 health and 112 armor!
19:59:46: C45:CP.APEX.OfC.00228 has taken 4 damage from C45:CP.APEX.OfC.00228 with cw_hands, leaving them at 18 health and 111 armor!
19:59:46: C45:CP.APEX.OfC.00228 has taken 3 damage from C45:CP.APEX.OfC.00228 with cw_hands, leaving them at 15 health and 110 armor!
19:59:46: C45:CP.APEX.OfC.00228 has taken 3 damage from C45:CP.APEX.OfC.00228 with cw_hands, leaving them at 12 health and 109 armor!
19:59:46: C45:CP.APEX.OfC.00228 has taken 2 damage from C45:CP.APEX.OfC.00228 with cw_hands, leaving them at 10 health and 108 armor!
19:59:46: C45:CP.APEX.OfC.00228 has taken 2 damage from C45:CP.APEX.OfC.00228 with cw_hands, leaving them at 8 health and 107 armor!
19:59:47: C45:CP.APEX.OfC.00228 has taken 2 damage from C45:CP.APEX.OfC.00228 with cw_hands, leaving them at 6 health and 106 armor!
19:59:47: C45:CP.APEX.OfC.00228 has taken 1 damage from C45:CP.APEX.OfC.00228 with cw_hands, leaving them at 5 health and 105 armor!
19:59:47: C45:CP.APEX.OfC.00228 has taken 1 damage from C45:CP.APEX.OfC.00228 with cw_hands, leaving them at 4 health and 104 armor!
19:59:47: C45:CP.APEX.OfC.00228 has taken 1 damage from C45:CP.APEX.OfC.00228 with cw_hands, leaving them at 3 health and 103 armor!
19:59:47: C45:CP.APEX.OfC.00228 has taken 1 damage from C45:CP.APEX.OfC.00228 with cw_hands, leaving them at 2 health and 102 armor!
19:59:47: C45:CP.APEX.OfC.00228 has been cured of all diseases.
19:59:47: C45:CP.APEX.OfC.00228 has dealt 1 damage to C45:CP.APEX.OfC.00228, killing them!
20:03:24: SchωarzKrµppzo (STEAM_0:1:44629398) has connected.
20:04:51: SchωarzKrµppzo has loaded the character 'C45:CP.APEX.OfC.00228'.
20:07:57: C45:CP.APEX.OfC.00228 has used '/Observer'.
20:07:59: C45:CP.APEX.OfC.00228 has used '/Observer'.
20:08:05: C45:CP.APEX.OfC.00228 has taken 20 damage from C45:CP.APEX.OfC.00228 with cw_hands, leaving them at 80 health and 120 armor!
20:08:05: C45:CP.APEX.OfC.00228 has taken 15 damage from C45:CP.APEX.OfC.00228 with cw_hands, leaving them at 65 health and 119 armor!
20:08:06: C45:CP.APEX.OfC.00228 has taken 12 damage from C45:CP.APEX.OfC.00228 with cw_hands, leaving them at 53 health and 118 armor!
20:08:06: C45:CP.APEX.OfC.00228 has taken 9 damage from C45:CP.APEX.OfC.00228 with cw_hands, leaving them at 44 health and 117 armor!
20:08:07: C45:CP.APEX.OfC.00228 has taken 8 damage from C45:CP.APEX.OfC.00228 with cw_hands, leaving them at 36 health and 116 armor!
20:08:08: C45:CP.APEX.OfC.00228 has taken 6 damage from C45:CP.APEX.OfC.00228 with cw_hands, leaving them at 30 health and 115 armor!
20:08:08: C45:CP.APEX.OfC.00228 has taken 5 damage from C45:CP.APEX.OfC.00228 with cw_hands, leaving them at 25 health and 114 armor!
20:08:09: C45:CP.APEX.OfC.00228 has taken 5 damage from C45:CP.APEX.OfC.00228 with cw_hands, leaving them at 20 health and 113 armor!
20:08:09: C45:CP.APEX.OfC.00228 has taken 4 damage from C45:CP.APEX.OfC.00228 with cw_hands, leaving them at 16 health and 112 armor!
20:08:10: C45:CP.APEX.OfC.00228 has taken 3 damage from C45:CP.APEX.OfC.00228 with cw_hands, leaving them at 13 health and 111 armor!
20:08:11: C45:CP.APEX.OfC.00228 has taken 3 damage from C45:CP.APEX.OfC.00228 with cw_hands, leaving them at 10 health and 110 armor!
20:08:11: C45:CP.APEX.OfC.00228 has taken 2 damage from C45:CP.APEX.OfC.00228 with cw_hands, leaving them at 8 health and 109 armor!
20:08:12: C45:CP.APEX.OfC.00228 has taken 2 damage from C45:CP.APEX.OfC.00228 with cw_hands, leaving them at 6 health and 108 armor!
20:08:12: C45:CP.APEX.OfC.00228 has taken 1 damage from C45:CP.APEX.OfC.00228 with cw_hands, leaving them at 5 health and 107 armor!
20:08:13: C45:CP.APEX.OfC.00228 has taken 1 damage from C45:CP.APEX.OfC.00228 with cw_hands, leaving them at 4 health and 106 armor!
20:08:14: C45:CP.APEX.OfC.00228 has taken 1 damage from C45:CP.APEX.OfC.00228 with cw_hands, leaving them at 3 health and 105 armor!
20:08:14: C45:CP.APEX.OfC.00228 has taken 1 damage from C45:CP.APEX.OfC.00228 with cw_hands, leaving them at 2 health and 104 armor!
20:08:15: C45:CP.APEX.OfC.00228 has been cured of all diseases.
20:08:15: C45:CP.APEX.OfC.00228 has dealt 1 damage to C45:CP.APEX.OfC.00228, killing them!
20:09:00: C45:CP.APEX.OfC.00228 has used '/Observer'.
20:09:01: C45:CP.APEX.OfC.00228 has used '/Observer'.
20:09:02: C45:CP.APEX.OfC.00228 has used '/Observer'.
20:09:02: C45:CP.APEX.OfC.00228 has used '/Observer'.
20:09:03: C45:CP.APEX.OfC.00228 has used '/Observer'.
20:09:05: C45:CP.APEX.OfC.00228 has used '/Observer'.
20:09:06: C45:CP.APEX.OfC.00228 has used '/Observer'.
20:09:06: C45:CP.APEX.OfC.00228 has used '/Observer'.
20:09:57: C45:CP.APEX.OfC.00228 has used '/Observer'.
20:09:58: C45:CP.APEX.OfC.00228 has used '/Observer'.
20:10:00: C45:CP.APEX.OfC.00228 has used '/Observer'.
20:10:00: C45:CP.APEX.OfC.00228 has used '/Observer'.
20:10:02: C45:CP.APEX.OfC.00228 has used '/Observer'.
20:10:21: C45:CP.APEX.OfC.00228 has used '/Observer'.
20:10:22: C45:CP.APEX.OfC.00228 has used '/Observer'.
20:10:23: C45:CP.APEX.OfC.00228 has used '/Observer'.
20:12:44: C45:CP.APEX.OfC.00228 has used '/Observer'.
20:12:48: C45:CP.APEX.OfC.00228 has used '/Observer'.
20:13:04: C45:CP.APEX.OfC.00228 has used '/Observer'.
20:13:06: C45:CP.APEX.OfC.00228 has used '/Observer'.
20:13:10: C45:CP.APEX.OfC.00228 has used '/Observer'.
20:13:13: C45:CP.APEX.OfC.00228 has used '/Observer'.
20:13:14: C45:CP.APEX.OfC.00228 has used '/Observer'.
20:13:36: C45:CP.APEX.OfC.00228 has used '/Observer'.
20:13:36: C45:CP.APEX.OfC.00228 has taken 18 damage from C45:CP.APEX.OfC.00228 with cw_hands, leaving them at 82 health and 120 armor!
20:13:37: C45:CP.APEX.OfC.00228 has used '/Observer'.
20:13:37: C45:CP.APEX.OfC.00228 has used '/Observer'.
20:13:38: C45:CP.APEX.OfC.00228 has taken 15 damage from C45:CP.APEX.OfC.00228 with cw_hands, leaving them at 67 health and 119 armor!
20:13:39: C45:CP.APEX.OfC.00228 has taken 12 damage from C45:CP.APEX.OfC.00228 with cw_hands, leaving them at 55 health and 118 armor!
20:13:39: C45:CP.APEX.OfC.00228 has taken 10 damage from C45:CP.APEX.OfC.00228 with cw_hands, leaving them at 45 health and 117 armor!
20:13:39: C45:CP.APEX.OfC.00228 has used '/Observer'.
20:13:43: C45:CP.APEX.OfC.00228 has used '/Observer'.
20:13:43: C45:CP.APEX.OfC.00228 has taken 9 damage from C45:CP.APEX.OfC.00228 with cw_hands, leaving them at 36 health and 116 armor!
20:13:43: C45:CP.APEX.OfC.00228 has taken 7 damage from C45:CP.APEX.OfC.00228 with cw_hands, leaving them at 29 health and 115 armor!
20:13:44: C45:CP.APEX.OfC.00228 has taken 6 damage from C45:CP.APEX.OfC.00228 with cw_hands, leaving them at 23 health and 114 armor!
20:13:45: C45:CP.APEX.OfC.00228 has taken 5 damage from C45:CP.APEX.OfC.00228 with cw_hands, leaving them at 18 health and 113 armor!
20:13:45: C45:CP.APEX.OfC.00228 has taken 4 damage from C45:CP.APEX.OfC.00228 with cw_hands, leaving them at 14 health and 112 armor!
20:13:46: C45:CP.APEX.OfC.00228 has taken 3 damage from C45:CP.APEX.OfC.00228 with cw_hands, leaving them at 11 health and 111 armor!
20:13:46: C45:CP.APEX.OfC.00228 has been cured of all diseases.
20:13:46: worldspawn has dealt 37 damage to C45:CP.APEX.OfC.00228, killing them!
20:16:00: C45:CP.APEX.OfC.00228 has used '/Observer'.
20:18:16: C45:CP.APEX.OfC.00228 has used '/Observer'.
20:18:17: C45:CP.APEX.OfC.00228 has used '/Observer'.
20:18:18: C45:CP.APEX.OfC.00228 has used '/Observer'.
20:18:23: C45:CP.APEX.OfC.00228 has taken 20 damage from C45:CP.APEX.OfC.00228 with cw_hands, leaving them at 80 health and 120 armor!
20:18:23: C45:CP.APEX.OfC.00228 has taken 15 damage from C45:CP.APEX.OfC.00228 with cw_hands, leaving them at 65 health and 119 armor!
20:18:24: C45:CP.APEX.OfC.00228 has taken 12 damage from C45:CP.APEX.OfC.00228 with cw_hands, leaving them at 53 health and 118 armor!
20:18:24: C45:CP.APEX.OfC.00228 has taken 10 damage from C45:CP.APEX.OfC.00228 with cw_hands, leaving them at 43 health and 117 armor!
20:18:25: C45:CP.APEX.OfC.00228 has taken 8 damage from C45:CP.APEX.OfC.00228 with cw_hands, leaving them at 35 health and 116 armor!
20:18:26: C45:CP.APEX.OfC.00228 has taken 7 damage from C45:CP.APEX.OfC.00228 with cw_hands, leaving them at 28 health and 115 armor!
20:18:26: C45:CP.APEX.OfC.00228 has taken 5 damage from C45:CP.APEX.OfC.00228 with cw_hands, leaving them at 23 health and 114 armor!
20:18:27: C45:CP.APEX.OfC.00228 has taken 5 damage from C45:CP.APEX.OfC.00228 with cw_hands, leaving them at 18 health and 113 armor!
20:18:27: C45:CP.APEX.OfC.00228 has taken 4 damage from C45:CP.APEX.OfC.00228 with cw_hands, leaving them at 14 health and 112 armor!
20:18:28: C45:CP.APEX.OfC.00228 has taken 3 damage from C45:CP.APEX.OfC.00228 with cw_hands, leaving them at 11 health and 111 armor!
20:18:29: C45:CP.APEX.OfC.00228 has taken 2 damage from C45:CP.APEX.OfC.00228 with cw_hands, leaving them at 9 health and 110 armor!
20:18:29: C45:CP.APEX.OfC.00228 has taken 2 damage from C45:CP.APEX.OfC.00228 with cw_hands, leaving them at 7 health and 109 armor!
20:18:30: C45:CP.APEX.OfC.00228 has taken 2 damage from C45:CP.APEX.OfC.00228 with cw_hands, leaving them at 5 health and 108 armor!
20:18:30: C45:CP.APEX.OfC.00228 has taken 1 damage from C45:CP.APEX.OfC.00228 with cw_hands, leaving them at 4 health and 107 armor!
20:18:31: C45:CP.APEX.OfC.00228 has taken 1 damage from C45:CP.APEX.OfC.00228 with cw_hands, leaving them at 3 health and 106 armor!
20:18:32: C45:CP.APEX.OfC.00228 has taken 1 damage from C45:CP.APEX.OfC.00228 with cw_hands, leaving them at 2 health and 105 armor!
20:18:32: C45:CP.APEX.OfC.00228 has been cured of all diseases.
20:18:32: C45:CP.APEX.OfC.00228 has dealt 1 damage to C45:CP.APEX.OfC.00228, killing them!
20:21:55: C45:CP.APEX.OfC.00228 has taken 8 damage from C45:CP.APEX.OfC.00228 with cw_hands, leaving them at 100 health and 112 armor!
20:23:33: C45:CP.APEX.OfC.00228 has used '/Observer'.
20:23:34: C45:CP.APEX.OfC.00228 has used '/Observer'.
20:23:53: C45:CP.APEX.OfC.00228 has used '/Observer'.
20:23:57: C45:CP.APEX.OfC.00228 has used '/Observer'.
20:24:07: C45:CP.APEX.OfC.00228 has used '/Observer'.
20:24:08: C45:CP.APEX.OfC.00228 has used '/Observer'.
20:24:18: C45:CP.APEX.OfC.00228 has used '/Observer'.
20:24:20: C45:CP.APEX.OfC.00228 has used '/Observer'.
20:24:29: C45:CP.APEX.OfC.00228 has used '/Observer'.
20:24:31: C45:CP.APEX.OfC.00228 has used '/Observer'.
20:24:32: C45:CP.APEX.OfC.00228 has used '/Observer'.
20:24:33: C45:CP.APEX.OfC.00228 has used '/Observer'.
20:24:47: C45:CP.APEX.OfC.00228 has gained a Health Kit 1463246688.
20:24:47: C45:CP.APEX.OfC.00228 has used '/CharGiveItem ofc health_kit'.
20:24:49: C45:CP.APEX.OfC.00228 has gained a Health Vial 1463246691.
20:24:49: C45:CP.APEX.OfC.00228 has used '/CharGiveItem ofc health_vial'.
20:24:55: C45:CP.APEX.OfC.00228 has lost a Health Vial 1463246691.
20:24:55: C45:CP.APEX.OfC.00228 has used '/InvAction use health_vial 1463246691.00'.
20:24:57: C45:CP.APEX.OfC.00228 has lost a Health Kit 1463246688.
20:24:57: C45:CP.APEX.OfC.00228 has used '/InvAction use health_kit 1463246688.00'.
20:25:00: C45:CP.APEX.OfC.00228 has used '/Observer'.
20:25:01: C45:CP.APEX.OfC.00228 has used '/Observer'.
20:25:02: C45:CP.APEX.OfC.00228 has used '/Observer'.
20:25:03: C45:CP.APEX.OfC.00228 has used '/Observer'.
20:25:07: C45:CP.APEX.OfC.00228 has used '/Observer'.
20:25:10: C45:CP.APEX.OfC.00228 has used '/Observer'.
20:25:11: C45:CP.APEX.OfC.00228 has used '/Observer'.
20:25:12: C45:CP.APEX.OfC.00228 has used '/Observer'.
20:25:14: C45:CP.APEX.OfC.00228 has used '/Observer'.
20:25:14: C45:CP.APEX.OfC.00228 has used '/Observer'.
20:25:17: C45:CP.APEX.OfC.00228 has used '/Observer'.
20:25:19: C45:CP.APEX.OfC.00228 has used '/Observer'.
20:25:19: C45:CP.APEX.OfC.00228 has taken 20 damage from C45:CP.APEX.OfC.00228 with cw_hands, leaving them at 80 health and 111 armor!
20:25:20: C45:CP.APEX.OfC.00228 has taken 16 damage from C45:CP.APEX.OfC.00228 with cw_hands, leaving them at 64 health and 110 armor!
20:25:20: C45:CP.APEX.OfC.00228 has used '/Observer'.
20:25:25: C45:CP.APEX.OfC.00228 has gained a Health Vial 1463246728.
20:25:25: C45:CP.APEX.OfC.00228 has used '/CharGiveItem ofc health_vial'.
20:25:27: C45:CP.APEX.OfC.00228 has used '/CharHeal health_vial'.
20:25:27: C45:CP.APEX.OfC.00228 has used '/InvAction Give health_vial 1463246728.00'.
20:25:29: C45:CP.APEX.OfC.00228 has lost a Health Vial 1463246728.
20:25:29: C45:CP.APEX.OfC.00228 has used '/InvAction use health_vial 1463246728.00'.
20:25:30: C45:CP.APEX.OfC.00228 has used '/Observer'.
20:25:31: C45:CP.APEX.OfC.00228 has taken 19 damage from C45:CP.APEX.OfC.00228 with cw_hands, leaving them at 72 health and 109 armor!
20:25:31: C45:CP.APEX.OfC.00228 has used '/Observer'.
20:25:35: C45:CP.APEX.OfC.00228 has gained a Health Vial 1463246739.
20:25:35: C45:CP.APEX.OfC.00228 has used '/CharGiveItem ofc health_vial'.
20:25:36: C45:CP.APEX.OfC.00228 has gained a Health Vial 1463246741.
20:25:36: C45:CP.APEX.OfC.00228 has used '/CharGiveItem ofc health_vial'.
20:25:39: C45:CP.APEX.OfC.00228 has used '/CharHeal health_vial'.
20:25:39: C45:CP.APEX.OfC.00228 has used '/InvAction Give health_vial 1463246741.00'.
20:25:40: C45:CP.APEX.OfC.00228 has lost a Health Vial 1463246741.
20:25:40: C45:CP.APEX.OfC.00228 has used '/InvAction use health_vial 1463246741.00'.
20:25:41: C45:CP.APEX.OfC.00228 has lost a Health Vial 1463246739.
20:25:41: C45:CP.APEX.OfC.00228 has used '/InvAction use health_vial 1463246739.00'.
20:25:43: C45:CP.APEX.OfC.00228 has used '/Observer'.
20:25:44: C45:CP.APEX.OfC.00228 has used '/Observer'.
20:25:44: C45:CP.APEX.OfC.00228 has used '/Observer'.
20:25:48: C45:CP.APEX.OfC.00228 has gained a Health Kit 1463246754.
20:25:48: C45:CP.APEX.OfC.00228 has used '/CharGiveItem ofc health_kit'.
20:25:52: C45:CP.APEX.OfC.00228 has lost a Health Kit 1463246754.
20:25:52: C45:CP.APEX.OfC.00228 has used '/InvAction use health_kit 1463246754.00'.
20:25:54: C45:CP.APEX.OfC.00228 has gained a Health Kit 1463246761.
20:25:54: C45:CP.APEX.OfC.00228 has used '/CharGiveItem ofc health_kit'.
20:25:56: C45:CP.APEX.OfC.00228 has lost a Health Kit 1463246761.
20:25:56: C45:CP.APEX.OfC.00228 has used '/InvAction use health_kit 1463246761.00'.
20:25:57: C45:CP.APEX.OfC.00228 has gained a Health Kit 1463246765.
20:25:57: C45:CP.APEX.OfC.00228 has used '/CharGiveItem ofc health_kit'.
20:25:57: C45:CP.APEX.OfC.00228 has gained a Health Kit 1463246766.
20:25:57: C45:CP.APEX.OfC.00228 has used '/CharGiveItem ofc health_kit'.
20:25:59: C45:CP.APEX.OfC.00228 has lost a Health Kit 1463246765.
20:25:59: C45:CP.APEX.OfC.00228 has used '/InvAction use health_kit 1463246765.00'.
20:25:59: C45:CP.APEX.OfC.00228 has lost a Health Kit 1463246766.
20:25:59: C45:CP.APEX.OfC.00228 has used '/InvAction use health_kit 1463246766.00'.
20:37:05: SchωarzKrµppzo (STEAM_0:1:44629398) has connected.
20:38:04: SchωarzKrµppzo has loaded the character 'C45:CP.APEX.OfC.00228'.
20:38:07: C45:CP.APEX.OfC.00228 has used '/Observer'.
20:42:56: SchωarzKrµppzo (STEAM_0:1:44629398) has connected.
20:44:22: SchωarzKrµppzo has loaded the character 'C45:CP.APEX.OfC.00228'.
20:44:53: C45:CP.APEX.OfC.00228 has taken 20 damage from C45:CP.APEX.OfC.00228 with cw_hands, leaving them at 80 health and 108 armor!
20:44:53: C45:CP.APEX.OfC.00228 has taken 15 damage from C45:CP.APEX.OfC.00228 with cw_hands, leaving them at 65 health and 107 armor!
20:44:54: C45:CP.APEX.OfC.00228 has taken 12 damage from C45:CP.APEX.OfC.00228 with cw_hands, leaving them at 53 health and 106 armor!
20:44:55: C45:CP.APEX.OfC.00228 has taken 9 damage from C45:CP.APEX.OfC.00228 with cw_hands, leaving them at 44 health and 105 armor!
20:44:55: C45:CP.APEX.OfC.00228 has taken 8 damage from C45:CP.APEX.OfC.00228 with cw_hands, leaving them at 36 health and 104 armor!
20:44:56: C45:CP.APEX.OfC.00228 has taken 6 damage from C45:CP.APEX.OfC.00228 with cw_hands, leaving them at 30 health and 103 armor!
20:44:56: C45:CP.APEX.OfC.00228 has taken 5 damage from C45:CP.APEX.OfC.00228 with cw_hands, leaving them at 25 health and 102 armor!
20:44:57: C45:CP.APEX.OfC.00228 has taken 5 damage from C45:CP.APEX.OfC.00228 with cw_hands, leaving them at 20 health and 101 armor!
20:44:58: C45:CP.APEX.OfC.00228 has taken 4 damage from C45:CP.APEX.OfC.00228 with cw_hands, leaving them at 16 health and 100 armor!
20:44:58: C45:CP.APEX.OfC.00228 has taken 3 damage from C45:CP.APEX.OfC.00228 with cw_hands, leaving them at 13 health and 99 armor!
20:44:59: C45:CP.APEX.OfC.00228 has taken 3 damage from C45:CP.APEX.OfC.00228 with cw_hands, leaving them at 10 health and 98 armor!
20:44:59: C45:CP.APEX.OfC.00228 has taken 2 damage from C45:CP.APEX.OfC.00228 with cw_hands, leaving them at 8 health and 97 armor!
20:45:00: C45:CP.APEX.OfC.00228 has taken 2 damage from C45:CP.APEX.OfC.00228 with cw_hands, leaving them at 6 health and 96 armor!
20:45:01: C45:CP.APEX.OfC.00228 has taken 1 damage from C45:CP.APEX.OfC.00228 with cw_hands, leaving them at 5 health and 95 armor!
20:45:01: C45:CP.APEX.OfC.00228 has taken 1 damage from C45:CP.APEX.OfC.00228 with cw_hands, leaving them at 4 health and 94 armor!
20:45:02: C45:CP.APEX.OfC.00228 has taken 1 damage from C45:CP.APEX.OfC.00228 with cw_hands, leaving them at 3 health and 93 armor!
20:45:02: C45:CP.APEX.OfC.00228 has taken 1 damage from C45:CP.APEX.OfC.00228 with cw_hands, leaving them at 2 health and 92 armor!
20:45:03: C45:CP.APEX.OfC.00228 has been cured of all diseases.
20:45:03: C45:CP.APEX.OfC.00228 has dealt 1 damage to C45:CP.APEX.OfC.00228, killing them!
20:48:26: C45:CP.APEX.OfC.00228 has used '/Observer'.
20:48:26: C45:CP.APEX.OfC.00228 has used '/Observer'.
20:48:30: C45:CP.APEX.OfC.00228 has used '/Observer'.
20:48:30: C45:CP.APEX.OfC.00228 has used '/Observer'.
20:48:31: C45:CP.APEX.OfC.00228 has used '/Observer'.
20:48:31: C45:CP.APEX.OfC.00228 has used '/Observer'.
20:48:33: C45:CP.APEX.OfC.00228 has taken 41 damage from worldspawn, leaving them at 59 health and 120 armor!
20:49:17: C45:CP.APEX.OfC.00228 has used '/Observer'.
20:49:22: C45:CP.APEX.OfC.00228 has used '/Observer'.
20:49:22: C45:CP.APEX.OfC.00228 has used '/Observer'.
20:49:22: C45:CP.APEX.OfC.00228 has used '/Observer'.
20:49:45: C45:CP.APEX.OfC.00228 has used '/Observer'.
20:49:49: C45:CP.APEX.OfC.00228 has used '/Observer'.
20:49:49: C45:CP.APEX.OfC.00228 has taken 11 damage from C45:CP.APEX.OfC.00228 with cw_hands, leaving them at 48 health and 120 armor!
20:49:50: C45:CP.APEX.OfC.00228 has taken 9 damage from C45:CP.APEX.OfC.00228 with cw_hands, leaving them at 39 health and 119 armor!
20:49:51: C45:CP.APEX.OfC.00228 has taken 8 damage from C45:CP.APEX.OfC.00228 with cw_hands, leaving them at 31 health and 118 armor!
20:49:51: C45:CP.APEX.OfC.00228 has used '/Observer'.
21:00:09: SchωarzKrµppzo (STEAM_0:1:44629398) has connected.
21:01:06: SchωarzKrµppzo has loaded the character 'C45:CP.APEX.OfC.00228'.
21:01:07: C45:CP.APEX.OfC.00228 has taken 6 damage from C45:CP.APEX.OfC.00228 with cw_hands, leaving them at 25 health and 117 armor!
21:01:08: C45:CP.APEX.OfC.00228 has taken 5 damage from C45:CP.APEX.OfC.00228 with cw_hands, leaving them at 20 health and 116 armor!
21:01:08: C45:CP.APEX.OfC.00228 has taken 4 damage from C45:CP.APEX.OfC.00228 with cw_hands, leaving them at 16 health and 115 armor!
21:01:09: C45:CP.APEX.OfC.00228 has taken 3 damage from C45:CP.APEX.OfC.00228 with cw_hands, leaving them at 13 health and 114 armor!
21:01:10: C45:CP.APEX.OfC.00228 has taken 3 damage from C45:CP.APEX.OfC.00228 with cw_hands, leaving them at 10 health and 113 armor!
21:01:10: C45:CP.APEX.OfC.00228 has taken 2 damage from C45:CP.APEX.OfC.00228 with cw_hands, leaving them at 8 health and 112 armor!
21:01:11: C45:CP.APEX.OfC.00228 has taken 2 damage from C45:CP.APEX.OfC.00228 with cw_hands, leaving them at 6 health and 111 armor!
21:01:11: C45:CP.APEX.OfC.00228 has taken 2 damage from C45:CP.APEX.OfC.00228 with cw_hands, leaving them at 4 health and 110 armor!
21:01:12: C45:CP.APEX.OfC.00228 has taken 1 damage from C45:CP.APEX.OfC.00228 with cw_hands, leaving them at 3 health and 109 armor!
21:01:13: C45:CP.APEX.OfC.00228 has taken 1 damage from C45:CP.APEX.OfC.00228 with cw_hands, leaving them at 2 health and 108 armor!
21:01:13: C45:CP.APEX.OfC.00228 has been cured of all diseases.
21:01:13: C45:CP.APEX.OfC.00228 has dealt 1 damage to C45:CP.APEX.OfC.00228, killing them!
21:01:19: C45:CP.APEX.OfC.00228 has used '/Observer'.
21:01:27: C45:CP.APEX.OfC.00228 has used '/Observer'.
21:02:17: C45:CP.APEX.OfC.00228 has taken 20 damage from C45:CP.APEX.OfC.00228 with cw_hands, leaving them at 80 health and 120 armor!
21:02:18: C45:CP.APEX.OfC.00228 has taken 16 damage from C45:CP.APEX.OfC.00228 with cw_hands, leaving them at 64 health and 119 armor!
21:02:18: C45:CP.APEX.OfC.00228 has taken 12 damage from C45:CP.APEX.OfC.00228 with cw_hands, leaving them at 52 health and 118 armor!
21:02:19: C45:CP.APEX.OfC.00228 has taken 10 damage from C45:CP.APEX.OfC.00228 with cw_hands, leaving them at 42 health and 117 armor!
21:02:19: C45:CP.APEX.OfC.00228 has taken 8 damage from C45:CP.APEX.OfC.00228 with cw_hands, leaving them at 34 health and 116 armor!
21:02:20: C45:CP.APEX.OfC.00228 has taken 6 damage from C45:CP.APEX.OfC.00228 with cw_hands, leaving them at 28 health and 115 armor!
21:02:21: C45:CP.APEX.OfC.00228 has taken 5 damage from C45:CP.APEX.OfC.00228 with cw_hands, leaving them at 23 health and 114 armor!
21:02:21: C45:CP.APEX.OfC.00228 has taken 4 damage from C45:CP.APEX.OfC.00228 with cw_hands, leaving them at 19 health and 113 armor!
21:02:22: C45:CP.APEX.OfC.00228 has taken 3 damage from C45:CP.APEX.OfC.00228 with cw_hands, leaving them at 16 health and 112 armor!
21:02:22: C45:CP.APEX.OfC.00228 has taken 3 damage from C45:CP.APEX.OfC.00228 with cw_hands, leaving them at 13 health and 111 armor!
21:02:23: C45:CP.APEX.OfC.00228 has taken 2 damage from C45:CP.APEX.OfC.00228 with cw_hands, leaving them at 11 health and 110 armor!
21:02:23: C45:CP.APEX.OfC.00228 has used '/Observer'.
21:02:24: C45:CP.APEX.OfC.00228 has used '/Observer'.
21:02:24: C45:CP.APEX.OfC.00228 has taken 2 damage from C45:CP.APEX.OfC.00228 with cw_hands, leaving them at 9 health and 109 armor!
21:02:25: C45:CP.APEX.OfC.00228 has taken 2 damage from C45:CP.APEX.OfC.00228 with cw_hands, leaving them at 7 health and 108 armor!
21:02:25: C45:CP.APEX.OfC.00228 has used '/Observer'.
21:02:43: C45:CP.APEX.OfC.00228 has gained a Health Kit 1463248964.
21:02:43: C45:CP.APEX.OfC.00228 has used '/CharGiveItem 228 health_kit'.
21:02:45: C45:CP.APEX.OfC.00228 has gained a Health Kit 1463248967.
21:02:45: C45:CP.APEX.OfC.00228 has gained a Health Kit 1463248968.
21:02:45: C45:CP.APEX.OfC.00228 has gained a Health Kit 1463248969.
21:02:45: C45:CP.APEX.OfC.00228 has gained a Health Kit 1463248970.
21:02:45: C45:CP.APEX.OfC.00228 has gained a Health Kit 1463248971.
21:02:45: C45:CP.APEX.OfC.00228 has used '/CharGiveItem 228 health_kit 5'.
21:02:50: C45:CP.APEX.OfC.00228 has lost a Health Kit 1463248969.
21:02:50: C45:CP.APEX.OfC.00228 has used '/InvAction use health_kit 1463248969.00'.
21:02:51: C45:CP.APEX.OfC.00228 has lost a Health Kit 1463248968.
21:02:51: C45:CP.APEX.OfC.00228 has used '/InvAction use health_kit 1463248968.00'.
21:02:53: C45:CP.APEX.OfC.00228 has lost a Health Kit 1463248970.
21:02:53: C45:CP.APEX.OfC.00228 has used '/InvAction use health_kit 1463248970.00'.
21:02:54: C45:CP.APEX.OfC.00228 has lost a Health Kit 1463248971.
21:02:54: C45:CP.APEX.OfC.00228 has used '/InvAction use health_kit 1463248971.00'.
21:02:55: C45:CP.APEX.OfC.00228 has lost a Health Kit 1463248967.
21:02:55: C45:CP.APEX.OfC.00228 has used '/InvAction use health_kit 1463248967.00'.
21:02:57: C45:CP.APEX.OfC.00228 has lost a Health Kit 1463248964.
21:02:57: C45:CP.APEX.OfC.00228 has used '/InvAction use health_kit 1463248964.00'.
21:02:57: C45:CP.APEX.OfC.00228 has used '/Observer'.
21:03:01: C45:CP.APEX.OfC.00228 has gained a Health Kit 1463248988.
21:03:01: C45:CP.APEX.OfC.00228 has gained a Health Kit 1463248989.
21:03:01: C45:CP.APEX.OfC.00228 has gained a Health Kit 1463248990.
21:03:01: C45:CP.APEX.OfC.00228 has gained a Health Kit 1463248991.
21:03:01: C45:CP.APEX.OfC.00228 has gained a Health Kit 1463248992.
21:03:01: C45:CP.APEX.OfC.00228 has used '/CharGiveItem 228 health_kit 5'.
21:03:03: C45:CP.APEX.OfC.00228 has lost a Health Kit 1463248992.
21:03:03: C45:CP.APEX.OfC.00228 has used '/InvAction use health_kit 1463248992.00'.
21:03:03: C45:CP.APEX.OfC.00228 has lost a Health Kit 1463248991.
21:03:03: C45:CP.APEX.OfC.00228 has used '/InvAction use health_kit 1463248991.00'.
21:03:05: C45:CP.APEX.OfC.00228 has lost a Health Kit 1463248990.
21:03:05: C45:CP.APEX.OfC.00228 has used '/InvAction use health_kit 1463248990.00'.
21:03:08: C45:CP.APEX.OfC.00228 has lost a Health Kit 1463248989.
21:03:08: C45:CP.APEX.OfC.00228 has used '/InvAction use health_kit 1463248989.00'.
21:03:10: C45:CP.APEX.OfC.00228 has lost a Health Kit 1463248988.
21:03:10: C45:CP.APEX.OfC.00228 has used '/InvAction use health_kit 1463248988.00'.
21:03:19: C45:CP.APEX.OfC.00228 has gained a Health Kit 1463249011.
21:03:19: C45:CP.APEX.OfC.00228 has gained a Health Kit 1463249012.
21:03:19: C45:CP.APEX.OfC.00228 has gained a Health Kit 1463249013.
21:03:19: C45:CP.APEX.OfC.00228 has gained a Health Kit 1463249014.
21:03:19: C45:CP.APEX.OfC.00228 has gained a Health Kit 1463249015.
21:03:19: C45:CP.APEX.OfC.00228 has used '/CharGiveItem 228 health_kit 5'.
21:03:21: C45:CP.APEX.OfC.00228 has lost a Health Kit 1463249015.
21:03:21: C45:CP.APEX.OfC.00228 has used '/InvAction use health_kit 1463249015.00'.
21:03:24: C45:CP.APEX.OfC.00228 has lost a Health Kit 1463249014.
21:03:24: C45:CP.APEX.OfC.00228 has used '/InvAction use health_kit 1463249014.00'.
21:03:26: C45:CP.APEX.OfC.00228 has lost a Health Kit 1463249013.
21:03:26: C45:CP.APEX.OfC.00228 has used '/InvAction use health_kit 1463249013.00'.
21:05:38: C45:CP.APEX.OfC.00228 has used '/Observer'.
21:05:41: C45:CP.APEX.OfC.00228 has used '/Observer'.
21:05:44: C45:CP.APEX.OfC.00228 has used '/Observer'.
21:05:45: C45:CP.APEX.OfC.00228 has used '/Observer'.
21:05:46: C45:CP.APEX.OfC.00228 has used '/Observer'.
21:05:53: C45:CP.APEX.OfC.00228 has used '/Observer'.
21:05:55: C45:CP.APEX.OfC.00228 has used '/Observer'.
21:05:56: C45:CP.APEX.OfC.00228 has used '/Observer'.
21:08:10: C45:CP.APEX.OfC.00228 has used '/Observer'.
21:08:13: C45:CP.APEX.OfC.00228 has used '/Observer'.
21:08:16: C45:CP.APEX.OfC.00228 has used '/Observer'.
21:08:17: C45:CP.APEX.OfC.00228 has used '/Observer'.
21:14:24: C45:CP.APEX.OfC.00228 has gained a USP Match 1461406497.
21:14:24: C45:CP.APEX.OfC.00228 has lost a USP Match 1461406497.
21:14:24: C45:CP.APEX.OfC.00228 has used '/InvAction use sxbase_uspmatch 1461406497'.
21:14:31: C45:CP.APEX.OfC.00228 has lost a 9mm Pistol Bullets 1461408808.
21:14:31: C45:CP.APEX.OfC.00228 has used '/InvAction use ammo_pistol 1461408808.00'.
21:16:02: C45:CP.APEX.OfC.00228 has lost a USP Match 1461406497.
21:16:05: C45:CP.APEX.OfC.00228 has gained a USP Match 1463074763.
21:16:05: C45:CP.APEX.OfC.00228 has lost a USP Match 1463074763.
21:16:05: C45:CP.APEX.OfC.00228 has used '/InvAction use sxbase_uspmatch 1463074763'.
21:16:21: C45:CP.APEX.OfC.00228 has gained a 9mm Pistol Bullets 1463249798.
21:16:21: C45:CP.APEX.OfC.00228 has gained a 9mm Pistol Bullets 1463249799.
21:16:21: C45:CP.APEX.OfC.00228 has gained a 9mm Pistol Bullets 1463249800.
21:16:21: C45:CP.APEX.OfC.00228 has gained a 9mm Pistol Bullets 1463249801.
21:16:21: C45:CP.APEX.OfC.00228 has gained a 9mm Pistol Bullets 1463249802.
21:16:21: C45:CP.APEX.OfC.00228 has used '/CharGiveItem apex ammo_pistol 5'.
21:16:23: C45:CP.APEX.OfC.00228 has lost a 9mm Pistol Bullets 1463249799.
21:16:23: C45:CP.APEX.OfC.00228 has used '/InvAction use ammo_pistol 1463249799.00'.
21:16:24: C45:CP.APEX.OfC.00228 has lost a 9mm Pistol Bullets 1463249800.
21:16:24: C45:CP.APEX.OfC.00228 has used '/InvAction use ammo_pistol 1463249800.00'.
21:16:24: C45:CP.APEX.OfC.00228 has lost a 9mm Pistol Bullets 1463249801.
21:16:24: C45:CP.APEX.OfC.00228 has used '/InvAction use ammo_pistol 1463249801.00'.
21:16:30: C45:CP.APEX.OfC.00228 has used '/Observer'.
21:16:45: C45:CP.APEX.OfC.00228 has lost a USP Match 1463074763.
21:16:45: C45:CP.APEX.OfC.00228 has used '/Observer'.
21:16:47: C45:CP.APEX.OfC.00228 has gained a USP Match 1463074763.
21:16:47: C45:CP.APEX.OfC.00228 has lost a USP Match 1463074763.
21:16:47: C45:CP.APEX.OfC.00228 has used '/InvAction use sxbase_uspmatch 1463074763'.
21:18:29: C45:CP.APEX.OfC.00228 has lost a USP Match 1463074763.
21:18:31: C45:CP.APEX.OfC.00228 has gained a USP Match 1463074763.
21:18:31: C45:CP.APEX.OfC.00228 has lost a USP Match 1463074763.
21:18:31: C45:CP.APEX.OfC.00228 has used '/InvAction use sxbase_uspmatch 1463074763'.
21:39:31: SchωarzKrµppzo (STEAM_0:1:44629398) has connected.
21:40:48: SchωarzKrµppzo has loaded the character 'C45:CP.APEX.OfC.00228'.
21:41:21: C45:CP.APEX.OfC.00228 has taken 20 damage from C45:CP.APEX.OfC.00228 with cw_hands, leaving them at 80 health and 107 armor!
21:41:22: C45:CP.APEX.OfC.00228 has taken 15 damage from C45:CP.APEX.OfC.00228 with cw_hands, leaving them at 65 health and 106 armor!
21:41:22: C45:CP.APEX.OfC.00228 has taken 12 damage from C45:CP.APEX.OfC.00228 with cw_hands, leaving them at 53 health and 105 armor!
21:41:23: C45:CP.APEX.OfC.00228 has taken 10 damage from C45:CP.APEX.OfC.00228 with cw_hands, leaving them at 43 health and 104 armor!
21:41:24: C45:CP.APEX.OfC.00228 has taken 8 damage from C45:CP.APEX.OfC.00228 with cw_hands, leaving them at 35 health and 103 armor!
21:41:24: C45:CP.APEX.OfC.00228 has taken 7 damage from C45:CP.APEX.OfC.00228 with cw_hands, leaving them at 28 health and 102 armor!
21:41:25: C45:CP.APEX.OfC.00228 has taken 6 damage from C45:CP.APEX.OfC.00228 with cw_hands, leaving them at 22 health and 101 armor!
21:41:25: C45:CP.APEX.OfC.00228 has taken 5 damage from C45:CP.APEX.OfC.00228 with cw_hands, leaving them at 17 health and 100 armor!
21:41:26: C45:CP.APEX.OfC.00228 has taken 4 damage from C45:CP.APEX.OfC.00228 with cw_hands, leaving them at 13 health and 99 armor!
21:41:27: C45:CP.APEX.OfC.00228 has taken 3 damage from C45:CP.APEX.OfC.00228 with cw_hands, leaving them at 10 health and 98 armor!
21:41:27: C45:CP.APEX.OfC.00228 has taken 2 damage from C45:CP.APEX.OfC.00228 with cw_hands, leaving them at 8 health and 97 armor!
21:41:28: C45:CP.APEX.OfC.00228 has taken 2 damage from C45:CP.APEX.OfC.00228 with cw_hands, leaving them at 6 health and 96 armor!
21:41:28: C45:CP.APEX.OfC.00228 has taken 2 damage from C45:CP.APEX.OfC.00228 with cw_hands, leaving them at 4 health and 95 armor!
21:41:29: C45:CP.APEX.OfC.00228 has taken 1 damage from C45:CP.APEX.OfC.00228 with cw_hands, leaving them at 3 health and 94 armor!
21:41:30: C45:CP.APEX.OfC.00228 has taken 1 damage from C45:CP.APEX.OfC.00228 with cw_hands, leaving them at 2 health and 93 armor!
21:41:30: C45:CP.APEX.OfC.00228 has been cured of all diseases.
21:41:30: C45:CP.APEX.OfC.00228 has dealt 1 damage to C45:CP.APEX.OfC.00228, killing them!
21:41:37: C45:CP.APEX.OfC.00228 has used '/Observer'.
21:41:39: C45:CP.APEX.OfC.00228 has used '/Observer'.
21:43:45: C45:CP.APEX.OfC.00228 has used '/Observer'.
21:43:47: C45:CP.APEX.OfC.00228 has used '/Observer'.
21:44:07: C45:CP.APEX.OfC.00228 has used '/Observer'.
21:44:08: C45:CP.APEX.OfC.00228 has used '/Observer'.
21:45:02: C45:CP.APEX.OfC.00228 has taken 20 damage from C45:CP.APEX.OfC.00228 with cw_hands, leaving them at 80 health and 120 armor!
21:45:02: C45:CP.APEX.OfC.00228 has taken 16 damage from C45:CP.APEX.OfC.00228 with cw_hands, leaving them at 64 health and 119 armor!
21:45:03: C45:CP.APEX.OfC.00228 has taken 13 damage from C45:CP.APEX.OfC.00228 with cw_hands, leaving them at 51 health and 118 armor!
21:45:03: C45:CP.APEX.OfC.00228 has taken 11 damage from C45:CP.APEX.OfC.00228 with cw_hands, leaving them at 40 health and 117 armor!
21:45:04: C45:CP.APEX.OfC.00228 has taken 8 damage from C45:CP.APEX.OfC.00228 with cw_hands, leaving them at 32 health and 116 armor!
21:45:05: C45:CP.APEX.OfC.00228 has taken 7 damage from C45:CP.APEX.OfC.00228 with cw_hands, leaving them at 25 health and 115 armor!
21:45:05: C45:CP.APEX.OfC.00228 has lost a Health Kit 1463249012.
21:45:05: C45:CP.APEX.OfC.00228 has used '/InvAction use health_kit 1463249012.00'.
21:45:06: C45:CP.APEX.OfC.00228 has lost a Health Kit 1463249011.
21:45:06: C45:CP.APEX.OfC.00228 has used '/InvAction use health_kit 1463249011.00'.
21:45:19: C45:CP.APEX.OfC.00228 has used '/Observer'.
21:45:20: C45:CP.APEX.OfC.00228 has used '/Observer'.
21:45:22: C45:CP.APEX.OfC.00228 has used '/Observer'.
21:45:23: C45:CP.APEX.OfC.00228 has used '/Observer'.
21:49:34: C45:CP.APEX.OfC.00228 has used '/Observer'.
22:09:22: C45:CP.APEX.OfC.00228 has used '/Observer'.
22:09:22: C45:CP.APEX.OfC.00228 has taken 19 damage from C45:CP.APEX.OfC.00228 with cw_hands, leaving them at 81 health and 114 armor!
22:09:23: C45:CP.APEX.OfC.00228 has taken 15 damage from C45:CP.APEX.OfC.00228 with cw_hands, leaving them at 66 health and 113 armor!
22:09:23: C45:CP.APEX.OfC.00228 has used '/Observer'.
22:09:24: C45:CP.APEX.OfC.00228 has used '/Observer'.
22:09:24: C45:CP.APEX.OfC.00228 has taken 13 damage from C45:CP.APEX.OfC.00228 with cw_hands, leaving them at 53 health and 112 armor!
22:09:24: C45:CP.APEX.OfC.00228 has used '/Observer'.
22:09:29: C45:CP.APEX.OfC.00228 has used '/Observer'.
22:09:29: C45:CP.APEX.OfC.00228 has taken 10 damage from C45:CP.APEX.OfC.00228 with cw_hands, leaving them at 43 health and 111 armor!
22:09:29: C45:CP.APEX.OfC.00228 has used '/Observer'.
22:09:33: C45:CP.APEX.OfC.00228 has used '/Observer'.
22:09:34: C45:CP.APEX.OfC.00228 has taken 8 damage from C45:CP.APEX.OfC.00228 with cw_hands, leaving them at 35 health and 110 armor!
22:09:34: C45:CP.APEX.OfC.00228 has used '/Observer'.
22:09:34: C45:CP.APEX.OfC.00228 has used '/Observer'.
22:09:34: C45:CP.APEX.OfC.00228 has taken 7 damage from C45:CP.APEX.OfC.00228 with cw_hands, leaving them at 28 health and 109 armor!
22:09:35: C45:CP.APEX.OfC.00228 has taken 6 damage from C45:CP.APEX.OfC.00228 with cw_hands, leaving them at 22 health and 108 armor!
22:09:36: C45:CP.APEX.OfC.00228 has used '/Observer'.
22:09:36: C45:CP.APEX.OfC.00228 has used '/Observer'.
22:09:37: C45:CP.APEX.OfC.00228 has taken 5 damage from C45:CP.APEX.OfC.00228 with cw_hands, leaving them at 17 health and 107 armor!
22:09:37: C45:CP.APEX.OfC.00228 has used '/Observer'.
22:10:49: C45:CP.APEX.OfC.00228 says: "<:: c"
22:11:22: C45:CP.APEX.OfC.00228 says: "<:: c"
22:28:01: SchωarzKrµppzo (STEAM_0:1:44629398) has connected.
22:28:59: SchωarzKrµppzo has loaded the character 'C45:CP.APEX.OfC.00228'.
22:29:00: C45:CP.APEX.OfC.00228 has taken 4 damage from C45:CP.APEX.OfC.00228 with cw_hands, leaving them at 13 health and 106 armor!
22:29:00: C45:CP.APEX.OfC.00228 has taken 3 damage from C45:CP.APEX.OfC.00228 with cw_hands, leaving them at 10 health and 105 armor!
22:29:01: C45:CP.APEX.OfC.00228 has taken 2 damage from C45:CP.APEX.OfC.00228 with cw_hands, leaving them at 8 health and 104 armor!
22:29:01: C45:CP.APEX.OfC.00228 has taken 2 damage from C45:CP.APEX.OfC.00228 with cw_hands, leaving them at 6 health and 103 armor!
22:29:02: C45:CP.APEX.OfC.00228 has taken 2 damage from C45:CP.APEX.OfC.00228 with cw_hands, leaving them at 4 health and 102 armor!
22:29:03: C45:CP.APEX.OfC.00228 has taken 1 damage from C45:CP.APEX.OfC.00228 with cw_hands, leaving them at 3 health and 101 armor!
22:29:03: C45:CP.APEX.OfC.00228 has taken 1 damage from C45:CP.APEX.OfC.00228 with cw_hands, leaving them at 2 health and 100 armor!
22:29:04: C45:CP.APEX.OfC.00228 has been cured of all diseases.
22:29:04: C45:CP.APEX.OfC.00228 has dealt 1 damage to C45:CP.APEX.OfC.00228, killing them!
22:29:09: C45:CP.APEX.OfC.00228 has used '/Observer'.
22:31:48: C45:CP.APEX.OfC.00228 has used '/Observer'.
22:31:48: C45:CP.APEX.OfC.00228 has used '/Observer'.
22:31:50: C45:CP.APEX.OfC.00228 has used '/Observer'.
22:31:59: C45:CP.APEX.OfC.00228 has used '/Observer'.
22:31:59: C45:CP.APEX.OfC.00228 has used '/Observer'.
22:32:49: C45:CP.APEX.OfC.00228 has taken 20 damage from C45:CP.APEX.OfC.00228 with cw_hands, leaving them at 80 health and 120 armor!
22:32:50: C45:CP.APEX.OfC.00228 has taken 16 damage from C45:CP.APEX.OfC.00228 with cw_hands, leaving them at 64 health and 119 armor!
22:32:50: C45:CP.APEX.OfC.00228 has taken 12 damage from C45:CP.APEX.OfC.00228 with cw_hands, leaving them at 52 health and 118 armor!
22:32:50: C45:CP.APEX.OfC.00228 has used '/Observer'.
22:32:51: C45:CP.APEX.OfC.00228 has used '/Observer'.
22:32:51: C45:CP.APEX.OfC.00228 has taken 10 damage from C45:CP.APEX.OfC.00228 with cw_hands, leaving them at 42 health and 117 armor!
22:32:52: C45:CP.APEX.OfC.00228 has taken 8 damage from C45:CP.APEX.OfC.00228 with cw_hands, leaving them at 34 health and 116 armor!
22:32:53: C45:CP.APEX.OfC.00228 has taken 7 damage from C45:CP.APEX.OfC.00228 with cw_hands, leaving them at 27 health and 115 armor!
22:32:53: C45:CP.APEX.OfC.00228 has taken 5 damage from C45:CP.APEX.OfC.00228 with cw_hands, leaving them at 22 health and 114 armor!
22:32:54: C45:CP.APEX.OfC.00228 has taken 4 damage from C45:CP.APEX.OfC.00228 with cw_hands, leaving them at 18 health and 113 armor!
22:32:54: C45:CP.APEX.OfC.00228 has taken 4 damage from C45:CP.APEX.OfC.00228 with cw_hands, leaving them at 14 health and 112 armor!
22:32:55: C45:CP.APEX.OfC.00228 has taken 3 damage from C45:CP.APEX.OfC.00228 with cw_hands, leaving them at 11 health and 111 armor!
22:32:56: C45:CP.APEX.OfC.00228 has taken 2 damage from C45:CP.APEX.OfC.00228 with cw_hands, leaving them at 9 health and 110 armor!
22:32:56: C45:CP.APEX.OfC.00228 has taken 2 damage from C45:CP.APEX.OfC.00228 with cw_hands, leaving them at 7 health and 109 armor!
22:32:57: C45:CP.APEX.OfC.00228 has taken 2 damage from C45:CP.APEX.OfC.00228 with cw_hands, leaving them at 5 health and 108 armor!
22:32:57: C45:CP.APEX.OfC.00228 has taken 1 damage from C45:CP.APEX.OfC.00228 with cw_hands, leaving them at 4 health and 107 armor!
22:32:58: C45:CP.APEX.OfC.00228 has taken 1 damage from C45:CP.APEX.OfC.00228 with cw_hands, leaving them at 3 health and 106 armor!
22:32:59: C45:CP.APEX.OfC.00228 has taken 1 damage from C45:CP.APEX.OfC.00228 with cw_hands, leaving them at 2 health and 105 armor!
22:32:59: C45:CP.APEX.OfC.00228 has been cured of all diseases.
22:32:59: C45:CP.APEX.OfC.00228 has dealt 1 damage to C45:CP.APEX.OfC.00228, killing them!
22:33:05: C45:CP.APEX.OfC.00228 has used '/Observer'.
22:33:08: C45:CP.APEX.OfC.00228 has used '/Observer'.
22:33:10: C45:CP.APEX.OfC.00228 has used '/Observer'.
22:33:11: C45:CP.APEX.OfC.00228 has used '/Observer'.
22:33:31: C45:CP.APEX.OfC.00228 has used '/Observer'.
22:33:39: C45:CP.APEX.OfC.00228 has used '/Observer'.
22:34:28: C45:CP.APEX.OfC.00228 has taken 60 damage from C45:CP.APEX.OfC.00228 with an unknown weapon, leaving them at 40 health and 120 armor!
22:34:29: C45:CP.APEX.OfC.00228 has taken 4 damage from C45:CP.APEX.OfC.00228 with an unknown weapon, leaving them at 36 health and 119 armor!
22:34:30: C45:CP.APEX.OfC.00228 has taken 4 damage from C45:CP.APEX.OfC.00228 with an unknown weapon, leaving them at 32 health and 118 armor!
22:34:30: C45:CP.APEX.OfC.00228 has taken 3 damage from C45:CP.APEX.OfC.00228 with an unknown weapon, leaving them at 29 health and 117 armor!
22:34:31: C45:CP.APEX.OfC.00228 has taken 3 damage from C45:CP.APEX.OfC.00228 with an unknown weapon, leaving them at 26 health and 116 armor!
22:34:31: C45:CP.APEX.OfC.00228 has taken 3 damage from C45:CP.APEX.OfC.00228 with an unknown weapon, leaving them at 23 health and 115 armor!
22:34:32: C45:CP.APEX.OfC.00228 has taken 2 damage from C45:CP.APEX.OfC.00228 with an unknown weapon, leaving them at 21 health and 114 armor!
22:34:33: C45:CP.APEX.OfC.00228 has taken 2 damage from C45:CP.APEX.OfC.00228 with an unknown weapon, leaving them at 19 health and 113 armor!
22:34:33: C45:CP.APEX.OfC.00228 has taken 2 damage from C45:CP.APEX.OfC.00228 with an unknown weapon, leaving them at 17 health and 112 armor!
22:34:34: C45:CP.APEX.OfC.00228 has taken 2 damage from C45:CP.APEX.OfC.00228 with an unknown weapon, leaving them at 15 health and 111 armor!
22:34:34: C45:CP.APEX.OfC.00228 has taken 1 damage from C45:CP.APEX.OfC.00228 with an unknown weapon, leaving them at 14 health and 110 armor!
22:34:35: C45:CP.APEX.OfC.00228 has taken 1 damage from C45:CP.APEX.OfC.00228 with an unknown weapon, leaving them at 13 health and 109 armor!
22:34:36: C45:CP.APEX.OfC.00228 has taken 1 damage from C45:CP.APEX.OfC.00228 with an unknown weapon, leaving them at 12 health and 108 armor!
22:34:36: C45:CP.APEX.OfC.00228 has taken 1 damage from C45:CP.APEX.OfC.00228 with an unknown weapon, leaving them at 11 health and 107 armor!
22:34:37: C45:CP.APEX.OfC.00228 has taken 1 damage from C45:CP.APEX.OfC.00228 with an unknown weapon, leaving them at 10 health and 106 armor!
22:34:37: C45:CP.APEX.OfC.00228 has taken 1 damage from C45:CP.APEX.OfC.00228 with an unknown weapon, leaving them at 9 health and 105 armor!
22:34:38: C45:CP.APEX.OfC.00228 has taken 1 damage from C45:CP.APEX.OfC.00228 with an unknown weapon, leaving them at 8 health and 104 armor!
22:34:39: C45:CP.APEX.OfC.00228 has taken 1 damage from C45:CP.APEX.OfC.00228 with cw_hands, leaving them at 7 health and 103 armor!
22:34:39: C45:CP.APEX.OfC.00228 has taken 1 damage from C45:CP.APEX.OfC.00228 with cw_hands, leaving them at 6 health and 102 armor!
22:34:40: C45:CP.APEX.OfC.00228 has taken 1 damage from C45:CP.APEX.OfC.00228 with cw_hands, leaving them at 5 health and 101 armor!
22:34:40: C45:CP.APEX.OfC.00228 has taken 1 damage from C45:CP.APEX.OfC.00228 with cw_hands, leaving them at 4 health and 100 armor!
22:34:41: C45:CP.APEX.OfC.00228 has taken 1 damage from C45:CP.APEX.OfC.00228 with cw_hands, leaving them at 3 health and 99 armor!
22:34:42: C45:CP.APEX.OfC.00228 has taken 1 damage from C45:CP.APEX.OfC.00228 with cw_hands, leaving them at 2 health and 98 armor!
22:34:42: C45:CP.APEX.OfC.00228 has been cured of all diseases.
22:34:42: C45:CP.APEX.OfC.00228 has dealt 1 damage to C45:CP.APEX.OfC.00228, killing them!
22:35:55: C45:CP.APEX.OfC.00228 has used '/Observer'.
22:35:55: C45:CP.APEX.OfC.00228 has used '/Observer'.
22:39:39: C45:CP.APEX.OfC.00228 has taken 60 damage from C45:CP.APEX.OfC.00228 with an unknown weapon, leaving them at 40 health and 120 armor!
22:39:40: C45:CP.APEX.OfC.00228 has taken 8 damage from C45:CP.APEX.OfC.00228 with an unknown weapon, leaving them at 32 health and 119 armor!
22:39:40: C45:CP.APEX.OfC.00228 has taken 7 damage from C45:CP.APEX.OfC.00228 with an unknown weapon, leaving them at 25 health and 118 armor!
22:39:41: C45:CP.APEX.OfC.00228 has taken 5 damage from C45:CP.APEX.OfC.00228 with an unknown weapon, leaving them at 20 health and 117 armor!
22:39:42: C45:CP.APEX.OfC.00228 has taken 4 damage from C45:CP.APEX.OfC.00228 with an unknown weapon, leaving them at 16 health and 116 armor!
22:39:42: C45:CP.APEX.OfC.00228 has taken 3 damage from C45:CP.APEX.OfC.00228 with an unknown weapon, leaving them at 13 health and 115 armor!
22:39:43: C45:CP.APEX.OfC.00228 has taken 3 damage from C45:CP.APEX.OfC.00228 with an unknown weapon, leaving them at 10 health and 114 armor!
22:39:43: C45:CP.APEX.OfC.00228 has taken 2 damage from C45:CP.APEX.OfC.00228 with an unknown weapon, leaving them at 8 health and 113 armor!
22:39:44: C45:CP.APEX.OfC.00228 has taken 2 damage from C45:CP.APEX.OfC.00228 with cw_hands, leaving them at 6 health and 112 armor!
22:39:45: C45:CP.APEX.OfC.00228 has taken 1 damage from C45:CP.APEX.OfC.00228 with cw_hands, leaving them at 5 health and 111 armor!
22:39:45: C45:CP.APEX.OfC.00228 has taken 1 damage from C45:CP.APEX.OfC.00228 with cw_hands, leaving them at 4 health and 110 armor!
22:39:46: C45:CP.APEX.OfC.00228 has taken 1 damage from C45:CP.APEX.OfC.00228 with cw_hands, leaving them at 3 health and 109 armor!
22:39:46: C45:CP.APEX.OfC.00228 has taken 1 damage from C45:CP.APEX.OfC.00228 with cw_hands, leaving them at 2 health and 108 armor!
22:39:47: C45:CP.APEX.OfC.00228 has been cured of all diseases.
22:39:47: C45:CP.APEX.OfC.00228 has dealt 1 damage to C45:CP.APEX.OfC.00228, killing them!
22:39:49: C45:CP.APEX.OfC.00228 (STEAM_0:1:44629398) has disconnected.
22:43:00: SchωarzKrµppzo (STEAM_0:1:44629398) has connected.
22:43:55: SchωarzKrµppzo has loaded the character 'C45:CP.APEX.OfC.00228'.
22:44:04: C45:CP.APEX.OfC.00228 has used '/Observer'.
22:44:13: C45:CP.APEX.OfC.00228 has used '/Observer'.
22:44:16: C45:CP.APEX.OfC.00228 has used '/Observer'.
22:44:16: C45:CP.APEX.OfC.00228 has used '/Observer'.
22:50:33: SchωarzKrµppzo (STEAM_0:1:44629398) has connected.
22:51:32: SchωarzKrµppzo has loaded the character 'C45:CP.APEX.OfC.00228'.
22:51:36: C45:CP.APEX.OfC.00228 has used '/Observer'.
22:51:38: C45:CP.APEX.OfC.00228 has used '/Observer'.
22:51:39: C45:CP.APEX.OfC.00228 has used '/Observer'.
22:51:39: C45:CP.APEX.OfC.00228 has used '/Observer'.
22:51:40: C45:CP.APEX.OfC.00228 has used '/Observer'.
22:51:40: C45:CP.APEX.OfC.00228 has used '/Observer'.
22:51:41: C45:CP.APEX.OfC.00228 has used '/Observer'.
22:51:42: C45:CP.APEX.OfC.00228 has used '/Observer'.
22:51:44: C45:CP.APEX.OfC.00228 has used '/Observer'.
22:51:44: C45:CP.APEX.OfC.00228 has used '/Observer'.
22:51:45: C45:CP.APEX.OfC.00228 has used '/Observer'.
22:51:45: C45:CP.APEX.OfC.00228 has used '/Observer'.
22:51:47: C45:CP.APEX.OfC.00228 has used '/Observer'.
22:51:47: C45:CP.APEX.OfC.00228 has used '/Observer'.
22:51:50: C45:CP.APEX.OfC.00228 has used '/Observer'.
22:51:50: C45:CP.APEX.OfC.00228 has used '/Observer'.
22:51:56: C45:CP.APEX.OfC.00228 has used '/Observer'.
22:52:02: C45:CP.APEX.OfC.00228 has used '/Observer'.
22:52:07: C45:CP.APEX.OfC.00228 has taken 20 damage from C45:CP.APEX.OfC.00228 with cw_hands, leaving them at 80 health and 107 armor!
22:52:08: C45:CP.APEX.OfC.00228 has taken 15 damage from C45:CP.APEX.OfC.00228 with cw_hands, leaving them at 65 health and 106 armor!
22:52:08: C45:CP.APEX.OfC.00228 has used '/Observer'.
22:52:22: C45:CP.APEX.OfC.00228 has gained a Health Kit 1463255543.
22:52:22: C45:CP.APEX.OfC.00228 has gained a Health Kit 1463255544.
22:52:22: C45:CP.APEX.OfC.00228 has gained a Health Kit 1463255545.
22:52:22: C45:CP.APEX.OfC.00228 has gained a Health Kit 1463255546.
22:52:22: C45:CP.APEX.OfC.00228 has gained a Health Kit 1463255547.
22:52:22: C45:CP.APEX.OfC.00228 has gained a Health Kit 1463255548.
22:52:22: C45:CP.APEX.OfC.00228 has gained a Health Kit 1463255549.
22:52:22: C45:CP.APEX.OfC.00228 has gained a Health Kit 1463255550.
22:52:22: C45:CP.APEX.OfC.00228 has gained a Health Kit 1463255551.
22:52:22: C45:CP.APEX.OfC.00228 has gained a Health Kit 1463255552.
22:52:22: C45:CP.APEX.OfC.00228 has used '/CharGiveItem ofc health_kit 10'.
22:52:26: C45:CP.APEX.OfC.00228 has used '/CharHeal health_kit'.
22:52:26: C45:CP.APEX.OfC.00228 has used '/InvAction Give health_kit 1463255547.00'.
22:52:27: C45:CP.APEX.OfC.00228 has lost a Health Kit 1463255547.
22:52:27: C45:CP.APEX.OfC.00228 has used '/InvAction use health_kit 1463255547.00'.
22:52:28: C45:CP.APEX.OfC.00228 has lost a Health Kit 1463255548.
22:52:28: C45:CP.APEX.OfC.00228 has used '/InvAction use health_kit 1463255548.00'.
22:52:31: C45:CP.APEX.OfC.00228 has used '/Observer'.
22:54:00: C45:CP.APEX.OfC.00228 has been cured of all diseases.
22:54:00: worldspawn has dealt 116 damage to C45:CP.APEX.OfC.00228, killing them!
22:55:54: C45:CP.APEX.OfC.00228 has used '/Observer'.
23:04:54: SchωarzKrµppzo (STEAM_0:1:44629398) has connected.
23:09:19: SchωarzKrµppzo has loaded the character 'C45:CP.APEX.OfC.00228'.
23:09:21: C45:CP.APEX.OfC.00228 has used '/Observer'.
23:10:53: C45:CP.APEX.OfC.00228 has used '/Observer'.
23:12:07: C45:CP.APEX.OfC.00228 has taken 20 damage from C45:CP.APEX.OfC.00228 with cw_hands, leaving them at 80 health and 120 armor!
23:12:08: C45:CP.APEX.OfC.00228 has taken 15 damage from C45:CP.APEX.OfC.00228 with cw_hands, leaving them at 65 health and 119 armor!
23:12:08: C45:CP.APEX.OfC.00228 has taken 12 damage from C45:CP.APEX.OfC.00228 with cw_hands, leaving them at 53 health and 118 armor!
23:12:09: C45:CP.APEX.OfC.00228 has taken 9 damage from C45:CP.APEX.OfC.00228 with cw_hands, leaving them at 44 health and 117 armor!
23:12:09: C45:CP.APEX.OfC.00228 has taken 7 damage from C45:CP.APEX.OfC.00228 with cw_hands, leaving them at 37 health and 116 armor!
23:12:10: C45:CP.APEX.OfC.00228 has taken 6 damage from C45:CP.APEX.OfC.00228 with cw_hands, leaving them at 31 health and 115 armor!
23:12:11: C45:CP.APEX.OfC.00228 has taken 5 damage from C45:CP.APEX.OfC.00228 with cw_hands, leaving them at 26 health and 114 armor!
23:12:11: C45:CP.APEX.OfC.00228 has taken 4 damage from C45:CP.APEX.OfC.00228 with cw_hands, leaving them at 22 health and 113 armor!
23:12:12: C45:CP.APEX.OfC.00228 has taken 3 damage from C45:CP.APEX.OfC.00228 with cw_hands, leaving them at 19 health and 112 armor!
23:12:12: C45:CP.APEX.OfC.00228 has taken 3 damage from C45:CP.APEX.OfC.00228 with cw_hands, leaving them at 16 health and 111 armor!
23:12:13: C45:CP.APEX.OfC.00228 has taken 3 damage from C45:CP.APEX.OfC.00228 with cw_hands, leaving them at 13 health and 110 armor!
23:12:14: C45:CP.APEX.OfC.00228 has taken 2 damage from C45:CP.APEX.OfC.00228 with cw_hands, leaving them at 11 health and 109 armor!
23:12:14: C45:CP.APEX.OfC.00228 has taken 2 damage from C45:CP.APEX.OfC.00228 with cw_hands, leaving them at 9 health and 108 armor!
23:12:15: C45:CP.APEX.OfC.00228 has taken 2 damage from C45:CP.APEX.OfC.00228 with cw_hands, leaving them at 7 health and 107 armor!
23:12:15: C45:CP.APEX.OfC.00228 has taken 1 damage from C45:CP.APEX.OfC.00228 with cw_hands, leaving them at 6 health and 106 armor!
23:12:16: C45:CP.APEX.OfC.00228 has taken 1 damage from C45:CP.APEX.OfC.00228 with cw_hands, leaving them at 5 health and 105 armor!
23:12:17: C45:CP.APEX.OfC.00228 has taken 1 damage from C45:CP.APEX.OfC.00228 with cw_hands, leaving them at 4 health and 104 armor!
23:12:17: C45:CP.APEX.OfC.00228 has taken 1 damage from C45:CP.APEX.OfC.00228 with cw_hands, leaving them at 3 health and 103 armor!
23:12:18: C45:CP.APEX.OfC.00228 has taken 1 damage from C45:CP.APEX.OfC.00228 with cw_hands, leaving them at 2 health and 102 armor!
23:12:18: C45:CP.APEX.OfC.00228 has been cured of all diseases.
23:12:18: C45:CP.APEX.OfC.00228 has dealt 1 damage to C45:CP.APEX.OfC.00228, killing them!
23:20:37: C45:CP.APEX.OfC.00228 has taken 20 damage from C45:CP.APEX.OfC.00228 with cw_hands, leaving them at 80 health and 120 armor!
23:20:38: C45:CP.APEX.OfC.00228 has taken 16 damage from C45:CP.APEX.OfC.00228 with cw_hands, leaving them at 64 health and 119 armor!
23:20:39: C45:CP.APEX.OfC.00228 has taken 13 damage from C45:CP.APEX.OfC.00228 with cw_hands, leaving them at 51 health and 118 armor!
23:20:39: C45:CP.APEX.OfC.00228 has taken 11 damage from C45:CP.APEX.OfC.00228 with cw_hands, leaving them at 40 health and 117 armor!
23:20:40: C45:CP.APEX.OfC.00228 has taken 8 damage from C45:CP.APEX.OfC.00228 with cw_hands, leaving them at 32 health and 116 armor!
23:20:40: C45:CP.APEX.OfC.00228 has lost a Health Kit 1463255549.
23:20:40: C45:CP.APEX.OfC.00228 has used '/InvAction use health_kit 1463255549.00'.
23:21:25: C45:CP.APEX.OfC.00228 has taken 29 damage from worldspawn, leaving them at 44 health and 115 armor!
23:22:36: C45:CP.APEX.OfC.00228 (STEAM_0:1:44629398) has disconnected.
