14:41:23: SchωarzKrµppzo (STEAM_0:1:44629398) has connected.
14:42:57: SchωarzKrµppzo has loaded the character 'CP:C17.RCT.1037'.
14:48:04: CP:C17.RCT.1037 has used '/Observer'.
14:48:06: CP:C17.RCT.1037 has used '/Observer'.
14:48:07: CP:C17.RCT.1037 has used '/Observer'.
14:48:08: CP:C17.RCT.1037 has used '/Observer'.
14:48:09: CP:C17.RCT.1037 has used '/Observer'.
14:48:09: CP:C17.RCT.1037 has used '/Observer'.
14:48:10: CP:C17.RCT.1037 has used '/Observer'.
14:48:11: CP:C17.RCT.1037 has used '/Observer'.
14:48:12: CP:C17.RCT.1037 has used '/Observer'.
14:48:12: CP:C17.RCT.1037 has used '/Observer'.
14:48:14: CP:C17.RCT.1037 has used '/Observer'.
14:48:14: CP:C17.RCT.1037 has used '/Observer'.
14:48:15: CP:C17.RCT.1037 has used '/Observer'.
14:48:15: CP:C17.RCT.1037 has used '/Observer'.
14:48:16: CP:C17.RCT.1037 has used '/Observer'.
14:48:16: CP:C17.RCT.1037 has used '/Observer'.
14:48:17: CP:C17.RCT.1037 has used '/Observer'.
14:48:17: CP:C17.RCT.1037 has used '/Observer'.
14:48:18: CP:C17.RCT.1037 has used '/Observer'.
14:48:18: CP:C17.RCT.1037 has used '/Observer'.
14:48:19: CP:C17.RCT.1037 has used '/Observer'.
14:48:19: CP:C17.RCT.1037 has used '/Observer'.
14:48:20: CP:C17.RCT.1037 has used '/Observer'.
14:48:20: CP:C17.RCT.1037 has used '/Observer'.
14:48:21: CP:C17.RCT.1037 has used '/Observer'.
14:48:21: CP:C17.RCT.1037 has used '/Observer'.
14:48:23: CP:C17.RCT.1037 has used '/Observer'.
14:48:23: CP:C17.RCT.1037 has used '/Observer'.
14:48:24: CP:C17.RCT.1037 has used '/Observer'.
14:54:10: CP:C17.RCT.1037 has used '/PlyWhitelist rct vortigaunt'.
14:55:32: SchωarzKrµppzo has created a Vortigaunts character called 'Dsadasdasdads Dsadasdasdad'.
14:55:39: SchωarzKrµppzo has loaded the character 'Dsadasdasdads Dsadasdasdad'.
14:55:59: Dsadasdasdads Dsadasdasdad has used '/Observer'.
14:56:01: Dsadasdasdads Dsadasdasdad has used '/Observer'.
14:56:21: Dsadasdasdads Dsadasdasdad has used '/Observer'.
14:56:21: Dsadasdasdads Dsadasdasdad has used '/Observer'.
14:56:22: Dsadasdasdads Dsadasdasdad has used '/Observer'.
14:56:22: Dsadasdasdads Dsadasdasdad has used '/Observer'.
14:56:23: Dsadasdasdads Dsadasdasdad has used '/Observer'.
14:56:23: Dsadasdasdads Dsadasdasdad has used '/Observer'.
14:56:27: Dsadasdasdads Dsadasdasdad has used '/Observer'.
14:56:28: Dsadasdasdads Dsadasdasdad has used '/Observer'.
14:56:29: Dsadasdasdads Dsadasdasdad has used '/Observer'.
14:56:30: Dsadasdasdads Dsadasdasdad has used '/Observer'.
14:56:31: Dsadasdasdads Dsadasdasdad has used '/Observer'.
14:56:32: Dsadasdasdads Dsadasdasdad has used '/Observer'.
14:56:32: Dsadasdasdads Dsadasdasdad has used '/Observer'.
14:56:33: Dsadasdasdads Dsadasdasdad has used '/Observer'.
15:01:35: Dsadasdasdads Dsadasdasdad has used '/Observer'.
15:01:36: Dsadasdasdads Dsadasdasdad has used '/Observer'.
15:01:37: Dsadasdasdads Dsadasdasdad has used '/Observer'.
15:01:37: Dsadasdasdads Dsadasdasdad has used '/Observer'.
15:04:24: Dsadasdasdads Dsadasdasdad has used '/Observer'.
15:04:24: Dsadasdasdads Dsadasdasdad has used '/Observer'.
15:04:24: worldspawn has dealt 390 damage to Dsadasdasdads Dsadasdasdad, killing them!
15:11:52: Dsadasdasdads Dsadasdasdad has used '/Observer'.
15:11:56: Dsadasdasdads Dsadasdasdad has used '/Observer'.
15:19:42: Dsadasdasdads Dsadasdasdad (STEAM_0:1:44629398) has disconnected.
15:24:02: SchωarzKrµppzo (STEAM_0:1:44629398) has connected.
15:25:55: SchωarzKrµppzo has loaded the character 'Dsadasdasdads Dsadasdasdad'.
15:29:59: Dsadasdasdads Dsadasdasdad has used '/Observer'.
15:30:00: Dsadasdasdads Dsadasdasdad has used '/Observer'.
15:30:00: Dsadasdasdads Dsadasdasdad has taken 95 damage from worldspawn, leaving them at 5 health!
15:30:02: Dsadasdasdads Dsadasdasdad has used '/Observer'.
15:30:02: Dsadasdasdads Dsadasdasdad has used '/Observer'.
15:30:03: worldspawn has dealt 420 damage to Dsadasdasdads Dsadasdasdad, killing them!
15:31:04: Dsadasdasdads Dsadasdasdad has used '/Observer'.
15:31:05: Dsadasdasdads Dsadasdasdad has used '/Observer'.
15:31:05: worldspawn has dealt 445 damage to Dsadasdasdads Dsadasdasdad, killing them!
15:54:55: Dsadasdasdads Dsadasdasdad has used '/Observer'.
15:54:56: Dsadasdasdads Dsadasdasdad has used '/Observer'.
15:54:59: Dsadasdasdads Dsadasdasdad has used '/Observer'.
15:55:00: Dsadasdasdads Dsadasdasdad has used '/Observer'.
15:55:03: Dsadasdasdads Dsadasdasdad has used '/Observer'.
15:55:03: Dsadasdasdads Dsadasdasdad has used '/Observer'.
15:55:04: Dsadasdasdads Dsadasdasdad has used '/Observer'.
15:55:05: Dsadasdasdads Dsadasdasdad has used '/Observer'.
16:01:15: Dsadasdasdads Dsadasdasdad (STEAM_0:1:44629398) has disconnected.
16:07:23: SchωarzKrµppzo (STEAM_0:1:44629398) has connected.
16:08:23: SchωarzKrµppzo has loaded the character 'Dsadasdasdads Dsadasdasdad'.
16:08:24: Dsadasdasdads Dsadasdasdad has used '/Observer'.
16:08:25: Dsadasdasdads Dsadasdasdad has used '/Observer'.
16:25:57: Dsadasdasdads Dsadasdasdad (STEAM_0:1:44629398) has disconnected.
19:11:52: SchωarzKrµppzo (STEAM_0:1:44629398) has connected.
19:14:47: SchωarzKrµppzo has loaded the character 'Dsadasdasdads Dsadasdasdad'.
19:14:51: Dsadasdasdads Dsadasdasdad has used '/Observer'.
19:14:52: Dsadasdasdads Dsadasdasdad has used '/Observer'.
19:14:53: Dsadasdasdads Dsadasdasdad has used '/Observer'.
19:14:56: Dsadasdasdads Dsadasdasdad has used '/Observer'.
19:15:00: Dsadasdasdads Dsadasdasdad has used '/Observer'.
19:15:01: Dsadasdasdads Dsadasdasdad has used '/Observer'.
19:15:05: Dsadasdasdads Dsadasdasdad has used '/Observer'.
19:15:06: Dsadasdasdads Dsadasdasdad has used '/Observer'.
19:15:06: Dsadasdasdads Dsadasdasdad has used '/Observer'.
19:15:08: Dsadasdasdads Dsadasdasdad has used '/Observer'.
19:15:08: Dsadasdasdads Dsadasdasdad has used '/Observer'.
19:15:09: Dsadasdasdads Dsadasdasdad has used '/Observer'.
19:15:09: Dsadasdasdads Dsadasdasdad has used '/Observer'.
19:15:09: Dsadasdasdads Dsadasdasdad has used '/Observer'.
19:15:11: Dsadasdasdads Dsadasdasdad has used '/Observer'.
19:15:12: Dsadasdasdads Dsadasdasdad has used '/Observer'.
19:15:14: Dsadasdasdads Dsadasdasdad has used '/Observer'.
19:15:33: Dsadasdasdads Dsadasdasdad has used '/Observer'.
19:15:39: Dsadasdasdads Dsadasdasdad has used '/Observer'.
19:15:56: Dsadasdasdads Dsadasdasdad has used '/Observer'.
19:15:57: Dsadasdasdads Dsadasdasdad has used '/Observer'.
19:16:01: Dsadasdasdads Dsadasdasdad has used '/Observer'.
19:16:02: Dsadasdasdads Dsadasdasdad has used '/Observer'.
19:16:05: Dsadasdasdads Dsadasdasdad has used '/Observer'.
19:16:06: Dsadasdasdads Dsadasdasdad has used '/Observer'.
19:16:06: Dsadasdasdads Dsadasdasdad has used '/Observer'.
19:16:12: Dsadasdasdads Dsadasdasdad has used '/Observer'.
19:16:14: Dsadasdasdads Dsadasdasdad has used '/Observer'.
19:16:15: Dsadasdasdads Dsadasdasdad has used '/Observer'.
19:16:22: Dsadasdasdads Dsadasdasdad has used '/Observer'.
19:16:22: Dsadasdasdads Dsadasdasdad has used '/Observer'.
19:16:26: Dsadasdasdads Dsadasdasdad has used '/Observer'.
19:16:28: Dsadasdasdads Dsadasdasdad has used '/Observer'.
19:16:56: Dsadasdasdads Dsadasdasdad has used '/Observer'.
19:16:57: Dsadasdasdads Dsadasdasdad has used '/Observer'.
19:16:58: Dsadasdasdads Dsadasdasdad has used '/Observer'.
22:29:13: SchωarzKrµppzo (STEAM_0:1:44629398) has connected.
22:30:53: SchωarzKrµppzo has loaded the character 'Dsadasdasdads Dsadasdasdad'.
22:34:19: SchωarzKrµppzo (STEAM_0:1:44629398) has connected.
22:35:05: SchωarzKrµppzo has loaded the character 'Dsadasdasdads Dsadasdasdad'.
22:36:52: Dsadasdasdads Dsadasdasdad (STEAM_0:1:44629398) has disconnected.
22:40:10: SchωarzKrµppzo (STEAM_0:1:44629398) has connected.
22:40:43: SchωarzKrµppzo has loaded the character 'Dsadasdasdads Dsadasdasdad'.
22:41:02: Dsadasdasdads Dsadasdasdad has used '/Observer'.
22:41:03: Dsadasdasdads Dsadasdasdad has used '/Observer'.
22:41:03: Dsadasdasdads Dsadasdasdad has used '/Observer'.
22:41:04: Dsadasdasdads Dsadasdasdad has used '/Observer'.
22:41:06: Dsadasdasdads Dsadasdasdad has used '/Observer'.
22:41:07: Dsadasdasdads Dsadasdasdad has used '/Observer'.
22:41:09: Dsadasdasdads Dsadasdasdad has used '/Observer'.
22:41:09: Dsadasdasdads Dsadasdasdad has used '/Observer'.
22:52:10: Dsadasdasdads Dsadasdasdad (STEAM_0:1:44629398) has disconnected.
22:56:25: SchωarzKrµppzo (STEAM_0:1:44629398) has connected.
22:57:02: SchωarzKrµppzo has loaded the character 'Dsadasdasdads Dsadasdasdad'.
23:00:45: Dsadasdasdads Dsadasdasdad (STEAM_0:1:44629398) has disconnected.
23:04:41: SchωarzKrµppzo (STEAM_0:1:44629398) has connected.
23:05:13: SchωarzKrµppzo has loaded the character 'Dsadasdasdads Dsadasdasdad'.
23:08:34: Dsadasdasdads Dsadasdasdad (STEAM_0:1:44629398) has disconnected.
23:11:41: SchωarzKrµppzo (STEAM_0:1:44629398) has connected.
23:12:36: SchωarzKrµppzo has loaded the character 'Dsadasdasdads Dsadasdasdad'.
23:14:24: Dsadasdasdads Dsadasdasdad has used '/Observer'.
23:14:25: Dsadasdasdads Dsadasdasdad has used '/Observer'.
23:14:25: worldspawn has dealt 433 damage to Dsadasdasdads Dsadasdasdad, killing them!
23:14:32: Dsadasdasdads Dsadasdasdad has used '/Observer'.
23:14:33: Dsadasdasdads Dsadasdasdad has used '/Observer'.
23:15:28: Dsadasdasdads Dsadasdasdad has used '/Observer'.
23:15:28: Dsadasdasdads Dsadasdasdad has used '/Observer'.
23:15:29: worldspawn has dealt 376 damage to Dsadasdasdads Dsadasdasdad, killing them!
23:15:54: Dsadasdasdads Dsadasdasdad has used '/Observer'.
23:15:55: Dsadasdasdads Dsadasdasdad has used '/Observer'.
23:15:56: worldspawn has dealt 330 damage to Dsadasdasdads Dsadasdasdad, killing them!
23:17:11: worldspawn has dealt 107 damage to Dsadasdasdads Dsadasdasdad, killing them!
23:19:29: Dsadasdasdads Dsadasdasdad (STEAM_0:1:44629398) has disconnected.
23:20:04: SchωarzKrµppzo (STEAM_0:1:44629398) has connected.
23:20:33: SchωarzKrµppzo has loaded the character 'Dsadasdasdads Dsadasdasdad'.
23:20:52: worldspawn has dealt 110 damage to Dsadasdasdads Dsadasdasdad, killing them!
23:21:35: Dsadasdasdads Dsadasdasdad has used '/Observer'.
23:21:37: Dsadasdasdads Dsadasdasdad has used '/Observer'.
23:22:07: Dsadasdasdads Dsadasdasdad has used '/Observer'.
23:22:07: Dsadasdasdads Dsadasdasdad has used '/Observer'.
23:22:08: worldspawn has dealt 426 damage to Dsadasdasdads Dsadasdasdad, killing them!
23:23:04: Dsadasdasdads Dsadasdasdad has used '/CharGiveFlags d t'.
23:23:06: Dsadasdasdads Dsadasdasdad has used '/Observer'.
23:23:10: Dsadasdasdads Dsadasdasdad has used '/Observer'.
23:31:02: Dsadasdasdads Dsadasdasdad (STEAM_0:1:44629398) has disconnected.
23:33:38: SchωarzKrµppzo (STEAM_0:1:44629398) has connected.
23:34:22: SchωarzKrµppzo has loaded the character 'Dsadasdasdads Dsadasdasdad'.
23:38:22: Dsadasdasdads Dsadasdasdad has used '/Observer'.
23:38:22: Dsadasdasdads Dsadasdasdad has used '/Observer'.
23:38:25: Dsadasdasdads Dsadasdasdad has used '/Observer'.
23:38:26: Dsadasdasdads Dsadasdasdad has used '/Observer'.
