12:18:33: [CELLAR] SchωarzKrµppzo (STEAM_0:1:44629398) has connected.
12:19:08: [CELLAR] SchωarzKrµppzo has loaded the character 'CP:C17.RCT.1037'.
12:19:12: CP:C17.RCT.1037 has used '/Observer'.
12:19:13: CP:C17.RCT.1037 has used '/Observer'.
12:19:19: CP:C17.RCT.1037 has used '/Observer'.
12:19:20: CP:C17.RCT.1037 has used '/Observer'.
12:19:21: CP:C17.RCT.1037 has used '/Observer'.
12:19:21: CP:C17.RCT.1037 has used '/Observer'.
12:19:22: CP:C17.RCT.1037 has used '/Observer'.
12:19:22: CP:C17.RCT.1037 has used '/Observer'.
12:19:53: CP:C17.RCT.1037 has used '/Observer'.
12:19:55: CP:C17.RCT.1037 has used '/Observer'.
12:19:55: CP:C17.RCT.1037 has used '/Observer'.
12:19:56: CP:C17.RCT.1037 has used '/Observer'.
12:19:57: CP:C17.RCT.1037 has used '/Observer'.
12:19:57: CP:C17.RCT.1037 has used '/Observer'.
12:19:57: CP:C17.RCT.1037 has used '/Observer'.
12:19:59: CP:C17.RCT.1037 has used '/Observer'.
12:19:59: CP:C17.RCT.1037 has used '/Observer'.
12:20:00: CP:C17.RCT.1037 has used '/Observer'.
12:20:00: CP:C17.RCT.1037 has used '/Observer'.
12:20:02: CP:C17.RCT.1037 has used '/Observer'.
12:21:10: worldspawn has dealt 49 damage to CP:C17.RCT.1037, killing them!
12:21:15: CP:C17.RCT.1037 has used '/Observer'.
12:21:20: CP:C17.RCT.1037 has used '/Observer'.
12:21:21: CP:C17.RCT.1037 has used '/Observer'.
12:21:22: CP:C17.RCT.1037 has used '/Observer'.
12:21:23: CP:C17.RCT.1037 has used '/Observer'.
12:21:24: CP:C17.RCT.1037 has used '/Observer'.
12:21:31: CP:C17.RCT.1037 has used '/Observer'.
12:21:31: CP:C17.RCT.1037 has used '/Observer'.
12:21:33: CP:C17.RCT.1037 has used '/Observer'.
12:21:34: CP:C17.RCT.1037 has used '/Observer'.
12:21:34: CP:C17.RCT.1037 has used '/Observer'.
12:21:35: CP:C17.RCT.1037 has used '/Observer'.
12:21:36: CP:C17.RCT.1037 has used '/Observer'.
12:21:36: CP:C17.RCT.1037 has used '/Observer'.
12:21:37: CP:C17.RCT.1037 has used '/Observer'.
12:21:37: CP:C17.RCT.1037 has used '/Observer'.
12:21:38: CP:C17.RCT.1037 has used '/Observer'.
12:21:38: CP:C17.RCT.1037 has used '/Observer'.
12:21:39: CP:C17.RCT.1037 has used '/Observer'.
12:21:39: CP:C17.RCT.1037 has used '/Observer'.
12:21:39: CP:C17.RCT.1037 has used '/Observer'.
12:21:40: CP:C17.RCT.1037 has used '/Observer'.
12:21:40: CP:C17.RCT.1037 has used '/Observer'.
12:21:40: CP:C17.RCT.1037 has used '/Observer'.
12:21:41: CP:C17.RCT.1037 has used '/Observer'.
12:21:41: CP:C17.RCT.1037 has used '/Observer'.
12:21:42: CP:C17.RCT.1037 has used '/Observer'.
12:21:42: CP:C17.RCT.1037 has used '/Observer'.
12:21:43: CP:C17.RCT.1037 has used '/Observer'.
12:21:44: CP:C17.RCT.1037 has used '/Observer'.
12:21:45: CP:C17.RCT.1037 has used '/Observer'.
12:21:45: CP:C17.RCT.1037 has used '/Observer'.
12:21:46: CP:C17.RCT.1037 has used '/Observer'.
12:21:47: CP:C17.RCT.1037 has used '/Observer'.
12:21:47: CP:C17.RCT.1037 has used '/Observer'.
12:21:48: CP:C17.RCT.1037 has used '/Observer'.
12:21:49: CP:C17.RCT.1037 has used '/Observer'.
12:21:49: CP:C17.RCT.1037 has used '/Observer'.
12:21:50: CP:C17.RCT.1037 has used '/Observer'.
12:21:50: CP:C17.RCT.1037 has used '/Observer'.
12:21:51: CP:C17.RCT.1037 has used '/Observer'.
12:21:51: CP:C17.RCT.1037 has used '/Observer'.
12:21:52: CP:C17.RCT.1037 has used '/Observer'.
12:21:52: CP:C17.RCT.1037 has used '/Observer'.
12:21:52: CP:C17.RCT.1037 has used '/Observer'.
12:21:53: CP:C17.RCT.1037 has used '/Observer'.
12:21:54: CP:C17.RCT.1037 has used '/Observer'.
12:21:54: CP:C17.RCT.1037 has used '/Observer'.
12:21:55: CP:C17.RCT.1037 has used '/Observer'.
12:21:55: CP:C17.RCT.1037 has used '/Observer'.
12:21:56: CP:C17.RCT.1037 has used '/Observer'.
12:21:56: CP:C17.RCT.1037 has used '/Observer'.
12:21:57: CP:C17.RCT.1037 has used '/Observer'.
12:21:57: CP:C17.RCT.1037 has used '/Observer'.
12:21:58: CP:C17.RCT.1037 has used '/Observer'.
12:21:58: CP:C17.RCT.1037 has used '/Observer'.
12:21:59: CP:C17.RCT.1037 has used '/Observer'.
12:21:59: CP:C17.RCT.1037 has used '/Observer'.
12:22:08: CP:C17.RCT.1037 has used '/Observer'.
12:22:09: CP:C17.RCT.1037 has used '/Observer'.
12:22:10: CP:C17.RCT.1037 has used '/Observer'.
12:22:10: CP:C17.RCT.1037 has used '/Observer'.
12:22:11: CP:C17.RCT.1037 has used '/Observer'.
12:22:11: CP:C17.RCT.1037 has used '/Observer'.
12:22:13: CP:C17.RCT.1037 has used '/Observer'.
12:22:17: CP:C17.RCT.1037 has used '/Observer'.
12:22:18: CP:C17.RCT.1037 has used '/Observer'.
12:22:19: CP:C17.RCT.1037 has used '/Observer'.
12:22:26: CP:C17.RCT.1037 has used '/Observer'.
12:22:28: CP:C17.RCT.1037 has used '/Observer'.
12:22:49: CP:C17.RCT.1037 has used '/Observer'.
12:22:49: CP:C17.RCT.1037 has used '/Observer'.
12:23:40: CP:C17.RCT.1037 has used '/Observer'.
12:23:40: CP:C17.RCT.1037 has used '/Observer'.
12:23:41: CP:C17.RCT.1037 has used '/Observer'.
12:23:41: CP:C17.RCT.1037 has used '/Observer'.
12:23:42: CP:C17.RCT.1037 has used '/Observer'.
12:23:42: CP:C17.RCT.1037 has used '/Observer'.
12:23:43: CP:C17.RCT.1037 has used '/Observer'.
12:23:43: CP:C17.RCT.1037 has used '/Observer'.
12:23:45: CP:C17.RCT.1037 has used '/Observer'.
12:23:45: CP:C17.RCT.1037 has used '/Observer'.
12:23:46: CP:C17.RCT.1037 has used '/Observer'.
12:23:46: CP:C17.RCT.1037 has used '/Observer'.
12:23:47: CP:C17.RCT.1037 has used '/Observer'.
12:23:47: CP:C17.RCT.1037 has used '/Observer'.
12:23:48: CP:C17.RCT.1037 has used '/Observer'.
12:23:48: CP:C17.RCT.1037 has used '/Observer'.
12:23:49: CP:C17.RCT.1037 has used '/Observer'.
12:23:50: CP:C17.RCT.1037 has used '/Observer'.
12:23:51: CP:C17.RCT.1037 has used '/Observer'.
12:23:51: CP:C17.RCT.1037 has used '/Observer'.
12:23:51: CP:C17.RCT.1037 has used '/Observer'.
12:23:53: CP:C17.RCT.1037 has used '/Observer'.
12:23:54: CP:C17.RCT.1037 has used '/Observer'.
12:23:54: CP:C17.RCT.1037 has used '/Observer'.
12:23:55: CP:C17.RCT.1037 has used '/Observer'.
12:23:56: CP:C17.RCT.1037 has used '/Observer'.
12:23:57: CP:C17.RCT.1037 has used '/Observer'.
12:23:58: CP:C17.RCT.1037 has used '/Observer'.
12:23:59: CP:C17.RCT.1037 has used '/Observer'.
12:23:59: CP:C17.RCT.1037 has used '/Observer'.
12:24:02: CP:C17.RCT.1037 has used '/Observer'.
12:24:02: CP:C17.RCT.1037 has used '/Observer'.
12:24:04: CP:C17.RCT.1037 has used '/Observer'.
12:24:05: CP:C17.RCT.1037 has used '/Observer'.
12:24:06: CP:C17.RCT.1037 has used '/Observer'.
12:24:07: CP:C17.RCT.1037 has used '/Observer'.
12:24:08: CP:C17.RCT.1037 has used '/Observer'.
12:24:09: CP:C17.RCT.1037 has used '/Observer'.
12:24:10: CP:C17.RCT.1037 has used '/Observer'.
12:24:10: CP:C17.RCT.1037 has used '/Observer'.
12:24:11: CP:C17.RCT.1037 has used '/Observer'.
12:24:12: CP:C17.RCT.1037 has used '/Observer'.
12:24:13: CP:C17.RCT.1037 has used '/Observer'.
12:24:14: CP:C17.RCT.1037 has used '/Observer'.
12:24:16: CP:C17.RCT.1037 has used '/Observer'.
12:24:20: CP:C17.RCT.1037 has used '/Observer'.
12:24:25: CP:C17.RCT.1037 has used '/Observer'.
12:24:26: CP:C17.RCT.1037 has used '/Observer'.
12:25:10: CP:C17.RCT.1037 has used '/Observer'.
12:25:12: CP:C17.RCT.1037 has used '/Observer'.
12:25:12: CP:C17.RCT.1037 has used '/Observer'.
12:25:23: CP:C17.RCT.1037 has used '/Observer'.
12:25:24: CP:C17.RCT.1037 has used '/Observer'.
12:25:24: CP:C17.RCT.1037 has used '/Observer'.
12:25:24: CP:C17.RCT.1037 has used '/Observer'.
12:25:25: CP:C17.RCT.1037 has used '/Observer'.
12:25:27: CP:C17.RCT.1037 has used '/Observer'.
12:25:27: CP:C17.RCT.1037 has used '/Observer'.
12:25:28: CP:C17.RCT.1037 has used '/Observer'.
12:25:28: CP:C17.RCT.1037 has used '/Observer'.
12:25:30: CP:C17.RCT.1037 has used '/Observer'.
12:25:31: CP:C17.RCT.1037 has used '/Observer'.
12:25:36: CP:C17.RCT.1037 has used '/Observer'.
12:25:37: CP:C17.RCT.1037 has used '/Observer'.
12:26:25: CP:C17.RCT.1037 has used '/Observer'.
12:26:25: CP:C17.RCT.1037 has used '/Observer'.
12:26:27: CP:C17.RCT.1037 has taken 27 damage from worldspawn, leaving them at 73 health!
12:26:29: CP:C17.RCT.1037 has used '/Observer'.
12:26:31: CP:C17.RCT.1037 has used '/Observer'.
12:26:32: CP:C17.RCT.1037 has used '/Observer'.
12:26:33: CP:C17.RCT.1037 has used '/Observer'.
12:26:33: CP:C17.RCT.1037 has used '/Observer'.
12:26:35: CP:C17.RCT.1037 has used '/Observer'.
12:27:01: CP:C17.RCT.1037 has used '/Observer'.
12:27:02: CP:C17.RCT.1037 has used '/Observer'.
12:27:03: CP:C17.RCT.1037 has used '/Observer'.
12:27:04: CP:C17.RCT.1037 has used '/Observer'.
12:27:05: CP:C17.RCT.1037 has used '/Observer'.
12:27:05: CP:C17.RCT.1037 has used '/Observer'.
12:27:07: CP:C17.RCT.1037 has used '/Observer'.
12:27:09: CP:C17.RCT.1037 has used '/Observer'.
12:27:49: CP:C17.RCT.1037 has used '/Observer'.
12:27:54: CP:C17.RCT.1037 has taken 44 damage from worldspawn, leaving them at 56 health!
12:27:58: CP:C17.RCT.1037 has used '/Observer'.
12:27:58: CP:C17.RCT.1037 has used '/Observer'.
12:27:59: CP:C17.RCT.1037 has used '/Observer'.
12:28:00: CP:C17.RCT.1037 has used '/Observer'.
12:28:04: CP:C17.RCT.1037 has used '/Observer'.
12:28:04: CP:C17.RCT.1037 has used '/Observer'.
12:28:05: CP:C17.RCT.1037 has used '/Observer'.
12:28:05: CP:C17.RCT.1037 has used '/Observer'.
12:28:06: CP:C17.RCT.1037 has used '/Observer'.
12:28:07: CP:C17.RCT.1037 has used '/Observer'.
12:28:07: CP:C17.RCT.1037 has used '/Observer'.
12:28:08: CP:C17.RCT.1037 has used '/Observer'.
12:28:51: CP:C17.RCT.1037 has used '/Observer'.
12:28:51: CP:C17.RCT.1037 has used '/Observer'.
12:29:06: CP:C17.RCT.1037 has used '/Observer'.
12:29:06: CP:C17.RCT.1037 has used '/Observer'.
12:29:06: CP:C17.RCT.1037 has used '/Observer'.
12:29:07: CP:C17.RCT.1037 has used '/Observer'.
12:29:32: CP:C17.RCT.1037 (STEAM_0:1:44629398) has disconnected.
12:32:46: [CELLAR] SchωarzKrµppzo (STEAM_0:1:44629398) has connected.
12:33:28: [CELLAR] SchωarzKrµppzo has loaded the character 'CP:C17.RCT.1037'.
12:36:07: CP:C17.RCT.1037 has used '/Observer'.
12:36:07: CP:C17.RCT.1037 has used '/Observer'.
12:36:08: CP:C17.RCT.1037 has used '/Observer'.
12:36:08: CP:C17.RCT.1037 has used '/Observer'.
12:36:37: CP:C17.RCT.1037 has used '/Observer'.
12:36:38: CP:C17.RCT.1037 has used '/Observer'.
12:40:47: worldspawn has dealt 103 damage to CP:C17.RCT.1037, killing them!
12:48:36: CP:C17.RCT.1037 has used '/Observer'.
12:48:37: CP:C17.RCT.1037 has used '/Observer'.
12:48:37: CP:C17.RCT.1037 has used '/Observer'.
12:48:37: CP:C17.RCT.1037 has used '/Observer'.
12:49:46: CP:C17.RCT.1037 has used '/Observer'.
12:49:48: CP:C17.RCT.1037 has used '/Observer'.
12:49:49: CP:C17.RCT.1037 has used '/Observer'.
12:49:50: CP:C17.RCT.1037 has used '/Observer'.
12:50:22: CP:C17.RCT.1037 has used '/Observer'.
12:50:23: CP:C17.RCT.1037 has used '/Observer'.
12:50:30: CP:C17.RCT.1037 has used '/Observer'.
12:50:31: CP:C17.RCT.1037 has used '/Observer'.
12:50:31: CP:C17.RCT.1037 has used '/Observer'.
12:50:32: CP:C17.RCT.1037 has used '/Observer'.
12:50:51: CP:C17.RCT.1037 has used '/Observer'.
12:50:51: CP:C17.RCT.1037 has used '/Observer'.
12:50:54: CP:C17.RCT.1037 has used '/Observer'.
12:50:54: CP:C17.RCT.1037 has used '/Observer'.
12:51:54: CP:C17.RCT.1037 has used '/Observer'.
12:51:57: CP:C17.RCT.1037 has used '/Observer'.
12:51:58: CP:C17.RCT.1037 has used '/Observer'.
12:51:58: CP:C17.RCT.1037 has used '/Observer'.
12:52:00: CP:C17.RCT.1037 has used '/Observer'.
12:52:00: CP:C17.RCT.1037 has used '/Observer'.
12:52:16: CP:C17.RCT.1037 has used '/Observer'.
12:52:16: CP:C17.RCT.1037 has used '/Observer'.
12:52:21: CP:C17.RCT.1037 has used '/Observer'.
12:52:22: CP:C17.RCT.1037 has used '/Observer'.
12:52:22: CP:C17.RCT.1037 has used '/Observer'.
12:52:23: CP:C17.RCT.1037 has used '/Observer'.
12:52:31: CP:C17.RCT.1037 has used '/Observer'.
12:52:31: CP:C17.RCT.1037 has used '/Observer'.
12:52:32: CP:C17.RCT.1037 has used '/Observer'.
12:52:32: CP:C17.RCT.1037 has used '/Observer'.
12:53:09: CP:C17.RCT.1037 has used '/Observer'.
12:53:10: CP:C17.RCT.1037 has used '/Observer'.
12:53:10: CP:C17.RCT.1037 has used '/Observer'.
12:53:10: CP:C17.RCT.1037 has used '/Observer'.
12:53:12: CP:C17.RCT.1037 has used '/Observer'.
12:53:12: CP:C17.RCT.1037 has used '/Observer'.
12:53:38: CP:C17.RCT.1037 has used '/Observer'.
12:53:39: CP:C17.RCT.1037 has used '/Observer'.
12:53:59: CP:C17.RCT.1037 has used '/Observer'.
12:54:00: CP:C17.RCT.1037 has used '/Observer'.
12:54:08: CP:C17.RCT.1037 has used '/Observer'.
12:54:31: CP:C17.RCT.1037 has used '/Observer'.
12:54:33: CP:C17.RCT.1037 has used '/Observer'.
12:55:34: CP:C17.RCT.1037 has used '/Observer'.
12:55:35: CP:C17.RCT.1037 has used '/Observer'.
12:55:35: CP:C17.RCT.1037 has used '/Observer'.
12:55:59: CP:C17.RCT.1037 has used '/Observer'.
12:55:59: CP:C17.RCT.1037 has used '/Observer'.
12:56:00: CP:C17.RCT.1037 has used '/Observer'.
12:56:01: CP:C17.RCT.1037 has used '/Observer'.
12:56:23: CP:C17.RCT.1037 has used '/Observer'.
12:56:24: CP:C17.RCT.1037 has used '/Observer'.
12:56:31: CP:C17.RCT.1037 has used '/Observer'.
12:56:32: CP:C17.RCT.1037 has used '/Observer'.
12:56:33: CP:C17.RCT.1037 has used '/Observer'.
12:56:33: CP:C17.RCT.1037 has used '/Observer'.
12:56:34: CP:C17.RCT.1037 has used '/Observer'.
12:56:35: CP:C17.RCT.1037 has used '/Observer'.
12:56:37: CP:C17.RCT.1037 has used '/Observer'.
12:56:37: CP:C17.RCT.1037 has used '/Observer'.
12:56:51: CP:C17.RCT.1037 has used '/Observer'.
12:56:51: CP:C17.RCT.1037 has used '/Observer'.
12:56:52: CP:C17.RCT.1037 has used '/Observer'.
12:56:53: CP:C17.RCT.1037 has used '/Observer'.
12:56:53: CP:C17.RCT.1037 has used '/Observer'.
12:56:54: CP:C17.RCT.1037 has used '/Observer'.
12:56:55: CP:C17.RCT.1037 has used '/Observer'.
12:56:55: CP:C17.RCT.1037 has used '/Observer'.
12:56:57: CP:C17.RCT.1037 has used '/Observer'.
12:56:57: CP:C17.RCT.1037 has used '/Observer'.
12:56:59: CP:C17.RCT.1037 has used '/Observer'.
12:56:59: CP:C17.RCT.1037 has used '/Observer'.
12:57:02: CP:C17.RCT.1037 has used '/Observer'.
12:57:02: CP:C17.RCT.1037 has used '/Observer'.
12:57:36: CP:C17.RCT.1037 has used '/Observer'.
12:57:36: CP:C17.RCT.1037 has used '/Observer'.
12:57:40: CP:C17.RCT.1037 has used '/Observer'.
12:57:41: CP:C17.RCT.1037 has used '/Observer'.
12:57:41: CP:C17.RCT.1037 has used '/Observer'.
12:57:41: CP:C17.RCT.1037 has used '/Observer'.
12:57:42: CP:C17.RCT.1037 has used '/Observer'.
12:57:42: CP:C17.RCT.1037 has used '/Observer'.
12:57:43: CP:C17.RCT.1037 has used '/Observer'.
12:58:29: CP:C17.RCT.1037 has used '/Observer'.
12:58:29: CP:C17.RCT.1037 has used '/Observer'.
12:58:31: CP:C17.RCT.1037 has used '/Observer'.
12:58:33: CP:C17.RCT.1037 has used '/Observer'.
12:58:46: CP:C17.RCT.1037 has used '/Observer'.
12:59:19: CP:C17.RCT.1037 has used '/Observer'.
12:59:19: CP:C17.RCT.1037 has used '/Observer'.
12:59:20: CP:C17.RCT.1037 has used '/Observer'.
12:59:20: CP:C17.RCT.1037 has used '/Observer'.
12:59:21: CP:C17.RCT.1037 has used '/Observer'.
12:59:22: CP:C17.RCT.1037 has used '/Observer'.
12:59:22: CP:C17.RCT.1037 has used '/Observer'.
12:59:23: CP:C17.RCT.1037 has used '/Observer'.
12:59:24: CP:C17.RCT.1037 has used '/Observer'.
12:59:25: CP:C17.RCT.1037 has used '/Observer'.
13:00:42: CP:C17.RCT.1037 has used '/Observer'.
13:00:50: CP:C17.RCT.1037 has used '/Observer'.
13:00:51: CP:C17.RCT.1037 has used '/Observer'.
13:00:59: CP:C17.RCT.1037 has used '/Observer'.
13:01:40: CP:C17.RCT.1037 has used '/Observer'.
13:01:42: CP:C17.RCT.1037 has used '/Observer'.
13:01:43: CP:C17.RCT.1037 has used '/Observer'.
13:01:43: CP:C17.RCT.1037 has used '/Observer'.
13:01:44: CP:C17.RCT.1037 has used '/Observer'.
13:01:44: CP:C17.RCT.1037 has used '/Observer'.
13:02:22: CP:C17.RCT.1037 has used '/Observer'.
13:02:23: CP:C17.RCT.1037 has used '/Observer'.
13:02:24: CP:C17.RCT.1037 has used '/Observer'.
13:02:27: CP:C17.RCT.1037 has used '/Observer'.
13:02:28: CP:C17.RCT.1037 has used '/Observer'.
13:02:30: CP:C17.RCT.1037 has used '/Observer'.
13:04:11: CP:C17.RCT.1037 has used '/Observer'.
13:04:12: CP:C17.RCT.1037 has used '/Observer'.
13:04:12: CP:C17.RCT.1037 has used '/Observer'.
13:04:14: CP:C17.RCT.1037 has used '/Observer'.
13:04:52: CP:C17.RCT.1037 has used '/Observer'.
13:04:52: CP:C17.RCT.1037 has used '/Observer'.
13:04:54: CP:C17.RCT.1037 has used '/Observer'.
13:04:55: CP:C17.RCT.1037 has used '/Observer'.
13:07:51: CP:C17.RCT.1037 has used '/CharFallOver'.
13:08:04: CP:C17.RCT.1037 has used '/CharGetUp'.
13:08:47: CP:C17.RCT.1037 has used '/Observer'.
13:08:47: CP:C17.RCT.1037 has used '/Observer'.
13:08:47: worldspawn has dealt 385 damage to CP:C17.RCT.1037, killing them!
13:24:59: CP:C17.RCT.1037 has used '/Observer'.
13:24:59: CP:C17.RCT.1037 has used '/Observer'.
13:25:00: CP:C17.RCT.1037 has used '/Observer'.
13:25:00: CP:C17.RCT.1037 has used '/Observer'.
13:25:01: CP:C17.RCT.1037 has used '/Observer'.
13:25:02: CP:C17.RCT.1037 has used '/Observer'.
13:25:02: CP:C17.RCT.1037 has used '/Observer'.
13:25:03: CP:C17.RCT.1037 has used '/Observer'.
13:25:04: CP:C17.RCT.1037 has used '/Observer'.
13:25:05: CP:C17.RCT.1037 has used '/Observer'.
13:25:52: CP:C17.RCT.1037 has used '/Observer'.
13:25:53: CP:C17.RCT.1037 has used '/Observer'.
13:25:54: CP:C17.RCT.1037 has used '/Observer'.
13:25:55: CP:C17.RCT.1037 has used '/Observer'.
13:25:56: CP:C17.RCT.1037 has used '/Observer'.
13:25:56: CP:C17.RCT.1037 has used '/Observer'.
13:25:58: CP:C17.RCT.1037 has used '/Observer'.
13:25:58: CP:C17.RCT.1037 has used '/Observer'.
13:25:59: CP:C17.RCT.1037 has used '/Observer'.
13:26:01: CP:C17.RCT.1037 has used '/Observer'.
13:26:02: CP:C17.RCT.1037 has used '/Observer'.
13:26:02: CP:C17.RCT.1037 has used '/Observer'.
13:26:04: CP:C17.RCT.1037 has taken 27 damage from worldspawn, leaving them at 73 health and 50 armor!
13:26:18: CP:C17.RCT.1037 has used '/Observer'.
13:26:18: CP:C17.RCT.1037 has used '/Observer'.
13:26:20: CP:C17.RCT.1037 has used '/Observer'.
13:26:20: CP:C17.RCT.1037 has used '/Observer'.
13:28:22: CP:C17.RCT.1037 (STEAM_0:1:44629398) has disconnected.
13:30:21: [CELLAR] SchωarzKrµppzo (STEAM_0:1:44629398) has connected.
13:31:09: [CELLAR] SchωarzKrµppzo has loaded the character 'CP:C17.RCT.1037'.
13:31:12: CP:C17.RCT.1037 has used '/Observer'.
13:31:12: CP:C17.RCT.1037 has used '/Observer'.
13:31:27: CP:C17.RCT.1037 has used '/PillCharSet rct headcrab'.
13:33:34: CP:C17.RCT.1037 (STEAM_0:1:44629398) has disconnected.
13:34:42: [CELLAR] SchωarzKrµppzo (STEAM_0:1:44629398) has connected.
13:35:10: [CELLAR] SchωarzKrµppzo has loaded the character 'CP:C17.RCT.1037'.
14:14:30: [CELLAR] SchωarzKrµppzo (STEAM_0:1:44629398) has connected.
14:16:48: [CELLAR] SchωarzKrµppzo has loaded the character 'CP:C17.RCT.1037'.
14:23:47: [CELLAR] SchωarzKrµppzo (STEAM_0:1:44629398) has connected.
14:24:56: [CELLAR] SchωarzKrµppzo has loaded the character 'CP:C17.RCT.1037'.
14:25:06: CP:C17.RCT.1037 has used '/Observer'.
14:25:06: CP:C17.RCT.1037 has used '/Observer'.
14:25:07: worldspawn has dealt 398 damage to CP:C17.RCT.1037, killing them!
14:25:18: CP:C17.RCT.1037 has used '/Observer'.
14:25:18: CP:C17.RCT.1037 has used '/Observer'.
14:25:23: CP:C17.RCT.1037 has used '/Observer'.
14:25:24: CP:C17.RCT.1037 has used '/Observer'.
14:25:27: CP:C17.RCT.1037 has used '/Observer'.
14:25:27: CP:C17.RCT.1037 has used '/Observer'.
14:25:28: CP:C17.RCT.1037 has used '/Observer'.
14:25:29: CP:C17.RCT.1037 has used '/Observer'.
14:25:29: CP:C17.RCT.1037 has used '/Observer'.
14:25:30: CP:C17.RCT.1037 has used '/Observer'.
14:25:31: CP:C17.RCT.1037 has used '/Observer'.
14:25:31: CP:C17.RCT.1037 has used '/Observer'.
14:25:34: CP:C17.RCT.1037 has used '/Observer'.
14:25:34: CP:C17.RCT.1037 has used '/Observer'.
14:25:35: CP:C17.RCT.1037 has used '/Observer'.
14:25:35: CP:C17.RCT.1037 has used '/Observer'.
14:25:36: CP:C17.RCT.1037 has used '/Observer'.
14:25:36: CP:C17.RCT.1037 has used '/Observer'.
14:25:39: CP:C17.RCT.1037 has used '/Observer'.
14:25:40: CP:C17.RCT.1037 has used '/Observer'.
14:25:40: CP:C17.RCT.1037 has used '/Observer'.
14:25:41: CP:C17.RCT.1037 has used '/Observer'.
14:25:44: CP:C17.RCT.1037 has used '/Observer'.
14:25:44: CP:C17.RCT.1037 has used '/Observer'.
14:25:45: CP:C17.RCT.1037 has used '/Observer'.
14:25:46: CP:C17.RCT.1037 has used '/Observer'.
14:25:47: CP:C17.RCT.1037 has used '/Observer'.
14:25:48: CP:C17.RCT.1037 has used '/Observer'.
14:25:49: CP:C17.RCT.1037 has used '/Observer'.
14:25:50: CP:C17.RCT.1037 has used '/Observer'.
14:25:50: CP:C17.RCT.1037 has used '/Observer'.
14:25:51: CP:C17.RCT.1037 has used '/Observer'.
14:25:51: CP:C17.RCT.1037 has used '/Observer'.
14:25:52: CP:C17.RCT.1037 has used '/Observer'.
14:25:55: CP:C17.RCT.1037 has used '/Observer'.
14:25:55: CP:C17.RCT.1037 has used '/Observer'.
14:28:05: CP:C17.RCT.1037 has used '/Observer'.
14:28:06: CP:C17.RCT.1037 has used '/Observer'.
14:28:06: worldspawn has dealt 312 damage to CP:C17.RCT.1037, killing them!
14:32:53: [CELLAR] SchωarzKrµppzo (STEAM_0:1:44629398) has connected.
14:34:40: [CELLAR] SchωarzKrµppzo has loaded the character 'CP:C17.RCT.1037'.
14:39:34: [CELLAR] SchωarzKrµppzo (STEAM_0:1:44629398) has connected.
14:40:38: [CELLAR] SchωarzKrµppzo has loaded the character 'CP:C17.RCT.1037'.
14:40:46: CP:C17.RCT.1037 has used '/Observer'.
14:40:46: CP:C17.RCT.1037 has used '/Observer'.
14:42:42: CP:C17.RCT.1037 has used '/Observer'.
14:42:47: CP:C17.RCT.1037 has used '/Observer'.
14:43:05: CP:C17.RCT.1037 has used '/Observer'.
14:43:07: CP:C17.RCT.1037 has used '/Observer'.
14:43:07: CP:C17.RCT.1037 has used '/Observer'.
14:43:45: CP:C17.RCT.1037 has used '/Observer'.
14:45:45: CP:C17.RCT.1037 has used '/Observer'.
14:45:49: CP:C17.RCT.1037 has used '/Observer'.
14:45:49: CP:C17.RCT.1037 has used '/Observer'.
14:49:10: [CELLAR] SchωarzKrµppzo (STEAM_0:1:44629398) has connected.
14:52:08: [CELLAR] SchωarzKrµppzo has loaded the character 'CP:C17.RCT.1037'.
14:55:46: [CELLAR] SchωarzKrµppzo (STEAM_0:1:44629398) has connected.
14:58:22: [CELLAR] SchωarzKrµppzo has loaded the character 'CP:C17.RCT.1037'.
14:59:09: CP:C17.RCT.1037 (STEAM_0:1:44629398) has disconnected.
