00:23:51: Bot01 has used '/CharVoiceDesc'.
00:23:51: Bot01 (BOT) has connected.
00:23:51: Bot01 has used '/CharVoiceDesc'.
00:23:54: CP:C17.i4.0981 has used '/Observer'.
00:25:04: CP:C17.i4.0981 has used '/CharSetName bot01 CP:C17.RCT.2221'.
00:25:08: CP:C17.i4.0981 has used '/AnimIdle'.
00:26:26: Bot02 has used '/CharVoiceDesc'.
00:26:26: Bot02 (BOT) has connected.
00:26:26: Bot02 has used '/CharVoiceDesc'.
00:26:27: Bot03 has used '/CharVoiceDesc'.
00:26:27: Bot03 (BOT) has connected.
00:26:27: Bot03 has used '/CharVoiceDesc'.
00:26:27: Bot04 has used '/CharVoiceDesc'.
00:26:27: Bot04 (BOT) has connected.
00:26:27: Bot04 has used '/CharVoiceDesc'.
00:35:06: SchωarzKruppzo (STEAM_0:1:44629398) has connected.
00:37:40: SchωarzKruppzo has loaded the character 'CP:C17.i4.0981'.
00:37:44: CP:C17.i4.0981 has used '/Observer'.
00:38:16: CP:C17.i4.0981 has used '/AnimIdle'.
00:38:19: CP:C17.i4.0981 has used '/AnimIdle'.
00:38:21: CP:C17.i4.0981 has used '/AnimIdle'.
00:38:34: CP:C17.i4.0981 has used '/r Паразиты!'.
00:38:42: CP:C17.i4.0981 has used '/r Нежить!'.
00:38:47: CP:C17.i4.0981 has used '/Observer'.
00:38:48: CP:C17.i4.0981 has used '/r Нежить!'.
00:38:50: CP:C17.i4.0981 has used '/Observer'.
00:38:55: CP:C17.i4.0981 has used '/r Нежить!'.
00:39:06: CP:C17.i4.0981 has used '/r Объект, код 505!'.
00:39:07: CP:C17.i4.0981 has used '/Observer'.
00:39:07: CP:C17.i4.0981 has used '/Observer'.
00:40:40: CP:C17.i4.0981 has used '/r Объект, код 505!'.
00:40:46: CP:C17.i4.0981 has used '/r Объект, код 505!'.
00:40:46: CP:C17.i4.0981 has used '/Observer'.
00:40:48: CP:C17.i4.0981 has used '/Observer'.
00:41:09: CP:C17.i4.0981 has used '/r Нарушитель с оружием! На моём 10-20.'.
00:41:14: CP:C17.i4.0981 has used '/r Нарушитель с оружием! На моём 10-20.'.
00:41:15: CP:C17.i4.0981 has used '/Observer'.
00:41:16: CP:C17.i4.0981 has used '/Observer'.
00:41:16: CP:C17.i4.0981 has used '/Observer'.
00:41:17: CP:C17.i4.0981 has used '/Observer'.
00:41:26: CP:C17.i4.0981 has used '/r Объект, код 505!'.
00:41:27: CP:C17.i4.0981 has used '/Observer'.
00:41:28: CP:C17.i4.0981 has used '/Observer'.
00:41:28: CP:C17.i4.0981 has used '/Observer'.
00:41:33: CP:C17.i4.0981 has used '/r Нарушитель с оружием! На моём 10-20.'.
00:41:33: CP:C17.i4.0981 has used '/Observer'.
00:41:40: CP:C17.i4.0981 has used '/r Нарушитель с оружием! На моём 10-20.'.
00:41:41: CP:C17.i4.0981 has used '/Observer'.
00:41:42: CP:C17.i4.0981 has taken 57 damage from worldspawn, leaving them at 24 health and 56 armor!
00:41:42: CP:C17.i4.0981 has used '/Observer'.
00:41:43: CP:C17.i4.0981 has used '/Observer'.
00:41:44: CP:C17.i4.0981 has used '/Observer'.
00:41:50: CP:C17.i4.0981 has used '/Observer'.
00:41:55: CP:C17.i4.0981 has used '/r Нарушитель с оружием! На моём 10-20.'.
00:41:56: CP:C17.i4.0981 has used '/Observer'.
00:42:05: CP:C17.i4.0981 has used '/r Объект, код 505!'.
00:42:08: CP:C17.i4.0981 has used '/Observer'.
00:42:09: CP:C17.i4.0981 has used '/Observer'.
00:42:10: CP:C17.i4.0981 has used '/Observer'.
00:42:11: CP:C17.i4.0981 has used '/Observer'.
00:42:17: CP:C17.i4.0981 has used '/r Нарушитель с оружием! На моём 10-20.'.
00:42:19: Bot01 has used '/CharVoiceDesc'.
00:42:19: Bot01 (BOT) has connected.
00:42:19: Bot01 has used '/CharVoiceDesc'.
00:42:22: CP:C17.i4.0981 has used '/r Вижу его! Подозреваемый на моём 10-20!'.
00:42:24: CP:C17.i4.0981 has used '/Observer'.
00:42:25: CP:C17.i4.0981 has used '/Observer'.
00:43:39: CP:C17.i4.0981 (STEAM_0:1:44629398) has disconnected.
00:43:39: Bot01 (BOT) has disconnected.
00:48:11: SchωarzKruppzo (STEAM_0:1:44629398) has connected.
00:49:52: SchωarzKruppzo has loaded the character 'CP:C17.i4.0981'.
00:49:53: worldspawn has dealt 112 damage to CP:C17.i4.0981, killing them!
00:49:59: CP:C17.i4.0981 has used '/Observer'.
00:50:03: CP:C17.i4.0981 has used '/AnimIdle'.
00:50:05: CP:C17.i4.0981 has used '/AnimIdle'.
00:50:26: CP:C17.i4.0981 has used '/r Нарушитель с оружием! На моём 10-20.'.
00:50:27: CP:C17.i4.0981 has used '/Observer'.
00:50:28: CP:C17.i4.0981 has used '/Observer'.
00:50:29: CP:C17.i4.0981 has used '/Observer'.
00:50:30: CP:C17.i4.0981 has used '/Observer'.
00:50:33: CP:C17.i4.0981 has used '/Observer'.
00:50:35: CP:C17.i4.0981 has used '/Observer'.
00:50:40: CP:C17.i4.0981 has used '/r Объект, код 505!'.
00:50:49: CP:C17.i4.0981 has used '/r Возможно здесь 404.'.
00:50:50: CP:C17.i4.0981 has used '/Observer'.
00:50:51: CP:C17.i4.0981 has used '/Observer'.
00:50:54: CP:C17.i4.0981 has used '/Observer'.
00:50:55: CP:C17.i4.0981 has used '/Observer'.
00:50:56: CP:C17.i4.0981 has used '/Observer'.
00:50:57: CP:C17.i4.0981 has used '/Observer'.
00:50:59: CP:C17.i4.0981 has used '/Observer'.
00:51:14: CP:C17.i4.0981 has used '/Observer'.
00:51:28: CP:C17.i4.0981 has used '/Observer'.
00:51:29: CP:C17.i4.0981 has used '/Observer'.
00:51:29: CP:C17.i4.0981 has used '/Observer'.
00:51:30: CP:C17.i4.0981 has used '/Observer'.
