13:25:01: [CELLAR] SchωarzKrµppzo (STEAM_0:1:44629398) has connected.
13:26:29: [CELLAR] SchωarzKrµppzo has loaded the character 'CP:C17.RCT.1037'.
13:26:31: CP:C17.RCT.1037 has used '/Observer'.
13:26:35: CP:C17.RCT.1037 has used '/Observer'.
13:26:35: CP:C17.RCT.1037 has used '/Observer'.
13:26:36: CP:C17.RCT.1037 has used '/Observer'.
13:26:38: CP:C17.RCT.1037 has used '/Observer'.
13:26:38: CP:C17.RCT.1037 has used '/Observer'.
13:26:48: CP:C17.RCT.1037 has used '/Observer'.
13:26:48: CP:C17.RCT.1037 has used '/Observer'.
13:26:50: CP:C17.RCT.1037 has used '/Observer'.
13:26:51: CP:C17.RCT.1037 has used '/Observer'.
13:27:18: CP:C17.RCT.1037 has used '/CharFallOver'.
13:28:00: CP:C17.RCT.1037 has used '/CharGetUp'.
13:28:32: CP:C17.RCT.1037 has used '/Observer'.
13:28:33: CP:C17.RCT.1037 has used '/Observer'.
13:28:33: CP:C17.RCT.1037 has used '/Observer'.
13:28:34: CP:C17.RCT.1037 has used '/Observer'.
13:28:35: CP:C17.RCT.1037 has used '/Observer'.
13:28:35: CP:C17.RCT.1037 has used '/Observer'.
13:28:36: CP:C17.RCT.1037 has used '/Observer'.
13:28:47: CP:C17.RCT.1037 has used '/Observer'.
13:28:48: CP:C17.RCT.1037 has used '/Observer'.
13:28:49: CP:C17.RCT.1037 has used '/Observer'.
13:28:49: CP:C17.RCT.1037 has used '/Observer'.
13:28:50: CP:C17.RCT.1037 has used '/Observer'.
13:28:50: CP:C17.RCT.1037 has used '/Observer'.
13:29:07: CP:C17.RCT.1037 has used '/Observer'.
13:29:08: CP:C17.RCT.1037 has used '/Observer'.
13:29:16: CP:C17.RCT.1037 has used '/Observer'.
13:29:17: CP:C17.RCT.1037 has used '/Observer'.
13:29:18: CP:C17.RCT.1037 has used '/Observer'.
13:29:19: CP:C17.RCT.1037 has used '/Observer'.
13:29:21: CP:C17.RCT.1037 has used '/Observer'.
13:29:29: CP:C17.RCT.1037 has used '/Observer'.
13:29:30: CP:C17.RCT.1037 has used '/Observer'.
13:29:32: CP:C17.RCT.1037 has used '/Observer'.
13:29:33: CP:C17.RCT.1037 has used '/Observer'.
13:29:35: CP:C17.RCT.1037 has used '/Observer'.
13:29:36: CP:C17.RCT.1037 has used '/Observer'.
13:29:38: CP:C17.RCT.1037 has used '/Observer'.
13:29:39: CP:C17.RCT.1037 has used '/Observer'.
13:29:42: CP:C17.RCT.1037 has used '/Observer'.
13:29:43: CP:C17.RCT.1037 has used '/Observer'.
13:29:44: CP:C17.RCT.1037 has used '/Observer'.
13:29:45: CP:C17.RCT.1037 has used '/Observer'.
13:29:46: CP:C17.RCT.1037 has used '/Observer'.
13:29:47: CP:C17.RCT.1037 has used '/Observer'.
13:29:49: CP:C17.RCT.1037 has used '/Observer'.
13:29:50: CP:C17.RCT.1037 has used '/Observer'.
13:29:51: CP:C17.RCT.1037 has used '/Observer'.
13:29:52: CP:C17.RCT.1037 has used '/Observer'.
13:29:53: CP:C17.RCT.1037 has used '/Observer'.
13:29:54: CP:C17.RCT.1037 has used '/Observer'.
13:29:57: CP:C17.RCT.1037 has used '/Observer'.
13:29:59: CP:C17.RCT.1037 has used '/Observer'.
13:42:17: CP:C17.RCT.1037 (STEAM_0:1:44629398) has disconnected.
13:44:50: [CELLAR] SchωarzKrµppzo (STEAM_0:1:44629398) has connected.
13:46:38: [CELLAR] SchωarzKrµppzo has loaded the character 'CP:C17.RCT.1037'.
13:46:46: CP:C17.RCT.1037 has used '/Observer'.
13:46:47: CP:C17.RCT.1037 has used '/Observer'.
13:46:57: CP:C17.RCT.1037 (STEAM_0:1:44629398) has disconnected.
13:49:49: [CELLAR] SchωarzKrµppzo (STEAM_0:1:44629398) has connected.
13:51:02: [CELLAR] SchωarzKrµppzo has loaded the character 'CP:C17.RCT.1037'.
13:51:05: CP:C17.RCT.1037 has used '/Observer'.
13:51:06: CP:C17.RCT.1037 has used '/Observer'.
13:51:09: CP:C17.RCT.1037 has used '/Observer'.
13:51:09: CP:C17.RCT.1037 has used '/Observer'.
13:51:10: CP:C17.RCT.1037 has used '/Observer'.
13:51:11: CP:C17.RCT.1037 has used '/Observer'.
13:51:12: CP:C17.RCT.1037 has used '/Observer'.
13:51:13: CP:C17.RCT.1037 has used '/Observer'.
13:51:14: CP:C17.RCT.1037 has used '/Observer'.
13:51:15: CP:C17.RCT.1037 has used '/Observer'.
13:51:16: CP:C17.RCT.1037 has used '/Observer'.
13:51:17: CP:C17.RCT.1037 has used '/Observer'.
13:51:45: CP:C17.RCT.1037 has used '/Observer'.
13:51:46: CP:C17.RCT.1037 has used '/Observer'.
13:51:47: CP:C17.RCT.1037 has used '/Observer'.
13:51:48: CP:C17.RCT.1037 has used '/Observer'.
13:51:49: CP:C17.RCT.1037 has used '/Observer'.
13:51:50: CP:C17.RCT.1037 has used '/Observer'.
13:51:51: CP:C17.RCT.1037 has used '/Observer'.
13:51:51: CP:C17.RCT.1037 has used '/Observer'.
13:51:52: CP:C17.RCT.1037 has used '/Observer'.
13:51:53: CP:C17.RCT.1037 has used '/Observer'.
13:51:54: CP:C17.RCT.1037 has used '/Observer'.
13:51:54: CP:C17.RCT.1037 has used '/Observer'.
13:51:55: CP:C17.RCT.1037 has used '/Observer'.
13:51:56: CP:C17.RCT.1037 has used '/Observer'.
13:51:57: CP:C17.RCT.1037 has used '/Observer'.
13:51:58: CP:C17.RCT.1037 has used '/Observer'.
13:51:59: CP:C17.RCT.1037 has used '/Observer'.
13:51:59: CP:C17.RCT.1037 has used '/Observer'.
13:52:00: CP:C17.RCT.1037 has used '/Observer'.
13:52:01: CP:C17.RCT.1037 has used '/Observer'.
13:52:01: CP:C17.RCT.1037 has used '/Observer'.
13:52:01: CP:C17.RCT.1037 has used '/Observer'.
13:52:03: CP:C17.RCT.1037 has used '/Observer'.
13:52:03: CP:C17.RCT.1037 has used '/Observer'.
13:52:04: CP:C17.RCT.1037 has used '/Observer'.
13:52:04: CP:C17.RCT.1037 has used '/Observer'.
13:52:05: CP:C17.RCT.1037 has used '/Observer'.
13:52:06: CP:C17.RCT.1037 has used '/Observer'.
13:52:06: CP:C17.RCT.1037 has used '/Observer'.
13:52:07: CP:C17.RCT.1037 has used '/Observer'.
13:52:09: CP:C17.RCT.1037 has used '/Observer'.
13:52:09: CP:C17.RCT.1037 has used '/Observer'.
13:52:10: CP:C17.RCT.1037 has used '/Observer'.
13:52:10: CP:C17.RCT.1037 has used '/Observer'.
13:53:55: CP:C17.RCT.1037 (STEAM_0:1:44629398) has disconnected.
14:00:54: [CELLAR] SchωarzKrµppzo (STEAM_0:1:44629398) has connected.
14:02:12: [CELLAR] SchωarzKrµppzo has loaded the character 'CP:C17.RCT.1037'.
14:02:14: CP:C17.RCT.1037 has used '/Observer'.
14:02:17: CP:C17.RCT.1037 has used '/Observer'.
14:02:28: CP:C17.RCT.1037 has used '/Observer'.
14:02:29: CP:C17.RCT.1037 has used '/Observer'.
14:02:30: CP:C17.RCT.1037 has used '/Observer'.
14:02:31: CP:C17.RCT.1037 has used '/Observer'.
14:02:32: CP:C17.RCT.1037 has used '/Observer'.
14:02:32: CP:C17.RCT.1037 has used '/Observer'.
14:03:32: CP:C17.RCT.1037 has used '/Observer'.
14:03:32: CP:C17.RCT.1037 has used '/Observer'.
14:03:33: CP:C17.RCT.1037 has used '/Observer'.
14:03:34: CP:C17.RCT.1037 has used '/Observer'.
14:03:34: CP:C17.RCT.1037 has used '/Observer'.
14:03:35: CP:C17.RCT.1037 has used '/Observer'.
14:03:36: CP:C17.RCT.1037 has used '/Observer'.
14:03:37: CP:C17.RCT.1037 has used '/Observer'.
14:05:24: CP:C17.RCT.1037 has used '/Observer'.
14:05:24: CP:C17.RCT.1037 has used '/Observer'.
14:05:25: CP:C17.RCT.1037 has used '/Observer'.
14:05:25: CP:C17.RCT.1037 has used '/Observer'.
14:05:26: CP:C17.RCT.1037 has used '/Observer'.
14:05:26: CP:C17.RCT.1037 has used '/Observer'.
14:18:16: [CELLAR] SchωarzKrµppzo (STEAM_0:1:44629398) has connected.
14:19:44: [CELLAR] SchωarzKrµppzo has loaded the character 'CP:C17.RCT.1037'.
14:19:59: CP:C17.RCT.1037 has used '/Observer'.
14:20:04: CP:C17.RCT.1037 has used '/Observer'.
14:20:05: CP:C17.RCT.1037 has used '/Observer'.
14:20:05: CP:C17.RCT.1037 has used '/Observer'.
14:20:07: CP:C17.RCT.1037 has used '/Observer'.
14:20:08: CP:C17.RCT.1037 has used '/Observer'.
14:20:19: CP:C17.RCT.1037 has used '/Observer'.
14:20:20: CP:C17.RCT.1037 has used '/Observer'.
14:20:21: CP:C17.RCT.1037 has used '/Observer'.
14:20:22: CP:C17.RCT.1037 has used '/Observer'.
14:20:24: CP:C17.RCT.1037 has used '/Observer'.
14:20:26: CP:C17.RCT.1037 has used '/Observer'.
14:20:30: CP:C17.RCT.1037 has used '/Observer'.
14:20:32: CP:C17.RCT.1037 has used '/Observer'.
14:20:40: CP:C17.RCT.1037 says: "<:: выфв"
14:32:25: [CELLAR] SchωarzKrµppzo (STEAM_0:1:44629398) has connected.
14:33:41: [CELLAR] SchωarzKrµppzo has loaded the character 'CP:C17.RCT.1037'.
14:33:42: CP:C17.RCT.1037 has used '/Observer'.
14:33:43: CP:C17.RCT.1037 has used '/Observer'.
14:33:45: CP:C17.RCT.1037 has used '/Observer'.
14:33:45: CP:C17.RCT.1037 has used '/Observer'.
14:33:46: CP:C17.RCT.1037 has used '/Observer'.
14:33:46: CP:C17.RCT.1037 has used '/Observer'.
14:33:48: CP:C17.RCT.1037 has used '/Observer'.
14:33:48: CP:C17.RCT.1037 has used '/Observer'.
14:33:49: CP:C17.RCT.1037 has used '/Observer'.
14:33:49: CP:C17.RCT.1037 has used '/Observer'.
14:33:51: CP:C17.RCT.1037 has used '/Observer'.
14:33:51: CP:C17.RCT.1037 has used '/Observer'.
14:33:53: CP:C17.RCT.1037 has used '/Observer'.
14:33:53: CP:C17.RCT.1037 has used '/Observer'.
14:33:54: CP:C17.RCT.1037 says: "<:: выф"
14:34:02: CP:C17.RCT.1037 says: "<:: фывфывфывфывфывфывфывфывфывфывфывфывфывфывфывфывфывфывфывфывфывфывфывфывфывфывфывфывфывфывфывфывфывфывфывфывфывфывфывфывфывфывфы"
14:34:10: CP:C17.RCT.1037 has used '/Observer'.
14:34:10: CP:C17.RCT.1037 has used '/Observer'.
14:34:11: CP:C17.RCT.1037 has used '/Observer'.
14:34:33: CP:C17.RCT.1037 has used '/Observer'.
14:34:34: CP:C17.RCT.1037 has used '/Observer'.
14:34:36: CP:C17.RCT.1037 has used '/Observer'.
14:34:37: CP:C17.RCT.1037 has used '/Observer'.
14:34:38: CP:C17.RCT.1037 has used '/Observer'.
14:34:38: CP:C17.RCT.1037 has used '/Observer'.
14:34:39: CP:C17.RCT.1037 has used '/Observer'.
14:34:46: CP:C17.RCT.1037 has used '/Observer'.
14:34:47: CP:C17.RCT.1037 has used '/Observer'.
14:34:48: CP:C17.RCT.1037 has used '/Observer'.
14:34:49: CP:C17.RCT.1037 has used '/Observer'.
14:34:51: CP:C17.RCT.1037 has used '/Observer'.
14:34:51: CP:C17.RCT.1037 has used '/Observer'.
14:34:53: CP:C17.RCT.1037 has used '/Observer'.
14:34:53: CP:C17.RCT.1037 has used '/Observer'.
14:34:54: CP:C17.RCT.1037 has used '/Observer'.
14:34:55: CP:C17.RCT.1037 has used '/Observer'.
14:34:56: CP:C17.RCT.1037 has used '/Observer'.
14:34:56: CP:C17.RCT.1037 has used '/Observer'.
14:34:57: CP:C17.RCT.1037 has used '/Observer'.
14:34:58: CP:C17.RCT.1037 has used '/Observer'.
14:34:59: CP:C17.RCT.1037 has used '/Observer'.
14:35:00: CP:C17.RCT.1037 has used '/Observer'.
14:35:06: CP:C17.RCT.1037 has used '/Observer'.
14:35:07: CP:C17.RCT.1037 has used '/Observer'.
14:35:28: CP:C17.RCT.1037 has used '/Observer'.
14:35:28: CP:C17.RCT.1037 has used '/Observer'.
14:35:29: CP:C17.RCT.1037 has used '/Observer'.
14:35:29: CP:C17.RCT.1037 has used '/Observer'.
14:35:30: CP:C17.RCT.1037 has used '/Observer'.
14:35:31: CP:C17.RCT.1037 has used '/Observer'.
14:35:32: CP:C17.RCT.1037 has used '/Observer'.
14:35:33: CP:C17.RCT.1037 has used '/Observer'.
14:35:34: CP:C17.RCT.1037 has used '/Observer'.
14:35:35: CP:C17.RCT.1037 has used '/Observer'.
14:35:46: CP:C17.RCT.1037 has used '/Observer'.
14:35:47: CP:C17.RCT.1037 has used '/Observer'.
14:36:05: CP:C17.RCT.1037 has used '/Observer'.
14:36:05: CP:C17.RCT.1037 has used '/Observer'.
14:36:22: CP:C17.RCT.1037 says: "<:: t"
14:36:24: CP:C17.RCT.1037 has used '/Observer'.
14:36:25: CP:C17.RCT.1037 has used '/Observer'.
14:36:26: CP:C17.RCT.1037 says: "<:: dsad"
14:36:27: CP:C17.RCT.1037 has used '/Observer'.
14:36:27: CP:C17.RCT.1037 has used '/Observer'.
14:36:29: CP:C17.RCT.1037 has used '/Observer'.
14:36:29: CP:C17.RCT.1037 has used '/Observer'.
14:36:30: CP:C17.RCT.1037 has used '/Observer'.
14:36:30: CP:C17.RCT.1037 has used '/Observer'.
14:36:31: CP:C17.RCT.1037 has used '/Observer'.
14:36:35: CP:C17.RCT.1037 has used '/Observer'.
14:36:40: CP:C17.RCT.1037 has used '/Observer'.
14:36:41: CP:C17.RCT.1037 has used '/Observer'.
14:36:42: CP:C17.RCT.1037 has used '/Observer'.
14:36:43: CP:C17.RCT.1037 has used '/Observer'.
14:36:43: CP:C17.RCT.1037 has used '/Observer'.
14:36:43: CP:C17.RCT.1037 has used '/Observer'.
14:36:44: CP:C17.RCT.1037 has used '/Observer'.
14:36:46: CP:C17.RCT.1037 has used '/Observer'.
14:37:01: CP:C17.RCT.1037 has used '/Observer'.
14:37:02: CP:C17.RCT.1037 has used '/Observer'.
14:37:19: CP:C17.RCT.1037 has used '/MeL kek'.
14:52:10: CP:C17.RCT.1037 has used '/Observer'.
14:52:11: CP:C17.RCT.1037 has used '/Observer'.
14:52:12: CP:C17.RCT.1037 has used '/Observer'.
14:52:13: CP:C17.RCT.1037 has used '/Observer'.
14:52:14: CP:C17.RCT.1037 has used '/Observer'.
14:52:34: CP:C17.RCT.1037 has used '/Observer'.
14:52:35: CP:C17.RCT.1037 has used '/Observer'.
14:52:35: CP:C17.RCT.1037 has used '/Observer'.
14:53:42: CP:C17.RCT.1037 has used '/Observer'.
14:53:45: CP:C17.RCT.1037 has used '/Observer'.
14:58:44: CP:C17.RCT.1037 has used '/Observer'.
14:58:45: CP:C17.RCT.1037 has used '/Observer'.
14:58:50: CP:C17.RCT.1037 has used '/Observer'.
14:58:51: CP:C17.RCT.1037 has used '/Observer'.
14:58:56: CP:C17.RCT.1037 has used '/Observer'.
14:58:57: CP:C17.RCT.1037 has used '/Observer'.
14:59:00: CP:C17.RCT.1037 has used '/Observer'.
14:59:01: CP:C17.RCT.1037 has used '/Observer'.
14:59:03: CP:C17.RCT.1037 has used '/Observer'.
14:59:10: CP:C17.RCT.1037 has used '/Observer'.
14:59:11: CP:C17.RCT.1037 has used '/Observer'.
14:59:12: CP:C17.RCT.1037 has used '/Observer'.
14:59:12: CP:C17.RCT.1037 has used '/Observer'.
14:59:13: CP:C17.RCT.1037 has used '/Observer'.
14:59:13: CP:C17.RCT.1037 has used '/Observer'.
14:59:14: CP:C17.RCT.1037 has used '/Observer'.
14:59:15: CP:C17.RCT.1037 has used '/Observer'.
14:59:16: CP:C17.RCT.1037 has used '/Observer'.
14:59:16: CP:C17.RCT.1037 has used '/Observer'.
14:59:17: CP:C17.RCT.1037 has used '/Observer'.
14:59:19: CP:C17.RCT.1037 has used '/Observer'.
14:59:20: CP:C17.RCT.1037 has used '/Observer'.
14:59:24: CP:C17.RCT.1037 has used '/Observer'.
14:59:25: CP:C17.RCT.1037 has used '/Observer'.
14:59:45: CP:C17.RCT.1037 has used '/Observer'.
14:59:46: CP:C17.RCT.1037 has used '/Observer'.
14:59:47: CP:C17.RCT.1037 has used '/Observer'.
14:59:47: CP:C17.RCT.1037 has used '/Observer'.
14:59:48: CP:C17.RCT.1037 has used '/Observer'.
14:59:49: CP:C17.RCT.1037 has used '/Observer'.
14:59:50: CP:C17.RCT.1037 has used '/Observer'.
14:59:50: CP:C17.RCT.1037 has used '/Observer'.
14:59:51: CP:C17.RCT.1037 has used '/Observer'.
14:59:51: CP:C17.RCT.1037 has used '/Observer'.
14:59:52: CP:C17.RCT.1037 has used '/Observer'.
14:59:53: CP:C17.RCT.1037 has used '/Observer'.
14:59:55: CP:C17.RCT.1037 has used '/Observer'.
14:59:55: CP:C17.RCT.1037 has used '/Observer'.
14:59:56: CP:C17.RCT.1037 has used '/Observer'.
14:59:56: CP:C17.RCT.1037 has used '/Observer'.
14:59:57: CP:C17.RCT.1037 has used '/Observer'.
14:59:57: CP:C17.RCT.1037 has used '/Observer'.
14:59:58: CP:C17.RCT.1037 has used '/Observer'.
14:59:58: CP:C17.RCT.1037 has used '/Observer'.
14:59:59: CP:C17.RCT.1037 has used '/Observer'.
14:59:59: CP:C17.RCT.1037 has used '/Observer'.
15:00:00: CP:C17.RCT.1037 has used '/Observer'.
15:00:00: CP:C17.RCT.1037 has used '/Observer'.
15:00:01: CP:C17.RCT.1037 has used '/Observer'.
15:00:02: CP:C17.RCT.1037 has used '/Observer'.
15:00:03: CP:C17.RCT.1037 has used '/Observer'.
15:00:03: CP:C17.RCT.1037 has used '/Observer'.
15:00:04: CP:C17.RCT.1037 has used '/Observer'.
15:00:04: CP:C17.RCT.1037 has used '/Observer'.
15:00:05: CP:C17.RCT.1037 has used '/Observer'.
15:00:05: CP:C17.RCT.1037 has used '/Observer'.
15:00:06: CP:C17.RCT.1037 has used '/Observer'.
15:00:06: CP:C17.RCT.1037 has used '/Observer'.
15:00:07: CP:C17.RCT.1037 has used '/Observer'.
15:00:07: CP:C17.RCT.1037 has used '/Observer'.
15:00:08: CP:C17.RCT.1037 has used '/Observer'.
15:00:08: CP:C17.RCT.1037 has used '/Observer'.
15:00:09: CP:C17.RCT.1037 has used '/Observer'.
15:00:09: CP:C17.RCT.1037 has used '/Observer'.
15:00:10: CP:C17.RCT.1037 has used '/Observer'.
15:00:11: CP:C17.RCT.1037 has used '/Observer'.
15:00:11: CP:C17.RCT.1037 has used '/Observer'.
15:00:13: CP:C17.RCT.1037 has used '/Observer'.
15:00:14: CP:C17.RCT.1037 has used '/Observer'.
15:00:14: CP:C17.RCT.1037 has used '/Observer'.
15:00:14: CP:C17.RCT.1037 has used '/Observer'.
15:00:15: CP:C17.RCT.1037 has used '/Observer'.
15:00:16: CP:C17.RCT.1037 has used '/Observer'.
15:00:16: CP:C17.RCT.1037 has used '/Observer'.
15:00:16: CP:C17.RCT.1037 has used '/Observer'.
15:00:16: CP:C17.RCT.1037 has used '/Observer'.
15:00:17: CP:C17.RCT.1037 has used '/Observer'.
15:00:18: CP:C17.RCT.1037 has used '/Observer'.
15:00:19: CP:C17.RCT.1037 has used '/Observer'.
15:00:19: CP:C17.RCT.1037 has used '/Observer'.
15:00:30: CP:C17.RCT.1037 has used '/Observer'.
15:00:31: CP:C17.RCT.1037 has used '/Observer'.
15:00:33: CP:C17.RCT.1037 has used '/Observer'.
15:18:51: CP:C17.RCT.1037 has used '/Observer'.
15:18:51: CP:C17.RCT.1037 has used '/Observer'.
15:18:52: CP:C17.RCT.1037 has used '/Observer'.
15:18:52: CP:C17.RCT.1037 has used '/Observer'.
15:18:53: CP:C17.RCT.1037 has used '/Observer'.
15:18:53: CP:C17.RCT.1037 has used '/Observer'.
15:18:54: CP:C17.RCT.1037 has used '/Observer'.
15:18:55: CP:C17.RCT.1037 has used '/Observer'.
15:18:55: CP:C17.RCT.1037 has used '/Observer'.
15:18:56: CP:C17.RCT.1037 has used '/Observer'.
15:18:56: CP:C17.RCT.1037 has used '/Observer'.
15:18:57: CP:C17.RCT.1037 has used '/Observer'.
15:18:57: CP:C17.RCT.1037 has used '/Observer'.
15:18:58: CP:C17.RCT.1037 has used '/Observer'.
15:18:58: CP:C17.RCT.1037 has used '/Observer'.
15:18:59: CP:C17.RCT.1037 has used '/Observer'.
15:18:59: CP:C17.RCT.1037 has used '/Observer'.
15:19:00: CP:C17.RCT.1037 has used '/Observer'.
15:19:00: CP:C17.RCT.1037 has used '/Observer'.
15:19:00: CP:C17.RCT.1037 has used '/Observer'.
15:19:01: CP:C17.RCT.1037 has used '/Observer'.
15:19:02: CP:C17.RCT.1037 has used '/Observer'.
15:19:02: CP:C17.RCT.1037 has used '/Observer'.
15:19:03: CP:C17.RCT.1037 has used '/Observer'.
15:19:03: CP:C17.RCT.1037 has used '/Observer'.
15:19:04: CP:C17.RCT.1037 has used '/Observer'.
15:19:05: CP:C17.RCT.1037 has used '/Observer'.
15:19:08: CP:C17.RCT.1037 has used '/Observer'.
15:19:09: CP:C17.RCT.1037 has used '/Observer'.
15:19:12: CP:C17.RCT.1037 has used '/Observer'.
15:19:13: CP:C17.RCT.1037 has used '/Observer'.
15:19:14: CP:C17.RCT.1037 has used '/Observer'.
15:19:15: CP:C17.RCT.1037 has used '/Observer'.
15:19:15: CP:C17.RCT.1037 has used '/Observer'.
15:19:16: CP:C17.RCT.1037 has used '/Observer'.
15:19:17: CP:C17.RCT.1037 has used '/Observer'.
15:19:18: CP:C17.RCT.1037 has used '/Observer'.
15:19:32: CP:C17.RCT.1037 has used '/Observer'.
15:19:33: CP:C17.RCT.1037 has used '/Observer'.
15:19:34: CP:C17.RCT.1037 has used '/Observer'.
15:19:34: CP:C17.RCT.1037 has used '/Observer'.
15:19:37: CP:C17.RCT.1037 has used '/Observer'.
15:19:38: CP:C17.RCT.1037 has used '/Observer'.
15:19:39: CP:C17.RCT.1037 has used '/Observer'.
15:19:39: CP:C17.RCT.1037 has used '/Observer'.
15:19:40: CP:C17.RCT.1037 has used '/Observer'.
15:19:42: CP:C17.RCT.1037 has used '/Observer'.
15:19:42: CP:C17.RCT.1037 has used '/Observer'.
15:19:43: CP:C17.RCT.1037 has used '/Observer'.
15:20:32: CP:C17.RCT.1037 has used '/Observer'.
15:20:32: CP:C17.RCT.1037 has used '/Observer'.
15:20:32: CP:C17.RCT.1037 has used '/Observer'.
15:20:33: CP:C17.RCT.1037 has used '/Observer'.
15:20:33: CP:C17.RCT.1037 has used '/Observer'.
15:20:34: CP:C17.RCT.1037 has used '/Observer'.
15:20:35: CP:C17.RCT.1037 has used '/Observer'.
15:20:35: CP:C17.RCT.1037 has used '/Observer'.
15:20:36: CP:C17.RCT.1037 has used '/Observer'.
15:21:09: CP:C17.RCT.1037 (STEAM_0:1:44629398) has disconnected.
17:28:35: [CELLAR] SchωarzKrµppzo (STEAM_0:1:44629398) has connected.
17:37:09: [CELLAR] SchωarzKrµppzo (STEAM_0:1:44629398) has connected.
17:41:44: [CELLAR] SchωarzKrµppzo (STEAM_0:1:44629398) has connected.
17:43:00: [CELLAR] SchωarzKrµppzo has deleted the character 'CP:C17.SCN.0011'.
17:43:02: [CELLAR] SchωarzKrµppzo has deleted the character 'OTA-CRM.140'.
17:43:04: [CELLAR] SchωarzKrµppzo has deleted the character 'TestTestTestTestTestTestTestTestTestTestTestTest'.
17:56:34: [CELLAR] SchωarzKrµppzo (STEAM_0:1:44629398) has connected.
18:01:33: [CELLAR] SchωarzKrµppzo has loaded the character 'CP:C17.RCT.1037'.
18:01:35: worldspawn has dealt 77 damage to CP:C17.RCT.1037, killing them!
18:04:36: CP:C17.RCT.1037 (STEAM_0:1:44629398) has disconnected.
18:07:55: [CELLAR] SchωarzKrµppzo (STEAM_0:1:44629398) has connected.
18:15:58: [CELLAR] SchωarzKrµppzo has loaded the character 'CP:C17.RCT.1037'.
18:16:02: CP:C17.RCT.1037 has used '/Observer'.
18:16:09: CP:C17.RCT.1037 has used '/Observer'.
18:16:19: CP:C17.RCT.1037 has used '/Observer'.
18:16:22: CP:C17.RCT.1037 has used '/Observer'.
18:16:22: CP:C17.RCT.1037 has used '/Observer'.
18:16:23: CP:C17.RCT.1037 has used '/Observer'.
18:16:38: CP:C17.RCT.1037 has used '/Observer'.
18:16:39: CP:C17.RCT.1037 has used '/Observer'.
18:16:39: CP:C17.RCT.1037 has used '/Observer'.
18:16:40: CP:C17.RCT.1037 has used '/Observer'.
18:16:42: CP:C17.RCT.1037 has used '/Observer'.
18:16:42: CP:C17.RCT.1037 has used '/Observer'.
18:16:43: CP:C17.RCT.1037 has used '/Observer'.
18:16:44: CP:C17.RCT.1037 has used '/Observer'.
18:16:44: CP:C17.RCT.1037 has used '/Observer'.
18:16:45: CP:C17.RCT.1037 has used '/Observer'.
18:16:47: CP:C17.RCT.1037 has used '/Observer'.
18:16:47: CP:C17.RCT.1037 has used '/Observer'.
18:19:42: CP:C17.RCT.1037 (STEAM_0:1:44629398) has disconnected.
18:21:55: [CELLAR] SchωarzKrµppzo (STEAM_0:1:44629398) has connected.
18:29:35: [CELLAR] SchωarzKrµppzo (STEAM_0:1:44629398) has connected.
18:34:46: [CELLAR] SchωarzKrµppzo (STEAM_0:1:44629398) has connected.
18:48:26: [CELLAR] SchωarzKrµppzo (STEAM_0:1:44629398) has connected.
19:40:20: [CELLAR] SchωarzKrµppzo (STEAM_0:1:44629398) has connected.
