00:08:57: SchωarzKruppzo (STEAM_0:1:44629398) has connected.
00:12:10: SchωarzKruppzo has loaded the character 'CP:C17.i4.0981'.
00:13:00: CP:C17.i4.0981 has used '/Observer'.
00:13:01: CP:C17.i4.0981 has used '/Observer'.
00:13:03: CP:C17.i4.0981 has used '/Observer'.
00:13:06: CP:C17.i4.0981 has used '/Observer'.
00:13:06: CP:C17.i4.0981 has used '/Observer'.
00:13:10: CP:C17.i4.0981 has used '/Observer'.
00:13:16: CP:C17.i4.0981 has gained a Paper 1458076397.
00:13:16: CP:C17.i4.0981 has used '/CharGiveItem i4 paper'.
00:13:22: CP:C17.i4.0981 has used '/InvAction use paper 1458076397.00'.
00:14:15: CP:C17.i4.0981 has used '/InvAction use paper 1458076397.00'.
00:14:41: CP:C17.i4.0981 has used '/InvAction use paper 1458076397.00'.
00:19:03: CP:C17.i4.0981 has used '/Observer'.
00:19:54: CP:C17.i4.0981 has used '/Observer'.
00:19:55: CP:C17.i4.0981 has used '/Observer'.
00:19:58: CP:C17.i4.0981 has used '/Observer'.
00:19:59: CP:C17.i4.0981 has used '/Observer'.
00:20:06: CP:C17.i4.0981 has used '/Observer'.
00:20:07: CP:C17.i4.0981 has used '/Observer'.
00:22:44: CP:C17.i4.0981 has used '/Observer'.
00:23:07: CP:C17.i4.0981 has used '/Observer'.
00:23:10: CP:C17.i4.0981 has used '/Observer'.
00:23:11: CP:C17.i4.0981 has used '/Observer'.
00:23:33: CP:C17.i4.0981 has used '/Observer'.
00:23:35: CP:C17.i4.0981 has used '/Observer'.
00:23:39: CP:C17.i4.0981 has used '/Observer'.
00:23:39: CP:C17.i4.0981 has used '/Observer'.
00:25:22: CP:C17.i4.0981 has used '/Observer'.
00:25:23: CP:C17.i4.0981 has used '/Observer'.
00:32:03: CP:C17.i4.0981 has used '/Observer'.
00:32:51: CP:C17.i4.0981 has used '/Observer'.
01:03:05: SchωarzKruppzo (STEAM_0:1:44629398) has connected.
12:47:34: SchωarzKruppzo (STEAM_0:1:44629398) has connected.
12:51:35: SchωarzKruppzo (STEAM_0:1:44629398) has connected.
13:01:31: SchωarzKruppzo (STEAM_0:1:44629398) has connected.
13:03:11: SchωarzKruppzo has loaded the character 'CP:C17.i4.0981'.
13:12:23: CP:C17.i4.0981 has used '/Observer'.
13:12:31: CP:C17.i4.0981 has used '/Observer'.
13:12:34: CP:C17.i4.0981 has used '/Observer'.
13:12:40: CP:C17.i4.0981 has used '/Observer'.
13:12:42: CP:C17.i4.0981 has used '/Observer'.
13:12:45: CP:C17.i4.0981 has used '/Observer'.
13:13:13: CP:C17.i4.0981 has used '/Observer'.
13:13:36: CP:C17.i4.0981 has used '/Observer'.
13:13:38: CP:C17.i4.0981 has used '/Observer'.
13:13:39: CP:C17.i4.0981 has used '/Observer'.
13:13:41: CP:C17.i4.0981 has used '/Observer'.
13:13:48: CP:C17.i4.0981 has used '/Observer'.
13:13:51: CP:C17.i4.0981 has used '/Observer'.
13:13:52: CP:C17.i4.0981 has used '/Observer'.
13:13:54: CP:C17.i4.0981 has used '/Observer'.
13:13:56: CP:C17.i4.0981 has used '/Observer'.
13:14:00: CP:C17.i4.0981 has used '/Observer'.
13:14:00: CP:C17.i4.0981 has used '/Observer'.
13:14:02: CP:C17.i4.0981 has used '/Observer'.
13:14:03: CP:C17.i4.0981 has used '/Observer'.
13:14:03: CP:C17.i4.0981 has used '/Observer'.
13:14:04: CP:C17.i4.0981 has used '/Observer'.
13:14:04: CP:C17.i4.0981 has used '/Observer'.
13:14:05: CP:C17.i4.0981 has used '/Observer'.
13:14:05: CP:C17.i4.0981 has used '/Observer'.
13:14:06: CP:C17.i4.0981 has used '/Observer'.
13:14:07: CP:C17.i4.0981 has used '/Observer'.
13:14:37: CP:C17.i4.0981 has used '/Observer'.
13:14:42: CP:C17.i4.0981 has used '/Observer'.
13:14:44: CP:C17.i4.0981 has used '/Observer'.
13:14:44: CP:C17.i4.0981 has used '/Observer'.
13:14:45: CP:C17.i4.0981 has used '/Observer'.
13:14:53: CP:C17.i4.0981 has used '/Observer'.
13:14:55: CP:C17.i4.0981 has used '/Observer'.
13:14:56: CP:C17.i4.0981 has used '/Observer'.
13:14:56: CP:C17.i4.0981 has used '/Observer'.
13:14:56: CP:C17.i4.0981 has used '/Observer'.
13:14:57: CP:C17.i4.0981 has used '/Observer'.
13:15:07: CP:C17.i4.0981 has used '/Observer'.
13:15:10: CP:C17.i4.0981 has used '/Observer'.
13:15:11: CP:C17.i4.0981 has used '/Observer'.
13:15:11: CP:C17.i4.0981 has used '/Observer'.
13:15:46: CP:C17.i4.0981 has used '/Observer'.
13:15:47: CP:C17.i4.0981 has used '/Observer'.
13:15:47: CP:C17.i4.0981 has used '/Observer'.
13:16:03: CP:C17.i4.0981 has used '/Observer'.
13:16:14: CP:C17.i4.0981 has used '/Observer'.
13:16:19: CP:C17.i4.0981 has used '/Observer'.
13:16:28: CP:C17.i4.0981 has used '/Observer'.
13:16:30: CP:C17.i4.0981 has used '/Observer'.
13:16:50: CP:C17.i4.0981 has used '/Observer'.
13:17:00: CP:C17.i4.0981 has used '/Observer'.
13:21:20: CP:C17.i4.0981 has used '/Observer'.
13:28:11: Taishō Septic (STEAM_0:0:34008601) has connected.
13:30:07: CP:C17.i4.0981 has used '/Observer'.
13:31:22: CP:C17.i4.0981 has used '/Observer'.
13:31:23: CP:C17.i4.0981 has used '/Observer'.
13:33:37: CP:C17.i4.0981 has used '/Observer'.
13:33:48: Taishō Septic has loaded the character 'CP:C17.i2.0328'.
13:34:12: CP:C17.i4.0981 has used '/Observer'.
13:34:28: CP:C17.i4.0981 has used '/Observer'.
13:34:44: CP:C17.i2.0328 has used '/Observer'.
13:34:51: CP:C17.i4.0981 has used '/Observer'.
13:35:00: CP:C17.i2.0328 has used '/Observer'.
13:35:03: CP:C17.i4.0981 has used '/Observer'.
13:35:20: CP:C17.i4.0981 has used '/Observer'.
13:35:23: CP:C17.i4.0981 has used '/Observer'.
13:35:29: CP:C17.i4.0981 has used '/Observer'.
13:35:29: CP:C17.i4.0981 has used '/Observer'.
13:35:30: CP:C17.i4.0981 has used '/Observer'.
13:35:31: CP:C17.i4.0981 has used '/Observer'.
13:35:32: CP:C17.i4.0981 has used '/Observer'.
13:35:50: CP:C17.i4.0981 has used '/Observer'.
13:35:54: CP:C17.i4.0981 has used '/Observer'.
13:40:33: CP:C17.i2.0328 (STEAM_0:0:34008601) has disconnected.
14:28:31: SchωarzKruppzo (STEAM_0:1:44629398) has connected.
14:31:47: SchωarzKruppzo has loaded the character 'CP:C17.i4.0981'.
14:32:33: CP:C17.i4.0981 has used '/CharSetModel i4 models/metropolice/c08.mdl'.
14:34:17: CP:C17.i4.0981 has used '/CharSetCPOutfit i4 0_0000000000_0_0_0'.
14:36:38: CP:C17.i4.0981 has used '/CharSetCPArmband i4 (0,0,0)_0_(0,0,0,0)_0_(0,0,0,0)_0'.
14:36:46: CP:C17.i4.0981 has used '/CharSetCPArmband i4 (0,0,0)_1_(0,0,0,0)_1_(0,0,0,0)_1'.
14:36:52: CP:C17.i4.0981 has used '/CharSetCPArmband i4 (0,0,0)_2_(0,0,0,0)_1_(0,0,0,0)_1'.
14:36:57: CP:C17.i4.0981 has used '/CharSetCPArmband i4 (0,0,0)_2_(0,0,0,255)_1_(0,0,0,0)_1'.
14:37:02: CP:C17.i4.0981 has used '/CharSetCPArmband i4 (0,0,0)_2_(100,0,0,255)_1_(0,0,0,0)_1'.
14:37:08: CP:C17.i4.0981 has used '/CharSetCPArmband i4 (0,0,0)_2_(255,0,0,255)_1_(0,0,0,0)_1'.
14:37:13: CP:C17.i4.0981 has used '/CharSetCPArmband i4 (0,0,0)_2_(255,100,0,255)_1_(0,0,0,0)_1'.
14:37:17: CP:C17.i4.0981 has used '/CharSetCPArmband i4 (0,0,0)_2_(255,50,0,255)_1_(0,0,0,0)_1'.
14:37:24: CP:C17.i4.0981 has used '/CharSetCPArmband i4 (0,0,0)_2_(255,50,0,255)_1_(0,0,0,255)_1'.
14:37:39: CP:C17.i4.0981 has used '/CharSetCPArmband i4 (0,0,0)_2_(255,50,0,255)_1_(0,0,0,255)_2'.
14:37:41: CP:C17.i4.0981 has used '/CharSetCPArmband i4 (0,0,0)_2_(255,50,0,255)_1_(0,0,0,255)_3'.
14:37:42: CP:C17.i4.0981 has used '/CharSetCPArmband i4 (0,0,0)_2_(255,50,0,255)_1_(0,0,0,255)_6'.
14:37:44: CP:C17.i4.0981 has used '/CharSetCPArmband i4 (0,0,0)_2_(255,50,0,255)_1_(0,0,0,255)_10'.
14:38:16: CP:C17.i4.0981 has gained a Paper 1458128297.
14:38:16: CP:C17.i4.0981 has used '/CharGiveItem i4 paper'.
14:38:28: CP:C17.i4.0981 has used '/InvAction use paper 1458128297.00'.
14:41:15: CP:C17.i4.0981 has used '/InvAction use paper 1458128297.00'.
14:43:14: CP:C17.i4.0981 has used '/CharFallOver'.
14:43:17: CP:C17.i4.0981 has used '/CharGetUp'.
14:49:57: SchωarzKruppzo (STEAM_0:1:44629398) has connected.
14:52:13: SchωarzKruppzo has loaded the character 'CP:C17.i4.0981'.
14:52:42: CP:C17.i4.0981 has gained a Paper 1458129163.
14:52:42: CP:C17.i4.0981 has used '/CharGiveItem i4 paper'.
14:52:47: CP:C17.i4.0981 has lost a Paper 1458056570.
14:52:47: CP:C17.i4.0981 has used '/InvAction drop paper 1458056570.00'.
14:52:48: CP:C17.i4.0981 has lost a Paper 1458056695.
14:52:48: CP:C17.i4.0981 has used '/InvAction drop paper 1458056695.00'.
14:52:48: CP:C17.i4.0981 has lost a Paper 1458056735.
14:52:48: CP:C17.i4.0981 has used '/InvAction drop paper 1458056735.00'.
14:52:49: CP:C17.i4.0981 has lost a Paper 1458056780.
14:52:49: CP:C17.i4.0981 has used '/InvAction drop paper 1458056780.00'.
14:52:50: CP:C17.i4.0981 has lost a Paper 1458056821.
14:52:50: CP:C17.i4.0981 has used '/InvAction drop paper 1458056821.00'.
14:52:51: CP:C17.i4.0981 has lost a Paper 1458056952.
14:52:51: CP:C17.i4.0981 has used '/InvAction drop paper 1458056952.00'.
14:52:52: CP:C17.i4.0981 has lost a Paper 1458057087.
14:52:52: CP:C17.i4.0981 has used '/InvAction drop paper 1458057087.00'.
14:52:53: CP:C17.i4.0981 has lost a Paper 1458057114.
14:52:53: CP:C17.i4.0981 has used '/InvAction drop paper 1458057114.00'.
14:52:54: CP:C17.i4.0981 has lost a Paper 1458057486.
14:52:54: CP:C17.i4.0981 has used '/InvAction drop paper 1458057486.00'.
14:52:55: CP:C17.i4.0981 has lost a Paper 1458058040.
14:52:55: CP:C17.i4.0981 has used '/InvAction drop paper 1458058040.00'.
14:52:55: CP:C17.i4.0981 has lost a Paper 1458058184.
14:52:55: CP:C17.i4.0981 has used '/InvAction drop paper 1458058184.00'.
14:52:56: CP:C17.i4.0981 has lost a Paper 1458059694.
14:52:56: CP:C17.i4.0981 has used '/InvAction drop paper 1458059694.00'.
14:52:57: CP:C17.i4.0981 has lost a Paper 1458059860.
14:52:57: CP:C17.i4.0981 has used '/InvAction drop paper 1458059860.00'.
14:52:58: CP:C17.i4.0981 has lost a Paper 1458060769.
14:52:58: CP:C17.i4.0981 has used '/InvAction drop paper 1458060769.00'.
14:52:58: CP:C17.i4.0981 has lost a Paper 1458060905.
14:52:58: CP:C17.i4.0981 has used '/InvAction drop paper 1458060905.00'.
14:52:59: CP:C17.i4.0981 has lost a Paper 1458060987.
14:52:59: CP:C17.i4.0981 has used '/InvAction drop paper 1458060987.00'.
14:53:00: CP:C17.i4.0981 has lost a Paper 1458061138.
14:53:00: CP:C17.i4.0981 has used '/InvAction drop paper 1458061138.00'.
14:53:01: CP:C17.i4.0981 has lost a Paper 1458061178.
14:53:01: CP:C17.i4.0981 has used '/InvAction drop paper 1458061178.00'.
14:53:02: CP:C17.i4.0981 has lost a Paper 1458061211.
14:53:02: CP:C17.i4.0981 has used '/InvAction drop paper 1458061211.00'.
14:53:02: CP:C17.i4.0981 has lost a Paper 1458061259.
14:53:02: CP:C17.i4.0981 has used '/InvAction drop paper 1458061259.00'.
14:53:03: CP:C17.i4.0981 has lost a Paper 1458061368.
14:53:03: CP:C17.i4.0981 has used '/InvAction drop paper 1458061368.00'.
14:53:04: CP:C17.i4.0981 has lost a Paper 1458067789.
14:53:04: CP:C17.i4.0981 has used '/InvAction drop paper 1458067789.00'.
14:53:04: CP:C17.i4.0981 has lost a Paper 1458076397.
14:53:04: CP:C17.i4.0981 has used '/InvAction drop paper 1458076397.00'.
14:53:05: CP:C17.i4.0981 has lost a Paper 1458128297.
14:53:05: CP:C17.i4.0981 has used '/InvAction drop paper 1458128297.00'.
14:53:24: CP:C17.i4.0981 has used '/InvAction use paper 1458129163.00'.
14:55:33: CP:C17.i4.0981 has used '/InvAction use paper 1458129163.00'.
14:56:12: CP:C17.i4.0981 has used '/InvAction use paper 1458129163.00'.
14:56:34: CP:C17.i4.0981 has lost a Paper 1458129163.
14:56:34: CP:C17.i4.0981 has used '/InvAction drop paper 1458129163.00'.
14:56:52: CP:C17.i4.0981 has gained a Paper 1458129414.
14:56:52: CP:C17.i4.0981 has used '/CharGiveItem i4 paper'.
14:56:54: CP:C17.i4.0981 has used '/InvAction use paper 1458129414.00'.
14:57:12: CP:C17.i4.0981 has used '/InvAction use paper 1458129414.00'.
14:57:36: CP:C17.i4.0981 has used '/InvAction use paper 1458129414.00'.
14:57:53: CP:C17.i4.0981 has lost a Paper 1458129414.
14:57:53: CP:C17.i4.0981 has used '/InvAction drop paper 1458129414.00'.
14:57:57: CP:C17.i4.0981 has gained a Paper 1458129414.
14:57:57: CP:C17.i4.0981 has used '/InvAction use paper 1458129414'.
14:57:57: CP:C17.i4.0981 has lost a Paper 1458129414.
14:59:23: CP:C17.i4.0981 has gained a Paper 1458129414.
14:59:23: CP:C17.i4.0981 has used '/InvAction use paper 1458129414'.
14:59:23: CP:C17.i4.0981 has lost a Paper 1458129414.
14:59:44: CP:C17.i4.0981 has gained a Paper 1458129587.
14:59:44: CP:C17.i4.0981 has used '/CharGiveItem i4 paper'.
14:59:46: CP:C17.i4.0981 has used '/InvAction use paper 1458129587.00'.
14:59:54: CP:C17.i4.0981 has used '/InvAction use paper 1458129587.00'.
15:00:53: CP:C17.i4.0981 has used '/InvAction use paper 1458129587.00'.
15:01:47: CP:C17.i4.0981 has used '/InvAction use paper 1458129587.00'.
15:02:07: CP:C17.i4.0981 has used '/InvAction use paper 1458129587.00'.
15:02:22: CP:C17.i4.0981 has used '/InvAction use paper 1458129587.00'.
15:05:27: CP:C17.i4.0981 has gained a Paper 1458129414.
15:05:27: CP:C17.i4.0981 has used '/InvAction use paper 1458129414'.
15:05:27: CP:C17.i4.0981 has lost a Paper 1458129414.
15:05:45: CP:C17.i4.0981 has used '/InvAction use paper 1458129587.00'.
15:05:49: CP:C17.i4.0981 has gained a Paper 1458129953.
15:05:49: CP:C17.i4.0981 has used '/CharGiveItem i4 paper'.
15:05:50: CP:C17.i4.0981 has lost a Paper 1458129953.
15:05:50: CP:C17.i4.0981 has used '/InvAction drop paper 1458129953.00'.
15:05:52: CP:C17.i4.0981 has gained a Paper 1458129953.
15:05:52: CP:C17.i4.0981 has used '/InvAction use paper 1458129953'.
15:05:52: CP:C17.i4.0981 has lost a Paper 1458129953.
15:06:31: CP:C17.i4.0981 has gained a Paper 1458129953.
15:06:31: CP:C17.i4.0981 has used '/InvAction use paper 1458129953'.
15:06:31: CP:C17.i4.0981 has lost a Paper 1458129953.
15:06:51: CP:C17.i4.0981 has gained a Paper 1458129953.
15:06:51: CP:C17.i4.0981 has used '/InvAction use paper 1458129953'.
15:06:51: CP:C17.i4.0981 has lost a Paper 1458129953.
15:37:48: SchωarzKruppzo (STEAM_0:1:44629398) has connected.
15:40:34: SchωarzKruppzo has loaded the character 'CP:C17.i4.0981'.
15:46:58: CP:C17.i4.0981 has gained a Paper 1458129953.
15:46:58: CP:C17.i4.0981 has used '/InvAction use paper 1458129953'.
15:46:58: CP:C17.i4.0981 has lost a Paper 1458129953.
15:47:24: CP:C17.i4.0981 has spawned 'models/props_c17/SuitCase001a.mdl'.
15:47:24: CP:C17.i4.0981 has spawned 'models/props_c17/SuitCase001a.mdl'.
15:47:28: CP:C17.i4.0981 has spawned 'models/props_c17/SuitCase_Passenger_Physics.mdl'.
15:47:28: CP:C17.i4.0981 has spawned 'models/props_c17/SuitCase_Passenger_Physics.mdl'.
15:47:30: CP:C17.i4.0981 has spawned 'models/props_c17/SuitCase001a.mdl'.
15:47:30: CP:C17.i4.0981 has spawned 'models/props_c17/SuitCase001a.mdl'.
17:08:00: SchωarzKruppzo (STEAM_0:1:44629398) has connected.
17:10:04: SchωarzKruppzo has loaded the character 'CP:C17.i4.0981'.
17:10:35: CP:C17.i4.0981 has gained a Armband: 'OfC' 1458137436.
17:10:35: CP:C17.i4.0981 has used '/CharGiveItem i4 armband_ofc'.
17:18:24: SchωarzKruppzo (STEAM_0:1:44629398) has connected.
17:24:03: SchωarzKruppzo has loaded the character 'CP:C17.i4.0981'.
17:24:21: CP:C17.i4.0981 (STEAM_0:1:44629398) has disconnected.
17:31:09: SchωarzKruppzo (STEAM_0:1:44629398) has connected.
17:33:28: SchωarzKruppzo has loaded the character 'CP:C17.i4.0981'.
17:34:47: CP:C17.i4.0981 has used '/Observer'.
17:34:52: CP:C17.i4.0981 has used '/Observer'.
17:35:07: CP:C17.i4.0981 has gained a Armband: 'RCT' 1458138908.
17:35:07: CP:C17.i4.0981 has used '/CharGiveItem i4 armband_rct'.
17:35:13: CP:C17.i4.0981 has used '/InvAction use armband_rct 1458138908.00'.
21:27:58: SchωarzKruppzo (STEAM_0:1:44629398) has connected.
21:34:56: SchωarzKruppzo (STEAM_0:1:44629398) has connected.
21:37:30: SchωarzKruppzo has created a Civil Protection character called 'CP:C17.RCT.1037'.
21:37:39: SchωarzKruppzo has loaded the character 'CP:C17.RCT.1037'.
21:37:51: CP:C17.RCT.1037 has used '/GetFlags'.
21:39:16: Hosh (STEAM_0:1:37316814) has connected.
21:40:54: Hosh has loaded the character 'CP:C17.i5.3040'.
21:40:56: CP:C17.i5.3040 has used '/Observer'.
21:40:57: CP:C17.i5.3040 has used '/Observer'.
21:40:57: CP:C17.RCT.1037 has used '/PlyBring i5'.
21:40:59: CP:C17.RCT.1037 has used '/PlyBring i5'.
21:41:00: CP:C17.RCT.1037 has used '/Observer'.
21:41:00: CP:C17.RCT.1037 has used '/Observer'.
21:41:31: Taishō Septic (STEAM_0:0:34008601) has connected.
21:41:50: CP:C17.RCT.1037 says: "<:: ye xt"
21:41:51: CP:C17.RCT.1037 says: "<:: ну че"
21:41:56: CP:C17.RCT.1037 says: "<:: будем выдавать тебе униформу солдат?"
21:42:22: CP:C17.RCT.1037 has gained a Set of Civil Protection outfit: Advanced 1458153746.
21:42:22: CP:C17.RCT.1037 has used '/CharGiveItem rct cp_advanced'.
21:42:26: CP:C17.RCT.1037 says: "<:: лови пакет"
21:42:28: CP:C17.RCT.1037 has lost a Set of Civil Protection outfit: Advanced 1458153746.
21:42:28: CP:C17.RCT.1037 has used '/InvAction drop cp_advanced 1458153746.00'.
21:42:35: CP:C17.i5.3040 has gained a Set of Civil Protection outfit: Advanced 1458153746.
21:42:41: CP:C17.RCT.1037 says: "<:: Юзать"
21:42:56: CP:C17.RCT.1037 says: "<:: зоюзал?"
21:43:07: CP:C17.i5.3040 has used '/CharSetModel 3040 models/metropolice/c08_female.mdl'.
21:43:12: CP:C17.RCT.1037 says: "<:: не"
21:43:15: CP:C17.RCT.1037 says: "<:: ты не ту"
21:43:18: CP:C17.RCT.1037 says: "<:: c08_female_2"
21:43:25: CP:C17.RCT.1037 says: "<:: не ту модель ты выбрал"
21:43:26: CP:C17.i5.3040 has used '/InvAction use cp_advanced 1458153746.00'.
21:43:35: CP:C17.RCT.1037 says: "<:: НЕ ТУ МОдель ты выбрал"
21:43:39: CP:C17.RCT.1037 says: "<:: c08_female_2"
21:43:40: CP:C17.RCT.1037 says: "<:: _2"
21:43:42: CP:C17.RCT.1037 says: "<:: _2"
21:43:42: CP:C17.RCT.1037 says: "<:: _2"
21:43:43: CP:C17.RCT.1037 says: "<:: _2"
21:43:46: CP:C17.i5.3040 has used '/CharSetModel 3040 models/metropolice/c08_female_2.mdl'.
21:43:55: CP:C17.i5.3040 has lost a Set of Civil Protection outfit: Advanced 1458153746.
21:43:55: CP:C17.i5.3040 has used '/InvAction drop cp_advanced 1458153746.00'.
21:43:57: CP:C17.i5.3040 has gained a Set of Civil Protection outfit: Advanced 1458153746.
21:43:57: CP:C17.i5.3040 has used '/InvAction use cp_advanced 1458153746'.
21:44:05: CP:C17.RCT.1037 says: "<:: пагади"
21:44:09: CP:C17.RCT.1037 says: "<:: у меня скрипт не работает"
21:45:22: CP:C17.i5.3040 has used '/StorageClose'.
21:45:44: CP:C17.i5.3040 has used '/Observer'.
21:45:45: CP:C17.i5.3040 has used '/CharFallOver 0'.
21:45:47: CP:C17.i5.3040 has used '/Observer'.
21:45:55: CP:C17.RCT.1037 says: "<:: так давайте я рестат сделаю быстрый"
21:46:05: CP:C17.i5.3040 has gained a Paper 1458129414.
21:46:08: Taishō Septic has loaded the character 'CP:C17.i2.0328'.
21:49:49: SchωarzKruppzo (STEAM_0:1:44629398) has connected.
21:50:12: Taishō Septic (STEAM_0:0:34008601) has connected.
21:51:47: SchωarzKruppzo has loaded the character 'CP:C17.RCT.1037'.
21:52:02: CP:C17.RCT.1037 has used '/Observer'.
21:52:03: CP:C17.RCT.1037 has used '/Observer'.
21:52:27: CP:C17.RCT.1037 has used '/Observer'.
21:52:29: CP:C17.RCT.1037 has used '/Observer'.
21:52:45: CP:C17.RCT.1037 has used '/Observer'.
21:52:46: CP:C17.RCT.1037 has used '/Observer'.
21:52:56: CP:C17.RCT.1037 has used '/Observer'.
21:52:58: CP:C17.RCT.1037 has used '/Observer'.
21:52:59: CP:C17.RCT.1037 has used '/Observer'.
21:52:59: CP:C17.RCT.1037 has used '/Observer'.
21:53:09: CP:C17.RCT.1037 has used '/Observer'.
21:53:11: CP:C17.RCT.1037 has used '/Observer'.
21:53:12: CP:C17.RCT.1037 has used '/Observer'.
21:53:14: CP:C17.RCT.1037 has used '/Observer'.
21:53:15: CP:C17.RCT.1037 has used '/Observer'.
21:53:17: CP:C17.RCT.1037 has used '/Observer'.
21:53:17: CP:C17.RCT.1037 has used '/Observer'.
21:53:19: CP:C17.RCT.1037 has used '/Observer'.
21:53:20: CP:C17.RCT.1037 has used '/Observer'.
21:53:23: CP:C17.RCT.1037 has used '/Observer'.
21:53:24: Hosh (STEAM_0:1:37316814) has connected.
21:53:30: CP:C17.RCT.1037 has used '/Observer'.
21:53:32: CP:C17.RCT.1037 has used '/Observer'.
21:53:32: CP:C17.RCT.1037 has used '/Observer'.
21:53:33: CP:C17.RCT.1037 has used '/Observer'.
21:53:36: CP:C17.RCT.1037 has used '/Observer'.
21:53:36: CP:C17.RCT.1037 has used '/Observer'.
21:53:37: CP:C17.RCT.1037 has used '/Observer'.
21:53:38: CP:C17.RCT.1037 has used '/Observer'.
21:53:54: CP:C17.RCT.1037 has used '/Observer'.
21:54:02: CP:C17.RCT.1037 has used '/Observer'.
21:54:04: CP:C17.RCT.1037 has used '/Observer'.
21:54:06: CP:C17.RCT.1037 has used '/Observer'.
21:54:14: Taishō Septic has loaded the character 'CP:C17.i2.0328'.
21:55:00: CP:C17.RCT.1037 has gained a Set of Civil Protection outfit: Standard 1458154501.
21:55:00: CP:C17.RCT.1037 has used '/CharGiveItem rct cp_standard'.
21:55:09: CP:C17.RCT.1037 has gained a Armband: 'i2' 1458154511.
21:55:09: CP:C17.RCT.1037 has used '/CharGiveItem rct armband_i2'.
21:55:15: CP:C17.RCT.1037 has lost a Set of Civil Protection outfit: Standard 1458154501.
21:55:15: CP:C17.RCT.1037 has used '/InvAction drop cp_standard 1458154501.00'.
21:55:19: CP:C17.RCT.1037 has lost a Armband: 'i2' 1458154511.
21:55:19: CP:C17.RCT.1037 has used '/InvAction drop armband_i2 1458154511.00'.
21:55:31: CP:C17.i2.0328 has gained a Armband: 'i2' 1458154511.
21:55:31: CP:C17.i2.0328 has used '/InvAction use armband_i2 1458154511'.
21:55:33: CP:C17.i2.0328 has gained a Set of Civil Protection outfit: Standard 1458154501.
21:55:33: CP:C17.i2.0328 has used '/InvAction use cp_standard 1458154501'.
21:56:04: CP:C17.i2.0328 has taken 14 damage from npc_metropolice, leaving them at 100 health and 132 armor!
21:56:04: CP:C17.i2.0328 has taken 14 damage from npc_metropolice, leaving them at 100 health and 117 armor!
21:56:04: CP:C17.i2.0328 has taken 14 damage from npc_metropolice, leaving them at 100 health and 102 armor!
21:56:05: CP:C17.RCT.1037 has taken 3 damage from npc_metropolice, leaving them at 100 health and 147 armor!
21:56:05: CP:C17.i2.0328 has taken 3 damage from npc_metropolice, leaving them at 100 health and 98 armor!
21:56:06: CP:C17.RCT.1037 has taken 3 damage from npc_metropolice, leaving them at 100 health and 143 armor!
21:56:07: CP:C17.i2.0328 has taken 3 damage from npc_metropolice, leaving them at 100 health and 94 armor!
21:56:07: CP:C17.RCT.1037 has taken 3 damage from npc_metropolice, leaving them at 100 health and 139 armor!
21:56:07: CP:C17.RCT.1037 has taken 3 damage from npc_metropolice, leaving them at 100 health and 135 armor!
21:56:15: CP:C17.RCT.1037 says: "<:: стой"
21:57:25: CP:C17.RCT.1037 has gained a Set of Civil Protection outfit: Standard 1458154648.
21:57:25: CP:C17.RCT.1037 has used '/CharGiveItem rct cp_standard'.
21:57:28: CP:C17.RCT.1037 has used '/InvAction use cp_standard 1458154648.00'.
21:57:39: CP:C17.RCT.1037 has gained a Set of Civil Protection outfit: Advanced 1458154663.
21:57:39: CP:C17.RCT.1037 has used '/CharGiveItem rct cp_advanced'.
21:57:43: CP:C17.RCT.1037 has lost a Set of Civil Protection outfit: Advanced 1458154663.
21:57:43: CP:C17.RCT.1037 has used '/InvAction drop cp_advanced 1458154663.00'.
21:57:49: CP:C17.i2.0328 has gained a Set of Civil Protection outfit: Advanced 1458154663.
21:57:49: CP:C17.i2.0328 has used '/InvAction use cp_advanced 1458154663'.
21:58:30: CP:C17.RCT.1037 says: "<:: ладно так уж и быть"
21:58:59: CP:C17.RCT.1037 has used '/CharSetCPVisor 328 -1_-1_-1 0_3_3.5'.
21:59:14: CP:C17.RCT.1037 has used '/CharSetCPVisor 328 -2_-2_-2 0_3_3.5'.
21:59:34: CP:C17.RCT.1037 says: "<:: он не удаляется сейчас"
21:59:46: CP:C17.RCT.1037 says: "<:: нет"
21:59:51: CP:C17.RCT.1037 says: "<:: отказано в доступе"
22:00:20: CP:C17.RCT.1037 has used '/CharSetCPVisor 328 -1_-1_-2 0_3_3.5'.
22:00:24: CP:C17.RCT.1037 has used '/Observer'.
22:00:28: CP:C17.RCT.1037 has used '/Observer'.
22:00:33: CP:C17.RCT.1037 has used '/CharSetCPVisor 328 -1_-1_2 0_3_3.5'.
22:00:39: CP:C17.RCT.1037 has used '/CharSetCPVisor 328 1_1_2 0_3_3.5'.
22:01:08: CP:C17.i2.0328 has gained a USP Match 1458154873.
22:01:08: CP:C17.i2.0328 has used '/CharGiveItem i2 USP'.
22:01:11: CP:C17.i2.0328 has lost a USP Match 1458154873.
22:01:11: CP:C17.i2.0328 has used '/InvAction use sxbase_uspmatch 1458154873.00'.
22:01:36: CP:C17.RCT.1037 has used '/CharSetCPVisor 328 1_1_1 0_3_3.5'.
22:01:40: CP:C17.RCT.1037 has used '/CharSetCPVisor 328 1_1_1 0_3_3.5'.
22:01:42: CP:C17.RCT.1037 says: "<:: на месте стой"
22:02:13: CP:C17.RCT.1037 has used '/CharSetCPVisor 328 1_1_1 0_3_3.5'.
22:02:37: Hosh has created a Civil Protection character called 'CP:C17.RCT.6912'.
22:02:37: CP:C17.RCT.1037 has used '/CharSetCPVisor 328 1_1_1 0_3_3.5'.
22:02:43: Hosh has deleted the character 'CP:C17.i5.3040'.
22:02:44: Hosh has loaded the character 'CP:C17.RCT.6912'.
22:02:48: CP:C17.i2.0328 has lost a 9mm Pistol Bullets 1457450957.
22:02:48: CP:C17.i2.0328 has used '/InvAction use ammo_pistol 1457450957.00'.
22:02:49: CP:C17.RCT.1037 has used '/CharSetCPVisor 328 1_1_1 0_3_3.5'.
22:02:49: CP:C17.i2.0328 has lost a 9mm Pistol Bullets 1457450958.
22:02:49: CP:C17.i2.0328 has used '/InvAction use ammo_pistol 1457450958.00'.
22:02:51: CP:C17.RCT.6912 has used '/Observer'.
22:02:52: CP:C17.RCT.6912 has used '/Observer'.
22:02:58: CP:C17.RCT.6912 has used '/Observer'.
22:03:12: CP:C17.RCT.1037 has used '/CharSetCPVisor 328 1_1_1 0_3_3.5'.
22:03:13: CP:C17.RCT.6912 has gained a Contact Lenses 1458155002.
22:03:19: CP:C17.RCT.6912 has used '/Observer'.
22:03:29: CP:C17.RCT.6912 says: "<:: Зик Хайл"
22:03:31: CP:C17.RCT.6912 says: "<:: )"
22:03:32: CP:C17.i2.0328 says: "<:: )"
22:03:33: CP:C17.RCT.1037 has used '/CharSetCPVisor 328 1_1_1 0_3_3.5'.
22:04:04: CP:C17.OfC.3040 has used '/CharSetName 6912 CP:C17.OfC.3040'.
22:04:07: CP:C17.RCT.1037 has used '/CharSetCPVisor 328 1_1_1 0_3_3.5'.
22:04:17: CP:C17.RCT.1037 has used '/CharSetCPVisor 328 1_1_1 0_3_3.5'.
22:04:21: CP:C17.i5.3040 has used '/CharSetName 3040 CP:C17.i5.3040'.
22:04:33: CP:C17.RCT.1037 has used '/CharSetCPVisor 328 1_1_1 0_3_3.5'.
22:04:43: CP:C17.RCT.1037 has used '/CharSetCPVisor 328 1_1_1 0_3_3.5'.
22:05:00: CP:C17.RCT.1037 has used '/CharSetCPVisor 328 1_1_1 0_3_3.5'.
22:05:04: CP:C17.RCT.1037 says: "<:: стой ровно"
22:05:15: CP:C17.RCT.1037 has used '/CharSetCPVisor 328 -1_-1_-1 0_3_3.5'.
22:05:21: CP:C17.i5.3040 has used '/GetFlags 3040'.
22:05:31: CP:C17.RCT.1037 has used '/CharSetCPVisor 328 -2_-2_-2 0_3_3.5'.
22:06:33: CP:C17.RCT.1037 has gained a Set of Civil Protection outfit: Advanced 'Special' 1458155203.
22:06:33: CP:C17.RCT.1037 has used '/CharGiveItem rct cp_advanced_special'.
22:06:36: CP:C17.RCT.1037 has lost a Set of Civil Protection outfit: Advanced 'Special' 1458155203.
22:06:36: CP:C17.RCT.1037 has used '/InvAction drop cp_advanced_special 1458155203.00'.
22:06:39: CP:C17.i5.3040 has gained a Set of Civil Protection outfit: Advanced 'Special' 1458155203.
22:06:39: CP:C17.i5.3040 has used '/InvAction use cp_advanced_special 1458155203'.
22:06:45: CP:C17.RCT.1037 says: "<:: bla"
22:06:49: CP:C17.RCT.1037 says: "<:: eto ne tot skin"
22:08:12: CP:C17.RCT.1037 has used '/CharSetCPOutfit i5 5_0001001100_0_0_1'.
22:08:18: CP:C17.RCT.1037 says: "<:: da"
22:08:31: CP:C17.RCT.1037 says: "<:: хмммммм"
22:08:43: CP:C17.RCT.1037 has used '/CharSetCPOutfit i5 5_0001001102_0_0_1'.
22:08:50: CP:C17.RCT.1037 has used '/CharSetCPOutfit i5 5_000100112_0_0_1'.
22:08:54: CP:C17.RCT.1037 has used '/CharSetCPOutfit i5 5_000100113_0_0_1'.
22:09:02: CP:C17.RCT.1037 has used '/CharSetCPOutfit i5 5_000100115_0_0_1'.
22:09:08: CP:C17.RCT.1037 has used '/CharSetCPOutfit i5 5_000100116_0_0_1'.
22:09:54: CP:C17.RCT.1037 says: "<:: на месте стой"
22:10:04: CP:C17.RCT.1037 says: "<:: свечение убрать?"
22:10:10: CP:C17.RCT.1037 says: "<:: линз"
22:10:16: CP:C17.RCT.1037 says: "<:: убрать?"
22:10:45: CP:C17.RCT.1037 has used '/CharSetCPVisor i5 -2_-2_-2 1_3_1'.
22:11:25: CP:C17.RCT.1037 says: "<:: лови"
22:11:32: CP:C17.RCT.1037 has used '/CharGiveItem i4 armband_i5'.
22:11:38: CP:C17.RCT.1037 has gained a Armband: 'i5' 1458155509.
22:11:38: CP:C17.RCT.1037 has used '/CharGiveItem rct armband_i5'.
22:11:40: CP:C17.RCT.1037 has lost a Armband: 'i5' 1458155509.
22:11:40: CP:C17.RCT.1037 has used '/InvAction drop armband_i5 1458155509.00'.
22:11:47: CP:C17.i5.3040 has gained a Armband: 'i5' 1458155509.
22:11:56: CP:C17.i2.0328 has used '/Observer'.
22:11:56: CP:C17.RCT.1037 says: "<:: use"
22:11:58: CP:C17.i2.0328 has used '/Observer'.
22:11:59: CP:C17.RCT.1037 says: "<:: юзай"
22:12:14: CP:C17.i5.3040 has used '/InvAction use cp_advanced_special 1458155203.00'.
22:12:18: CP:C17.i5.3040 has used '/InvAction drop cp_advanced_special 1458155203.00'.
22:12:21: CP:C17.RCT.1037 says: "<:: выкинь его"
22:12:22: CP:C17.i5.3040 has lost a Set of Civil Protection outfit: Advanced 'Special' 1458155203.
22:12:22: CP:C17.i5.3040 has used '/InvAction drop cp_advanced_special 1458155203.00'.
22:12:27: CP:C17.RCT.1037 has used '/CharSetCPVisor i5 -2_-2_-2 1_3_1'.
22:12:42: CP:C17.RCT.1037 has used '/CharSetCPOutfit i5 5_000100116_0_0_1'.
22:12:46: CP:C17.i5.3040 has used '/InvAction use armband_i5 1458155509.00'.
22:12:54: CP:C17.RCT.1037 has used '/CharSetCPOutfit i5 5_000100116_0_0_1'.
22:13:07: CP:C17.RCT.1037 says: "<:: все впорядке"
22:13:27: CP:C17.RCT.1037 says: "<:: нит их незя убиват"
22:15:30: CP:C17.RCT.1037 says: "<:: rju"
22:15:31: CP:C17.RCT.1037 says: "<:: кого?"
22:15:52: CP:C17.RCT.1037 has used '/SetTokens i5 10000'.
22:15:56: CP:C17.i5.3040 has gained a MP7 1458155768.
22:16:01: CP:C17.i5.3040 has gained a USP Match 1458155774.
22:16:04: CP:C17.i5.3040 has gained a Smoke 1458155778.
22:16:07: CP:C17.i5.3040 has gained a SMG Bullets 1458155782.
22:16:08: CP:C17.i5.3040 has gained a SMG Bullets 1458155784.
22:16:28: CP:C17.i5.3040 has lost a MP7 1458155768.
22:16:28: CP:C17.i5.3040 has used '/InvAction use sxbase_mp7 1458155768.00'.
22:16:30: CP:C17.i5.3040 has lost a USP Match 1458155774.
22:16:30: CP:C17.i5.3040 has used '/InvAction use sxbase_uspmatch 1458155774.00'.
22:16:32: CP:C17.i5.3040 has lost a Smoke 1458155778.
22:16:32: CP:C17.i5.3040 has used '/InvAction use cw_smokegrenade 1458155778.00'.
22:17:12: CP:C17.RCT.1037 says: "<:: nb[f"
22:17:13: CP:C17.RCT.1037 says: "<:: stoy"
22:17:13: CP:C17.i5.3040 (STEAM_0:1:37316814) has disconnected.
22:17:15: CP:C17.RCT.1037 says: "<:: bla"
22:18:52: CP:C17.i2.0328 (STEAM_0:0:34008601) has disconnected.
22:18:57: CP:C17.RCT.1037 (STEAM_0:1:44629398) has disconnected.
22:27:58: SchωarzKruppzo (STEAM_0:1:44629398) has connected.
22:30:36: SchωarzKruppzo has loaded the character 'CP:C17.i4.0981'.
22:30:47: CP:C17.i4.0981 has used '/Observer'.
22:30:48: CP:C17.i4.0981 has used '/Observer'.
22:30:54: CP:C17.i4.0981 has used '/Observer'.
22:30:56: CP:C17.i4.0981 has used '/Observer'.
22:31:20: CP:C17.i4.0981 has gained a Paper 1458129414.
22:31:20: CP:C17.i4.0981 has used '/InvAction use paper 1458129414'.
22:31:20: CP:C17.i4.0981 has lost a Paper 1458129414.
22:46:12: 4v4t4r (STEAM_0:0:47365111) has connected.
22:47:19: 4v4t4r has loaded the character 'CP:C17.OfC.0303'.
22:47:44: [OOC] CP:C17.OfC.0303: щас в дискорд зайду)
22:47:45: CP:C17.OfC.0303 has used '/Observer'.
22:47:46: CP:C17.i4.0981 has used '/PlyBring ofc'.
22:47:46: CP:C17.OfC.0303 has used '/Observer'.
22:47:47: CP:C17.OfC.0303 has used '/Observer'.
22:47:48: CP:C17.i4.0981 has used '/PlyBring ofc'.
22:47:48: CP:C17.OfC.0303 has used '/Observer'.
22:48:03: CP:C17.i4.0981 says: "<:: ну вообще экипировка не засейвится потому что"
22:48:14: CP:C17.i4.0981 says: "<:: эту базу данных я никак не смогу запихать"
22:48:18: CP:C17.i4.0981 says: "<:: на завтрашний сервер"
22:48:21: CP:C17.OfC.0303 says: "<:: ("
22:48:22: CP:C17.i4.0981 says: "<:: поэтому мы просто посмотрим"
22:48:28: CP:C17.OfC.0303 says: "<:: ок"
22:48:29: CP:C17.OfC.0303 says: "<:: щас "
22:48:49: CP:C17.i4.0981 has used '/CharSetModel ofc models/metropolice/c08.mdl'.
22:49:04: CP:C17.OfC.0303 says: "<:: Стандарт пиздато выглядит."
22:49:06: CP:C17.OfC.0303 says: "<:: Ей богу"
22:49:08: CP:C17.i4.0981 has used '/CharSetCPOutfit ofc 0_0000000000_0_0_0'.
22:49:14: CP:C17.i4.0981 has used '/CharSetCPOutfit ofc 0_0000000000_0_0_0'.
22:49:25: CP:C17.i4.0981 has used '/CharSetCPOutfit ofc 0_0010000000_0_0_0'.
22:49:29: CP:C17.i4.0981 has used '/CharSetCPOutfit ofc 0_0010000005_0_0_0'.
22:49:32: CP:C17.i4.0981 has used '/CharSetCPOutfit ofc 0_001000005_0_0_0'.
22:49:35: CP:C17.i4.0981 has used '/CharSetCPOutfit ofc 0_001000004_0_0_0'.
22:49:40: CP:C17.i4.0981 has used '/CharSetCPOutfit ofc 0_001000007_0_0_0'.
22:49:43: CP:C17.i4.0981 has used '/CharSetCPOutfit ofc 0_001000006_0_0_0'.
22:49:51: CP:C17.i4.0981 has used '/CharSetCPOutfit ofc 0_001000006_0_1_0'.
22:49:53: CP:C17.i4.0981 has used '/CharSetCPOutfit ofc 0_001000006_0_2_0'.
22:50:05: CP:C17.i4.0981 has used '/CharSetCPOutfit ofc 0_001000006_0_2_1'.
22:50:14: CP:C17.OfC.0303 has lost a MP7 1457783444.
22:50:14: CP:C17.OfC.0303 has used '/InvAction use sxbase_mp7 1457783444.00'.
22:50:16: CP:C17.i4.0981 says: "<:: пока визоры трогать не будем"
22:50:19: CP:C17.OfC.0303 says: "<:: кк"
22:50:26: CP:C17.i4.0981 says: "<:: это первый вариант"
22:50:39: CP:C17.i4.0981 has used '/CharSetCPOutfit ofc 0_001000001_0_0_1'.
22:51:03: CP:C17.i4.0981 says: "<:: чо ?"
22:51:09: CP:C17.OfC.0303 says: "<:: еще есть7"
22:51:14: CP:C17.i4.0981 has used '/CharSetCPOutfit ofc 0_001000002_0_0_1'.
22:51:27: CP:C17.OfC.0303 says: "<:: хрю хрю"
22:51:28: CP:C17.i4.0981 has used '/CharSetCPOutfit ofc 0_001000002_0_0_1'.
22:51:31: CP:C17.i4.0981 has used '/CharSetCPOutfit ofc 0_001000003_0_0_1'.
22:51:34: CP:C17.i4.0981 has used '/CharSetCPOutfit ofc 0_001000005_0_0_1'.
22:51:41: CP:C17.i4.0981 has used '/CharSetCPOutfit ofc 0_001000000_0_0_1'.
22:51:48: CP:C17.i4.0981 has used '/CharSetCPOutfit ofc 0_001000001_0_0_1'.
22:51:51: CP:C17.OfC.0303 says: "<:: думаю вот такие крч"
22:51:53: CP:C17.OfC.0303 says: "<:: типа таких"
22:51:55: CP:C17.i4.0981 has used '/CharSetCPOutfit ofc 1_001000000_0_0_1'.
22:52:00: CP:C17.OfC.0303 says: "<:: для i1-i5 подходит"
22:52:04: CP:C17.i4.0981 says: "<:: угу"
22:52:09: CP:C17.i4.0981 has used '/CharSetCPOutfit ofc 6_001000000_0_0_1'.
22:52:13: CP:C17.i4.0981 has used '/CharSetCPOutfit ofc 7_001000000_0_0_1'.
22:52:19: CP:C17.i4.0981 has used '/CharSetCPOutfit ofc 8_001000000_0_0_1'.
22:52:22: CP:C17.i4.0981 has used '/CharSetCPOutfit ofc 9_001000000_0_0_1'.
22:52:31: CP:C17.OfC.0303 says: "<:: Зеленая найс, по сути"
22:52:36: CP:C17.i4.0981 says: "<:: капитаны у нас были с красными знаками были раньше"
22:52:43: CP:C17.i4.0981 says: "<:: можно зеленые сделать"
22:52:43: CP:C17.OfC.0303 says: "<:: Так и оставимм?"
22:52:59: CP:C17.i4.0981 says: "<:: попробуем сделать зеленый SET"
22:53:01: CP:C17.OfC.0303 says: "<:: Хотя красный цвет под кэпов лучше"
22:53:03: CP:C17.OfC.0303 says: "<:: ок"
22:53:08: CP:C17.i4.0981 has used '/CharSetCPOutfit ofc 8_001000000_0_0_1'.
22:53:11: CP:C17.i4.0981 has used '/CharSetCPOutfit ofc 7_001000000_0_0_1'.
22:53:20: CP:C17.i4.0981 has used '/CharSetCPOutfit ofc 7_001000004_0_0_1'.
22:53:23: CP:C17.i4.0981 has used '/CharSetCPOutfit ofc 7_001000003_0_0_1'.
22:53:31: CP:C17.i4.0981 has used '/CharSetCPOutfit ofc 7_001100003_0_0_1'.
22:53:34: CP:C17.i4.0981 has used '/CharSetCPOutfit ofc 7_001110003_0_0_1'.
22:53:40: CP:C17.i4.0981 has used '/CharSetCPOutfit ofc 7_00100003_0_0_1'.
22:53:44: CP:C17.i4.0981 has used '/CharSetCPOutfit ofc 7_00110003_0_0_1'.
22:53:45: CP:C17.OfC.0303 has lost a M9 Beretta 1457453660.
22:53:45: CP:C17.OfC.0303 has used '/InvAction use sxbase_m9 1457453660.00'.
22:53:52: CP:C17.i4.0981 has used '/CharSetCPOutfit ofc 7_00110013_0_0_1'.
22:54:11: CP:C17.i4.0981 says: "<:: не очень разгрузка?"
22:54:17: CP:C17.OfC.0303 says: "<:: вроде так себе"
22:54:19: CP:C17.i4.0981 has used '/CharSetCPOutfit ofc 7_00110003_0_0_1'.
22:54:35: CP:C17.i4.0981 has used '/CharSetCPOutfit ofc 7_00110003_0_0_1'.
22:54:35: CP:C17.OfC.0303 says: "<:: Лучше без разгрузки"
22:54:40: CP:C17.OfC.0303 says: "<:: Просто жилет, типо такого"
22:54:43: CP:C17.i4.0981 has used '/CharSetCPOutfit ofc 7_10110003_0_0_1'.
22:54:46: CP:C17.i4.0981 has used '/CharSetCPOutfit ofc 7_00110003_0_0_1'.
22:54:51: CP:C17.i4.0981 has used '/CharSetCPOutfit ofc 7_00110004_0_0_1'.
22:54:54: CP:C17.i4.0981 has used '/CharSetCPOutfit ofc 7_00110005_0_0_1'.
22:54:56: CP:C17.OfC.0303 says: "<:: вот это средний кевлар ведь?"
22:55:03: CP:C17.OfC.0303 says: "<:: который сейчас стоит"
22:55:05: CP:C17.i4.0981 has used '/CharSetCPOutfit ofc 7_001100005_0_0_1'.
22:55:17: CP:C17.i4.0981 says: "<:: средние и тяжелые кевлары я думаю стоит отменить"
22:55:20: CP:C17.i4.0981 says: "<:: мы в городских условиях"
22:55:22: CP:C17.OfC.0303 says: "<:: Ага"
22:55:27: CP:C17.i4.0981 has used '/CharSetCPOutfit ofc 7_001100004_0_0_1'.
22:55:28: CP:C17.OfC.0303 says: "<:: Средний в крайняк"
22:55:30: CP:C17.i4.0981 has used '/CharSetCPOutfit ofc 7_001100008_0_0_1'.
22:55:35: CP:C17.i4.0981 has used '/CharSetCPOutfit ofc 7_001100006_0_0_1'.
22:55:43: CP:C17.i4.0981 has used '/CharSetCPOutfit ofc 7_001100006_0_2_1'.
22:55:50: CP:C17.i4.0981 has used '/CharSetCPOutfit ofc 7_001100006_0_1_1'.
22:55:59: CP:C17.OfC.0303 says: "<:: Можешь сделать меня полностью черным?"
22:56:00: CP:C17.i4.0981 has used '/CharSetCPOutfit ofc 7_001100006_0_1_1'.
22:56:04: CP:C17.OfC.0303 says: "<:: Подстать маске?"
22:56:07: CP:C17.i4.0981 says: "<:: сек"
22:56:12: CP:C17.i4.0981 says: "<:: повернись назад"
22:56:14: CP:C17.OfC.0303 has lost a 9mm Pistol Bullets 1458068631.
22:56:14: CP:C17.OfC.0303 has used '/InvAction use ammo_pistol 1458068631.00'.
22:56:14: CP:C17.OfC.0303 has lost a 9mm Pistol Bullets 1458068632.
22:56:14: CP:C17.OfC.0303 has used '/InvAction use ammo_pistol 1458068632.00'.
22:56:18: CP:C17.i4.0981 says: "<:: и ровно встань"
22:56:21: CP:C17.i4.0981 has used '/Observer'.
22:56:29: CP:C17.i4.0981 has used '/CharSetCPOutfit ofc 7_001100006_1_1_1'.
22:56:32: CP:C17.i4.0981 says: "<:: не вдигайс"
22:56:34: CP:C17.i4.0981 says: "<:: не двигайся"
22:56:34: CP:C17.OfC.0303 says: "<:: rr"
22:56:40: CP:C17.i4.0981 has used '/CharSetCPOutfit ofc 7_001100006_2_1_1'.
22:56:48: CP:C17.i4.0981 has used '/CharSetCPOutfit ofc 4_001100006_2_1_1'.
22:56:51: CP:C17.i4.0981 has used '/CharSetCPOutfit ofc 3_001100006_2_1_1'.
22:56:54: CP:C17.i4.0981 has used '/CharSetCPOutfit ofc 2_001100006_2_1_1'.
22:56:57: CP:C17.i4.0981 has used '/CharSetCPOutfit ofc 6_001100006_2_1_1'.
22:57:05: CP:C17.i4.0981 has used '/CharSetCPOutfit ofc 9_001100006_2_1_1'.
22:57:08: CP:C17.i4.0981 has used '/CharSetCPOutfit ofc 11_001100006_2_1_1'.
22:57:12: CP:C17.i4.0981 has used '/Observer'.
22:57:15: CP:C17.i4.0981 says: "<:: повернись XD"
22:57:25: CP:C17.i4.0981 says: "<:: Борман"
22:57:26: CP:C17.i4.0981 says: "<:: из СС"
22:57:28: CP:C17.OfC.0303 says: "<:: Ленту можно другую?"
22:57:34: CP:C17.i4.0981 says: "<:: щас"
22:57:43: CP:C17.OfC.0303 says: "<:: Яркую нужно ленточку"
22:57:59: CP:C17.OfC.0303 says: "<:: Юбка не оч, я же не паршивый офс терь)))))))))))))"
22:58:10: CP:C17.i4.0981 has used '/CharSetCPOutfit ofc 11_000100006_2_1_1'.
22:58:24: CP:C17.i4.0981 has used '/CharSetCPArmband ofc (255,255,255)_2_(183,48,41,250)_1_(160,188,176,200)_17'.
22:58:28: CP:C17.i4.0981 has used '/CharSetCPArmband ofc (255,255,255)_2_(183,48,41,250)_1_(160,188,176,200)_12'.
22:58:30: CP:C17.OfC.0303 says: "<:: Феникс"
22:58:32: CP:C17.i4.0981 has used '/CharSetCPArmband ofc (255,255,255)_2_(183,48,41,250)_1_(160,188,176,200)_10'.
22:58:37: CP:C17.i4.0981 says: "<:: чо феникс?"
22:58:43: CP:C17.i4.0981 has used '/CharSetCPArmband ofc (255,255,255)_2_(183,48,41,250)_1_(160,188,176,200)_2'.
22:58:46: CP:C17.i4.0981 has used '/CharSetCPArmband ofc (255,255,255)_2_(183,48,41,250)_1_(160,188,176,200)_5'.
22:58:48: CP:C17.OfC.0303 says: "<:: Ну, в обычном метрополисе"
22:58:53: CP:C17.OfC.0303 says: "<:: феникс так выглядит"
22:58:58: CP:C17.OfC.0303 says: "<:: НИХУЯ РАНГ ВПИСАН"
22:58:59: CP:C17.OfC.0303 says: "<:: ЕБАТЬ"
22:59:04: CP:C17.i4.0981 says: "<:: ты чо не знал чтоли?"
22:59:05: CP:C17.i4.0981 says: "<:: ЧВ"
22:59:08: CP:C17.OfC.0303 says: "<:: нет)"
22:59:18: CP:C17.i4.0981 says: "<:: у каждого будет свой ранг вписан теперь"
22:59:21: CP:C17.OfC.0303 says: "<:: найс"
22:59:32: CP:C17.OfC.0303 says: "<:: можно тогда вообще в имени званине не вписывать"
22:59:33: CP:C17.i4.0981 has used '/CharSetCPArmband ofc (255,255,255)_3_(183,48,41,250)_1_(160,188,176,200)_5'.
22:59:37: CP:C17.i4.0981 says: "<:: стой встань ровно"
22:59:47: CP:C17.i4.0981 has used '/CharSetCPArmband ofc (255,255,255)_4_(183,48,41,250)_1_(160,188,176,200)_5'.
22:59:50: CP:C17.i4.0981 has used '/CharSetCPArmband ofc (255,255,255)_5_(183,48,41,250)_1_(160,188,176,200)_5'.
22:59:56: CP:C17.i4.0981 has used '/CharSetCPArmband ofc (255,255,255)_6_(183,48,41,250)_1_(160,188,176,200)_5'.
23:00:00: CP:C17.i4.0981 has used '/CharSetCPArmband ofc (255,255,255)_7_(183,48,41,250)_1_(160,188,176,200)_5'.
23:00:04: CP:C17.i4.0981 has used '/CharSetCPArmband ofc (255,255,255)_9_(183,48,41,250)_1_(160,188,176,200)_5'.
23:00:09: CP:C17.i4.0981 has used '/CharSetCPArmband ofc (255,255,255)_10_(183,48,41,250)_1_(160,188,176,200)_5'.
23:00:14: CP:C17.i4.0981 has used '/CharSetCPArmband ofc (255,255,255)_11_(183,48,41,250)_1_(160,188,176,200)_5'.
23:00:16: CP:C17.OfC.0303 says: "<:: Бардовый фон заебись"
23:00:27: CP:C17.i4.0981 has used '/CharSetCPArmband ofc (255,0,0)_11_(183,48,41,250)_1_(160,188,176,200)_5'.
23:00:31: CP:C17.i4.0981 has used '/CharSetCPArmband ofc (255,0,0)_12_(183,48,41,250)_1_(160,188,176,200)_5'.
23:00:37: CP:C17.i4.0981 has used '/CharSetCPArmband ofc (255,0,0)_1_(183,48,41,250)_1_(160,188,176,200)_5'.
23:00:41: CP:C17.i4.0981 has used '/CharSetCPArmband ofc (255,0,0)_2_(183,48,41,250)_1_(160,188,176,200)_5'.
23:00:44: CP:C17.i4.0981 has used '/CharSetCPArmband ofc (255,0,0)_3_(183,48,41,250)_1_(160,188,176,200)_5'.
23:00:48: CP:C17.i4.0981 has used '/CharSetCPArmband ofc (255,0,0)_4_(183,48,41,250)_1_(160,188,176,200)_5'.
23:00:52: CP:C17.i4.0981 has used '/CharSetCPArmband ofc (255,0,0)_5_(183,48,41,250)_1_(160,188,176,200)_5'.
23:00:56: CP:C17.i4.0981 has used '/CharSetCPArmband ofc (255,0,0)_6_(183,48,41,250)_1_(160,188,176,200)_5'.
23:00:58: CP:C17.i4.0981 has used '/CharSetCPArmband ofc (255,0,0)_6_(183,48,41,250)_1_(160,188,176,200)_5'.
23:01:02: CP:C17.i4.0981 says: "<:: секунду ща"
23:01:10: CP:C17.OfC.0303 says: "<:: CP:C17.CpT:0666"
23:01:54: CP:C17.i4.0981 has used '/CharSetCPArmband ofc (255,0,0)_8_(183,48,41,250)_1_(160,188,176,200)_5'.
23:01:56: CP:C17.i4.0981 has used '/CharSetCPArmband ofc (255,0,0)_8_(183,48,41,250)_1_(160,188,176,200)_5'.
23:02:07: CP:C17.OfC.0303 says: "<:: фашик"
23:02:08: CP:C17.i4.0981 has used '/CharSetCPArmband ofc (255,0,0)_8_(183,48,41,250)_1_(160,188,176,200)_5'.
23:02:10: CP:C17.OfC.0303 says: "<:: )"
23:02:13: CP:C17.i4.0981 has used '/CharSetCPArmband ofc (255,255,0)_8_(183,48,41,250)_1_(160,188,176,200)_5'.
23:02:16: CP:C17.i4.0981 says: "<:: паносник"
23:02:18: CP:C17.OfC.0303 says: "<:: украинец"
23:02:25: CP:C17.i4.0981 has used '/CharSetCPArmband ofc (255,0,255)_8_(183,48,41,250)_1_(160,188,176,200)_5'.
23:02:29: CP:C17.OfC.0303 says: "<:: сепаратист кек"
23:02:30: CP:C17.OfC.0303 says: "<:: гей"
23:02:34: CP:C17.i4.0981 has used '/CharSetCPArmband ofc (0,0,255)_8_(183,48,41,250)_1_(160,188,176,200)_5'.
23:02:43: CP:C17.OfC.0303 says: "<:: Бля, синий найс так то"
23:02:49: CP:C17.i4.0981 has used '/CharSetCPArmband ofc (0,50,255)_8_(183,48,41,250)_1_(160,188,176,200)_5'.
23:02:52: CP:C17.i4.0981 has used '/CharSetCPArmband ofc (0,50,255)_8_(183,48,41,250)_1_(160,188,176,200)_5'.
23:02:57: CP:C17.i4.0981 says: "<:: щас корректировать будем синий"
23:03:01: CP:C17.i4.0981 has used '/CharSetCPArmband ofc (0,150,255)_8_(183,48,41,250)_1_(160,188,176,200)_5'.
23:03:02: CP:C17.OfC.0303 has gained a Paper 1458129414.
23:03:02: CP:C17.OfC.0303 has used '/InvAction use paper 1458129414'.
23:03:02: CP:C17.OfC.0303 has lost a Paper 1458129414.
23:03:09: CP:C17.i4.0981 has used '/CharSetCPArmband ofc (50,110,255)_8_(183,48,41,250)_1_(160,188,176,200)_5'.
23:03:14: CP:C17.i4.0981 has used '/CharSetCPArmband ofc (10,110,255)_8_(183,48,41,250)_1_(160,188,176,200)_5'.
23:03:18: CP:C17.i4.0981 has used '/CharSetCPArmband ofc (10,110,155)_8_(183,48,41,250)_1_(160,188,176,200)_5'.
23:03:25: CP:C17.i4.0981 has used '/CharSetCPArmband ofc (10,10,100)_8_(183,48,41,250)_1_(160,188,176,200)_5'.
23:03:30: CP:C17.i4.0981 has used '/CharSetCPArmband ofc (10,10,200)_8_(183,48,41,250)_1_(160,188,176,200)_5'.
23:03:35: CP:C17.i4.0981 has used '/CharSetCPArmband ofc (10,50,200)_8_(183,48,41,250)_1_(160,188,176,200)_5'.
23:03:44: CP:C17.i4.0981 says: "<:: ну допустим такой"
23:03:47: CP:C17.OfC.0303 says: "<:: угу"
23:03:47: CP:C17.i4.0981 says: "<:: теперь встань ровно"
23:04:02: CP:C17.i4.0981 has used '/CharSetCPArmband ofc (10,50,200)_8_(183,48,41,250)_1_(255,255,255,200)_5'.
23:04:14: CP:C17.i4.0981 has used '/CharSetCPArmband ofc (10,50,200)_8_(183,48,41,250)_1_(200,255,255,200)_5'.
23:04:23: CP:C17.i4.0981 has used '/CharSetCPArmband ofc (10,50,200)_8_(183,48,41,250)_1_(200,255,200,200)_5'.
23:04:30: CP:C17.i4.0981 has used '/CharSetCPArmband ofc (10,50,200)_8_(183,48,41,250)_1_(200,215,250,200)_5'.
23:04:43: CP:C17.i4.0981 has used '/CharSetCPArmband ofc (10,50,200)_8_(183,48,41,250)_1_(195,200,250,200)_5'.
23:04:49: CP:C17.OfC.0303 says: "<:: окуляры насторил?"
23:04:50: CP:C17.i4.0981 has used '/CharSetCPArmband ofc (10,50,200)_8_(255,48,41,250)_1_(195,200,250,200)_5'.
23:04:58: CP:C17.i4.0981 has used '/CharSetCPArmband ofc (10,50,200)_8_(255,48,41,255)_1_(195,200,250,200)_5'.
23:05:07: CP:C17.i4.0981 has used '/CharSetCPArmband ofc (10,50,200)_8_(0,255,41,255)_1_(195,200,250,200)_5'.
23:05:19: CP:C17.i4.0981 has used '/CharSetCPArmband ofc (10,50,200)_8_(0,255,0,255)_1_(195,200,250,200)_5'.
23:05:21: CP:C17.i4.0981 says: "<:: годно?"
23:05:26: CP:C17.i4.0981 has used '/CharSetCPArmband ofc (10,50,200)_8_(0,255,255,255)_1_(195,200,250,200)_5'.
23:05:33: CP:C17.OfC.0303 says: "<:: Ты кругляшок поменял?"
23:05:35: CP:C17.i4.0981 says: "<:: да"
23:05:47: CP:C17.OfC.0303 says: "<:: можно черный или просто без него?"
23:05:55: CP:C17.i4.0981 has used '/CharSetCPArmband ofc (10,50,200)_8_(0,0,0,255)_1_(195,200,250,200)_5'.
23:06:03: CP:C17.i4.0981 says: "<:: черный"
23:06:08: CP:C17.OfC.0303 says: "<:: ок"
23:06:13: CP:C17.OfC.0303 says: "<:: окулярчики меняем?"
23:06:29: CP:C17.i4.0981 says: "<:: есть ли смысл в светящихся окулярах для тебя?"
23:06:35: CP:C17.i4.0981 says: "<:: передних я имею ввиду"
23:06:38: CP:C17.OfC.0303 says: "<:: Не знаю."
23:06:48: CP:C17.i4.0981 says: "<:: ща посмотрм"
23:07:03: CP:C17.OfC.0303 says: "<:: Ну тогда и повязка должна быть черной, раз асасин) кек"
23:07:04: CP:C17.i4.0981 has used '/CharSetCPVisor ofc 0_0_0 0_0_0'.
23:07:06: CP:C17.i4.0981 has used '/CharSetCPVisor ofc 0_0_0 0_0_0'.
23:07:12: CP:C17.i4.0981 has used '/CharSetCPVisor ofc 0_0_0 5_0_0'.
23:07:18: CP:C17.i4.0981 has used '/CharSetCPVisor ofc 0_0_5 5_0_0'.
23:07:23: CP:C17.i4.0981 has used '/CharSetCPVisor ofc 0_5_5 5_0_0'.
23:07:26: CP:C17.i4.0981 says: "<:: jq"
23:07:27: CP:C17.i4.0981 says: "<:: ой"
23:07:28: CP:C17.i4.0981 says: "<:: ща"
23:07:32: CP:C17.OfC.0303 says: "<:: ебать"
23:07:33: CP:C17.OfC.0303 says: "<:: НЛО"
23:07:50: CP:C17.i4.0981 has used '/CharSetCPVisor ofc 0_5_5 5_0_0'.
23:07:56: CP:C17.i4.0981 has used '/CharSetCPVisor ofc 0_2_2 5_0_0'.
23:08:02: CP:C17.i4.0981 has used '/CharSetCPVisor ofc 0_0_2 5_0_0'.
23:08:06: CP:C17.i4.0981 has used '/CharSetCPVisor ofc 0_1_2 5_0_0'.
23:08:12: CP:C17.i4.0981 has used '/CharSetCPVisor ofc 0_1_2 5_0_0'.
23:08:13: CP:C17.OfC.0303 says: "<:: во так прикольно"
23:08:15: CP:C17.OfC.0303 says: "<:: голубенкий"
23:08:16: CP:C17.i4.0981 has used '/CharSetCPVisor ofc 0_1_2 5_0_0'.
23:08:21: CP:C17.i4.0981 has used '/CharSetCPVisor ofc 1_1_2 5_0_0'.
23:08:27: CP:C17.i4.0981 has used '/CharSetCPVisor ofc 0.5_1_2 5_0_0'.
23:08:30: CP:C17.i4.0981 has used '/CharSetCPVisor ofc 0.1_1_2 5_0_0'.
23:08:34: CP:C17.i4.0981 has used '/CharSetCPVisor ofc 0.25_1_2 5_0_0'.
23:08:39: CP:C17.i4.0981 has used '/CharSetCPVisor ofc 0.25_1_3 5_0_0'.
23:08:44: CP:C17.i4.0981 has used '/CharSetCPVisor ofc 0.25_1.5_3 5_0_0'.
23:09:10: CP:C17.i4.0981 has used '/CharSetCPVisor ofc 3_1.5_0 5_0_0'.
23:09:26: CP:C17.OfC.0303 says: "<:: я буду единственным кпт? если да, то надо быть типо надзирателем в рядах ГО."
23:09:30: CP:C17.OfC.0303 says: "<:: райт?"
23:09:41: CP:C17.i4.0981 says: "<:: в тебе сейчас слишком много холодных тонов. надо окуляры теплого цвета делать"
23:09:50: CP:C17.OfC.0303 says: "<:: )"
23:09:55: CP:C17.i4.0981 has used '/CharSetCPVisor ofc 3_2_0 5_0_0'.
23:10:03: CP:C17.OfC.0303 says: "<:: повязку тогда лучше серую, если есть такая"
23:10:05: CP:C17.i4.0981 has used '/CharSetCPVisor ofc 3_1.8_-1 5_0_0'.
23:10:09: CP:C17.i4.0981 has used '/CharSetCPVisor ofc 3_1.8_-4 5_0_0'.
23:10:11: CP:C17.OfC.0303 says: "<:: синия как-то уже не очень."
23:10:16: CP:C17.i4.0981 has used '/CharSetCPVisor ofc 3_1.8_2 5_0_0'.
23:10:19: CP:C17.i4.0981 has used '/CharSetCPVisor ofc 3_1.8_0 5_0_0'.
23:10:29: CP:C17.i4.0981 has used '/CharSetCPVisor ofc 3_1.8_-0.5 5_0_0'.
23:10:35: CP:C17.i4.0981 has used '/CharSetCPVisor ofc 3_1.8_0 5_0_0'.
23:10:43: CP:C17.i4.0981 has used '/CharSetCPVisor ofc 3_1_0 5_0_0'.
23:10:52: CP:C17.i4.0981 has used '/CharSetCPVisor ofc 4_1_0 5_0_0'.
23:10:56: CP:C17.i4.0981 has used '/CharSetCPVisor ofc 4_1_-10 5_0_0'.
23:11:01: CP:C17.i4.0981 has used '/CharSetCPVisor ofc 4_-1_-1 5_0_0'.
23:11:10: CP:C17.i4.0981 has used '/CharSetCPVisor ofc 4_0_-1 5_0_0'.
23:11:16: CP:C17.i4.0981 has used '/CharSetCPVisor ofc 4_0.5_-1 5_0_0'.
23:11:21: CP:C17.i4.0981 has used '/CharSetCPVisor ofc 4_1_-1 5_0_0'.
23:11:27: CP:C17.i4.0981 has used '/CharSetCPVisor ofc 4_1_-0.2 5_0_0'.
23:11:35: CP:C17.i4.0981 has used '/CharSetCPVisor ofc 4_1_0.2 5_0_0'.
23:11:38: CP:C17.i4.0981 has used '/CharSetCPVisor ofc 4_1_0 5_0_0'.
23:11:50: CP:C17.i4.0981 has used '/CharSetCPVisor ofc 4_1_0 5_2_0'.
23:11:55: CP:C17.i4.0981 has used '/CharSetCPVisor ofc 4_1_0 5_1_0'.
23:12:00: CP:C17.i4.0981 says: "<:: чот хз"
23:12:10: CP:C17.i4.0981 says: "<:: не очень вроде"
23:12:19: CP:C17.OfC.0303 says: "<:: ага"
23:12:22: CP:C17.OfC.0303 says: "<:: короч"
23:12:28: CP:C17.i4.0981 has used '/CharSetCPVisor ofc 0.25_1.5_3 5_1_0'.
23:12:32: CP:C17.OfC.0303 says: "<:: я буду просто черным-черным ахуевшим ГОшником"
23:12:44: CP:C17.i4.0981 has used '/CharSetCPVisor ofc 0.25_1.5_3 0_1_5'.
23:12:54: CP:C17.i4.0981 has used '/CharSetCPVisor ofc -2_-2_-2 0_1_5'.
23:13:16: CP:C17.OfC.0303 says: "<:: тут есть линзы?"
23:13:21: CP:C17.i4.0981 says: "<:: смысле"
23:13:33: CP:C17.OfC.0303 says: "<:: Вот так жесть пиздец, был бы ркт обосрался  бы)"
23:13:39: CP:C17.i4.0981 says: "<:: смотри"
23:13:42: CP:C17.i4.0981 says: "<:: CpT "
23:13:47: CP:C17.i4.0981 says: "<:: это"
23:13:55: CP:C17.OfC.0303 says: "<:: Я про внешний вид"
23:13:57: CP:C17.i4.0981 says: "<:: юнит отвечающий за весь личный состав"
23:14:04: CP:C17.i4.0981 says: "<:: за его работу"
23:14:19: CP:C17.i4.0981 says: "<:: и за успешное выполнение поставленных задач"
23:14:38: CP:C17.OfC.0303 says: "<:: начальник, отвечающий перед другими начальниками повыше"
23:14:41: CP:C17.OfC.0303 says: "<:: ты кстати дсп?"
23:14:47: CP:C17.OfC.0303 says: "<:: ДсП > CpT?"
23:15:15: CP:C17.i4.0981 says: "<:: выше CpT но он независимый"
23:15:27: CP:C17.i4.0981 says: "<:: он просто докладывает инфу"
23:15:30: CP:C17.i4.0981 says: "<:: с камер"
23:15:31: CP:C17.i4.0981 says: "<:: и тд"
23:15:40: CP:C17.OfC.0303 says: "<:: только i1-i5 имеею специлизацию?"
23:15:40: CP:C17.i4.0981 says: "<:: по идее так то"
23:15:55: CP:C17.i4.0981 says: "<:: от рекрута до CpT"
23:16:11: CP:C17.OfC.0303 says: "<:: По-моему это не правильно, хз"
23:16:22: CP:C17.i4.0981 says: "<:: точнее даже не так"
23:16:31: CP:C17.i4.0981 says: "<:: от рекрута до офицера"
23:16:53: CP:C17.i4.0981 says: "<:: а сам навык"
23:16:59: CP:C17.i4.0981 says: "<:: он зависит от ранга"
23:17:08: CP:C17.i4.0981 says: "<:: понятно что рекрут не будет 1337 медиком"
23:17:36: CP:C17.i4.0981 says: "<:: ну как униформа?"
23:17:45: CP:C17.OfC.0303 says: "<:: повязку думаю лучше серую"
23:17:49: CP:C17.OfC.0303 says: "<:: и все ок будет"
23:17:57: CP:C17.i4.0981 says: "<:: а вообще я могу с тобой быть капитаном"
23:18:00: CP:C17.i4.0981 says: "<:: вместе работать будем"
23:18:06: CP:C17.OfC.0303 says: "<:: почему бы и нет)"
23:18:24: CP:C17.OfC.0303 says: "<:: DsP как ранг отменяется?"
23:18:34: CP:C17.i4.0981 says: "<:: это должность скорее"
23:18:36: CP:C17.i4.0981 says: "<:: чем звание"
23:18:54: CP:C17.i4.0981 has used '/CharSetCPArmband ofc (10,50,200)_1_(0,0,0,255)_1_(195,200,250,200)_5'.
23:18:57: CP:C17.i4.0981 has used '/CharSetCPArmband ofc (10,50,200)_2_(0,0,0,255)_1_(195,200,250,200)_5'.
23:19:04: CP:C17.OfC.0303 says: "<:: Окэ"
23:19:09: CP:C17.OfC.0303 says: "<:: лучше так"
23:19:11: CP:C17.OfC.0303 says: "<:: серый найс"
23:19:18: CP:C17.i4.0981 says: "<:: ща погоди"
23:19:34: CP:C17.i4.0981 has used '/CharSetCPArmband ofc (255,255,255)_2_(183,48,41,250)_1_(160,188,176,200)_5'.
23:19:46: CP:C17.i4.0981 has used '/CharSetCPArmband ofc (255,255,255)_2_(0,0,0,250)_1_(160,188,176,200)_5'.
23:24:26: CP:C17.i4.0981 says: "<:: кстати"
23:24:32: CP:C17.i4.0981 says: "<:: можем щас занятся составлением заявки"
23:24:34: CP:C17.OfC.0303 says: "<:: "
23:24:37: CP:C17.i4.0981 says: "<:: на поступление в ГО"
23:24:39: CP:C17.OfC.0303 says: "<:: ok"
23:29:56: CP:C17.i4.0981 has used '/Observer'.
23:30:03: CP:C17.OfC.0303 has used '/Observer'.
23:30:09: CP:C17.i4.0981 has used '/Observer'.
23:30:25: CP:C17.OfC.0303 has used '/Observer'.
23:31:40: CP:C17.OfC.0303 has used '/Observer'.
23:31:43: CP:C17.OfC.0303 has used '/Observer'.
23:31:50: CP:C17.OfC.0303 has used '/Observer'.
23:31:55: CP:C17.OfC.0303 has used '/Observer'.
23:31:55: CP:C17.OfC.0303 has used '/Observer'.
23:31:56: CP:C17.OfC.0303 has used '/Observer'.
23:32:25: CP:C17.OfC.0303 has used '/Observer'.
23:32:27: CP:C17.OfC.0303 has used '/Observer'.
23:32:31: CP:C17.OfC.0303 has used '/Observer'.
23:32:35: CP:C17.OfC.0303 has used '/Observer'.
23:32:36: CP:C17.OfC.0303 has used '/Observer'.
23:32:36: CP:C17.OfC.0303 has used '/Observer'.
23:32:38: CP:C17.OfC.0303 has used '/Observer'.
23:32:38: CP:C17.OfC.0303 has used '/Observer'.
23:32:39: CP:C17.OfC.0303 has used '/Observer'.
23:32:39: CP:C17.OfC.0303 has used '/Observer'.
23:32:40: CP:C17.OfC.0303 has used '/Observer'.
23:32:40: CP:C17.OfC.0303 has used '/Observer'.
23:32:41: CP:C17.OfC.0303 has taken 12 damage from worldspawn, leaving them at 88 health and 150 armor!
23:32:49: CP:C17.OfC.0303 has used '/CharSetHealth CP:C17.OfC.0303'.
23:32:53: CP:C17.OfC.0303 has used '/Observer'.
23:32:53: CP:C17.OfC.0303 has used '/Observer'.
23:32:53: CP:C17.OfC.0303 has used '/Observer'.
23:32:54: CP:C17.OfC.0303 has used '/Observer'.
23:32:55: CP:C17.OfC.0303 has used '/Observer'.
23:32:57: CP:C17.OfC.0303 has used '/Observer'.
23:32:58: CP:C17.OfC.0303 has used '/Observer'.
23:32:58: CP:C17.OfC.0303 has used '/Observer'.
23:33:00: CP:C17.OfC.0303 has used '/Observer'.
23:33:00: CP:C17.OfC.0303 has used '/Observer'.
23:33:09: CP:C17.OfC.0303 has used '/Observer'.
23:33:09: CP:C17.OfC.0303 has used '/Observer'.
23:33:10: CP:C17.OfC.0303 has used '/Observer'.
23:33:13: CP:C17.OfC.0303 has used '/Observer'.
23:34:06: CP:C17.OfC.0303 has used '/Observer'.
23:34:37: CP:C17.OfC.0303 has used '/Observer'.
23:34:38: CP:C17.OfC.0303 has used '/Observer'.
23:34:46: CP:C17.OfC.0303 has used '/Observer'.
23:34:57: CP:C17.OfC.0303 has used '/Observer'.
23:35:17: CP:C17.OfC.0303 has used '/Observer'.
23:35:47: CP:C17.OfC.0303 has used '/Observer'.
23:35:51: CP:C17.OfC.0303 has used '/Observer'.
23:36:39: CP:C17.OfC.0303 has used '/Observer'.
23:36:40: CP:C17.OfC.0303 has used '/Observer'.
23:36:41: CP:C17.OfC.0303 has used '/Observer'.
23:36:42: CP:C17.OfC.0303 has used '/Observer'.
23:36:43: CP:C17.OfC.0303 has used '/Observer'.
23:36:43: CP:C17.OfC.0303 has used '/Observer'.
23:36:47: CP:C17.i4.0981 has used '/Observer'.
23:36:52: CP:C17.OfC.0303 has used '/Observer'.
23:36:52: CP:C17.OfC.0303 has used '/Observer'.
23:36:53: CP:C17.OfC.0303 has used '/Observer'.
23:36:54: CP:C17.OfC.0303 has used '/Observer'.
23:36:55: CP:C17.OfC.0303 has used '/Observer'.
23:37:01: CP:C17.OfC.0303 has used '/Observer'.
23:37:03: CP:C17.OfC.0303 has used '/Observer'.
23:37:24: CP:C17.OfC.0303 has used '/Observer'.
23:37:25: CP:C17.OfC.0303 has used '/Observer'.
23:37:26: CP:C17.OfC.0303 has used '/Observer'.
23:37:28: CP:C17.OfC.0303 has used '/Observer'.
23:37:46: CP:C17.OfC.0303 has used '/Observer'.
23:37:47: CP:C17.OfC.0303 has used '/Observer'.
23:38:12: CP:C17.OfC.0303 has used '/Observer'.
23:38:13: CP:C17.OfC.0303 has taken 12 damage from worldspawn, leaving them at 88 health and 150 armor!
23:38:55: CP:C17.OfC.0303 has used '/CharSetHealth CP:C17.OfC.0303'.
23:39:38: CP:C17.OfC.0303 has used '/Observer'.
23:39:41: CP:C17.OfC.0303 has used '/Observer'.
23:39:42: CP:C17.OfC.0303 has used '/Observer'.
23:39:42: CP:C17.OfC.0303 has used '/Observer'.
23:39:43: CP:C17.OfC.0303 has used '/Observer'.
23:39:46: CP:C17.OfC.0303 has used '/Observer'.
23:39:50: CP:C17.OfC.0303 has used '/Observer'.
23:39:53: CP:C17.OfC.0303 has used '/Observer'.
23:39:56: CP:C17.OfC.0303получил 61 из 130 с усилением 10 из-за чего выпало 71.
23:39:56: CP:C17.OfC.0303 has used '/Roll'.
23:39:56: CP:C17.OfC.0303 has used '/Observer'.
23:39:58: CP:C17.OfC.0303 has used '/Observer'.
23:39:59: CP:C17.OfC.0303 has used '/Observer'.
23:40:10: CP:C17.OfC.0303 has used '/Observer'.
23:40:38: CP:C17.OfC.0303 has used '/Observer'.
23:40:43: CP:C17.OfC.0303 has used '/Observer'.
23:41:55: CP:C17.OfC.0303 has used '/Observer'.
23:42:00: CP:C17.OfC.0303 has used '/Observer'.
23:42:59: CP:C17.OfC.0303 has used '/Observer'.
23:43:05: CP:C17.OfC.0303 has used '/Observer'.
23:43:06: CP:C17.OfC.0303 has used '/Observer'.
23:43:41: CP:C17.OfC.0303 has used '/Observer'.
23:44:35: CP:C17.i4.0981 has used '/Observer'.
23:44:36: CP:C17.i4.0981 has used '/Observer'.
23:44:37: CP:C17.i4.0981 has used '/Observer'.
23:44:39: CP:C17.i4.0981 has used '/Observer'.
23:44:42: CP:C17.i4.0981 has used '/Observer'.
23:44:42: CP:C17.i4.0981 has used '/Observer'.
23:44:46: CP:C17.i4.0981 has used '/Observer'.
23:45:30: CP:C17.OfC.0303 has used '/Observer'.
23:45:31: CP:C17.OfC.0303 has used '/Observer'.
23:45:49: CP:C17.OfC.0303 has used '/Observer'.
23:46:17: CP:C17.OfC.0303 has used '/Observer'.
23:48:19: CP:C17.i4.0981 has used '/Observer'.
23:48:44: CP:C17.i4.0981 has used '/Observer'.
23:48:45: CP:C17.OfC.0303 has used '/Observer'.
23:48:46: CP:C17.i4.0981 has used '/Observer'.
23:49:08: CP:C17.OfC.0303 has used '/Observer'.
23:49:10: CP:C17.OfC.0303 has used '/Observer'.
23:49:12: CP:C17.OfC.0303 has used '/Observer'.
23:49:31: CP:C17.OfC.0303 has used '/Observer'.
23:49:33: CP:C17.OfC.0303 has used '/Observer'.
23:49:36: CP:C17.OfC.0303 has used '/Observer'.
23:49:38: CP:C17.OfC.0303 has used '/Observer'.
23:50:18: CP:C17.i4.0981 has used '/Observer'.
23:50:18: CP:C17.i4.0981 has used '/Observer'.
23:50:23: CP:C17.i4.0981 has used '/Observer'.
23:50:29: CP:C17.i4.0981 has used '/Observer'.
23:50:30: CP:C17.i4.0981 has used '/Observer'.
23:50:31: CP:C17.i4.0981 has used '/Observer'.
23:51:39: CP:C17.i4.0981 has used '/Observer'.
23:51:55: CP:C17.i4.0981 has used '/Observer'.
23:52:09: CP:C17.i4.0981 has used '/Observer'.
23:52:54: CP:C17.OfC.0303 has used '/Observer'.
23:52:54: CP:C17.OfC.0303 has used '/Observer'.
23:53:00: CP:C17.OfC.0303 has used '/Observer'.
23:53:13: CP:C17.OfC.0303 has used '/Observer'.
23:53:22: CP:C17.OfC.0303 has used '/Observer'.
23:53:23: CP:C17.OfC.0303 has used '/Observer'.
23:53:32: CP:C17.OfC.0303 has taken 20 damage from worldspawn, leaving them at 80 health and 150 armor!
23:53:42: CP:C17.OfC.0303 has used '/CharSetHealth CP:C17.OfC.0303'.
23:54:01: CP:C17.i4.0981 has used '/Observer'.
23:54:06: CP:C17.CpT.0303 has used '/CharSetName ofc CP:C17.CpT.0303'.
23:54:23: CP:C17.CpT.0303 has used '/Observer'.
23:54:25: CP:C17.CpT.0303 has used '/Observer'.
23:55:23: CP:C17.CpT.0303 has used '/Observer'.
23:55:26: CP:C17.CpT.0303 has used '/Observer'.
23:55:43: CP:C17.CpT.0303 has used '/Observer'.
23:55:43: CP:C17.CpT.0303 has used '/Observer'.
23:55:44: CP:C17.CpT.0303 has used '/Observer'.
23:55:52: CP:C17.CpT.0303 has used '/Observer'.
23:56:32: CP:C17.CpT.0303 has used '/Observer'.
23:56:45: CP:C17.CpT.0303 has used '/Observer'.
23:56:46: CP:C17.CpT.0303 has used '/Observer'.
23:57:03: CP:C17.CpT.0303 has used '/Observer'.
23:57:45: CP:C17.CpT.0303 has used '/Observer'.
23:57:53: CP:C17.CpT.0303 has used '/Observer'.
23:57:55: CP:C17.CpT.0303 has used '/Observer'.
23:58:32: CP:C17.CpT.0303 has used '/Observer'.
23:58:33: CP:C17.CpT.0303 has used '/Observer'.
23:58:34: CP:C17.CpT.0303 has used '/Observer'.
23:58:36: CP:C17.CpT.0303 has used '/Observer'.
23:59:25: CP:C17.i4.0981 has used '/Observer'.
23:59:27: CP:C17.CpT.0303 has used '/Observer'.
