17:36:39: SchωarzKruppzo (STEAM_0:1:44629398) has connected.
17:42:37: SchωarzKruppzo (STEAM_0:1:44629398) has connected.
17:44:19: SchωarzKruppzo has loaded the character 'CP:C17.i4.0981'.
17:44:30: CP:C17.i4.0981 has used '/CharGiveItem i4 combine_lock'.
17:44:31: CP:C17.i4.0981 has used '/Observer'.
17:44:46: CP:C17.i4.0981 has used '/CharGiveItem i4 combine_access_lock'.
17:44:49: CP:C17.i4.0981 has gained a Combine Lock 1457621090.
17:44:49: CP:C17.i4.0981 has used '/CharGiveItem i4 combine lock'.
17:45:14: CP:C17.i4.0981 has lost a Combine Lock 1457621090.
17:45:14: CP:C17.i4.0981 has used '/InvAction use combine_lock_3 1457621090.00'.
17:45:18: CP:C17.i4.0981 has used '/Observer'.
17:48:01: CP:C17.i4.0981 has gained a Combine Lock 1457621283.
17:48:01: CP:C17.i4.0981 has used '/CharGiveItem i4 combine lock'.
17:48:05: CP:C17.i4.0981 has lost a Combine Lock 1457621283.
17:48:05: CP:C17.i4.0981 has used '/InvAction use combine_lock_3 1457621283.00'.
17:48:43: CP:C17.i4.0981 has gained a Combine Lock 1457621326.
17:48:43: CP:C17.i4.0981 has used '/CharGiveItem i4 combine lock'.
17:48:45: CP:C17.i4.0981 has lost a Combine Lock 1457621326.
17:48:45: CP:C17.i4.0981 has used '/InvAction use combine_lock_3 1457621326.00'.
17:49:00: CP:C17.i4.0981 has gained a Combine Lock 1457621344.
17:49:00: CP:C17.i4.0981 has used '/CharGiveItem i4 combine lock'.
17:49:01: CP:C17.i4.0981 has lost a Combine Lock 1457621344.
17:49:01: CP:C17.i4.0981 has used '/InvAction use combine_lock_3 1457621344.00'.
17:50:20: CP:C17.i4.0981 has gained a Combine Lock 1457621425.
17:50:21: CP:C17.i4.0981 has used '/CharGiveItem i4 combine lock'.
17:50:25: CP:C17.i4.0981 has lost a Combine Lock 1457621425.
17:50:25: CP:C17.i4.0981 has used '/InvAction use combine_lock_3 1457621425.00'.
17:50:40: CP:C17.i4.0981 has gained a Combine Lock 1457621446.
17:50:40: CP:C17.i4.0981 has used '/CharGiveItem i4 combine lock'.
17:50:42: CP:C17.i4.0981 has lost a Combine Lock 1457621446.
17:50:42: CP:C17.i4.0981 has used '/InvAction use combine_lock_3 1457621446.00'.
17:51:01: CP:C17.i4.0981 has gained a Combine Lock 1457621468.
17:51:01: CP:C17.i4.0981 has used '/CharGiveItem i4 combine lock'.
17:51:03: CP:C17.i4.0981 has lost a Combine Lock 1457621468.
17:51:03: CP:C17.i4.0981 has used '/InvAction use combine_lock_3 1457621468.00'.
17:51:17: CP:C17.i4.0981 has used '/GetFlags'.
17:51:23: CP:C17.i4.0981 has used '/GetFlags'.
17:51:25: CP:C17.i4.0981 has gained a Combine Lock 1457621493.
17:51:25: CP:C17.i4.0981 has used '/CharGiveItem i4 combine lock'.
17:51:27: CP:C17.i4.0981 has lost a Combine Lock 1457621493.
17:51:27: CP:C17.i4.0981 has used '/InvAction use combine_lock_3 1457621493.00'.
17:51:42: CP:C17.i4.0981 has used '/Observer'.
17:51:48: CP:C17.i4.0981 has used '/Observer'.
17:52:58: CP:C17.i4.0981 has gained a Combine Lock 1457621587.
17:52:58: CP:C17.i4.0981 has used '/CharGiveItem i4 combine lock'.
17:53:01: CP:C17.i4.0981 has lost a Combine Lock 1457621587.
17:53:01: CP:C17.i4.0981 has used '/InvAction use combine_lock_3 1457621587.00'.
17:53:30: CP:C17.i4.0981 has gained a Combine Lock 1457621620.
17:53:30: CP:C17.i4.0981 has used '/CharGiveItem i4 combine lock'.
17:53:33: CP:C17.i4.0981 has lost a Combine Lock 1457621620.
17:53:33: CP:C17.i4.0981 has used '/InvAction use combine_lock_3 1457621620.00'.
17:53:37: CP:C17.i4.0981 has used '/Observer'.
17:53:54: CP:C17.i4.0981 has used '/Observer'.
17:53:54: CP:C17.i4.0981 has used '/Observer'.
17:53:54: CP:C17.i4.0981 has used '/Observer'.
17:53:58: CP:C17.i4.0981 has used '/Observer'.
17:53:59: CP:C17.i4.0981 has used '/Observer'.
17:54:00: CP:C17.i4.0981 has used '/Observer'.
17:54:46: CP:C17.i4.0981 (STEAM_0:1:44629398) has disconnected.
18:08:46: SchωarzKruppzo (STEAM_0:1:44629398) has connected.
18:13:46: SchωarzKruppzo has loaded the character 'CP:C17.i4.0981'.
18:13:53: CP:C17.i4.0981 says: "<:: вц"
18:14:43: CP:C17.i4.0981 has gained a Combine Lock 1457622884.
18:14:43: CP:C17.i4.0981 has used '/CharGiveItem i4 combine lock'.
18:15:00: CP:C17.i4.0981 has lost a Combine Lock 1457622884.
18:15:00: CP:C17.i4.0981 has used '/InvAction use combine_lock_3 1457622884.00'.
18:17:12: CP:C17.i4.0981 has used '/Observer'.
18:17:23: CP:C17.i4.0981 has used '/Observer'.
18:22:18: CP:C17.i4.0981 has used '/Observer'.
18:22:25: CP:C17.i4.0981 has used '/Observer'.
18:22:30: CP:C17.i4.0981 has used '/Observer'.
18:22:35: CP:C17.i4.0981 has used '/Observer'.
18:22:35: CP:C17.i4.0981 has used '/Observer'.
18:22:36: CP:C17.i4.0981 has used '/Observer'.
18:23:08: CP:C17.i4.0981 has used '/Observer'.
18:23:15: CP:C17.i4.0981 has used '/Observer'.
18:27:46: CP:C17.i4.0981 has used '/Observer'.
18:36:08: CP:C17.i4.0981 has gained a Combine Lock 1457624170.
18:36:08: CP:C17.i4.0981 has used '/CharGiveItem i4 combine lock'.
18:36:08: CP:C17.i4.0981 has used '/Observer'.
18:36:12: CP:C17.i4.0981 has lost a Combine Lock 1457624170.
18:36:12: CP:C17.i4.0981 has used '/InvAction use combine_lock_3 1457624170.00'.
18:39:27: CP:C17.i4.0981 has gained a Combine Lock 1457624370.
18:39:27: CP:C17.i4.0981 has used '/CharGiveItem i4 combine lock'.
18:39:29: CP:C17.i4.0981 has lost a Combine Lock 1457624370.
18:39:29: CP:C17.i4.0981 has used '/InvAction use combine_lock_3 1457624370.00'.
