00:02:23: SchœâarzKruppzo has loaded the character 'CP:C17.i4.0981'.
00:03:33: CP:C17.i4.0981 has used '/Observer'.
00:03:36: CP:C17.i4.0981 has used '/Observer'.
00:03:40: CP:C17.i4.0981 has used '/Observer'.
00:03:42: CP:C17.i4.0981 has used '/Observer'.
00:03:45: CP:C17.i4.0981 has used '/Observer'.
00:03:46: CP:C17.i4.0981 has used '/Observer'.
00:03:46: CP:C17.i4.0981 has used '/Observer'.
00:03:47: CP:C17.i4.0981 has used '/Observer'.
00:03:48: CP:C17.i4.0981 has used '/Observer'.
00:03:48: CP:C17.i4.0981 has used '/Observer'.
00:03:49: CP:C17.i4.0981 has used '/Observer'.
00:03:51: CP:C17.i4.0981 has used '/Observer'.
00:03:52: CP:C17.i4.0981 has used '/Observer'.
00:03:53: CP:C17.i4.0981 has used '/Observer'.
00:05:45: CP:C17.i4.0981 has used '/Observer'.
00:05:49: CP:C17.i4.0981 has used '/Observer'.
00:05:56: CP:C17.i4.0981 has used '/Observer'.
00:05:56: CP:C17.i4.0981 has used '/Observer'.
00:05:57: CP:C17.i4.0981 has used '/Observer'.
00:05:58: CP:C17.i4.0981 has used '/Observer'.
00:05:59: CP:C17.i4.0981 has used '/Observer'.
00:05:59: CP:C17.i4.0981 has used '/Observer'.
00:06:12: CP:C17.i4.0981 has used '/Observer'.
00:06:19: CP:C17.i4.0981 has used '/Observer'.
00:07:56: CP:C17.i4.0981 has used '/Observer'.
00:08:25: CP:C17.i4.0981 has used '/Observer'.
00:08:27: CP:C17.i4.0981 has used '/Observer'.
00:08:29: CP:C17.i4.0981 has used '/Observer'.
00:08:30: CP:C17.i4.0981 has used '/Observer'.
00:08:47: Bot01 has used '/CharVoiceDesc'.
00:08:47: Bot01 (BOT) has connected.
00:08:47: Bot01 has used '/CharVoiceDesc'.
00:11:19: CP:C17.i4.0981 has used '/Observer'.
00:14:54: CP:C17.i4.0981 has used '/r test'.
00:16:16: CP:C17.i4.0981 has used '/r –í–∏–∂—É –µ–≥–æ.'.
00:16:18: CP:C17.i4.0981 has used '/r –í–∏–∂—É –µ–≥–æ.'.
00:16:20: CP:C17.i4.0981 has used '/r –í–æ–∑–º–æ–∂–Ω–æ –∑–¥–µ—Å—å 404.'.
00:16:23: CP:C17.i4.0981 has used '/r –í–∏–∂—É –µ–≥–æ! –ü–æ–¥–æ–∑—Ä–µ–≤–∞–µ–º—ã–π –Ω–∞ –º–æ—ë–º 10-20!'.
00:16:25: CP:C17.i4.0981 has used '/r –í–∏–∂—É –µ–≥–æ! –ü–æ–¥–æ–∑—Ä–µ–≤–∞–µ–º—ã–π –Ω–∞ –º–æ—ë–º 10-20!'.
00:16:27: CP:C17.i4.0981 has used '/r –í–æ–∑–º–æ–∂–Ω–æ –∑–¥–µ—Å—å 404.'.
00:16:28: CP:C17.i4.0981 has used '/r –í–∏–∂—É –µ–≥–æ! –ü–æ–¥–æ–∑—Ä–µ–≤–∞–µ–º—ã–π –Ω–∞ –º–æ—ë–º 10-20!'.
00:16:33: CP:C17.i4.0981 has used '/r –í–æ—Ç –æ–Ω! –ù–∞ –º–æ—ë 10-20.'.
00:16:35: CP:C17.i4.0981 has used '/r –í–∏–∂—É –µ–≥–æ.'.
00:16:38: CP:C17.i4.0981 has used '/r –í–æ–∑–º–æ–∂–Ω–æ –∑–¥–µ—Å—å 404.'.
00:16:41: CP:C17.i4.0981 has used '/r –í–∏–∂—É –µ–≥–æ! –ü–æ–¥–æ–∑—Ä–µ–≤–∞–µ–º—ã–π –Ω–∞ –º–æ—ë–º 10-20!'.
00:16:44: CP:C17.i4.0981 has used '/r –û–±—ä–µ–∫—Ç –ø–æ–¥—Ö–æ–¥–∏—Ç –ø–æ –æ—Ä–∏–µ–Ω—Ç–∏—Ä–æ–≤–∫–µ.'.
00:16:46: CP:C17.i4.0981 has used '/r –û–±—ä–µ–∫—Ç –ø–æ–¥—Ö–æ–¥–∏—Ç –ø–æ –æ—Ä–∏–µ–Ω—Ç–∏—Ä–æ–≤–∫–µ.'.
00:16:52: CP:C17.i4.0981 has used '/r –í–æ–∑–º–æ–∂–Ω–æ –∑–¥–µ—Å—å 404.'.
00:20:54: CP:C17.i4.0981 has used '/r –ó–¥–µ—Å—å –ø–æ–¥–æ–∑—Ä–µ–≤–∞–µ–º—ã–π.'.
00:20:59: CP:C17.i4.0981 has used '/r –ó–¥–µ—Å—å –ø–æ–¥–æ–∑—Ä–µ–≤–∞–µ–º—ã–π.'.
00:21:05: CP:C17.i4.0981 has used '/r –í–æ–∑–º–æ–∂–Ω–æ –∑–¥–µ—Å—å 404.'.
00:21:20: CP:C17.i4.0981 has used '/r –í–æ—Ç –æ–Ω! –ù–∞ –º–æ—ë 10-20.'.
00:21:28: CP:C17.i4.0981 has used '/r –í–æ–∑–º–æ–∂–Ω–æ –∑–¥–µ—Å—å 404.'.
00:21:32: CP:C17.i4.0981 has used '/r –í–æ—Ç –æ–Ω! –ù–∞ –º–æ—ë 10-20.'.
00:21:51: CP:C17.i4.0981 has used '/r –í–∏–∂—É –µ–≥–æ.'.
00:23:19: CP:C17.i4.0981 has used '/r –í–∏–∂—É –µ–≥–æ! –ü–æ–¥–æ–∑—Ä–µ–≤–∞–µ–º—ã–π –Ω–∞ –º–æ—ë–º 10-20!'.
00:23:26: CP:C17.i4.0981 has used '/r –í–∏–∂—É –µ–≥–æ.'.
00:23:29: CP:C17.i4.0981 has used '/r –í–æ–∑–º–æ–∂–Ω–æ –∑–¥–µ—Å—å 404.'.
00:23:31: CP:C17.i4.0981 has used '/r –ó–¥–µ—Å—å –ø–æ–¥–æ–∑—Ä–µ–≤–∞–µ–º—ã–π.'.
00:23:37: CP:C17.i4.0981 has used '/r –ó–¥–µ—Å—å –ø–æ–¥–æ–∑—Ä–µ–≤–∞–µ–º—ã–π.'.
00:23:40: CP:C17.i4.0981 has used '/r –í–∏–∂—É –µ–≥–æ.'.
00:23:46: CP:C17.i4.0981 has used '/r –í–∏–∂—É –µ–≥–æ! –ü–æ–¥–æ–∑—Ä–µ–≤–∞–µ–º—ã–π –Ω–∞ –º–æ—ë–º 10-20!'.
00:23:50: CP:C17.i4.0981 has used '/r –í–æ–∑–º–æ–∂–Ω–æ –∑–¥–µ—Å—å 404.'.
00:23:55: CP:C17.i4.0981 has used '/r –û–±—ä–µ–∫—Ç –ø–æ–¥—Ö–æ–¥–∏—Ç –ø–æ –æ—Ä–∏–µ–Ω—Ç–∏—Ä–æ–≤–∫–µ.'.
00:23:57: CP:C17.i4.0981 has used '/r –í–æ–∑–º–æ–∂–Ω–æ –∑–¥–µ—Å—å 404.'.
00:24:11: CP:C17.i4.0981 has used '/r –í–∏–∂—É –µ–≥–æ! –ü–æ–¥–æ–∑—Ä–µ–≤–∞–µ–º—ã–π –Ω–∞ –º–æ—ë–º 10-20!'.
00:24:14: CP:C17.i4.0981 has used '/r –í–∏–∂—É –µ–≥–æ! –ü–æ–¥–æ–∑—Ä–µ–≤–∞–µ–º—ã–π –Ω–∞ –º–æ—ë–º 10-20!'.
00:24:16: CP:C17.i4.0981 has used '/r –í–æ–∑–º–æ–∂–Ω–æ –∑–¥–µ—Å—å 404.'.
00:24:19: CP:C17.i4.0981 has used '/r –í–æ–∑–º–æ–∂–Ω–æ –∑–¥–µ—Å—å 404.'.
00:26:44: CP:C17.i4.0981 has used '/r –û–±—ä–µ–∫—Ç –ø–æ–¥—Ö–æ–¥–∏—Ç –ø–æ –æ—Ä–∏–µ–Ω—Ç–∏—Ä–æ–≤–∫–µ.'.
00:26:48: CP:C17.i4.0981 has used '/r –û–±—ä–µ–∫—Ç –ø–æ–¥—Ö–æ–¥–∏—Ç –ø–æ –æ—Ä–∏–µ–Ω—Ç–∏—Ä–æ–≤–∫–µ.'.
00:26:51: CP:C17.i4.0981 has used '/r –í–∏–∂—É –µ–≥–æ! –ü–æ–¥–æ–∑—Ä–µ–≤–∞–µ–º—ã–π –Ω–∞ –º–æ—ë–º 10-20!'.
00:28:45: CP:C17.i4.0981 has used '/r –û–±—ä–µ–∫—Ç –ø–æ–¥—Ö–æ–¥–∏—Ç –ø–æ –æ—Ä–∏–µ–Ω—Ç–∏—Ä–æ–≤–∫–µ.'.
00:28:48: CP:C17.i4.0981 has used '/Observer'.
00:28:51: CP:C17.i4.0981 has used '/Observer'.
00:29:04: CP:C17.i4.0981 has used '/r –í–∏–∂—É –µ–≥–æ! –ü–æ–¥–æ–∑—Ä–µ–≤–∞–µ–º—ã–π –Ω–∞ –º–æ—ë–º 10-20!'.
00:29:07: CP:C17.i4.0981 has used '/r –ó–¥–µ—Å—å –ø–æ–¥–æ–∑—Ä–µ–≤–∞–µ–º—ã–π.'.
00:29:09: CP:C17.i4.0981 has used '/r –í–∏–∂—É –µ–≥–æ! –ü–æ–¥–æ–∑—Ä–µ–≤–∞–µ–º—ã–π –Ω–∞ –º–æ—ë–º 10-20!'.
00:29:30: CP:C17.i4.0981 has used '/r –í–æ–∑–º–æ–∂–Ω–æ –∑–¥–µ—Å—å 404.'.
00:29:32: CP:C17.i4.0981 has used '/r –í–æ–∑–º–æ–∂–Ω–æ –∑–¥–µ—Å—å 404.'.
00:29:34: CP:C17.i4.0981 has used '/r –ó–¥–µ—Å—å –ø–æ–¥–æ–∑—Ä–µ–≤–∞–µ–º—ã–π.'.
00:29:37: CP:C17.i4.0981 has used '/r –í–∏–∂—É –µ–≥–æ.'.
00:29:39: CP:C17.i4.0981 has used '/r –û–±—ä–µ–∫—Ç –ø–æ–¥—Ö–æ–¥–∏—Ç –ø–æ –æ—Ä–∏–µ–Ω—Ç–∏—Ä–æ–≤–∫–µ.'.
00:30:36: CP:C17.i4.0981 has used '/r –û–±—ä–µ–∫—Ç –ø–æ–¥—Ö–æ–¥–∏—Ç –ø–æ –æ—Ä–∏–µ–Ω—Ç–∏—Ä–æ–≤–∫–µ.'.
00:30:49: CP:C17.i4.0981 has used '/r –ó–¥–µ—Å—å –ø–æ–¥–æ–∑—Ä–µ–≤–∞–µ–º—ã–π.'.
00:31:20: CP:C17.i4.0981 has used '/Observer'.
00:31:21: CP:C17.i4.0981 has used '/r –í–æ–∑–º–æ–∂–Ω–æ –∑–¥–µ—Å—å 404.'.
00:31:21: CP:C17.i4.0981 has used '/Observer'.
00:31:23: CP:C17.i4.0981 has used '/r –û–Ω —É–±–µ–≥–∞–µ—Ç!'.
00:31:25: CP:C17.i4.0981 has used '/r –í–æ–∑–º–æ–∂–Ω–æ –∑–¥–µ—Å—å 404.'.
00:31:55: CP:C17.i4.0981 has used '/Observer'.
00:31:56: CP:C17.i4.0981 has used '/r –û–Ω —É–±–µ–≥–∞–µ—Ç!'.
00:31:57: CP:C17.i4.0981 has used '/Observer'.
00:31:58: CP:C17.i4.0981 has used '/r –£—Ö–æ–¥–∏—Ç, 148!'.
00:31:59: CP:C17.i4.0981 has used '/Observer'.
00:32:00: CP:C17.i4.0981 has used '/r –û–Ω —É–±–µ–≥–∞–µ—Ç!'.
00:32:03: CP:C17.i4.0981 has used '/Observer'.
00:32:04: CP:C17.i4.0981 has used '/r –û–Ω —É–±–µ–≥–∞–µ—Ç!'.
00:34:26: CP:C17.i4.0981 has used '/Observer'.
00:34:29: CP:C17.i4.0981 has used '/r –ó–¥–µ—Å—å –ø–æ–¥–æ–∑—Ä–µ–≤–∞–µ–º—ã–π.'.
00:36:58: CP:C17.i4.0981 has used '/Observer'.
00:36:59: CP:C17.i4.0981 has used '/Observer'.
00:37:00: CP:C17.i4.0981 has used '/Observer'.
00:37:35: CP:C17.i4.0981 has used '/Observer'.
00:37:36: CP:C17.i4.0981 has used '/Observer'.
00:40:02: CP:C17.i4.0981 has used '/Observer'.
00:40:03: CP:C17.i4.0981 has used '/r –í–æ–∑–º–æ–∂–Ω–æ –∑–¥–µ—Å—å 404.'.
00:40:04: CP:C17.i4.0981 has used '/Observer'.
00:40:06: CP:C17.i4.0981 has used '/r –û–±—ä–µ–∫—Ç –ø–æ–¥—Ö–æ–¥–∏—Ç –ø–æ –æ—Ä–∏–µ–Ω—Ç–∏—Ä–æ–≤–∫–µ.'.
00:40:08: CP:C17.i4.0981 has used '/r –ó–¥–µ—Å—å –ø–æ–¥–æ–∑—Ä–µ–≤–∞–µ–º—ã–π.'.
00:40:14: CP:C17.i4.0981 has used '/r –û–Ω —É–±–µ–≥–∞–µ—Ç!'.
00:40:17: CP:C17.i4.0981 has used '/r –û–Ω —É–±–µ–≥–∞–µ—Ç!'.
00:40:28: CP:C17.i4.0981 has used '/r –ù–µ–∂–∏—Ç—å!'.
00:40:28: Bot01 has taken 8 damage from npc_zombie, leaving them at 100 health and 142 armor!
00:40:35: CP:C17.i4.0981 has taken 4 damage from npc_headcrab, leaving them at 81 health and 79 armor!
00:40:37: CP:C17.i4.0981 has taken 4 damage from npc_headcrab, leaving them at 81 health and 74 armor!
00:40:38: CP:C17.i4.0981 has used '/Observer'.
00:40:39: CP:C17.i4.0981 has used '/r –ü–∞—Ä–∞–∑–∏—Ç—ã!'.
00:40:44: CP:C17.i4.0981 has used '/Observer'.
00:41:05: CP:C17.i4.0981 has taken 14 damage from npc_combine_s, leaving them at 81 health and 59 armor!
00:41:06: CP:C17.i4.0981 has taken 1 damage from npc_combine_s, leaving them at 81 health and 57 armor!
00:41:20: CP:C17.i4.0981 has used '/Observer'.
00:42:17: CP:C17.i4.0981 (STEAM_0:1:44629398) has disconnected.
00:42:18: Bot01 (BOT) has disconnected.
19:35:20: SchœâarzKruppzo (STEAM_0:1:44629398) has connected.
19:38:19: SchœâarzKruppzo has loaded the character 'CP:C17.i4.0981'.
19:38:28: CP:C17.i4.0981 has used '/AnimIdle'.
19:38:29: CP:C17.i4.0981 has used '/AnimIdle'.
19:38:34: CP:C17.i4.0981 has used '/AnimIdle'.
19:38:36: CP:C17.i4.0981 has used '/AnimIdle'.
19:38:40: CP:C17.i4.0981 has used '/AnimIdle'.
19:38:44: CP:C17.i4.0981 has used '/AnimIdle'.
19:42:04: CP:C17.i4.0981 has used '/AnimIdle'.
19:42:21: CP:C17.i4.0981 has used '/AnimIdle'.
19:43:00: CP:C17.i4.0981 has used '/AnimIdle'.
19:43:11: CP:C17.i4.0981 has used '/AnimIdle'.
19:43:12: CP:C17.i4.0981 has used '/AnimIdle'.
19:43:12: CP:C17.i4.0981 has used '/AnimIdle'.
19:43:13: CP:C17.i4.0981 has used '/AnimIdle'.
19:43:13: CP:C17.i4.0981 has used '/AnimIdle'.
19:43:13: CP:C17.i4.0981 has used '/AnimIdle'.
19:43:13: CP:C17.i4.0981 has used '/AnimIdle'.
19:43:13: CP:C17.i4.0981 has used '/AnimIdle'.
19:45:49: CP:C17.i4.0981 has used '/AnimIdle'.
19:45:51: CP:C17.i4.0981 has used '/AnimIdle'.
19:45:52: CP:C17.i4.0981 has used '/AnimIdle'.
19:46:14: CP:C17.i4.0981 (STEAM_0:1:44629398) has disconnected.
22:11:13: SchœâarzKruppzo (STEAM_0:1:44629398) has connected.
22:13:39: SchœâarzKruppzo has loaded the character 'CP:C17.i4.0981'.
22:13:49: CP:C17.i4.0981 has used '/AnimIdle'.
22:13:52: CP:C17.i4.0981 has used '/AnimIdle'.
22:13:53: CP:C17.i4.0981 has used '/AnimIdle'.
22:14:41: CP:C17.i4.0981 has used '/AnimIdle'.
22:15:05: CP:C17.i4.0981 (STEAM_0:1:44629398) has disconnected.
22:19:36: SchœâarzKruppzo (STEAM_0:1:44629398) has connected.
22:33:54: SchœâarzKruppzo (STEAM_0:1:44629398) has connected.
22:36:40: SchœâarzKruppzo has loaded the character 'CP:C17.i4.0981'.
22:39:20: CP:C17.i4.0981 has used '/Y t'.
22:39:34: CP:C17.i4.0981 has used '/Observer'.
22:39:34: CP:C17.i4.0981 has used '/Observer'.
22:39:35: CP:C17.i4.0981 has used '/Observer'.
22:39:36: CP:C17.i4.0981 has used '/Observer'.
22:39:37: CP:C17.i4.0981 has used '/Observer'.
22:39:37: CP:C17.i4.0981 has used '/Observer'.
22:39:38: CP:C17.i4.0981 has used '/Observer'.
22:39:38: CP:C17.i4.0981 has used '/Observer'.
22:39:39: CP:C17.i4.0981 has used '/Observer'.
22:39:40: CP:C17.i4.0981 has used '/Observer'.
22:39:41: CP:C17.i4.0981 has used '/Observer'.
22:39:41: CP:C17.i4.0981 has used '/Observer'.
22:42:10: CP:C17.i4.0981 says: "<:: gosharp"
22:43:38: CP:C17.i4.0981 has used '/AnimIdle'.
22:43:40: CP:C17.i4.0981 has used '/AnimIdle'.
22:43:42: CP:C17.i4.0981 has used '/AnimIdle'.
22:47:35: CP:C17.i4.0981 has used '/AnimIdle'.
22:47:37: CP:C17.i4.0981 has used '/AnimIdle'.
22:47:38: CP:C17.i4.0981 has used '/AnimIdle'.
22:47:38: CP:C17.i4.0981 says: "<:: Don ' t Move"
22:47:39: CP:C17.i4.0981 has used '/AnimIdle'.
22:47:40: CP:C17.i4.0981 has used '/AnimIdle'.
22:47:40: CP:C17.i4.0981 says: "<:: Don ' t Move"
22:47:42: CP:C17.i4.0981 has used '/AnimIdle'.
22:47:42: CP:C17.i4.0981 has used '/AnimIdle'.
22:47:43: CP:C17.i4.0981 says: "<:: Don ' t Move"
22:48:26: CP:C17.i4.0981 has used '/AnimIdle'.
22:48:28: CP:C17.i4.0981 has used '/AnimIdle'.
22:48:29: CP:C17.i4.0981 has used '/AnimIdle'.
22:48:29: CP:C17.i4.0981 says: "<:: Don ' t move"
22:48:30: CP:C17.i4.0981 has used '/AnimIdle'.
22:48:31: CP:C17.i4.0981 has used '/AnimIdle'.
22:48:32: CP:C17.i4.0981 says: "<:: Don ' t move"
22:48:32: CP:C17.i4.0981 has used '/AnimIdle'.
22:48:33: CP:C17.i4.0981 has used '/AnimIdle'.
22:48:34: CP:C17.i4.0981 has used '/AnimIdle'.
22:48:36: CP:C17.i4.0981 has used '/AnimIdle'.
22:48:39: CP:C17.i4.0981 has used '/AnimIdle'.
22:48:42: CP:C17.i4.0981 has used '/AnimIdle'.
22:48:43: CP:C17.i4.0981 has used '/AnimIdle'.
22:48:44: CP:C17.i4.0981 has used '/AnimIdle'.
22:48:46: CP:C17.i4.0981 has used '/AnimIdle'.
22:48:47: CP:C17.i4.0981 has used '/AnimIdle'.
22:48:51: CP:C17.i4.0981 says: "<:: Don ' t move"
22:49:11: CP:C17.i4.0981 has used '/AnimIdle'.
22:49:16: CP:C17.i4.0981 says: "<:: Don ' t move"
22:49:17: CP:C17.i4.0981 has used '/AnimIdle'.
22:49:17: CP:C17.i4.0981 says: "<:: Don ' t move"
22:49:20: CP:C17.i4.0981 has used '/AnimIdle'.
22:49:20: CP:C17.i4.0981 says: "<:: Don ' t move"
22:49:28: CP:C17.i4.0981 has used '/AnimIdle'.
22:49:32: CP:C17.i4.0981 has used '/AnimIdle'.
22:49:33: CP:C17.i4.0981 says: "<:: Don`t move"
22:49:43: CP:C17.i4.0981 has used '/AnimIdle'.
22:49:47: CP:C17.i4.0981 has used '/AnimIdle'.
22:49:49: CP:C17.i4.0981 has used '/AnimIdle'.
22:49:50: CP:C17.i4.0981 says: "<:: Don ' t move"
22:49:56: CP:C17.i4.0981 says: "<:: dont ' move"
22:50:01: CP:C17.i4.0981 says: "<:: Dont ' move"
22:50:04: CP:C17.i4.0981 says: "<:: Dont\ ' move"
22:50:12: CP:C17.i4.0981 says: "<:: Don\ ' t move"
22:50:14: CP:C17.i4.0981 says: "<:: Don\ ' t move"
22:53:40: CP:C17.i4.0981 has used '/AnimIdle'.
22:53:41: CP:C17.i4.0981 says: "<:: Don ' ' t move"
22:53:42: CP:C17.i4.0981 has used '/AnimIdle'.
22:53:43: CP:C17.i4.0981 has used '/AnimIdle'.
22:53:43: CP:C17.i4.0981 says: "<:: Don ' ' t move"
22:53:44: CP:C17.i4.0981 has used '/AnimIdle'.
22:53:45: CP:C17.i4.0981 has used '/AnimIdle'.
22:53:45: CP:C17.i4.0981 says: "<:: Don ' ' t move"
22:56:14: CP:C17.i4.0981 says: "<:: Don ' t Move"
23:03:21: CP:C17.i4.0981 has used '/AnimIdle'.
23:03:22: CP:C17.i4.0981 has used '/AnimIdle'.
23:03:23: CP:C17.i4.0981 says: "<:: – ù – µ – ¥ – ≤ – ∏ – ≥ – ∞ — Ç — å — Å — è!"
23:03:26: CP:C17.i4.0981 has used '/AnimIdle'.
23:03:26: CP:C17.i4.0981 says: "<:: – ù – µ – ¥ – ≤ – ∏ – ≥ – ∞ — Ç — å — Å — è!"
23:03:32: CP:C17.i4.0981 has used '/AnimIdle'.
23:03:32: CP:C17.i4.0981 says: "<:: – ù – µ – ¥ – ≤ – ∏ – ≥ – ∞ — Ç — å — Å — è!"
23:03:39: CP:C17.i4.0981 has used '/AnimIdle'.
23:03:40: CP:C17.i4.0981 says: "<:: – ù – µ – ¥ – ≤ – ∏ – ≥ – ∞ — Ç — å — Å — è!"
23:03:59: CP:C17.i4.0981 says: "<:: – ¢ – µ — Å — Ç"
23:04:08: CP:C17.i4.0981 says: "<:: —Ç–µ—Å—Ç"
23:04:23: CP:C17.i4.0981 has used '/Observer'.
23:04:24: CP:C17.i4.0981 has used '/Observer'.
23:04:25: CP:C17.i4.0981 has used '/Observer'.
23:04:25: CP:C17.i4.0981 has used '/Observer'.
23:04:59: CP:C17.i4.0981 has used '/AnimIdle'.
23:05:00: CP:C17.i4.0981 says: "<:: Don ' t Move!"
23:05:01: CP:C17.i4.0981 has used '/AnimIdle'.
23:05:02: CP:C17.i4.0981 has used '/AnimIdle'.
23:05:07: CP:C17.i4.0981 has used '/AnimIdle'.
23:05:08: CP:C17.i4.0981 has used '/AnimIdle'.
23:05:09: CP:C17.i4.0981 has used '/AnimIdle'.
23:05:10: CP:C17.i4.0981 has used '/AnimIdle'.
23:05:12: CP:C17.i4.0981 has used '/AnimIdle'.
23:05:14: CP:C17.i4.0981 has used '/AnimIdle'.
23:05:14: CP:C17.i4.0981 has used '/AnimIdle'.
23:05:17: CP:C17.i4.0981 has used '/AnimIdle'.
23:05:18: CP:C17.i4.0981 has used '/AnimIdle'.
23:05:19: CP:C17.i4.0981 has used '/AnimIdle'.
23:05:20: CP:C17.i4.0981 says: "<:: Don ' t Move!"
23:05:22: CP:C17.i4.0981 has used '/Observer'.
23:05:32: CP:C17.i4.0981 has used '/Observer'.
23:05:33: CP:C17.i4.0981 has used '/Observer'.
23:05:34: CP:C17.i4.0981 has used '/Observer'.
23:05:54: CP:C17.i4.0981 has used '/AnimIdle'.
23:05:54: CP:C17.i4.0981 says: "<:: Don ' t Move!"
23:06:01: CP:C17.i4.0981 has used '/AnimIdle'.
23:06:01: CP:C17.i4.0981 has used '/Y Citizen'.
23:06:02: CP:C17.i4.0981 has used '/AnimIdle'.
23:06:03: CP:C17.i4.0981 has used '/Y Don't Move!'.
23:06:04: CP:C17.i4.0981 has used '/AnimIdle'.
23:06:05: CP:C17.i4.0981 has used '/Y Escapee'.
23:06:06: CP:C17.i4.0981 has used '/AnimIdle'.
23:06:07: CP:C17.i4.0981 has used '/AnimIdle'.
23:06:07: CP:C17.i4.0981 has used '/Y Anti-Citizen'.
23:06:08: CP:C17.i4.0981 has used '/AnimIdle'.
23:06:09: CP:C17.i4.0981 has used '/Y Judgement'.
23:06:12: CP:C17.i4.0981 has used '/AnimIdle'.
23:06:12: CP:C17.i4.0981 has used '/Y Amputate Ready'.
23:06:17: CP:C17.i4.0981 has used '/AnimIdle'.
23:06:18: CP:C17.i4.0981 has used '/W Citizen'.
23:06:19: CP:C17.i4.0981 has used '/AnimIdle'.
23:06:20: CP:C17.i4.0981 has used '/W Anti-Citizen'.
23:06:21: CP:C17.i4.0981 has used '/AnimIdle'.
23:06:26: CP:C17.i4.0981 has used '/Observer'.
23:06:28: CP:C17.i4.0981 has used '/Observer'.
23:06:29: CP:C17.i4.0981 has used '/Observer'.
23:06:29: CP:C17.i4.0981 has used '/Observer'.
23:21:57: CP:C17.i4.0981 has used '/Observer'.
23:22:03: CP:C17.i4.0981 has used '/Observer'.
23:28:58: CP:C17.i4.0981 has used '/AnimIdle'.
23:30:00: CP:C17.i4.0981 has used '/AnimIdle'.
23:32:51: CP:C17.i4.0981 has used '/Observer'.
23:33:50: CP:C17.i4.0981 has used '/Observer'.
23:40:35: CP:C17.i4.0981 has used '/Observer'.
23:40:40: CP:C17.i4.0981 has used '/Observer'.
23:48:18: CP:C17.i4.0981 has used '/AnimIdle'.
23:50:13: CP:C17.i4.0981 has used '/AnimIdle'.
