14:03:07: SchωarzKruppzo (STEAM_0:1:44629398) has connected.
14:04:14: SchωarzKruppzo has loaded the character 'CP:C17.RCT.1037'.
14:04:16: CP:C17.RCT.1037 has used '/Observer'.
14:04:23: CP:C17.RCT.1037 has used '/Observer'.
14:04:51: CP:C17.RCT.1037 has used '/CharSetModel cp models/metropolice/c08.mdl'.
14:05:22: CP:C17.RCT.1037 has gained a M40A1 1459595123.
14:05:22: CP:C17.RCT.1037 has used '/CharGiveItem cp sxbase_m40a1'.
14:05:28: CP:C17.RCT.1037 has lost a M40A1 1459595123.
14:05:28: CP:C17.RCT.1037 has used '/InvAction use sxbase_m40a1 1459595123.00'.
14:05:54: CP:C17.RCT.1037 has used '/CharGiveItem cp sxbase_usp'.
14:05:59: CP:C17.RCT.1037 has gained a USP Match 1459595161.
14:05:59: CP:C17.RCT.1037 has used '/CharGiveItem cp usp'.
14:06:01: CP:C17.RCT.1037 has lost a USP Match 1459595161.
14:06:01: CP:C17.RCT.1037 has used '/InvAction use sxbase_uspmatch 1459595161.00'.
14:06:54: CP:C17.RCT.1037 has gained a 7.62x51mm Bullets 1459595217.
14:06:54: CP:C17.RCT.1037 has gained a 7.62x51mm Bullets 1459595218.
14:06:54: CP:C17.RCT.1037 has gained a 7.62x51mm Bullets 1459595219.
14:06:54: CP:C17.RCT.1037 has gained a 7.62x51mm Bullets 1459595220.
14:06:54: CP:C17.RCT.1037 has gained a 7.62x51mm Bullets 1459595221.
14:06:54: CP:C17.RCT.1037 has used '/CharGiveItem cp 7.62 5'.
14:06:56: CP:C17.RCT.1037 has lost a 7.62x51mm Bullets 1459595221.
14:06:56: CP:C17.RCT.1037 has used '/InvAction use ammo_762x51 1459595221.00'.
14:06:57: CP:C17.RCT.1037 has lost a 7.62x51mm Bullets 1459595220.
14:06:57: CP:C17.RCT.1037 has used '/InvAction use ammo_762x51 1459595220.00'.
14:07:55: CP:C17.RCT.1037 (STEAM_0:1:44629398) has disconnected.
15:45:20: SchωarzKruppzo (STEAM_0:1:44629398) has connected.
15:46:30: SchωarzKruppzo has loaded the character 'CP:C17.RCT.1037'.
15:46:48: CP:C17.RCT.1037 has lost a M40A1 1459595123.
15:46:48: CP:C17.RCT.1037 has used '/InvAction use sxbase_m40a1 1459595123.00'.
15:47:16: CP:C17.RCT.1037 has gained a M40A1 w/ Optic 1459601237.
15:47:16: CP:C17.RCT.1037 has used '/CharGiveItem rct sxbase_m40a1optic'.
15:47:20: CP:C17.RCT.1037 has used '/InvAction use sxbase_m40a1optic 1459601237.00'.
15:47:30: CP:C17.RCT.1037 has lost a M40A1 1459595123.
15:47:33: CP:C17.RCT.1037 has lost a M40A1 w/ Optic 1459601237.
15:47:33: CP:C17.RCT.1037 has used '/InvAction use sxbase_m40a1optic 1459601237.00'.
15:51:45: CP:C17.RCT.1037 has used '/Observer'.
15:51:45: CP:C17.RCT.1037 has used '/Observer'.
15:51:46: CP:C17.RCT.1037 has used '/Observer'.
15:51:47: CP:C17.RCT.1037 has used '/Observer'.
15:51:48: CP:C17.RCT.1037 has used '/Observer'.
15:51:48: CP:C17.RCT.1037 has used '/Observer'.
15:51:49: CP:C17.RCT.1037 has used '/Observer'.
15:51:49: CP:C17.RCT.1037 has used '/Observer'.
15:51:51: CP:C17.RCT.1037 has used '/Observer'.
15:51:51: CP:C17.RCT.1037 has used '/Observer'.
15:51:53: CP:C17.RCT.1037 has used '/Observer'.
15:51:53: CP:C17.RCT.1037 has used '/Observer'.
15:51:54: CP:C17.RCT.1037 has used '/Observer'.
15:51:54: CP:C17.RCT.1037 has used '/Observer'.
15:52:24: CP:C17.RCT.1037 has used '/Observer'.
15:52:24: CP:C17.RCT.1037 has used '/Observer'.
15:52:25: CP:C17.RCT.1037 has used '/Observer'.
15:52:26: CP:C17.RCT.1037 has used '/Observer'.
15:52:26: CP:C17.RCT.1037 has used '/Observer'.
15:52:27: CP:C17.RCT.1037 has used '/Observer'.
15:52:29: CP:C17.RCT.1037 has used '/Observer'.
15:52:29: CP:C17.RCT.1037 has used '/Observer'.
15:52:30: CP:C17.RCT.1037 has used '/Observer'.
15:52:30: CP:C17.RCT.1037 has used '/Observer'.
15:52:32: CP:C17.RCT.1037 has used '/Observer'.
15:52:32: CP:C17.RCT.1037 has used '/Observer'.
15:52:34: CP:C17.RCT.1037 has used '/Observer'.
15:52:34: CP:C17.RCT.1037 has used '/Observer'.
15:52:35: CP:C17.RCT.1037 has used '/Observer'.
15:52:36: CP:C17.RCT.1037 has used '/Observer'.
15:52:36: CP:C17.RCT.1037 has used '/Observer'.
15:52:37: CP:C17.RCT.1037 has used '/Observer'.
15:52:38: CP:C17.RCT.1037 has used '/Observer'.
15:52:38: CP:C17.RCT.1037 has used '/Observer'.
15:52:39: CP:C17.RCT.1037 has used '/Observer'.
15:52:40: CP:C17.RCT.1037 has used '/Observer'.
15:52:41: CP:C17.RCT.1037 has used '/Observer'.
15:52:41: CP:C17.RCT.1037 has used '/Observer'.
15:52:43: CP:C17.RCT.1037 has used '/Observer'.
15:52:43: CP:C17.RCT.1037 has used '/Observer'.
15:52:44: CP:C17.RCT.1037 has used '/Observer'.
15:52:44: CP:C17.RCT.1037 has used '/Observer'.
15:52:46: CP:C17.RCT.1037 has used '/Observer'.
15:52:47: CP:C17.RCT.1037 has used '/Observer'.
15:52:48: CP:C17.RCT.1037 has used '/Observer'.
15:52:48: CP:C17.RCT.1037 has used '/Observer'.
15:52:49: CP:C17.RCT.1037 has used '/Observer'.
15:52:49: CP:C17.RCT.1037 has used '/Observer'.
15:52:51: CP:C17.RCT.1037 has used '/Observer'.
15:52:51: CP:C17.RCT.1037 has used '/Observer'.
15:52:52: CP:C17.RCT.1037 has taken 36 damage from worldspawn, leaving them at 64 health and 134 armor!
15:53:10: CP:C17.RCT.1037 has used '/Observer'.
15:53:11: CP:C17.RCT.1037 has used '/Observer'.
15:53:12: CP:C17.RCT.1037 has used '/Observer'.
15:53:12: CP:C17.RCT.1037 has used '/Observer'.
15:53:13: CP:C17.RCT.1037 has used '/Observer'.
15:53:13: CP:C17.RCT.1037 has used '/Observer'.
15:53:14: CP:C17.RCT.1037 has used '/Observer'.
15:53:14: CP:C17.RCT.1037 has used '/Observer'.
15:53:15: CP:C17.RCT.1037 has used '/Observer'.
15:53:15: CP:C17.RCT.1037 has used '/Observer'.
15:53:16: CP:C17.RCT.1037 has used '/Observer'.
15:53:16: CP:C17.RCT.1037 has used '/Observer'.
15:53:17: CP:C17.RCT.1037 has used '/Observer'.
15:53:18: CP:C17.RCT.1037 has used '/Observer'.
15:54:39: CP:C17.RCT.1037 has used '/Observer'.
15:54:39: CP:C17.RCT.1037 has used '/Observer'.
15:54:41: CP:C17.RCT.1037 has used '/Observer'.
15:54:41: CP:C17.RCT.1037 has used '/Observer'.
15:54:42: CP:C17.RCT.1037 has used '/Observer'.
15:54:42: CP:C17.RCT.1037 has used '/Observer'.
15:54:43: CP:C17.RCT.1037 has used '/Observer'.
15:54:43: CP:C17.RCT.1037 has used '/Observer'.
15:54:44: CP:C17.RCT.1037 has used '/Observer'.
15:54:44: CP:C17.RCT.1037 has used '/Observer'.
15:54:45: CP:C17.RCT.1037 has used '/Observer'.
15:54:45: CP:C17.RCT.1037 has used '/Observer'.
15:54:46: CP:C17.RCT.1037 has used '/Observer'.
15:54:46: CP:C17.RCT.1037 has used '/Observer'.
15:55:28: CP:C17.RCT.1037 has used '/Observer'.
15:55:28: CP:C17.RCT.1037 has used '/Observer'.
15:55:30: CP:C17.RCT.1037 has used '/Observer'.
15:55:53: CP:C17.RCT.1037 has used '/Observer'.
15:55:53: CP:C17.RCT.1037 has used '/Observer'.
15:55:53: CP:C17.RCT.1037 has used '/Observer'.
15:55:55: CP:C17.RCT.1037 has used '/Observer'.
15:55:56: CP:C17.RCT.1037 has used '/Observer'.
16:04:30: CP:C17.RCT.1037 has used '/Observer'.
16:04:30: CP:C17.RCT.1037 has used '/Observer'.
16:04:34: CP:C17.RCT.1037 has used '/Observer'.
16:04:34: CP:C17.RCT.1037 has used '/Observer'.
16:05:20: CP:C17.RCT.1037 (STEAM_0:1:44629398) has disconnected.
20:38:51: SchωarzKruppzo (STEAM_0:1:44629398) has connected.
20:39:36: SchωarzKruppzo has loaded the character 'CP:C17.RCT.1037'.
20:39:39: CP:C17.RCT.1037 has used '/Observer'.
20:39:39: CP:C17.RCT.1037 has used '/Observer'.
20:39:47: CP:C17.RCT.1037 has used '/Observer'.
20:39:52: CP:C17.RCT.1037 has used '/Observer'.
20:40:01: CP:C17.RCT.1037 has lost a USP Match 1459595161.
20:40:01: CP:C17.RCT.1037 has used '/InvAction use sxbase_uspmatch 1459595161.00'.
20:40:03: CP:C17.RCT.1037 has lost a M40A1 w/ Optic 1459601237.
20:40:03: CP:C17.RCT.1037 has used '/InvAction use sxbase_m40a1optic 1459601237.00'.
20:40:05: CP:C17.RCT.1037 has used '/InvAction use sxbase_m40a1optic 1459601237.00'.
20:40:17: CP:C17.RCT.1037 has used '/CharGiveItem kruppzo m9'.
20:40:22: CP:C17.RCT.1037 has gained a M9 Beretta 1459618823.
20:40:22: CP:C17.RCT.1037 has used '/CharGiveItem cp m9'.
20:40:25: CP:C17.RCT.1037 has used '/InvAction use sxbase_m9 1459618823.00'.
20:40:36: CP:C17.RCT.1037 has used '/InvAction use sxbase_m9 1459618823.00'.
20:42:37: CP:C17.RCT.1037 (STEAM_0:1:44629398) has disconnected.
21:18:51: SchωarzKruppzo (STEAM_0:1:44629398) has connected.
21:19:41: SchωarzKruppzo has loaded the character 'CP:C17.RCT.1037'.
21:19:45: CP:C17.RCT.1037 has used '/Observer'.
21:19:46: CP:C17.RCT.1037 has used '/Observer'.
21:20:04: CP:C17.RCT.1037 has gained a M7A3 Flashbang 1459621205.
21:20:04: CP:C17.RCT.1037 has used '/CharGiveItem cp sxbase_fg'.
21:20:06: CP:C17.RCT.1037 has gained a MK3A1 1459621208.
21:20:06: CP:C17.RCT.1037 has used '/CharGiveItem cp sxbase_he'.
21:20:11: CP:C17.RCT.1037 has gained a M7A3 Smoke Grenade 1459621214.
21:20:11: CP:C17.RCT.1037 has used '/CharGiveItem cp sxbase_sg'.
21:20:15: CP:C17.RCT.1037 has lost a M7A3 Flashbang 1459621205.
21:20:15: CP:C17.RCT.1037 has used '/InvAction use sxbase_fg 1459621205.00'.
21:20:17: CP:C17.RCT.1037 has lost a MK3A1 1459621208.
21:20:17: CP:C17.RCT.1037 has used '/InvAction use sxbase_he 1459621208.00'.
21:20:18: CP:C17.RCT.1037 has lost a M7A3 Smoke Grenade 1459621214.
21:20:18: CP:C17.RCT.1037 has used '/InvAction use sxbase_sg 1459621214.00'.
21:21:03: CP:C17.RCT.1037 has used '/Observer'.
21:21:05: CP:C17.RCT.1037 has used '/Observer'.
21:22:08: CP:C17.RCT.1037 has lost a M40A1 w/ Optic 1459601237.
21:22:08: CP:C17.RCT.1037 has used '/InvAction use sxbase_m40a1optic 1459601237.00'.
21:29:44: CP:C17.RCT.1037 has gained a M7A3 Smoke Grenade 1459621788.
21:29:44: CP:C17.RCT.1037 has used '/CharGiveItem cp sxbase_sg'.
21:29:45: CP:C17.RCT.1037 has gained a MK3A1 1459621790.
21:29:45: CP:C17.RCT.1037 has used '/CharGiveItem cp sxbase_he'.
21:29:45: CP:C17.RCT.1037 has gained a M7A3 Smoke Grenade 1459621791.
21:29:45: CP:C17.RCT.1037 has used '/CharGiveItem cp sxbase_sg'.
21:29:50: CP:C17.RCT.1037 has used '/CharGiveItem cp sxbase_fb'.
21:29:54: CP:C17.RCT.1037 has gained a M7A3 Flashbang 1459621801.
21:29:54: CP:C17.RCT.1037 has used '/CharGiveItem cp sxbase_fg'.
21:29:57: CP:C17.RCT.1037 has lost a M7A3 Flashbang 1459621801.
21:29:57: CP:C17.RCT.1037 has used '/InvAction use sxbase_fg 1459621801.00'.
21:30:14: CP:C17.RCT.1037 has lost a MK3A1 1459621790.
21:30:14: CP:C17.RCT.1037 has used '/InvAction use sxbase_he 1459621790.00'.
21:36:45: SchωarzKruppzo (STEAM_0:1:44629398) has connected.
21:37:35: SchωarzKruppzo has loaded the character 'CP:C17.RCT.1037'.
21:37:49: CP:C17.RCT.1037 has lost a M7A3 Flashbang 1459621801.
21:37:49: CP:C17.RCT.1037 has used '/InvAction use sxbase_fg 1459621801.00'.
21:37:52: CP:C17.RCT.1037 has lost a M7A3 Smoke Grenade 1459621791.
21:37:52: CP:C17.RCT.1037 has used '/InvAction use sxbase_sg 1459621791.00'.
21:37:53: CP:C17.RCT.1037 has lost a MK3A1 1459621790.
21:37:53: CP:C17.RCT.1037 has used '/InvAction use sxbase_he 1459621790.00'.
21:38:16: CP:C17.RCT.1037 has lost a USP Match 1459595161.
21:38:16: CP:C17.RCT.1037 has used '/InvAction use sxbase_uspmatch 1459595161.00'.
21:39:13: CP:C17.RCT.1037 has used '/Observer'.
21:39:14: CP:C17.RCT.1037 has used '/Observer'.
21:39:15: CP:C17.RCT.1037 has used '/Observer'.
21:39:35: CP:C17.RCT.1037 has used '/Observer'.
21:39:44: CP:C17.RCT.1037 has used '/Observer'.
21:39:45: CP:C17.RCT.1037 has used '/Observer'.
21:42:52: CP:C17.RCT.1037 has gained a M7A3 Flashbang 1459622573.
21:42:52: CP:C17.RCT.1037 has used '/CharGiveItem cp sxbase_fg'.
21:42:54: CP:C17.RCT.1037 has used '/InvAction use sxbase_fg 1459622573.00'.
21:43:00: CP:C17.RCT.1037 has lost a M7A3 Flashbang 1459622573.
21:43:00: CP:C17.RCT.1037 has used '/InvAction use sxbase_fg 1459622573.00'.
21:43:21: CP:C17.RCT.1037 has used '/Observer'.
21:43:21: CP:C17.RCT.1037 has used '/Observer'.
21:43:22: CP:C17.RCT.1037 has used '/Observer'.
21:43:22: CP:C17.RCT.1037 has used '/Observer'.
21:43:23: CP:C17.RCT.1037 has used '/Observer'.
21:43:24: CP:C17.RCT.1037 has used '/Observer'.
21:43:43: CP:C17.RCT.1037 has gained a M7A3 Flashbang 1459622625.
21:43:43: CP:C17.RCT.1037 has used '/CharGiveItem cp sxbase_fg'.
21:43:50: CP:C17.RCT.1037 has lost a M7A3 Flashbang 1459622625.
21:43:50: CP:C17.RCT.1037 has used '/InvAction use sxbase_fg 1459622625.00'.
21:43:53: CP:C17.RCT.1037 has used '/Observer'.
21:43:53: CP:C17.RCT.1037 has used '/Observer'.
21:44:01: CP:C17.RCT.1037 has used '/Observer'.
21:44:02: CP:C17.RCT.1037 has used '/Observer'.
21:44:03: CP:C17.RCT.1037 has used '/Observer'.
21:46:28: CP:C17.RCT.1037 has used '/Observer'.
21:46:44: CP:C17.RCT.1037 has used '/Observer'.
21:46:45: CP:C17.RCT.1037 has used '/Observer'.
21:46:47: CP:C17.RCT.1037 has used '/Observer'.
21:46:47: CP:C17.RCT.1037 has used '/Observer'.
21:46:49: CP:C17.RCT.1037 has used '/Observer'.
21:46:49: CP:C17.RCT.1037 has used '/Observer'.
21:46:51: CP:C17.RCT.1037 has used '/Observer'.
21:46:52: CP:C17.RCT.1037 has used '/Observer'.
21:50:26: CP:C17.RCT.1037 has taken 41 damage from worldspawn, leaving them at 23 health and 134 armor!
21:51:52: CP:C17.RCT.1037 has used '/Observer'.
21:51:53: CP:C17.RCT.1037 has used '/Observer'.
21:51:54: CP:C17.RCT.1037 has used '/Observer'.
21:51:54: CP:C17.RCT.1037 has used '/Observer'.
21:51:55: CP:C17.RCT.1037 has used '/Observer'.
21:51:56: CP:C17.RCT.1037 has used '/Observer'.
21:51:57: CP:C17.RCT.1037 has used '/Observer'.
21:51:57: CP:C17.RCT.1037 has used '/Observer'.
21:51:58: CP:C17.RCT.1037 has used '/Observer'.
21:51:58: CP:C17.RCT.1037 has used '/Observer'.
21:51:59: CP:C17.RCT.1037 has used '/Observer'.
21:51:59: CP:C17.RCT.1037 has used '/Observer'.
21:52:01: CP:C17.RCT.1037 has used '/Observer'.
21:52:03: CP:C17.RCT.1037 has used '/Observer'.
21:52:04: CP:C17.RCT.1037 has used '/Observer'.
21:52:05: CP:C17.RCT.1037 has used '/Observer'.
21:52:07: CP:C17.RCT.1037 has used '/Observer'.
21:52:07: CP:C17.RCT.1037 has used '/Observer'.
21:52:09: CP:C17.RCT.1037 has used '/Observer'.
21:52:09: CP:C17.RCT.1037 has used '/Observer'.
21:52:10: CP:C17.RCT.1037 has used '/Observer'.
21:52:11: CP:C17.RCT.1037 has used '/Observer'.
21:52:12: CP:C17.RCT.1037 has used '/Observer'.
21:52:13: CP:C17.RCT.1037 has used '/Observer'.
21:52:13: CP:C17.RCT.1037 has used '/Observer'.
21:52:15: CP:C17.RCT.1037 has used '/Observer'.
21:52:16: CP:C17.RCT.1037 has used '/Observer'.
21:52:17: CP:C17.RCT.1037 has used '/Observer'.
21:52:17: CP:C17.RCT.1037 has used '/Observer'.
21:52:19: CP:C17.RCT.1037 has used '/Observer'.
21:52:19: CP:C17.RCT.1037 has used '/Observer'.
21:52:20: CP:C17.RCT.1037 has used '/Observer'.
21:52:21: CP:C17.RCT.1037 has used '/Observer'.
21:52:21: CP:C17.RCT.1037 has used '/Observer'.
21:52:22: CP:C17.RCT.1037 has used '/Observer'.
21:52:22: CP:C17.RCT.1037 has used '/Observer'.
21:52:23: CP:C17.RCT.1037 has used '/Observer'.
21:52:24: CP:C17.RCT.1037 has used '/Observer'.
21:52:24: CP:C17.RCT.1037 has used '/Observer'.
21:52:25: CP:C17.RCT.1037 has used '/Observer'.
21:52:25: CP:C17.RCT.1037 has used '/Observer'.
21:52:26: CP:C17.RCT.1037 has used '/Observer'.
21:52:27: CP:C17.RCT.1037 has used '/Observer'.
21:52:28: CP:C17.RCT.1037 has used '/Observer'.
21:55:13: CP:C17.RCT.1037 has used '/Observer'.
21:55:23: CP:C17.RCT.1037 has used '/Observer'.
21:55:24: CP:C17.RCT.1037 has used '/Observer'.
21:55:40: CP:C17.RCT.1037 has used '/Observer'.
21:55:40: CP:C17.RCT.1037 has used '/Observer'.
21:55:41: CP:C17.RCT.1037 has used '/Observer'.
21:59:18: CP:C17.RCT.1037 has used '/Observer'.
21:59:21: CP:C17.RCT.1037 has used '/Observer'.
21:59:42: CP:C17.RCT.1037 has lost a M7A3 Smoke Grenade 1459621791.
21:59:42: CP:C17.RCT.1037 has lost a MK3A1 1459621790.
21:59:42: CP:C17.RCT.1037 has lost a USP Match 1459595161.
21:59:42: worldspawn has dealt 41 damage to CP:C17.RCT.1037, killing them!
22:02:21: CP:C17.RCT.1037 has used '/Observer'.
22:02:24: CP:C17.RCT.1037 has used '/Observer'.
22:02:26: CP:C17.RCT.1037 has used '/Observer'.
22:02:27: CP:C17.RCT.1037 has used '/Observer'.
22:02:28: CP:C17.RCT.1037 has used '/Observer'.
22:02:29: CP:C17.RCT.1037 has used '/Observer'.
22:02:30: CP:C17.RCT.1037 has used '/Observer'.
22:02:30: CP:C17.RCT.1037 has used '/Observer'.
22:02:32: CP:C17.RCT.1037 has used '/Observer'.
22:02:33: CP:C17.RCT.1037 has used '/Observer'.
22:02:35: CP:C17.RCT.1037 has used '/Observer'.
22:02:36: CP:C17.RCT.1037 has used '/Observer'.
22:02:44: CP:C17.RCT.1037 has used '/Observer'.
22:02:45: CP:C17.RCT.1037 has used '/Observer'.
22:02:45: CP:C17.RCT.1037 has used '/Observer'.
22:02:46: CP:C17.RCT.1037 has used '/Observer'.
22:02:47: CP:C17.RCT.1037 has used '/Observer'.
22:02:47: CP:C17.RCT.1037 has used '/Observer'.
22:02:48: CP:C17.RCT.1037 has used '/Observer'.
22:02:48: CP:C17.RCT.1037 has used '/Observer'.
22:02:49: CP:C17.RCT.1037 has used '/Observer'.
22:02:49: CP:C17.RCT.1037 has used '/Observer'.
22:02:50: CP:C17.RCT.1037 has used '/Observer'.
22:02:52: CP:C17.RCT.1037 has used '/Observer'.
22:02:53: CP:C17.RCT.1037 has used '/Observer'.
22:02:54: CP:C17.RCT.1037 has used '/Observer'.
22:02:55: CP:C17.RCT.1037 has used '/Observer'.
22:02:57: CP:C17.RCT.1037 has used '/Observer'.
22:02:57: CP:C17.RCT.1037 has used '/Observer'.
22:02:58: CP:C17.RCT.1037 has used '/Observer'.
22:02:58: CP:C17.RCT.1037 has used '/Observer'.
22:02:58: CP:C17.RCT.1037 has used '/Observer'.
22:02:59: CP:C17.RCT.1037 has used '/Observer'.
22:02:59: CP:C17.RCT.1037 has used '/Observer'.
22:03:01: CP:C17.RCT.1037 has used '/Observer'.
22:03:02: CP:C17.RCT.1037 has used '/Observer'.
22:03:02: CP:C17.RCT.1037 has used '/Observer'.
22:03:02: CP:C17.RCT.1037 has used '/Observer'.
22:03:05: CP:C17.RCT.1037 has used '/Observer'.
22:03:06: CP:C17.RCT.1037 has used '/Observer'.
22:03:08: CP:C17.RCT.1037 has used '/Observer'.
22:03:08: CP:C17.RCT.1037 has used '/Observer'.
22:03:09: CP:C17.RCT.1037 has used '/Observer'.
22:03:09: CP:C17.RCT.1037 has used '/Observer'.
22:03:10: CP:C17.RCT.1037 has used '/Observer'.
22:03:10: CP:C17.RCT.1037 has used '/Observer'.
22:03:12: CP:C17.RCT.1037 has used '/Observer'.
22:03:13: CP:C17.RCT.1037 has used '/Observer'.
22:03:14: CP:C17.RCT.1037 has used '/Observer'.
22:03:14: CP:C17.RCT.1037 has used '/Observer'.
22:06:51: CP:C17.RCT.1037 has used '/Observer'.
22:06:52: CP:C17.RCT.1037 has used '/Observer'.
22:06:53: CP:C17.RCT.1037 has used '/Observer'.
22:06:54: CP:C17.RCT.1037 has used '/Observer'.
22:06:54: CP:C17.RCT.1037 has used '/Observer'.
22:06:55: CP:C17.RCT.1037 has used '/Observer'.
22:06:57: CP:C17.RCT.1037 has used '/Observer'.
22:06:58: CP:C17.RCT.1037 has used '/Observer'.
22:07:01: CP:C17.RCT.1037 (STEAM_0:1:44629398) has disconnected.
22:21:10: SchωarzKruppzo (STEAM_0:1:44629398) has connected.
22:24:02: SchωarzKruppzo has loaded the character 'CP:C17.RCT.1037'.
22:24:04: CP:C17.RCT.1037 has used '/Observer'.
22:24:05: CP:C17.RCT.1037 has used '/Observer'.
22:24:14: CP:C17.RCT.1037 has lost a M40A1 w/ Optic 1459601237.
22:24:14: CP:C17.RCT.1037 has used '/InvAction use sxbase_m40a1optic 1459601237.00'.
22:24:17: CP:C17.RCT.1037 has lost a M9 Beretta 1459618823.
22:24:17: CP:C17.RCT.1037 has used '/InvAction use sxbase_m9 1459618823.00'.
22:24:18: CP:C17.RCT.1037 has lost a M7A3 Smoke Grenade 1459621788.
22:24:18: CP:C17.RCT.1037 has used '/InvAction use sxbase_sg 1459621788.00'.
22:24:30: CP:C17.RCT.1037 has gained a 7.62x51mm Bullets 1459625071.
22:24:30: CP:C17.RCT.1037 has used '/CharGiveItem cp 7.62'.
22:24:34: CP:C17.RCT.1037 has lost a 7.62x51mm Bullets 1459625071.
22:24:34: CP:C17.RCT.1037 has used '/InvAction use ammo_762x51 1459625071.00'.
22:24:35: CP:C17.RCT.1037 has lost a 7.62x51mm Bullets 1459595219.
22:24:35: CP:C17.RCT.1037 has used '/InvAction use ammo_762x51 1459595219.00'.
22:25:16: CP:C17.RCT.1037 has taken 27 damage from worldspawn, leaving them at 73 health and 50 armor!
22:25:48: CP:C17.RCT.1037 has used '/Observer'.
22:25:49: CP:C17.RCT.1037 has used '/Observer'.
22:25:49: CP:C17.RCT.1037 has used '/Observer'.
22:25:53: CP:C17.RCT.1037 has used '/Observer'.
22:26:04: CP:C17.RCT.1037 has used '/Observer'.
22:26:05: CP:C17.RCT.1037 has used '/Observer'.
22:26:25: CP:C17.RCT.1037 (STEAM_0:1:44629398) has disconnected.
22:30:58: SchωarzKruppzo (STEAM_0:1:44629398) has connected.
22:31:30: SchωarzKruppzo has loaded the character 'CP:C17.RCT.1037'.
22:31:41: CP:C17.RCT.1037 has lost a M40A1 w/ Optic 1459601237.
22:31:41: CP:C17.RCT.1037 has used '/InvAction use sxbase_m40a1optic 1459601237.00'.
22:31:44: CP:C17.RCT.1037 has lost a M7A3 Smoke Grenade 1459621788.
22:31:44: CP:C17.RCT.1037 has used '/InvAction use sxbase_sg 1459621788.00'.
22:31:45: CP:C17.RCT.1037 has lost a M9 Beretta 1459618823.
22:31:45: CP:C17.RCT.1037 has used '/InvAction use sxbase_m9 1459618823.00'.
22:32:55: CP:C17.RCT.1037 has used '/Observer'.
22:32:56: CP:C17.RCT.1037 has used '/Observer'.
22:33:33: CP:C17.RCT.1037 has used '/Observer'.
22:33:34: CP:C17.RCT.1037 has used '/Observer'.
22:33:35: CP:C17.RCT.1037 has used '/Observer'.
22:33:35: CP:C17.RCT.1037 has used '/Observer'.
22:33:37: CP:C17.RCT.1037 has used '/Observer'.
22:33:38: CP:C17.RCT.1037 has used '/Observer'.
22:33:49: CP:C17.RCT.1037 has used '/Observer'.
22:33:50: CP:C17.RCT.1037 has used '/Observer'.
22:33:51: CP:C17.RCT.1037 has used '/Observer'.
22:33:52: CP:C17.RCT.1037 has used '/Observer'.
22:34:32: CP:C17.RCT.1037 (STEAM_0:1:44629398) has disconnected.
