14:04:51: SchωarzKrµppzo (STEAM_0:1:44629398) has connected.
14:08:41: SchωarzKrµppzo has loaded the character 'C45:CP.APEX.OfC.00228'.
14:09:04: C45:CP.APEX.OfC.00228 has used '/Observer'.
14:09:08: C45:CP.APEX.OfC.00228 has used '/Observer'.
14:09:21: C45:CP.APEX.OfC.00228 has used '/PlyRespawnStay rct'.
14:09:25: C45:CP.APEX.OfC.00228 has used '/PlyRespawnStay cp'.
14:09:29: C45:CP.APEX.OfC.00228 has used '/Observer'.
14:09:31: C45:CP.APEX.OfC.00228 has used '/Observer'.
14:09:36: SchωarzKrµppzo has loaded the character 'asdasdasdada'.
14:09:37: asdasdasdada has used '/Observer'.
14:09:39: asdasdasdada has used '/Observer'.
14:09:40: asdasdasdada has used '/Observer'.
14:09:41: asdasdasdada has used '/Observer'.
14:09:42: asdasdasdada has used '/Observer'.
14:09:47: asdasdasdada has used '/Observer'.
14:09:49: asdasdasdada has used '/Observer'.
14:09:49: asdasdasdada has used '/Observer'.
14:09:53: asdasdasdada has used '/Observer'.
14:09:54: asdasdasdada has used '/Observer'.
14:09:54: asdasdasdada has used '/Observer'.
14:09:56: asdasdasdada has used '/Observer'.
14:09:56: asdasdasdada has used '/Observer'.
14:09:57: asdasdasdada has used '/Observer'.
14:09:58: asdasdasdada has used '/Observer'.
14:10:01: asdasdasdada has used '/Observer'.
14:10:03: asdasdasdada has used '/Observer'.
14:10:04: asdasdasdada has used '/Observer'.
14:10:04: asdasdasdada has used '/Observer'.
14:10:05: asdasdasdada has used '/Observer'.
14:10:06: asdasdasdada has used '/Observer'.
14:10:06: asdasdasdada has used '/Observer'.
14:10:06: asdasdasdada has used '/Observer'.
14:10:07: asdasdasdada has used '/Observer'.
14:10:08: asdasdasdada has used '/Observer'.
14:10:09: asdasdasdada has used '/Observer'.
14:10:09: asdasdasdada has used '/Observer'.
14:10:09: asdasdasdada has used '/Observer'.
14:10:11: asdasdasdada has taken 35 damage from worldspawn, leaving them at 65 health!
14:10:14: asdasdasdada has used '/Observer'.
14:10:14: asdasdasdada has used '/Observer'.
14:10:16: asdasdasdada has used '/Observer'.
14:10:16: asdasdasdada has used '/Observer'.
21:45:47: SchωarzKrµppzo (STEAM_0:1:44629398) has connected.
21:47:57: SchωarzKrµppzo has loaded the character 'C45:CP.APEX.OfC.00228'.
21:50:12: C45:CP.APEX.OfC.00228 has spawned 'models/props_c17/concrete_barrier001a.mdl'.
21:50:12: C45:CP.APEX.OfC.00228 has spawned 'models/props_c17/concrete_barrier001a.mdl'.
21:52:26: C45:CP.APEX.OfC.00228 has used '/Observer'.
21:52:26: C45:CP.APEX.OfC.00228 has used '/Observer'.
21:52:27: C45:CP.APEX.OfC.00228 has used '/Observer'.
21:52:28: C45:CP.APEX.OfC.00228 has used '/Observer'.
21:52:39: C45:CP.APEX.OfC.00228 has spawned 'models/props_c17/oildrum001.mdl'.
21:52:39: C45:CP.APEX.OfC.00228 has spawned 'models/props_c17/oildrum001.mdl'.
21:56:39: C45:CP.APEX.OfC.00228 has used '/Observer'.
21:56:40: C45:CP.APEX.OfC.00228 has used '/Observer'.
21:56:41: C45:CP.APEX.OfC.00228 has used '/Observer'.
21:56:41: C45:CP.APEX.OfC.00228 has used '/Observer'.
21:56:41: C45:CP.APEX.OfC.00228 has used '/Observer'.
21:56:42: C45:CP.APEX.OfC.00228 has used '/Observer'.
21:56:43: C45:CP.APEX.OfC.00228 has used '/Observer'.
21:56:43: C45:CP.APEX.OfC.00228 has used '/Observer'.
21:56:44: C45:CP.APEX.OfC.00228 has used '/Observer'.
21:56:45: C45:CP.APEX.OfC.00228 has used '/Observer'.
21:56:46: C45:CP.APEX.OfC.00228 has used '/Observer'.
21:56:46: C45:CP.APEX.OfC.00228 has used '/Observer'.
21:57:20: C45:CP.APEX.OfC.00228 has used '/Observer'.
21:57:20: C45:CP.APEX.OfC.00228 has used '/Observer'.
21:57:22: C45:CP.APEX.OfC.00228 has used '/Observer'.
21:57:23: C45:CP.APEX.OfC.00228 has used '/Observer'.
21:57:24: C45:CP.APEX.OfC.00228 has used '/Observer'.
21:57:25: C45:CP.APEX.OfC.00228 has used '/Observer'.
21:57:27: C45:CP.APEX.OfC.00228 has used '/Observer'.
21:57:28: C45:CP.APEX.OfC.00228 has used '/Observer'.
21:57:29: C45:CP.APEX.OfC.00228 has used '/Observer'.
21:57:29: C45:CP.APEX.OfC.00228 has used '/Observer'.
22:58:00: SchωarzKrµppzo (STEAM_0:1:44629398) has connected.
22:58:55: SchωarzKrµppzo has loaded the character 'C45:CP.APEX.OfC.00228'.
22:59:11: C45:CP.APEX.OfC.00228 has used '/Observer'.
22:59:12: C45:CP.APEX.OfC.00228 has used '/Observer'.
22:59:12: C45:CP.APEX.OfC.00228 has used '/Observer'.
22:59:12: C45:CP.APEX.OfC.00228 has used '/Observer'.
22:59:13: C45:CP.APEX.OfC.00228 has used '/Observer'.
22:59:13: C45:CP.APEX.OfC.00228 has used '/Observer'.
23:01:22: C45:CP.APEX.OfC.00228 has used '/Observer'.
23:01:22: C45:CP.APEX.OfC.00228 has used '/Observer'.
23:01:23: C45:CP.APEX.OfC.00228 has used '/Observer'.
23:01:23: C45:CP.APEX.OfC.00228 has used '/Observer'.
23:01:29: C45:CP.APEX.OfC.00228 has used '/Observer'.
23:01:29: C45:CP.APEX.OfC.00228 has used '/Observer'.
23:01:42: C45:CP.APEX.OfC.00228 has used '/Observer'.
23:01:44: C45:CP.APEX.OfC.00228 has used '/Observer'.
23:01:46: C45:CP.APEX.OfC.00228 has used '/Observer'.
23:01:47: C45:CP.APEX.OfC.00228 has used '/Observer'.
23:01:47: C45:CP.APEX.OfC.00228 has used '/Observer'.
23:01:48: C45:CP.APEX.OfC.00228 has used '/Observer'.
23:02:02: C45:CP.APEX.OfC.00228 has used '/ContainmentSpherePlace 100 10'.
23:02:03: C45:CP.APEX.OfC.00228 has used '/Observer'.
23:02:20: C45:CP.APEX.OfC.00228 has used '/Observer'.
23:02:20: C45:CP.APEX.OfC.00228 has used '/Observer'.
23:02:43: C45:CP.APEX.OfC.00228 has used '/ContainmentSpherePlace 100 10'.
23:02:50: C45:CP.APEX.OfC.00228 has used '/Observer'.
23:02:51: C45:CP.APEX.OfC.00228 has used '/Observer'.
23:04:36: C45:CP.APEX.OfC.00228 has used '/Observer'.
23:04:38: C45:CP.APEX.OfC.00228 has used '/Observer'.
23:04:39: C45:CP.APEX.OfC.00228 has used '/Observer'.
23:05:13: C45:CP.APEX.OfC.00228 has used '/Observer'.
23:05:46: C45:CP.APEX.OfC.00228 has used '/Observer'.
23:05:47: C45:CP.APEX.OfC.00228 has used '/Observer'.
23:05:48: C45:CP.APEX.OfC.00228 has used '/Observer'.
23:05:49: C45:CP.APEX.OfC.00228 has used '/Observer'.
23:05:49: C45:CP.APEX.OfC.00228 has used '/Observer'.
23:05:49: C45:CP.APEX.OfC.00228 has used '/Observer'.
23:05:50: C45:CP.APEX.OfC.00228 has used '/Observer'.
23:05:52: C45:CP.APEX.OfC.00228 has used '/Observer'.
23:05:52: C45:CP.APEX.OfC.00228 has used '/Observer'.
23:05:53: C45:CP.APEX.OfC.00228 has used '/Observer'.
23:05:53: C45:CP.APEX.OfC.00228 has used '/Observer'.
23:05:55: C45:CP.APEX.OfC.00228 has used '/Observer'.
23:06:02: C45:CP.APEX.OfC.00228 has used '/ContainmentBoxStartPos'.
23:06:09: C45:CP.APEX.OfC.00228 has used '/ContainmentBoxEndPos'.
23:06:13: C45:CP.APEX.OfC.00228 has used '/ContainmentBoxPlace 100'.
23:06:29: C45:CP.APEX.OfC.00228 has used '/Observer'.
23:06:30: C45:CP.APEX.OfC.00228 has used '/Observer'.
23:06:30: C45:CP.APEX.OfC.00228 has used '/Observer'.
23:06:31: C45:CP.APEX.OfC.00228 has used '/Observer'.
23:07:13: C45:CP.APEX.OfC.00228 has used '/ContainmentSpherePlace 100 10'.
23:07:40: C45:CP.APEX.OfC.00228 has used '/Observer'.
23:07:41: C45:CP.APEX.OfC.00228 has used '/Observer'.
23:08:53: C45:CP.APEX.OfC.00228 has used '/Observer'.
23:08:54: C45:CP.APEX.OfC.00228 has used '/Observer'.
23:08:55: C45:CP.APEX.OfC.00228 has used '/Observer'.
23:08:57: C45:CP.APEX.OfC.00228 has used '/Observer'.
23:08:58: C45:CP.APEX.OfC.00228 has used '/Observer'.
23:08:59: C45:CP.APEX.OfC.00228 has used '/Observer'.
23:09:00: C45:CP.APEX.OfC.00228 has used '/Observer'.
23:09:01: C45:CP.APEX.OfC.00228 has used '/Observer'.
23:09:02: C45:CP.APEX.OfC.00228 has used '/Observer'.
23:09:04: C45:CP.APEX.OfC.00228 has used '/Observer'.
23:09:04: C45:CP.APEX.OfC.00228 has used '/Observer'.
23:09:05: C45:CP.APEX.OfC.00228 has used '/Observer'.
23:09:06: C45:CP.APEX.OfC.00228 has used '/Observer'.
23:09:06: C45:CP.APEX.OfC.00228 has used '/Observer'.
23:09:36: C45:CP.APEX.OfC.00228 has used '/Observer'.
23:09:37: C45:CP.APEX.OfC.00228 has used '/Observer'.
23:09:37: C45:CP.APEX.OfC.00228 has used '/Observer'.
23:09:37: C45:CP.APEX.OfC.00228 has used '/Observer'.
23:09:45: C45:CP.APEX.OfC.00228 has used '/Observer'.
23:09:46: C45:CP.APEX.OfC.00228 has used '/Observer'.
23:11:41: C45:CP.APEX.OfC.00228 has used '/Observer'.
23:11:43: C45:CP.APEX.OfC.00228 has used '/Observer'.
23:12:56: C45:CP.APEX.OfC.00228 has used '/Observer'.
23:12:57: C45:CP.APEX.OfC.00228 has used '/Observer'.
23:13:03: C45:CP.APEX.OfC.00228 has used '/Observer'.
23:13:05: C45:CP.APEX.OfC.00228 has used '/Observer'.
23:13:11: C45:CP.APEX.OfC.00228 has used '/Observer'.
23:13:13: C45:CP.APEX.OfC.00228 has used '/Observer'.
23:13:17: C45:CP.APEX.OfC.00228 has used '/Observer'.
23:13:18: C45:CP.APEX.OfC.00228 has used '/Observer'.
23:13:19: C45:CP.APEX.OfC.00228 has used '/Observer'.
23:13:21: C45:CP.APEX.OfC.00228 has used '/Observer'.
23:13:21: C45:CP.APEX.OfC.00228 has used '/Observer'.
23:13:23: C45:CP.APEX.OfC.00228 has used '/Observer'.
23:13:23: C45:CP.APEX.OfC.00228 has used '/Observer'.
23:13:28: C45:CP.APEX.OfC.00228 has used '/Observer'.
23:13:28: C45:CP.APEX.OfC.00228 has used '/Observer'.
23:13:30: C45:CP.APEX.OfC.00228 has used '/Observer'.
23:13:30: C45:CP.APEX.OfC.00228 has used '/Observer'.
23:13:46: C45:CP.APEX.OfC.00228 has used '/Observer'.
23:13:46: C45:CP.APEX.OfC.00228 has used '/Observer'.
23:14:07: C45:CP.APEX.OfC.00228 has used '/Observer'.
23:14:08: C45:CP.APEX.OfC.00228 has used '/Observer'.
23:14:10: C45:CP.APEX.OfC.00228 has used '/Observer'.
23:14:11: C45:CP.APEX.OfC.00228 has used '/Observer'.
23:30:12: C45:CP.APEX.OfC.00228 has used '/Observer'.
23:30:13: C45:CP.APEX.OfC.00228 has used '/Observer'.
23:30:40: C45:CP.APEX.OfC.00228 has used '/Observer'.
23:30:41: C45:CP.APEX.OfC.00228 has used '/Observer'.
23:30:43: C45:CP.APEX.OfC.00228 has used '/Observer'.
23:30:44: C45:CP.APEX.OfC.00228 has used '/Observer'.
23:30:54: C45:CP.APEX.OfC.00228 has used '/Observer'.
23:30:54: C45:CP.APEX.OfC.00228 has used '/Observer'.
23:30:56: C45:CP.APEX.OfC.00228 has used '/Observer'.
23:31:00: C45:CP.APEX.OfC.00228 has used '/ContainmentSpherePlace 100 10'.
23:31:05: C45:CP.APEX.OfC.00228 has used '/Observer'.
23:31:06: C45:CP.APEX.OfC.00228 has used '/Observer'.
23:31:07: C45:CP.APEX.OfC.00228 has used '/Observer'.
23:32:16: C45:CP.APEX.OfC.00228 has used '/Observer'.
23:32:17: C45:CP.APEX.OfC.00228 has used '/Observer'.
23:34:23: C45:CP.APEX.OfC.00228 has used '/Observer'.
23:34:25: C45:CP.APEX.OfC.00228 has used '/Observer'.
23:34:27: C45:CP.APEX.OfC.00228 has used '/Observer'.
23:34:27: C45:CP.APEX.OfC.00228 has used '/Observer'.
23:34:28: C45:CP.APEX.OfC.00228 has used '/Observer'.
23:34:28: C45:CP.APEX.OfC.00228 has used '/Observer'.
23:34:29: C45:CP.APEX.OfC.00228 has used '/Observer'.
23:34:30: C45:CP.APEX.OfC.00228 has used '/Observer'.
23:34:37: C45:CP.APEX.OfC.00228 has used '/Observer'.
23:34:38: C45:CP.APEX.OfC.00228 has used '/Observer'.
23:34:39: C45:CP.APEX.OfC.00228 has used '/Observer'.
23:34:40: C45:CP.APEX.OfC.00228 has used '/Observer'.
23:34:40: C45:CP.APEX.OfC.00228 has used '/Observer'.
23:34:40: C45:CP.APEX.OfC.00228 has used '/Observer'.
23:34:41: C45:CP.APEX.OfC.00228 has used '/Observer'.
23:34:42: C45:CP.APEX.OfC.00228 has used '/Observer'.
23:40:32: C45:CP.APEX.OfC.00228 has used '/Observer'.
23:40:48: C45:CP.APEX.OfC.00228 has used '/ContainmentSpherePlace 100 500'.
23:40:53: C45:CP.APEX.OfC.00228 has used '/Observer'.
23:41:08: C45:CP.APEX.OfC.00228 has used '/Observer'.
23:41:09: C45:CP.APEX.OfC.00228 has used '/Observer'.
23:56:44: C45:CP.APEX.OfC.00228 has used '/Observer'.
23:56:44: C45:CP.APEX.OfC.00228 has used '/Observer'.
23:56:46: C45:CP.APEX.OfC.00228 has used '/Observer'.
23:56:46: C45:CP.APEX.OfC.00228 has used '/Observer'.
