13:24:36: SchωarzKruppzo (STEAM_0:1:44629398) has connected.
13:26:04: SchωarzKruppzo has loaded the character 'CP:C17.i4.0981'.
13:26:25: CP:C17.i4.0981 has used '/PlyWhitelist cp Cremator'.
13:26:57: SchωarzKruppzo has created a Cremator character called 'OTA-CRM.140'.
13:27:03: SchωarzKruppzo has loaded the character 'OTA-CRM.140'.
13:28:35: OTA-CRM.140 has used '/InvAction use weapon_immolator 1459074419.00'.
13:28:37: OTA-CRM.140 has used '/InvAction use weapon_immolator 1459074419.00'.
13:28:39: OTA-CRM.140 has used '/InvAction use weapon_immolator 1459074419.00'.
13:29:16: OTA-CRM.140 has used '/Observer'.
13:29:17: OTA-CRM.140 has used '/Observer'.
13:30:20: OTA-CRM.140 has taken 1 damage from point_hurt, leaving them at 149 health and 100 armor!
13:31:07: OTA-CRM.140 has used '/Observer'.
13:31:09: OTA-CRM.140 has used '/Observer'.
13:31:31: OTA-CRM.140 has used '/Observer'.
13:32:21: OTA-CRM.140 has used '/Observer'.
13:32:22: OTA-CRM.140 has used '/Observer'.
13:32:23: OTA-CRM.140 has used '/Observer'.
13:32:24: OTA-CRM.140 has used '/Observer'.
13:32:24: OTA-CRM.140 has used '/Observer'.
13:32:26: OTA-CRM.140 has used '/Observer'.
13:32:26: OTA-CRM.140 has used '/Observer'.
13:32:28: OTA-CRM.140 has used '/Observer'.
13:32:33: OTA-CRM.140 has used '/Observer'.
13:32:34: OTA-CRM.140 has used '/Observer'.
13:32:34: OTA-CRM.140 has used '/Observer'.
13:32:35: OTA-CRM.140 has used '/Observer'.
13:32:41: OTA-CRM.140 has used '/Observer'.
13:32:42: OTA-CRM.140 has used '/Observer'.
13:32:43: OTA-CRM.140 has used '/Observer'.
13:32:43: OTA-CRM.140 has used '/Observer'.
13:32:44: OTA-CRM.140 has used '/Observer'.
13:32:45: OTA-CRM.140 has used '/Observer'.
13:32:45: OTA-CRM.140 has used '/Observer'.
13:32:46: OTA-CRM.140 has used '/Observer'.
13:32:46: OTA-CRM.140 has used '/Observer'.
13:32:49: OTA-CRM.140 has used '/Observer'.
13:32:49: OTA-CRM.140 has used '/Observer'.
13:32:50: OTA-CRM.140 has used '/Observer'.
13:32:55: OTA-CRM.140 has used '/Observer'.
13:32:56: OTA-CRM.140 has used '/Observer'.
13:32:56: OTA-CRM.140 has used '/Observer'.
13:32:57: OTA-CRM.140 has used '/Observer'.
13:33:09: OTA-CRM.140 has used '/Observer'.
13:33:10: OTA-CRM.140 has taken 54 damage from worldspawn, leaving them at 95 health and 99 armor!
13:33:10: OTA-CRM.140 has used '/Observer'.
13:33:11: OTA-CRM.140 has used '/Observer'.
13:33:11: worldspawn has dealt 451 damage to OTA-CRM.140, killing them!
13:33:20: SchωarzKruppzo has loaded the character 'CP:C17.i4.0981'.
13:33:21: CP:C17.i4.0981 has used '/Observer'.
13:33:21: CP:C17.i4.0981 has used '/Observer'.
13:33:23: CP:C17.i4.0981 has used '/Observer'.
13:33:24: CP:C17.i4.0981 has used '/Observer'.
13:34:03: CP:C17.SCN.0011 has used '/CharSetName CP CP:C17.SCN.0011'.
13:34:08: CP:C17.SCN.0011 has used '/PlyRespawn scn'.
13:36:32: SchωarzKruppzo (STEAM_0:1:44629398) has connected.
13:51:03: SchωarzKruppzo (STEAM_0:1:44629398) has connected.
13:52:12: SchωarzKruppzo has loaded the character 'CP:C17.SCN.0011'.
13:55:08: CP:C17.SCN.0011 has used '/Observer'.
13:55:09: CP:C17.SCN.0011 has used '/Observer'.
13:55:24: CP:C17.SCN.0011 has used '/Observer'.
13:55:25: CP:C17.SCN.0011 has used '/Observer'.
13:55:25: CP:C17.SCN.0011 has used '/Observer'.
13:55:26: CP:C17.SCN.0011 has used '/Observer'.
13:55:31: CP:C17.SCN.0011 has used '/Observer'.
13:55:33: CP:C17.SCN.0011 has used '/Observer'.
13:55:34: CP:C17.SCN.0011 has used '/Observer'.
13:55:36: CP:C17.SCN.0011 has used '/Observer'.
13:55:36: CP:C17.SCN.0011 has used '/Observer'.
13:55:42: CP:C17.SCN.0011 has used '/Observer'.
13:56:36: Bot01 has used '/CharVoiceDesc'.
13:56:36: Bot01 (BOT) has connected.
13:56:36: Bot01 has used '/CharVoiceDesc'.
13:56:51: worldspawn has dealt 107 damage to Bot01, killing them!
13:56:54: Bot02 has used '/CharVoiceDesc'.
13:56:54: Bot02 (BOT) has connected.
13:56:54: Bot02 has used '/CharVoiceDesc'.
13:56:56: Bot01 has used '/CharVoiceDesc'.
13:57:21: CP:C17.SCN.0011 has used '/CharFollow'.
13:58:04: worldspawn has dealt 107 damage to Bot02, killing them!
13:58:09: Bot02 has used '/CharVoiceDesc'.
13:58:10: worldspawn has dealt 107 damage to Bot01, killing them!
13:58:15: Bot01 has used '/CharVoiceDesc'.
13:58:22: worldspawn has dealt 107 damage to Bot02, killing them!
13:58:27: Bot02 has used '/CharVoiceDesc'.
13:58:28: worldspawn has dealt 107 damage to Bot01, killing them!
13:58:33: Bot01 has used '/CharVoiceDesc'.
13:58:45: worldspawn has dealt 107 damage to Bot02, killing them!
13:58:50: Bot02 has used '/CharVoiceDesc'.
13:58:55: worldspawn has dealt 107 damage to Bot01, killing them!
13:59:00: Bot01 has used '/CharVoiceDesc'.
14:11:27: SchωarzKruppzo (STEAM_0:1:44629398) has connected.
14:13:07: SchωarzKruppzo has loaded the character 'CP:C17.SCN.0011'.
14:13:14: Bot01 has used '/CharVoiceDesc'.
14:13:14: Bot01 (BOT) has connected.
14:13:14: Bot01 has used '/CharVoiceDesc'.
14:14:17: CP:C17.SCN.0011 (STEAM_0:1:44629398) has disconnected.
14:14:17: Bot01 (BOT) has disconnected.
14:19:21: SchωarzKruppzo (STEAM_0:1:44629398) has connected.
14:20:38: SchωarzKruppzo has loaded the character 'CP:C17.SCN.0011'.
14:20:44: CP:C17.SCN.0011 has used '/CharFollow'.
14:20:45: CP:C17.SCN.0011 has used '/CharFollow'.
14:20:46: CP:C17.SCN.0011 has used '/CharFollow'.
14:20:49: Bot01 has used '/CharVoiceDesc'.
14:20:49: Bot01 (BOT) has connected.
14:20:49: Bot01 has used '/CharVoiceDesc'.
14:20:55: CP:C17.SCN.0011 has used '/CharFollow'.
14:21:09: worldspawn has dealt 107 damage to Bot01, killing them!
14:21:12: Bot02 has used '/CharVoiceDesc'.
14:21:12: Bot02 (BOT) has connected.
14:21:12: Bot02 has used '/CharVoiceDesc'.
14:21:14: Bot01 has used '/CharVoiceDesc'.
14:21:21: CP:C17.SCN.0011 has used '/CharFollow'.
14:21:28: worldspawn has dealt 107 damage to Bot01, killing them!
14:21:31: CP:C17.SCN.0011 has used '/CharFollow'.
14:21:33: Bot01 has used '/CharVoiceDesc'.
14:21:38: CP:C17.SCN.0011 has used '/CharFollow'.
14:21:44: Bot03 has used '/CharVoiceDesc'.
14:21:44: Bot03 (BOT) has connected.
14:21:44: Bot03 has used '/CharVoiceDesc'.
14:21:45: Bot01 has taken 28 damage from worldspawn, leaving them at 72 health!
14:21:47: Bot04 has used '/CharVoiceDesc'.
14:21:47: Bot04 (BOT) has connected.
14:21:47: Bot04 has used '/CharVoiceDesc'.
14:21:49: Bot05 has used '/CharVoiceDesc'.
14:21:49: Bot05 (BOT) has connected.
14:21:49: Bot05 has used '/CharVoiceDesc'.
14:21:53: CP:C17.SCN.0011 has used '/CharFollow'.
14:21:55: CP:C17.SCN.0011 has used '/CharFollow'.
14:22:08: worldspawn has dealt 107 damage to Bot05, killing them!
14:22:09: worldspawn has dealt 107 damage to Bot04, killing them!
14:22:11: Bot06 has used '/CharVoiceDesc'.
14:22:11: Bot06 (BOT) has connected.
14:22:11: Bot06 has used '/CharVoiceDesc'.
14:22:13: Bot05 has used '/CharVoiceDesc'.
14:22:14: Bot04 has used '/CharVoiceDesc'.
14:22:22: worldspawn has dealt 107 damage to Bot04, killing them!
14:22:24: worldspawn has dealt 107 damage to Bot05, killing them!
14:22:27: Bot04 has used '/CharVoiceDesc'.
14:22:29: Bot05 has used '/CharVoiceDesc'.
14:22:32: worldspawn has dealt 107 damage to Bot06, killing them!
14:22:35: worldspawn has dealt 107 damage to Bot05, killing them!
14:22:37: Bot06 has used '/CharVoiceDesc'.
14:22:40: Bot05 has used '/CharVoiceDesc'.
14:22:42: worldspawn has dealt 107 damage to Bot04, killing them!
14:22:42: worldspawn has dealt 107 damage to Bot06, killing them!
14:22:46: Bot07 has used '/CharVoiceDesc'.
14:22:46: Bot07 (BOT) has connected.
14:22:46: Bot07 has used '/CharVoiceDesc'.
14:22:47: Bot04 has used '/CharVoiceDesc'.
14:22:47: Bot06 has used '/CharVoiceDesc'.
14:22:53: Bot01 (BOT) has disconnected.
14:22:54: Bot02 (BOT) has disconnected.
14:22:55: Bot03 (BOT) has disconnected.
14:22:55: Bot04 (BOT) has disconnected.
14:22:56: Bot05 (BOT) has disconnected.
14:22:57: Bot06 (BOT) has disconnected.
14:22:58: Bot07 (BOT) has disconnected.
14:23:00: CP:C17.SCN.0011 has used '/CharFollow'.
14:23:09: CP:C17.SCN.0011 has used '/Observer'.
14:23:10: CP:C17.SCN.0011 has used '/Observer'.
14:23:16: CP:C17.SCN.0011 has used '/Observer'.
14:23:17: CP:C17.SCN.0011 has used '/Observer'.
14:23:17: CP:C17.SCN.0011 has used '/Observer'.
14:23:18: CP:C17.SCN.0011 has used '/Observer'.
14:23:18: CP:C17.SCN.0011 has used '/Observer'.
14:23:18: CP:C17.SCN.0011 has used '/Observer'.
14:23:19: CP:C17.SCN.0011 has used '/Observer'.
14:23:19: CP:C17.SCN.0011 has used '/Observer'.
14:23:19: CP:C17.SCN.0011 has used '/Observer'.
14:23:20: CP:C17.SCN.0011 has used '/Observer'.
14:23:21: CP:C17.SCN.0011 has used '/Observer'.
14:23:22: CP:C17.SCN.0011 has used '/Observer'.
14:23:26: CP:C17.SCN.0011 has used '/Observer'.
14:23:27: CP:C17.SCN.0011 has used '/Observer'.
14:23:27: CP:C17.SCN.0011 has used '/Observer'.
14:23:27: CP:C17.SCN.0011 has used '/Observer'.
14:23:27: CP:C17.SCN.0011 has used '/Observer'.
14:23:27: CP:C17.SCN.0011 has used '/Observer'.
14:23:28: CP:C17.SCN.0011 has used '/Observer'.
14:23:28: CP:C17.SCN.0011 has used '/Observer'.
14:23:28: CP:C17.SCN.0011 has used '/Observer'.
14:23:29: CP:C17.SCN.0011 has used '/Observer'.
14:23:36: CP:C17.SCN.0011 has used '/CharFollow'.
14:23:55: CP:C17.SCN.0011 has used '/CharFollow'.
14:23:55: CP:C17.SCN.0011 has used '/Observer'.
14:23:59: CP:C17.SCN.0011 has used '/Observer'.
14:33:53: CP:C17.SCN.0011 has used '/CharFollow'.
14:34:34: CP:C17.SCN.0011 has used '/CharFollow'.
14:34:35: CP:C17.SCN.0011 has used '/CharFollow'.
14:34:36: CP:C17.SCN.0011 has used '/CharFollow'.
14:34:36: CP:C17.SCN.0011 has used '/CharFollow'.
14:34:41: CP:C17.SCN.0011 has used '/CharFollow'.
14:38:21: CP:C17.SCN.0011 has used '/CharFollow'.
14:41:15: CP:C17.SCN.0011 has used '/CharFollow'.
14:42:11: CP:C17.SCN.0011 has used '/CharFollow'.
14:42:20: Bot08 has used '/CharVoiceDesc'.
14:42:20: Bot08 (BOT) has connected.
14:42:20: Bot08 has used '/CharVoiceDesc'.
14:42:26: CP:C17.SCN.0011 has used '/CharFollow'.
14:42:36: CP:C17.SCN.0011 has used '/CharFollow'.
14:44:00: CP:C17.SCN.0011 has used '/CharFollow'.
14:44:55: SchωarzKruppzo has loaded the character 'CP:C17.RCT.1037'.
14:45:52: Bot08 has taken 180 damage from CP:C17.RCT.1037 with sxbase_m40a1optic, leaving them at 70 health!
14:45:55: CP:C17.RCT.1037 has dealt 180 damage to Bot08 with sxbase_m40a1optic, killing them!
14:46:00: Bot08 has used '/CharVoiceDesc'.
14:46:50: Bot08 has taken 30 damage from CP:C17.RCT.1037 with sxbase_m9, leaving them at 150 health and 70 armor!
14:46:51: Bot08 has taken 30 damage from CP:C17.RCT.1037 with sxbase_m9, leaving them at 150 health and 39 armor!
14:46:52: Bot08 has taken 30 damage from CP:C17.RCT.1037 with sxbase_m9, leaving them at 150 health and 8 armor!
14:46:53: Bot08 has taken 30 damage from CP:C17.RCT.1037 with sxbase_m9, leaving them at 127 health!
14:46:53: Bot08 has taken 29 damage from CP:C17.RCT.1037 with sxbase_m9, leaving them at 98 health!
14:46:59: Bot08 has taken 27 damage from CP:C17.RCT.1037 with sxbase_mp7, leaving them at 71 health!
14:46:59: Bot08 has taken 21 damage from CP:C17.RCT.1037 with sxbase_mp7, leaving them at 50 health!
14:47:01: Bot08 has taken 27 damage from CP:C17.RCT.1037 with sxbase_mp7, leaving them at 23 health!
14:47:01: CP:C17.RCT.1037 has dealt 27 damage to Bot08 with sxbase_mp7, killing them!
14:47:06: Bot08 has used '/CharVoiceDesc'.
14:47:22: Bot08 has taken 27 damage from CP:C17.RCT.1037 with sxbase_uspmatch, leaving them at 150 health and 73 armor!
14:47:22: Bot08 has taken 27 damage from CP:C17.RCT.1037 with sxbase_uspmatch, leaving them at 150 health and 45 armor!
14:47:22: Bot08 has taken 27 damage from CP:C17.RCT.1037 with sxbase_uspmatch, leaving them at 150 health and 17 armor!
14:47:22: Bot08 has taken 27 damage from CP:C17.RCT.1037 with sxbase_uspmatch, leaving them at 139 health!
14:47:23: Bot08 has taken 27 damage from CP:C17.RCT.1037 with sxbase_uspmatch, leaving them at 112 health!
14:47:23: Bot08 has taken 21 damage from CP:C17.RCT.1037 with sxbase_uspmatch, leaving them at 91 health!
14:47:23: Bot08 has taken 27 damage from CP:C17.RCT.1037 with sxbase_uspmatch, leaving them at 64 health!
14:47:24: Bot08 has taken 27 damage from CP:C17.RCT.1037 with sxbase_uspmatch, leaving them at 37 health!
14:47:37: Bot08 has taken 27 damage from CP:C17.RCT.1037 with sxbase_uspmatch, leaving them at 10 health!
14:47:37: CP:C17.RCT.1037 has dealt 21 damage to Bot08 with sxbase_uspmatch, killing them!
14:47:42: Bot08 has used '/CharVoiceDesc'.
14:54:08: CP:C17.RCT.1037 (STEAM_0:1:44629398) has disconnected.
14:54:08: Bot08 (BOT) has disconnected.
15:09:48: SchωarzKruppzo (STEAM_0:1:44629398) has connected.
15:11:21: SchωarzKruppzo has loaded the character 'CP:C17.RCT.1037'.
15:11:28: CP:C17.RCT.1037 has used '/Observer'.
15:11:29: CP:C17.RCT.1037 has used '/Observer'.
15:11:29: CP:C17.RCT.1037 has used '/Observer'.
15:11:30: CP:C17.RCT.1037 has used '/Observer'.
15:11:48: CP:C17.RCT.1037 has gained a Paper 1459080709.
15:11:48: CP:C17.RCT.1037 has used '/CharGiveItem rct paper'.
15:11:52: CP:C17.RCT.1037 has used '/InvAction use paper 1459080709.00'.
15:11:58: CP:C17.RCT.1037 has lost a Paper 1459080709.
15:11:58: CP:C17.RCT.1037 has used '/InvAction drop paper 1459080709.00'.
15:11:59: CP:C17.RCT.1037 has used '/Observer'.
15:11:59: CP:C17.RCT.1037 has used '/Observer'.
15:12:03: CP:C17.RCT.1037 has gained a Paper 1459080709.
15:12:03: CP:C17.RCT.1037 has used '/InvAction use paper 1459080709'.
15:12:03: CP:C17.RCT.1037 has lost a Paper 1459080709.
15:12:11: CP:C17.RCT.1037 has gained a Paper 1459080709.
15:12:11: CP:C17.RCT.1037 has used '/InvAction use paper 1459080709'.
15:12:11: CP:C17.RCT.1037 has lost a Paper 1459080709.
15:12:25: CP:C17.RCT.1037 has gained a Paper 1459080747.
15:12:25: CP:C17.RCT.1037 has used '/CharGiveItem rct paper'.
15:12:26: CP:C17.RCT.1037 has used '/InvAction use paper 1459080747.00'.
15:12:38: CP:C17.RCT.1037 has used '/InvAction use paper 1459080747.00'.
15:14:03: CP:C17.RCT.1037 has gained a Paper 1459080846.
15:14:03: CP:C17.RCT.1037 has used '/CharGiveItem rct paper'.
15:14:04: CP:C17.RCT.1037 has used '/InvAction use paper 1459080846.00'.
15:14:15: CP:C17.RCT.1037 has used '/InvAction use paper 1459080846.00'.
15:14:29: CP:C17.RCT.1037 has gained a Paper 1459080709.
15:14:29: CP:C17.RCT.1037 has used '/InvAction use paper 1459080709'.
15:14:29: CP:C17.RCT.1037 has lost a Paper 1459080709.
15:24:59: CP:C17.RCT.1037 has gained a Paper 1459080709.
15:24:59: CP:C17.RCT.1037 has used '/InvAction use paper 1459080709'.
15:24:59: CP:C17.RCT.1037 has lost a Paper 1459080709.
15:25:33: CP:C17.RCT.1037 has gained a Paper 1459080709.
15:25:33: CP:C17.RCT.1037 has used '/InvAction use paper 1459080709'.
15:25:33: CP:C17.RCT.1037 has lost a Paper 1459080709.
15:26:08: CP:C17.RCT.1037 has gained a Paper 1459080709.
15:26:08: CP:C17.RCT.1037 has used '/InvAction use paper 1459080709'.
15:26:08: CP:C17.RCT.1037 has lost a Paper 1459080709.
15:26:21: CP:C17.RCT.1037 has gained a Paper 1459080709.
15:26:21: CP:C17.RCT.1037 has used '/InvAction use paper 1459080709'.
15:26:21: CP:C17.RCT.1037 has lost a Paper 1459080709.
15:27:22: CP:C17.RCT.1037 has gained a Paper 1459080709.
15:27:22: CP:C17.RCT.1037 has used '/InvAction use paper 1459080709'.
15:27:22: CP:C17.RCT.1037 has lost a Paper 1459080709.
15:29:05: CP:C17.RCT.1037 has gained a Paper 1459080709.
15:29:05: CP:C17.RCT.1037 has used '/InvAction use paper 1459080709'.
15:29:05: CP:C17.RCT.1037 has lost a Paper 1459080709.
15:29:16: CP:C17.RCT.1037 has gained a Paper 1459080709.
15:29:16: CP:C17.RCT.1037 has used '/InvAction use paper 1459080709'.
15:29:16: CP:C17.RCT.1037 has lost a Paper 1459080709.
15:29:22: CP:C17.RCT.1037 has gained a Paper 1459080709.
15:29:22: CP:C17.RCT.1037 has used '/InvAction use paper 1459080709'.
15:29:22: CP:C17.RCT.1037 has lost a Paper 1459080709.
15:30:10: CP:C17.RCT.1037 has gained a Paper 1459080709.
15:30:10: CP:C17.RCT.1037 has used '/InvAction use paper 1459080709'.
15:30:10: CP:C17.RCT.1037 has lost a Paper 1459080709.
15:30:19: CP:C17.RCT.1037 has gained a Paper 1459080709.
15:30:19: CP:C17.RCT.1037 has used '/InvAction use paper 1459080709'.
15:30:19: CP:C17.RCT.1037 has lost a Paper 1459080709.
15:30:34: CP:C17.RCT.1037 has gained a Paper 1459080709.
15:30:34: CP:C17.RCT.1037 has used '/InvAction use paper 1459080709'.
15:30:34: CP:C17.RCT.1037 has lost a Paper 1459080709.
15:32:21: CP:C17.RCT.1037 has gained a Paper 1459080709.
15:32:21: CP:C17.RCT.1037 has used '/InvAction use paper 1459080709'.
15:32:21: CP:C17.RCT.1037 has lost a Paper 1459080709.
15:40:15: SchωarzKruppzo (STEAM_0:1:44629398) has connected.
15:41:34: SchωarzKruppzo has loaded the character 'CP:C17.RCT.1037'.
15:41:40: CP:C17.RCT.1037 has used '/Observer'.
15:41:42: CP:C17.RCT.1037 has used '/Observer'.
15:41:44: CP:C17.RCT.1037 has gained a Paper 1459080709.
15:41:44: CP:C17.RCT.1037 has used '/InvAction use paper 1459080709'.
15:41:44: CP:C17.RCT.1037 has lost a Paper 1459080709.
15:44:04: CP:C17.RCT.1037 has gained a Paper 1459080709.
15:44:04: CP:C17.RCT.1037 has used '/InvAction use paper 1459080709'.
15:44:04: CP:C17.RCT.1037 has lost a Paper 1459080709.
15:44:07: CP:C17.RCT.1037 has used '/Observer'.
15:44:07: CP:C17.RCT.1037 has used '/Observer'.
15:44:09: CP:C17.RCT.1037 has used '/Observer'.
15:44:09: CP:C17.RCT.1037 has used '/Observer'.
15:44:13: CP:C17.RCT.1037 has used '/Observer'.
15:44:14: CP:C17.RCT.1037 has used '/Observer'.
15:44:14: CP:C17.RCT.1037 has used '/Observer'.
15:44:14: CP:C17.RCT.1037 has used '/Observer'.
15:58:44: SchωarzKruppzo (STEAM_0:1:44629398) has connected.
16:00:21: SchωarzKruppzo has loaded the character 'CP:C17.RCT.1037'.
16:00:31: CP:C17.RCT.1037 has lost a Paper 1459080846.
16:00:31: CP:C17.RCT.1037 has used '/InvAction drop paper 1459080846.00'.
16:00:33: CP:C17.RCT.1037 has gained a Paper 1459080846.
16:00:33: CP:C17.RCT.1037 has used '/InvAction use paper 1459080846'.
16:00:33: CP:C17.RCT.1037 has lost a Paper 1459080846.
16:00:48: CP:C17.RCT.1037 has gained a Paper 1459083649.
16:00:48: CP:C17.RCT.1037 has used '/CharGiveItem cp paper'.
16:00:50: CP:C17.RCT.1037 has used '/InvAction use paper 1459083649.00'.
16:00:56: CP:C17.RCT.1037 has lost a Paper 1459083649.
16:00:56: CP:C17.RCT.1037 has used '/InvAction drop paper 1459083649.00'.
16:00:57: CP:C17.RCT.1037 has gained a Paper 1459083649.
16:00:57: CP:C17.RCT.1037 has used '/InvAction use paper 1459083649'.
16:00:57: CP:C17.RCT.1037 has lost a Paper 1459083649.
16:05:21: SchωarzKruppzo (STEAM_0:1:44629398) has connected.
16:07:20: SchωarzKruppzo has loaded the character 'CP:C17.RCT.1037'.
16:07:27: CP:C17.RCT.1037 has used '/Observer'.
16:07:30: CP:C17.RCT.1037 has used '/Observer'.
16:07:32: CP:C17.RCT.1037 has gained a Paper 1459080709.
16:07:32: CP:C17.RCT.1037 has used '/InvAction use paper 1459080709'.
16:07:32: CP:C17.RCT.1037 has lost a Paper 1459080709.
16:07:33: CP:C17.RCT.1037 has used '/Observer'.
16:07:33: CP:C17.RCT.1037 has used '/Observer'.
16:07:34: CP:C17.RCT.1037 has used '/Observer'.
16:07:35: CP:C17.RCT.1037 has used '/Observer'.
16:07:36: CP:C17.RCT.1037 has gained a Paper 1459083649.
16:07:36: CP:C17.RCT.1037 has used '/InvAction use paper 1459083649'.
16:07:36: CP:C17.RCT.1037 has lost a Paper 1459083649.
16:07:38: CP:C17.RCT.1037 has used '/Observer'.
16:07:39: CP:C17.RCT.1037 has used '/Observer'.
16:07:40: CP:C17.RCT.1037 has gained a Paper 1459080846.
16:07:40: CP:C17.RCT.1037 has used '/InvAction use paper 1459080846'.
16:07:40: CP:C17.RCT.1037 has lost a Paper 1459080846.
16:07:41: CP:C17.RCT.1037 has used '/Observer'.
16:07:41: CP:C17.RCT.1037 has used '/Observer'.
16:07:49: CP:C17.RCT.1037 has used '/Observer'.
16:07:49: CP:C17.RCT.1037 has used '/Observer'.
16:07:51: CP:C17.RCT.1037 has used '/Observer'.
16:07:52: CP:C17.RCT.1037 has used '/Observer'.
16:08:09: CP:C17.RCT.1037 has gained a Paper 1459084090.
16:08:09: CP:C17.RCT.1037 has gained a Paper 1459084091.
16:08:09: CP:C17.RCT.1037 has gained a Paper 1459084092.
16:08:09: CP:C17.RCT.1037 has gained a Paper 1459084093.
16:08:09: CP:C17.RCT.1037 has gained a Paper 1459084094.
16:08:09: CP:C17.RCT.1037 has used '/CharGiveItem cp paper 5'.
16:08:14: CP:C17.RCT.1037 has used '/InvAction use paper 1459084094.00'.
16:08:26: CP:C17.RCT.1037 has lost a Paper 1459084094.
16:08:26: CP:C17.RCT.1037 has used '/InvAction drop paper 1459084094.00'.
16:08:28: CP:C17.RCT.1037 has gained a Paper 1459084094.
16:08:28: CP:C17.RCT.1037 has used '/InvAction use paper 1459084094'.
16:08:28: CP:C17.RCT.1037 has lost a Paper 1459084094.
16:08:36: CP:C17.RCT.1037 has gained a Paper 1459084094.
16:08:36: CP:C17.RCT.1037 has used '/InvAction use paper 1459084094'.
16:08:36: CP:C17.RCT.1037 has lost a Paper 1459084094.
16:08:39: CP:C17.RCT.1037 has used '/Observer'.
16:08:39: CP:C17.RCT.1037 has used '/Observer'.
16:08:40: CP:C17.RCT.1037 has used '/Observer'.
16:08:40: CP:C17.RCT.1037 has used '/Observer'.
16:08:40: CP:C17.RCT.1037 has used '/Observer'.
16:08:41: CP:C17.RCT.1037 has used '/Observer'.
16:08:42: CP:C17.RCT.1037 has used '/Observer'.
16:08:42: CP:C17.RCT.1037 has used '/Observer'.
16:08:43: CP:C17.RCT.1037 has used '/Observer'.
16:08:43: CP:C17.RCT.1037 has used '/Observer'.
16:08:45: CP:C17.RCT.1037 has used '/Observer'.
16:08:45: CP:C17.RCT.1037 has used '/Observer'.
16:08:45: CP:C17.RCT.1037 has used '/Observer'.
16:08:46: CP:C17.RCT.1037 has used '/Observer'.
16:08:47: CP:C17.RCT.1037 has used '/Observer'.
16:08:47: CP:C17.RCT.1037 has used '/Observer'.
16:08:48: CP:C17.RCT.1037 has used '/Observer'.
16:08:48: CP:C17.RCT.1037 has used '/Observer'.
16:08:52: CP:C17.RCT.1037 has used '/Observer'.
16:08:52: CP:C17.RCT.1037 has used '/Observer'.
16:09:22: CP:C17.RCT.1037 has used '/Observer'.
16:09:22: CP:C17.RCT.1037 has used '/Observer'.
16:09:23: CP:C17.RCT.1037 has used '/Observer'.
16:09:23: CP:C17.RCT.1037 has used '/Observer'.
16:09:24: CP:C17.RCT.1037 has used '/Observer'.
16:09:24: CP:C17.RCT.1037 has used '/Observer'.
16:09:25: CP:C17.RCT.1037 has used '/Observer'.
16:09:25: CP:C17.RCT.1037 has used '/Observer'.
16:09:26: CP:C17.RCT.1037 has used '/Observer'.
16:09:26: CP:C17.RCT.1037 has used '/Observer'.
16:09:27: CP:C17.RCT.1037 has used '/Observer'.
16:09:27: CP:C17.RCT.1037 has used '/Observer'.
16:09:28: CP:C17.RCT.1037 has used '/Observer'.
16:09:28: CP:C17.RCT.1037 has used '/Observer'.
16:09:29: CP:C17.RCT.1037 has used '/Observer'.
16:09:29: CP:C17.RCT.1037 has used '/Observer'.
16:09:30: CP:C17.RCT.1037 has used '/Observer'.
16:09:30: CP:C17.RCT.1037 has used '/Observer'.
16:09:31: CP:C17.RCT.1037 has used '/Observer'.
16:09:32: CP:C17.RCT.1037 has used '/Observer'.
16:09:32: CP:C17.RCT.1037 has used '/Observer'.
16:09:32: CP:C17.RCT.1037 has used '/Observer'.
16:09:33: CP:C17.RCT.1037 has used '/Observer'.
16:09:34: CP:C17.RCT.1037 has used '/Observer'.
16:09:35: CP:C17.RCT.1037 has used '/Observer'.
16:09:35: CP:C17.RCT.1037 has used '/Observer'.
16:09:36: CP:C17.RCT.1037 has used '/Observer'.
16:09:36: CP:C17.RCT.1037 has used '/Observer'.
16:09:37: CP:C17.RCT.1037 has used '/Observer'.
16:09:38: CP:C17.RCT.1037 has used '/Observer'.
16:09:39: CP:C17.RCT.1037 has used '/Observer'.
16:09:39: CP:C17.RCT.1037 has used '/Observer'.
16:09:40: CP:C17.RCT.1037 has used '/Observer'.
16:09:40: CP:C17.RCT.1037 has used '/Observer'.
16:09:41: CP:C17.RCT.1037 has used '/Observer'.
16:09:41: CP:C17.RCT.1037 has used '/Observer'.
16:09:42: CP:C17.RCT.1037 has used '/Observer'.
16:09:42: CP:C17.RCT.1037 has used '/Observer'.
16:09:43: CP:C17.RCT.1037 has used '/Observer'.
16:09:43: CP:C17.RCT.1037 has used '/Observer'.
16:10:10: CP:C17.RCT.1037 has gained a Paper 1459083649.
16:10:10: CP:C17.RCT.1037 has used '/InvAction use paper 1459083649'.
16:10:10: CP:C17.RCT.1037 has lost a Paper 1459083649.
16:10:13: CP:C17.RCT.1037 has gained a Paper 1459084094.
16:10:13: CP:C17.RCT.1037 has used '/InvAction use paper 1459084094'.
16:10:13: CP:C17.RCT.1037 has lost a Paper 1459084094.
16:10:16: CP:C17.RCT.1037 has used '/Observer'.
16:10:17: CP:C17.RCT.1037 has used '/Observer'.
16:18:29: CP:C17.RCT.1037 (STEAM_0:1:44629398) has disconnected.
16:26:14: SchωarzKruppzo (STEAM_0:1:44629398) has connected.
16:27:41: SchωarzKruppzo has loaded the character 'CP:C17.RCT.1037'.
16:27:45: CP:C17.RCT.1037 has gained a Paper 1459084094.
16:27:45: CP:C17.RCT.1037 has used '/InvAction use paper 1459084094'.
16:27:45: CP:C17.RCT.1037 has lost a Paper 1459084094.
16:27:48: CP:C17.RCT.1037 has gained a Paper 1459083649.
16:27:48: CP:C17.RCT.1037 has used '/InvAction use paper 1459083649'.
16:27:48: CP:C17.RCT.1037 has lost a Paper 1459083649.
16:27:59: CP:C17.RCT.1037 has gained a Paper 1459085280.
16:27:59: CP:C17.RCT.1037 has used '/CharGiveItem cp paper'.
16:28:07: CP:C17.RCT.1037 has used '/InvAction use paper 1459085280.00'.
16:37:54: CP:C17.RCT.1037 has used '/InvAction use paper 1459085280.00'.
16:38:15: CP:C17.RCT.1037 has used '/InvAction use paper 1459085280.00'.
16:39:19: CP:C17.RCT.1037 has used '/InvAction use paper 1459085280.00'.
16:39:40: CP:C17.RCT.1037 has used '/InvAction use paper 1459085280.00'.
16:40:10: CP:C17.RCT.1037 has used '/InvAction use paper 1459085280.00'.
16:40:33: CP:C17.RCT.1037 has used '/InvAction use paper 1459085280.00'.
16:40:50: CP:C17.RCT.1037 has used '/InvAction use paper 1459085280.00'.
16:41:00: CP:C17.RCT.1037 has used '/InvAction use paper 1459085280.00'.
16:41:07: CP:C17.RCT.1037 has used '/InvAction use paper 1459085280.00'.
16:41:44: CP:C17.RCT.1037 has used '/InvAction use paper 1459085280.00'.
16:41:55: CP:C17.RCT.1037 has used '/InvAction use paper 1459085280.00'.
16:42:02: CP:C17.RCT.1037 has used '/InvAction use paper 1459085280.00'.
16:42:16: CP:C17.RCT.1037 has used '/InvAction use paper 1459085280.00'.
16:42:26: CP:C17.RCT.1037 has used '/InvAction use paper 1459085280.00'.
16:42:36: CP:C17.RCT.1037 has used '/InvAction use paper 1459085280.00'.
16:42:53: CP:C17.RCT.1037 has used '/InvAction use paper 1459085280.00'.
16:43:28: CP:C17.RCT.1037 has used '/InvAction use paper 1459085280.00'.
16:44:26: CP:C17.RCT.1037 has used '/InvAction use paper 1459085280.00'.
16:44:35: CP:C17.RCT.1037 has used '/InvAction use paper 1459085280.00'.
16:44:50: CP:C17.RCT.1037 has used '/InvAction use paper 1459085280.00'.
16:45:14: CP:C17.RCT.1037 has used '/InvAction use paper 1459085280.00'.
16:45:37: CP:C17.RCT.1037 has used '/InvAction use paper 1459085280.00'.
16:45:48: CP:C17.RCT.1037 has used '/InvAction use paper 1459085280.00'.
16:45:59: CP:C17.RCT.1037 has used '/InvAction use paper 1459085280.00'.
16:46:16: CP:C17.RCT.1037 has used '/InvAction use paper 1459085280.00'.
16:48:29: CP:C17.RCT.1037 has used '/InvAction use paper 1459085280.00'.
16:49:08: CP:C17.RCT.1037 has used '/InvAction use paper 1459085280.00'.
16:49:19: CP:C17.RCT.1037 has used '/InvAction use paper 1459085280.00'.
16:49:29: CP:C17.RCT.1037 has used '/InvAction use paper 1459085280.00'.
16:49:39: CP:C17.RCT.1037 has used '/InvAction use paper 1459085280.00'.
16:49:44: CP:C17.RCT.1037 has used '/InvAction use paper 1459085280.00'.
16:49:50: CP:C17.RCT.1037 has used '/InvAction use paper 1459085280.00'.
16:49:57: CP:C17.RCT.1037 has used '/InvAction use paper 1459085280.00'.
16:50:05: CP:C17.RCT.1037 has used '/InvAction use paper 1459085280.00'.
16:50:23: CP:C17.RCT.1037 has used '/InvAction use paper 1459085280.00'.
16:59:27: SchωarzKruppzo (STEAM_0:1:44629398) has connected.
17:00:45: SchωarzKruppzo has loaded the character 'CP:C17.RCT.1037'.
17:00:53: CP:C17.RCT.1037 has used '/InvAction use paper 1459085280.00'.
17:01:06: CP:C17.RCT.1037 has used '/InvAction use paper 1459085280.00'.
17:01:15: CP:C17.RCT.1037 has used '/Observer'.
17:01:15: CP:C17.RCT.1037 has used '/Observer'.
17:01:17: CP:C17.RCT.1037 has used '/Observer'.
17:01:18: CP:C17.RCT.1037 has used '/Observer'.
17:01:22: CP:C17.RCT.1037 has lost a Paper 1459085280.
17:01:22: CP:C17.RCT.1037 has used '/InvAction drop paper 1459085280.00'.
17:01:23: CP:C17.RCT.1037 has gained a Paper 1459085280.
17:01:23: CP:C17.RCT.1037 has used '/InvAction use paper 1459085280'.
17:01:23: CP:C17.RCT.1037 has lost a Paper 1459085280.
17:01:29: CP:C17.RCT.1037 has gained a Paper 1459085280.
17:04:44: SchωarzKruppzo (STEAM_0:1:44629398) has connected.
17:05:59: SchωarzKruppzo has loaded the character 'CP:C17.RCT.1037'.
17:06:07: CP:C17.RCT.1037 has used '/InvAction use paper 1459084093.00'.
17:07:44: CP:C17.RCT.1037 has used '/InvAction use paper 1459084093.00'.
17:09:39: CP:C17.RCT.1037 has used '/InvAction use paper 1459084093.00'.
17:09:58: CP:C17.RCT.1037 has used '/InvAction use paper 1459084092.00'.
17:10:04: CP:C17.RCT.1037 has used '/InvAction use paper 1459084092.00'.
17:10:16: CP:C17.RCT.1037 has used '/InvAction use paper 1459084092.00'.
17:10:36: CP:C17.RCT.1037 has used '/InvAction use paper 1459084092.00'.
17:11:32: CP:C17.RCT.1037 has used '/Observer'.
17:11:32: CP:C17.RCT.1037 has used '/Observer'.
17:11:33: CP:C17.RCT.1037 has used '/Observer'.
17:11:33: CP:C17.RCT.1037 has used '/Observer'.
17:11:34: CP:C17.RCT.1037 has used '/Observer'.
17:11:34: CP:C17.RCT.1037 has used '/Observer'.
17:11:35: CP:C17.RCT.1037 has used '/Observer'.
17:11:36: CP:C17.RCT.1037 has used '/Observer'.
17:11:37: CP:C17.RCT.1037 has used '/Observer'.
17:11:37: CP:C17.RCT.1037 has used '/Observer'.
17:11:44: CP:C17.RCT.1037 has lost a Paper 1459085280.
17:11:44: CP:C17.RCT.1037 has used '/InvAction drop paper 1459085280.00'.
17:11:46: CP:C17.RCT.1037 has used '/InvAction use paper 1459084092.00'.
17:16:34: CP:C17.RCT.1037 (STEAM_0:1:44629398) has disconnected.
17:19:01: SchωarzKruppzo (STEAM_0:1:44629398) has connected.
17:20:18: SchωarzKruppzo has loaded the character 'CP:C17.RCT.1037'.
17:20:33: CP:C17.RCT.1037 has used '/InvAction use paper 1459084091.00'.
17:20:49: CP:C17.RCT.1037 has lost a Paper 1459084091.
17:20:49: CP:C17.RCT.1037 has used '/InvAction drop paper 1459084091.00'.
17:20:51: CP:C17.RCT.1037 has gained a Paper 1459084091.
17:20:51: CP:C17.RCT.1037 has used '/InvAction use paper 1459084091'.
17:20:51: CP:C17.RCT.1037 has lost a Paper 1459084091.
17:20:55: CP:C17.RCT.1037 has gained a Paper 1459084091.
17:20:55: CP:C17.RCT.1037 has used '/InvAction use paper 1459084091'.
17:20:55: CP:C17.RCT.1037 has lost a Paper 1459084091.
17:20:58: CP:C17.RCT.1037 has gained a Paper 1459084091.
17:20:58: CP:C17.RCT.1037 has used '/InvAction use paper 1459084091'.
17:20:58: CP:C17.RCT.1037 has lost a Paper 1459084091.
17:21:36: CP:C17.RCT.1037 has gained a Paper 1459084091.
17:21:36: CP:C17.RCT.1037 has used '/InvAction use paper 1459084091'.
17:21:36: CP:C17.RCT.1037 has lost a Paper 1459084091.
17:23:00: CP:C17.RCT.1037 (STEAM_0:1:44629398) has disconnected.
17:26:38: SchωarzKruppzo (STEAM_0:1:44629398) has connected.
17:27:52: SchωarzKruppzo has loaded the character 'CP:C17.RCT.1037'.
17:27:54: CP:C17.RCT.1037 has used '/Observer'.
17:27:56: CP:C17.RCT.1037 has used '/Observer'.
17:28:01: CP:C17.RCT.1037 has used '/InvAction use paper 1459084092.00'.
17:28:03: CP:C17.RCT.1037 has used '/InvAction use paper 1459084090.00'.
17:29:12: CP:C17.RCT.1037 has lost a Paper 1459084090.
17:29:12: CP:C17.RCT.1037 has used '/InvAction drop paper 1459084090.00'.
17:29:14: CP:C17.RCT.1037 has gained a Paper 1459084090.
17:29:14: CP:C17.RCT.1037 has used '/InvAction use paper 1459084090'.
17:29:14: CP:C17.RCT.1037 has lost a Paper 1459084090.
17:29:50: CP:C17.RCT.1037 (STEAM_0:1:44629398) has disconnected.
17:32:33: SchωarzKruppzo (STEAM_0:1:44629398) has connected.
17:33:43: SchωarzKruppzo has loaded the character 'CP:C17.RCT.1037'.
17:34:01: CP:C17.RCT.1037 has used '/InvAction use paper 1459084093.00'.
17:34:03: CP:C17.RCT.1037 has used '/InvAction use paper 1459084093.00'.
17:34:04: CP:C17.RCT.1037 has lost a Paper 1459084093.
17:34:04: CP:C17.RCT.1037 has used '/InvAction drop paper 1459084093.00'.
17:34:06: CP:C17.RCT.1037 has gained a Paper 1459084093.
17:34:06: CP:C17.RCT.1037 has used '/InvAction use paper 1459084093'.
17:34:06: CP:C17.RCT.1037 has lost a Paper 1459084093.
17:34:10: CP:C17.RCT.1037 has gained a Paper 1459080846.
17:34:10: CP:C17.RCT.1037 has used '/InvAction use paper 1459080846'.
17:34:10: CP:C17.RCT.1037 has lost a Paper 1459080846.
17:34:10: CP:C17.RCT.1037 has used '/Observer'.
17:34:11: CP:C17.RCT.1037 has used '/Observer'.
17:34:12: CP:C17.RCT.1037 has gained a Paper 1459084094.
17:34:12: CP:C17.RCT.1037 has used '/InvAction use paper 1459084094'.
17:34:12: CP:C17.RCT.1037 has lost a Paper 1459084094.
17:34:15: CP:C17.RCT.1037 has gained a Paper 1459083649.
17:34:15: CP:C17.RCT.1037 has used '/InvAction use paper 1459083649'.
17:34:15: CP:C17.RCT.1037 has lost a Paper 1459083649.
17:34:16: CP:C17.RCT.1037 has used '/Observer'.
17:34:17: CP:C17.RCT.1037 has used '/Observer'.
17:34:17: CP:C17.RCT.1037 has used '/Observer'.
17:34:17: CP:C17.RCT.1037 has used '/Observer'.
17:34:19: CP:C17.RCT.1037 has gained a Paper 1459080709.
17:34:19: CP:C17.RCT.1037 has used '/InvAction use paper 1459080709'.
17:34:19: CP:C17.RCT.1037 has lost a Paper 1459080709.
17:34:20: CP:C17.RCT.1037 has used '/Observer'.
17:34:20: CP:C17.RCT.1037 has used '/Observer'.
17:34:21: CP:C17.RCT.1037 has used '/Observer'.
17:34:22: CP:C17.RCT.1037 has used '/Observer'.
17:34:29: CP:C17.RCT.1037 has gained a Paper 1459089270.
17:34:29: CP:C17.RCT.1037 has used '/CharGiveItem cp paper'.
17:34:32: CP:C17.RCT.1037 has used '/Observer'.
17:34:32: CP:C17.RCT.1037 has used '/Observer'.
17:34:34: CP:C17.RCT.1037 has gained a Paper 1459085280.
17:34:34: CP:C17.RCT.1037 has used '/InvAction use paper 1459085280'.
17:34:34: CP:C17.RCT.1037 has lost a Paper 1459085280.
17:34:37: CP:C17.RCT.1037 has used '/InvAction use paper 1459089270.00'.
17:34:46: CP:C17.RCT.1037 has lost a Paper 1459089270.
17:34:46: CP:C17.RCT.1037 has used '/InvAction drop paper 1459089270.00'.
17:34:47: CP:C17.RCT.1037 has gained a Paper 1459089270.
17:34:47: CP:C17.RCT.1037 has used '/InvAction use paper 1459089270'.
17:34:47: CP:C17.RCT.1037 has lost a Paper 1459089270.
17:34:50: CP:C17.RCT.1037 has gained a Paper 1459089270.
17:35:01: CP:C17.RCT.1037 has used '/InvAction use paper 1459089270.00'.
17:35:06: CP:C17.RCT.1037 has used '/InvAction use paper 1459089270.00'.
17:35:11: CP:C17.RCT.1037 has used '/InvAction use paper 1459089270.00'.
17:35:18: CP:C17.RCT.1037 has used '/InvAction use paper 1459089270.00'.
17:35:23: CP:C17.RCT.1037 has lost a Paper 1459089270.
17:35:23: CP:C17.RCT.1037 has used '/InvAction drop paper 1459089270.00'.
17:35:24: CP:C17.RCT.1037 has gained a Paper 1459089270.
17:35:24: CP:C17.RCT.1037 has used '/InvAction use paper 1459089270'.
17:35:24: CP:C17.RCT.1037 has lost a Paper 1459089270.
17:35:26: CP:C17.RCT.1037 has gained a Paper 1459089270.
17:57:21: CP:C17.RCT.1037 has gained a Paper 1459085280.
17:57:21: CP:C17.RCT.1037 has used '/InvAction use paper 1459085280'.
17:57:21: CP:C17.RCT.1037 has lost a Paper 1459085280.
17:57:23: CP:C17.RCT.1037 has used '/Observer'.
17:57:34: CP:C17.RCT.1037 has used '/InvAction use paper 1459089270.00'.
17:57:39: CP:C17.RCT.1037 has used '/InvAction use paper 1459080747.00'.
17:57:41: CP:C17.RCT.1037 has used '/Observer'.
17:57:42: CP:C17.RCT.1037 has used '/Observer'.
17:57:42: CP:C17.RCT.1037 has used '/Observer'.
18:13:12: CP:C17.RCT.1037 has used '/Observer'.
18:13:13: CP:C17.RCT.1037 has used '/Observer'.
18:13:14: CP:C17.RCT.1037 has used '/Observer'.
18:13:15: CP:C17.RCT.1037 has used '/Observer'.
18:13:19: CP:C17.RCT.1037 has used '/Observer'.
18:13:24: CP:C17.RCT.1037 has used '/Observer'.
18:13:25: CP:C17.RCT.1037 has used '/Observer'.
18:13:26: CP:C17.RCT.1037 has used '/Observer'.
18:13:26: CP:C17.RCT.1037 has used '/Observer'.
18:13:27: CP:C17.RCT.1037 has used '/Observer'.
18:13:28: CP:C17.RCT.1037 has used '/Observer'.
18:13:28: CP:C17.RCT.1037 has used '/Observer'.
18:13:29: CP:C17.RCT.1037 has used '/Observer'.
18:13:30: CP:C17.RCT.1037 has used '/Observer'.
18:13:31: CP:C17.RCT.1037 has used '/Observer'.
18:13:32: CP:C17.RCT.1037 has used '/Observer'.
18:13:34: CP:C17.RCT.1037 has used '/Observer'.
18:13:34: CP:C17.RCT.1037 has used '/Observer'.
18:13:35: CP:C17.RCT.1037 has used '/Observer'.
18:13:36: CP:C17.RCT.1037 has used '/Observer'.
18:13:36: CP:C17.RCT.1037 has used '/Observer'.
18:13:36: CP:C17.RCT.1037 has used '/Observer'.
18:13:37: CP:C17.RCT.1037 has used '/Observer'.
18:13:38: CP:C17.RCT.1037 has used '/Observer'.
18:13:38: CP:C17.RCT.1037 has used '/Observer'.
18:13:39: CP:C17.RCT.1037 has used '/Observer'.
18:13:40: CP:C17.RCT.1037 has used '/Observer'.
18:13:41: CP:C17.RCT.1037 has used '/Observer'.
18:13:42: CP:C17.RCT.1037 has used '/Observer'.
18:13:43: CP:C17.RCT.1037 has used '/Observer'.
18:13:43: CP:C17.RCT.1037 has used '/Observer'.
18:13:44: CP:C17.RCT.1037 has used '/Observer'.
18:13:44: CP:C17.RCT.1037 has used '/Observer'.
