00:00:04: CP:C17.RCT.1037 has used '/Observer'.
00:00:04: CP:C17.RCT.1037 has used '/Observer'.
00:00:05: CP:C17.RCT.1037 has used '/Observer'.
00:00:06: CP:C17.RCT.1037 has used '/Observer'.
00:00:07: CP:C17.RCT.1037 has used '/Observer'.
00:00:07: CP:C17.RCT.1037 has used '/Observer'.
00:00:09: CP:C17.RCT.1037 has used '/Observer'.
00:00:11: CP:C17.RCT.1037 has used '/Observer'.
00:00:12: CP:C17.RCT.1037 has used '/Observer'.
00:00:14: CP:C17.RCT.1037 has used '/Observer'.
00:00:15: CP:C17.RCT.1037 has used '/Observer'.
00:00:17: CP:C17.RCT.1037 has used '/Observer'.
00:00:21: CP:C17.RCT.1037 has taken 27 damage from worldspawn, leaving them at 73 health and 50 armor!
00:00:38: CP:C17.RCT.1037 has gained a USP Match 1461358840.
00:00:38: CP:C17.RCT.1037 has used '/CharGiveItem rct usp'.
00:00:41: CP:C17.RCT.1037 has lost a USP Match 1461358840.
00:00:41: CP:C17.RCT.1037 has used '/InvAction use sxbase_uspmatch 1461358840.00'.
00:01:29: CP:C17.RCT.1037 has used '/charSetSleep rct 0'.
00:01:32: CP:C17.RCT.1037 has used '/Sleep'.
00:02:07: CP:C17.RCT.1037 has used '/Observer'.
00:02:07: CP:C17.RCT.1037 has used '/Observer'.
00:02:08: CP:C17.RCT.1037 has used '/Observer'.
00:02:09: CP:C17.RCT.1037 has used '/Observer'.
00:02:09: CP:C17.RCT.1037 has used '/Observer'.
00:02:10: CP:C17.RCT.1037 has used '/Observer'.
00:02:10: CP:C17.RCT.1037 has used '/Observer'.
00:03:16: CP:C17.RCT.1037 has used '/Observer'.
00:03:16: CP:C17.RCT.1037 has used '/Observer'.
00:03:17: CP:C17.RCT.1037 has used '/Observer'.
00:03:18: CP:C17.RCT.1037 has used '/Observer'.
00:03:19: CP:C17.RCT.1037 has used '/Observer'.
00:03:19: CP:C17.RCT.1037 has used '/Observer'.
00:03:20: CP:C17.RCT.1037 has used '/Observer'.
00:03:21: CP:C17.RCT.1037 has used '/Observer'.
00:03:21: CP:C17.RCT.1037 has used '/Observer'.
00:03:22: CP:C17.RCT.1037 has used '/Observer'.
00:03:40: CP:C17.RCT.1037 has used '/Observer'.
00:03:41: CP:C17.RCT.1037 has used '/Observer'.
00:03:42: CP:C17.RCT.1037 has used '/Observer'.
00:03:42: CP:C17.RCT.1037 has used '/Observer'.
00:03:44: CP:C17.RCT.1037 has used '/Observer'.
00:03:44: CP:C17.RCT.1037 has used '/Observer'.
00:03:45: CP:C17.RCT.1037 has used '/Observer'.
00:03:46: CP:C17.RCT.1037 has used '/Observer'.
00:03:47: CP:C17.RCT.1037 has used '/Observer'.
00:03:48: CP:C17.RCT.1037 has used '/Observer'.
00:03:50: CP:C17.RCT.1037 has used '/Observer'.
00:03:50: CP:C17.RCT.1037 has used '/Observer'.
00:03:51: CP:C17.RCT.1037 has used '/Observer'.
00:03:51: CP:C17.RCT.1037 has used '/Observer'.
00:03:52: CP:C17.RCT.1037 has used '/Observer'.
00:03:53: CP:C17.RCT.1037 has used '/Observer'.
00:03:54: CP:C17.RCT.1037 has used '/Observer'.
00:03:56: CP:C17.RCT.1037 has used '/Observer'.
00:03:56: CP:C17.RCT.1037 has used '/Observer'.
00:03:57: CP:C17.RCT.1037 has used '/Observer'.
00:03:57: CP:C17.RCT.1037 has used '/Observer'.
00:03:58: CP:C17.RCT.1037 has used '/Observer'.
00:03:59: CP:C17.RCT.1037 has used '/Observer'.
00:03:59: CP:C17.RCT.1037 has used '/Observer'.
00:03:59: CP:C17.RCT.1037 has used '/Observer'.
00:04:00: CP:C17.RCT.1037 has used '/Observer'.
00:04:01: CP:C17.RCT.1037 has used '/Observer'.
00:04:02: CP:C17.RCT.1037 has used '/Observer'.
00:04:03: CP:C17.RCT.1037 has used '/Observer'.
00:04:03: CP:C17.RCT.1037 has used '/Observer'.
00:04:04: CP:C17.RCT.1037 has used '/Observer'.
00:04:05: CP:C17.RCT.1037 has used '/Observer'.
00:04:06: CP:C17.RCT.1037 has used '/Observer'.
00:04:06: CP:C17.RCT.1037 has used '/Observer'.
00:04:07: CP:C17.RCT.1037 has used '/Observer'.
00:04:07: CP:C17.RCT.1037 has used '/Observer'.
00:04:08: CP:C17.RCT.1037 has used '/Observer'.
00:04:09: CP:C17.RCT.1037 has used '/Observer'.
00:04:10: CP:C17.RCT.1037 has used '/Observer'.
00:04:11: CP:C17.RCT.1037 has used '/Observer'.
00:04:12: CP:C17.RCT.1037 has used '/Observer'.
00:04:42: CP:C17.RCT.1037 has used '/Observer'.
00:04:44: CP:C17.RCT.1037 has used '/Observer'.
00:04:45: CP:C17.RCT.1037 has used '/Observer'.
00:05:09: CP:C17.RCT.1037 has used '/Observer'.
00:05:10: CP:C17.RCT.1037 has used '/Observer'.
00:05:10: CP:C17.RCT.1037 has used '/Observer'.
00:05:12: CP:C17.RCT.1037 has used '/Observer'.
00:05:13: CP:C17.RCT.1037 has used '/Observer'.
00:05:14: CP:C17.RCT.1037 has used '/Observer'.
00:05:15: CP:C17.RCT.1037 has used '/Observer'.
00:05:15: CP:C17.RCT.1037 has used '/Observer'.
00:05:16: CP:C17.RCT.1037 has used '/Observer'.
00:05:17: CP:C17.RCT.1037 has used '/Observer'.
00:05:18: CP:C17.RCT.1037 has used '/Observer'.
00:05:19: CP:C17.RCT.1037 has used '/Observer'.
00:05:19: CP:C17.RCT.1037 has used '/Observer'.
00:05:22: CP:C17.RCT.1037 has used '/Observer'.
00:05:22: CP:C17.RCT.1037 has used '/Observer'.
00:05:23: CP:C17.RCT.1037 has used '/Observer'.
00:05:23: CP:C17.RCT.1037 has used '/Observer'.
00:05:28: CP:C17.RCT.1037 has used '/Observer'.
00:05:28: CP:C17.RCT.1037 has used '/Observer'.
00:05:29: CP:C17.RCT.1037 has used '/Observer'.
00:05:29: CP:C17.RCT.1037 has used '/Observer'.
00:05:31: CP:C17.RCT.1037 has used '/Observer'.
00:05:37: CP:C17.RCT.1037 has used '/Observer'.
00:05:38: CP:C17.RCT.1037 has used '/Observer'.
00:05:42: CP:C17.RCT.1037 has used '/Observer'.
00:06:14: CP:C17.RCT.1037 has used '/Observer'.
00:06:15: CP:C17.RCT.1037 has used '/Observer'.
00:06:16: CP:C17.RCT.1037 has used '/Observer'.
00:06:17: CP:C17.RCT.1037 has used '/Observer'.
00:06:19: CP:C17.RCT.1037 has used '/Observer'.
00:06:20: CP:C17.RCT.1037 has used '/Observer'.
00:06:20: CP:C17.RCT.1037 has used '/Observer'.
00:06:40: CP:C17.RCT.1037 has used '/Observer'.
00:06:41: CP:C17.RCT.1037 has used '/Observer'.
00:06:49: CP:C17.RCT.1037 has used '/Observer'.
00:06:49: CP:C17.RCT.1037 has used '/Observer'.
00:06:50: CP:C17.RCT.1037 has used '/Observer'.
00:06:51: CP:C17.RCT.1037 has taken 39 damage from worldspawn, leaving them at 34 health and 50 armor!
00:06:52: CP:C17.RCT.1037 has used '/Observer'.
00:06:54: CP:C17.RCT.1037 has used '/Observer'.
00:06:59: CP:C17.RCT.1037 has used '/Observer'.
00:07:00: CP:C17.RCT.1037 has used '/Observer'.
00:07:02: CP:C17.RCT.1037 has used '/Observer'.
00:07:03: CP:C17.RCT.1037 has used '/Observer'.
00:07:04: CP:C17.RCT.1037 has used '/Observer'.
00:07:05: CP:C17.RCT.1037 has used '/Observer'.
00:07:07: CP:C17.RCT.1037 has used '/Observer'.
00:07:07: CP:C17.RCT.1037 has used '/Observer'.
00:07:08: CP:C17.RCT.1037 has used '/Observer'.
00:07:09: CP:C17.RCT.1037 has used '/Observer'.
00:07:10: CP:C17.RCT.1037 has used '/Observer'.
00:07:10: CP:C17.RCT.1037 has used '/Observer'.
00:07:11: CP:C17.RCT.1037 has used '/Observer'.
00:07:12: CP:C17.RCT.1037 has used '/Observer'.
00:07:13: CP:C17.RCT.1037 has used '/Observer'.
00:07:14: CP:C17.RCT.1037 has used '/Observer'.
00:07:41: CP:C17.RCT.1037 has used '/Observer'.
00:07:42: CP:C17.RCT.1037 has used '/Observer'.
00:07:44: CP:C17.RCT.1037 has used '/Observer'.
00:07:45: CP:C17.RCT.1037 has used '/Observer'.
00:07:45: CP:C17.RCT.1037 has used '/Observer'.
00:07:46: CP:C17.RCT.1037 has used '/Observer'.
00:07:47: CP:C17.RCT.1037 has used '/Observer'.
00:07:47: CP:C17.RCT.1037 has used '/Observer'.
00:07:48: CP:C17.RCT.1037 has used '/Observer'.
00:07:49: CP:C17.RCT.1037 has used '/Observer'.
00:07:50: CP:C17.RCT.1037 has used '/Observer'.
00:07:50: CP:C17.RCT.1037 has used '/Observer'.
00:07:51: CP:C17.RCT.1037 has used '/Observer'.
00:07:52: CP:C17.RCT.1037 has used '/Observer'.
00:07:53: CP:C17.RCT.1037 has used '/Observer'.
00:07:54: CP:C17.RCT.1037 has used '/Observer'.
00:07:54: CP:C17.RCT.1037 has used '/Observer'.
00:07:55: CP:C17.RCT.1037 has used '/Observer'.
00:07:56: CP:C17.RCT.1037 has used '/Observer'.
00:07:57: CP:C17.RCT.1037 has used '/Observer'.
00:07:58: CP:C17.RCT.1037 has used '/Observer'.
00:07:58: CP:C17.RCT.1037 has used '/Observer'.
00:07:59: CP:C17.RCT.1037 has used '/Observer'.
00:08:00: CP:C17.RCT.1037 has used '/Observer'.
00:08:01: CP:C17.RCT.1037 has used '/Observer'.
00:08:01: CP:C17.RCT.1037 has used '/Observer'.
00:08:01: CP:C17.RCT.1037 has used '/Observer'.
00:08:02: CP:C17.RCT.1037 has used '/Observer'.
00:08:08: CP:C17.RCT.1037 has used '/Observer'.
00:08:09: CP:C17.RCT.1037 has used '/Observer'.
00:08:37: CP:C17.RCT.1037 has used '/Observer'.
00:08:41: CP:C17.RCT.1037 has used '/Observer'.
00:08:42: CP:C17.RCT.1037 has used '/Observer'.
00:08:43: CP:C17.RCT.1037 has used '/Observer'.
00:08:44: CP:C17.RCT.1037 has used '/Observer'.
00:08:44: CP:C17.RCT.1037 has used '/Observer'.
00:08:46: CP:C17.RCT.1037 has used '/Observer'.
00:08:48: CP:C17.RCT.1037 has used '/Observer'.
00:08:49: CP:C17.RCT.1037 has used '/Observer'.
00:08:49: CP:C17.RCT.1037 has used '/Observer'.
00:08:50: CP:C17.RCT.1037 has used '/Observer'.
00:08:51: CP:C17.RCT.1037 has used '/Observer'.
00:08:52: CP:C17.RCT.1037 has used '/Observer'.
00:08:54: CP:C17.RCT.1037 has used '/Observer'.
00:08:55: CP:C17.RCT.1037 has used '/Observer'.
00:08:56: CP:C17.RCT.1037 has used '/Observer'.
00:08:57: CP:C17.RCT.1037 has used '/Observer'.
00:08:58: CP:C17.RCT.1037 has used '/Observer'.
00:08:59: CP:C17.RCT.1037 has used '/Observer'.
00:09:01: CP:C17.RCT.1037 has used '/Observer'.
00:09:02: CP:C17.RCT.1037 has used '/Observer'.
00:09:52: CP:C17.RCT.1037 has used '/Observer'.
00:09:53: CP:C17.RCT.1037 has used '/Observer'.
00:09:56: CP:C17.RCT.1037 has used '/Observer'.
00:09:57: CP:C17.RCT.1037 has used '/Observer'.
00:09:58: CP:C17.RCT.1037 has used '/Observer'.
00:09:58: CP:C17.RCT.1037 has used '/Observer'.
00:10:55: CP:C17.RCT.1037 has used '/Observer'.
00:10:56: CP:C17.RCT.1037 has used '/Observer'.
00:10:56: CP:C17.RCT.1037 has used '/Observer'.
00:10:57: CP:C17.RCT.1037 has used '/Observer'.
00:11:04: CP:C17.RCT.1037 has used '/Observer'.
00:11:05: CP:C17.RCT.1037 has used '/Observer'.
00:11:05: CP:C17.RCT.1037 has used '/Observer'.
00:11:06: CP:C17.RCT.1037 has used '/Observer'.
00:11:06: CP:C17.RCT.1037 has used '/Observer'.
00:11:07: CP:C17.RCT.1037 has used '/Observer'.
00:11:09: CP:C17.RCT.1037 has used '/Observer'.
00:11:09: CP:C17.RCT.1037 has used '/Observer'.
00:11:10: CP:C17.RCT.1037 has used '/Observer'.
00:11:11: CP:C17.RCT.1037 has used '/Observer'.
00:11:12: CP:C17.RCT.1037 has used '/Observer'.
00:11:13: CP:C17.RCT.1037 has used '/Observer'.
00:11:13: CP:C17.RCT.1037 has used '/Observer'.
00:11:14: CP:C17.RCT.1037 has used '/Observer'.
00:11:15: CP:C17.RCT.1037 has used '/Observer'.
00:11:16: CP:C17.RCT.1037 has used '/Observer'.
00:11:17: CP:C17.RCT.1037 has used '/Observer'.
00:11:18: CP:C17.RCT.1037 has used '/Observer'.
00:11:18: CP:C17.RCT.1037 has used '/Observer'.
00:11:19: CP:C17.RCT.1037 has used '/Observer'.
00:11:20: CP:C17.RCT.1037 has used '/Observer'.
00:11:21: CP:C17.RCT.1037 has used '/Observer'.
00:11:22: CP:C17.RCT.1037 has used '/Observer'.
00:11:22: CP:C17.RCT.1037 has used '/Observer'.
00:11:23: CP:C17.RCT.1037 has used '/Observer'.
00:11:24: CP:C17.RCT.1037 has used '/Observer'.
00:11:24: CP:C17.RCT.1037 has used '/Observer'.
00:11:25: CP:C17.RCT.1037 has used '/Observer'.
00:11:42: CP:C17.RCT.1037 has used '/Observer'.
00:11:43: CP:C17.RCT.1037 has used '/Observer'.
00:11:44: CP:C17.RCT.1037 has used '/Observer'.
00:11:45: CP:C17.RCT.1037 has used '/Observer'.
00:11:46: CP:C17.RCT.1037 has used '/Observer'.
00:11:47: CP:C17.RCT.1037 has used '/Observer'.
00:11:48: CP:C17.RCT.1037 has used '/Observer'.
00:11:49: CP:C17.RCT.1037 has used '/Observer'.
00:11:50: CP:C17.RCT.1037 has used '/Observer'.
00:11:50: CP:C17.RCT.1037 has used '/Observer'.
00:11:51: CP:C17.RCT.1037 has used '/Observer'.
00:11:52: CP:C17.RCT.1037 has used '/Observer'.
00:11:53: CP:C17.RCT.1037 has used '/Observer'.
00:11:53: CP:C17.RCT.1037 has used '/Observer'.
00:11:54: CP:C17.RCT.1037 has used '/Observer'.
00:11:55: CP:C17.RCT.1037 has used '/Observer'.
00:11:56: CP:C17.RCT.1037 has used '/Observer'.
00:11:57: CP:C17.RCT.1037 has used '/Observer'.
00:11:58: CP:C17.RCT.1037 has used '/Observer'.
00:12:00: CP:C17.RCT.1037 has used '/Observer'.
00:12:01: CP:C17.RCT.1037 has used '/Observer'.
00:12:01: CP:C17.RCT.1037 has used '/Observer'.
00:12:02: CP:C17.RCT.1037 has used '/Observer'.
00:12:03: CP:C17.RCT.1037 has used '/Observer'.
00:12:06: CP:C17.RCT.1037 has used '/Observer'.
00:12:06: CP:C17.RCT.1037 has used '/Observer'.
00:12:07: CP:C17.RCT.1037 has used '/Observer'.
00:12:08: CP:C17.RCT.1037 has used '/Observer'.
00:12:08: CP:C17.RCT.1037 has used '/Observer'.
00:12:09: CP:C17.RCT.1037 has used '/Observer'.
00:12:16: CP:C17.RCT.1037 has used '/Observer'.
00:12:16: CP:C17.RCT.1037 has used '/Observer'.
00:12:17: CP:C17.RCT.1037 has used '/Observer'.
00:12:18: CP:C17.RCT.1037 has used '/Observer'.
00:12:31: CP:C17.RCT.1037 has used '/Observer'.
00:12:31: CP:C17.RCT.1037 has used '/Observer'.
00:13:37: CP:C17.RCT.1037 has used '/Observer'.
00:13:38: CP:C17.RCT.1037 has used '/Observer'.
00:13:42: CP:C17.RCT.1037 has used '/Observer'.
00:13:43: CP:C17.RCT.1037 has used '/Observer'.
00:13:43: CP:C17.RCT.1037 has used '/Observer'.
00:13:44: CP:C17.RCT.1037 has used '/Observer'.
00:13:45: CP:C17.RCT.1037 has used '/Observer'.
00:13:46: CP:C17.RCT.1037 has used '/Observer'.
00:13:49: CP:C17.RCT.1037 has used '/Observer'.
00:13:49: CP:C17.RCT.1037 has used '/Observer'.
00:13:51: CP:C17.RCT.1037 has used '/Observer'.
00:13:52: CP:C17.RCT.1037 has used '/Observer'.
00:13:53: CP:C17.RCT.1037 has used '/Observer'.
00:13:54: CP:C17.RCT.1037 has used '/Observer'.
00:13:55: CP:C17.RCT.1037 has used '/Observer'.
00:13:55: CP:C17.RCT.1037 has used '/Observer'.
00:13:55: CP:C17.RCT.1037 has used '/Observer'.
00:13:57: CP:C17.RCT.1037 has used '/Observer'.
00:13:57: CP:C17.RCT.1037 has used '/Observer'.
00:13:57: CP:C17.RCT.1037 has used '/Observer'.
00:13:59: CP:C17.RCT.1037 has used '/Observer'.
00:14:01: CP:C17.RCT.1037 has used '/Observer'.
00:14:02: CP:C17.RCT.1037 has used '/Observer'.
00:14:25: CP:C17.RCT.1037 has used '/Observer'.
00:14:27: CP:C17.RCT.1037 has used '/Observer'.
00:14:28: CP:C17.RCT.1037 has used '/Observer'.
00:14:29: CP:C17.RCT.1037 has used '/Observer'.
00:14:29: CP:C17.RCT.1037 has used '/Observer'.
00:14:29: CP:C17.RCT.1037 has used '/Observer'.
00:14:30: CP:C17.RCT.1037 has used '/Observer'.
00:14:31: CP:C17.RCT.1037 has used '/Observer'.
00:14:32: CP:C17.RCT.1037 has used '/Observer'.
00:14:33: CP:C17.RCT.1037 has used '/Observer'.
00:14:34: CP:C17.RCT.1037 has used '/Observer'.
00:14:34: CP:C17.RCT.1037 has used '/Observer'.
00:14:35: CP:C17.RCT.1037 has used '/Observer'.
00:14:43: CP:C17.RCT.1037 has used '/Observer'.
00:14:43: CP:C17.RCT.1037 has used '/Observer'.
00:14:44: CP:C17.RCT.1037 has used '/Observer'.
00:14:44: CP:C17.RCT.1037 has used '/Observer'.
00:14:44: CP:C17.RCT.1037 has used '/Observer'.
00:14:45: CP:C17.RCT.1037 has used '/Observer'.
00:14:46: CP:C17.RCT.1037 has used '/Observer'.
00:14:46: CP:C17.RCT.1037 has used '/Observer'.
00:14:47: CP:C17.RCT.1037 has used '/Observer'.
00:14:49: CP:C17.RCT.1037 has used '/Observer'.
00:14:50: CP:C17.RCT.1037 has used '/Observer'.
00:14:51: CP:C17.RCT.1037 has used '/Observer'.
00:15:22: CP:C17.RCT.1037 has used '/Observer'.
00:15:23: CP:C17.RCT.1037 has used '/Observer'.
00:15:27: CP:C17.RCT.1037 has used '/Observer'.
00:15:27: CP:C17.RCT.1037 has used '/Observer'.
00:15:28: CP:C17.RCT.1037 has used '/Observer'.
00:15:29: CP:C17.RCT.1037 has used '/Observer'.
00:15:35: CP:C17.RCT.1037 has used '/Observer'.
00:15:36: CP:C17.RCT.1037 has used '/Observer'.
00:15:37: CP:C17.RCT.1037 has used '/Observer'.
00:15:38: CP:C17.RCT.1037 has used '/Observer'.
00:15:38: CP:C17.RCT.1037 has used '/Observer'.
00:15:39: CP:C17.RCT.1037 has used '/Observer'.
00:15:39: CP:C17.RCT.1037 has used '/Observer'.
00:15:40: CP:C17.RCT.1037 has used '/Observer'.
00:15:40: CP:C17.RCT.1037 has used '/Observer'.
00:15:41: CP:C17.RCT.1037 has used '/Observer'.
00:15:42: CP:C17.RCT.1037 has used '/Observer'.
00:15:42: CP:C17.RCT.1037 has used '/Observer'.
00:15:50: CP:C17.RCT.1037 has used '/Observer'.
00:15:50: CP:C17.RCT.1037 has used '/Observer'.
00:16:01: CP:C17.RCT.1037 has used '/Observer'.
00:16:02: CP:C17.RCT.1037 has used '/Observer'.
00:16:03: CP:C17.RCT.1037 has used '/Observer'.
00:16:04: CP:C17.RCT.1037 has used '/Observer'.
00:16:05: CP:C17.RCT.1037 has used '/Observer'.
00:16:05: CP:C17.RCT.1037 has used '/Observer'.
00:16:06: CP:C17.RCT.1037 has used '/Observer'.
00:16:07: CP:C17.RCT.1037 has used '/Observer'.
00:16:08: CP:C17.RCT.1037 has used '/Observer'.
00:16:08: CP:C17.RCT.1037 has used '/Observer'.
00:16:09: CP:C17.RCT.1037 has used '/Observer'.
00:16:09: CP:C17.RCT.1037 has used '/Observer'.
00:16:10: CP:C17.RCT.1037 has used '/Observer'.
00:16:11: CP:C17.RCT.1037 has used '/Observer'.
00:16:11: CP:C17.RCT.1037 has used '/Observer'.
00:16:12: CP:C17.RCT.1037 has used '/Observer'.
00:16:12: CP:C17.RCT.1037 has used '/Observer'.
00:16:14: CP:C17.RCT.1037 has used '/Observer'.
00:16:14: CP:C17.RCT.1037 has used '/Observer'.
00:16:15: CP:C17.RCT.1037 has used '/Observer'.
00:16:16: CP:C17.RCT.1037 has used '/Observer'.
00:16:18: CP:C17.RCT.1037 has used '/Observer'.
00:16:22: CP:C17.RCT.1037 has used '/Observer'.
00:16:23: CP:C17.RCT.1037 has used '/Observer'.
00:18:14: CP:C17.RCT.1037 has used '/Observer'.
00:18:15: CP:C17.RCT.1037 has used '/Observer'.
00:18:15: CP:C17.RCT.1037 has used '/Observer'.
00:18:16: CP:C17.RCT.1037 has used '/Observer'.
12:10:38: SchωarzKrµppzo (STEAM_0:1:44629398) has connected.
12:16:44: SchωarzKrµppzo (STEAM_0:1:44629398) has connected.
12:18:00: SchωarzKrµppzo has loaded the character 'CP:C17.RCT.1037'.
12:18:40: CP:C17.RCT.1037 has used '/PillCharSet rct '.
12:23:57: CP:C17.RCT.1037 has used '/Observer'.
12:23:58: CP:C17.RCT.1037 has used '/Observer'.
12:23:59: CP:C17.RCT.1037 has used '/Observer'.
12:24:00: CP:C17.RCT.1037 has used '/Observer'.
12:24:01: CP:C17.RCT.1037 has used '/Observer'.
12:24:01: CP:C17.RCT.1037 has used '/Observer'.
12:24:02: CP:C17.RCT.1037 has used '/Observer'.
12:24:02: CP:C17.RCT.1037 has used '/Observer'.
12:24:03: CP:C17.RCT.1037 has used '/Observer'.
12:24:04: CP:C17.RCT.1037 has used '/Observer'.
13:14:56: CP:C17.RCT.1037 has gained a USP Match 1461406497.
13:14:56: CP:C17.RCT.1037 has used '/CharGiveItem rct usp'.
13:15:06: CP:C17.RCT.1037 (STEAM_0:1:44629398) has disconnected.
13:17:05: SchωarzKrµppzo (STEAM_0:1:44629398) has connected.
13:17:54: SchωarzKrµppzo has loaded the character 'CP:C17.RCT.1037'.
13:17:56: CP:C17.RCT.1037 has used '/Observer'.
13:17:57: CP:C17.RCT.1037 has used '/Observer'.
13:18:42: CP:C17.RCT.1037 has lost a USP Match 1461406497.
13:18:42: CP:C17.RCT.1037 has used '/InvAction use sxbase_uspmatch 1461406497.00'.
13:20:54: CP:C17.RCT.1037 has gained a MP7 1461406855.
13:20:54: CP:C17.RCT.1037 has used '/CharGiveItem rct mp7'.
13:20:56: CP:C17.RCT.1037 has lost a MP7 1461406855.
13:20:56: CP:C17.RCT.1037 has used '/InvAction use sxbase_mp7 1461406855.00'.
13:24:06: CP:C17.RCT.1037 has used '/Observer'.
13:24:08: CP:C17.RCT.1037 has used '/Observer'.
13:24:08: CP:C17.RCT.1037 has used '/Observer'.
13:24:08: CP:C17.RCT.1037 has used '/Observer'.
13:24:09: CP:C17.RCT.1037 has used '/Observer'.
13:24:10: CP:C17.RCT.1037 has used '/Observer'.
13:24:10: CP:C17.RCT.1037 has used '/Observer'.
13:24:11: CP:C17.RCT.1037 has used '/Observer'.
13:24:12: CP:C17.RCT.1037 has used '/Observer'.
13:24:12: CP:C17.RCT.1037 has used '/Observer'.
13:33:42: CP:C17.RCT.1037 (STEAM_0:1:44629398) has disconnected.
13:38:16: SchωarzKrµppzo (STEAM_0:1:44629398) has connected.
13:39:31: SchωarzKrµppzo has loaded the character 'CP:C17.RCT.1037'.
13:39:34: CP:C17.RCT.1037 has used '/Observer'.
13:39:34: CP:C17.RCT.1037 has used '/Observer'.
13:39:35: CP:C17.RCT.1037 has used '/Observer'.
13:39:35: CP:C17.RCT.1037 has used '/Observer'.
13:39:36: CP:C17.RCT.1037 has used '/Observer'.
13:39:37: CP:C17.RCT.1037 has used '/Observer'.
13:39:37: CP:C17.RCT.1037 has used '/Observer'.
13:39:37: CP:C17.RCT.1037 has used '/Observer'.
13:42:07: Bot01 has used '/CharVoiceDesc'.
13:42:07: Bot01 (BOT) has connected.
13:42:07: Bot01 has used '/CharVoiceDesc'.
13:42:13: worldspawn has dealt 107 damage to Bot01, killing them!
13:42:18: Bot01 has used '/CharVoiceDesc'.
13:42:40: CP:C17.RCT.1037 has used '/CharGiveFlags rct G8'.
13:42:43: CP:C17.RCT.1037 has used '/CharPermaKill bot'.
13:43:03: CP:C17.RCT.1037 (STEAM_0:1:44629398) has disconnected.
13:43:03: Bot01 (BOT) has disconnected.
13:47:25: SchωarzKrµppzo (STEAM_0:1:44629398) has connected.
13:48:18: SchωarzKrµppzo has loaded the character 'CP:C17.RCT.1037'.
13:51:53: SchωarzKrµppzo (STEAM_0:1:44629398) has connected.
13:52:49: SchωarzKrµppzo has loaded the character 'CP:C17.RCT.1037'.
13:53:10: CP:C17.RCT.1037 has used '/PlyDemote CP:C17.RCT.1037'.
13:53:15: Bot01 has used '/CharVoiceDesc'.
13:53:15: Bot01 (BOT) has connected.
13:53:15: Bot01 has used '/CharVoiceDesc'.
13:53:26: CP:C17.RCT.1037 has gained a 9mm Pistol Bullets 1461408808.
13:53:26: CP:C17.RCT.1037 has used '/CharGiveItem rct pistol'.
13:53:35: Bot01 has dealt 100 damage to Bot01, killing them!
13:53:35: CP:C17.RCT.1037 has used '/CharPermaKill bot'.
14:48:36: CP:C17.RCT.1037 (STEAM_0:1:44629398) has disconnected.
14:48:36: Bot01 (BOT) has disconnected.
