13:57:24: Taishō Septic (STEAM_0:0:34008601) has connected.
14:00:14: Taishō Septic has loaded the character '2222222222'.
14:00:40: 2222222222 has used '/Observer'.
14:00:41: 2222222222 has used '/Observer'.
14:00:44: 2222222222 has used '/Observer'.
14:00:50: 2222222222 has used '/Observer'.
14:00:58: 2222222222 has used '/Observer'.
14:01:06: 2222222222 has used '/Observer'.
14:01:18: 2222222222 has used '/Observer'.
14:01:20: 2222222222 has used '/Observer'.
14:01:29: 2222222222 has used '/Observer'.
14:01:30: 2222222222 has used '/Observer'.
14:01:32: 2222222222 has used '/Observer'.
14:01:33: 2222222222 has used '/Observer'.
14:01:36: 2222222222 has used '/Observer'.
14:01:36: 2222222222 has used '/Observer'.
14:01:38: 2222222222 has used '/Observer'.
14:01:38: 2222222222 has used '/Observer'.
14:01:38: 2222222222 has used '/Observer'.
14:01:39: 2222222222 has used '/Observer'.
14:01:43: 2222222222 has used '/DropTokens 100'.
14:01:44: 2222222222 has used '/DropTokens 100'.
14:01:45: 2222222222 has used '/DropTokens 100'.
14:01:45: 2222222222 has used '/DropTokens 100'.
14:01:45: 2222222222 has used '/DropTokens 100'.
14:01:46: 2222222222 has used '/DropTokens 100'.
14:01:55: 2222222222 has used '/SetTokens 2 100'.
14:01:59: 2222222222 has used '/DropTokens 100'.
14:02:00: 2222222222 has used '/DropTokens 100'.
14:02:01: 2222222222 has used '/DropTokens 100'.
14:02:01: 2222222222 has used '/DropTokens 100'.
14:02:01: 2222222222 has used '/DropTokens 100'.
14:02:02: 2222222222 has used '/DropTokens 100'.
14:02:02: 2222222222 has used '/DropTokens 100'.
14:02:03: 2222222222 has used '/DropTokens 100'.
14:02:08: 2222222222 has used '/DropTokens 100'.
14:02:09: 2222222222 has used '/DropTokens 100'.
14:02:19: 2222222222 has used '/DropTokens 100'.
14:02:19: 2222222222 has used '/DropTokens 100'.
14:02:21: 2222222222 has used '/DropTokens 100'.
14:02:22: 2222222222 has used '/DropTokens 100'.
14:02:22: 2222222222 has used '/DropTokens 100'.
14:02:24: 2222222222 has used '/DropTokens 100'.
14:02:24: 2222222222 has used '/DropTokens 100'.
14:02:25: 2222222222 has used '/DropTokens 100'.
14:02:25: 2222222222 has used '/DropTokens 100'.
14:02:26: 2222222222 has used '/DropTokens 100'.
14:02:26: 2222222222 has used '/DropTokens 100'.
14:02:26: 2222222222 has used '/DropTokens 100'.
14:02:27: 2222222222 has used '/DropTokens 100'.
14:02:27: 2222222222 has used '/DropTokens 100'.
14:02:27: 2222222222 has used '/DropTokens 100'.
14:02:28: 2222222222 has used '/DropTokens 100'.
14:02:28: 2222222222 has used '/DropTokens 100'.
14:02:28: 2222222222 has used '/DropTokens 100'.
14:02:29: 2222222222 has used '/DropTokens 100'.
14:02:29: 2222222222 has used '/DropTokens 100'.
14:02:29: 2222222222 has used '/DropTokens 100'.
14:02:29: 2222222222 has used '/DropTokens 100'.
14:02:30: 2222222222 has used '/DropTokens 100'.
14:02:30: 2222222222 has used '/DropTokens 100'.
14:02:31: 2222222222 has used '/DropTokens 100'.
14:02:31: 2222222222 has used '/DropTokens 100'.
14:02:31: 2222222222 has used '/DropTokens 100'.
14:02:32: 2222222222 has used '/DropTokens 100'.
14:02:32: 2222222222 has used '/DropTokens 100'.
14:02:32: 2222222222 has used '/DropTokens 100'.
14:02:32: 2222222222 has used '/DropTokens 100'.
14:02:40: 2222222222 has used '/Observer'.
14:02:41: 2222222222 has used '/Observer'.
14:02:43: 2222222222 has used '/Observer'.
14:02:43: 2222222222 has used '/Observer'.
14:02:44: 2222222222 has used '/Observer'.
14:02:44: 2222222222 has used '/Observer'.
14:02:48: 2222222222 has used '/Observer'.
14:02:49: 2222222222 has used '/Observer'.
14:02:50: 2222222222 has used '/Observer'.
14:02:50: 2222222222 has used '/Observer'.
14:02:51: 2222222222 has used '/Observer'.
14:02:52: 2222222222 has used '/Observer'.
14:02:54: 2222222222 has used '/Observer'.
14:02:55: 2222222222 has used '/Observer'.
14:03:00: 2222222222 has used '/Observer'.
14:03:03: 2222222222 has used '/Observer'.
14:03:04: 2222222222 has used '/Observer'.
14:03:04: 2222222222 has used '/Observer'.
14:03:05: 2222222222 has used '/Observer'.
14:03:06: 2222222222 has used '/Observer'.
14:03:20: 2222222222 has used '/Observer'.
14:03:21: 2222222222 has used '/Observer'.
14:03:22: 2222222222 has used '/Observer'.
14:03:22: 2222222222 has used '/Observer'.
14:04:31: 2222222222 has used '/Observer'.
14:04:39: 2222222222 has used '/Observer'.
14:04:52: 2222222222 has used '/Observer'.
14:04:56: 2222222222 has used '/Observer'.
14:05:16: 2222222222 has used '/StorageClose'.
14:06:41: 2222222222 has used '/Observer'.
14:06:57: 2222222222 has used '/Observer'.
14:08:29: 2222222222 has used '/OrderShipment paper'.
14:09:47: 2222222222 has used '/Observer'.
14:09:49: 2222222222 has used '/Observer'.
14:09:52: 2222222222 has used '/Observer'.
14:09:52: 2222222222 has used '/Observer'.
14:09:53: 2222222222 has used '/Observer'.
14:09:53: 2222222222 has used '/Observer'.
14:09:55: 2222222222 has used '/Observer'.
14:09:56: 2222222222 has used '/Observer'.
14:10:01: 2222222222 has used '/Observer'.
14:10:01: 2222222222 has used '/Observer'.
14:10:01: 2222222222 has used '/Observer'.
14:10:02: 2222222222 has used '/Observer'.
14:10:03: 2222222222 has used '/Observer'.
14:10:03: 2222222222 has used '/Observer'.
14:10:04: 2222222222 has used '/Observer'.
14:10:04: 2222222222 has used '/Observer'.
14:11:49: 2222222222 has used '/Observer'.
14:11:50: 2222222222 has used '/Observer'.
14:11:51: 2222222222 has used '/Observer'.
14:11:51: 2222222222 has used '/Observer'.
14:11:53: 2222222222 has used '/Observer'.
14:11:54: 2222222222 has used '/Observer'.
14:11:55: 2222222222 has used '/Observer'.
14:11:56: 2222222222 has used '/Observer'.
14:12:46: 2222222222 has used '/Observer'.
14:12:46: 2222222222 has used '/Observer'.
14:12:48: 2222222222 has used '/Observer'.
14:12:48: 2222222222 has used '/Observer'.
14:12:48: 2222222222 has used '/Observer'.
14:12:50: 2222222222 has used '/Observer'.
14:12:50: 2222222222 has used '/Observer'.
14:12:50: 2222222222 has used '/Observer'.
14:12:51: 2222222222 has used '/Observer'.
14:12:53: 2222222222 has used '/Observer'.
14:12:54: 2222222222 has used '/Observer'.
14:12:54: 2222222222 has used '/Observer'.
14:12:55: 2222222222 has used '/Observer'.
14:12:55: 2222222222 has used '/Observer'.
14:13:09: 2222222222 has used '/Observer'.
14:13:10: 2222222222 has used '/Observer'.
14:13:12: 2222222222 has used '/Observer'.
14:13:17: 2222222222 has used '/Observer'.
14:13:19: 2222222222 has used '/Observer'.
14:13:21: 2222222222 has used '/Observer'.
14:13:24: 2222222222 has used '/Observer'.
14:13:24: 2222222222 has used '/Observer'.
14:13:25: 2222222222 has used '/Observer'.
14:13:25: 2222222222 has used '/Observer'.
14:13:29: 2222222222 has used '/Observer'.
14:13:31: 2222222222 has used '/Observer'.
14:13:31: 2222222222 has used '/Observer'.
14:13:35: 2222222222 has used '/Observer'.
14:13:37: 2222222222 has used '/Observer'.
14:13:38: 2222222222 has used '/Observer'.
14:13:40: 2222222222 has used '/Observer'.
14:13:41: 2222222222 has used '/Observer'.
14:13:43: 2222222222 has used '/Observer'.
14:13:44: 2222222222 has used '/Observer'.
14:13:46: 2222222222 has used '/Observer'.
14:13:47: 2222222222 has used '/Observer'.
14:13:47: 2222222222 has used '/Observer'.
14:13:48: 2222222222 has used '/Observer'.
14:13:50: 2222222222 has used '/Observer'.
14:13:50: 2222222222 has used '/Observer'.
14:13:53: 2222222222 has used '/Observer'.
14:13:53: 2222222222 has used '/Observer'.
14:13:55: 2222222222 has used '/Observer'.
14:13:55: 2222222222 has used '/Observer'.
14:13:57: 2222222222 has used '/Observer'.
14:13:58: 2222222222 has used '/Observer'.
14:13:59: 2222222222 has used '/Observer'.
14:14:00: 2222222222 has used '/Observer'.
14:14:01: 2222222222 has used '/Observer'.
14:14:02: 2222222222 has used '/Observer'.
14:14:05: 2222222222 has used '/Observer'.
14:14:05: 2222222222 has used '/Observer'.
14:14:06: 2222222222 has used '/Observer'.
14:14:15: 2222222222 has used '/Observer'.
14:14:22: 2222222222 has used '/Observer'.
14:14:25: 2222222222 has used '/Observer'.
14:14:25: 2222222222 has used '/Observer'.
14:14:28: 2222222222 has used '/Observer'.
14:14:33: 2222222222 has used '/Observer'.
14:14:38: 2222222222 has used '/Observer'.
14:14:44: 2222222222 has used '/SalesmanEdit'.
14:15:12: 2222222222 has used '/Observer'.
14:15:20: 2222222222 has used '/Observer'.
14:15:20: 2222222222 has used '/Observer'.
14:15:20: 2222222222 has used '/Observer'.
14:16:07: 2222222222 has used '/Observer'.
14:16:13: 2222222222 has used '/Observer'.
14:16:26: 2222222222 has used '/SpawnGarbagePointAdd'.
14:16:47: 2222222222 has gained a Empty Glass Bottle 1457349409.
14:16:49: 2222222222 has gained a UU-Branded Canned Water 1457349412.
14:16:50: 2222222222 has gained a Empty Takeout Carton 1457349414.
14:16:50: 2222222222 has gained a Empty Tin Can 1457349415.
14:16:51: 2222222222 has gained a Ration 1457349417.
14:16:51: 2222222222 has gained a Empty Carton 1457349418.
14:16:52: 2222222222 has gained a Рваные перчатки 1457349420.
14:16:59: 2222222222 has gained a Milk Carton 1457349428.
14:17:00: 2222222222 has gained a Empty Glass Bottle 1457349430.
14:17:00: 2222222222 has gained a Special Breen's Water 1457349431.
14:17:00: 2222222222 has gained a Empty Soda Can 1457349432.
14:17:00: 2222222222 has gained a Empty Soda Can 1457349433.
14:17:01: 2222222222 has gained a Large Soda 1457349435.
14:17:01: 2222222222 has gained a Empty Carton 1457349436.
14:17:01: 2222222222 has gained a Empty Takeout Carton 1457349437.
14:17:02: 2222222222 has gained a Empty Tin Can 1457349441.
14:17:22: 2222222222 has gained a Empty Soda Can 1457349466.
14:18:12: 2222222222 has used '/Observer'.
14:18:12: 2222222222 has used '/Observer'.
14:18:14: 2222222222 has used '/Observer'.
14:18:14: 2222222222 has used '/Observer'.
14:18:15: 2222222222 has used '/Observer'.
14:18:16: 2222222222 has used '/Observer'.
14:18:18: 2222222222 has used '/Observer'.
14:18:19: 2222222222 has used '/Observer'.
14:18:19: 2222222222 has used '/Observer'.
14:18:27: 2222222222 has used '/Observer'.
14:18:28: 2222222222 has used '/Observer'.
14:18:29: 2222222222 has used '/Observer'.
14:18:29: 2222222222 has used '/Observer'.
14:18:29: 2222222222 has used '/Observer'.
14:18:30: 2222222222 has used '/Observer'.
14:18:42: 2222222222 has used '/Observer'.
14:19:03: 2222222222 has used '/Observer'.
14:19:04: 2222222222 has used '/Observer'.
14:19:04: 2222222222 has used '/CharFallOver 0'.
14:19:10: 2222222222 has used '/Observer'.
14:19:10: 2222222222 has used '/Observer'.
14:19:13: 2222222222 has used '/Observer'.
14:19:13: 2222222222 has used '/Observer'.
14:20:43: 2222222222 has used '/Observer'.
14:20:43: 2222222222 has used '/Observer'.
14:20:46: 2222222222 has used '/Observer'.
14:20:46: 2222222222 has used '/Observer'.
14:20:48: 2222222222 has used '/Observer'.
14:20:49: 2222222222 has used '/Observer'.
14:22:02: 2222222222 (STEAM_0:0:34008601) has disconnected.
14:43:41: Taishō Septic (STEAM_0:0:34008601) has connected.
14:45:05: Taishō Septic has deleted the character '111111111111111'.
14:45:09: Taishō Septic has deleted the character '2222222222'.
14:45:10: Taishō Septic has loaded the character '1111111111111'.
14:45:23: 1111111111111 has used '/SetTokens 111 100'.
14:46:17: 1111111111111 has used '/Observer'.
14:46:18: 1111111111111 has used '/Observer'.
14:46:34: 1111111111111 has used '/Observer'.
14:46:34: 1111111111111 has used '/Observer'.
14:46:35: 1111111111111 has used '/Observer'.
14:46:44: 1111111111111 has used '/Observer'.
14:47:31: 1111111111111 (STEAM_0:0:34008601) has disconnected.
15:04:00: Taishō Septic (STEAM_0:0:34008601) has connected.
15:10:26: Taishō Septic (STEAM_0:0:34008601) has connected.
15:23:58: Taishō Septic (STEAM_0:0:34008601) has connected.
15:38:04: Taishō Septic (STEAM_0:0:34008601) has connected.
15:47:50: Taishō Septic (STEAM_0:0:34008601) has connected.
16:19:22: Taishō Septic (STEAM_0:0:34008601) has connected.
16:24:44: Taishō Septic has created a Citizen character called 'Andrew Karmanov'.
16:24:44: Taishō Septic has loaded the character 'Andrew Karmanov'.
16:55:47: Andrew Karmanov (STEAM_0:0:34008601) has disconnected.
18:45:13: Taishō Septic (STEAM_0:0:34008601) has connected.
18:47:53: Taishō Septic has loaded the character 'Andrew Karmanov'.
18:53:48: Andrew Karmanov has used '/CharFallOver 0'.
19:41:37: Andrew Karmanov has used '/CharFallOver 0'.
19:41:42: Andrew Karmanov (STEAM_0:0:34008601) has disconnected.
21:41:52: Taishō Septic (STEAM_0:0:34008601) has connected.
21:58:30: Taishō Septic has loaded the character 'Andrew Karmanov'.
22:19:02: Andrew Karmanov has used '/StorageClose'.
22:39:09: Andrew Karmanov has used '/CharFallOver 0'.
22:39:10: Andrew Karmanov has used '/CharFallOver 0'.
22:39:15: Andrew Karmanov (STEAM_0:0:34008601) has disconnected.
