13:14:12: SchωarzKruppzo (STEAM_0:1:44629398) has connected.
13:15:15: SchωarzKruppzo has loaded the character 'CP:C17.i4.0981'.
13:15:20: CP:C17.i4.0981 has used '/Observer'.
13:15:21: CP:C17.i4.0981 has used '/Observer'.
13:15:22: CP:C17.i4.0981 has used '/Observer'.
13:15:22: CP:C17.i4.0981 has used '/Observer'.
13:15:23: CP:C17.i4.0981 has used '/Observer'.
13:15:23: CP:C17.i4.0981 has used '/Observer'.
13:15:25: CP:C17.i4.0981 has used '/Observer'.
13:15:25: CP:C17.i4.0981 has used '/Observer'.
13:34:47: CP:C17.i4.0981 (STEAM_0:1:44629398) has disconnected.
13:38:28: SchωarzKruppzo (STEAM_0:1:44629398) has connected.
13:39:02: SchωarzKruppzo has loaded the character 'CP:C17.i4.0981'.
13:39:38: CP:C17.i4.0981 has used '/CraftItem blueprint_bandage'.
13:39:57: CP:C17.i4.0981 has used '/Observer'.
13:39:59: CP:C17.i4.0981 has used '/Observer'.
13:40:01: CP:C17.i4.0981 has used '/Observer'.
13:40:48: CP:C17.i4.0981 has used '/Observer'.
14:14:10: CP:C17.i4.0981 has used '/Observer'.
14:14:11: CP:C17.i4.0981 has used '/Observer'.
14:14:12: CP:C17.i4.0981 has taken 25 damage from worldspawn, leaving them at 75 health and 150 armor!
14:14:16: CP:C17.i4.0981 has used '/Observer'.
14:14:21: CP:C17.i4.0981 has used '/Observer'.
14:14:23: CP:C17.i4.0981 has used '/Observer'.
14:14:27: CP:C17.i4.0981 has used '/Observer'.
14:14:32: CP:C17.i4.0981 has used '/Observer'.
14:14:33: CP:C17.i4.0981 has used '/Observer'.
14:16:45: CP:C17.i4.0981 has used '/Observer'.
14:16:46: CP:C17.i4.0981 has used '/Observer'.
14:16:47: CP:C17.i4.0981 has used '/Observer'.
14:16:48: CP:C17.i4.0981 has used '/Observer'.
14:16:48: CP:C17.i4.0981 has used '/Observer'.
14:16:49: CP:C17.i4.0981 has used '/Observer'.
14:16:49: CP:C17.i4.0981 has used '/Observer'.
14:16:53: CP:C17.i4.0981 has used '/Observer'.
14:19:11: CP:C17.i4.0981 has used '/Observer'.
14:19:11: CP:C17.i4.0981 has used '/Observer'.
14:19:11: CP:C17.i4.0981 has used '/Observer'.
14:19:12: CP:C17.i4.0981 has used '/Observer'.
14:19:30: CP:C17.i4.0981 has used '/Observer'.
14:19:31: CP:C17.i4.0981 has used '/Observer'.
14:19:45: CP:C17.i4.0981 has used '/Observer'.
14:19:46: CP:C17.i4.0981 has used '/Observer'.
14:19:47: CP:C17.i4.0981 has used '/Observer'.
14:19:48: CP:C17.i4.0981 has used '/Observer'.
14:19:49: CP:C17.i4.0981 has used '/Observer'.
14:19:49: CP:C17.i4.0981 has used '/Observer'.
14:19:51: CP:C17.i4.0981 has used '/Observer'.
14:19:53: CP:C17.i4.0981 has used '/Observer'.
14:21:08: CP:C17.i4.0981 has used '/Observer'.
14:21:09: CP:C17.i4.0981 has used '/Observer'.
14:21:11: worldspawn has dealt 149 damage to CP:C17.i4.0981, killing them!
14:38:53: CP:C17.i4.0981 (STEAM_0:1:44629398) has disconnected.
15:28:04: SchωarzKruppzo (STEAM_0:1:44629398) has connected.
15:29:17: SchωarzKruppzo has loaded the character 'CP:C17.i4.0981'.
15:29:20: CP:C17.i4.0981 has used '/Observer'.
15:29:23: CP:C17.i4.0981 has used '/Observer'.
15:29:24: CP:C17.i4.0981 has used '/Observer'.
15:29:41: CP:C17.i4.0981 has used '/Observer'.
15:29:41: CP:C17.i4.0981 has used '/Observer'.
15:29:42: CP:C17.i4.0981 has used '/Observer'.
15:29:42: CP:C17.i4.0981 has used '/Observer'.
15:29:43: CP:C17.i4.0981 has used '/Observer'.
15:38:17: CP:C17.i4.0981 has used '/Observer'.
15:38:17: CP:C17.i4.0981 has used '/Observer'.
15:38:18: worldspawn has dealt 426 damage to CP:C17.i4.0981, killing them!
15:38:24: CP:C17.i4.0981 has used '/Observer'.
15:38:26: CP:C17.i4.0981 has used '/Observer'.
15:41:01: CP:C17.i4.0981 has used '/Observer'.
15:41:02: CP:C17.i4.0981 has used '/Observer'.
15:41:02: worldspawn has dealt 375 damage to CP:C17.i4.0981, killing them!
15:55:24: CP:C17.i4.0981 has used '/Observer'.
15:55:24: CP:C17.i4.0981 has used '/Observer'.
15:55:25: CP:C17.i4.0981 has used '/Observer'.
15:55:26: CP:C17.i4.0981 has used '/Observer'.
15:55:27: CP:C17.i4.0981 has used '/Observer'.
15:55:28: CP:C17.i4.0981 has used '/Observer'.
15:55:29: CP:C17.i4.0981 has used '/Observer'.
15:55:30: CP:C17.i4.0981 has used '/Observer'.
15:55:31: CP:C17.i4.0981 has used '/Observer'.
15:55:31: CP:C17.i4.0981 has used '/Observer'.
15:58:12: CP:C17.i4.0981 has used '/Observer'.
15:58:15: CP:C17.i4.0981 has used '/Observer'.
15:58:16: CP:C17.i4.0981 has used '/Observer'.
15:58:17: CP:C17.i4.0981 has used '/Observer'.
15:58:18: CP:C17.i4.0981 has used '/Observer'.
15:58:18: CP:C17.i4.0981 has used '/Observer'.
15:58:19: CP:C17.i4.0981 has used '/Observer'.
15:58:19: CP:C17.i4.0981 has used '/Observer'.
15:58:21: CP:C17.i4.0981 has used '/Observer'.
15:58:23: CP:C17.i4.0981 has used '/Observer'.
16:01:14: CP:C17.i4.0981 has used '/Observer'.
16:01:15: CP:C17.i4.0981 has used '/Observer'.
16:01:16: worldspawn has dealt 170 damage to CP:C17.i4.0981, killing them!
16:10:47: CP:C17.i4.0981 has used '/Observer'.
16:10:48: CP:C17.i4.0981 has used '/Observer'.
16:10:49: CP:C17.i4.0981 has used '/Observer'.
16:10:49: CP:C17.i4.0981 has used '/Observer'.
16:10:51: CP:C17.i4.0981 has used '/Observer'.
16:10:52: CP:C17.i4.0981 has used '/Observer'.
16:10:53: CP:C17.i4.0981 has used '/Observer'.
16:10:53: CP:C17.i4.0981 has used '/Observer'.
16:12:39: CP:C17.i4.0981 has used '/Observer'.
16:12:39: CP:C17.i4.0981 has used '/Observer'.
16:12:41: CP:C17.i4.0981 has used '/Observer'.
16:12:41: CP:C17.i4.0981 has used '/Observer'.
16:12:42: CP:C17.i4.0981 has used '/Observer'.
16:12:42: CP:C17.i4.0981 has used '/Observer'.
16:12:43: CP:C17.i4.0981 has used '/Observer'.
16:12:43: CP:C17.i4.0981 has used '/Observer'.
16:12:44: CP:C17.i4.0981 has used '/Observer'.
16:12:44: CP:C17.i4.0981 has used '/Observer'.
16:12:45: CP:C17.i4.0981 has used '/Observer'.
16:12:45: CP:C17.i4.0981 has used '/Observer'.
16:12:47: CP:C17.i4.0981 has used '/Observer'.
16:12:47: CP:C17.i4.0981 has used '/Observer'.
16:12:48: CP:C17.i4.0981 has used '/Observer'.
16:12:48: CP:C17.i4.0981 has used '/Observer'.
16:12:49: CP:C17.i4.0981 has used '/Observer'.
16:12:50: CP:C17.i4.0981 has used '/Observer'.
16:12:51: CP:C17.i4.0981 has used '/Observer'.
16:12:51: CP:C17.i4.0981 has used '/Observer'.
16:12:55: CP:C17.i4.0981 has used '/Observer'.
16:12:55: CP:C17.i4.0981 has used '/Observer'.
16:12:56: CP:C17.i4.0981 has used '/Observer'.
16:12:57: CP:C17.i4.0981 has used '/Observer'.
16:12:57: CP:C17.i4.0981 has used '/Observer'.
16:12:58: CP:C17.i4.0981 has used '/Observer'.
16:13:36: CP:C17.i4.0981 has used '/Observer'.
16:13:38: CP:C17.i4.0981 has used '/Observer'.
16:13:39: CP:C17.i4.0981 has used '/Observer'.
16:13:39: CP:C17.i4.0981 has used '/Observer'.
16:13:40: CP:C17.i4.0981 has used '/Observer'.
16:13:41: CP:C17.i4.0981 has used '/Observer'.
16:13:43: CP:C17.i4.0981 has used '/Observer'.
16:13:44: CP:C17.i4.0981 has used '/Observer'.
16:13:45: CP:C17.i4.0981 has used '/Observer'.
16:13:45: CP:C17.i4.0981 has used '/Observer'.
16:13:46: CP:C17.i4.0981 has used '/Observer'.
16:13:49: CP:C17.i4.0981 has used '/Observer'.
16:18:04: CP:C17.i4.0981 (STEAM_0:1:44629398) has disconnected.
