14:22:47: SchωarzKruppzo (STEAM_0:1:44629398) has connected.
14:24:36: SchωarzKruppzo has loaded the character 'CP:C17.i4.0981'.
14:24:59: CP:C17.i4.0981 has gained a Paper 1457954700.
14:24:59: CP:C17.i4.0981 has used '/CharGiveItem i4 paper'.
14:25:05: CP:C17.i4.0981 has used '/InvAction use paper 1457954700.00'.
14:25:24: CP:C17.i4.0981 has used '/InvAction use paper 1457954700.00'.
14:29:31: CP:C17.i4.0981 has used '/InvAction use paper 1457954700.00'.
14:30:22: CP:C17.i4.0981 has used '/InvAction use paper 1457954700.00'.
14:30:41: CP:C17.i4.0981 has used '/InvAction use paper 1457954700.00'.
14:31:02: CP:C17.i4.0981 has used '/InvAction use paper 1457954700.00'.
14:38:01: SchωarzKruppzo (STEAM_0:1:44629398) has connected.
14:40:41: SchωarzKruppzo has loaded the character 'CP:C17.i4.0981'.
14:41:36: CP:C17.i4.0981 has gained a Paper 1457955697.
14:41:36: CP:C17.i4.0981 has used '/CharGiveItem i4 paper'.
14:41:39: CP:C17.i4.0981 has lost a Paper 1457955697.
14:41:39: CP:C17.i4.0981 has used '/InvAction drop paper 1457955697.00'.
14:41:42: CP:C17.i4.0981 has gained a Paper 1457955697.
14:41:43: CP:C17.i4.0981 has used '/InvAction use paper 1457955697.00'.
14:42:14: CP:C17.i4.0981 has used '/InvAction use paper 1457955697.00'.
14:48:53: SchωarzKruppzo (STEAM_0:1:44629398) has connected.
14:50:33: SchωarzKruppzo has loaded the character 'CP:C17.i4.0981'.
14:50:39: CP:C17.i4.0981 has used '/Observer'.
14:50:43: CP:C17.i4.0981 has used '/Observer'.
14:50:48: CP:C17.i4.0981 has gained a Paper 1457956249.
14:50:49: CP:C17.i4.0981 has used '/CharGiveItem i4 paper'.
14:50:54: CP:C17.i4.0981 has lost a Paper 1457956249.
14:50:54: CP:C17.i4.0981 has used '/InvAction drop paper 1457956249.00'.
14:50:55: CP:C17.i4.0981 has gained a Paper 1457956249.
14:50:55: CP:C17.i4.0981 has used '/InvAction use paper 1457956249'.
14:51:01: CP:C17.i4.0981 has used '/InvAction use paper 1457956249.00'.
14:53:24: CP:C17.i4.0981 has used '/InvAction use paper 1457956249.00'.
14:53:35: CP:C17.i4.0981 has used '/InvAction use paper 1457956249.00'.
14:56:53: CP:C17.i4.0981 has gained a Paper 1457956615.
14:56:53: CP:C17.i4.0981 has used '/CharGiveItem i4 paper'.
14:56:57: CP:C17.i4.0981 has used '/InvAction use paper 1457956615.00'.
14:59:23: CP:C17.i4.0981 has used '/InvAction use paper 1457956615.00'.
15:01:12: CP:C17.i4.0981 (STEAM_0:1:44629398) has disconnected.
15:03:00: Hosh (STEAM_0:1:37316814) has connected.
15:04:31: Hosh has loaded the character 'CP:C17.i5.3040'.
15:06:00: CP:C17.i5.3040 has used '/Observer'.
15:06:01: CP:C17.i5.3040 has used '/Observer'.
15:06:54: CP:C17.i5.3040 has used '/Observer'.
15:07:48: CP:C17.i5.3040 has used '/Observer'.
15:09:37: CP:C17.i5.3040 has used '/Observer'.
15:09:47: CP:C17.i5.3040 has used '/Observer'.
15:09:48: CP:C17.i5.3040 has used '/Observer'.
15:10:25: CP:C17.i5.3040 has used '/Observer'.
15:10:27: CP:C17.i5.3040 has used '/Observer'.
15:11:08: CP:C17.i5.3040 has used '/Observer'.
15:11:09: CP:C17.i5.3040 has used '/Observer'.
15:11:16: CP:C17.i5.3040 has used '/Observer'.
15:11:17: CP:C17.i5.3040 has used '/Observer'.
15:11:19: CP:C17.i5.3040 has used '/Observer'.
15:11:19: CP:C17.i5.3040 has used '/Observer'.
15:12:01: CP:C17.i5.3040 has used '/Observer'.
15:14:11: CP:C17.i5.3040 has used '/Observer'.
15:17:58: CP:C17.i5.3040 has used '/SalesmanEdit'.
15:18:20: CP:C17.i5.3040 has used '/SalesmanEdit'.
15:19:19: CP:C17.i5.3040 has used '/SalesmanEdit'.
15:19:42: CP:C17.i5.3040 has used '/SalesmanEdit'.
15:20:06: CP:C17.i5.3040 has used '/Observer'.
15:20:09: CP:C17.i5.3040 has used '/Observer'.
15:20:25: CP:C17.i5.3040 has used '/SalesmanEdit'.
15:20:42: CP:C17.i5.3040 has used '/SalesmanEdit'.
15:20:51: CP:C17.i5.3040 has used '/SalesmanEdit'.
15:21:07: CP:C17.i5.3040 has used '/SalesmanEdit'.
15:21:19: CP:C17.i5.3040 has used '/SalesmanEdit'.
15:22:05: CP:C17.i5.3040 has used '/SalesmanEdit'.
15:25:39: CP:C17.i5.3040 has used '/Observer'.
15:25:47: CP:C17.i5.3040 has used '/Observer'.
15:28:44: CP:C17.i5.3040 has used '/SalesmanEdit'.
15:29:20: CP:C17.i5.3040 has used '/Observer'.
15:30:48: CP:C17.i5.3040 has used '/Observer'.
15:33:56: CP:C17.i5.3040 has used '/Observer'.
15:41:03: CP:C17.i5.3040 has used '/Observer'.
15:41:16: CP:C17.i5.3040 has used '/Observer'.
15:41:25: CP:C17.i5.3040 has used '/Observer'.
15:42:29: Shlyapnick (STEAM_0:0:57707234) has connected.
15:44:46: CP:C17.i5.3040 has used '/Observer'.
15:44:48: CP:C17.i5.3040 has used '/Observer'.
15:45:41: Shlyapnick has created a Citizen character called 'Sookin business'.
15:45:41: Shlyapnick has loaded the character 'Sookin business'.
15:45:44: CP:C17.i5.3040 has used '/AdvertAdd https://i.ytimg.com/vi/OV57qiVO8Nc/maxresdefault.jpg 1280 720'.
15:45:57: CP:C17.i5.3040 has used '/AdvertRemove'.
15:46:06: CP:C17.i5.3040 has used '/AdvertAdd https://i.ytimg.com/vi/OV57qiVO8Nc/maxresdefault.jpg 1280 720'.
15:46:09: CP:C17.i5.3040 has used '/Observer'.
15:46:28: CP:C17.i5.3040 has used '/AdvertRemove'.
15:47:02: CP:C17.i5.3040 has used '/PlyWhitelist Sookin business Administrator'.
15:47:47: CP:C17.i5.3040 has used '/AdminHelp admin'.
15:48:00: CP:C17.i5.3040 has used '/AdminHelp chat'.
15:48:08: CP:C17.i5.3040 has used '/AdminHelp help'.
15:48:24: Sookin business has gained a Special Breen's Water 1457722807.
15:48:30: CP:C17.i5.3040 has used '/PlySetGroup Sookin business superadmin'.
15:48:32: Sookin business has used '/Observer'.
15:48:42: Sookin business has used '/Observer'.
15:48:44: CP:C17.i5.3040 has used '/CharGiveFlags Sookin business '.
15:48:53: CP:C17.i5.3040 has used '/Observer'.
15:48:55: CP:C17.i5.3040 has used '/Observer'.
15:49:02: Sookin business has used '/Observer'.
15:49:06: Sookin business has used '/Observer'.
15:49:08: Sookin business has lost a Suitcase 1457959544.
15:49:08: Sookin business has used '/InvAction drop cw_suitcase 1457959544.00'.
15:49:10: CP:C17.i5.3040 has used '/GetFlags Sookin'.
15:49:11: CP:C17.i5.3040 has used '/Observer'.
15:49:15: CP:C17.i5.3040 has used '/Observer'.
15:49:59: BlyeBerry (STEAM_0:0:49512624) has connected.
15:50:10: Sookin business has gained a Suitcase 1457959544.
15:50:11: Sookin business has used '/Observer'.
15:50:12: Sookin business has used '/Observer'.
15:50:41: Sookin business has used '/Observer'.
15:50:44: CP:C17.i5.3040 has used '/Observer'.
15:51:07: CP:C17.i5.3040 has used '/Observer'.
15:51:09: CP:C17.i5.3040 has used '/Observer'.
15:51:09: CP:C17.i5.3040 has used '/Observer'.
15:51:15: Sookin business has used '/Observer'.
15:51:16: Sookin business has used '/Observer'.
15:51:16: Sookin business has used '/Observer'.
15:51:21: Sookin business has lost a Suitcase 1457959544.
15:51:21: Sookin business has used '/InvAction drop cw_suitcase 1457959544.00'.
15:51:40: Sookin business has gained a Suitcase 1457959544.
15:51:51: BlyeBerry has loaded the character 'Test Character'.
15:51:59: CP:C17.i5.3040 has used '/CharSetModel 3040 models/metropolice/c08_female.mdl'.
15:52:54: Sookin business has used '/Observer'.
15:52:54: Sookin business has used '/Observer'.
15:52:56: Sookin business has taken 40 damage from worldspawn, leaving them at 60 health!
15:53:12: Sookin business has used '/CharSetHealth Sookin 5000'.
15:53:15: Sookin business has used '/Observer'.
15:53:17: Sookin business has used '/Observer'.
15:53:58: Test Character has used '/StaticAdd'.
15:54:14: Test Character has used '/Observer'.
15:54:25: Sookin business has used '/CharGiveFlags Sookin business qwertyuiopasdfghjklzxcvbnm'.
15:55:12: CP:C17.i5.3040 has used '/GetFlags Business'.
15:55:29: Sookin business has used '/CharGiveFlags Sookin qwertyuiopasdfghjklzxcvbnm'.
15:55:34: Sookin business has used '/CharGiveFlags Sookin qwertyuiopasdfghjklzxcvbnm'.
15:55:57: Sookin business has used '/CharGiveFlags Sookin qwertyuipdfghjklzxcvbnm'.
15:55:59: Sookin business has used '/Observer'.
15:56:00: Sookin business has used '/Observer'.
15:56:34: Sookin business has used '/GetFlags Sookin'.
15:57:00: Test Character has spawned 'models/props_canal/bridge_pillar02.mdl'.
15:57:00: Test Character has spawned 'models/props_canal/bridge_pillar02.mdl'.
15:57:00: Sookin business has used '/Observer'.
15:57:01: Sookin business has used '/Observer'.
15:57:37: Test Character has spawned 'models/hunter/plates/plate1x1.mdl'.
15:57:37: Test Character has spawned 'models/hunter/plates/plate1x1.mdl'.
15:58:40: Test Character has spawned 'models/props_phx/construct/metal_plate1.mdl'.
15:58:40: Test Character has spawned 'models/props_phx/construct/metal_plate1.mdl'.
16:00:34: [OOC] Test Character: :D
16:01:19: CP:C17.i5.3040 has used '/CharSetModel 3040 models/vortigaunt.mdl'.
16:01:29: Sookin business has used '/Observer'.
16:01:36: Sookin business has used '/Observer'.
16:01:53: [OOC] Test Character: Нормально?
16:01:56: CP:C17.i5.3040 has used '/Observer'.
16:02:20: [OOC] CP:C17.i5.3040: Ну так, как-то он радостно руками развел
16:02:25: Sookin business has used '/Observer'.
16:02:35: [OOC] Test Character: Ну как бы приветствует граждан в городе
16:02:56: [OOC] CP:C17.i5.3040: Спину ровнее мне кажится надо
16:03:38: CP:C17.i5.3040 has used '/Observer'.
16:03:42: Sookin business has used '/Observer'.
16:03:48: Sookin business says: "Бля))"
16:03:51: Sookin business says: "Че это?)"
16:04:11: CP:C17.i5.3040 has used '/Observer'.
16:04:15: Sookin business has used '/CharSetModel Sookin models/vortigaunt.mdl'.
16:04:27: Sookin business has used '/Observer'.
16:05:22: Sookin business has used '/Observer'.
16:05:51: [OOC] Test Character: Жалко конечно, что рэдголы после рестарта не сохраняются
16:06:22: Test Character has used '/Observer'.
16:06:31: Sookin business has used '/Observer'.
16:06:43: Sookin business has used '/Observer'.
16:06:45: Test Character has used '/Observer'.
16:07:18: CP:C17.i5.3040 has used '/Observer'.
16:07:36: Sookin business has used '/Observer'.
16:07:42: Sookin business has used '/Observer'.
16:07:45: CP:C17.i5.3040 has used '/Observer'.
16:07:50: CP:C17.i5.3040 has used '/Observer'.
16:10:16: Sookin business has used '/Observer'.
16:10:20: Sookin business has used '/Observer'.
16:12:39: Sookin business has taken 30 damage from prop_ragdoll, leaving them at 70 health!
16:14:10: Sookin business has used '/Observer'.
16:15:18: CP:C17.i5.3040 has used '/Observer'.
16:15:28: CP:C17.i5.3040 has used '/Observer'.
16:15:39: CP:C17.i5.3040 has used '/Observer'.
16:15:43: CP:C17.i5.3040 has used '/Observer'.
16:15:45: CP:C17.i5.3040 has used '/Observer'.
16:15:53: CP:C17.i5.3040 has used '/Observer'.
16:17:39: CP:C17.i5.3040 has used '/Observer'.
16:17:41: CP:C17.i5.3040 has used '/Observer'.
16:17:42: CP:C17.i5.3040 has used '/Observer'.
16:17:42: CP:C17.i5.3040 has used '/Observer'.
16:18:11: Sookin business has used '/Observer'.
16:18:59: CP:C17.i5.3040 has used '/Observer'.
16:19:08: CP:C17.i5.3040 has used '/Observer'.
16:20:14: Sookin business has used '/Observer'.
16:20:40: Sookin business has used '/Observer'.
16:20:42: CP:C17.i5.3040 has used '/AnimSit'.
16:20:47: CP:C17.i5.3040 has used '/AnimCheer'.
16:21:45: CP:C17.i5.3040 has used '/Observer'.
16:22:22: Sookin business has used '/Observer'.
16:22:47: Sookin business has used '/Observer'.
16:23:08: Sookin business has used '/Observer'.
16:23:54: Sookin business has used '/Observer'.
16:23:57: CP:C17.i5.3040 has used '/Observer'.
16:24:01: CP:C17.i5.3040 has used '/Observer'.
16:24:13: CP:C17.i5.3040 has used '/Observer'.
16:24:30: CP:C17.i5.3040 has used '/Observer'.
16:24:41: Test Character has spawned 'models/props_phx/construct/metal_plate1.mdl'.
16:24:41: Test Character has spawned 'models/props_phx/construct/metal_plate1.mdl'.
16:25:56: CP:C17.i5.3040 has used '/Observer'.
16:26:06: CP:C17.i5.3040 has gained a Plastic 1457716572.
16:26:58: [OOC] Test Character: Ээ... Ничего не видно же
16:27:13: CP:C17.i5.3040 has used '/Observer'.
16:27:20: CP:C17.i5.3040 has used '/Observer'.
16:27:55: CP:C17.i5.3040 has used '/Observer'.
16:27:59: CP:C17.i5.3040 has used '/Observer'.
16:29:12: Sookin business has used '/Observer'.
16:29:31: Sookin business has used '/Observer'.
16:31:04: Test Character has used '/StaticAdd'.
16:31:04: Test Character has used '/StaticAdd'.
16:31:38: Test Character has spawned 'models/props_docks/dock02_pole02a_256.mdl'.
16:31:38: Test Character has spawned 'models/props_docks/dock02_pole02a_256.mdl'.
16:31:40: Test Character has spawned 'models/props_docks/dock02_pole02a.mdl'.
16:31:40: Test Character has spawned 'models/props_docks/dock02_pole02a.mdl'.
16:31:43: Test Character has spawned 'models/props_docks/channelmarker_gib01.mdl'.
16:31:43: Test Character has spawned 'models/props_docks/channelmarker_gib01.mdl'.
16:31:46: Test Character has spawned 'models/props_trainstation/trainstation_column001.mdl'.
16:31:46: Test Character has spawned 'models/props_trainstation/trainstation_column001.mdl'.
16:32:01: Test Character has spawned 'models/hunter/blocks/cube025x150x025.mdl'.
16:32:01: Test Character has spawned 'models/hunter/blocks/cube025x150x025.mdl'.
16:32:21: Test Character has spawned 'models/hunter/blocks/cube025x150x025.mdl'.
16:32:21: Test Character has spawned 'models/hunter/blocks/cube025x150x025.mdl'.
16:32:32: Sookin business has used '/Observer'.
16:33:05: Sookin business has used '/Observer'.
16:33:10: Test Character has spawned 'models/hunter/blocks/cube025x2x025.mdl'.
16:33:10: Test Character has spawned 'models/hunter/blocks/cube025x2x025.mdl'.
16:33:12: Sookin business has used '/Observer'.
16:33:12: Sookin business has used '/Observer'.
16:33:13: Sookin business has used '/Observer'.
16:33:13: Sookin business has used '/Observer'.
16:33:13: Sookin business has used '/Observer'.
16:33:13: Sookin business has used '/Observer'.
16:33:14: Sookin business has used '/Observer'.
16:33:14: Sookin business has used '/Observer'.
16:33:15: Sookin business has used '/Observer'.
16:33:15: Sookin business has used '/Observer'.
16:33:16: Sookin business has used '/Observer'.
16:33:16: Test Character has spawned 'models/hunter/blocks/cube025x3x025.mdl'.
16:33:16: Test Character has spawned 'models/hunter/blocks/cube025x3x025.mdl'.
16:33:16: Sookin business has used '/Observer'.
16:33:17: Sookin business has used '/Observer'.
16:33:31: Test Character has spawned 'models/hunter/blocks/cube025x2x025.mdl'.
16:33:31: Test Character has spawned 'models/hunter/blocks/cube025x2x025.mdl'.
16:34:36: Sookin business has used '/Observer'.
16:34:37: Sookin business has used '/Observer'.
16:34:39: Test Character has used '/SalesmanAdd'.
16:34:47: Sookin business has used '/Observer'.
16:34:51: Sookin business has used '/Observer'.
16:34:55: Sookin business has used '/Observer'.
16:35:09: Test Character has used '/SalesmanEdit'.
16:35:16: Test Character has gained a Union Light 1457962520.
16:35:19: Test Character has lost a Union Light 1457962520.
16:35:19: Test Character has used '/InvAction use union_light 1457962520.00'.
16:35:22: Test Character has gained a Union Light 1457962527.
16:35:30: Test Character has lost a Union Light 1457962527.
16:35:30: Test Character has used '/InvAction use union_light 1457962527.00'.
16:37:10: Sookin business has used '/Observer'.
16:37:17: Sookin business has used '/Observer'.
16:37:25: Sookin business has used '/Observer'.
16:38:42: Test Character has used '/StorageClose'.
16:38:42: Sookin business has used '/Observer'.
16:38:49: Sookin business has used '/Observer'.
16:39:39: Sookin business has used '/Observer'.
16:40:28: Sookin business has used '/Observer'.
16:40:34: Sookin business says: "Пс"
16:40:38: Sookin business says: "Посмотри на мониторы"
16:40:47: [OOC] Sookin business: :D
16:40:49: Test Character says: "citizen"
16:40:52: Test Character says: "amputate"
16:41:02: Test Character says: "minges"
16:41:07: Sookin business has used '/Observer'.
16:41:22: Test Character has used '/Observer'.
16:41:41: Sookin business has used '/Observer'.
16:42:12: Test Character has used '/Observer'.
16:43:16: CP:C17.i5.3040 has used '/Observer'.
16:44:02: Test Character has spawned 'models/hunter/blocks/cube025x150x025.mdl'.
16:44:02: Test Character has spawned 'models/hunter/blocks/cube025x150x025.mdl'.
16:44:08: Test Character has spawned 'models/hunter/blocks/cube025x2x025.mdl'.
16:44:08: Test Character has spawned 'models/hunter/blocks/cube025x2x025.mdl'.
16:44:36: Test Character has used '/Observer'.
16:44:41: Test Character has spawned 'models/hunter/plates/plate1x2.mdl'.
16:44:41: Test Character has spawned 'models/hunter/plates/plate1x2.mdl'.
16:46:24: Test Character has spawned 'models/hunter/plates/plate1x2.mdl'.
16:46:24: Test Character has spawned 'models/hunter/plates/plate1x2.mdl'.
16:47:30: Test Character has spawned 'models/hunter/plates/plate1x2.mdl'.
16:47:30: Test Character has spawned 'models/hunter/plates/plate1x2.mdl'.
16:48:13: Test Character has used '/Observer'.
16:48:16: Test Character has used '/Observer'.
16:48:18: Test Character has spawned 'models/hunter/plates/plate1x2.mdl'.
16:48:18: Test Character has spawned 'models/hunter/plates/plate1x2.mdl'.
16:50:11: CP:C17.i5.3040 has used '/Observer'.
16:50:16: Test Character has used '/Observer'.
16:50:22: CP:C17.i5.3040 has used '/Observer'.
16:50:23: Test Character has used '/StaticAdd'.
16:50:23: Test Character has used '/StaticAdd'.
16:50:24: Test Character has used '/StaticAdd'.
16:50:25: Test Character has used '/StaticAdd'.
16:50:25: Test Character has used '/StaticAdd'.
16:50:27: Test Character has used '/StaticAdd'.
16:50:28: Test Character has used '/StaticAdd'.
16:50:28: Test Character has used '/StaticAdd'.
16:50:29: Test Character has used '/StaticAdd'.
16:50:31: Test Character has used '/StaticAdd'.
16:50:32: Test Character has used '/StaticAdd'.
16:50:33: Test Character has used '/StaticAdd'.
16:50:34: Test Character has used '/StaticAdd'.
16:50:36: Test Character has used '/StaticAdd'.
16:50:37: Test Character has used '/StaticAdd'.
16:50:38: Test Character has used '/StaticAdd'.
16:50:40: Test Character has used '/StaticAdd'.
16:50:40: Test Character has used '/StaticAdd'.
16:51:31: Test Character has used '/Observer'.
16:51:40: Test Character has used '/Observer'.
16:52:00: Test Character (STEAM_0:0:49512624) has disconnected.
17:09:09: Sookin business has used '/Observer'.
17:10:15: Sookin business has used '/Observer'.
17:10:28: Sookin business has used '/Observer'.
17:10:29: Sookin business has used '/Observer'.
17:12:07: Sookin business has used '/Observer'.
17:12:18: Sookin business has used '/Observer'.
17:12:29: Sookin business has used '/Observer'.
17:13:10: CP:C17.i5.3040 has used '/Observer'.
17:13:11: Sookin business has used '/Observer'.
17:13:12: Sookin business has used '/Observer'.
17:13:14: Sookin business has used '/Observer'.
17:13:15: CP:C17.i5.3040 has taken 61 damage from grenade_helicopter, leaving them at 39 health and 150 armor!
17:13:15: Sookin business has used '/Observer'.
17:13:16: Sookin business has used '/Observer'.
17:13:16: CP:C17.i5.3040 has used '/Observer'.
17:13:16: Sookin business has used '/Observer'.
17:13:17: Sookin business has used '/Observer'.
17:13:20: CP:C17.i5.3040 has used '/Observer'.
17:13:21: Sookin business has used '/Observer'.
17:13:21: Sookin business has used '/Observer'.
17:13:23: Sookin business has used '/Observer'.
17:13:28: Sookin business has used '/Observer'.
17:13:40: Sookin business has used '/Observer'.
17:13:46: CP:C17.i5.3040 has used '/Observer'.
17:13:48: Sookin business has used '/Observer'.
17:13:49: Sookin business has used '/Observer'.
17:13:54: CP:C17.i5.3040 has used '/Observer'.
17:13:58: trigger_hurt has dealt 5625 damage to CP:C17.i5.3040, killing them!
17:14:10: Sookin business has used '/Observer'.
17:14:13: CP:C17.i5.3040 has used '/Observer'.
17:14:18: Sookin business has used '/Observer'.
17:14:56: Sookin business has used '/Observer'.
17:14:57: worldspawn has dealt 482 damage to Sookin business, killing them!
17:15:53: Sookin business has used '/Observer'.
17:15:54: Sookin business has used '/Observer'.
17:15:55: Sookin business has taken 23 damage from worldspawn, leaving them at 77 health!
17:15:57: Sookin business has used '/Observer'.
17:15:57: Sookin business has used '/Observer'.
17:16:00: Sookin business has used '/Observer'.
17:16:04: Sookin business has used '/Observer'.
17:16:06: Sookin business has used '/Observer'.
17:16:08: Sookin business has used '/Observer'.
17:16:16: Sookin business (STEAM_0:0:57707234) has disconnected.
17:16:22: CP:C17.i5.3040 (STEAM_0:1:37316814) has disconnected.
18:18:50: Taishō Septic (STEAM_0:0:34008601) has connected.
18:20:09: Taishō Septic has loaded the character 'CP:C17.RCT.2327'.
18:20:45: CP:C17.RCT.2327 has used '/Observer'.
18:21:34: CP:C17.RCT.2327 has used '/Observer'.
18:21:37: CP:C17.RCT.2327 has used '/Observer'.
18:21:56: CP:C17.RCT.2327 has used '/StorageClose'.
18:21:59: CP:C17.RCT.2327 has used '/Observer'.
18:22:05: CP:C17.RCT.2327 has used '/Observer'.
18:22:57: CP:C17.RCT.2327 has used '/Observer'.
18:23:01: CP:C17.RCT.2327 has used '/Observer'.
18:23:05: CP:C17.RCT.2327 has used '/Observer'.
18:23:07: CP:C17.RCT.2327 has used '/Observer'.
18:23:21: CP:C17.RCT.2327 has used '/Observer'.
18:23:24: CP:C17.RCT.2327 has used '/Observer'.
18:23:29: CP:C17.RCT.2327 has used '/Observer'.
18:23:38: CP:C17.RCT.2327 has used '/Observer'.
18:24:02: CP:C17.RCT.2327 has used '/Observer'.
18:24:42: CP:C17.RCT.2327 has used '/Observer'.
18:24:54: CP:C17.RCT.2327 has used '/Observer'.
18:25:03: CP:C17.RCT.2327 has used '/Observer'.
18:25:05: CP:C17.RCT.2327 has used '/Observer'.
18:25:06: CP:C17.RCT.2327 has used '/Observer'.
18:25:06: CP:C17.RCT.2327 has used '/Observer'.
18:25:29: CP:C17.RCT.2327 has used '/Observer'.
18:25:31: CP:C17.RCT.2327 has used '/Observer'.
18:25:32: CP:C17.RCT.2327 has used '/Observer'.
18:25:36: CP:C17.RCT.2327 has used '/Observer'.
18:25:38: CP:C17.RCT.2327 has used '/Observer'.
18:25:40: CP:C17.RCT.2327 has used '/Observer'.
18:25:41: CP:C17.RCT.2327 has used '/Observer'.
18:25:41: CP:C17.RCT.2327 has used '/Observer'.
18:25:42: CP:C17.RCT.2327 has used '/Observer'.
18:25:42: CP:C17.RCT.2327 has used '/Observer'.
18:25:44: CP:C17.RCT.2327 has used '/Observer'.
18:25:44: CP:C17.RCT.2327 has used '/Observer'.
18:25:45: CP:C17.RCT.2327 has used '/Observer'.
18:25:45: CP:C17.RCT.2327 has used '/Observer'.
18:25:48: CP:C17.RCT.2327 has used '/Observer'.
18:25:50: CP:C17.RCT.2327 has used '/Observer'.
18:25:52: CP:C17.RCT.2327 has used '/Observer'.
18:25:52: CP:C17.RCT.2327 has used '/Observer'.
18:25:53: CP:C17.RCT.2327 has used '/Observer'.
18:25:54: CP:C17.RCT.2327 has used '/Observer'.
18:25:55: CP:C17.RCT.2327 has used '/Observer'.
18:26:03: CP:C17.RCT.2327 has used '/Observer'.
18:26:07: CP:C17.RCT.2327 has used '/Observer'.
18:26:08: CP:C17.RCT.2327 has used '/Observer'.
18:26:09: CP:C17.RCT.2327 has used '/Observer'.
18:26:09: CP:C17.RCT.2327 has used '/Observer'.
18:26:11: CP:C17.RCT.2327 has used '/Observer'.
18:26:12: CP:C17.RCT.2327 has used '/Observer'.
18:26:13: CP:C17.RCT.2327 has used '/Observer'.
18:26:13: CP:C17.RCT.2327 has used '/Observer'.
18:26:16: CP:C17.RCT.2327 has used '/Observer'.
18:26:17: CP:C17.RCT.2327 has used '/Observer'.
18:26:18: CP:C17.RCT.2327 has used '/Observer'.
18:26:18: CP:C17.RCT.2327 has used '/Observer'.
18:26:19: CP:C17.RCT.2327 has used '/Observer'.
18:26:20: CP:C17.RCT.2327 has used '/Observer'.
18:26:22: CP:C17.RCT.2327 has used '/Observer'.
18:26:23: CP:C17.RCT.2327 has used '/Observer'.
18:26:23: CP:C17.RCT.2327 has used '/CharFallOver 0'.
18:26:29: CP:C17.RCT.2327 has used '/Observer'.
18:26:32: CP:C17.RCT.2327 has used '/Observer'.
18:26:44: CP:C17.RCT.2327 has gained a The F. Word 1457969205.
18:26:44: CP:C17.RCT.2327 has used '/CharGiveItem RCT The F'.
18:26:52: CP:C17.RCT.2327 has lost a The F. Word 1457969205.
18:26:52: CP:C17.RCT.2327 has used '/InvAction use book_tfw 1457969205.00'.
18:27:31: CP:C17.RCT.2327 has used '/Observer'.
18:27:33: CP:C17.RCT.2327 has used '/Observer'.
18:27:33: CP:C17.RCT.2327 has used '/Observer'.
18:27:36: CP:C17.RCT.2327 has used '/Observer'.
18:27:38: CP:C17.RCT.2327 has used '/Observer'.
18:28:36: CP:C17.RCT.2327 has used '/Observer'.
18:28:37: CP:C17.RCT.2327 has used '/Observer'.
18:29:12: CP:C17.RCT.2327 has used '/Observer'.
18:29:12: CP:C17.RCT.2327 has used '/Observer'.
18:29:14: CP:C17.RCT.2327 has used '/Observer'.
18:29:23: CP:C17.RCT.2327 has used '/DoorSetUnownable Больница  '.
18:29:24: CP:C17.RCT.2327 has used '/Observer'.
18:29:26: CP:C17.RCT.2327 has used '/DoorSetUnownable Больница  '.
18:29:28: CP:C17.RCT.2327 has used '/Observer'.
18:29:29: CP:C17.RCT.2327 has used '/Observer'.
18:29:33: CP:C17.RCT.2327 has used '/Observer'.
18:29:38: CP:C17.RCT.2327 has used '/Observer'.
18:31:51: CP:C17.RCT.2327 has used '/Observer'.
18:32:16: CP:C17.RCT.2327 has used '/Observer'.
18:32:16: CP:C17.RCT.2327 has used '/Observer'.
18:32:19: CP:C17.RCT.2327 has used '/Observer'.
18:32:20: CP:C17.RCT.2327 has used '/Observer'.
18:32:22: CP:C17.RCT.2327 has used '/Observer'.
18:32:38: CP:C17.RCT.2327 has used '/Observer'.
18:32:39: CP:C17.RCT.2327 has used '/Observer'.
18:32:50: CP:C17.RCT.2327 has used '/Observer'.
18:32:52: CP:C17.RCT.2327 has used '/CharFallOver 0'.
18:33:00: CP:C17.RCT.2327 has used '/Observer'.
18:33:04: CP:C17.RCT.2327 has used '/Observer'.
18:33:05: CP:C17.RCT.2327 has used '/Observer'.
18:33:28: CP:C17.RCT.2327 has used '/Observer'.
18:33:30: CP:C17.RCT.2327 has used '/Observer'.
18:33:32: CP:C17.RCT.2327 has used '/Observer'.
18:33:34: CP:C17.RCT.2327 has used '/Observer'.
18:33:34: CP:C17.RCT.2327 has used '/Observer'.
18:33:36: CP:C17.RCT.2327 has used '/Observer'.
18:33:37: CP:C17.RCT.2327 has used '/Observer'.
18:33:38: CP:C17.RCT.2327 has used '/Observer'.
18:33:38: CP:C17.RCT.2327 has used '/Observer'.
18:33:41: CP:C17.RCT.2327 has used '/Observer'.
18:34:41: CP:C17.RCT.2327 has used '/Observer'.
18:34:43: CP:C17.RCT.2327 has used '/Observer'.
18:34:46: CP:C17.RCT.2327 has used '/Observer'.
18:34:47: CP:C17.RCT.2327 has used '/Observer'.
18:36:16: CP:C17.RCT.2327 has used '/Observer'.
18:36:33: CP:C17.RCT.2327 has used '/CharFallOver 0'.
18:37:02: worldspawn has dealt 456 damage to CP:C17.RCT.2327, killing them!
18:37:31: CP:C17.RCT.2327 has used '/Observer'.
18:37:47: CP:C17.RCT.2327 has used '/CharFallOver 0'.
18:37:48: CP:C17.RCT.2327 has used '/Observer'.
18:37:49: CP:C17.RCT.2327 has used '/CharFallOver 0'.
18:37:50: CP:C17.RCT.2327 has used '/CharFallOver 0'.
18:37:50: worldspawn has dealt 391 damage to CP:C17.RCT.2327, killing them!
18:37:56: CP:C17.RCT.2327 has used '/Observer'.
18:38:02: CP:C17.RCT.2327 has used '/Observer'.
18:38:04: worldspawn has dealt 333 damage to CP:C17.RCT.2327, killing them!
18:38:12: CP:C17.RCT.2327 has used '/Observer'.
18:38:21: CP:C17.RCT.2327 has used '/Observer'.
18:38:23: CP:C17.RCT.2327 has used '/Observer'.
18:38:24: CP:C17.RCT.2327 has used '/Observer'.
18:38:40: CP:C17.RCT.2327 has used '/Observer'.
18:38:41: CP:C17.RCT.2327 has used '/Observer'.
18:38:45: CP:C17.RCT.2327 has used '/Observer'.
18:38:45: CP:C17.RCT.2327 has used '/Observer'.
18:38:59: CP:C17.RCT.2327 has used '/Observer'.
18:39:01: CP:C17.RCT.2327 has used '/Observer'.
18:39:02: CP:C17.RCT.2327 has used '/Observer'.
18:39:03: CP:C17.RCT.2327 has used '/Observer'.
18:39:18: CP:C17.RCT.2327 has used '/Observer'.
18:39:19: CP:C17.RCT.2327 has used '/Observer'.
18:39:21: CP:C17.RCT.2327 has used '/Observer'.
18:39:27: CP:C17.RCT.2327 has used '/Observer'.
18:39:28: CP:C17.RCT.2327 has used '/Observer'.
18:39:29: CP:C17.RCT.2327 has used '/Observer'.
18:39:36: CP:C17.RCT.2327 has used '/Observer'.
18:39:46: CP:C17.RCT.2327 has used '/Observer'.
18:39:51: CP:C17.RCT.2327 has used '/Observer'.
18:39:56: CP:C17.RCT.2327 has used '/Observer'.
18:39:58: CP:C17.RCT.2327 has used '/Observer'.
18:40:00: CP:C17.RCT.2327 has used '/Observer'.
18:40:07: CP:C17.RCT.2327 has used '/Observer'.
18:40:10: CP:C17.RCT.2327 has used '/Observer'.
18:40:13: CP:C17.RCT.2327 has used '/Observer'.
18:40:20: CP:C17.RCT.2327 has used '/Observer'.
18:40:21: CP:C17.RCT.2327 has used '/Observer'.
18:40:41: CP:C17.RCT.2327 has used '/Observer'.
18:40:45: CP:C17.RCT.2327 has used '/Observer'.
18:40:46: CP:C17.RCT.2327 has used '/Observer'.
18:40:47: CP:C17.RCT.2327 has used '/Observer'.
18:40:48: CP:C17.RCT.2327 has used '/Observer'.
18:40:50: CP:C17.RCT.2327 has used '/CharFallOver 0'.
18:42:22: CP:C17.RCT.2327 has used '/Observer'.
18:42:22: CP:C17.RCT.2327 has used '/Observer'.
18:42:25: CP:C17.RCT.2327 has used '/Observer'.
18:43:09: CP:C17.RCT.2327 has used '/Observer'.
18:43:09: CP:C17.RCT.2327 has used '/Observer'.
18:43:10: CP:C17.RCT.2327 has used '/Observer'.
18:43:11: CP:C17.RCT.2327 has used '/Observer'.
18:43:11: CP:C17.RCT.2327 has used '/Observer'.
18:43:22: CP:C17.RCT.2327 has taken 31 damage from worldspawn, leaving them at 69 health and 150 armor!
18:43:28: CP:C17.RCT.2327 (STEAM_0:0:34008601) has disconnected.
19:07:18: SchωarzKruppzo (STEAM_0:1:44629398) has connected.
19:08:50: SchωarzKruppzo has loaded the character 'CP:C17.i4.0981'.
19:08:55: CP:C17.i4.0981 has used '/Observer'.
19:09:02: CP:C17.i4.0981 has used '/Observer'.
19:09:03: CP:C17.i4.0981 has used '/Observer'.
19:10:34: CP:C17.i4.0981 has used '/Observer'.
19:10:35: CP:C17.i4.0981 has used '/Observer'.
19:10:36: CP:C17.i4.0981 has used '/Observer'.
19:10:37: CP:C17.i4.0981 has used '/Observer'.
19:10:39: CP:C17.i4.0981 has used '/Observer'.
19:10:39: CP:C17.i4.0981 has used '/Observer'.
19:10:44: CP:C17.i4.0981 has used '/Observer'.
19:10:45: CP:C17.i4.0981 has used '/Observer'.
19:10:56: CP:C17.i4.0981 has used '/Observer'.
19:10:57: CP:C17.i4.0981 has used '/Observer'.
19:10:58: CP:C17.i4.0981 has used '/Observer'.
19:10:58: CP:C17.i4.0981 has used '/Observer'.
19:11:05: CP:C17.i4.0981 has used '/Observer'.
19:11:06: CP:C17.i4.0981 has used '/Observer'.
19:11:07: CP:C17.i4.0981 has used '/Observer'.
19:11:08: CP:C17.i4.0981 has used '/Observer'.
19:11:09: CP:C17.i4.0981 has used '/Observer'.
19:11:10: CP:C17.i4.0981 has used '/Observer'.
19:12:19: CP:C17.i4.0981 has used '/Observer'.
19:12:20: CP:C17.i4.0981 has used '/Observer'.
19:12:21: CP:C17.i4.0981 has used '/Observer'.
19:12:21: CP:C17.i4.0981 has used '/Observer'.
19:12:22: CP:C17.i4.0981 has used '/Observer'.
19:12:22: CP:C17.i4.0981 has used '/Observer'.
19:12:23: CP:C17.i4.0981 has used '/Observer'.
19:12:24: CP:C17.i4.0981 has used '/Observer'.
19:12:24: CP:C17.i4.0981 has used '/Observer'.
19:12:25: CP:C17.i4.0981 has used '/Observer'.
19:12:25: CP:C17.i4.0981 has used '/Observer'.
19:12:31: CP:C17.i4.0981 has used '/Observer'.
19:12:32: CP:C17.i4.0981 has used '/Observer'.
19:12:33: CP:C17.i4.0981 has used '/Observer'.
19:12:33: CP:C17.i4.0981 has used '/Observer'.
19:12:44: CP:C17.i4.0981 has used '/Observer'.
19:12:45: CP:C17.i4.0981 has used '/Observer'.
19:13:24: CP:C17.i4.0981 has used '/Observer'.
19:13:32: CP:C17.i4.0981 has used '/Observer'.
19:13:34: CP:C17.i4.0981 has used '/Observer'.
19:13:34: CP:C17.i4.0981 has used '/Observer'.
19:13:35: CP:C17.i4.0981 has used '/Observer'.
19:13:40: CP:C17.i4.0981 has used '/Observer'.
19:13:41: CP:C17.i4.0981 has used '/Observer'.
19:13:41: CP:C17.i4.0981 has used '/Observer'.
19:13:44: CP:C17.i4.0981 has used '/Observer'.
19:13:45: CP:C17.i4.0981 has used '/Observer'.
19:13:47: CP:C17.i4.0981 has used '/Observer'.
19:14:11: CP:C17.i4.0981 has used '/Observer'.
19:14:12: CP:C17.i4.0981 has used '/Observer'.
19:14:12: CP:C17.i4.0981 has used '/Observer'.
19:14:14: CP:C17.i4.0981 has used '/Observer'.
19:16:12: CP:C17.i4.0981 has used '/Observer'.
19:16:13: CP:C17.i4.0981 has used '/Observer'.
19:16:19: CP:C17.i4.0981 has used '/Observer'.
19:16:36: CP:C17.i4.0981 has used '/Observer'.
19:16:38: CP:C17.i4.0981 has used '/Observer'.
19:16:45: CP:C17.i4.0981 has used '/Observer'.
19:17:05: CP:C17.i4.0981 has used '/Observer'.
19:17:12: CP:C17.i4.0981 has used '/Observer'.
19:24:56: CP:C17.i4.0981 has used '/Observer'.
19:47:57: CP:C17.i4.0981 has used '/Observer'.
19:47:58: CP:C17.i4.0981 has used '/Observer'.
19:51:41: BlyeBerry (STEAM_0:0:49512624) has connected.
19:54:16: BlyeBerry has loaded the character 'Test Character'.
19:54:25: Test Character has used '/Observer'.
19:54:50: Test Character has used '/Observer'.
19:54:51: Test Character has used '/Observer'.
19:54:52: Test Character has used '/Observer'.
19:55:33: Test Character has used '/Observer'.
19:57:57: Test Character has used '/Observer'.
19:58:04: Test Character has used '/Observer'.
19:58:20: Test Character has used '/Observer'.
19:58:29: Test Character has used '/Observer'.
19:58:34: Test Character has used '/Observer'.
19:58:39: Test Character has used '/Observer'.
20:06:08: Test Character has used '/Observer'.
20:06:18: Test Character has used '/Observer'.
20:07:11: Test Character has spawned 'models/props_c17/awning001a.mdl'.
20:07:11: Test Character has spawned 'models/props_c17/awning001a.mdl'.
20:07:16: Test Character has used '/Observer'.
20:07:28: Test Character has used '/Observer'.
20:07:37: Test Character has used '/Observer'.
20:07:37: CP:C17.i4.0981 has used '/Observer'.
20:07:41: CP:C17.i4.0981 has used '/Observer'.
20:07:46: Test Character has used '/Observer'.
20:07:51: Test Character has used '/Observer'.
20:07:57: Test Character has used '/Observer'.
20:07:59: Test Character has used '/Observer'.
20:08:05: Test Character has used '/Observer'.
20:08:19: Test Character has used '/StaticAdd'.
20:08:20: Test Character has used '/StaticRemove'.
20:08:20: Test Character has used '/StaticAdd'.
20:08:29: Test Character has used '/Observer'.
20:08:35: Test Character has used '/Observer'.
20:08:37: Test Character has used '/Observer'.
20:09:35: Test Character has used '/Observer'.
20:09:45: Test Character has used '/Observer'.
20:09:56: Test Character has used '/Observer'.
20:09:59: Test Character has used '/Observer'.
20:09:59: Bad Luck (4v4t4r) (STEAM_0:0:47365111) has connected.
20:10:10: Test Character has used '/Observer'.
20:10:52: Bad Luck (4v4t4r) has loaded the character 'CP:C17.OfC.0303'.
20:11:01: CP:C17.OfC.0303 has used '/Observer'.
20:11:04: CP:C17.OfC.0303 has used '/Observer'.
20:11:22: CP:C17.OfC.0303 has used '/Observer'.
20:11:40: CP:C17.OfC.0303 has used '/PlyGoto test'.
20:11:45: CP:C17.OfC.0303 has used '/Observer'.
20:11:46: CP:C17.OfC.0303 has used '/Observer'.
20:11:54: CP:C17.i4.0981 has used '/Observer'.
20:11:58: CP:C17.i4.0981 has used '/Observer'.
20:12:02: [OOC] CP:C17.i4.0981: вф
20:12:03: [OOC] CP:C17.i4.0981: да
20:12:04: CP:C17.i4.0981 has used '/Observer'.
20:12:10: [OOC] CP:C17.i4.0981: я видел
20:12:10: CP:C17.i4.0981 has used '/Observer'.
20:12:21: [OOC] Test Character: Вы о чем?
20:12:29: [OOC] CP:C17.i4.0981: да просто
20:12:35: CP:C17.i4.0981 has used '/Observer'.
20:12:35: CP:C17.OfC.0303 has used '/Observer'.
20:12:40: CP:C17.i4.0981 has used '/Observer'.
20:12:41: CP:C17.i4.0981 has used '/Observer'.
20:12:53: Test Character has used '/StaticAdd'.
20:13:04: Test Character has used '/StaticAdd'.
20:13:08: CP:C17.i4.0981 has used '/Observer'.
20:13:09: CP:C17.i4.0981 has used '/Observer'.
20:13:41: CP:C17.OfC.0303 has used '/Observer'.
20:13:50: CP:C17.OfC.0303 has used '/Observer'.
20:13:53: CP:C17.OfC.0303 has used '/Observer'.
20:14:04: CP:C17.OfC.0303 has used '/Observer'.
20:14:25: CP:C17.OfC.0303 has used '/Observer'.
20:14:27: CP:C17.OfC.0303 has used '/Observer'.
20:14:29: CP:C17.OfC.0303 has used '/Observer'.
20:14:30: CP:C17.OfC.0303 has used '/Observer'.
20:14:32: CP:C17.OfC.0303 has used '/Observer'.
20:14:36: Test Character has used '/StaticAdd'.
20:14:42: CP:C17.OfC.0303 has used '/SalesmanEdit 9'.
20:14:47: CP:C17.OfC.0303 has used '/SalesmanEdit 3'.
20:15:09: CP:C17.OfC.0303 has used '/GetFlags'.
20:15:11: CP:C17.OfC.0303 has used '/SalesmanEdit 3'.
20:15:37: CP:C17.OfC.0303 has used '/SalesmanEdit 1'.
20:15:43: CP:C17.OfC.0303 has used '/SalesmanEdit 7'.
20:15:46: CP:C17.OfC.0303 has used '/Observer'.
20:16:02: CP:C17.OfC.0303 has used '/Observer'.
20:16:02: CP:C17.OfC.0303 has used '/Observer'.
20:16:03: CP:C17.OfC.0303 has used '/Observer'.
20:16:04: CP:C17.OfC.0303 has used '/Observer'.
20:17:05: Test Character has used '/StaticAdd'.
20:17:06: Test Character has used '/StaticAdd'.
20:17:08: Test Character has used '/StaticAdd'.
20:17:09: Test Character has used '/StaticAdd'.
20:17:56: Test Character has used '/StaticAdd'.
20:18:04: Test Character has used '/Observer'.
20:18:06: Test Character has used '/Observer'.
20:18:08: Test Character has used '/Observer'.
20:18:12: Test Character has used '/Observer'.
20:18:17: Test Character has used '/Observer'.
20:18:42: Test Character has spawned 'models/props/cs_italy/it_mkt_shelf1.mdl'.
20:18:42: Test Character has spawned 'models/props/cs_italy/it_mkt_shelf1.mdl'.
20:18:45: Test Character has spawned 'models/props/cs_italy/it_mkt_table1.mdl'.
20:18:45: Test Character has spawned 'models/props/cs_italy/it_mkt_table1.mdl'.
20:19:04: Test Character has spawned 'models/props/cs_italy/it_lampholder1.mdl'.
20:19:04: Test Character has spawned 'models/props/cs_italy/it_lampholder1.mdl'.
20:19:05: Test Character has spawned 'models/props/cs_italy/it_lampholder1.mdl'.
20:19:05: Test Character has spawned 'models/props/cs_italy/it_lampholder1.mdl'.
20:19:14: Test Character has spawned 'models/props/cs_militia/ladderwood.mdl'.
20:19:14: Test Character has spawned 'models/props/cs_militia/ladderwood.mdl'.
20:19:17: Test Character has spawned 'models/props/cs_militia/light_shop2.mdl'.
20:19:17: Test Character has spawned 'models/props/cs_militia/light_shop2.mdl'.
20:19:25: Test Character has spawned 'models/props/cs_militia/2x4walls01.mdl'.
20:19:25: Test Character has spawned 'models/props/cs_militia/2x4walls01.mdl'.
20:19:28: Test Character has used '/Observer'.
20:19:35: Test Character has used '/Observer'.
20:20:00: [OOC] CP:C17.OfC.0303: lol chto za statuya
20:20:20: [OOC] Test Character: Доктор Брин приветствует граждан в инд. секторе города 17
20:20:30: Test Character has used '/Observer'.
20:20:33: Test Character has used '/Observer'.
20:20:40: [OOC] CP:C17.OfC.0303: надпись снизу смущает
20:21:15: [OOC] Test Character: Ну если кому-то не нравится, могут переправить, я лишь делаю, если кому-то неугодно, могут убрать
20:21:24: [OOC] Test Character: Тьфу
20:21:32: [OOC] CP:C17.OfC.0303: я понял
20:21:59: Test Character (Builder) has used '/CharSetName Test Test Character (Builder)'.
20:22:15: Test Character (Builder) has spawned 'models/props/de_tides/tides_fences_a.mdl'.
20:22:15: Test Character (Builder) has spawned 'models/props/de_tides/tides_fences_a.mdl'.
20:22:30: Test Character (Builder) has spawned 'models/props/de_tides/tides_sign_a.mdl'.
20:22:30: Test Character (Builder) has spawned 'models/props/de_tides/tides_sign_a.mdl'.
20:22:32: Test Character (Builder) has spawned 'models/props/de_tides/tides_sign_a.mdl'.
20:22:32: Test Character (Builder) has spawned 'models/props/de_tides/tides_sign_a.mdl'.
20:22:44: Test Character (Builder) has used '/Observer'.
20:22:52: CP:C17.OfC.0303 has used '/SalesmanAdd 1'.
20:23:04: CP:C17.OfC.0303 says: "<:: s"
20:23:09: CP:C17.OfC.0303 has used '/SalesmanAdd 1'.
20:23:29: CP:C17.OfC.0303 says: "<:: s"
20:23:31: Test Character (Builder) has spawned 'models/props/de_tides/tides_staffonly_sign.mdl'.
20:23:31: Test Character (Builder) has spawned 'models/props/de_tides/tides_staffonly_sign.mdl'.
20:23:31: Test Character (Builder) has used '/Observer'.
20:23:41: CP:C17.OfC.0303 has used '/SalesmanEdit 1'.
20:23:46: Test Character (Builder) has spawned 'models/props/de_train/acunit2.mdl'.
20:23:46: Test Character (Builder) has spawned 'models/props/de_train/acunit2.mdl'.
20:23:47: Test Character (Builder) has spawned 'models/props/de_train/boxcar.mdl'.
20:23:47: Test Character (Builder) has spawned 'models/props/de_train/boxcar.mdl'.
20:23:50: Test Character (Builder) has spawned 'models/props/de_train/boxcar.mdl'.
20:23:50: Test Character (Builder) has spawned 'models/props/de_train/boxcar.mdl'.
20:23:55: Test Character (Builder) has spawned 'models/props/de_train/de_train_ibeams_02.mdl'.
20:23:55: Test Character (Builder) has spawned 'models/props/de_train/de_train_ibeams_02.mdl'.
20:23:57: Test Character (Builder) has spawned 'models/props/de_train/de_train_roofbeams_01.mdl'.
20:23:57: Test Character (Builder) has spawned 'models/props/de_train/de_train_roofbeams_01.mdl'.
20:24:19: Test Character (Builder) has spawned 'models/props/de_train/railroadtracks128.mdl'.
20:24:19: Test Character (Builder) has spawned 'models/props/de_train/railroadtracks128.mdl'.
20:24:21: Test Character (Builder) has spawned 'models/props/de_train/railroadtracks256.mdl'.
20:24:21: Test Character (Builder) has spawned 'models/props/de_train/railroadtracks256.mdl'.
20:24:24: Test Character (Builder) has spawned 'models/props/de_train/tanker.mdl'.
20:24:24: Test Character (Builder) has spawned 'models/props/de_train/tanker.mdl'.
20:24:26: Test Character (Builder) has spawned 'models/props/de_train/de_train_windowframe_04.mdl'.
20:24:26: Test Character (Builder) has spawned 'models/props/de_train/de_train_windowframe_04.mdl'.
20:24:33: Test Character (Builder) has spawned 'models/props/de_train/de_train_ibeam_01.mdl'.
20:24:33: Test Character (Builder) has spawned 'models/props/de_train/de_train_ibeam_01.mdl'.
20:24:37: Test Character (Builder) has spawned 'models/props/de_train/utility_truck_windows.mdl'.
20:24:37: Test Character (Builder) has spawned 'models/props/de_train/utility_truck_windows.mdl'.
20:24:40: Test Character (Builder) has spawned 'models/props/de_train/biohazardtank_dm_10.mdl'.
20:24:40: Test Character (Builder) has spawned 'models/props/de_train/biohazardtank_dm_10.mdl'.
20:25:24: CP:C17.OfC.0303 has used '/SalesmanEdit 2'.
20:25:28: CP:C17.OfC.0303 has used '/SalesmanEdit 3'.
20:25:31: Test Character (Builder) has spawned 'models/props_c17/handrail04_medium.mdl'.
20:25:31: Test Character (Builder) has spawned 'models/props_c17/handrail04_medium.mdl'.
20:25:34: CP:C17.OfC.0303 has used '/Observer'.
20:25:40: CP:C17.OfC.0303 has used '/CharSearch'.
20:25:43: CP:C17.OfC.0303 has used '/SalesmanEdit 3'.
20:25:45: Test Character (Builder) has spawned 'models/props_c17/handrail04_corner.mdl'.
20:25:45: Test Character (Builder) has spawned 'models/props_c17/handrail04_corner.mdl'.
20:27:34: Test Character (Builder) has spawned 'models/props_c17/handrail04_medium.mdl'.
20:27:34: Test Character (Builder) has spawned 'models/props_c17/handrail04_medium.mdl'.
20:27:40: CP:C17.OfC.0303 has used '/SalesmanEdit 3'.
20:28:03: Test Character (Builder) has used '/Observer'.
20:28:20: CP:C17.OfC.0303 has used '/SalesmanEdit 3'.
20:28:39: CP:C17.OfC.0303 has used '/SalesmanEdit 3'.
20:28:42: Test Character (Builder) has used '/Observer'.
20:28:43: Test Character (Builder) has used '/Observer'.
20:28:45: CP:C17.OfC.0303 has used '/SalesmanEdit 3'.
20:28:45: Test Character (Builder) has used '/Observer'.
20:28:51: CP:C17.OfC.0303 has used '/Observer'.
20:28:58: CP:C17.OfC.0303 has used '/Observer'.
20:29:02: CP:C17.OfC.0303 has used '/SalesmanEdit 1'.
20:29:16: CP:C17.OfC.0303 has used '/SalesmanEdit 3'.
20:29:21: CP:C17.OfC.0303 has used '/SalesmanEdit 7'.
20:29:25: CP:C17.OfC.0303 has used '/Observer'.
20:29:27: Test Character (Builder) has used '/Observer'.
20:29:32: Test Character (Builder) has used '/Observer'.
20:29:33: Test Character (Builder) has used '/Observer'.
20:29:34: Test Character (Builder) has used '/Observer'.
20:29:41: CP:C17.OfC.0303 has used '/SalesmanAdd 3'.
20:29:44: Test Character (Builder) has used '/Observer'.
20:29:47: CP:C17.OfC.0303 has used '/SalesmanAdd 3'.
20:31:00: Test Character (Builder) has used '/Observer'.
20:31:30: CP:C17.OfC.0303 has used '/Observer'.
20:31:31: CP:C17.OfC.0303 has used '/Observer'.
20:31:31: CP:C17.OfC.0303 has used '/Observer'.
20:31:33: Test Character (Builder) has used '/Observer'.
20:31:40: CP:C17.OfC.0303 has used '/CharSearch'.
20:31:54: Test Character (Builder) has used '/Observer'.
20:32:14: Test Character (Builder) has used '/StorageClose'.
20:32:14: Bad Luck (4v4t4r) has created a Citizen character called '............'.
20:32:16: Bad Luck (4v4t4r) has loaded the character '............'.
20:32:18: ............ has used '/Observer'.
20:32:18: ............ has used '/Observer'.
20:32:43: ............ has used '/GetFlags'.
20:32:50: [LOOC] Test Character (Builder): Может как на Беллуме сделать пост и граждан будут проверять?
20:32:50: [LOOC] Test Character (Builder): Может как на Беллуме сделать пост и граждан будут проверять?
20:32:50: ............ has used '/SalesmanAdd 4'.
20:33:14: Test Character (Builder) has used '/Observer'.
20:33:20: Test Character (Builder) has used '/Observer'.
20:33:35: [LOOC] ............: Не знаю, можешь спросить у Шварца, здесь, естественно, буду ГОшники ходить.
20:33:35: [LOOC] ............: Не знаю, можешь спросить у Шварца, здесь, естественно, буду ГОшники ходить.
20:33:40: ............ has used '/CharSearch'.
20:33:49: ............ has used '/SalesmanEdit 4'.
20:33:54: Test Character (Builder) has used '/StorageClose'.
20:34:00: Bad Luck (4v4t4r) has loaded the character 'CP:C17.OfC.0303'.
20:34:10: Bad Luck (4v4t4r) has deleted the character '............'.
20:34:16: CP:C17.OfC.0303 has used '/Observer'.
20:34:17: CP:C17.OfC.0303 has used '/Observer'.
20:34:17: CP:C17.OfC.0303 has used '/Observer'.
20:34:20: CP:C17.OfC.0303 has used '/Observer'.
20:34:21: CP:C17.OfC.0303 has used '/Observer'.
20:35:18: Test Character (Builder) has used '/StaticAdd'.
20:35:19: Test Character (Builder) has used '/StaticAdd'.
20:35:20: Test Character (Builder) has used '/StaticAdd'.
20:35:21: Test Character (Builder) has used '/StaticAdd'.
20:35:22: Test Character (Builder) has used '/StaticAdd'.
20:35:23: Test Character (Builder) has used '/StaticAdd'.
20:35:24: Test Character (Builder) has used '/StaticAdd'.
20:35:26: Test Character (Builder) has used '/StaticAdd'.
20:35:28: Test Character (Builder) has used '/StaticAdd'.
20:35:29: Test Character (Builder) has used '/StaticAdd'.
20:35:30: Test Character (Builder) has used '/StaticAdd'.
20:35:32: Test Character (Builder) has used '/StaticAdd'.
20:35:33: Test Character (Builder) has used '/StaticAdd'.
20:35:34: Test Character (Builder) has used '/StaticAdd'.
20:35:35: Test Character (Builder) has used '/StaticAdd'.
20:35:36: Test Character (Builder) has used '/StaticAdd'.
20:35:38: Test Character (Builder) has used '/StaticAdd'.
20:35:39: Test Character (Builder) has used '/StaticAdd'.
20:35:48: CP:C17.OfC.0303 has gained a Combine Lock 1457976950.
20:35:48: CP:C17.OfC.0303 has used '/CharGiveItem ofc Combine Lock 2'.
20:35:48: Test Character (Builder) has used '/StaticAdd'.
20:35:49: Test Character (Builder) has used '/StaticAdd'.
20:35:50: Test Character (Builder) has used '/StaticAdd'.
20:35:50: Test Character (Builder) has used '/StaticAdd'.
20:35:51: CP:C17.OfC.0303 has gained a Combine Lock 1457976954.
20:35:51: CP:C17.OfC.0303 has used '/CharGiveItem ofc Combine Lock 2'.
20:35:52: Test Character (Builder) has used '/StaticAdd'.
20:35:53: Test Character (Builder) has used '/StaticAdd'.
20:35:54: Test Character (Builder) has used '/StaticAdd'.
20:35:58: CP:C17.OfC.0303 has lost a Combine Lock 1457976954.
20:35:58: CP:C17.OfC.0303 has used '/InvAction use combine_lock_3 1457976954.00'.
20:36:03: CP:C17.OfC.0303 has gained a Combine Lock 1457976967.
20:36:03: CP:C17.OfC.0303 has used '/CharGiveItem ofc Combine Lock 2'.
20:36:06: CP:C17.OfC.0303 has lost a Combine Lock 1457976950.
20:36:06: CP:C17.OfC.0303 has used '/InvAction use combine_lock_3 1457976950.00'.
20:36:47: CP:C17.OfC.0303 has lost a Combine Lock 1457976967.
20:36:47: CP:C17.OfC.0303 has used '/InvAction use combine_lock_3 1457976967.00'.
20:36:49: CP:C17.OfC.0303 has gained a Combine Lock 1457977014.
20:36:49: CP:C17.OfC.0303 has used '/CharGiveItem ofc Combine Lock 2'.
20:36:52: CP:C17.OfC.0303 has lost a Combine Lock 1457977014.
20:36:52: CP:C17.OfC.0303 has used '/InvAction use combine_lock_3 1457977014.00'.
20:37:02: Test Character (Builder) has spawned 'models/props_c17/handrail04_corner.mdl'.
20:37:02: Test Character (Builder) has spawned 'models/props_c17/handrail04_corner.mdl'.
20:37:05: CP:C17.OfC.0303 has lost a MP7 1457783444.
20:37:05: CP:C17.OfC.0303 has used '/InvAction use sxbase_mp7 1457783444.00'.
20:37:09: CP:C17.OfC.0303 has used '/Observer'.
20:37:13: Test Character (Builder) has used '/Observer'.
20:37:22: Test Character (Builder) has used '/Observer'.
20:37:27: CP:C17.OfC.0303 has gained a MP7 1457783444.
20:37:29: CP:C17.OfC.0303 has used '/Observer'.
20:37:30: Test Character (Builder) has used '/Observer'.
20:37:35: Test Character (Builder) has used '/Observer'.
20:37:36: CP:C17.OfC.0303 has used '/Observer'.
20:37:40: CP:C17.OfC.0303 has used '/Observer'.
20:37:46: Test Character (Builder) has used '/StaticAdd'.
20:37:50: Test Character (Builder) has used '/Observer'.
20:37:54: Test Character (Builder) has used '/Observer'.
20:37:56: Test Character (Builder) has used '/Observer'.
20:37:59: Test Character (Builder) has used '/Observer'.
20:38:18: Test Character (Builder) has used '/Observer'.
20:38:34: Test Character (Builder) has used '/Observer'.
20:38:38: Test Character (Builder) has used '/StaticAdd'.
20:38:43: CP:C17.OfC.0303 has used '/Observer'.
20:38:48: CP:C17.OfC.0303 has used '/SalesmanAdd 2'.
20:38:52: Test Character (Builder) has spawned 'models/props_c17/handrail04_brokenlong.mdl'.
20:38:52: Test Character (Builder) has spawned 'models/props_c17/handrail04_brokenlong.mdl'.
20:38:56: Test Character (Builder) has spawned 'models/props_c17/handrail04_doublerise.mdl'.
20:38:56: Test Character (Builder) has spawned 'models/props_c17/handrail04_doublerise.mdl'.
20:39:00: Test Character (Builder) has spawned 'models/props_c17/handrail04_end.mdl'.
20:39:00: Test Character (Builder) has spawned 'models/props_c17/handrail04_end.mdl'.
20:39:02: Test Character (Builder) has spawned 'models/props_c17/handrail04_long.mdl'.
20:39:02: Test Character (Builder) has spawned 'models/props_c17/handrail04_long.mdl'.
20:39:05: CP:C17.i4.0981 has used '/Observer'.
20:39:13: CP:C17.i4.0981 has used '/Observer'.
20:39:20: CP:C17.OfC.0303 has gained a Combine Lock 1457977166.
20:39:20: CP:C17.i4.0981 has used '/Observer'.
20:39:21: CP:C17.i4.0981 has used '/Observer'.
20:39:22: Test Character (Builder) has spawned 'models/props_c17/handrail04_singlerise.mdl'.
20:39:22: Test Character (Builder) has spawned 'models/props_c17/handrail04_singlerise.mdl'.
20:39:22: CP:C17.OfC.0303 has used '/Observer'.
20:39:23: CP:C17.OfC.0303 has used '/Observer'.
20:39:24: CP:C17.OfC.0303 has used '/Observer'.
20:39:24: CP:C17.OfC.0303 has used '/Observer'.
20:39:25: Test Character (Builder) has spawned 'models/props_c17/handrail04_medium.mdl'.
20:39:25: Test Character (Builder) has spawned 'models/props_c17/handrail04_medium.mdl'.
20:39:25: CP:C17.OfC.0303 has used '/Observer'.
20:39:26: CP:C17.OfC.0303 has used '/Observer'.
20:39:30: CP:C17.OfC.0303 has used '/Observer'.
20:39:35: Test Character (Builder) has spawned 'models/props_c17/handrail04_medium.mdl'.
20:39:35: Test Character (Builder) has spawned 'models/props_c17/handrail04_medium.mdl'.
20:39:39: CP:C17.OfC.0303 has lost a Combine Lock 1457977166.
20:39:39: CP:C17.OfC.0303 has used '/InvAction use combine_lock_2 1457977166.00'.
20:39:45: Test Character (Builder) has used '/Observer'.
20:39:45: Test Character (Builder) has used '/Observer'.
20:39:46: Test Character (Builder) has used '/Observer'.
20:39:47: Test Character (Builder) has used '/Observer'.
20:39:53: CP:C17.OfC.0303 has used '/Observer'.
20:39:54: CP:C17.OfC.0303 has used '/Observer'.
20:40:15: Test Character (Builder) has used '/Observer'.
20:40:35: CP:C17.OfC.0303 has used '/Observer'.
20:40:36: CP:C17.OfC.0303 has used '/Observer'.
20:40:36: CP:C17.OfC.0303 has used '/Observer'.
20:40:37: CP:C17.OfC.0303 has used '/Observer'.
20:40:37: CP:C17.OfC.0303 has used '/Observer'.
20:40:50: CP:C17.OfC.0303 (STEAM_0:0:47365111) has disconnected.
20:41:37: Test Character (Builder) has used '/Observer'.
20:41:38: Test Character (Builder) has used '/Observer'.
20:41:39: Test Character (Builder) has used '/Observer'.
20:41:42: CP:C17.i4.0981 has used '/Observer'.
20:41:51: Test Character (Builder) has used '/Observer'.
20:42:02: Test Character (Builder) has used '/Observer'.
20:42:52: Test Character (Builder) has spawned 'models/props_c17/handrail04_corner.mdl'.
20:42:52: Test Character (Builder) has spawned 'models/props_c17/handrail04_corner.mdl'.
20:43:23: Test Character (Builder) has used '/Observer'.
20:43:59: Test Character (Builder) has used '/Observer'.
20:44:01: Test Character (Builder) has used '/Observer'.
20:44:31: Test Character (Builder) has used '/Observer'.
20:46:38: Test Character (Builder) has used '/Observer'.
20:51:37: Test Character (Builder) has used '/Observer'.
20:51:57: Test Character (Builder) has spawned 'models/props_c17/handrail04_medium.mdl'.
20:51:57: Test Character (Builder) has spawned 'models/props_c17/handrail04_medium.mdl'.
20:52:20: Test Character (Builder) has used '/Observer'.
20:53:21: Test Character (Builder) has spawned 'models/props_c17/handrail04_corner.mdl'.
20:53:21: Test Character (Builder) has spawned 'models/props_c17/handrail04_corner.mdl'.
20:54:51: Test Character (Builder) has spawned 'models/props_c17/handrail04_medium.mdl'.
20:54:51: Test Character (Builder) has spawned 'models/props_c17/handrail04_medium.mdl'.
20:55:40: Test Character (Builder) has used '/Observer'.
20:56:21: Test Character (Builder) has used '/Observer'.
20:56:50: Test Character (Builder) has used '/Observer'.
20:57:02: Test Character (Builder) has used '/Observer'.
20:57:03: Test Character (Builder) has used '/Observer'.
20:57:48: Test Character (Builder) has used '/Observer'.
20:57:49: Test Character (Builder) has used '/Observer'.
20:57:51: Test Character (Builder) has used '/Observer'.
20:57:52: Test Character (Builder) has used '/Observer'.
20:57:54: Test Character (Builder) has used '/StaticAdd'.
20:57:55: Test Character (Builder) has used '/StaticAdd'.
20:57:56: Test Character (Builder) has used '/StaticAdd'.
20:57:58: Test Character (Builder) has used '/StaticAdd'.
20:57:59: Test Character (Builder) has used '/StaticAdd'.
20:58:00: Test Character (Builder) has used '/StaticAdd'.
20:58:01: Test Character (Builder) has used '/StaticAdd'.
20:58:03: Test Character (Builder) has used '/StaticAdd'.
20:58:04: Test Character (Builder) has used '/StaticAdd'.
20:58:06: Test Character (Builder) has used '/StaticAdd'.
20:58:08: Test Character (Builder) has used '/StaticAdd'.
20:58:09: Test Character (Builder) has used '/StaticAdd'.
20:58:10: Test Character (Builder) has used '/StaticAdd'.
20:58:52: CP:C17.i4.0981 has used '/Observer'.
20:58:53: CP:C17.i4.0981 has used '/Observer'.
20:58:55: Test Character (Builder) has used '/Observer'.
20:58:57: CP:C17.i4.0981 (STEAM_0:1:44629398) has disconnected.
20:59:01: Test Character (Builder) has used '/Observer'.
20:59:20: Test Character (Builder) (STEAM_0:0:49512624) has disconnected.
21:01:06: SchωarzKruppzo (STEAM_0:1:44629398) has connected.
21:03:24: BlyeBerry (STEAM_0:0:49512624) has connected.
21:03:28: SchωarzKruppzo has loaded the character 'CP:C17.i4.0981'.
21:03:34: CP:C17.i4.0981 has used '/Observer'.
21:04:22: CP:C17.i4.0981 has used '/Observer'.
21:05:02: CP:C17.i4.0981 has used '/Observer'.
21:05:07: BlyeBerry has loaded the character 'Test Character (Builder)'.
21:05:13: Test Character (Builder) has used '/Observer'.
21:05:20: Test Character (Builder) has used '/Observer'.
21:05:23: CP:C17.i4.0981 has used '/Observer'.
21:05:32: [LOOC] Test Character (Builder): Скрины делаю
21:05:32: [LOOC] Test Character (Builder): Скрины делаю
21:05:35: CP:C17.i4.0981 has used '/Observer'.
21:05:37: [LOOC] Test Character (Builder): Выкладываю в свой профиль
21:05:37: [LOOC] Test Character (Builder): Выкладываю в свой профиль
21:05:40: [LOOC] Test Character (Builder): На память
21:05:40: [LOOC] Test Character (Builder): На память
21:05:44: [LOOC] Test Character (Builder): На долгую память
21:05:44: [LOOC] Test Character (Builder): На долгую память
21:05:53: Test Character (Builder) has used '/Observer'.
21:05:56: Test Character (Builder) has used '/Observer'.
21:05:58: Test Character (Builder) has used '/Observer'.
21:05:59: Test Character (Builder) has used '/Observer'.
21:06:06: Test Character (Builder) has used '/StaticAdd'.
21:06:07: Test Character (Builder) has used '/StaticAdd'.
21:06:09: Test Character (Builder) has used '/StaticAdd'.
21:06:11: Test Character (Builder) has used '/StaticAdd'.
21:06:12: Test Character (Builder) has used '/StaticAdd'.
21:06:14: Test Character (Builder) has used '/StaticAdd'.
21:06:16: Test Character (Builder) has used '/StaticAdd'.
21:06:19: Test Character (Builder) has used '/StaticAdd'.
21:06:20: Test Character (Builder) has used '/StaticAdd'.
21:06:21: Test Character (Builder) has used '/StaticAdd'.
21:06:22: Test Character (Builder) has used '/StaticAdd'.
21:06:24: CP:C17.i4.0981 has used '/Observer'.
21:06:27: Test Character (Builder) has used '/StaticAdd'.
21:06:30: Test Character (Builder) has used '/StaticAdd'.
21:06:31: Test Character (Builder) has used '/StaticAdd'.
21:06:32: Test Character (Builder) has used '/StaticAdd'.
21:06:33: Test Character (Builder) has used '/StaticAdd'.
21:06:35: Test Character (Builder) has used '/StaticAdd'.
21:06:35: Test Character (Builder) has used '/StaticAdd'.
21:06:37: Test Character (Builder) has used '/StaticAdd'.
21:06:38: Test Character (Builder) has used '/StaticAdd'.
21:06:40: Test Character (Builder) has used '/StaticAdd'.
21:06:42: Test Character (Builder) has used '/StaticAdd'.
21:06:42: Test Character (Builder) has used '/StaticAdd'.
21:06:45: Test Character (Builder) has used '/StaticAdd'.
21:06:46: Test Character (Builder) has used '/StaticAdd'.
21:06:47: Test Character (Builder) has used '/StaticAdd'.
21:06:49: Test Character (Builder) has used '/StaticAdd'.
21:06:53: Test Character (Builder) has used '/StaticAdd'.
21:06:58: Test Character (Builder) has used '/StaticAdd'.
21:09:22: Test Character (Builder) has used '/Observer'.
21:09:27: Test Character (Builder) has used '/Observer'.
21:09:34: Test Character (Builder) has used '/Observer'.
21:11:15: Test Character (Builder) has used '/Observer'.
21:11:40: Test Character (Builder) has spawned 'models/props_c17/handrail04_corner.mdl'.
21:11:40: Test Character (Builder) has spawned 'models/props_c17/handrail04_corner.mdl'.
21:11:43: Test Character (Builder) has spawned 'models/props_c17/handrail04_brokencorner.mdl'.
21:11:43: Test Character (Builder) has spawned 'models/props_c17/handrail04_brokencorner.mdl'.
21:12:24: Test Character (Builder) has used '/StaticAdd'.
21:12:44: Test Character (Builder) has used '/Observer'.
21:14:35: Test Character (Builder) has spawned 'models/props_c17/furnitureshelf001b.mdl'.
21:14:35: Test Character (Builder) has spawned 'models/props_c17/furnitureshelf001b.mdl'.
21:14:56: Test Character (Builder) has spawned 'models/props_phx/construct/metal_plate1.mdl'.
21:14:56: Test Character (Builder) has spawned 'models/props_phx/construct/metal_plate1.mdl'.
21:15:00: Test Character (Builder) has spawned 'models/props_phx/construct/metal_plate1.mdl'.
21:15:00: Test Character (Builder) has spawned 'models/props_phx/construct/metal_plate1.mdl'.
21:15:18: Test Character (Builder) has used '/Observer'.
21:15:27: Test Character (Builder) has used '/Observer'.
21:15:30: Test Character (Builder) has used '/Observer'.
21:18:27: Test Character (Builder) has used '/StaticAdd'.
21:18:29: Test Character (Builder) has used '/Observer'.
21:19:03: Test Character (Builder) has used '/Observer'.
21:19:04: worldspawn has dealt 130 damage to Test Character (Builder), killing them!
21:19:10: Test Character (Builder) has used '/Observer'.
21:20:34: [OOC] Test Character (Builder): Я пошел, завтра буду (возможно)
21:20:44: [OOC] CP:C17.i4.0981: Ага. Давай. Сохранил точно все?
21:20:46: CP:C17.i4.0981 has used '/Observer'.
21:21:02: Test Character (Builder) has used '/Observer'.
21:21:03: CP:C17.i4.0981 has used '/Observer'.
21:21:11: Test Character (Builder) has used '/Observer'.
21:21:29: Test Character (Builder) has used '/Observer'.
21:22:45: Test Character (Builder) says: "Ладно давай, удачи"
21:22:51: CP:C17.i4.0981 says: "<:: Удачи. Продолжу кодить "
21:22:55: Test Character (Builder) (STEAM_0:0:49512624) has disconnected.
21:41:01: SchωarzKruppzo (STEAM_0:1:44629398) has connected.
21:43:35: SchωarzKruppzo has loaded the character 'CP:C17.i4.0981'.
21:44:29: CP:C17.i4.0981 has used '/Observer'.
21:47:08: CP:C17.i4.0981 has used '/Observer'.
21:47:08: CP:C17.i4.0981 has used '/Observer'.
21:47:09: CP:C17.i4.0981 has used '/Observer'.
21:47:10: CP:C17.i4.0981 has used '/Observer'.
21:47:10: CP:C17.i4.0981 has used '/Observer'.
21:47:11: CP:C17.i4.0981 has used '/Observer'.
21:47:13: CP:C17.i4.0981 has used '/Observer'.
21:47:14: CP:C17.i4.0981 has used '/Observer'.
21:47:15: CP:C17.i4.0981 has used '/Observer'.
21:47:16: CP:C17.i4.0981 has used '/Observer'.
21:47:16: CP:C17.i4.0981 has used '/Observer'.
21:47:17: CP:C17.i4.0981 has used '/Observer'.
21:47:17: CP:C17.i4.0981 has used '/Observer'.
21:47:18: CP:C17.i4.0981 has used '/Observer'.
21:47:19: CP:C17.i4.0981 has used '/Observer'.
21:47:19: CP:C17.i4.0981 has used '/Observer'.
21:47:40: CP:C17.i4.0981 has used '/Observer'.
21:47:40: CP:C17.i4.0981 has used '/Observer'.
21:47:41: CP:C17.i4.0981 has used '/Observer'.
21:47:43: CP:C17.i4.0981 has used '/Observer'.
21:48:18: CP:C17.i4.0981 has used '/Observer'.
21:48:18: CP:C17.i4.0981 has used '/Observer'.
21:48:19: CP:C17.i4.0981 has used '/Observer'.
21:48:19: CP:C17.i4.0981 has used '/Observer'.
21:48:20: CP:C17.i4.0981 has used '/Observer'.
21:48:22: CP:C17.i4.0981 has used '/Observer'.
21:48:22: CP:C17.i4.0981 has used '/Observer'.
21:48:23: CP:C17.i4.0981 has used '/Observer'.
21:48:24: CP:C17.i4.0981 has used '/Observer'.
21:48:24: CP:C17.i4.0981 has used '/Observer'.
21:48:29: CP:C17.i4.0981 has used '/Observer'.
21:48:30: CP:C17.i4.0981 has used '/Observer'.
21:48:31: CP:C17.i4.0981 has used '/Observer'.
21:48:31: CP:C17.i4.0981 has used '/Observer'.
21:48:32: CP:C17.i4.0981 has used '/Observer'.
21:48:33: CP:C17.i4.0981 has used '/Observer'.
21:48:33: CP:C17.i4.0981 has used '/Observer'.
21:48:49: CP:C17.i4.0981 has used '/Observer'.
21:48:52: CP:C17.i4.0981 has used '/Observer'.
21:48:54: CP:C17.i4.0981 has used '/Observer'.
21:48:57: CP:C17.i4.0981 has used '/Observer'.
21:48:59: CP:C17.i4.0981 has used '/Observer'.
21:49:00: CP:C17.i4.0981 has used '/Observer'.
21:49:08: CP:C17.i4.0981 has used '/Observer'.
21:49:10: CP:C17.i4.0981 has used '/Observer'.
21:49:19: CP:C17.i4.0981 has used '/Observer'.
21:49:51: CP:C17.i4.0981 has used '/Observer'.
21:49:51: CP:C17.i4.0981 has used '/Observer'.
21:49:58: CP:C17.i4.0981 has used '/Observer'.
21:50:07: CP:C17.i4.0981 has used '/Observer'.
21:51:09: CP:C17.i4.0981 has used '/Observer'.
21:51:11: CP:C17.i4.0981 has used '/Observer'.
21:51:17: CP:C17.i4.0981 has used '/Observer'.
21:51:18: CP:C17.i4.0981 has used '/Observer'.
21:51:19: CP:C17.i4.0981 has used '/Observer'.
21:51:20: CP:C17.i4.0981 has used '/Observer'.
21:51:20: CP:C17.i4.0981 has used '/Observer'.
21:51:21: CP:C17.i4.0981 has used '/Observer'.
21:51:22: CP:C17.i4.0981 has used '/Observer'.
21:51:22: CP:C17.i4.0981 has used '/Observer'.
21:51:23: CP:C17.i4.0981 has used '/Observer'.
21:51:24: CP:C17.i4.0981 has used '/Observer'.
21:51:26: CP:C17.i4.0981 has used '/Observer'.
21:51:27: CP:C17.i4.0981 has used '/Observer'.
21:51:39: CP:C17.i4.0981 has used '/Observer'.
21:51:40: CP:C17.i4.0981 has used '/Observer'.
21:51:40: CP:C17.i4.0981 has used '/Observer'.
21:51:41: CP:C17.i4.0981 has used '/Observer'.
21:51:41: CP:C17.i4.0981 has used '/Observer'.
21:51:42: CP:C17.i4.0981 has used '/Observer'.
21:51:42: CP:C17.i4.0981 has used '/Observer'.
21:51:43: CP:C17.i4.0981 has used '/Observer'.
21:52:01: CP:C17.i4.0981 has used '/Observer'.
21:52:02: CP:C17.i4.0981 has used '/Observer'.
21:52:03: CP:C17.i4.0981 has used '/Observer'.
21:52:04: CP:C17.i4.0981 has used '/Observer'.
21:52:06: CP:C17.i4.0981 has used '/Observer'.
21:52:07: CP:C17.i4.0981 has used '/Observer'.
21:52:13: CP:C17.i4.0981 has used '/Observer'.
21:52:18: CP:C17.i4.0981 has used '/Observer'.
21:52:20: CP:C17.i4.0981 has used '/Observer'.
21:52:24: CP:C17.i4.0981 has used '/Observer'.
21:52:28: CP:C17.i4.0981 has used '/Observer'.
21:53:23: CP:C17.i4.0981 has used '/Observer'.
21:53:24: CP:C17.i4.0981 has used '/Observer'.
21:53:25: CP:C17.i4.0981 has used '/Observer'.
21:53:31: CP:C17.i4.0981 has used '/Observer'.
21:53:32: CP:C17.i4.0981 has used '/Observer'.
21:53:38: CP:C17.i4.0981 has used '/Observer'.
21:53:41: CP:C17.i4.0981 has used '/Observer'.
21:53:44: CP:C17.i4.0981 has used '/Observer'.
21:53:48: CP:C17.i4.0981 has used '/Observer'.
21:53:49: CP:C17.i4.0981 has used '/Observer'.
21:54:02: CP:C17.i4.0981 has used '/Observer'.
21:54:07: CP:C17.i4.0981 has used '/Observer'.
21:54:09: CP:C17.i4.0981 has used '/Observer'.
21:54:12: CP:C17.i4.0981 has used '/Observer'.
21:54:12: CP:C17.i4.0981 has used '/Observer'.
21:54:18: CP:C17.i4.0981 has used '/Observer'.
21:54:19: CP:C17.i4.0981 has used '/Observer'.
21:54:20: CP:C17.i4.0981 has used '/Observer'.
21:54:20: CP:C17.i4.0981 has used '/Observer'.
21:54:21: CP:C17.i4.0981 has used '/Observer'.
21:54:22: CP:C17.i4.0981 has used '/Observer'.
21:54:23: CP:C17.i4.0981 has used '/Observer'.
21:54:24: CP:C17.i4.0981 has used '/Observer'.
21:54:24: CP:C17.i4.0981 has used '/Observer'.
21:54:25: CP:C17.i4.0981 has used '/Observer'.
21:54:26: CP:C17.i4.0981 has used '/Observer'.
21:54:27: CP:C17.i4.0981 has used '/Observer'.
21:54:28: CP:C17.i4.0981 has used '/Observer'.
21:54:29: CP:C17.i4.0981 has used '/Observer'.
21:54:31: CP:C17.i4.0981 has used '/Observer'.
21:54:33: CP:C17.i4.0981 has used '/Observer'.
21:54:34: CP:C17.i4.0981 has used '/Observer'.
21:54:34: CP:C17.i4.0981 has used '/Observer'.
21:54:35: CP:C17.i4.0981 has used '/Observer'.
21:54:36: CP:C17.i4.0981 has used '/Observer'.
21:54:36: CP:C17.i4.0981 has used '/Observer'.
21:54:37: CP:C17.i4.0981 has used '/Observer'.
21:54:37: CP:C17.i4.0981 has used '/Observer'.
21:54:38: CP:C17.i4.0981 has used '/Observer'.
21:54:38: CP:C17.i4.0981 has used '/Observer'.
21:54:39: CP:C17.i4.0981 has used '/Observer'.
21:54:40: CP:C17.i4.0981 has used '/Observer'.
21:54:41: CP:C17.i4.0981 has used '/Observer'.
21:54:41: CP:C17.i4.0981 has used '/Observer'.
21:54:42: CP:C17.i4.0981 has used '/Observer'.
21:54:43: CP:C17.i4.0981 has used '/Observer'.
21:54:44: CP:C17.i4.0981 has used '/Observer'.
21:54:48: CP:C17.i4.0981 has used '/Observer'.
21:54:49: CP:C17.i4.0981 has used '/Observer'.
21:54:50: CP:C17.i4.0981 has used '/Observer'.
21:54:51: CP:C17.i4.0981 has used '/Observer'.
21:54:51: CP:C17.i4.0981 has used '/Observer'.
21:54:53: CP:C17.i4.0981 has used '/Observer'.
21:54:55: CP:C17.i4.0981 has used '/Observer'.
21:54:55: CP:C17.i4.0981 has used '/Observer'.
21:54:57: CP:C17.i4.0981 has used '/Observer'.
21:54:58: CP:C17.i4.0981 has used '/Observer'.
21:54:59: CP:C17.i4.0981 has used '/Observer'.
21:54:59: CP:C17.i4.0981 has used '/Observer'.
21:55:01: CP:C17.i4.0981 has used '/Observer'.
21:55:02: CP:C17.i4.0981 has used '/Observer'.
21:55:04: CP:C17.i4.0981 has used '/Observer'.
21:55:05: CP:C17.i4.0981 has used '/Observer'.
21:55:07: CP:C17.i4.0981 has used '/Observer'.
21:55:08: CP:C17.i4.0981 has used '/Observer'.
21:55:08: CP:C17.i4.0981 has used '/Observer'.
21:55:09: CP:C17.i4.0981 has used '/Observer'.
21:55:09: CP:C17.i4.0981 has used '/Observer'.
21:55:10: CP:C17.i4.0981 has used '/Observer'.
21:55:12: CP:C17.i4.0981 has used '/Observer'.
21:55:14: CP:C17.i4.0981 has used '/Observer'.
21:55:14: CP:C17.i4.0981 has used '/Observer'.
21:55:19: CP:C17.i4.0981 has used '/Observer'.
21:55:20: CP:C17.i4.0981 has used '/Observer'.
21:56:16: CP:C17.i4.0981 has used '/Observer'.
21:56:19: CP:C17.i4.0981 has used '/Observer'.
21:56:20: CP:C17.i4.0981 has used '/Observer'.
21:56:49: CP:C17.i4.0981 has used '/Observer'.
21:56:49: CP:C17.i4.0981 has used '/Observer'.
21:56:50: CP:C17.i4.0981 has used '/Observer'.
21:56:50: CP:C17.i4.0981 has used '/Observer'.
21:57:05: CP:C17.i4.0981 has used '/Observer'.
21:57:07: CP:C17.i4.0981 has used '/Observer'.
21:57:09: CP:C17.i4.0981 has used '/Observer'.
21:57:11: CP:C17.i4.0981 has used '/Observer'.
21:57:12: CP:C17.i4.0981 has used '/Observer'.
21:57:18: CP:C17.i4.0981 has used '/Observer'.
21:57:21: CP:C17.i4.0981 has used '/Observer'.
21:57:24: CP:C17.i4.0981 has used '/Observer'.
21:57:28: CP:C17.i4.0981 has used '/Observer'.
21:57:28: CP:C17.i4.0981 has used '/Observer'.
21:57:29: CP:C17.i4.0981 has used '/Observer'.
21:57:33: CP:C17.i4.0981 has used '/Observer'.
21:57:35: CP:C17.i4.0981 has used '/Observer'.
21:57:37: CP:C17.i4.0981 has used '/Observer'.
21:57:38: CP:C17.i4.0981 has used '/Observer'.
21:57:39: CP:C17.i4.0981 has used '/Observer'.
21:57:41: CP:C17.i4.0981 has used '/Observer'.
21:58:05: CP:C17.i4.0981 has gained a Paper 1457981886.
21:58:05: CP:C17.i4.0981 has used '/CharGiveItem i4 paper'.
21:58:14: CP:C17.i4.0981 has lost a Paper 1457981886.
21:58:14: CP:C17.i4.0981 has used '/InvAction drop paper 1457981886.00'.
21:58:56: CP:C17.i4.0981 has gained a Paper 1457981886.
21:58:56: CP:C17.i4.0981 has used '/InvAction use paper 1457981886'.
21:59:25: CP:C17.i4.0981 has lost a Paper 1457981886.
21:59:25: CP:C17.i4.0981 has used '/InvAction drop paper 1457981886.00'.
21:59:28: CP:C17.i4.0981 has gained a Paper 1457981886.
21:59:28: CP:C17.i4.0981 has used '/InvAction use paper 1457981886'.
22:07:18: SchωarzKruppzo (STEAM_0:1:44629398) has connected.
22:09:30: SchωarzKruppzo has loaded the character 'CP:C17.i4.0981'.
22:09:41: CP:C17.i4.0981 has gained a Paper 1457982582.
22:09:41: CP:C17.i4.0981 has used '/CharGiveItem i4 paper'.
22:09:42: CP:C17.i4.0981 has used '/Observer'.
22:09:48: CP:C17.i4.0981 has used '/Observer'.
22:09:51: CP:C17.i4.0981 has lost a Paper 1457956615.
22:09:51: CP:C17.i4.0981 has used '/InvAction drop paper 1457956615.00'.
22:09:53: CP:C17.i4.0981 has gained a Paper 1457956615.
22:09:53: CP:C17.i4.0981 has used '/InvAction use paper 1457956615'.
22:09:59: CP:C17.i4.0981 has used '/InvAction use paper 1457956615.00'.
22:10:19: CP:C17.i4.0981 has used '/InvAction use paper 1457982582.00'.
22:11:43: CP:C17.i4.0981 has used '/InvAction use paper 1457982582.00'.
22:19:25: CP:C17.i4.0981 (STEAM_0:1:44629398) has disconnected.
22:24:24: SchωarzKruppzo (STEAM_0:1:44629398) has connected.
22:30:58: SchωarzKruppzo (STEAM_0:1:44629398) has connected.
22:33:28: SchωarzKruppzo has loaded the character 'CP:C17.i4.0981'.
22:33:34: CP:C17.i4.0981 has used '/Observer'.
22:35:22: CP:C17.i4.0981 has used '/Observer'.
22:35:31: CP:C17.i4.0981 has used '/Observer'.
22:35:38: CP:C17.i4.0981 has used '/Observer'.
22:35:44: CP:C17.i4.0981 has used '/Observer'.
22:35:47: CP:C17.i4.0981 has used '/Observer'.
22:35:50: CP:C17.i4.0981 has used '/Observer'.
22:36:00: CP:C17.i4.0981 has used '/Observer'.
22:36:00: CP:C17.i4.0981 has used '/Observer'.
22:36:02: CP:C17.i4.0981 has used '/Observer'.
22:36:04: CP:C17.i4.0981 has used '/Observer'.
22:36:06: CP:C17.i4.0981 has used '/Observer'.
22:36:07: CP:C17.i4.0981 has used '/Observer'.
22:36:42: CP:C17.i4.0981 has used '/Observer'.
22:36:54: CP:C17.i4.0981 has used '/Observer'.
22:36:59: CP:C17.i4.0981 has used '/Observer'.
22:37:00: CP:C17.i4.0981 has used '/Observer'.
22:37:01: CP:C17.i4.0981 has used '/Observer'.
22:37:04: CP:C17.i4.0981 has used '/Observer'.
22:37:04: CP:C17.i4.0981 has used '/Observer'.
22:37:06: CP:C17.i4.0981 has used '/Observer'.
22:37:06: CP:C17.i4.0981 has used '/Observer'.
22:37:08: CP:C17.i4.0981 has used '/Observer'.
22:37:15: CP:C17.i4.0981 has used '/Observer'.
22:37:16: CP:C17.i4.0981 has used '/Observer'.
22:38:05: CP:C17.i4.0981 has used '/Observer'.
22:38:33: CP:C17.i4.0981 has gained a Paper 1457984314.
22:38:33: CP:C17.i4.0981 has used '/CharGiveItem i4 paper'.
22:38:36: CP:C17.i4.0981 has used '/InvAction use paper 1457984314.00'.
22:38:49: CP:C17.i4.0981 has used '/InvAction use paper 1457984314.00'.
22:39:17: CP:C17.i4.0981 has used '/InvAction use paper 1457984314.00'.
22:39:23: CP:C17.i4.0981 has used '/InvAction use paper 1457982582.00'.
22:39:26: CP:C17.i4.0981 has used '/InvAction use paper 1457982582.00'.
22:39:27: CP:C17.i4.0981 has used '/InvAction use paper 1457956615.00'.
22:39:30: CP:C17.i4.0981 has used '/InvAction use paper 1457982582.00'.
22:39:33: CP:C17.i4.0981 has used '/InvAction use paper 1457726246.00'.
22:39:34: CP:C17.i4.0981 has used '/InvAction use paper 1457726261.00'.
22:39:35: CP:C17.i4.0981 has used '/InvAction use paper 1457890079.00'.
22:39:35: CP:C17.i4.0981 has used '/InvAction use paper 1457898334.00'.
22:39:36: CP:C17.i4.0981 has used '/InvAction use paper 1457954700.00'.
22:39:37: CP:C17.i4.0981 has used '/InvAction use paper 1457955697.00'.
22:39:38: CP:C17.i4.0981 has used '/InvAction use paper 1457984314.00'.
22:39:40: CP:C17.i4.0981 has gained a Paper 1457984382.
22:39:40: CP:C17.i4.0981 has used '/CharGiveItem i4 paper'.
22:39:41: CP:C17.i4.0981 has used '/InvAction use paper 1457984382.00'.
22:40:32: CP:C17.i4.0981 has used '/InvAction use paper 1457984382.00'.
22:40:39: CP:C17.i4.0981 has used '/InvAction use paper 1457984382.00'.
22:41:49: CP:C17.i4.0981 has used '/InvAction use paper 1457984382.00'.
22:43:12: CP:C17.i4.0981 has used '/InvAction use paper 1457984382.00'.
22:43:33: CP:C17.i4.0981 has used '/InvAction use paper 1457984382.00'.
22:43:48: CP:C17.i4.0981 has used '/InvAction use paper 1457984382.00'.
22:44:08: CP:C17.i4.0981 has used '/InvAction use paper 1457984382.00'.
22:48:08: CP:C17.i4.0981 has used '/InvAction use paper 1457984382.00'.
22:48:22: CP:C17.i4.0981 has used '/InvAction use paper 1457984382.00'.
22:48:47: CP:C17.i4.0981 has used '/InvAction use paper 1457984382.00'.
22:49:03: CP:C17.i4.0981 has used '/InvAction use paper 1457984382.00'.
22:49:11: CP:C17.i4.0981 has used '/InvAction use paper 1457984382.00'.
22:49:22: CP:C17.i4.0981 has used '/InvAction use paper 1457984382.00'.
22:49:28: CP:C17.i4.0981 has used '/InvAction use paper 1457984382.00'.
22:49:43: CP:C17.i4.0981 has used '/InvAction use paper 1457984382.00'.
22:50:52: CP:C17.i4.0981 has used '/InvAction use paper 1457984382.00'.
22:52:17: CP:C17.i4.0981 has used '/InvAction use paper 1457984382.00'.
22:53:02: CP:C17.i4.0981 has used '/InvAction use paper 1457984382.00'.
22:53:22: CP:C17.i4.0981 has used '/InvAction use paper 1457984382.00'.
22:53:35: CP:C17.i4.0981 has used '/InvAction use paper 1457984382.00'.
22:53:53: CP:C17.i4.0981 has used '/InvAction use paper 1457984382.00'.
22:54:00: CP:C17.i4.0981 has used '/InvAction use paper 1457984382.00'.
22:54:07: CP:C17.i4.0981 has used '/InvAction use paper 1457984382.00'.
22:54:54: CP:C17.i4.0981 has used '/InvAction use paper 1457984382.00'.
22:56:43: CP:C17.i4.0981 has used '/InvAction use paper 1457984382.00'.
23:01:15: CP:C17.i4.0981 has used '/InvAction use paper 1457984382.00'.
23:02:03: CP:C17.i4.0981 has used '/InvAction use paper 1457984382.00'.
23:02:43: CP:C17.i4.0981 has used '/InvAction use paper 1457984382.00'.
23:03:22: CP:C17.i4.0981 has used '/InvAction use paper 1457984382.00'.
23:12:09: CP:C17.i4.0981 has used '/InvAction use paper 1457984382.00'.
23:13:09: CP:C17.i4.0981 has used '/InvAction use paper 1457984382.00'.
23:13:17: CP:C17.i4.0981 has used '/InvAction use paper 1457984382.00'.
23:13:36: CP:C17.i4.0981 has used '/InvAction use paper 1457984382.00'.
23:14:09: CP:C17.i4.0981 has used '/InvAction use paper 1457984382.00'.
23:14:31: CP:C17.i4.0981 has used '/InvAction use paper 1457984382.00'.
23:16:21: CP:C17.i4.0981 has used '/InvAction use paper 1457984382.00'.
23:16:36: CP:C17.i4.0981 has used '/InvAction use paper 1457984382.00'.
23:17:10: CP:C17.i4.0981 has used '/InvAction use paper 1457984382.00'.
23:22:30: CP:C17.i4.0981 has used '/InvAction use paper 1457984382.00'.
23:23:27: CP:C17.i4.0981 has used '/InvAction use paper 1457984382.00'.
23:46:30: SchωarzKruppzo (STEAM_0:1:44629398) has connected.
23:49:36: SchωarzKruppzo has loaded the character 'CP:C17.i4.0981'.
23:49:52: CP:C17.i4.0981 has used '/InvAction use paper 1457984382.00'.
23:50:00: CP:C17.i4.0981 has used '/Observer'.
23:50:13: CP:C17.i4.0981 has used '/Observer'.
23:50:22: CP:C17.i4.0981 has gained a Paper 1457988623.
23:50:22: CP:C17.i4.0981 has used '/CharGiveItem i4 paper'.
23:50:24: CP:C17.i4.0981 has used '/InvAction use paper 1457988623.00'.
23:50:36: CP:C17.i4.0981 has used '/InvAction use paper 1457988623.00'.
