13:03:59: Taishō Septic (STEAM_0:0:34008601) has connected.
13:11:18: Taishō Septic has loaded the character 'Andrew Karmanov'.
13:16:12: Andrew Karmanov (STEAM_0:0:34008601) has disconnected.
13:17:41: SchωarzKruppzo (STEAM_0:1:44629398) has connected.
13:18:27: Taishō Septic (STEAM_0:0:34008601) has connected.
13:21:16: SchωarzKruppzo has created a Citizen character called 'TestTestTestTestTestTestTestTestTestTestTestTest'.
13:21:16: SchωarzKruppzo has loaded the character 'TestTestTestTestTestTestTestTestTestTestTestTest'.
13:21:34: TestTestTestTestTestTestTestTestTestTestTestTest says: "plywhitelist test Metropolice Force"
13:21:37: Taishō Septic has loaded the character 'Andrew Karmanov'.
13:21:45: TestTestTestTestTestTestTestTestTestTestTestTest has used '/PlyWhitelist test Metropolice Force'.
13:21:53: TestTestTestTestTestTestTestTestTestTestTestTest has used '/PlyWhitelist test Civil Protection'.
13:23:08: Andrew Karmanov has used '/CharFallOver 0'.
13:23:18: Andrew Karmanov has used '/AnimIdle 1'.
13:24:20: SchωarzKruppzo has created a Civil Protection character called 'CP:C17.RCT.1537'.
13:24:24: SchωarzKruppzo has loaded the character 'CP:C17.RCT.1537'.
13:24:28: CP:C17.RCT.1537 has used '/Observer'.
13:24:40: CP:C17.RCT.1537 has used '/Observer'.
13:24:54: Andrew Karmanov says: "логает пиздец"
13:25:04: Andrew Karmanov says: "пинга 500"
13:25:04: CP:C17.RCT.1537 has used '/CharSetModel test models/dpfilms/metropolice/hl2concept.mdl'.
13:25:09: CP:C17.RCT.1537 has used '/CharSetModel rct models/dpfilms/metropolice/hl2concept.mdl'.
13:25:13: Andrew Karmanov says: "я не вижу че ты пишешь, я пока все вырубил"
13:25:22: Andrew Karmanov says: "выдай СА, и пошли сюда"
13:26:07: CP:C17.RCT.1537 has used '/PlySetGroup Andrew Karmanov superadmin'.
13:26:20: Andrew Karmanov has used '/Observer'.
13:26:25: Andrew Karmanov has used '/Observer'.
13:26:25: CP:C17.RCT.1537 has used '/Observer'.
13:26:31: Andrew Karmanov has used '/GetFlags'.
13:26:32: CP:C17.RCT.1537 has used '/Observer'.
13:26:40: Andrew Karmanov has spawned 'models/hunter/plates/plate5x8.mdl'.
13:26:40: Andrew Karmanov has spawned 'models/hunter/plates/plate5x8.mdl'.
13:26:42: CP:C17.RCT.1537 has used '/Observer'.
13:26:45: Andrew Karmanov has spawned 'models/hunter/plates/plate3x6.mdl'.
13:26:45: Andrew Karmanov has spawned 'models/hunter/plates/plate3x6.mdl'.
13:26:46: Andrew Karmanov has spawned 'models/hunter/plates/plate3x6.mdl'.
13:26:46: Andrew Karmanov has spawned 'models/hunter/plates/plate3x6.mdl'.
13:26:49: Andrew Karmanov has spawned 'models/hunter/plates/plate3x6.mdl'.
13:26:49: Andrew Karmanov has spawned 'models/hunter/plates/plate3x6.mdl'.
13:27:12: CP:C17.RCT.1537 has used '/Observer'.
13:27:30: Andrew Karmanov has used '/AnimIdle 1'.
13:27:33: Andrew Karmanov has used '/AnimIdle 1'.
13:27:45: [OOC] CP:C17.RCT.1537: странно что я сам лагаю на локалке)
13:27:55: [OOC] CP:C17.RCT.1537: замечаешь эти фризы?
13:29:01: Andrew Karmanov (STEAM_0:0:34008601) has disconnected.
13:29:39: CP:C17.RCT.1537 has used '/Observer'.
13:30:56: CP:C17.RCT.1537 has used '/Observer'.
13:31:40: CP:C17.RCT.1537 has used '/Observer'.
13:31:49: CP:C17.RCT.1537 has used '/Observer'.
13:32:49: Taishō Septic (STEAM_0:0:34008601) has connected.
13:35:41: CP:C17.RCT.1537 has used '/Observer'.
13:35:51: CP:C17.RCT.1537 has used '/Observer'.
13:35:52: CP:C17.RCT.1537 has used '/Observer'.
13:35:59: CP:C17.RCT.1537 has used '/Observer'.
13:40:53: SchωarzKruppzo (STEAM_0:1:44629398) has connected.
13:41:56: Taishō Septic (STEAM_0:0:34008601) has connected.
13:42:57: Legera (STEAM_0:0:70897779) has connected.
13:43:11: SchωarzKruppzo has loaded the character 'CP:C17.RCT.1537'.
13:45:36: Taishō Septic has loaded the character 'Andrew Karmanov'.
13:45:56: CP:C17.RCT.1537 has used '/Observer'.
13:46:10: Andrew Karmanov has used '/Observer'.
13:46:21: Andrew Karmanov has used '/Observer'.
13:46:30: Legera has created a Citizen character called 'test test'.
13:46:30: Legera has loaded the character 'test test'.
13:46:42: Andrew Karmanov has used '/Observer'.
13:46:44: Andrew Karmanov has used '/Observer'.
13:47:10: Andrew Karmanov has used '/Observer'.
13:47:23: CP:C17.RCT.1537 has used '/Observer'.
13:47:32: Andrew Karmanov has used '/Observer'.
13:47:40: test test says: "нихуя себе"
13:47:49: test test says: "У меня 50 фпс"
13:47:57: test test says: "Пинг"
13:48:00: test test says: "150"
13:48:03: test test says: "И провисает"
13:48:16: test test says: "Ага"
13:48:22: test test says: "lerp Желтый"
13:48:26: test test has used '/CharFallOver 2'.
13:48:29: test test says: "Нихуя"
13:48:37: test test says: "Кодеры блядь"
13:48:44: test test says: "Пофиксили фалл овер мой"
13:48:46: test test says: "Играл"
13:48:51: test test says: "Еще бхоп фикшенный"
13:48:59: Andrew Karmanov has gained a Stunstick 1457434141.
13:48:59: Andrew Karmanov has used '/CharGiveItem Andrew Stunstick'.
13:49:00: test test says: " хуй хуй"
13:49:04: Andrew Karmanov has lost a Stunstick 1457434141.
13:49:04: Andrew Karmanov has used '/InvAction use sxbase_stunstick 1457434141.00'.
13:49:08: test test has used '/AnimIdle 1'.
13:49:16: test test has taken 2 damage from Andrew Karmanov with sxbase_stunstick, leaving them at 98 health!
13:49:19: test test has taken 2 damage from Andrew Karmanov with sxbase_stunstick, leaving them at 96 health!
13:49:20: test test has taken 2 damage from Andrew Karmanov with sxbase_stunstick, leaving them at 94 health!
13:49:22: test test has taken 2 damage from Andrew Karmanov with sxbase_stunstick, leaving them at 92 health!
13:49:23: test test has taken 2 damage from Andrew Karmanov with sxbase_stunstick, leaving them at 90 health!
13:49:30: [LOOC] test test: xj
13:49:30: [LOOC] test test: xj
13:49:35: [LOOC] test test: чо
13:49:35: [LOOC] test test: чо
13:49:36: Andrew Karmanov has used '/PlyRespawnStay test'.
13:49:43: test test says: "Нихуя"
13:49:45: test test says: "Себе"
13:49:49: test test says: "Ну меня не пиздили не разу"
13:49:54: test test says: "Ибо я тру ситизен"
13:49:57: test test has taken 2 damage from Andrew Karmanov with sxbase_stunstick, leaving them at 98 health!
13:49:59: test test says: "сука"
13:54:36: SchωarzKruppzo (STEAM_0:1:44629398) has connected.
13:56:52: SchωarzKruppzo has loaded the character 'CP:C17.RCT.1537'.
13:57:06: CP:C17.RCT.1537 (STEAM_0:1:44629398) has disconnected.
14:06:36: SchωarzKruppzo (STEAM_0:1:44629398) has connected.
14:08:08: SchωarzKruppzo has loaded the character 'CP:C17.RCT.1537'.
14:08:23: CP:C17.RCT.1537 has used '/Observer'.
14:08:29: CP:C17.RCT.1537 has used '/Observer'.
14:09:45: Legera (STEAM_0:0:70897779) has connected.
14:10:58: Taishō Septic (STEAM_0:0:34008601) has connected.
14:11:06: CP:C17.RCT.1537 has used '/Observer'.
14:11:07: CP:C17.RCT.1537 has used '/Observer'.
14:11:08: CP:C17.RCT.1537 has used '/Observer'.
14:11:09: CP:C17.RCT.1537 has used '/Observer'.
14:11:23: CP:C17.i3.0981 has used '/CharSetName rct CP:C17.i3.0981'.
14:11:43: CP:C17.i3.0981 has used '/CharPhysDesc'.
14:11:56: CP:C17.i4.0981 has used '/CharSetName i3 CP:C17.i4.0981'.
14:12:12: CP:C17.i4.0981 has used '/CharGiveItem i4 weapon_pistol'.
14:12:23: CP:C17.i4.0981 has used '/CharGiveFlags i4 Gg'.
14:12:25: CP:C17.i4.0981 has used '/CharGiveItem i4 weapon_pistol'.
14:12:29: CP:C17.i4.0981 has gained a USP Match 1457435550.
14:12:29: CP:C17.i4.0981 has used '/CharGiveItem i4 usp'.
14:12:32: CP:C17.i4.0981 has lost a USP Match 1457435550.
14:12:32: CP:C17.i4.0981 has used '/InvAction use sxbase_uspmatch 1457435550.00'.
14:12:35: CP:C17.i4.0981 has lost a 9mm Pistol Bullets 1457432664.
14:12:35: CP:C17.i4.0981 has used '/InvAction use ammo_pistol 1457432664.00'.
14:12:36: CP:C17.i4.0981 has lost a 9mm Pistol Bullets 1457432663.
14:12:36: CP:C17.i4.0981 has used '/InvAction use ammo_pistol 1457432663.00'.
14:14:14: Taishō Septic has loaded the character 'Andrew Karmanov'.
14:14:37: Andrew Karmanov has used '/AnimIdle 1'.
14:14:56: [LOOC] CP:C17.i4.0981: so zvukom, ti ebanutiy?
14:14:56: [LOOC] CP:C17.i4.0981: so zvukom, ti ebanutiy?
14:16:51: Legera (STEAM_0:0:70897779) has connected.
14:17:28: CP:C17.i4.0981 has used '/AnimIdle 1'.
14:17:30: CP:C17.i4.0981 has used '/AnimIdle 1'.
14:18:45: Legera has loaded the character 'test test'.
14:18:52: Andrew Karmanov has taken 2 damage from CP:C17.i4.0981 with sxbase_stunstick, leaving them at 98 health!
14:19:13: Andrew Karmanov (STEAM_0:0:34008601) has disconnected.
14:20:03: [OOC] CP:C17.i4.0981: нет
14:20:23: [OOC] CP:C17.i4.0981: она с бекдуром работает только
14:22:13: CP:C17.i4.0981 has used '/Observer'.
14:22:21: [OOC] CP:C17.i4.0981: топором тринадцать маслят зарубил
14:22:22: CP:C17.i4.0981 has used '/Observer'.
14:22:26: CP:C17.i4.0981 has used '/Observer'.
14:22:31: CP:C17.i4.0981 has used '/Observer'.
14:23:03: test test says: "Блядт"
14:23:10: CP:C17.i4.0981 says: "<:: ТАПАРОМ ТРИНАДЦАТЬ МАСЛЯТ"
14:23:16: CP:C17.i4.0981 says: "<:: Я людей убиваю топором"
14:23:18: CP:C17.i4.0981 says: "<:: и тебя ебану"
14:23:46: test test has used '/Me достал из мусорки молоток по рп'.
14:23:57: CP:C17.i4.0981 has used '/Me ударил тапаром папробовал'.
14:24:00: CP:C17.i4.0981получил 37 из 120 с усилением 10 из-за чего выпало 47.
14:24:00: CP:C17.i4.0981 has used '/Roll'.
14:24:26: test test has used '/Me увернулся от удара тапаром и нанес комбо из 600 атака по ГО'.
14:24:29: test testполучил 67 из 100 с усилением 0 из-за чего выпало 67.
14:24:29: test test has used '/Roll 999999999'.
14:24:42: CP:C17.i4.0981 says: "<:: хуя ТЫ ФЕРЗЬ"
14:24:44: CP:C17.i4.0981 says: "<:: ААА Я УМЕР"
14:25:25: test test has used '/CharFallOver 2'.
14:25:26: test test has taken 40 damage from worldspawn, leaving them at 60 health!
14:25:40: CP:C17.i4.0981 says: "<:: ТЫ ЧО Я КОДЕР ЖЕ"
14:26:17: CP:C17.i4.0981 has gained a M40A1 1457436379.
14:26:17: CP:C17.i4.0981 has used '/CharGiveItem i4 m40'.
14:26:20: CP:C17.i4.0981 has lost a M40A1 1457436379.
14:26:20: CP:C17.i4.0981 has used '/InvAction drop sxbase_m40a1 1457436379.00'.
14:26:32: test test has gained a M40A1 1457436379.
14:26:32: test test has lost a M40A1 1457436379.
14:26:32: test test has used '/InvAction use sxbase_m40a1 1457436379'.
14:26:40: CP:C17.i4.0981 has gained a Antlion Anatomy 1457436403.
14:26:40: CP:C17.i4.0981 has used '/CharGiveItem i4 nato'.
14:26:46: CP:C17.i4.0981 has used '/CharGiveItem i4 7.76'.
14:26:49: CP:C17.i4.0981 has used '/CharGiveItem i4 7.72'.
14:26:51: CP:C17.i4.0981 has used '/CharGiveItem i4 7x72'.
14:26:54: CP:C17.i4.0981 has used '/CharGiveItem i4 7x62'.
14:27:02: CP:C17.i4.0981 says: "<:: щас аммо сек"
14:27:07: test test has used '/CharFallOver 2'.
14:27:43: CP:C17.i4.0981 has gained a 7.62x51mm Bullets 1457436467.
14:27:43: CP:C17.i4.0981 has used '/CharGiveItem i4 7.62'.
14:27:44: CP:C17.i4.0981 has gained a 7.62x51mm Bullets 1457436469.
14:27:44: CP:C17.i4.0981 has used '/CharGiveItem i4 7.62'.
14:27:45: CP:C17.i4.0981 has gained a 7.62x51mm Bullets 1457436471.
14:27:45: CP:C17.i4.0981 has used '/CharGiveItem i4 7.62'.
14:27:46: CP:C17.i4.0981 has lost a 7.62x51mm Bullets 1457436471.
14:27:46: CP:C17.i4.0981 has used '/InvAction drop ammo_545x39 1457436471.00'.
14:27:47: CP:C17.i4.0981 has lost a 7.62x51mm Bullets 1457436469.
14:27:47: CP:C17.i4.0981 has used '/InvAction drop ammo_545x39 1457436469.00'.
14:27:48: CP:C17.i4.0981 has lost a 7.62x51mm Bullets 1457436467.
14:27:48: CP:C17.i4.0981 has used '/InvAction drop ammo_545x39 1457436467.00'.
14:27:52: CP:C17.i4.0981 says: "<:: папробуй"
14:27:52: test test has gained a 7.62x51mm Bullets 1457436471.
14:27:52: test test has lost a 7.62x51mm Bullets 1457436471.
14:27:52: test test has used '/InvAction use ammo_545x39 1457436471'.
14:27:54: test test has gained a 7.62x51mm Bullets 1457436469.
14:27:54: test test has lost a 7.62x51mm Bullets 1457436469.
14:27:54: test test has used '/InvAction use ammo_545x39 1457436469'.
14:27:55: test test has gained a 7.62x51mm Bullets 1457436467.
14:27:55: test test has lost a 7.62x51mm Bullets 1457436467.
14:27:55: test test has used '/InvAction use ammo_545x39 1457436467'.
14:28:06: CP:C17.i4.0981 says: "<:: ето мое"
14:29:11: Bad Luck (4v4t4r) (STEAM_0:0:47365111) has connected.
14:30:00: test test has taken 15 damage from CP:C17.i4.0981 with sxbase_crowbar, leaving them at 85 health!
14:30:02: CP:C17.i4.0981 has taken 18 damage from test test with sxbase_m40a1, leaving them at 100 health and 132 armor!
14:30:14: CP:C17.i4.0981 has lost a Antlion Anatomy 1457436403.
14:30:14: CP:C17.i4.0981 has used '/InvAction use book_aa 1457436403.00'.
14:30:19: CP:C17.i4.0981 has gained a Antlion Anatomy 1457436626.
14:30:20: CP:C17.i4.0981 has lost a Antlion Anatomy 1457436626.
14:30:20: CP:C17.i4.0981 has used '/InvAction use book_aa 1457436626.00'.
14:30:28: test test has gained a Antlion Anatomy 1457436636.
14:30:36: test test has lost a Antlion Anatomy 1457436636.
14:30:36: test test has used '/InvAction use book_aa 1457436636.00'.
14:31:20: Taishō Septic (STEAM_0:0:34008601) has connected.
14:32:33: test test has taken 26 damage from CP:C17.i4.0981 with sxbase_crowbar, leaving them at 74 health!
14:32:38: test test has taken 20 damage from CP:C17.i4.0981 with sxbase_crowbar, leaving them at 56 health!
14:32:39: test test has taken 20 damage from CP:C17.i4.0981 with sxbase_crowbar, leaving them at 36 health!
14:32:39: test test has taken 29 damage from CP:C17.i4.0981 with sxbase_crowbar, leaving them at 7 health!
14:32:42: test test has used '/CharFallOver 2'.
14:32:44: test test has lost a M40A1 1457436379.
14:32:44: CP:C17.i4.0981 has dealt 13 damage to test test with sxbase_crowbar, killing them!
14:32:49: test test has used '/ACD'.
14:33:24: CP:C17.i4.0981 has lost a USP Match 1457435550.
14:33:24: worldspawn has dealt 146 damage to CP:C17.i4.0981, killing them!
14:33:27: test test has used '/CharFallOver 2'.
14:33:29: CP:C17.i4.0981 has gained a 9mm Pistol Bullets 1457436818.
14:33:29: CP:C17.i4.0981 has gained a 9mm Pistol Bullets 1457436819.
14:33:29: CP:C17.i4.0981 has used '/ACD'.
14:33:36: test test has used '/StorageClose'.
14:33:39: test test has used '/StorageClose'.
14:33:43: test test has used '/StorageClose'.
14:33:46: test test has used '/StorageClose'.
14:33:52: Taishō Septic has loaded the character 'Andrew Karmanov'.
14:33:58: CP:C17.i4.0981 has gained a 7.62x51mm Bullets 1457436849.
14:33:58: CP:C17.i4.0981 has used '/CharGiveItem i4 7.62'.
14:34:00: CP:C17.i4.0981 has gained a 7.62x51mm Bullets 1457436852.
14:34:00: CP:C17.i4.0981 has used '/CharGiveItem i4 7.62'.
14:34:00: CP:C17.i4.0981 has gained a 7.62x51mm Bullets 1457436853.
14:34:00: CP:C17.i4.0981 has used '/CharGiveItem i4 7.62'.
14:34:09: CP:C17.i4.0981 has gained a M40A1 1457436863.
14:34:09: CP:C17.i4.0981 has used '/CharGiveItem i4 m40'.
14:34:11: CP:C17.i4.0981 has gained a USP Match 1457436866.
14:34:11: CP:C17.i4.0981 has used '/CharGiveItem i4 usp'.
14:34:14: CP:C17.i4.0981 has lost a USP Match 1457436866.
14:34:14: CP:C17.i4.0981 has used '/InvAction use sxbase_uspmatch 1457436866.00'.
14:34:16: CP:C17.i4.0981 has lost a M40A1 1457436863.
14:34:16: CP:C17.i4.0981 has used '/InvAction use sxbase_m40a1 1457436863.00'.
14:34:22: Andrew Karmanov has used '/PlyTp test'.
14:34:23: Andrew Karmanov has used '/PlyTp rct'.
14:34:26: CP:C17.i4.0981 has lost a M40A1 1457436863.
14:34:31: CP:C17.i4.0981 has used '/InvAction use ammo_545x39 1457436853.00'.
14:34:31: Andrew Karmanov has used '/PlyTp i4'.
14:34:31: Bad Luck (4v4t4r) has created a Citizen character called 'Aaron Marshall'.
14:34:31: Bad Luck (4v4t4r) has loaded the character 'Aaron Marshall'.
14:34:34: CP:C17.i4.0981 has lost a 9mm Pistol Bullets 1457436819.
14:34:34: CP:C17.i4.0981 has used '/InvAction use ammo_pistol 1457436819.00'.
14:34:35: CP:C17.i4.0981 has lost a 9mm Pistol Bullets 1457436818.
14:34:35: CP:C17.i4.0981 has used '/InvAction use ammo_pistol 1457436818.00'.
14:34:42: Andrew Karmanov has used '/AnimIdle 1'.
14:34:43: test test has used '/AnimIdle 1'.
14:34:52: Andrew Karmanov has used '/AnimLean Normal'.
14:34:54: Andrew Karmanov has used '/AnimIdle 1'.
14:34:56: Andrew Karmanov has used '/AnimIdle 1'.
14:34:56: Andrew Karmanov has used '/AnimIdle 1'.
14:34:59: test test has used '/AnimIdle 1'.
14:35:20: test test has used '/CharFallOver 2'.
14:35:21: Andrew Karmanov has used '/AnimIdle 1'.
14:35:22: Andrew Karmanov has used '/AnimIdle 1'.
14:35:27: Andrew Karmanov has used '/PlyTp aaron'.
14:35:33: test test has used '/CharFallOver 2'.
14:35:39: Aaron Marshall says: "еби меня"
14:35:53: test test has used '/AnimPant'.
14:35:59: test test has used '/AnimPantWall'.
14:36:06: Aaron Marshall has used '/AnimIdle 1'.
14:36:13: test test has used '/AnimLean Normal'.
14:36:22: test test has used '/AnimLean Normal'.
14:36:29: Andrew Karmanov has used '/AnimIdle 1'.
14:36:30: Andrew Karmanov has used '/AnimIdle 1'.
14:38:13: Aaron Marshall has used '/Y СЛАВА УКРАИНЕ'.
14:38:47: CP:C17.i4.0981 has used '/AnimIdle 1'.
14:39:30: CP:C17.i4.0981 has gained a USP Match 1457437187.
14:39:30: CP:C17.i4.0981 has used '/CharGiveItem i4 usp'.
14:40:16: Andrew Karmanov has used '/CharSetModel test models/metropolice/leet_police_v2.mdl'.
14:40:24: Andrew Karmanov has used '/CharSetModel Aaron models/metropolice/cmd_police_v2.mdl'.
14:40:39: Aaron Marshall has used '/CharFallOver'.
14:40:41: Aaron Marshall has used '/CharGetUp'.
14:40:59: Andrew Karmanov has used '/PlyWhitelist test test Civil Protection'.
14:41:03: Andrew Karmanov has used '/PlyWhitelist Aaron Marshall Civil Protection'.
14:41:17: CP:C17.RCT.3055 has gained a 9mm Pistol Bullets 1457437295.
14:41:17: CP:C17.RCT.3055 has gained a 9mm Pistol Bullets 1457437296.
14:41:17: Andrew Karmanov has used '/CharTransfer Aaron Civil Protection'.
14:41:28: CP:C17.RCT.9666 has gained a 9mm Pistol Bullets 1457437308.
14:41:28: CP:C17.RCT.9666 has gained a 9mm Pistol Bullets 1457437309.
14:41:28: Andrew Karmanov has used '/CharTransfer Test Civil Protection'.
14:42:03: [LOOC] CP:C17.i4.0981: Соси мой
14:42:03: [LOOC] CP:C17.i4.0981: Соси мой
14:42:12: [LOOC] CP:C17.i4.0981: E + R
14:42:12: [LOOC] CP:C17.i4.0981: E + R
14:43:03: Andrew Karmanov has used '/CharSetModel 666 models/metropolice/cmd_police_v2.mdl'.
14:43:33: CP:C17.i4.0981 says: "<:: перереспанись"
14:43:38: Bad Luck (4v4t4r) (STEAM_0:0:47365111) has connected.
14:43:45: Andrew Karmanov has used '/PlyRespawnStay 666'.
14:44:42: Bad Luck (4v4t4r) has loaded the character 'CP:C17.RCT.3055'.
14:45:00: Andrew Karmanov has used '/PlyTp 055'.
14:45:12: Andrew Karmanov has used '/CharSetModel 055 models/metropolice/eliteshockcp_v2.mdl'.
14:45:20: Andrew Karmanov has used '/PlyRespawnStay 055'.
14:46:18: CP:C17.RCT.9666 has used '/AnimThreat 1'.
14:46:21: CP:C17.RCT.3055 has used '/AnimLean Normal'.
14:48:15: CP:C17.RCT.9666 has used '/AnimThreat 1'.
14:49:17: CP:C17.RCT.9666 has used '/AnimThreat 1'.
14:49:29: CP:C17.i4.0981 says: "<:: r девочкам не ставайте ближе"
14:49:45: CP:C17.RCT.3055 has used '/AnimLean Normal'.
14:50:19: CP:C17.RCT.9666 has used '/AnimThreat 1'.
14:50:25: CP:C17.i4.0981 says: "<:: раздвинул)"
14:50:29: CP:C17.RCT.3055 says: "<:: )"
14:51:21: CP:C17.RCT.9666 has used '/AnimThreat 1'.
14:51:39: Andrew Karmanov has taken 4 damage from CP:C17.RCT.3055 with sxbase_stunstick, leaving them at 96 health!
14:51:40: Andrew Karmanov has taken 2 damage from CP:C17.RCT.9666 with sxbase_stunstick, leaving them at 94 health!
14:51:40: Andrew Karmanov has taken 4 damage from CP:C17.RCT.3055 with sxbase_stunstick, leaving them at 90 health!
14:51:41: Andrew Karmanov has taken 2 damage from CP:C17.RCT.9666 with sxbase_stunstick, leaving them at 88 health!
14:51:42: Andrew Karmanov has taken 2 damage from CP:C17.RCT.3055 with sxbase_stunstick, leaving them at 86 health!
14:51:42: Andrew Karmanov has taken 1 damage from CP:C17.i4.0981 with sxbase_stunstick, leaving them at 85 health!
14:51:42: Andrew Karmanov has taken 1 damage from CP:C17.RCT.9666 with sxbase_stunstick, leaving them at 84 health!
14:51:43: Andrew Karmanov has taken 4 damage from CP:C17.RCT.3055 with sxbase_stunstick, leaving them at 80 health!
14:51:43: Andrew Karmanov has taken 1 damage from CP:C17.i4.0981 with sxbase_stunstick, leaving them at 79 health!
14:51:44: Andrew Karmanov has taken 1 damage from CP:C17.RCT.9666 with sxbase_stunstick, leaving them at 78 health!
14:51:44: Andrew Karmanov has taken 4 damage from CP:C17.RCT.3055 with sxbase_stunstick, leaving them at 74 health!
14:51:44: Andrew Karmanov has taken 2 damage from CP:C17.i4.0981 with sxbase_stunstick, leaving them at 72 health!
14:51:45: Andrew Karmanov has taken 2 damage from CP:C17.RCT.9666 with sxbase_stunstick, leaving them at 72 health!
14:51:45: Andrew Karmanov has taken 2 damage from CP:C17.i4.0981 with sxbase_stunstick, leaving them at 70 health!
14:51:46: Andrew Karmanov has taken 5 damage from CP:C17.RCT.3055 with sxbase_stunstick, leaving them at 65 health!
14:51:46: Andrew Karmanov has taken 2 damage from CP:C17.i4.0981 with sxbase_stunstick, leaving them at 63 health!
14:51:47: Andrew Karmanov has taken 3 damage from CP:C17.RCT.3055 with sxbase_stunstick, leaving them at 60 health!
14:51:47: Andrew Karmanov has taken 3 damage from CP:C17.RCT.9666 with sxbase_stunstick, leaving them at 57 health!
14:51:47: Andrew Karmanov has taken 2 damage from CP:C17.i4.0981 with sxbase_stunstick, leaving them at 55 health!
14:51:48: Andrew Karmanov has taken 3 damage from CP:C17.RCT.3055 with sxbase_stunstick, leaving them at 52 health!
14:51:48: Andrew Karmanov has taken 3 damage from CP:C17.RCT.9666 with sxbase_stunstick, leaving them at 49 health!
14:51:49: Andrew Karmanov has taken 2 damage from CP:C17.i4.0981 with sxbase_stunstick, leaving them at 47 health!
14:51:49: Andrew Karmanov has taken 3 damage from CP:C17.RCT.3055 with sxbase_stunstick, leaving them at 44 health!
14:51:49: Andrew Karmanov has taken 3 damage from CP:C17.RCT.9666 with sxbase_stunstick, leaving them at 41 health!
14:51:50: Andrew Karmanov has taken 2 damage from CP:C17.i4.0981 with sxbase_stunstick, leaving them at 39 health!
14:51:50: Andrew Karmanov has taken 3 damage from CP:C17.RCT.3055 with sxbase_stunstick, leaving them at 36 health!
14:51:50: Andrew Karmanov has taken 3 damage from CP:C17.RCT.9666 with sxbase_stunstick, leaving them at 33 health!
14:51:51: CP:C17.RCT.3055 has taken 2 damage from CP:C17.i4.0981 with sxbase_stunstick, leaving them at 100 health and 148 armor!
14:51:51: Andrew Karmanov has taken 2 damage from CP:C17.RCT.9666 with sxbase_stunstick, leaving them at 33 health!
14:51:52: CP:C17.RCT.3055 has taken 2 damage from CP:C17.i4.0981 with sxbase_stunstick, leaving them at 100 health and 145 armor!
14:51:52: CP:C17.i4.0981 has taken 2 damage from CP:C17.RCT.3055 with sxbase_stunstick, leaving them at 100 health and 148 armor!
14:51:52: CP:C17.i4.0981 has taken 1 damage from CP:C17.RCT.9666 with sxbase_stunstick, leaving them at 100 health and 146 armor!
14:51:53: CP:C17.RCT.3055 has taken 2 damage from CP:C17.i4.0981 with sxbase_stunstick, leaving them at 100 health and 142 armor!
14:51:53: CP:C17.i4.0981 has taken 2 damage from CP:C17.RCT.3055 with sxbase_stunstick, leaving them at 100 health and 143 armor!
14:51:53: CP:C17.i4.0981 has taken 1 damage from CP:C17.RCT.9666 with sxbase_stunstick, leaving them at 100 health and 141 armor!
14:51:55: CP:C17.i4.0981 has taken 2 damage from CP:C17.RCT.9666 with sxbase_stunstick, leaving them at 100 health and 138 armor!
14:51:55: CP:C17.i4.0981 has taken 4 damage from CP:C17.RCT.3055 with sxbase_stunstick, leaving them at 100 health and 134 armor!
14:51:56: CP:C17.i4.0981 has taken 2 damage from CP:C17.RCT.9666 with sxbase_stunstick, leaving them at 100 health and 132 armor!
14:51:57: CP:C17.i4.0981 has taken 2 damage from CP:C17.RCT.9666 with sxbase_stunstick, leaving them at 100 health and 130 armor!
14:51:57: CP:C17.RCT.9666 has taken 4 damage from CP:C17.RCT.3055 with sxbase_stunstick, leaving them at 100 health and 146 armor!
14:51:58: CP:C17.i4.0981 has taken 2 damage from CP:C17.RCT.9666 with sxbase_stunstick, leaving them at 100 health and 128 armor!
14:51:58: CP:C17.RCT.9666 has taken 4 damage from CP:C17.RCT.3055 with sxbase_stunstick, leaving them at 100 health and 141 armor!
14:51:59: CP:C17.RCT.3055 has taken 2 damage from CP:C17.RCT.9666 with sxbase_stunstick, leaving them at 100 health and 139 armor!
14:51:59: CP:C17.RCT.9666 has taken 4 damage from CP:C17.RCT.3055 with sxbase_stunstick, leaving them at 100 health and 136 armor!
14:52:03: CP:C17.RCT.9666 has taken 4 damage from CP:C17.RCT.3055 with sxbase_stunstick, leaving them at 100 health and 131 armor!
14:52:03: CP:C17.RCT.3055 has taken 2 damage from CP:C17.RCT.9666 with sxbase_stunstick, leaving them at 100 health and 136 armor!
14:52:05: CP:C17.RCT.9666 has taken 4 damage from CP:C17.RCT.3055 with sxbase_stunstick, leaving them at 100 health and 126 armor!
14:52:05: CP:C17.RCT.9666 has taken 4 damage from CP:C17.RCT.3055 with sxbase_stunstick, leaving them at 100 health and 121 armor!
14:52:06: CP:C17.RCT.9666 has taken 4 damage from CP:C17.RCT.3055 with sxbase_stunstick, leaving them at 100 health and 116 armor!
14:52:11: CP:C17.RCT.9666 has used '/ACD'.
14:52:13: CP:C17.RCT.9666 has used '/ACD'.
14:53:00: [OOC] CP:C17.RCT.9666: СУКА АДМИНЫ ЧО ЗА ХУЙНЯ МЕНЯ БЛЯДЬ ГО СУКА УБИВАЕТ НАУЙ ПОМЕН АХУЙН СУКА ИДИ НАХУЙ ПИДРАСА Я ДОБЬЮС ЧТОВЫй
14:53:12: [OOC] CP:C17.i4.0981: вас приветствует БИБОРАН СЕРВЕР | МНОГО ПУШЕК [Быстрая загрузка]
14:53:27: CP:C17.RCT.3055 has used '/Y apply'.
14:53:33: CP:C17.RCT.9666 has used '/Y apply'.
14:53:35: Andrew Karmanov has taken 2 damage from CP:C17.i4.0981 with sxbase_stunstick, leaving them at 49 health!
14:53:35: CP:C17.RCT.3055 has used '/Y apply'.
14:53:36: CP:C17.RCT.3055 has used '/Y apply'.
14:53:45: [OOC] CP:C17.i4.0981: вас приветствует БИБОРАН СЕРВЕР | МНОГО ПУШЕК [Быстрая загрузка]
14:53:45: [OOC] CP:C17.i4.0981: вас приветствует БИБОРАН СЕРВЕР | МНОГО ПУШЕК [Быстрая загрузка]
14:53:46: [OOC] CP:C17.i4.0981: вас приветствует БИБОРАН СЕРВЕР | МНОГО ПУШЕК [Быстрая загрузка]
14:53:46: [OOC] CP:C17.i4.0981: вас приветствует БИБОРАН СЕРВЕР | МНОГО ПУШЕК [Быстрая загрузка]
14:53:47: [OOC] CP:C17.i4.0981: вас приветствует БИБОРАН СЕРВЕР | МНОГО ПУШЕК [Быстрая загрузка]
14:53:55: Andrew Karmanov has used '/CharSetHealth Andrew 100'.
14:54:41: Andrew Karmanov has used '/AnimIdle 1'.
14:54:51: CP:C17.i4.0981 has used '/CharSetModel i4 models/dpfilms/metropolice/hdpolice.mdl'.
14:55:18: CP:C17.i4.0981 says: "<:: ты же можешь взять мои ашди"
14:55:19: CP:C17.i4.0981 says: "<:: ты же можешь взять мои ашди"
14:55:20: CP:C17.i4.0981 says: "<:: ты же можешь взять мои ашди"
14:55:21: CP:C17.i4.0981 says: "<:: ты же можешь взять мои ашди"
14:55:22: CP:C17.i4.0981 says: "<:: ты же можешь взять мои ашди"
14:55:23: CP:C17.i4.0981 says: "<:: ты же можешь взять мои ашди"
14:55:29: [LOOC] CP:C17.i4.0981: читай стим
14:55:29: [LOOC] CP:C17.i4.0981: читай стим
14:57:05: CP:C17.i4.0981 says: "<:: у меня нет пистолета"
14:57:12: CP:C17.i4.0981 says: "<:: нет"
14:57:22: CP:C17.i4.0981 has used '/InvAction drop sxbase_uspmatch 1457437187.00'.
14:57:24: CP:C17.i4.0981 has lost a USP Match 1457437187.
14:57:24: CP:C17.i4.0981 has used '/InvAction drop sxbase_uspmatch 1457437187.00'.
14:57:37: Andrew Karmanov has used '/Observer'.
14:57:43: CP:C17.i4.0981 has lost a USP Match 1457436866.
14:57:57: CP:C17.RCT.3055 has used '/AdminHelp au pidori'.
14:58:03: CP:C17.RCT.9666 has gained a USP Match 1457436866.
14:58:03: CP:C17.RCT.9666 has lost a USP Match 1457436866.
14:58:03: CP:C17.RCT.9666 has used '/InvAction use sxbase_uspmatch 1457436866'.
14:58:10: Andrew Karmanov has used '/Observer'.
14:58:32: CP:C17.i4.0981 has dealt 158 damage to Andrew Karmanov with weapon_smg1, killing them!
14:58:40: CP:C17.RCT.9666 has taken 2 damage from CP:C17.i4.0981 with sxbase_stunstick, leaving them at 100 health and 113 armor!
14:58:42: Andrew Karmanov has used '/PlyRespawnStay Andrew'.
14:58:54: CP:C17.RCT.9666 has used '/StorageClose'.
14:58:56: CP:C17.RCT.9666 has lost a 9mm Pistol Bullets 1457437308.
14:58:56: CP:C17.RCT.9666 has used '/StorageGiveItem ammo_pistol 1457437308.00'.
14:58:56: CP:C17.RCT.9666 has lost a 9mm Pistol Bullets 1457437309.
14:58:56: CP:C17.RCT.9666 has used '/StorageGiveItem ammo_pistol 1457437309.00'.
14:58:57: Andrew Karmanov has used '/PlyTp 055'.
14:58:59: CP:C17.RCT.9666 has gained a 9mm Pistol Bullets 1457437308.
14:58:59: CP:C17.RCT.9666 has used '/StorageTakeItem ammo_pistol 1457437308.00'.
14:58:59: CP:C17.RCT.9666 has gained a 9mm Pistol Bullets 1457437309.
14:58:59: CP:C17.RCT.9666 has used '/StorageTakeItem ammo_pistol 1457437309.00'.
14:59:00: CP:C17.RCT.9666 has used '/StorageClose'.
14:59:04: CP:C17.RCT.3055 has gained a USP Match 1457437187.
14:59:04: CP:C17.RCT.3055 has lost a USP Match 1457437187.
14:59:04: CP:C17.RCT.3055 has used '/InvAction use sxbase_uspmatch 1457437187'.
14:59:05: CP:C17.RCT.9666 has lost a 9mm Pistol Bullets 1457437308.
14:59:05: CP:C17.RCT.9666 has used '/InvAction use ammo_pistol 1457437308.00'.
14:59:07: CP:C17.RCT.9666 has lost a 9mm Pistol Bullets 1457437309.
14:59:07: CP:C17.RCT.9666 has used '/InvAction use ammo_pistol 1457437309.00'.
14:59:08: CP:C17.RCT.3055 has lost a 9mm Pistol Bullets 1457437295.
14:59:08: CP:C17.RCT.3055 has used '/InvAction use ammo_pistol 1457437295.00'.
14:59:09: CP:C17.RCT.3055 has lost a 9mm Pistol Bullets 1457437296.
14:59:09: CP:C17.RCT.3055 has used '/InvAction use ammo_pistol 1457437296.00'.
14:59:46: Andrew Karmanov has used '/AnimIdle 1'.
14:59:50: Andrew Karmanov has taken 1 damage from CP:C17.i4.0981 with sxbase_stunstick, leaving them at 99 health!
14:59:51: Andrew Karmanov has taken 1 damage from CP:C17.i4.0981 with sxbase_stunstick, leaving them at 98 health!
14:59:53: Andrew Karmanov has taken 1 damage from CP:C17.i4.0981 with sxbase_stunstick, leaving them at 97 health!
14:59:55: Andrew Karmanov has taken 1 damage from CP:C17.i4.0981 with sxbase_stunstick, leaving them at 96 health!
14:59:56: Andrew Karmanov has taken 1 damage from CP:C17.i4.0981 with sxbase_stunstick, leaving them at 95 health!
15:00:00: Andrew Karmanov has taken 1 damage from CP:C17.i4.0981 with sxbase_stunstick, leaving them at 96 health!
15:00:01: Andrew Karmanov has taken 1 damage from CP:C17.i4.0981 with sxbase_stunstick, leaving them at 95 health!
15:00:03: Andrew Karmanov has taken 1 damage from CP:C17.i4.0981 with sxbase_stunstick, leaving them at 94 health!
15:00:05: Andrew Karmanov has taken 1 damage from CP:C17.i4.0981 with sxbase_stunstick, leaving them at 95 health!
15:00:06: Andrew Karmanov has taken 1 damage from CP:C17.i4.0981 with sxbase_stunstick, leaving them at 94 health!
15:00:09: Andrew Karmanov has taken 1 damage from CP:C17.i4.0981 with sxbase_stunstick, leaving them at 93 health!
15:00:11: Andrew Karmanov has taken 1 damage from CP:C17.i4.0981 with sxbase_stunstick, leaving them at 94 health!
15:00:12: Andrew Karmanov has taken 1 damage from CP:C17.i4.0981 with sxbase_stunstick, leaving them at 93 health!
15:00:14: Andrew Karmanov has taken 1 damage from CP:C17.i4.0981 with sxbase_stunstick, leaving them at 92 health!
15:00:15: Andrew Karmanov has taken 1 damage from CP:C17.i4.0981 with sxbase_stunstick, leaving them at 93 health!
15:00:16: Andrew Karmanov has taken 5 damage from CP:C17.i4.0981 with sxbase_stunstick, leaving them at 88 health!
15:00:23: Andrew Karmanov has taken 14 damage from CP:C17.RCT.3055 with sxbase_uspmatch, leaving them at 76 health!
15:00:28: Andrew Karmanov has taken 14 damage from CP:C17.RCT.3055 with sxbase_uspmatch, leaving them at 64 health!
15:00:29: Andrew Karmanov has taken 14 damage from CP:C17.RCT.3055 with sxbase_uspmatch, leaving them at 50 health!
15:00:41: CP:C17.RCT.3055 has lost a USP Match 1457437187.
15:00:41: CP:C17.i4.0981 has dealt 830 damage to CP:C17.RCT.3055 with sxbase_m40a1, killing them!
15:00:45: CP:C17.RCT.3055 has gained a 9mm Pistol Bullets 1457438467.
15:00:45: CP:C17.RCT.3055 has gained a 9mm Pistol Bullets 1457438468.
15:00:45: CP:C17.RCT.3055 has used '/ACD'.
15:00:46: CP:C17.RCT.9666 has taken 144 damage from CP:C17.i4.0981 with sxbase_m40a1, leaving them at 68 health!
15:00:49: CP:C17.RCT.9666 has taken 27 damage from CP:C17.i4.0981 with sxbase_m40a1, leaving them at 41 health!
15:00:49: CP:C17.RCT.9666 has taken 14 damage from CP:C17.i4.0981 with sxbase_m40a1, leaving them at 27 health!
15:00:52: CP:C17.RCT.9666 has lost a USP Match 1457436866.
15:00:52: CP:C17.i4.0981 has dealt 144 damage to CP:C17.RCT.9666 with sxbase_m40a1, killing them!
15:00:58: CP:C17.RCT.9666 has gained a 9mm Pistol Bullets 1457438482.
15:00:58: CP:C17.RCT.9666 has gained a 9mm Pistol Bullets 1457438483.
15:00:58: CP:C17.RCT.9666 has used '/ACD'.
15:01:15: CP:C17.i4.0981 has used '/StorageClose'.
15:01:30: CP:C17.RCT.9666 has gained a USP Match 1457436866.
15:01:30: CP:C17.RCT.9666 has lost a USP Match 1457436866.
15:01:30: CP:C17.RCT.9666 has used '/InvAction use sxbase_uspmatch 1457436866'.
15:01:46: worldspawn has dealt 146 damage to CP:C17.i4.0981, killing them!
15:01:52: CP:C17.i4.0981 has gained a 9mm Pistol Bullets 1457438538.
15:01:52: CP:C17.i4.0981 has gained a 9mm Pistol Bullets 1457438539.
15:01:52: CP:C17.i4.0981 has used '/ACD'.
15:01:56: CP:C17.RCT.9666 has used '/Y Нееееет!'.
15:01:59: CP:C17.i4.0981 has used '/Observer'.
15:01:59: CP:C17.i4.0981 has used '/Observer'.
15:02:00: CP:C17.i4.0981 has used '/Observer'.
15:02:02: CP:C17.RCT.9666 has used '/r Нееееет!'.
15:02:15: CP:C17.i4.0981 has used '/Observer'.
15:02:17: CP:C17.RCT.9666 has used '/StorageClose'.
15:04:34: Bad Luck (4v4t4r) has created a Civil Protection character called 'CP:C17.RCT.7075'.
15:04:38: Bad Luck (4v4t4r) has loaded the character 'CP:C17.RCT.7075'.
15:04:43: Bad Luck (4v4t4r) has deleted the character 'CP:C17.RCT.3055'.
15:04:57: CP:C17.RCT.9666 has used '/r Сука'.
15:04:58: [OOC] CP:C17.i4.0981: я ее не заливал еще
15:05:00: [OOC] CP:C17.i4.0981: фикшеную
15:05:00: CP:C17.RCT.9666 has used '/r ты чо'.
15:05:16: CP:C17.RCT.9666 has used '/CharFallOver 2'.
15:05:20: CP:C17.i4.0981 has used '/RequestAnswerAll Piderasi'.
15:05:33: CP:C17.RCT.9666 has used '/CharFallOver 2'.
15:05:42: CP:C17.RCT.9666 has used '/CharFallOver 2'.
15:05:50: CP:C17.RCT.9666 has gained a M40A1 1457436863.
15:05:50: CP:C17.RCT.9666 has lost a M40A1 1457436863.
15:05:50: CP:C17.RCT.9666 has used '/InvAction use sxbase_m40a1 1457436863'.
15:05:56: CP:C17.RCT.7075 has used '/misrequest'.
15:06:02: CP:C17.RCT.9666 has used '/r Хуй тебе'.
15:06:03: CP:C17.i4.0981 has used '/r /request* там чуваки бомбили изза этого я их по реквест девайсу пробивал координаты'.
15:06:16: CP:C17.RCT.7075 has used '/Request GG WP'.
15:06:20: CP:C17.i4.0981 has used '/r [[ орали типо ВЫ ПО РП НЕ МОЖЕТЕ НАС НАЙТИ МЫ В КОНАЛИЗАЦИИ'.
15:06:30: CP:C17.i4.0981 has used '/RequestSignal'.
15:06:50: [LOOC] CP:C17.i4.0981: ты от первого лица?
15:06:50: [LOOC] CP:C17.i4.0981: ты от первого лица?
15:07:06: CP:C17.i4.0981 says: "<:: хз это буг"
15:07:08: CP:C17.i4.0981 says: "<:: временный"
15:07:16: CP:C17.i4.0981 has gained a Request Device 1457438867.
15:07:16: CP:C17.i4.0981 has used '/CharGiveItem i4 request_device'.
15:07:48: CP:C17.i4.0981 has used '/RequestSignal'.
15:08:15: CP:C17.RCT.9666 says: "<:: Ты хуй"
15:08:20: CP:C17.i4.0981 has used '/RequestAnswer отправка мемосов гражданам'.
15:08:23: CP:C17.RCT.9666 says: "<:: ахаха"
15:08:26: CP:C17.i4.0981 has used '/RequestAnswer 554 отправка мемосов гражданам'.
15:08:32: CP:C17.RCT.9666 says: "<:: ты блядь только прикидываешься гопником"
15:08:34: CP:C17.RCT.9666 says: "<:: лох)"
15:08:36: CP:C17.i4.0981 has used '/RequestAnswerAll отправка мемосов гражданам'.
15:08:53: CP:C17.i4.0981 says: "<:: не"
15:08:53: CP:C17.RCT.9666 has lost a 9mm Pistol Bullets 1457438482.
15:08:53: CP:C17.RCT.9666 has used '/InvAction use ammo_pistol 1457438482.00'.
15:08:55: CP:C17.RCT.9666 has used '/InvAction use ammo_pistol 1457438482.00'.
15:08:58: CP:C17.i4.0981 says: "<:: только тем у кого реквест девайс"
15:09:04: CP:C17.RCT.9666 has lost a 9mm Pistol Bullets 1457438483.
15:09:04: CP:C17.RCT.9666 has used '/InvAction use ammo_pistol 1457438483.00'.
15:09:19: CP:C17.RCT.7075 has used '/RequestAnswerAll VAM PIZDA'.
15:09:59: [LOOC] CP:C17.i4.0981: а я еще скоро прикручу свежую версию гошников
15:09:59: [LOOC] CP:C17.i4.0981: а я еще скоро прикручу свежую версию гошников
15:10:10: [LOOC] CP:C17.i4.0981: и там будут чемоданы с формами и повязками
15:10:10: [LOOC] CP:C17.i4.0981: и там будут чемоданы с формами и повязками
15:10:18: CP:C17.i4.0981 says: "<:: рангами"
15:13:18: CP:C17.RCT.7075 has taken 4 damage from CP:C17.RCT.9666 with sxbase_uspmatch, leaving them at 100 health and 146 armor!
15:13:24: CP:C17.RCT.9666 has taken 4 damage from CP:C17.RCT.7075 with sxbase_stunstick, leaving them at 100 health and 146 armor!
15:13:40: CP:C17.RCT.9666 says: "<:: братан"
15:13:42: CP:C17.RCT.9666 says: "<:: я умираю"
15:13:46: CP:C17.RCT.9666 says: "<:: вазьми мой писталет"
15:13:52: CP:C17.RCT.9666 has lost a USP Match 1457436866.
15:14:21: CP:C17.RCT.9666 has taken 4 damage from CP:C17.RCT.7075 with sxbase_stunstick, leaving them at 100 health and 141 armor!
15:14:22: CP:C17.RCT.9666 has taken 4 damage from CP:C17.RCT.7075 with sxbase_stunstick, leaving them at 100 health and 136 armor!
15:14:27: CP:C17.RCT.7075 has gained a USP Match 1457436866.
15:14:27: CP:C17.RCT.7075 has lost a USP Match 1457436866.
15:14:27: CP:C17.RCT.7075 has used '/InvAction use sxbase_uspmatch 1457436866'.
15:15:29: CP:C17.RCT.7075 has taken 23 damage from CP:C17.i4.0981 with sxbase_fireaxe, leaving them at 100 health and 122 armor!
15:15:30: CP:C17.RCT.7075 has taken 23 damage from CP:C17.i4.0981 with sxbase_fireaxe, leaving them at 100 health and 98 armor!
15:15:31: CP:C17.RCT.7075 has taken 23 damage from CP:C17.i4.0981 with sxbase_fireaxe, leaving them at 100 health and 74 armor!
15:15:32: CP:C17.RCT.7075 has taken 23 damage from CP:C17.i4.0981 with sxbase_fireaxe, leaving them at 100 health and 50 armor!
15:15:34: CP:C17.RCT.9666 has taken 45 damage from CP:C17.i4.0981 with sxbase_fireaxe, leaving them at 100 health and 90 armor!
15:16:35: CP:C17.RCT.7075 has taken 15 damage from CP:C17.i4.0981 with sxbase_fireaxe, leaving them at 100 health and 34 armor!
15:19:01: Andrew Karmanov (STEAM_0:0:34008601) has disconnected.
15:19:34: CP:C17.i4.0981 says: "<:: включи предыдущую"
15:19:38: CP:C17.i4.0981 says: "<:: которая закачаешься типо"
15:19:40: CP:C17.RCT.7075 says: "<:: мяу?"
15:19:42: CP:C17.i4.0981 says: "<:: lf"
15:19:43: CP:C17.i4.0981 says: "<:: da"
15:19:46: CP:C17.i4.0981 says: "<:: МЯУМЯУМЯУМЯУ"
15:19:58: CP:C17.i4.0981 says: "<:: стой"
15:19:59: CP:C17.i4.0981 says: "<:: стой"
15:20:03: CP:C17.i4.0981 says: "<:: выключи щас на секунду"
15:20:18: CP:C17.RCT.7075 says: "<:: tak?"
15:20:28: CP:C17.i4.0981 says: "<:: погоди секунду я разрешение сменю"
15:22:52: CP:C17.RCT.7075 has used '/AnimLean Normal'.
15:25:04: CP:C17.RCT.7075 says: "<:: еще брат7"
15:25:07: CP:C17.i4.0981 says: "<:: da"
15:25:51: CP:C17.RCT.7075 has taken 15 damage from CP:C17.i4.0981 with sxbase_fireaxe, leaving them at 100 health and 18 armor!
15:25:52: CP:C17.RCT.7075 has taken 15 damage from CP:C17.i4.0981 with sxbase_fireaxe, leaving them at 100 health and 2 armor!
15:25:53: CP:C17.RCT.7075 has taken 15 damage from CP:C17.i4.0981 with sxbase_fireaxe, leaving them at 86 health!
15:25:54: CP:C17.RCT.7075 has taken 15 damage from CP:C17.i4.0981 with sxbase_fireaxe, leaving them at 71 health!
15:25:54: CP:C17.RCT.7075 has taken 15 damage from CP:C17.i4.0981 with sxbase_fireaxe, leaving them at 56 health!
15:25:57: CP:C17.RCT.7075 has taken 15 damage from CP:C17.i4.0981 with sxbase_fireaxe, leaving them at 41 health!
15:25:58: CP:C17.RCT.7075 has taken 15 damage from CP:C17.i4.0981 with sxbase_fireaxe, leaving them at 26 health!
15:25:59: CP:C17.RCT.7075 has taken 15 damage from CP:C17.i4.0981 with sxbase_fireaxe, leaving them at 11 health!
15:26:00: CP:C17.RCT.7075 has lost a USP Match 1457436866.
15:26:00: CP:C17.i4.0981 has dealt 15 damage to CP:C17.RCT.7075 with sxbase_fireaxe, killing them!
15:26:11: CP:C17.RCT.7075 has used '/ACD'.
15:26:39: CP:C17.i4.0981 has used '/PlyBring 4v4'.
15:26:47: [OOC] CP:C17.i4.0981: ЩА)
15:31:46: CP:C17.RCT.7075 has used '/ViewObjectives'.
15:32:18: CP:C17.RCT.7075 has used '/VisorStatus green'.
15:33:14: CP:C17.RCT.7075 has used '/VisorComms 2'.
15:33:40: CP:C17.RCT.7075 has used '/VisorNotify 10-8'.
15:34:13: CP:C17.RCT.7075 has used '/VisorBackup 1231'.
15:34:42: CP:C17.RCT.7075 has used '/VisorSettings'.
15:43:46: Taishō Septic (STEAM_0:0:34008601) has connected.
15:51:53: CP:C17.RCT.9666 has taken 2 damage from CP:C17.i4.0981 with sxbase_stunstick, leaving them at 100 health and 87 armor!
15:51:54: CP:C17.RCT.9666 has taken 2 damage from CP:C17.i4.0981 with sxbase_stunstick, leaving them at 100 health and 84 armor!
15:51:56: CP:C17.RCT.9666 has taken 2 damage from CP:C17.i4.0981 with sxbase_stunstick, leaving them at 100 health and 81 armor!
15:51:57: CP:C17.RCT.9666 has taken 2 damage from CP:C17.i4.0981 with sxbase_stunstick, leaving them at 100 health and 78 armor!
15:51:58: CP:C17.RCT.9666 has taken 4 damage from CP:C17.RCT.7075 with sxbase_stunstick, leaving them at 100 health and 73 armor!
15:51:58: CP:C17.RCT.9666 has taken 4 damage from CP:C17.RCT.7075 with sxbase_stunstick, leaving them at 100 health and 68 armor!
15:53:21: CP:C17.RCT.9666 has taken 2 damage from CP:C17.i4.0981 with sxbase_stunstick, leaving them at 100 health and 65 armor!
15:53:22: CP:C17.RCT.9666 has taken 2 damage from CP:C17.i4.0981 with sxbase_stunstick, leaving them at 100 health and 62 armor!
15:53:23: CP:C17.RCT.9666 has taken 2 damage from CP:C17.i4.0981 with sxbase_stunstick, leaving them at 100 health and 59 armor!
15:53:26: CP:C17.RCT.9666 has taken 2 damage from CP:C17.i4.0981 with sxbase_stunstick, leaving them at 100 health and 56 armor!
15:53:34: CP:C17.RCT.9666 has taken 2 damage from CP:C17.i4.0981 with sxbase_stunstick, leaving them at 100 health and 53 armor!
15:53:37: CP:C17.RCT.7075 has taken 1 damage from CP:C17.i4.0981 with sxbase_stunstick, leaving them at 100 health and 149 armor!
15:53:38: CP:C17.RCT.9666 has taken 4 damage from CP:C17.RCT.7075 with sxbase_stunstick, leaving them at 100 health and 48 armor!
15:53:39: CP:C17.RCT.9666 has taken 4 damage from CP:C17.RCT.7075 with sxbase_stunstick, leaving them at 100 health and 43 armor!
15:53:41: CP:C17.RCT.9666 has taken 4 damage from CP:C17.RCT.7075 with sxbase_stunstick, leaving them at 100 health and 38 armor!
15:53:42: CP:C17.RCT.9666 has taken 4 damage from CP:C17.RCT.7075 with sxbase_stunstick, leaving them at 100 health and 33 armor!
15:55:14: CP:C17.RCT.9666 has gained a 7.62x51mm Bullets 1457441746.
15:55:14: CP:C17.i4.0981 has used '/CharGiveItem 666 7.62'.
15:55:15: CP:C17.RCT.9666 has gained a 7.62x51mm Bullets 1457441748.
15:55:15: CP:C17.i4.0981 has used '/CharGiveItem 666 7.62'.
15:55:16: CP:C17.RCT.9666 has gained a 7.62x51mm Bullets 1457441750.
15:55:16: CP:C17.i4.0981 has used '/CharGiveItem 666 7.62'.
15:55:16: CP:C17.RCT.9666 has gained a 7.62x51mm Bullets 1457441751.
15:55:16: CP:C17.i4.0981 has used '/CharGiveItem 666 7.62'.
15:55:24: CP:C17.RCT.9666 has lost a 7.62x51mm Bullets 1457441746.
15:55:24: CP:C17.RCT.9666 has used '/InvAction use ammo_545x39 1457441746.00'.
15:55:25: CP:C17.RCT.9666 has lost a 7.62x51mm Bullets 1457441748.
15:55:25: CP:C17.RCT.9666 has used '/InvAction use ammo_545x39 1457441748.00'.
15:55:26: CP:C17.RCT.9666 has lost a 7.62x51mm Bullets 1457441750.
15:55:26: CP:C17.RCT.9666 has used '/InvAction use ammo_545x39 1457441750.00'.
15:55:27: CP:C17.RCT.9666 has lost a 7.62x51mm Bullets 1457441751.
15:55:27: CP:C17.RCT.9666 has used '/InvAction use ammo_545x39 1457441751.00'.
15:55:52: CP:C17.RCT.7075 has taken 18 damage from CP:C17.RCT.9666 with sxbase_m40a1, leaving them at 100 health and 130 armor!
15:55:53: Taishō Septic (STEAM_0:0:34008601) has connected.
15:56:18: CP:C17.RCT.9666 has taken 4 damage from CP:C17.RCT.7075 with sxbase_stunstick, leaving them at 100 health and 28 armor!
15:56:20: CP:C17.RCT.9666 has taken 4 damage from CP:C17.RCT.7075 with sxbase_stunstick, leaving them at 100 health and 23 armor!
15:56:21: CP:C17.RCT.9666 has taken 4 damage from CP:C17.RCT.7075 with sxbase_stunstick, leaving them at 100 health and 18 armor!
15:56:22: CP:C17.RCT.9666 has taken 4 damage from CP:C17.RCT.7075 with sxbase_stunstick, leaving them at 100 health and 13 armor!
15:56:24: CP:C17.RCT.9666 has taken 10 damage from CP:C17.RCT.7075 with sxbase_stunstick, leaving them at 100 health and 2 armor!
15:56:25: CP:C17.RCT.9666 has taken 4 damage from CP:C17.RCT.7075 with sxbase_stunstick, leaving them at 98 health!
15:56:26: CP:C17.RCT.9666 has taken 2 damage from CP:C17.RCT.7075 with sxbase_stunstick, leaving them at 96 health!
15:56:27: CP:C17.RCT.9666 has taken 2 damage from CP:C17.RCT.7075 with sxbase_stunstick, leaving them at 94 health!
15:56:28: CP:C17.RCT.9666 has taken 4 damage from CP:C17.RCT.7075 with sxbase_stunstick, leaving them at 90 health!
15:56:29: CP:C17.RCT.9666 has taken 10 damage from CP:C17.RCT.7075 with sxbase_stunstick, leaving them at 82 health!
15:56:30: CP:C17.RCT.9666 has taken 4 damage from CP:C17.RCT.7075 with sxbase_stunstick, leaving them at 78 health!
15:56:31: CP:C17.RCT.9666 has taken 2 damage from CP:C17.RCT.7075 with sxbase_stunstick, leaving them at 76 health!
15:56:32: CP:C17.RCT.9666 has taken 2 damage from CP:C17.RCT.7075 with sxbase_stunstick, leaving them at 74 health!
15:56:36: CP:C17.RCT.9666 has taken 4 damage from CP:C17.RCT.7075 with sxbase_stunstick, leaving them at 72 health!
15:56:37: CP:C17.RCT.9666 has taken 2 damage from CP:C17.RCT.7075 with sxbase_stunstick, leaving them at 70 health!
15:56:38: CP:C17.RCT.9666 has taken 11 damage from CP:C17.RCT.7075 with sxbase_stunstick, leaving them at 59 health!
15:56:40: [OOC] CP:C17.i4.0981: пересмотрите видео еще раз. ютуб закончил исправления
15:56:46: CP:C17.i4.0981 has used '/Observer'.
15:56:48: CP:C17.i4.0981 has used '/Observer'.
15:56:57: CP:C17.i4.0981 has taken 2 damage from CP:C17.RCT.7075 with sxbase_stunstick, leaving them at 100 health and 148 armor!
15:56:58: CP:C17.i4.0981 has used '/Observer'.
15:56:59: CP:C17.i4.0981 has used '/Observer'.
15:56:59: CP:C17.i4.0981 has used '/Observer'.
15:57:00: CP:C17.i4.0981 has used '/Observer'.
15:57:01: CP:C17.i4.0981 has taken 2 damage from CP:C17.RCT.7075 with sxbase_stunstick, leaving them at 100 health and 145 armor!
15:57:03: CP:C17.i4.0981 has taken 2 damage from CP:C17.RCT.7075 with sxbase_stunstick, leaving them at 100 health and 142 armor!
15:57:04: CP:C17.i4.0981 has taken 2 damage from CP:C17.RCT.7075 with sxbase_stunstick, leaving them at 100 health and 139 armor!
15:57:05: CP:C17.i4.0981 has taken 2 damage from CP:C17.RCT.7075 with sxbase_stunstick, leaving them at 100 health and 136 armor!
15:57:07: CP:C17.i4.0981 has taken 10 damage from CP:C17.RCT.7075 with sxbase_stunstick, leaving them at 100 health and 125 armor!
15:57:10: [OOC] CP:C17.i4.0981: это и есть исправления)
15:57:10: CP:C17.i4.0981 has taken 2 damage from CP:C17.RCT.7075 with sxbase_stunstick, leaving them at 100 health and 123 armor!
15:57:12: CP:C17.i4.0981 has taken 4 damage from CP:C17.RCT.7075 with sxbase_stunstick, leaving them at 100 health and 119 armor!
15:57:15: CP:C17.i4.0981 has taken 2 damage from CP:C17.RCT.7075 with sxbase_stunstick, leaving them at 100 health and 117 armor!
15:57:16: CP:C17.i4.0981 has taken 2 damage from CP:C17.RCT.7075 with sxbase_stunstick, leaving them at 100 health and 115 armor!
15:57:17: CP:C17.i4.0981 has taken 4 damage from CP:C17.RCT.7075 with sxbase_stunstick, leaving them at 100 health and 111 armor!
15:57:18: CP:C17.RCT.9666 has taken 4 damage from CP:C17.RCT.7075 with sxbase_stunstick, leaving them at 71 health!
15:57:19: CP:C17.i4.0981 has taken 4 damage from CP:C17.RCT.7075 with sxbase_stunstick, leaving them at 100 health and 107 armor!
15:57:20: CP:C17.i4.0981 has taken 2 damage from CP:C17.RCT.7075 with sxbase_stunstick, leaving them at 100 health and 105 armor!
15:57:21: CP:C17.i4.0981 has taken 4 damage from CP:C17.RCT.7075 with sxbase_stunstick, leaving them at 100 health and 101 armor!
15:57:22: CP:C17.RCT.9666 has taken 11 damage from CP:C17.RCT.7075 with sxbase_stunstick, leaving them at 60 health!
15:57:25: CP:C17.RCT.9666 has taken 4 damage from CP:C17.RCT.7075 with sxbase_stunstick, leaving them at 58 health!
15:57:26: CP:C17.RCT.9666 has taken 4 damage from CP:C17.RCT.7075 with sxbase_stunstick, leaving them at 54 health!
15:57:44: CP:C17.RCT.9666 has taken 4 damage from CP:C17.RCT.7075 with sxbase_stunstick, leaving them at 56 health!
15:57:45: CP:C17.RCT.9666 has taken 4 damage from CP:C17.RCT.7075 with sxbase_stunstick, leaving them at 54 health!
15:57:46: CP:C17.RCT.9666 has taken 5 damage from CP:C17.RCT.7075 with sxbase_stunstick, leaving them at 49 health!
15:58:00: CP:C17.RCT.7075 has taken 144 damage from CP:C17.RCT.9666 with sxbase_m40a1, leaving them at 85 health!
15:58:08: CP:C17.RCT.7075 has taken 18 damage from CP:C17.RCT.9666 with sxbase_m40a1, leaving them at 69 health!
15:58:10: CP:C17.RCT.9666 has taken 4 damage from CP:C17.RCT.7075 with sxbase_stunstick, leaving them at 51 health!
15:58:11: CP:C17.RCT.9666 has taken 5 damage from CP:C17.RCT.7075 with sxbase_stunstick, leaving them at 46 health!
15:58:11: CP:C17.RCT.9666 has taken 5 damage from CP:C17.RCT.7075 with sxbase_stunstick, leaving them at 41 health!
15:58:11: CP:C17.RCT.9666 has taken 5 damage from CP:C17.RCT.7075 with sxbase_stunstick, leaving them at 36 health!
15:59:24: CP:C17.i4.0981 has used '/Observer'.
15:59:28: CP:C17.i4.0981 has used '/Observer'.
15:59:31: CP:C17.RCT.7075 has taken 1 damage from CP:C17.i4.0981 with sxbase_stunstick, leaving them at 99 health!
15:59:42: CP:C17.RCT.7075 has taken 1 damage from CP:C17.i4.0981 with sxbase_stunstick, leaving them at 99 health!
15:59:46: CP:C17.RCT.7075 has taken 1 damage from CP:C17.i4.0981 with sxbase_stunstick, leaving them at 98 health!
15:59:47: CP:C17.RCT.7075 has taken 1 damage from CP:C17.i4.0981 with sxbase_stunstick, leaving them at 97 health!
15:59:51: CP:C17.RCT.7075 has taken 1 damage from CP:C17.i4.0981 with sxbase_stunstick, leaving them at 96 health!
15:59:51: CP:C17.RCT.9666 has taken 1 damage from CP:C17.i4.0981 with sxbase_stunstick, leaving them at 59 health!
15:59:52: CP:C17.RCT.7075 has taken 1 damage from CP:C17.i4.0981 with sxbase_stunstick, leaving them at 95 health!
15:59:53: CP:C17.RCT.7075 has taken 1 damage from CP:C17.i4.0981 with sxbase_stunstick, leaving them at 96 health!
15:59:54: CP:C17.RCT.7075 has taken 1 damage from CP:C17.i4.0981 with sxbase_stunstick, leaving them at 95 health!
16:00:01: CP:C17.i4.0981 has used '/Observer'.
16:00:04: CP:C17.RCT.7075 has taken 69 damage from worldspawn, leaving them at 30 health!
16:00:05: CP:C17.i4.0981 has used '/Observer'.
16:01:01: CP:C17.RCT.9666 has dealt 859 damage to CP:C17.RCT.7075 with M40A1, killing them!
16:01:10: [OOC] CP:C17.i4.0981: включите лизгинку ту
16:01:14: [OOC] CP:C17.i4.0981: нормановскую
16:01:20: CP:C17.i4.0981 has used '/Observer'.
16:01:20: CP:C17.i4.0981 has used '/Observer'.
16:01:21: CP:C17.i4.0981 has used '/Observer'.
16:01:21: CP:C17.i4.0981 has used '/Observer'.
16:01:36: CP:C17.i4.0981 says: "<:: я хз "
16:01:50: CP:C17.i4.0981 says: "<:: я не знаю)"
16:02:04: CP:C17.i4.0981 says: "<:: ну которую ты здесь включал"
16:02:08: CP:C17.i4.0981 has used '/Observer'.
16:02:09: CP:C17.i4.0981 has used '/Observer'.
16:02:54: CP:C17.RCT.9666 has taken 4 damage from CP:C17.RCT.7075 with sxbase_stunstick, leaving them at 96 health!
16:02:56: CP:C17.RCT.9666 has taken 4 damage from CP:C17.RCT.7075 with sxbase_stunstick, leaving them at 92 health!
16:02:57: CP:C17.i4.0981 has taken 2 damage from CP:C17.RCT.7075 with sxbase_stunstick, leaving them at 100 health and 99 armor!
16:02:58: CP:C17.i4.0981 has taken 2 damage from CP:C17.RCT.7075 with sxbase_stunstick, leaving them at 100 health and 96 armor!
16:02:59: CP:C17.RCT.9666 has taken 4 damage from CP:C17.RCT.7075 with sxbase_stunstick, leaving them at 88 health!
16:03:00: CP:C17.RCT.9666 has taken 4 damage from CP:C17.RCT.7075 with sxbase_stunstick, leaving them at 84 health!
16:03:01: CP:C17.RCT.9666 has taken 4 damage from CP:C17.RCT.7075 with sxbase_stunstick, leaving them at 80 health!
16:03:02: CP:C17.RCT.9666 has taken 4 damage from CP:C17.RCT.7075 with sxbase_stunstick, leaving them at 76 health!
16:03:03: CP:C17.i4.0981 has taken 2 damage from CP:C17.RCT.7075 with sxbase_stunstick, leaving them at 100 health and 93 armor!
16:03:18: CP:C17.i4.0981 has used '/Observer'.
16:03:22: CP:C17.i4.0981 has used '/Observer'.
16:03:22: CP:C17.i4.0981 has used '/Observer'.
16:03:22: CP:C17.i4.0981 has used '/Observer'.
16:03:52: CP:C17.RCT.7075 has taken 161 damage from CP:C17.i4.0981 with sxbase_uspmatch, leaving them at 89 health!
16:03:53: CP:C17.RCT.7075 has taken 4 damage from CP:C17.i4.0981 with sxbase_uspmatch, leaving them at 85 health!
16:03:53: CP:C17.RCT.7075 has taken 4 damage from CP:C17.i4.0981 with sxbase_uspmatch, leaving them at 81 health!
16:03:54: CP:C17.RCT.7075 has taken 27 damage from CP:C17.i4.0981 with sxbase_uspmatch, leaving them at 54 health!
16:03:54: CP:C17.RCT.7075 has taken 5 damage from CP:C17.i4.0981 with sxbase_uspmatch, leaving them at 49 health!
16:03:56: CP:C17.RCT.7075 has taken 37 damage from CP:C17.i4.0981 with sxbase_uspmatch, leaving them at 12 health!
16:04:19: CP:C17.i4.0981 has used '/Observer'.
16:04:20: CP:C17.i4.0981 has used '/Observer'.
16:04:21: CP:C17.i4.0981 has used '/Observer'.
16:04:21: CP:C17.i4.0981 has used '/Observer'.
16:04:22: CP:C17.i4.0981 has used '/Observer'.
16:04:22: CP:C17.i4.0981 has used '/Observer'.
16:04:25: CP:C17.i4.0981 has dealt 30 damage to CP:C17.RCT.7075 with sxbase_fireaxe, killing them!
16:04:28: CP:C17.RCT.7075 has used '/ACD'.
16:04:35: CP:C17.i4.0981 has used '/InvAction use ammo_pistol 1457438539.00'.
16:04:36: CP:C17.i4.0981 has used '/InvAction use ammo_pistol 1457438538.00'.
16:04:47: Taishō Septic has loaded the character 'Andrew Karmanov'.
16:04:51: CP:C17.i4.0981 has used '/Observer'.
16:04:51: CP:C17.i4.0981 has used '/Observer'.
16:04:52: CP:C17.i4.0981 has used '/Observer'.
16:04:52: CP:C17.i4.0981 has used '/Observer'.
16:04:59: CP:C17.RCT.9666 has taken 4 damage from CP:C17.RCT.7075 with sxbase_stunstick, leaving them at 96 health!
16:05:00: CP:C17.RCT.9666 has taken 4 damage from CP:C17.RCT.7075 with sxbase_stunstick, leaving them at 92 health!
16:05:01: CP:C17.RCT.7075 has taken 30 damage from CP:C17.i4.0981 with sxbase_fireaxe, leaving them at 100 health and 120 armor!
16:05:05: Andrew Karmanov has used '/Observer'.
16:05:09: CP:C17.i4.0981 has taken 2 damage from CP:C17.RCT.7075 with sxbase_stunstick, leaving them at 100 health and 90 armor!
16:05:10: CP:C17.RCT.7075 has taken 144 damage from CP:C17.RCT.9666 with sxbase_m40a1, leaving them at 75 health!
16:05:12: CP:C17.RCT.9666 has taken 4 damage from CP:C17.RCT.7075 with sxbase_stunstick, leaving them at 92 health!
16:05:12: CP:C17.RCT.9666 has taken 4 damage from CP:C17.RCT.7075 with sxbase_stunstick, leaving them at 88 health!
16:05:13: CP:C17.RCT.9666 has taken 4 damage from CP:C17.RCT.7075 with sxbase_stunstick, leaving them at 84 health!
16:05:13: CP:C17.RCT.9666 has taken 4 damage from CP:C17.RCT.7075 with sxbase_stunstick, leaving them at 80 health!
16:05:17: CP:C17.i4.0981 has taken 2 damage from CP:C17.RCT.7075 with sxbase_stunstick, leaving them at 100 health and 87 armor!
16:05:17: CP:C17.i4.0981 has taken 2 damage from CP:C17.RCT.7075 with sxbase_stunstick, leaving them at 100 health and 84 armor!
16:05:38: CP:C17.i4.0981 has taken 2 damage from CP:C17.RCT.7075 with sxbase_stunstick, leaving them at 100 health and 81 armor!
16:05:42: CP:C17.RCT.7075 has taken 30 damage from CP:C17.i4.0981 with sxbase_fireaxe, leaving them at 55 health!
16:05:42: CP:C17.i4.0981 has taken 2 damage from CP:C17.RCT.7075 with sxbase_stunstick, leaving them at 100 health and 78 armor!
16:05:42: CP:C17.RCT.7075 has taken 30 damage from CP:C17.i4.0981 with sxbase_fireaxe, leaving them at 27 health!
16:05:43: CP:C17.i4.0981 has taken 2 damage from CP:C17.RCT.7075 with sxbase_stunstick, leaving them at 100 health and 75 armor!
16:05:43: CP:C17.i4.0981 has dealt 45 damage to CP:C17.RCT.7075 with sxbase_fireaxe, killing them!
16:05:48: Andrew Karmanov has used '/Observer'.
16:05:50: CP:C17.RCT.7075 has used '/ACD'.
16:05:59: CP:C17.i4.0981 has used '/Observer'.
16:05:59: CP:C17.i4.0981 has used '/Observer'.
16:06:00: CP:C17.i4.0981 has used '/Observer'.
16:06:02: CP:C17.i4.0981 has used '/Observer'.
16:06:04: Andrew Karmanov has taken 30 damage from CP:C17.i4.0981 with sxbase_fireaxe, leaving them at 70 health!
16:06:05: Andrew Karmanov has used '/Observer'.
16:06:11: CP:C17.i4.0981 has used '/Observer'.
16:06:11: CP:C17.i4.0981 has used '/Observer'.
16:06:12: CP:C17.i4.0981 has used '/Observer'.
16:06:12: CP:C17.i4.0981 has used '/Observer'.
16:06:13: CP:C17.i4.0981 has used '/Observer'.
16:06:13: CP:C17.i4.0981 has used '/Observer'.
16:06:13: CP:C17.i4.0981 has used '/Observer'.
16:06:14: CP:C17.i4.0981 has used '/Observer'.
16:06:14: CP:C17.i4.0981 has used '/Observer'.
16:06:15: CP:C17.i4.0981 has used '/Observer'.
16:06:15: CP:C17.RCT.9666 has taken 16 damage from worldspawn, leaving them at 84 health!
16:06:16: CP:C17.i4.0981 has used '/Observer'.
16:06:16: CP:C17.i4.0981 has used '/Observer'.
16:06:18: CP:C17.RCT.9666 has taken 31 damage from CP:C17.i4.0981 with sxbase_fireaxe, leaving them at 53 health!
16:06:19: CP:C17.RCT.9666 has taken 31 damage from CP:C17.i4.0981 with sxbase_fireaxe, leaving them at 24 health!
16:06:20: CP:C17.RCT.9666 has lost a M40A1 1457436863.
16:06:20: CP:C17.i4.0981 has dealt 31 damage to CP:C17.RCT.9666 with sxbase_fireaxe, killing them!
16:06:24: CP:C17.RCT.9666 has gained a 9mm Pistol Bullets 1457442420.
16:06:24: CP:C17.RCT.9666 has gained a 9mm Pistol Bullets 1457442421.
16:06:24: CP:C17.RCT.9666 has used '/ACD'.
16:06:30: Andrew Karmanov has used '/Observer'.
16:06:37: CP:C17.RCT.9666 has used '/CharFallOver 2'.
16:06:38: CP:C17.RCT.9666 has taken 10 damage from worldspawn, leaving them at 90 health and 150 armor!
16:06:47: CP:C17.RCT.9666 has used '/CharSearch'.
16:06:49: CP:C17.RCT.9666 has used '/CharSearch'.
16:07:05: CP:C17.i4.0981 has used '/Observer'.
16:07:07: CP:C17.i4.0981 has used '/Observer'.
16:07:11: CP:C17.i4.0981 has used '/Observer'.
16:07:11: CP:C17.i4.0981 has used '/Observer'.
16:07:32: Andrew Karmanov has used '/Observer'.
16:07:33: Legera has created a Citizen character called 'Citizen Huitizen'.
16:07:36: Legera has loaded the character 'Citizen Huitizen'.
16:07:38: CP:C17.i4.0981 has used '/Observer'.
16:07:38: CP:C17.i4.0981 has used '/Observer'.
16:07:39: CP:C17.i4.0981 has used '/Observer'.
16:07:40: CP:C17.i4.0981 has used '/Observer'.
16:07:40: Andrew Karmanov has used '/Observer'.
16:07:46: Andrew Karmanov says: "лсыш"
16:07:48: Andrew Karmanov says: "сита создавай"
16:07:51: Andrew Karmanov says: "ламповая няша"
16:07:58: [LOOC] CP:C17.i4.0981: включи обратно бля
16:07:58: [LOOC] CP:C17.i4.0981: включи обратно бля
16:08:10: [OOC] Citizen Huitizen: tp
16:08:15: Andrew Karmanov has used '/PlyTp Citizen'.
16:08:16: CP:C17.i4.0981 has used '/Observer'.
16:08:16: CP:C17.i4.0981 has used '/Observer'.
16:08:43: Andrew Karmanov has gained a Рубашка CWU 1457442562.
16:08:43: Andrew Karmanov has used '/CharGiveItem Andrew CWU'.
16:09:00: Andrew Karmanov has gained a Рубашка CWU 1457442580.
16:09:00: Andrew Karmanov has used '/CharGiveItem Andrew CWU'.
16:09:13: CP:C17.RCT.7075 says: "<:: septic"
16:09:14: Andrew Karmanov says: "ПЕРСОНАЖА СОЗДАВАЙТЕБЛЯТЬ"
16:09:17: CP:C17.RCT.7075 says: "<:: sam bud' v kadre"
16:09:19: Andrew Karmanov says: "ПОТОМ БЕГАЬТ УБДЕТЕ"
16:09:20: Andrew Karmanov says: "НЕТ"
16:09:21: Andrew Karmanov says: "Я НЕ МОГУ"
16:09:22: [LOOC] CP:C17.i4.0981: щас сек
16:09:22: [LOOC] CP:C17.i4.0981: щас сек
16:09:28: CP:C17.RCT.7075 says: "<:: шварц будет"
16:09:28: Andrew Karmanov says: "я тя щас уебу"
16:09:29: CP:C17.RCT.7075 says: "<:: смотри"
16:09:50: Citizen Huitizen has used '/CharFallOver 2'.
16:10:00: [LOOC] CP:C17.i4.0981: аватар грузи чара
16:10:00: [LOOC] CP:C17.i4.0981: аватар грузи чара
16:10:11: CP:C17.RCT.7075 has taken 36 damage from Andrew Karmanov with weapon_shotgun, leaving them at 100 health and 114 armor!
16:10:12: CP:C17.RCT.7075 has taken 63 damage from Andrew Karmanov with weapon_shotgun, leaving them at 100 health and 50 armor!
16:10:32: Andrew Karmanov has used '/AnimIdle 1'.
16:10:33: Citizen Huitizen has used '/AnimIdle 1'.
16:10:34: Citizen Huitizen has used '/AnimIdle 1'.
16:10:35: Citizen Huitizen has used '/AnimIdle 1'.
16:10:42: Andrew Karmanov has lost a Рубашка CWU 1457442562.
16:10:42: Andrew Karmanov has used '/InvAction drop Рубашка_cwu 1457442562.00'.
16:10:42: Bad Luck (4v4t4r) has created a Citizen character called 'Septic Huesos))))'.
16:10:45: Bad Luck (4v4t4r) has loaded the character 'Septic Huesos))))'.
16:10:50: Citizen Huitizen has gained a Рубашка CWU 1457442562.
16:10:50: Citizen Huitizen has used '/InvAction use Рубашка_cwu 1457442562'.
16:10:51: Citizen Huitizen has used '/AnimIdle 1'.
16:10:52: [LOOC] CP:C17.i4.0981: легера вкючи еще раз
16:10:52: [LOOC] CP:C17.i4.0981: легера вкючи еще раз
16:10:58: Andrew Karmanov has used '/CharGiveItem Citizen Шапка'.
16:11:02: Citizen Huitizen has gained a Зеленая шапка 1457442704.
16:11:02: Andrew Karmanov has used '/CharGiveItem Citizen Зеленая'.
16:11:07: Citizen Huitizen has gained a Штаны 1457442710.
16:11:07: Andrew Karmanov has used '/CharGiveItem Citizen Штаны'.
16:11:11: Citizen Huitizen has used '/InvAction use Зеленая_шапка 1457442704.00'.
16:11:13: Citizen Huitizen has used '/InvAction use Зеленая_шапка 1457442704.00'.
16:11:14: Citizen Huitizen has used '/InvAction use Штаны 1457442710.00'.
16:11:20: Citizen Huitizen has used '/AnimIdle 1'.
16:11:32: Andrew Karmanov has used '/PlyTp huesos'.
16:11:45: Septic Huesos)))) has taken 18 damage from Andrew Karmanov with weapon_shotgun, leaving them at 82 health!
16:11:48: Septic Huesos)))) has taken 3 damage from Andrew Karmanov with weapon_shotgun, leaving them at 81 health!
16:12:02: Andrew Karmanov has lost a Рубашка CWU 1457442580.
16:12:02: Andrew Karmanov has used '/InvAction drop Рубашка_cwu 1457442580.00'.
16:12:10: Septic Huesos)))) has gained a Рубашка CWU 1457442580.
16:12:10: Septic Huesos)))) has used '/InvAction use Рубашка_cwu 1457442580'.
16:12:22: Citizen Huitizen has used '/AnimIdle 1'.
16:12:23: Citizen Huitizen has used '/AnimIdle 1'.
16:12:24: Citizen Huitizen has used '/AnimIdle 1'.
16:12:24: Citizen Huitizen has used '/AnimIdle 1'.
16:12:24: Septic Huesos)))) has used '/AnimIdle'.
16:12:31: Septic Huesos)))) has used '/AnimIdle 1'.
16:12:37: Citizen Huitizen has used '/AnimIdle 1'.
16:12:58: Citizen Huitizen has used '/AnimIdle 1'.
16:13:01: Citizen Huitizen has used '/AnimIdle 1'.
16:13:11: Citizen Huitizen has used '/Me сдал партбилет'.
16:13:23: Citizen Huitizen has used '/AnimIdle 1'.
16:13:50: Andrew Karmanov has used '/Observer'.
16:15:12: Septic Huesos)))) has taken 15 damage from CP:C17.i4.0981 with sxbase_fireaxe, leaving them at 85 health!
16:15:13: Septic Huesos)))) has taken 15 damage from CP:C17.i4.0981 with sxbase_fireaxe, leaving them at 70 health!
16:15:15: Septic Huesos)))) has taken 15 damage from CP:C17.i4.0981 with sxbase_fireaxe, leaving them at 55 health!
16:15:16: Septic Huesos)))) has taken 15 damage from CP:C17.i4.0981 with sxbase_fireaxe, leaving them at 40 health!
16:15:17: Septic Huesos)))) has taken 15 damage from CP:C17.i4.0981 with sxbase_fireaxe, leaving them at 25 health!
16:15:18: Septic Huesos)))) has taken 15 damage from CP:C17.i4.0981 with sxbase_fireaxe, leaving them at 10 health!
16:15:18: CP:C17.i4.0981 has dealt 15 damage to Septic Huesos)))) with sxbase_fireaxe, killing them!
16:15:51: Septic Huesos)))) has used '/ACD'.
16:15:52: Citizen Huitizen has used '/StorageClose'.
16:16:10: CP:C17.i4.0981 has used '/PlyBring septic'.
16:16:14: CP:C17.i4.0981 has used '/PlyBring septic'.
16:16:21: Septic Huesos)))) has used '/StorageClose'.
16:16:45: CP:C17.i4.0981 has used '/Observer'.
16:16:46: CP:C17.i4.0981 has used '/Observer'.
16:17:03: CP:C17.i4.0981 says: "<:: ТИХА"
16:17:04: CP:C17.i4.0981 says: "<:: ТИХА"
16:17:16: Citizen Huitizen has used '/CharFallOver 2'.
16:17:17: Citizen Huitizen says: "сука"
16:17:27: Citizen Huitizen says: "я под столом блядь"
16:17:29: Citizen Huitizen has used '/CharFallOver 2'.
16:17:41: Citizen Huitizen has used '/CharFallOver 2'.
16:17:47: Citizen Huitizen says: "нхуя"
16:18:37: Septic Huesos)))) has taken 15 damage from CP:C17.i4.0981 with sxbase_fireaxe, leaving them at 85 health!
16:18:38: Septic Huesos)))) has taken 15 damage from CP:C17.i4.0981 with sxbase_fireaxe, leaving them at 70 health!
16:18:39: Septic Huesos)))) has taken 15 damage from CP:C17.i4.0981 with sxbase_fireaxe, leaving them at 55 health!
16:18:49: Septic Huesos)))) has taken 15 damage from CP:C17.i4.0981 with sxbase_fireaxe, leaving them at 42 health!
16:20:02: Citizen Huitizen has used '/AnimIdle 1'.
16:20:28: Citizen Huitizen has used '/AnimIdle 1'.
16:21:16: CP:C17.i4.0981 has used '/PlyBring andrew'.
16:21:35: CP:C17.i4.0981 has used '/PlyBring citizen'.
16:21:40: CP:C17.i4.0981 has used '/PlyBring andrew'.
16:21:42: CP:C17.i4.0981 has used '/PlyBring andrew'.
16:21:44: CP:C17.i4.0981 has used '/PlyBring andrew'.
16:22:27: Citizen Huitizen has used '/AnimIdle 1'.
16:22:59: CP:C17.i4.0981 says: "<:: СТОЙТЕ"
16:23:01: CP:C17.i4.0981 says: "<:: заткнитесь"
16:23:27: Andrew Karmanov has used '/Observer'.
16:23:28: Septic Huesos)))) has used '/AnimIdle'.
16:24:00: Andrew Karmanov has used '/Observer'.
16:24:00: Andrew Karmanov has used '/Observer'.
16:24:01: Andrew Karmanov has used '/Observer'.
16:24:01: Andrew Karmanov has used '/Observer'.
16:24:08: Citizen Huitizen has gained a Штаны 1457442710.
16:24:09: Citizen Huitizen has gained a Рубашка CWU 1457442562.
16:24:10: Andrew Karmanov has used '/CharGiveItem Citizen Кевларовый'.
16:24:10: Citizen Huitizen has gained a Зеленая шапка 1457442704.
16:24:14: Citizen Huitizen has gained a Бронежилет OTA 1457443498.
16:24:14: Andrew Karmanov has used '/CharGiveItem Citizen Бронежилет'.
16:24:20: Citizen Huitizen has used '/InvAction use Бронежилет_ota 1457443498.00'.
16:24:22: Citizen Huitizen has gained a Противогаз 1457443507.
16:24:22: Andrew Karmanov has used '/CharGiveItem Citizen Противогаз'.
16:24:26: Citizen Huitizen has used '/InvAction use Противогаз 1457443507.00'.
16:24:28: Citizen Huitizen has used '/AnimIdle 1'.
16:24:34: Andrew Karmanov has used '/CharGiveItem Septic MPF'.
16:24:34: Septic Huesos)))) has gained a Рубашка CWU 1457442580.
16:24:34: Citizen Huitizen says: "Я БЛЯДЬ РЕБЕЛ НАХУЙ"
16:24:48: Citizen Huitizen says: "ФАЙВ НАЙТС ИН ФРЕДИ"
16:24:54: Septic Huesos)))) has gained a Рубашка с бронежилетом ГО 1457443540.
16:24:54: Andrew Karmanov has used '/CharGiveItem Septic ГО'.
16:24:54: Citizen Huitizen says: "ФАЙВ НАЙТС ИН ФРЕДИ"
16:24:57: Septic Huesos)))) has used '/InvAction use Рубашка_с_бронежилетом_ГО 1457443540.00'.
16:25:02: Septic Huesos)))) has gained a Бандана 1457443549.
16:25:02: Andrew Karmanov has used '/CharGiveItem Septic Бандана'.
16:25:05: Septic Huesos)))) has used '/InvAction use Бандана 1457443549.00'.
16:25:08: Septic Huesos)))) has used '/AnimIdle'.
16:25:08: Andrew Karmanov has used '/CharGiveItem Septic Треники'.
16:25:11: Andrew Karmanov has used '/CharGiveItem Septic ШТаны'.
16:25:13: Septic Huesos)))) has gained a Штаны 1457443561.
16:25:13: Andrew Karmanov has used '/CharGiveItem Septic Штаны'.
16:25:16: Septic Huesos)))) has used '/InvAction use Штаны 1457443561.00'.
16:25:34: Septic Huesos)))) has used '/AnimLean ArmsBack'.
16:25:40: Citizen Huitizen has used '/AnimIdle 1'.
16:25:46: Citizen Huitizen has used '/AnimIdle 1'.
16:25:53: CP:C17.i4.0981 says: "<:: ЗАТКНИТЕСЬ"
16:25:54: Andrew Karmanov has used '/CharSetModel 981 models/dpfilms/metropolice/resistance_police.mdl'.
16:25:54: CP:C17.i4.0981 says: "<:: я говорю"
16:26:05: Andrew Karmanov has used '/Observer'.
16:26:06: Andrew Karmanov has used '/Observer'.
16:26:10: Septic Huesos)))) has used '/AnimIdle 1'.
16:26:14: Septic Huesos)))) has used '/AnimIdle 1'.
16:26:30: Septic Huesos)))) has dealt 108 damage to Andrew Karmanov with weapon_pistol, killing them!
16:26:44: CP:C17.i4.0981 says: "<:: слушайте меня тихо"
16:26:45: Andrew Karmanov has used '/PlyRespawnStay Andrew'.
16:27:39: Andrew Karmanov has used '/Observer'.
16:27:41: CP:C17.i4.0981 has used '/Observer'.
16:27:45: CP:C17.i4.0981 has used '/Observer'.
16:28:46: Andrew Karmanov has used '/Observer'.
16:28:48: Andrew Karmanov has used '/PlyTp citizen'.
16:28:51: Andrew Karmanov has used '/PlyTp Septic'.
16:28:52: Andrew Karmanov has used '/PlyTp 4'.
16:29:24: Andrew Karmanov has used '/Observer'.
16:29:26: Andrew Karmanov has used '/Observer'.
16:29:32: Andrew Karmanov has used '/Observer'.
16:29:33: Andrew Karmanov has used '/Observer'.
16:29:42: CP:C17.i4.0981 says: "<:: клятва Гепократа"
16:30:01: Andrew Karmanov has used '/Observer'.
16:30:02: Andrew Karmanov has used '/Observer'.
16:30:28: CP:C17.i4.0981 says: "<:: Стойте"
16:30:37: CP:C17.i4.0981 says: "<:: хотите узнать как заработать деньги на ютубе?"
16:30:41: CP:C17.i4.0981 says: "<:: тогда слушайте мой войс"
16:30:42: Citizen Huitizen says: "я хочу"
16:30:44: Citizen Huitizen has used '/AnimIdle 1'.
16:30:45: Andrew Karmanov has used '/Observer'.
16:30:53: Andrew Karmanov has used '/Observer'.
16:31:01: CP:C17.i4.0981 says: "<:: щас"
16:31:17: Citizen Huitizen has used '/AnimIdle 1'.
16:31:34: Septic Huesos)))) has used '/CharFallOver'.
16:31:35: Septic Huesos)))) has taken 12 damage from worldspawn, leaving them at 88 health!
16:31:36: Septic Huesos)))) has used '/CharGetUp'.
16:31:57: Septic Huesos)))) has taken 32 damage from Citizen Huitizen with weapon_shotgun, leaving them at 62 health!
16:32:01: Citizen Huitizen has used '/AnimIdle 1'.
16:32:16: [OOC] Septic Huesos)))): afk
16:32:24: [OOC] Citizen Huitizen: ok
16:35:54: Citizen Huitizen has used '/CharFallOver 2'.
16:36:25: Septic Huesos)))) has taken 77 damage from Citizen Huitizen with weapon_shotgun, leaving them at 23 health!
16:36:41: Citizen Huitizen says: "u menya 3 patrona eshe"
16:36:47: Citizen Huitizen says: "uebu tebya"
16:37:03: Citizen Huitizen says: "nu vse sooqa"
16:37:08: Citizen Huitizen says: "pizda tebe"
16:37:11: Citizen Huitizen says: "begi"
16:41:05: Citizen Huitizen says: "go v cs"
16:41:14: Citizen Huitizen says: "go go go"
16:41:27: Citizen Huitizen says: "enemy down"
16:41:34: Citizen Huitizen says: "clear"
16:41:44: Septic Huesos)))) has taken 30 damage from CP:C17.i4.0981 with sxbase_fireaxe, leaving them at 70 health!
16:41:45: Citizen Huitizen says: "enemy down"
16:41:45: Septic Huesos)))) has taken 42 damage from CP:C17.i4.0981 with sxbase_fireaxe, leaving them at 28 health!
16:41:46: CP:C17.i4.0981 has dealt 45 damage to Septic Huesos)))) with sxbase_fireaxe, killing them!
16:41:49: CP:C17.i4.0981 has taken 41 damage from Citizen Huitizen with weapon_shotgun, leaving them at 100 health and 33 armor!
16:41:49: CP:C17.i4.0981 has taken 18 damage from Citizen Huitizen with weapon_shotgun, leaving them at 100 health and 14 armor!
16:41:53: Citizen Huitizen says: "enemy down"
16:41:54: Citizen Huitizen says: "enemy down"
16:41:57: [OOC] Citizen Huitizen: tp
16:42:03: CP:C17.i4.0981 has used '/PlyBring citizen'.
16:42:04: Citizen Huitizen says: "ammo"
16:42:07: Citizen Huitizen says: "need ammo"
16:42:09: CP:C17.i4.0981 has used '/PlyBring septic'.
16:42:11: CP:C17.i4.0981 has used '/PlyBring septic'.
16:42:13: Citizen Huitizen has used '/InvAction use Штаны 1457442710.00'.
16:42:22: CP:C17.i4.0981 has used '/PlyRespawnBring septic'.
16:42:25: CP:C17.i4.0981 has used '/Observer'.
16:42:25: CP:C17.i4.0981 has used '/Observer'.
16:42:26: CP:C17.i4.0981 has used '/Observer'.
16:42:26: CP:C17.i4.0981 has used '/Observer'.
16:42:32: CP:C17.i4.0981 has used '/PlyRespawnBring andrew'.
16:42:45: Citizen Huitizen says: "enemy down"
16:42:53: Citizen Huitizen says: "need assistance "
16:43:01: Citizen Huitizen says: "b 4 4"
16:43:04: Citizen Huitizen says: "b 8 2"
16:43:05: Citizen Huitizen has used '/AnimIdle 1'.
16:43:08: Citizen Huitizen says: "b 8 4"
16:43:49: Citizen Huitizen says: "bind "b" "say_team РАШИБ Б""
16:44:09: Citizen Huitizen says: "bind "n" "say_team РАШИМ А""
16:44:40: Citizen Huitizen has taken 45 damage from CP:C17.i4.0981 with sxbase_fireaxe, leaving them at 55 health!
16:44:51: Citizen Huitizen says: "дай"
16:44:53: Citizen Huitizen says: "пизды"
16:44:59: CP:C17.i4.0981 has used '/PlyRespawnBring citizen'.
16:48:15: CP:C17.i4.0981 says: "<:: ktuth"
16:48:17: CP:C17.i4.0981 says: "<:: легера"
16:48:19: CP:C17.i4.0981 says: "<:: это хенк"
16:48:24: Citizen Huitizen says: "ахах"
16:49:38: Citizen Huitizen says: "шляпник"
16:49:40: Citizen Huitizen says: "ты тут"
16:49:42: Citizen Huitizen says: "шляпник"
16:56:52: Citizen Huitizen says: ".ьу vfhibhetn"
16:57:48: CP:C17.i4.0981 has used '/OrderShipment paper'.
16:58:08: Citizen Huitizen has used '/AnimIdle 1'.
16:59:15: Citizen Huitizen has used '/AnimSit'.
16:59:21: Citizen Huitizen has taken 2 damage from CP:C17.i4.0981 with sxbase_stunstick, leaving them at 98 health!
16:59:23: Citizen Huitizen has taken 2 damage from CP:C17.i4.0981 with sxbase_stunstick, leaving them at 96 health!
16:59:26: Citizen Huitizen has used '/CharFallOver 2'.
16:59:26: Andrew Karmanov has taken 5 damage from CP:C17.i4.0981 with sxbase_stunstick, leaving them at 95 health!
16:59:28: Andrew Karmanov has taken 5 damage from CP:C17.i4.0981 with sxbase_stunstick, leaving them at 90 health!
16:59:29: CP:C17.i4.0981 has used '/CharFallOver 0'.
16:59:35: Andrew Karmanov has taken 5 damage from CP:C17.i4.0981 with sxbase_stunstick, leaving them at 87 health!
16:59:36: Andrew Karmanov has taken 5 damage from CP:C17.i4.0981 with sxbase_stunstick, leaving them at 82 health!
16:59:37: Andrew Karmanov has taken 5 damage from CP:C17.i4.0981 with sxbase_stunstick, leaving them at 79 health!
16:59:37: Citizen Huitizen has used '/CharFallOver 2'.
16:59:39: Andrew Karmanov has taken 5 damage from CP:C17.i4.0981 with sxbase_stunstick, leaving them at 74 health!
16:59:44: Citizen Huitizen has taken 2 damage from CP:C17.i4.0981 with sxbase_stunstick, leaving them at 98 health!
16:59:45: Citizen Huitizen has taken 2 damage from CP:C17.i4.0981 with sxbase_stunstick, leaving them at 96 health!
16:59:47: Citizen Huitizen has taken 2 damage from CP:C17.i4.0981 with sxbase_stunstick, leaving them at 94 health!
16:59:48: Citizen Huitizen has taken 2 damage from CP:C17.i4.0981 with sxbase_stunstick, leaving them at 94 health!
17:01:06: Citizen Huitizen has used '/CharFallOver 2'.
17:01:14: Citizen Huitizen has used '/AnimIdle 1'.
17:01:24: Citizen Huitizen has taken 2 damage from CP:C17.i4.0981 with sxbase_stunstick, leaving them at 98 health!
17:01:51: Citizen Huitizen has used '/AnimSit'.
17:02:38: Bad Luck (4v4t4r) has loaded the character 'CP:C17.RCT.7075'.
17:02:45: Bad Luck (4v4t4r) has deleted the character 'Septic Huesos))))'.
17:04:37: Andrew Karmanov has taken 10 damage from CP:C17.RCT.7075 with sxbase_stunstick, leaving them at 90 health!
17:04:46: CP:C17.i4.0981 (STEAM_0:1:44629398) has disconnected.
17:05:08: Citizen Huitizen (STEAM_0:0:70897779) has disconnected.
17:05:22: CP:C17.RCT.7075 (STEAM_0:0:47365111) has disconnected.
17:56:29: Andrew Karmanov has used '/Observer'.
17:57:46: Andrew Karmanov (STEAM_0:0:34008601) has disconnected.
18:01:41: Taishō Septic (STEAM_0:0:34008601) has connected.
18:06:53: Taishō Septic has loaded the character 'Andrew Karmanov'.
18:07:11: Andrew Karmanov has used '/Observer'.
18:07:17: Andrew Karmanov has used '/CharFallOver 0'.
18:07:17: Andrew Karmanov has used '/CharFallOver 0'.
18:07:17: Andrew Karmanov has used '/CharFallOver 0'.
18:07:23: Andrew Karmanov has used '/Observer'.
18:07:24: Andrew Karmanov has used '/Observer'.
18:07:58: Andrew Karmanov has used '/Observer'.
18:28:14: Andrew Karmanov has used '/PlyWhitelist Andrew Civil Protection'.
18:28:27: CP:C17.RCT.7248 has gained a 9mm Pistol Bullets 1457450957.
18:28:27: CP:C17.RCT.7248 has gained a 9mm Pistol Bullets 1457450958.
18:28:27: CP:C17.RCT.7248 has used '/CharTransfer Andrew Civil Protection'.
18:29:12: CP:C17.RCT.7248 has used '/CharGiveFlags RCT JU'.
18:29:29: OfC has used '/CharSetName RCT OfC'.
18:30:27: OfC has used '/Dispatch Внимание, граждане. Объявляется начало фазы "Долга". Всем прибыть в назначеные для проведения работ места.'.
18:30:33: SeC has used '/CharSetName OfC SeC'.
18:30:35: SeC has used '/Dispatch Внимание, граждане. Объявляется начало фазы "Долга". Всем прибыть в назначеные для проведения работ места.'.
18:31:13: MPF.SeC.228 has used '/CharSetName SeC MPF.SeC.228'.
18:31:18: MPF.SeC.228 has used '/Dispatch Внимание, граждане. Объявляется начало фазы "Долга". Всем прибыть в назначеные для проведения работ места.'.
18:31:26: MPF.CpT.228 has used '/CharSetName MPF.SeC.228 MPF.CpT.228'.
18:31:29: MPF.CpT.228 has used '/Dispatch Внимание, граждане. Объявляется начало фазы "Долга". Всем прибыть в назначеные для проведения работ места.'.
18:32:35: CP:C17.SeC.7248 has used '/CharSetName MPF.CpT.228 CP:C17.SeC.7248'.
18:32:48: CP:C17.SeC.7248 has used '/Dispatch l'.
18:34:00: CP:C17.SeC.7248 has used '/Dispatch Внимание, граждане. Объявляется начало фазы "Долг". Всем гражданам занять свои рабочие места.'.
18:39:48: CP:C17.SeC.7248 has used '/Dispatch Внимание, граждане. Объявляется начало набора на рекрутирование в Гражданскую Оборону.'.
18:39:54: CP:C17.SeC.7248 has used '/Dispatch  Всем желающим принять участие - прибыть к лобби Нексуса-Надзора.'.
18:40:11: CP:C17.SeC.7248 has used '/Dispatch Внимание, граждане. Объявляется начало набора на рекрутирование в Гражданскую Оборону.'.
18:40:17: CP:C17.SeC.7248 has used '/Dispatch Всем желающим принять участие - прибыть к лобби Нексуса-Надзора.'.
18:42:32: CP:C17.SeC.7248 has used '/PlyWhitelist CpT Administrator'.
18:42:37: CP:C17.SeC.7248 has used '/PlyWhitelist SeC Administrator'.
18:42:47: CP:C17.SeC.7248 has used '/CharTransfer CpT Administrator 1'.
18:42:53: CP:C17.SeC.7248 has used '/CharTransfer SeC Administrator 1'.
18:43:08: 1 has used '/CharTransfer SeC Citizen 1'.
18:43:25: 1 has used '/CharTransfer 1 Administrator 1'.
18:44:00: James de Valois has used '/CharSetName 1 James de Valois'.
18:44:10: Bad Luck (4v4t4r) (STEAM_0:0:47365111) has connected.
18:44:55: James de Valois has used '/Broadcast los'.
18:45:39: James de Valois has used '/Broadcast Граждане, хочется вам напомнить, что сотрудничать с Альянсом - выгодно всем.'.
18:45:48: Bad Luck (4v4t4r) has loaded the character 'CP:C17.RCT.7075'.
18:46:10: James de Valois has used '/Broadcast Вся наша Администрация приложила не малые усилия, чтобы доказать нашим Покровителям, что вы - лучшие представители вида.'.
18:46:31: James de Valois has used '/Broadcast По этому, прошу вас, не подведите нас и себя в наших общих начинаниях.'.
18:46:56: James de Valois has used '/PlySetGroup CP:C17.RCT.7075 superadmin'.
18:46:58: CP:C17.RCT.7075 has used '/Observer'.
18:47:16: CP:C17.RCT.7075 has used '/Observer'.
18:49:04: CP:C17.RCT.7075 has used '/CharSetModel rct models/metropolice/policetrench2.mdl'.
18:49:43: CP:C17.RCT.7075 has used '/CharGiveFlags CP:C17.RCT.7075 eptdascjGsdassdasdklasd'.
18:49:48: CP:C17.RCT.7075 has used '/Observer'.
18:49:51: CP:C17.RCT.7075 has used '/Observer'.
18:49:58: CP:C17.RCT.7075 has used '/Observer'.
18:50:00: CP:C17.RCT.7075 has used '/Observer'.
18:50:02: CP:C17.RCT.7075 has used '/Observer'.
18:50:05: CP:C17.RCT.7075 has used '/Observer'.
18:50:06: CP:C17.RCT.7075 has used '/Observer'.
18:50:06: CP:C17.RCT.7075 has used '/Observer'.
18:50:07: CP:C17.RCT.7075 has used '/Observer'.
18:50:08: CP:C17.RCT.7075 has used '/Observer'.
18:50:19: James de Valois has used '/Dispatch Всем желающим принять участие - прибыть к лобби Нексуса-Надзора.'.
18:50:31: CP:C17.RCT.4683 has used '/CharTransfer Valois Civil Protection 1'.
18:50:43: CP:C17.RCT.4683 has used '/Dispatch Всем желающим принять участие - прибыть к лобби Нексуса-Надзора.'.
18:50:57: CP:C17.RCT.4683 has used '/Event хуй хуй Хуй хуй хуй хуй хуйхуй хуй Хуй хуй хуй хуй хуйхуй хуй Хуй хуй хуй хуй хуйхуй хуй Хуй хуй хуй хуй хуйхуй хуй Хуй хуй хуй хуй хуйхуй х'.
18:51:00: CP:C17.RCT.7075 has used '/CharAddTrait Rct Меткий стрелок'.
18:51:19: CP:C17.SeC.7248 has used '/CharSetName RCT CP:C17.SeC.7248'.
18:51:23: CP:C17.SeC.7248 has used '/Dispatch Всем желающим принять участие - прибыть к лобби Нексуса-Надзора.'.
18:52:06: CP:C17.SeC.7248 has used '/Observer'.
18:52:06: CP:C17.SeC.7248 has used '/Observer'.
18:52:13: CP:C17.SeC.7248 has used '/Observer'.
18:52:13: CP:C17.SeC.7248 has used '/Observer'.
18:52:15: CP:C17.SeC.7248 has used '/Observer'.
18:52:15: CP:C17.SeC.7248 has used '/Observer'.
18:52:22: CP:C17.RCT.7075 has used '/CharAddTrait Rct организованый'.
18:52:30: CP:C17.RCT.7075 has used '/CharAddTrait Rct Организованный'.
18:52:37: CP:C17.RCT.7075 has used '/CharAddTrait Rct Хулиган'.
18:52:49: CP:C17.RCT.7075получил 65 из 110 с усилением 16 из-за чего выпало 81.
18:52:49: CP:C17.RCT.7075 has used '/Roll'.
18:53:03: CP:C17.SeC.7248 has taken 30 damage from worldspawn, leaving them at 70 health and 150 armor!
18:53:24: CP:C17.OfC.0303 has used '/CharSetName rct CP:C17.OfC.0303'.
18:54:08: CP:C17.OfC.0303 has used '/CharGiveItem ofc 9mm'.
18:54:12: CP:C17.OfC.0303 has used '/CharGiveItem ofc pistol'.
18:54:55: CP:C17.OfC.0303 has used '/CharSetFlags OfC C G'.
18:55:00: CP:C17.OfC.0303 has used '/CharSetFlags OfC G'.
18:55:08: CP:C17.OfC.0303 has gained a 9mm Pistol Bullets 1457452560.
18:55:08: CP:C17.OfC.0303 has used '/CharGiveItem ofc 9mm'.
18:55:13: CP:C17.OfC.0303 has gained a USP Match 1457452566.
18:55:13: CP:C17.OfC.0303 has used '/CharGiveItem ofc usp'.
18:55:17: CP:C17.OfC.0303 has lost a USP Match 1457452566.
18:55:17: CP:C17.OfC.0303 has used '/InvAction use sxbase_uspmatch 1457452566.00'.
18:55:18: CP:C17.OfC.0303 has lost a 9mm Pistol Bullets 1457438703.
18:55:18: CP:C17.OfC.0303 has used '/InvAction use ammo_pistol 1457438703.00'.
18:55:19: CP:C17.OfC.0303 has lost a 9mm Pistol Bullets 1457438704.
18:55:19: CP:C17.OfC.0303 has used '/InvAction use ammo_pistol 1457438704.00'.
18:55:20: CP:C17.OfC.0303 has lost a 9mm Pistol Bullets 1457452560.
18:55:20: CP:C17.OfC.0303 has used '/InvAction use ammo_pistol 1457452560.00'.
18:56:52: CP:C17.OfC.0303 has used '/CharGiveItem ofc M40A1/w'.
18:56:58: CP:C17.OfC.0303 has used '/CharGiveItem ofc M40A1/woptic'.
18:57:00: CP:C17.OfC.0303 has gained a M40A1 1457452674.
18:57:00: CP:C17.OfC.0303 has used '/CharGiveItem ofc M40A1'.
18:57:02: CP:C17.OfC.0303 has lost a M40A1 1457452674.
18:57:02: CP:C17.OfC.0303 has used '/InvAction use sxbase_m40a1 1457452674.00'.
18:57:20: CP:C17.OfC.0303 has used '/Observer'.
18:57:27: CP:C17.OfC.0303 has used '/Observer'.
18:57:50: CP:C17.OfC.0303 has used '/CharAttributeAdd ofc Stamina 100'.
18:57:54: CP:C17.SeC.7248 has used '/Event *Вы услышали очень громкий взрыв со стороны D6.* Ходят слухи, что Сопротивление опять что-то задумало. Может, стоит проверить, что там?'.
18:58:13: CP:C17.OfC.0303 has used '/CharAttributeAdd ofc Strengh 100'.
18:58:30: CP:C17.OfC.0303 has used '/CharAttributeAdd ofc Strenght 100'.
18:58:41: CP:C17.OfC.0303 has used '/CharAttributeAdd ofc Strength 100'.
18:58:51: CP:C17.OfC.0303 has used '/CharAttributeAdd ofc acrobatics 100'.
18:59:01: CP:C17.OfC.0303 has used '/CharAttributeAdd ofc endurance 100'.
18:59:09: CP:C17.OfC.0303 has used '/CharAttributeAdd ofc agilyti 100'.
18:59:13: CP:C17.OfC.0303 has used '/CharAttributeAdd ofc agiliti 100'.
18:59:21: CP:C17.OfC.0303 has used '/CharAttributeAdd ofc agility 100'.
18:59:29: CP:C17.OfC.0303 has used '/CharAttributeAdd ofc medical 100'.
18:59:39: CP:C17.OfC.0303 has used '/CharAttributeAdd ofc dexterity 100'.
18:59:50: CP:C17.OfC.0303 has gained a M40A1 1457452674.
19:00:04: CP:C17.OfC.0303 has gained a Backpack 1457452859.
19:00:04: CP:C17.OfC.0303 has gained a Backpack 1457452860.
19:00:04: CP:C17.OfC.0303 has used '/CharGiveItem ofc backpack 2'.
19:00:12: CP:C17.OfC.0303 has gained a Backpack 1457452869.
19:00:12: CP:C17.OfC.0303 has used '/CharGiveItem ofc backpack 1'.
19:00:15: CP:C17.OfC.0303 has lost a Backpack 1457452869.
19:00:15: CP:C17.OfC.0303 has used '/InvAction drop backpack 1457452869.00'.
19:00:30: CP:C17.OfC.0303 has used '/Observer'.
19:00:45: CP:C17.OfC.0303 has used '/Dispatch Test'.
19:00:50: CP:C17.OfC.0303 has used '/Observer'.
19:00:51: CP:C17.OfC.0303 has used '/Observer'.
19:00:53: CP:C17.OfC.0303 has used '/Observer'.
19:01:16: CP:C17.OfC.0303 has used '/CharSetFlags ofc 9'.
19:01:20: CP:C17.OfC.0303 has used '/Observer'.
19:01:21: CP:C17.OfC.0303 has used '/Observer'.
19:01:46: CP:C17.OfC.0303 has used '/CharSetFlags ofc GCBVdqwdasdgqwept'.
19:01:54: CP:C17.OfC.0303 has used '/CharSetFlags ofc  SVBN'.
19:02:19: CP:C17.OfC.0303 has used '/Observer'.
19:02:21: CP:C17.OfC.0303 has used '/Observer'.
19:02:22: CP:C17.OfC.0303 has used '/Observer'.
19:02:25: CP:C17.OfC.0303 has used '/Observer'.
19:02:25: CP:C17.OfC.0303 has used '/Observer'.
19:02:27: CP:C17.OfC.0303 has used '/Observer'.
19:02:29: CP:C17.OfC.0303 has used '/Observer'.
19:02:29: CP:C17.OfC.0303 has used '/Observer'.
19:02:30: CP:C17.OfC.0303 has used '/Observer'.
19:02:31: CP:C17.OfC.0303 has used '/Observer'.
19:02:33: CP:C17.OfC.0303 has used '/Observer'.
19:02:33: CP:C17.OfC.0303 has used '/Observer'.
19:02:34: CP:C17.OfC.0303 has used '/Observer'.
19:02:35: CP:C17.OfC.0303 has used '/Observer'.
19:02:37: CP:C17.OfC.0303 has used '/Observer'.
19:02:38: CP:C17.OfC.0303 has used '/Observer'.
19:02:39: CP:C17.OfC.0303 has used '/Observer'.
19:02:40: CP:C17.OfC.0303 has used '/Observer'.
19:03:02: CP:C17.OfC.0303 has used '/CharForceFallOver ofc 1'.
19:03:32: CP:C17.OfC.0303 has used '/SetClass 4833.00'.
19:03:33: CP:C17.OfC.0303 has used '/SetClass 4833.00'.
19:04:27: CP:C17.OfC.0303 has used '/CharSetFlags ofc eptd'.
19:05:14: CP:C17.OfC.0303 has used '/TextRemove'.
19:05:16: CP:C17.OfC.0303 has used '/TextRemove'.
19:05:16: CP:C17.OfC.0303 has used '/TextRemove'.
19:05:50: CP:C17.OfC.0303 has lost a M40A1 1457452674.
19:05:50: CP:C17.OfC.0303 has used '/InvAction use sxbase_m40a1 1457452674.00'.
19:06:37: CP:C17.OfC.0303 has gained a USP Match 1457452566.
19:06:38: CP:C17.OfC.0303 has gained a M40A1 1457452674.
19:07:11: CP:C17.OfC.0303 has used '/CharSetArmor CP:C17.OfC.0303'.
19:07:15: CP:C17.OfC.0303 has used '/Observer'.
19:07:16: CP:C17.OfC.0303 has used '/Observer'.
19:07:17: CP:C17.OfC.0303 has used '/Observer'.
19:07:17: CP:C17.OfC.0303 has used '/Observer'.
19:07:17: CP:C17.OfC.0303 has used '/Observer'.
19:07:18: CP:C17.OfC.0303 has used '/Observer'.
19:07:19: CP:C17.OfC.0303 has used '/Observer'.
19:07:19: CP:C17.OfC.0303 has used '/Observer'.
19:07:21: CP:C17.OfC.0303 has used '/Observer'.
19:07:22: CP:C17.OfC.0303 has used '/Observer'.
19:07:22: CP:C17.OfC.0303 has used '/Observer'.
19:07:23: CP:C17.OfC.0303 has used '/Observer'.
19:07:30: CP:C17.OfC.0303 has used '/Observer'.
19:07:30: CP:C17.OfC.0303 has used '/Observer'.
19:07:31: CP:C17.OfC.0303 has used '/Observer'.
19:07:34: CP:C17.OfC.0303 has used '/Observer'.
19:07:35: CP:C17.OfC.0303 has used '/Observer'.
19:07:36: CP:C17.OfC.0303 has used '/Observer'.
19:07:37: CP:C17.OfC.0303 has used '/Observer'.
19:07:37: CP:C17.OfC.0303 has used '/Observer'.
19:07:38: CP:C17.OfC.0303 has used '/Observer'.
19:07:39: CP:C17.OfC.0303 has used '/Observer'.
19:07:40: CP:C17.OfC.0303 has used '/Observer'.
19:07:40: CP:C17.OfC.0303 has used '/Observer'.
19:07:41: CP:C17.OfC.0303 has used '/Observer'.
19:07:41: CP:C17.OfC.0303 has used '/Observer'.
19:07:42: CP:C17.OfC.0303 has used '/Observer'.
19:07:43: CP:C17.OfC.0303 has used '/Observer'.
19:07:44: CP:C17.OfC.0303 has used '/Observer'.
19:07:44: CP:C17.OfC.0303 has used '/Observer'.
19:07:46: CP:C17.OfC.0303 has used '/Observer'.
19:07:53: CP:C17.OfC.0303 has lost a USP Match 1457452566.
19:07:53: CP:C17.OfC.0303 has used '/InvAction use sxbase_uspmatch 1457452566.00'.
19:07:57: CP:C17.OfC.0303 has used '/Observer'.
19:08:55: CP:C17.OfC.0303 has used '/Observer'.
19:08:55: CP:C17.OfC.0303 has used '/Observer'.
19:08:56: CP:C17.OfC.0303 has used '/Observer'.
19:08:57: CP:C17.OfC.0303 has used '/Observer'.
19:10:06: CP:C17.OfC.0303 has used '/CharSetModel ofc models/metropolice/leet_police.mdl'.
19:11:40: CP:C17.OfC.0303 has used '/Observer'.
19:11:40: CP:C17.OfC.0303 has used '/Observer'.
19:12:33: CP:C17.OfC.0303 has used '/Observer'.
19:12:35: CP:C17.OfC.0303 has used '/Observer'.
19:12:37: CP:C17.OfC.0303 has used '/Observer'.
19:12:37: CP:C17.OfC.0303 has used '/Observer'.
19:12:42: CP:C17.OfC.0303 has used '/Observer'.
19:12:43: CP:C17.OfC.0303 has used '/Observer'.
19:12:44: CP:C17.OfC.0303 has used '/Observer'.
19:12:44: CP:C17.OfC.0303 has used '/Observer'.
19:13:10: CP:C17.OfC.0303 has used '/CharGiveItem ofc beretta'.
19:13:19: CP:C17.OfC.0303 has used '/CharSetFlags ofc G'.
19:13:21: CP:C17.OfC.0303 has gained a M9 Beretta 1457453660.
19:13:21: CP:C17.OfC.0303 has used '/CharGiveItem ofc beretta'.
19:13:24: CP:C17.OfC.0303 has gained a USP Match 1457452566.
19:13:25: CP:C17.OfC.0303 has lost a M9 Beretta 1457453660.
19:13:25: CP:C17.OfC.0303 has used '/InvAction use sxbase_m9 1457453660.00'.
19:14:40: CP:C17.OfC.0303 has used '/CharSetModel 303 models/metropolice/female_policemedic.mdl'.
19:16:59: CP:C17.OfC.0303получил 118 из 130 с усилением 11 из-за чего выпало 129.
19:16:59: CP:C17.OfC.0303 has used '/Roll'.
19:17:47: CP:C17.OfC.0303 has used '/CharPhysDesc'.
19:18:16: CP:C17.OfC.0303 has used '/CharPhysDesc Tall Metro-Police Force Unit, Standard Elite Uniform, White Gasmask, Stunstick & 9mm USP Match On His Belt.'.
19:19:59: CP:C17.OfC.0303 has used '/CharSetModel ofc models/metropolice/playermodels/pm_policetrench2.mdl'.
19:20:09: CP:C17.OfC.0303 has used '/CharSetModel ofc models/metropolice/policetrench2.mdl'.
19:41:12: Andrew has used '/CharTransfer SeC Citizen Andrew Karmanov'.
19:42:44: CP:C17.OfC.0303 has used '/Observer'.
19:42:45: CP:C17.OfC.0303 has used '/Observer'.
19:42:46: CP:C17.OfC.0303 has used '/Observer'.
19:42:46: CP:C17.OfC.0303 has used '/Observer'.
19:42:48: CP:C17.OfC.0303 has used '/Observer'.
19:42:51: CP:C17.OfC.0303 has used '/Observer'.
19:42:51: CP:C17.OfC.0303 has used '/Observer'.
19:42:52: CP:C17.OfC.0303 has used '/Observer'.
19:42:59: CP:C17.OfC.0303 has used '/Observer'.
19:42:59: CP:C17.OfC.0303 has used '/Observer'.
19:43:03: CP:C17.OfC.0303 has used '/Observer'.
19:43:05: CP:C17.OfC.0303 has used '/Observer'.
19:43:10: Andrew Karmanov has used '/CharSetName Andrew Andrew Karmanov'.
19:43:31: CP:C17.OfC.0303 has gained a M9 Beretta 1457453660.
19:43:34: CP:C17.OfC.0303 has lost a USP Match 1457452566.
19:43:34: CP:C17.OfC.0303 has used '/InvAction use sxbase_uspmatch 1457452566.00'.
19:45:55: CP:C17.OfC.0303 has used '/Observer'.
19:45:57: CP:C17.OfC.0303 has used '/Observer'.
19:48:15: CP:C17.OfC.0303 has used '/Observer'.
19:48:26: CP:C17.OfC.0303 has used '/Observer'.
19:48:28: CP:C17.OfC.0303 has used '/Observer'.
19:48:28: CP:C17.OfC.0303 has used '/Observer'.
19:48:49: CP:C17.OfC.0303 has used '/VisorSettings'.
19:49:19: CP:C17.OfC.0303 has used '/Observer'.
19:49:20: CP:C17.OfC.0303 has used '/Observer'.
19:54:45: CP:C17.OfC.0303 has used '/DoorSetAllUnownable 0'.
19:55:03: Andrew Karmanov (STEAM_0:0:34008601) has disconnected.
19:55:07: CP:C17.OfC.0303 has used '/DoorSetAllUnownable ---'.
19:56:01: CP:C17.OfC.0303 has used '/Observer'.
19:56:01: CP:C17.OfC.0303 has used '/Observer'.
19:56:02: CP:C17.OfC.0303 has used '/Observer'.
19:56:03: CP:C17.OfC.0303 has used '/Observer'.
19:56:04: CP:C17.OfC.0303 has used '/Observer'.
19:56:06: CP:C17.OfC.0303 has used '/Observer'.
19:56:07: CP:C17.OfC.0303 has used '/Observer'.
19:56:35: CP:C17.OfC.0303 has used '/Observer'.
19:56:35: CP:C17.OfC.0303 has used '/Observer'.
19:56:45: CP:C17.OfC.0303 has used '/Observer'.
19:56:45: CP:C17.OfC.0303 has used '/Observer'.
19:56:45: CP:C17.OfC.0303 has used '/Observer'.
19:56:46: CP:C17.OfC.0303 has used '/Observer'.
19:56:46: CP:C17.OfC.0303 has used '/Observer'.
19:56:47: CP:C17.OfC.0303 has used '/Observer'.
19:56:48: CP:C17.OfC.0303 has used '/Observer'.
19:56:48: CP:C17.OfC.0303 has used '/Observer'.
19:56:48: CP:C17.OfC.0303 has used '/Observer'.
19:56:49: CP:C17.OfC.0303 has used '/Observer'.
19:57:18: CP:C17.OfC.0303 has used '/Observer'.
19:57:19: CP:C17.OfC.0303 has used '/Observer'.
19:57:21: CP:C17.OfC.0303 has used '/Observer'.
19:57:22: CP:C17.OfC.0303 has used '/Observer'.
19:57:22: CP:C17.OfC.0303 has used '/Observer'.
19:57:23: CP:C17.OfC.0303 has used '/Observer'.
19:57:23: CP:C17.OfC.0303 has used '/Observer'.
19:57:24: CP:C17.OfC.0303 has used '/Observer'.
19:57:24: CP:C17.OfC.0303 has used '/Observer'.
20:43:48: CP:C17.OfC.0303 (STEAM_0:0:47365111) has disconnected.
