19:29:39: SchωarzKruppzo (STEAM_0:1:44629398) has connected.
19:31:55: SchωarzKruppzo has loaded the character 'CP:C17.i4.0981'.
19:32:34: CP:C17.i4.0981 has used '/CharSetCPOutfit i4 0_00000000_0_0_0'.
19:32:38: CP:C17.i4.0981 has used '/CharSetCPOutfit i4 0_00100000_0_0_0'.
19:32:42: SchωarzKruppzo has loaded the character 'TestTestTestTestTestTestTestTestTestTestTestTest'.
19:32:48: SchωarzKruppzo has loaded the character 'CP:C17.i4.0981'.
19:33:09: CP:C17.i4.0981 (STEAM_0:1:44629398) has disconnected.
19:34:30: SchωarzKruppzo (STEAM_0:1:44629398) has connected.
19:36:36: SchωarzKruppzo has loaded the character 'TestTestTestTestTestTestTestTestTestTestTestTest'.
19:36:58: TestTestTestTestTestTestTestTestTestTestTestTest has used '/CharGiveItem test CWU'.
19:37:05: TestTestTestTestTestTestTestTestTestTestTestTest has used '/CharGiveFlags test g'.
19:37:06: TestTestTestTestTestTestTestTestTestTestTestTest has used '/CharGiveItem test CWU'.
19:37:08: TestTestTestTestTestTestTestTestTestTestTestTest has used '/CharGiveFlags test G'.
19:37:09: TestTestTestTestTestTestTestTestTestTestTestTest has gained a Рубашка CWU 1458319030.
19:37:09: TestTestTestTestTestTestTestTestTestTestTestTest has used '/CharGiveItem test CWU'.
19:37:14: TestTestTestTestTestTestTestTestTestTestTestTest has used '/InvAction use Рубашка_cwu 1458319030.00'.
19:37:38: SchωarzKruppzo has loaded the character 'CP:C17.i4.0981'.
19:37:42: SchωarzKruppzo has loaded the character 'TestTestTestTestTestTestTestTestTestTestTestTest'.
19:37:47: TestTestTestTestTestTestTestTestTestTestTestTest has lost a Рубашка CWU 1458319030.
19:37:48: TestTestTestTestTestTestTestTestTestTestTestTest has gained a Рубашка CWU 1458319030.
19:37:48: TestTestTestTestTestTestTestTestTestTestTestTest has used '/InvAction use Рубашка_cwu 1458319030'.
19:38:03: TestTestTestTestTestTestTestTestTestTestTestTest (STEAM_0:1:44629398) has disconnected.
19:39:22: SchωarzKruppzo (STEAM_0:1:44629398) has connected.
19:41:14: SchωarzKruppzo has loaded the character 'TestTestTestTestTestTestTestTestTestTestTestTest'.
19:41:23: TestTestTestTestTestTestTestTestTestTestTestTest (STEAM_0:1:44629398) has disconnected.
23:59:47: SchωarzKruppzo (STEAM_0:1:44629398) has connected.
