23:08:36: CCA:c17.i1:m.0793 has used '/StaticAdd'.
23:10:13: HDoom Soul (STEAM_0:0:22550015 / 95.28.181.149:27005) has connected.
23:11:19: HDoom Soul has loaded the character 'Джонас Роуд'.
23:11:39: Джонас Роуд has used '/StorageClose'.
23:11:43: Джонас Роуд has used '/StorageClose'.
23:12:37: Джонас Роуд has used '/SetMood Frustrated'.
23:14:35: Schwarz Kruppzo (STEAM_0:1:44629398 / 213.24.126.205:40338) has connected.
23:15:17: Mato (STEAM_0:0:28658387 / 188.32.97.126:27005) has connected.
23:15:46: Mato has loaded the character 'Kirill Kosmodemyanski'.
23:17:29: Vesthamer (STEAM_0:1:10947122 / 77.235.99.186:27005) has connected.
23:17:42: Kirill Kosmodemyanski has lost a Ration Package 1498502336.
23:17:42: Kirill Kosmodemyanski has used '/InvAction #Drop ration_package 1498502336.00'.
23:17:43: Kirill Kosmodemyanski has lost a Ration Package 1498504349.
23:17:43: Kirill Kosmodemyanski has used '/InvAction #Drop ration_package 1498504349.00'.
23:17:53: Kirill Kosmodemyanski has gained a Ration Package 1498504349.
23:18:01: Kirill Kosmodemyanski has used '/InvAction use cw_suitcase 1498498639.00'.
23:18:07: Kirill Kosmodemyanski has gained a Standard Ration 1498508258.
23:18:08: Kirill Kosmodemyanski has gained a Ration Package 1498502336.
23:18:30: Kirill Kosmodemyanski has gained a Citizen Supplements 1498508316.
23:18:30: Kirill Kosmodemyanski has gained a Breen's Water 1498508317.
23:18:30: Kirill Kosmodemyanski has gained a Ration Package 1498508318.
23:18:30: Kirill Kosmodemyanski has lost a Standard Ration 1498508258.
23:18:30: Kirill Kosmodemyanski has used '/InvAction use ration_standard 1498508258.00'.
23:18:47: Schwarz Kruppzo has loaded the character 'Bug Report'.
23:19:15: Bug Report has used '/Observer'.
23:19:21: Kirill Kosmodemyanski has gained a Union Branded Banana 1498508370.
23:19:24: Bug Report has used '/Observer'.
23:19:25: Vesthamer has loaded the character 'CCA:c17.i1:m.0793'.
23:19:48: Джонас Роуд has gained a Citizen Supplements 1498508398.
23:19:48: Джонас Роуд has gained a Breen's Water 1498508399.
23:19:48: Джонас Роуд has gained a Ration Package 1498508400.
23:19:48: Джонас Роуд has lost a Standard Ration 1498506466.
23:19:48: Джонас Роуд has used '/InvAction use ration_standard 1498506466.00'.
23:19:48: Bug Report has gained a Armored Gasmask 1498403480.
23:19:49: Bug Report has gained a Civil Protection Special Forces Headset 1498403489.
23:19:51: Джонас Роуд has gained a Citizen Supplements 1498508404.
23:19:51: Джонас Роуд has gained a Breen's Water 1498508405.
23:19:51: Джонас Роуд has gained a Ration Package 1498508406.
23:19:51: Джонас Роуд has lost a Standard Ration 1498508032.
23:19:51: Джонас Роуд has used '/InvAction use ration_standard 1498508032.00'.
23:19:55: Bug Report has lost a Civil Protection Special Forces Headset 1498403489.
23:19:55: Bug Report has used '/InvAction #Drop civil_protection_special_forces_headset 1498403489.00'.
23:19:59: Джонас Роуд has gained a Empty Can 1498508415.
23:19:59: Джонас Роуд has lost a Special Breen's Water 1498429427.
23:19:59: Джонас Роуд has used '/InvAction use special_breens_water 1498429427.00'.
23:20:00: Bug Report has gained a Civil Protection Special Forces Headset 1498403489.
23:20:00: Bug Report has used '/InvAction use civil_protection_special_forces_headset 1498403489'.
23:20:10: Bug Report has used '/InvAction use armored_gasmask 1498403480.00'.
23:20:26: Kirill Kosmodemyanski has gained a Empty Jug 1498508443.
23:20:34: CCA:c17.i1:m.0793 has used '/Observer'.
23:20:37: CCA:c17.i1:m.0793 has used '/Observer'.
23:20:43: [LOOC] CCA:c17.i1:m.0793: падиниц
23:20:43: [LOOC] CCA:c17.i1:m.0793: падиниц
23:20:45: Kirill Kosmodemyanski has gained a Civil Protection Supplements 1498508463.
23:20:51: Bug Report says: "<:: щас включу"
23:21:00: [LOOC] CCA:c17.i1:m.0793: я щас в другой конце сорьке
23:21:00: [LOOC] CCA:c17.i1:m.0793: я щас в другой конце сорьке
23:21:31: Kirill Kosmodemyanski has lost a Ration Package 1498502336.
23:21:31: Kirill Kosmodemyanski has used '/InvAction #Drop ration_package 1498502336.00'.
23:21:33: Kirill Kosmodemyanski has lost a Ration Package 1498504349.
23:21:33: Kirill Kosmodemyanski has used '/InvAction #Drop ration_package 1498504349.00'.
23:21:35: Kirill Kosmodemyanski has lost a Ration Package 1498508318.
23:21:35: Kirill Kosmodemyanski has used '/InvAction #Drop ration_package 1498508318.00'.
23:21:40: Kirill Kosmodemyanski has lost a Empty Jug 1498508443.
23:21:40: Kirill Kosmodemyanski has used '/InvAction #Drop empty_jug 1498508443.00'.
23:21:43: Kirill Kosmodemyanski has gained a Bleach 1498508502.
23:22:34: Kirill Kosmodemyanski has gained a Paper 1498505233.
23:22:34: Kirill Kosmodemyanski has used '/InvAction use paper 1498505233'.
23:22:35: Kirill Kosmodemyanski has lost a Paper 1498505233.
23:22:40: Джонас Роуд has gained a Cargo Pants 1498508581.
23:22:51: Джонас Роуд has used '/InvAction use cargo_pants 1498508581.00'.
23:23:08: Джонас Роуд has gained a Empty Can 1498508610.
23:23:50: CCA:c17.i1:m.0793 (STEAM_0:1:10947122 / 77.235.99.186:27005) has disconnected.
23:23:56: Шампиньон (STEAM_0:0:54566263 / 178.140.58.86:27005) has connected.
23:23:59: Bug Report has used '/Observer'.
23:24:42: Unspeakable (STEAM_0:0:47262406 / 176.49.82.30:27005) has connected.
23:24:58: Джонас Роуд has gained a Old soda 1498508721.
23:24:59: Шампиньон has loaded the character 'Donald Shekelmann'.
23:25:11: Шампиньон has loaded the character 'Donald Shekelmann Junior'.
23:25:18: Шампиньон has loaded the character 'Donald Shekelmann'.
23:25:45: Donald Shekelmann (STEAM_0:0:54566263 / 178.140.58.86:27005) has disconnected.
23:26:23: Джонас Роуд has gained a Hawthorn 1498508807.
23:27:06: Unspeakable has loaded the character 'Edward Armstrong'.
23:27:11: Edward Armstrong has used '/Observer'.
23:28:05: Kirill Kosmodemyanski has lost a Union Branded Banana 1498508370.
23:28:05: Kirill Kosmodemyanski has used '/InvAction #Drop union_branded_banana 1498508370.00'.
23:28:10: Kirill Kosmodemyanski has lost a Olive Oil 1498402603.
23:28:10: Kirill Kosmodemyanski has used '/InvAction #Drop olive_oil 1498402603.00'.
23:28:32: Kirill Kosmodemyanski has lost a Refined Metal 1498500910.
23:28:32: Kirill Kosmodemyanski has used '/InvAction #Drop refined_metal 1498500910.00'.
23:28:53: Kirill Kosmodemyanski has used '/InvAction use cw_suitcase 1498498639.00'.
23:28:57: Kirill Kosmodemyanski has used '/InvAction use cw_suitcase 1498498639.00'.
23:28:58: Kirill Kosmodemyanski has used '/InvAction use cw_suitcase 1498498639.00'.
23:29:01: Kirill Kosmodemyanski has used '/InvAction use cw_suitcase 1498498639.00'.
23:29:09: Джонас Роуд has gained a Empty Plastic Bottle 1498508815.
23:29:11: Kirill Kosmodemyanski has lost a Bleach 1498508502.
23:29:11: Kirill Kosmodemyanski has used '/InvAction #Drop bleach 1498508502.00'.
23:29:25: Kirill Kosmodemyanski (STEAM_0:0:28658387 / 188.32.97.126:27005) has disconnected.
23:30:10: Джонас Роуд has gained a Empty Can 1498509037.
23:32:05: Джонас Роуд has gained a Empty Jug 1498509153.
23:34:30: Edward Armstrong has spawned 'models/props_trainstation/traincar_seats001.mdl'.
23:34:30: Edward Armstrong has spawned 'models/props_trainstation/traincar_seats001.mdl'.
23:34:59: Джонас Роуд has gained a Empty Can 1498509328.
23:35:06: Edward Armstrong has spawned 'models/props_trainstation/traincar_seats001.mdl'.
23:35:06: Edward Armstrong has spawned 'models/props_trainstation/traincar_seats001.mdl'.
23:35:39: Edward Armstrong has spawned 'models/props/cs_militia/wood_table.mdl'.
23:35:39: Edward Armstrong has spawned 'models/props/cs_militia/wood_table.mdl'.
23:36:18: Edward Armstrong has spawned 'models/props/de_tides/planter.mdl'.
23:36:18: Edward Armstrong has spawned 'models/props/de_tides/planter.mdl'.
23:36:37: Edward Armstrong has spawned 'models/props/de_tides/planter.mdl'.
23:36:37: Edward Armstrong has spawned 'models/props/de_tides/planter.mdl'.
23:39:39: Edward Armstrong has spawned 'models/props/de_tides/planter.mdl'.
23:39:39: Edward Armstrong has spawned 'models/props/de_tides/planter.mdl'.
23:40:57: Edward Armstrong has used '/StaticAdd'.
23:40:59: Edward Armstrong has used '/StaticAdd'.
23:41:02: Edward Armstrong has used '/StaticAdd'.
23:41:09: Edward Armstrong has used '/StaticAdd'.
23:41:11: Edward Armstrong has used '/StaticAdd'.
23:41:31: Edward Armstrong has spawned 'models/props_phx/construct/metal_wire2x2b.mdl'.
23:41:31: Edward Armstrong has spawned 'models/props_phx/construct/metal_wire2x2b.mdl'.
23:41:57: Edward Armstrong has spawned 'models/hunter/plates/plate05x3.mdl'.
23:41:57: Edward Armstrong has spawned 'models/hunter/plates/plate05x3.mdl'.
23:42:05: Edward Armstrong has spawned 'models/hunter/plates/plate05x3.mdl'.
23:42:05: Edward Armstrong has spawned 'models/hunter/plates/plate05x3.mdl'.
23:43:34: Джонас Роуд has crafted a Scrap Metal.
23:43:34: Джонас Роуд has lost a Empty Can 1498505444.
23:43:34: Джонас Роуд has lost a Empty Can 1498509328.
23:43:34: Джонас Роуд has lost a Empty Can 1498508415.
23:43:34: Джонас Роуд has lost a Empty Can 1498508610.
23:43:34: Джонас Роуд has lost a Empty Can 1498509037.
23:43:34: Джонас Роуд has gained a Scrap Metal 1498509844.
23:43:34: Джонас Роуд has used '/CraftItem blueprint_scrapmetal'.
23:43:34: Edward Armstrong has spawned 'models/hunter/plates/plate05x3.mdl'.
23:43:34: Edward Armstrong has spawned 'models/hunter/plates/plate05x3.mdl'.
23:43:38: Edward Armstrong has spawned 'models/hunter/plates/plate05x2.mdl'.
23:43:38: Edward Armstrong has spawned 'models/hunter/plates/plate05x2.mdl'.
23:43:50: Edward Armstrong has spawned 'models/hunter/plates/plate05x3.mdl'.
23:43:50: Edward Armstrong has spawned 'models/hunter/plates/plate05x3.mdl'.
23:44:56: Джонас Роуд has gained a Standard Ration 1498509927.
23:45:04: Джонас Роуд has gained a Citizen Supplements 1498509936.
23:45:04: Джонас Роуд has gained a Breen's Water 1498509937.
23:45:04: Джонас Роуд has gained a Ration Package 1498509938.
23:45:04: Джонас Роуд has lost a Standard Ration 1498509927.
23:45:04: Джонас Роуд has used '/InvAction use ration_standard 1498509927.00'.
23:45:20: Edward Armstrong has used '/Observer'.
23:45:23: Edward Armstrong has used '/Observer'.
23:45:52: Edward Armstrong has spawned 'models/hunter/plates/plate075x4.mdl'.
23:45:52: Edward Armstrong has spawned 'models/hunter/plates/plate075x4.mdl'.
23:45:55: Джонас Роуд has used '/CraftItem blueprint_scrapmetal_3'.
23:45:56: Edward Armstrong has spawned 'models/hunter/plates/plate05x4.mdl'.
23:45:56: Edward Armstrong has spawned 'models/hunter/plates/plate05x4.mdl'.
23:46:00: Edward Armstrong has spawned 'models/hunter/plates/plate05x6.mdl'.
23:46:00: Edward Armstrong has spawned 'models/hunter/plates/plate05x6.mdl'.
23:46:08: Edward Armstrong has spawned 'models/hunter/plates/plate05x7.mdl'.
23:46:08: Edward Armstrong has spawned 'models/hunter/plates/plate05x7.mdl'.
23:46:11: Edward Armstrong has spawned 'models/hunter/plates/plate05x8.mdl'.
23:46:11: Edward Armstrong has spawned 'models/hunter/plates/plate05x8.mdl'.
23:46:54: Edward Armstrong has spawned 'models/hunter/plates/plate05x2.mdl'.
23:46:54: Edward Armstrong has spawned 'models/hunter/plates/plate05x2.mdl'.
23:47:00: Edward Armstrong has spawned 'models/hunter/plates/plate05x4.mdl'.
23:47:00: Edward Armstrong has spawned 'models/hunter/plates/plate05x4.mdl'.
23:47:06: Edward Armstrong has spawned 'models/hunter/plates/plate05x3.mdl'.
23:47:06: Edward Armstrong has spawned 'models/hunter/plates/plate05x3.mdl'.
23:47:33: Джонас Роуд has crafted a Bandage.
23:47:33: Джонас Роуд has lost a Cloth 1498322025.
23:47:33: Джонас Роуд has gained a Bandage 1498510088.
23:47:33: Джонас Роуд has used '/CraftItem blueprint_bandage'.
23:47:35: Джонас Роуд has crafted a Bandage.
23:47:35: Джонас Роуд has lost a Cloth 1498322006.
23:47:35: Джонас Роуд has gained a Bandage 1498510091.
23:47:35: Джонас Роуд has used '/CraftItem blueprint_bandage'.
23:49:08: Джонас Роуд has gained a Union Branded Orange 1498510185.
23:49:30: Edward Armstrong has spawned 'models/hunter/plates/plate05x3.mdl'.
23:49:30: Edward Armstrong has spawned 'models/hunter/plates/plate05x3.mdl'.
23:49:42: Джонас Роуд has lost a Empty Jug 1498507774.
23:49:43: Джонас Роуд has lost a Empty Jug 1498509153.
23:49:44: Джонас Роуд has lost a Empty Plastic Bottle 1498508815.
23:50:25: Джонас Роуд has gained a Paper 1498505165.
23:50:25: Джонас Роуд has used '/InvAction use paper 1498505165'.
23:50:25: Джонас Роуд has lost a Paper 1498505165.
23:50:46: Edward Armstrong has used '/StaticAdd'.
23:50:49: Edward Armstrong has used '/StaticAdd'.
23:50:52: Edward Armstrong has used '/StaticAdd'.
23:50:55: Edward Armstrong has used '/StaticAdd'.
23:50:58: Edward Armstrong has used '/StaticAdd'.
23:51:01: Edward Armstrong has used '/StaticAdd'.
23:51:22: Джонас Роуд has gained a Empty Chinese Takeout 1498510320.
23:51:25: Edward Armstrong has spawned 'models/props_junk/TrashDumpster01a.mdl'.
23:51:25: Edward Armstrong has spawned 'models/props_junk/TrashDumpster01a.mdl'.
23:51:41: Джонас Роуд has gained a Bleach 1498510340.
23:52:11: Джонас Роуд has gained a Union Branded Crisps 1498510371.
23:52:19: Джонас Роуд has lost a Union Branded Crisps 1498510371.
23:52:19: Джонас Роуд has used '/InvAction use union_branded_crisps 1498510371.00'.
23:52:29: Джонас Роуд has gained a Empty Plastic Bottle 1498510390.
23:52:29: Джонас Роуд has lost a Old soda 1498508721.
23:52:29: Джонас Роуд has used '/InvAction use old_soda 1498508721.00'.
23:52:58: Bug Report (STEAM_0:1:44629398 / 213.24.126.205:40338) has disconnected.
23:53:05: Edward Armstrong has spawned 'models/props_canal/mattpipe.mdl'.
23:53:05: Edward Armstrong has spawned 'models/props_canal/mattpipe.mdl'.
23:53:25: Edward Armstrong has spawned 'models/hunter/plates/plate075x105.mdl'.
23:53:25: Edward Armstrong has spawned 'models/hunter/plates/plate075x105.mdl'.
23:53:25: Edward Armstrong has spawned 'models/props_canal/mattpipe.mdl'.
23:53:25: Edward Armstrong has spawned 'models/props_canal/mattpipe.mdl'.
23:53:25: Edward Armstrong has spawned 'models/props_canal/mattpipe.mdl'.
23:53:25: Edward Armstrong has spawned 'models/props_canal/mattpipe.mdl'.
23:53:25: Edward Armstrong has spawned 'models/letters/u.mdl'.
23:53:25: Edward Armstrong has spawned 'models/letters/u.mdl'.
23:53:25: Edward Armstrong has spawned 'models/letters/c.mdl'.
23:53:25: Edward Armstrong has spawned 'models/letters/c.mdl'.
23:53:25: Edward Armstrong has spawned 'models/letters/w.mdl'.
23:53:25: Edward Armstrong has spawned 'models/letters/w.mdl'.
23:53:27: Edward Armstrong has spawned 'models/hunter/plates/plate075x105.mdl'.
23:53:27: Edward Armstrong has spawned 'models/hunter/plates/plate075x105.mdl'.
23:53:27: Edward Armstrong has spawned 'models/props_canal/mattpipe.mdl'.
23:53:27: Edward Armstrong has spawned 'models/props_canal/mattpipe.mdl'.
23:53:27: Edward Armstrong has spawned 'models/props_canal/mattpipe.mdl'.
23:53:27: Edward Armstrong has spawned 'models/props_canal/mattpipe.mdl'.
23:53:27: Edward Armstrong has spawned 'models/letters/u.mdl'.
23:53:27: Edward Armstrong has spawned 'models/letters/u.mdl'.
23:53:27: Edward Armstrong has spawned 'models/letters/c.mdl'.
23:53:27: Edward Armstrong has spawned 'models/letters/c.mdl'.
23:53:27: Edward Armstrong has spawned 'models/letters/w.mdl'.
23:53:27: Edward Armstrong has spawned 'models/letters/w.mdl'.
23:53:41: Edward Armstrong has spawned 'models/hunter/plates/plate075x105.mdl'.
23:53:41: Edward Armstrong has spawned 'models/hunter/plates/plate075x105.mdl'.
23:53:41: Edward Armstrong has spawned 'models/props_canal/mattpipe.mdl'.
23:53:41: Edward Armstrong has spawned 'models/props_canal/mattpipe.mdl'.
23:53:41: Edward Armstrong has spawned 'models/props_canal/mattpipe.mdl'.
23:53:41: Edward Armstrong has spawned 'models/props_canal/mattpipe.mdl'.
23:53:41: Edward Armstrong has spawned 'models/letters/u.mdl'.
23:53:41: Edward Armstrong has spawned 'models/letters/u.mdl'.
23:53:41: Edward Armstrong has spawned 'models/letters/c.mdl'.
23:53:41: Edward Armstrong has spawned 'models/letters/c.mdl'.
23:53:41: Edward Armstrong has spawned 'models/letters/w.mdl'.
23:53:41: Edward Armstrong has spawned 'models/letters/w.mdl'.
23:53:43: Edward Armstrong has spawned 'models/hunter/plates/plate075x105.mdl'.
23:53:43: Edward Armstrong has spawned 'models/hunter/plates/plate075x105.mdl'.
23:53:43: Edward Armstrong has spawned 'models/props_canal/mattpipe.mdl'.
23:53:43: Edward Armstrong has spawned 'models/props_canal/mattpipe.mdl'.
23:53:43: Edward Armstrong has spawned 'models/props_canal/mattpipe.mdl'.
23:53:43: Edward Armstrong has spawned 'models/props_canal/mattpipe.mdl'.
23:53:43: Edward Armstrong has spawned 'models/letters/u.mdl'.
23:53:43: Edward Armstrong has spawned 'models/letters/u.mdl'.
23:53:43: Edward Armstrong has spawned 'models/letters/c.mdl'.
23:53:43: Edward Armstrong has spawned 'models/letters/c.mdl'.
23:53:43: Edward Armstrong has spawned 'models/letters/w.mdl'.
23:53:43: Edward Armstrong has spawned 'models/letters/w.mdl'.
23:54:44: Edward Armstrong has used '/StaticAdd'.
23:54:48: Edward Armstrong has used '/StaticAdd'.
23:54:51: Edward Armstrong has used '/StaticAdd'.
23:54:55: Edward Armstrong has used '/StaticAdd'.
23:54:59: Edward Armstrong has used '/StaticAdd'.
23:55:02: Edward Armstrong has used '/StaticAdd'.
23:55:07: Edward Armstrong has used '/StaticAdd'.
23:55:23: Edward Armstrong has spawned 'models/hunter/plates/plate075x105.mdl'.
23:55:23: Edward Armstrong has spawned 'models/hunter/plates/plate075x105.mdl'.
23:55:23: Edward Armstrong has spawned 'models/letters/u.mdl'.
23:55:23: Edward Armstrong has spawned 'models/letters/u.mdl'.
23:55:23: Edward Armstrong has spawned 'models/props_canal/mattpipe.mdl'.
23:55:23: Edward Armstrong has spawned 'models/props_canal/mattpipe.mdl'.
23:55:23: Edward Armstrong has spawned 'models/props_canal/mattpipe.mdl'.
23:55:23: Edward Armstrong has spawned 'models/props_canal/mattpipe.mdl'.
23:55:23: Edward Armstrong has spawned 'models/letters/w.mdl'.
23:55:23: Edward Armstrong has spawned 'models/letters/w.mdl'.
23:55:23: Edward Armstrong has spawned 'models/letters/c.mdl'.
23:55:23: Edward Armstrong has spawned 'models/letters/c.mdl'.
23:55:27: Edward Armstrong has spawned 'models/hunter/plates/plate075x105.mdl'.
23:55:27: Edward Armstrong has spawned 'models/hunter/plates/plate075x105.mdl'.
23:55:27: Edward Armstrong has spawned 'models/letters/u.mdl'.
23:55:27: Edward Armstrong has spawned 'models/letters/u.mdl'.
23:55:27: Edward Armstrong has spawned 'models/props_canal/mattpipe.mdl'.
23:55:27: Edward Armstrong has spawned 'models/props_canal/mattpipe.mdl'.
23:55:27: Edward Armstrong has spawned 'models/props_canal/mattpipe.mdl'.
23:55:27: Edward Armstrong has spawned 'models/props_canal/mattpipe.mdl'.
23:55:27: Edward Armstrong has spawned 'models/letters/w.mdl'.
23:55:27: Edward Armstrong has spawned 'models/letters/w.mdl'.
23:55:27: Edward Armstrong has spawned 'models/letters/c.mdl'.
23:55:27: Edward Armstrong has spawned 'models/letters/c.mdl'.
23:55:29: Edward Armstrong has spawned 'models/hunter/plates/plate075x105.mdl'.
23:55:29: Edward Armstrong has spawned 'models/hunter/plates/plate075x105.mdl'.
23:55:29: Edward Armstrong has spawned 'models/letters/u.mdl'.
23:55:29: Edward Armstrong has spawned 'models/letters/u.mdl'.
23:55:29: Edward Armstrong has spawned 'models/props_canal/mattpipe.mdl'.
23:55:29: Edward Armstrong has spawned 'models/props_canal/mattpipe.mdl'.
23:55:29: Edward Armstrong has spawned 'models/props_canal/mattpipe.mdl'.
23:55:29: Edward Armstrong has spawned 'models/props_canal/mattpipe.mdl'.
23:55:29: Edward Armstrong has spawned 'models/letters/w.mdl'.
23:55:29: Edward Armstrong has spawned 'models/letters/w.mdl'.
23:55:29: Edward Armstrong has spawned 'models/letters/c.mdl'.
23:55:29: Edward Armstrong has spawned 'models/letters/c.mdl'.
23:55:32: Edward Armstrong has spawned 'models/hunter/plates/plate075x105.mdl'.
23:55:32: Edward Armstrong has spawned 'models/hunter/plates/plate075x105.mdl'.
23:55:32: Edward Armstrong has spawned 'models/letters/u.mdl'.
23:55:32: Edward Armstrong has spawned 'models/letters/u.mdl'.
23:55:32: Edward Armstrong has spawned 'models/props_canal/mattpipe.mdl'.
23:55:32: Edward Armstrong has spawned 'models/props_canal/mattpipe.mdl'.
23:55:32: Edward Armstrong has spawned 'models/props_canal/mattpipe.mdl'.
23:55:32: Edward Armstrong has spawned 'models/props_canal/mattpipe.mdl'.
23:55:32: Edward Armstrong has spawned 'models/letters/w.mdl'.
23:55:32: Edward Armstrong has spawned 'models/letters/w.mdl'.
23:55:32: Edward Armstrong has spawned 'models/letters/c.mdl'.
23:55:32: Edward Armstrong has spawned 'models/letters/c.mdl'.
23:55:36: Джонас Роуд has gained a Civil Protection Ration 1498510578.
23:55:46: Edward Armstrong has used '/StaticAdd'.
23:55:48: Edward Armstrong has used '/StaticAdd'.
23:55:49: Edward Armstrong has used '/StaticAdd'.
23:55:50: Edward Armstrong has used '/StaticAdd'.
23:55:52: Edward Armstrong has used '/StaticAdd'.
23:55:54: Edward Armstrong has used '/StaticAdd'.
23:55:55: Джонас Роуд has gained a Civil Protection Supplements 1498510598.
23:55:55: Джонас Роуд has gained a Special Breen's Water 1498510599.
23:55:55: Джонас Роуд has gained a Ration Package 1498510600.
23:55:55: Джонас Роуд has lost a Civil Protection Ration 1498510578.
23:55:55: Джонас Роуд has used '/InvAction use ration_cp 1498510578.00'.
23:56:20: Джонас Роуд has gained a Empty Glass Bottle 1498510626.
23:56:23: Edward Armstrong has spawned 'models/props_trainstation/bench_indoor001a.mdl'.
23:56:23: Edward Armstrong has spawned 'models/props_trainstation/bench_indoor001a.mdl'.
23:56:31: Edward Armstrong has used '/StaticAdd'.
23:56:39: Edward Armstrong has spawned 'models/props_trainstation/bench_indoor001a.mdl'.
23:56:39: Edward Armstrong has spawned 'models/props_trainstation/bench_indoor001a.mdl'.
23:56:41: Джонас Роуд has gained a Empty Glass Bottle 1498510648.
23:56:54: Edward Armstrong has used '/StaticAdd'.
23:57:00: Edward Armstrong has spawned 'models/props_trainstation/bench_indoor001a.mdl'.
23:57:00: Edward Armstrong has spawned 'models/props_trainstation/bench_indoor001a.mdl'.
23:57:13: Джонас Роуд has lost a Union Branded Orange 1498510185.
23:57:13: Джонас Роуд has used '/InvAction use union_branded_orange 1498510185.00'.
23:57:15: Edward Armstrong has used '/StaticAdd'.
23:58:14: Edward Armstrong has spawned 'models/props_building_details/courtyard_template002c_bars.mdl'.
23:58:14: Edward Armstrong has spawned 'models/props_building_details/courtyard_template002c_bars.mdl'.
23:58:19: Edward Armstrong has spawned 'models/props_building_details/courtyard_template001c_bars.mdl'.
23:58:19: Edward Armstrong has spawned 'models/props_building_details/courtyard_template001c_bars.mdl'.
23:58:28: Edward Armstrong has spawned 'models/props_building_details/courtyard_template002c_bars.mdl'.
23:58:28: Edward Armstrong has spawned 'models/props_building_details/courtyard_template002c_bars.mdl'.
23:58:31: Edward Armstrong has spawned 'models/props_building_details/courtyard_template002c_bars.mdl'.
23:58:31: Edward Armstrong has spawned 'models/props_building_details/courtyard_template002c_bars.mdl'.
23:58:44: Джонас Роуд has lost a Empty Glass Bottle 1498510648.
23:58:45: Джонас Роуд has lost a Empty Glass Bottle 1498510626.
23:58:46: Джонас Роуд has lost a Empty Plastic Bottle 1498510390.
23:58:47: Джонас Роуд has lost a Empty Chinese Takeout 1498510320.
23:59:53: Джонас Роуд has crafted a Scrap Metal.
23:59:53: Джонас Роуд has lost a Ration Package 1498509938.
23:59:53: Джонас Роуд has lost a Ration Package 1498510600.
23:59:53: Джонас Роуд has lost a Ration Package 1498507732.
23:59:53: Джонас Роуд has lost a Ration Package 1498508400.
23:59:53: Джонас Роуд has lost a Ration Package 1498508406.
23:59:53: Джонас Роуд has gained a Scrap Metal 1498510841.
23:59:53: Джонас Роуд has used '/CraftItem blueprint_scrapmetal_3'.
23:59:54: Edward Armstrong has used '/Observer'.
23:59:57: Edward Armstrong has used '/Observer'.
