22:56:04: Schwarz Kruppzo (STEAM_0:1:44629398 / 109.161.90.38:27005) has connected.
23:00:04: Schwarz Kruppzo has created a Security character called 'Erih Siebeneh'.
23:00:04: Schwarz Kruppzo has loaded the character 'Erih Siebeneh'.
23:06:53: Schwarz Kruppzo (STEAM_0:1:44629398 / 109.161.90.38:27005) has connected.
23:08:48: Schwarz Kruppzo has loaded the character 'Erih Siebeneh'.
23:10:06: Erih Siebeneh has used '/AddConnectList "STEAM_0:1:37316814"'.
23:13:42: Erih Siebeneh has used '/AddConnectList STEAM_0:0:34008601'.
23:14:01: Erih Siebeneh has used '/AddConnectList STEAM_0:0:340086012'.
23:14:51: Puella Septica (STEAM_0:0:34008601 / 94.181.40.159:27005) has connected.
23:15:07: Erih Siebeneh has used '/AddConnectList STEAM_0:1:37316814'.
23:15:25: Erih Siebeneh has used '/Observer'.
23:15:25: Erih Siebeneh has used '/Observer'.
23:15:25: Erih Siebeneh has used '/Observer'.
23:15:26: Erih Siebeneh has used '/Observer'.
23:15:57: Erih Siebeneh has used '/CharGiveFlags erih Gg'.
23:16:14: Erih Siebeneh has gained a Glock 1487880975.
23:16:14: Erih Siebeneh has used '/CharGiveItem erih glock'.
23:16:22: Erih Siebeneh has gained a 9mm Clip 1487880984.
23:16:22: Erih Siebeneh has used '/CharGiveItem erih ammo_pistol'.
23:16:28: Erih Siebeneh has lost a Glock 1487880975.
23:16:28: Erih Siebeneh has used '/InvAction use wep_hl_glock 1487880975.00'.
23:16:29: Puella Septica has created a Security character called 'Jack Whitehouse'.
23:16:29: Puella Septica has loaded the character 'Jack Whitehouse'.
23:16:44: Erih Siebeneh has lost a 9mm Clip 1487880984.
23:16:44: Erih Siebeneh has used '/InvAction use ammo_pistol 1487880984.00'.
23:18:22: Jack Whitehouse has used '/AnimIdle 1'.
23:18:39: Erih Siebeneh has gained a 9mm Clip 1487881124.
23:18:39: Erih Siebeneh has used '/CharGiveItem erih ammo_pistol'.
23:18:43: Erih Siebeneh has lost a 9mm Clip 1487881124.
23:18:43: Erih Siebeneh has used '/InvAction use ammo_pistol 1487881124.00'.
23:18:47: Erih Siebeneh has gained a 9mm Clip 1487881133.
23:18:47: Erih Siebeneh has used '/CharGiveItem erih ammo_pistol'.
23:18:48: Erih Siebeneh has gained a 9mm Clip 1487881135.
23:18:48: Erih Siebeneh has used '/CharGiveItem erih ammo_pistol'.
23:18:50: Erih Siebeneh has lost a 9mm Clip 1487881135.
23:18:50: Erih Siebeneh has used '/InvAction use ammo_pistol 1487881135.00'.
23:18:51: Erih Siebeneh has lost a 9mm Clip 1487881133.
23:18:51: Erih Siebeneh has used '/InvAction use ammo_pistol 1487881133.00'.
23:21:04: Jack Whitehouse has used '/AnimIdle 1'.
23:22:48: Jack Whitehouse has used '/CharFallOver 0'.
23:22:54: Jack Whitehouse has used '/AnimATW 1'.
23:22:58: Jack Whitehouse has used '/AnimATW 1'.
23:22:59: Jack Whitehouse has used '/AnimATW 1'.
23:23:02: Jack Whitehouse has used '/AnimATW 1'.
23:23:04: Jack Whitehouse has used '/AnimATW 1'.
23:23:18: Jack Whitehouse has used '/AnimATW 1'.
23:24:13: Puella Septica (STEAM_0:0:34008601 / 94.181.40.159:27005) has connected.
23:24:39: Puella Septica has loaded the character 'Jack Whitehouse'.
23:25:08: Schwarz Kruppzo (STEAM_0:1:44629398 / 109.161.90.38:27005) has connected.
23:28:05: Schwarz Kruppzo has loaded the character 'Erih Siebeneh'.
23:28:31: Jack Whitehouse has used '/AnimIdle 1'.
23:28:34: Erih Siebeneh has lost a Glock 1487880975.
23:28:34: Erih Siebeneh has used '/InvAction use wep_hl_glock 1487880975.00'.
23:30:21: Erih Siebeneh has used '/PlySetGroup Jack Whitehouse superadmin'.
23:30:27: Erih Siebeneh has used '/PlySetGroup Erih Siebeneh superadmin'.
23:30:37: Jack Whitehouse has used '/CharGiveFlags jack eptdVvCcnrG'.
23:31:01: Erih Siebeneh has gained a 9mm Clip 1487881862.
23:31:01: Erih Siebeneh has gained a 9mm Clip 1487881863.
23:31:01: Erih Siebeneh has gained a 9mm Clip 1487881864.
23:31:01: Erih Siebeneh has gained a 9mm Clip 1487881865.
23:31:01: Erih Siebeneh has gained a 9mm Clip 1487881866.
23:31:01: Erih Siebeneh has gained a 9mm Clip 1487881867.
23:31:01: Erih Siebeneh has gained a 9mm Clip 1487881868.
23:31:01: Erih Siebeneh has gained a 9mm Clip 1487881869.
23:31:01: Erih Siebeneh has gained a 9mm Clip 1487881870.
23:31:01: Erih Siebeneh has gained a 9mm Clip 1487881871.
23:31:01: Erih Siebeneh has used '/CharGiveItem erih ammo_pistol 10'.
23:31:06: Erih Siebeneh has lost a 9mm Clip 1487881862.
23:31:06: Erih Siebeneh has used '/InvAction use ammo_pistol 1487881862.00'.
23:31:07: Erih Siebeneh has lost a 9mm Clip 1487881863.
23:31:07: Erih Siebeneh has used '/InvAction use ammo_pistol 1487881863.00'.
23:31:08: Erih Siebeneh has lost a 9mm Clip 1487881864.
23:31:08: Erih Siebeneh has used '/InvAction use ammo_pistol 1487881864.00'.
23:31:10: Erih Siebeneh has lost a 9mm Clip 1487881865.
23:31:10: Erih Siebeneh has used '/InvAction use ammo_pistol 1487881865.00'.
23:31:11: Erih Siebeneh has lost a 9mm Clip 1487881866.
23:31:11: Erih Siebeneh has used '/InvAction use ammo_pistol 1487881866.00'.
23:33:52: Erih Siebeneh has gained a MP5 1487882043.
23:33:52: Erih Siebeneh has used '/CharGiveItem erih mp5'.
23:33:57: Erih Siebeneh has gained a MP5 AR Grenade 1487882049.
23:33:57: Erih Siebeneh has used '/CharGiveItem erih ammo_argrenade'.
23:34:00: Erih Siebeneh has gained a 9mm AR Clip 1487882053.
23:34:00: Erih Siebeneh has used '/CharGiveItem erih ammo_smg1'.
23:34:06: Erih Siebeneh has lost a MP5 1487882043.
23:34:06: Erih Siebeneh has used '/InvAction use wep_hl_mp5 1487882043.00'.
23:34:09: Erih Siebeneh has lost a MP5 AR Grenade 1487882049.
23:34:09: Erih Siebeneh has used '/InvAction use ammo_argrenade 1487882049.00'.
23:34:10: Erih Siebeneh has lost a 9mm AR Clip 1487882053.
23:34:10: Erih Siebeneh has used '/InvAction use ammo_smg1 1487882053.00'.
23:36:20: Jack Whitehouse has used '/OrderShipment paper'.
23:37:04: Jack Whitehouse has used '/Event test'.
23:37:33: Jack Whitehouse has used '/SetDollars jack 10000'.
23:37:43: Jack Whitehouse has used '/Dchat test'.
23:37:54: Jack Whitehouse has used '/VendorAdd'.
23:37:55: Jack Whitehouse has used '/Observer'.
23:37:55: Jack Whitehouse has used '/Observer'.
23:38:09: Jack Whitehouse has used '/MyNotes'.
23:38:22: Jack Whitehouse has used '/MyPin'.
23:38:46: Jack Whitehouse has used '/CharGiveClearances Jack 10'.
23:38:48: Jack Whitehouse has used '/Observer'.
23:38:52: Jack Whitehouse has used '/Observer'.
23:38:57: Jack Whitehouse has used '/Observer'.
23:38:58: Jack Whitehouse has used '/Observer'.
23:39:03: Jack Whitehouse has used '/CharGiveClearances Erih 10'.
23:39:08: Jack Whitehouse has used '/Observer'.
23:39:19: Jack Whitehouse has used '/Observer'.
23:39:21: Jack Whitehouse has used '/Observer'.
23:39:29: Jack Whitehouse has used '/Observer'.
23:39:59: Jack Whitehouse has used '/Observer'.
23:39:59: Jack Whitehouse has used '/Observer'.
23:40:18: Jack Whitehouse has used '/Observer'.
23:40:20: Jack Whitehouse has used '/Observer'.
23:40:42: Erih Siebeneh has used '/CharGiveClearances erih S'.
23:40:47: Jack Whitehouse has used '/Observer'.
23:40:50: Jack Whitehouse has used '/Observer'.
23:40:54: Jack Whitehouse has used '/Observer'.
23:40:56: Jack Whitehouse has used '/Observer'.
23:40:57: Jack Whitehouse has used '/AnimIdle 1'.
23:41:14: [OOC] Erih Siebeneh: там просто буквы и цифры даешь
23:41:19: Jack Whitehouse has used '/Observer'.
23:41:21: Jack Whitehouse has used '/Observer'.
23:41:48: Jack Whitehouse has spawned 'models/props_junk/PlasticCrate01a.mdl'.
23:41:48: Jack Whitehouse has spawned 'models/props_junk/PlasticCrate01a.mdl'.
23:42:58: Jack Whitehouse has used '/CharGiveClearances Jack 3b'.
23:43:00: Jack Whitehouse has used '/CharGiveClearances Jack 3B'.
23:43:11: Jack Whitehouse has used '/CharGiveClearances 2 3 4 X S 3B'.
23:43:22: Jack Whitehouse has used '/CharGiveClearances Jack 2 3 4 X S 3B'.
23:43:24: Jack Whitehouse has used '/Observer'.
23:43:28: Jack Whitehouse has used '/Observer'.
23:43:29: Jack Whitehouse has used '/Observer'.
23:43:31: Erih Siebeneh says: "да не так."
23:43:33: Jack Whitehouse has used '/Observer'.
23:43:41: Jack Whitehouse has used '/Observer'.
23:43:43: Jack Whitehouse has used '/Observer'.
23:43:50: Jack Whitehouse has used '/Observer'.
23:43:51: Jack Whitehouse has used '/Observer'.
23:43:52: Jack Whitehouse has used '/Observer'.
23:43:52: Jack Whitehouse has used '/Observer'.
23:43:55: Jack Whitehouse has used '/Observer'.
23:43:59: Jack Whitehouse has used '/Observer'.
23:44:03: Jack Whitehouse has used '/Observer'.
23:44:09: Jack Whitehouse has used '/Observer'.
23:45:25: Erih Siebeneh has used '/ClearanceAdd TEST'.
23:45:56: [OOC] Erih Siebeneh: у меня нет звука
23:45:58: [OOC] Erih Siebeneh: ща
23:47:27: Gazbax (STEAM_0:0:30292126 / 95.28.4.119:27005) has connected.
23:47:33: Jack Whitehouse has used '/Observer'.
23:47:35: Jack Whitehouse has used '/Observer'.
23:48:11: Erih Siebeneh has used '/CharGiveFlags erih t'.
23:48:50: [OOC] Erih Siebeneh: звук слышишь?
23:48:55: Erih Siebeneh has used '/Observer'.
23:48:56: Erih Siebeneh has used '/Observer'.
23:49:03: [OOC] Jack Whitehouse: подлети
23:49:07: Erih Siebeneh has used '/PlyGoTo jack'.
23:49:08: Erih Siebeneh has used '/Observer'.
23:49:09: Erih Siebeneh has used '/Observer'.
23:49:13: Jack Whitehouse says: "нет."
23:49:29: Erih Siebeneh says: "щас."
23:49:45: Macleod962 (STEAM_0:1:18294986 / 93.81.134.195:27005) has connected.
23:51:01: Erih Siebeneh says: "Hear_."
23:51:29: Gazbax has created a Security character called 'Michael Stray'.
23:51:29: Gazbax has loaded the character 'Michael Stray'.
23:51:34: Jack Whitehouse says: "Hey, catch me later. I'll buy you a beer!"
23:51:55: Jack Whitehouse says: "Good Morning, Mr. Freeman, it's looks that's you gonna late."
23:52:24: Jack Whitehouse has used '/AnimIdle 1'.
23:52:27: Jack Whitehouse has used '/AnimIdle 1'.
23:53:13: Michael Stray (STEAM_0:0:30292126 / 95.28.4.119:27005) has disconnected.
23:53:41: Jack Whitehouse has used '/Observer'.
23:53:42: Jack Whitehouse has used '/Observer'.
23:53:57: Jack Whitehouse says: "Hey, catch me later. I'll buy you a beer!"
23:54:03: Erih Siebeneh has used '/Observer'.
23:54:05: Erih Siebeneh has used '/Observer'.
23:54:36: Jack Whitehouse has used '/Observer'.
23:54:37: Jack Whitehouse has used '/Observer'.
23:54:38: Jack Whitehouse has used '/Observer'.
23:54:38: Jack Whitehouse has used '/Observer'.
23:54:41: Jack Whitehouse has used '/Observer'.
23:54:42: Jack Whitehouse has used '/Observer'.
23:54:44: Jack Whitehouse says: "Net."
23:55:17: [OOC] Erih Siebeneh: это прицел из-за автообновления
23:55:49: Macleod962 has created a Scientist character called 'Maria Macleod'.
23:55:49: Macleod962 has loaded the character 'Maria Macleod'.
23:55:56: Jack Whitehouse says: "Hey, catch me later. I'll buy you a beer!"
23:56:19: Jack Whitehouse says: "Good Mornin, Sir."
23:56:39: Jack Whitehouse has used '/Observer'.
23:56:40: Jack Whitehouse has used '/Observer'.
23:56:40: Jack Whitehouse has used '/Observer'.
23:56:41: Jack Whitehouse has used '/Observer'.
23:56:42: Jack Whitehouse has used '/Observer'.
23:56:43: Jack Whitehouse has used '/Observer'.
23:56:44: Jack Whitehouse has used '/Observer'.
23:56:44: Jack Whitehouse has used '/Observer'.
23:56:48: Jack Whitehouse has used '/Observer'.
23:56:49: Jack Whitehouse has used '/Observer'.
23:56:50: Jack Whitehouse has used '/Observer'.
23:56:50: Jack Whitehouse has used '/Observer'.
23:57:11: Jack Whitehouse has used '/DoorSetHidden 1'.
23:57:13: Jack Whitehouse has used '/DoorSetHidden 1'.
23:57:16: Jack Whitehouse has used '/DoorSetHidden 1'.
23:57:18: Jack Whitehouse has used '/DoorSetHidden 1'.
23:57:19: Jack Whitehouse has used '/DoorSetHidden 1'.
23:57:20: Jack Whitehouse has used '/DoorSetHidden 1'.
23:57:27: Jack Whitehouse has used '/DoorSetHidden 1'.
23:58:14: [LOOC] Maria Macleod: Все путем
23:58:14: [LOOC] Maria Macleod: Все путем
23:58:56: [LOOC] Maria Macleod: Стоп, бля. Тут же было кафе в хл1. Черт.
23:58:56: [LOOC] Maria Macleod: Стоп, бля. Тут же было кафе в хл1. Черт.
23:59:42: Jack Whitehouse has used '/AnimIdle 1'.
23:59:50: [LOOC] Maria Macleod: 0 механа
23:59:50: [LOOC] Maria Macleod: 0 механа
