08:01:04: ☢❷Ⓓ Aloe☢ (STEAM_0:1:80579394 / 92.240.210.59:27005) has connected.
08:01:47: ☢❷Ⓓ Aloe☢ has loaded the character 'Sophia Roux'.
08:02:45: Sophia Roux has gained a Empty Can 1498747428.
08:02:50: Sophia Roux has lost a Empty Can 1498747428.
08:02:52: Sophia Roux has lost a Ration Package 1498754317.
08:02:58: Sophia Roux has gained a Empty Can 1498798986.
08:02:58: Sophia Roux has lost a Breen's Water 1498754316.
08:02:58: Sophia Roux has used '/InvAction use breens_water 1498754316.00'.
08:03:01: Sophia Roux has lost a Citizen Supplements 1498754315.
08:03:01: Sophia Roux has used '/InvAction use citizen_supplements 1498754315.00'.
08:03:02: Sophia Roux has gained a Citizen Supplements 1498798991.
08:03:02: Sophia Roux has gained a Breen's Water 1498798992.
08:03:02: Sophia Roux has gained a Ration Package 1498798993.
08:03:02: Sophia Roux has lost a Standard Ration 1498754287.
08:03:02: Sophia Roux has used '/InvAction use ration_standard 1498754287.00'.
08:03:04: Sophia Roux has lost a Citizen Supplements 1498798991.
08:03:04: Sophia Roux has used '/InvAction use citizen_supplements 1498798991.00'.
08:03:06: Sophia Roux has gained a Empty Can 1498798998.
08:03:06: Sophia Roux has lost a Breen's Water 1498798992.
08:03:06: Sophia Roux has used '/InvAction use breens_water 1498798992.00'.
08:03:12: Sophia Roux has lost a Ration Package 1498798993.
08:05:07: Sophia Roux has gained a Handheld Radio 1498799120.
08:05:13: Sophia Roux has used '/Radio [[ 123'.
08:06:32: Sophia Roux has gained a Olive Oil 1498799206.
08:06:38: Sophia Roux has lost a Olive Oil 1498799206.
08:06:38: Sophia Roux has used '/InvAction #Drop olive_oil 1498799206.00'.
08:10:12: Sophia Roux (STEAM_0:1:80579394 / 92.240.210.59:27005) has disconnected.
10:31:30: SuperKOJIECO (STEAM_0:1:82306348 / 37.150.247.34:10891) has connected.
10:32:13: SuperKOJIECO has loaded the character 'Hasan Rurg'.
10:32:25: Hasan Rurg has used '/StorageClose'.
10:32:30: Hasan Rurg has used '/StorageClose'.
10:32:48: Hasan Rurg has used '/StorageClose'.
10:32:55: Hasan Rurg has used '/StorageClose'.
10:33:46: Hasan Rurg has used '/StorageClose'.
10:37:20: Hasan Rurg has gained a Boxed Backpack 1498808248.
10:37:24: Hasan Rurg has used '/InvAction use boxed_backpack 1498808248.00'.
10:38:04: Hasan Rurg has gained a Hot-dog 1498808293.
10:39:43: Hasan Rurg has gained a Flashlight 1498808393.
10:42:21: [LOOC] Hasan Rurg: void next
10:42:21: [LOOC] Hasan Rurg: void next
10:43:44: Шампиньон (STEAM_0:0:54566263 / 178.140.58.86:27005) has connected.
10:45:16: Шампиньон has loaded the character 'Donald Shekelmann'.
10:46:19: Donald Shekelmann has gained a Standard Ration 1498808788.
10:46:31: Hasan Rurg has gained a Empty Chinese Takeout 1498808803.
10:46:53: Donald Shekelmann has gained a Citizen Supplements 1498808826.
10:46:53: Donald Shekelmann has gained a Breen's Water 1498808827.
10:46:53: Donald Shekelmann has gained a Ration Package 1498808828.
10:46:53: Donald Shekelmann has lost a Standard Ration 1498808788.
10:46:53: Donald Shekelmann has used '/InvAction use ration_standard 1498808788.00'.
10:47:15: Шампиньон has loaded the character 'Дональд Шекельманн III'.
10:47:39: Hasan Rurg has gained a Union Branded Popcorn 1498808875.
10:48:25: Дональд Шекельманн III has gained a Breen's Water 1498808921.
10:48:28: Дональд Шекельманн III has gained a Breen's Water 1498808925.
10:48:33: Дональд Шекельманн III has gained a Breen's Water 1498808929.
10:48:40: Дональд Шекельманн III has lost a Citizen Supplements 1498753868.
10:48:40: Дональд Шекельманн III has used '/InvAction use citizen_supplements 1498753868.00'.
10:48:42: Дональд Шекельманн III has lost a Citizen Supplements 1498749627.
10:48:42: Дональд Шекельманн III has used '/InvAction use citizen_supplements 1498749627.00'.
10:48:44: Дональд Шекельманн III has gained a Breen's Water 1498808934.
10:48:48: Дональд Шекельманн III has gained a Breen's Water 1498808947.
10:48:52: Дональд Шекельманн III has gained a Breen's Water 1498808952.
10:49:03: Дональд Шекельманн III has gained a Empty Can 1498808967.
10:49:03: Дональд Шекельманн III has lost a Breen's Water 1498808952.
10:49:03: Дональд Шекельманн III has used '/InvAction use breens_water 1498808952.00'.
10:49:05: Дональд Шекельманн III has gained a Empty Can 1498808970.
10:49:05: Дональд Шекельманн III has lost a Breen's Water 1498808921.
10:49:05: Дональд Шекельманн III has used '/InvAction use breens_water 1498808921.00'.
10:49:06: Дональд Шекельманн III has gained a Empty Can 1498808972.
10:49:06: Дональд Шекельманн III has lost a Breen's Water 1498808925.
10:49:06: Дональд Шекельманн III has used '/InvAction use breens_water 1498808925.00'.
10:49:09: Дональд Шекельманн III has gained a Empty Can 1498808976.
10:49:09: Дональд Шекельманн III has lost a Breen's Water 1498808929.
10:49:09: Дональд Шекельманн III has used '/InvAction use breens_water 1498808929.00'.
10:49:11: Дональд Шекельманн III has gained a Empty Can 1498808979.
10:49:11: Дональд Шекельманн III has lost a Breen's Water 1498808934.
10:49:11: Дональд Шекельманн III has used '/InvAction use breens_water 1498808934.00'.
10:49:13: Дональд Шекельманн III has gained a Empty Can 1498808982.
10:49:13: Дональд Шекельманн III has lost a Breen's Water 1498808947.
10:49:13: Дональд Шекельманн III has used '/InvAction use breens_water 1498808947.00'.
10:49:19: Дональд Шекельманн III has gained a Breen's Water 1498808956.
10:49:23: Дональд Шекельманн III has gained a Breen's Water 1498808991.
10:49:26: Дональд Шекельманн III has gained a Breen's Water 1498808995.
10:49:31: Дональд Шекельманн III has gained a Empty Can 1498809004.
10:49:31: Дональд Шекельманн III has lost a Breen's Water 1498808956.
10:49:31: Дональд Шекельманн III has used '/InvAction use breens_water 1498808956.00'.
10:49:33: Дональд Шекельманн III has gained a Empty Can 1498809007.
10:49:33: Дональд Шекельманн III has lost a Breen's Water 1498808991.
10:49:33: Дональд Шекельманн III has used '/InvAction use breens_water 1498808991.00'.
10:49:35: Дональд Шекельманн III has gained a Empty Can 1498809010.
10:49:35: Дональд Шекельманн III has lost a Breen's Water 1498808995.
10:49:35: Дональд Шекельманн III has used '/InvAction use breens_water 1498808995.00'.
10:49:37: Дональд Шекельманн III has gained a Breen's Water 1498808999.
10:49:39: Дональд Шекельманн III has gained a Empty Can 1498809015.
10:49:39: Дональд Шекельманн III has lost a Breen's Water 1498808999.
10:49:39: Дональд Шекельманн III has used '/InvAction use breens_water 1498808999.00'.
10:50:04: Дональд Шекельманн III has crafted a Scrap Metal.
10:50:04: Дональд Шекельманн III has lost a Empty Can 1498809004.
10:50:04: Дональд Шекельманн III has lost a Empty Can 1498809015.
10:50:04: Дональд Шекельманн III has lost a Empty Can 1498809010.
10:50:04: Дональд Шекельманн III has lost a Empty Can 1498809007.
10:50:04: Дональд Шекельманн III has lost a Empty Can 1498808970.
10:50:04: Дональд Шекельманн III has gained a Scrap Metal 1498809041.
10:50:04: Дональд Шекельманн III has used '/CraftItem blueprint_scrapmetal'.
10:50:05: Дональд Шекельманн III has used '/CraftItem blueprint_scrapmetal'.
10:50:06: Дональд Шекельманн III has crafted a Scrap Metal.
10:50:06: Дональд Шекельманн III has lost a Empty Can 1498756136.
10:50:06: Дональд Шекельманн III has lost a Empty Can 1498808979.
10:50:06: Дональд Шекельманн III has lost a Empty Can 1498808967.
10:50:06: Дональд Шекельманн III has lost a Empty Can 1498808976.
10:50:06: Дональд Шекельманн III has lost a Empty Can 1498808972.
10:50:06: Дональд Шекельманн III has gained a Scrap Metal 1498809044.
10:50:06: Дональд Шекельманн III has used '/CraftItem blueprint_scrapmetal'.
10:51:05: Дональд Шекельманн III has lost a Refined Metal 1498756205.
10:51:05: Дональд Шекельманн III has used '/InvAction #Drop refined_metal 1498756205.00'.
10:51:07: Дональд Шекельманн III has gained a Standard Ration 1498809098.
10:51:10: Дональд Шекельманн III has gained a Citizen Supplements 1498809110.
10:51:10: Дональд Шекельманн III has gained a Breen's Water 1498809111.
10:51:10: Дональд Шекельманн III has gained a Ration Package 1498809112.
10:51:10: Дональд Шекельманн III has lost a Standard Ration 1498809098.
10:51:10: Дональд Шекельманн III has used '/InvAction use ration_standard 1498809098.00'.
10:51:15: Дональд Шекельманн III has lost a Citizen Supplements 1498809110.
10:51:15: Дональд Шекельманн III has used '/InvAction use citizen_supplements 1498809110.00'.
10:51:17: Дональд Шекельманн III has gained a Refined Metal 1498756205.
10:51:37: Дональд Шекельманн III has lost a Request Device 1498563736.
10:51:37: Дональд Шекельманн III has used '/InvAction #Drop request_device 1498563736.00'.
10:51:40: Дональд Шекельманн III has gained a Empty Can 1498671449.
10:51:41: Дональд Шекельманн III has gained a Empty Can 1498671433.
10:51:42: Дональд Шекельманн III has gained a Empty Can 1498671427.
10:51:44: Дональд Шекельманн III has gained a Empty Can 1498671441.
10:52:12: Дональд Шекельманн III has used '/StorageClose'.
10:52:36: Дональд Шекельманн III has crafted a Scrap Metal.
10:52:36: Дональд Шекельманн III has lost a Empty Can 1498671441.
10:52:36: Дональд Шекельманн III has lost a Empty Can 1498671427.
10:52:36: Дональд Шекельманн III has lost a Empty Can 1498671433.
10:52:36: Дональд Шекельманн III has lost a Empty Can 1498808982.
10:52:36: Дональд Шекельманн III has lost a Empty Can 1498671449.
10:52:36: Дональд Шекельманн III has gained a Scrap Metal 1498809199.
10:52:36: Дональд Шекельманн III has used '/CraftItem blueprint_scrapmetal'.
10:52:38: Дональд Шекельманн III has crafted a Reclaimed Metal.
10:52:38: Дональд Шекельманн III has lost a Scrap Metal 1498809199.
10:52:38: Дональд Шекельманн III has lost a Scrap Metal 1498809041.
10:52:38: Дональд Шекельманн III has lost a Scrap Metal 1498809044.
10:52:38: Дональд Шекельманн III has gained a Reclaimed Metal 1498809202.
10:52:38: Дональд Шекельманн III has used '/CraftItem blueprint_reclaimed_metal'.
10:52:46: Дональд Шекельманн III has gained a Empty Can 1498809211.
10:52:46: Дональд Шекельманн III has lost a Breen's Water 1498809111.
10:52:46: Дональд Шекельманн III has used '/InvAction use breens_water 1498809111.00'.
10:53:17: Дональд Шекельманн III has gained a Breen's Water 1498809237.
10:53:18: Дональд Шекельманн III has gained a Breen's Water 1498809240.
10:53:19: Дональд Шекельманн III has gained a Breen's Water 1498809243.
10:53:20: Дональд Шекельманн III has gained a Breen's Water 1498809246.
10:53:21: Дональд Шекельманн III has gained a Breen's Water 1498809234.
10:53:25: Дональд Шекельманн III has gained a Empty Can 1498809257.
10:53:25: Дональд Шекельманн III has lost a Breen's Water 1498809234.
10:53:25: Дональд Шекельманн III has used '/InvAction use breens_water 1498809234.00'.
10:53:26: Дональд Шекельманн III has gained a Empty Can 1498809259.
10:53:26: Дональд Шекельманн III has lost a Breen's Water 1498809237.
10:53:26: Дональд Шекельманн III has used '/InvAction use breens_water 1498809237.00'.
10:53:28: Дональд Шекельманн III has gained a Empty Can 1498809262.
10:53:28: Дональд Шекельманн III has lost a Breen's Water 1498809240.
10:53:28: Дональд Шекельманн III has used '/InvAction use breens_water 1498809240.00'.
10:53:30: Дональд Шекельманн III has gained a Empty Can 1498809265.
10:53:30: Дональд Шекельманн III has lost a Breen's Water 1498809243.
10:53:30: Дональд Шекельманн III has used '/InvAction use breens_water 1498809243.00'.
10:53:31: Дональд Шекельманн III has gained a Empty Can 1498809267.
10:53:31: Дональд Шекельманн III has lost a Breen's Water 1498809246.
10:53:31: Дональд Шекельманн III has used '/InvAction use breens_water 1498809246.00'.
10:53:33: Дональд Шекельманн III has lost a Ration Package 1498809112.
10:53:33: Дональд Шекельманн III has used '/InvAction #Drop ration_package 1498809112.00'.
10:53:38: Дональд Шекельманн III has gained a Breen's Water 1498809230.
10:53:57: Дональд Шекельманн III has gained a Breen's Water 1498809285.
10:53:58: Дональд Шекельманн III has gained a Breen's Water 1498809289.
10:54:02: Дональд Шекельманн III has gained a Empty Can 1498809306.
10:54:02: Дональд Шекельманн III has lost a Breen's Water 1498809230.
10:54:02: Дональд Шекельманн III has used '/InvAction use breens_water 1498809230.00'.
10:54:03: Дональд Шекельманн III has gained a Empty Can 1498809308.
10:54:03: Дональд Шекельманн III has lost a Breen's Water 1498809285.
10:54:03: Дональд Шекельманн III has used '/InvAction use breens_water 1498809285.00'.
10:54:05: Дональд Шекельманн III has gained a Empty Can 1498809311.
10:54:05: Дональд Шекельманн III has lost a Breen's Water 1498809289.
10:54:05: Дональд Шекельманн III has used '/InvAction use breens_water 1498809289.00'.
10:54:07: Дональд Шекельманн III has gained a Breen's Water 1498809292.
10:54:12: Дональд Шекельманн III has gained a Empty Can 1498809319.
10:54:12: Дональд Шекельманн III has lost a Breen's Water 1498809292.
10:54:12: Дональд Шекельманн III has used '/InvAction use breens_water 1498809292.00'.
10:54:35: Дональд Шекельманн III has crafted a Scrap Metal.
10:54:35: Дональд Шекельманн III has lost a Empty Can 1498809308.
10:54:35: Дональд Шекельманн III has lost a Empty Can 1498809319.
10:54:35: Дональд Шекельманн III has lost a Empty Can 1498809311.
10:54:35: Дональд Шекельманн III has lost a Empty Can 1498809259.
10:54:35: Дональд Шекельманн III has lost a Empty Can 1498809211.
10:54:35: Дональд Шекельманн III has gained a Scrap Metal 1498809343.
10:54:35: Дональд Шекельманн III has used '/CraftItem blueprint_scrapmetal'.
10:54:36: Дональд Шекельманн III has used '/CraftItem blueprint_scrapmetal'.
10:54:36: Дональд Шекельманн III has used '/CraftItem blueprint_scrapmetal'.
10:54:37: Дональд Шекельманн III has used '/CraftItem blueprint_scrapmetal'.
10:54:37: Дональд Шекельманн III has used '/CraftItem blueprint_scrapmetal'.
10:54:37: Дональд Шекельманн III has used '/CraftItem blueprint_scrapmetal'.
10:54:37: Дональд Шекельманн III has used '/CraftItem blueprint_scrapmetal'.
10:54:37: Дональд Шекельманн III has used '/CraftItem blueprint_scrapmetal'.
10:54:37: Дональд Шекельманн III has crafted a Scrap Metal.
10:54:37: Дональд Шекельманн III has lost a Empty Can 1498809267.
10:54:37: Дональд Шекельманн III has lost a Empty Can 1498809257.
10:54:37: Дональд Шекельманн III has lost a Empty Can 1498809265.
10:54:37: Дональд Шекельманн III has lost a Empty Can 1498809262.
10:54:37: Дональд Шекельманн III has lost a Empty Can 1498809306.
10:54:37: Дональд Шекельманн III has gained a Scrap Metal 1498809346.
10:54:37: Дональд Шекельманн III has used '/CraftItem blueprint_scrapmetal'.
10:54:38: Дональд Шекельманн III has used '/CraftItem blueprint_scrapmetal'.
10:54:38: Дональд Шекельманн III has used '/CraftItem blueprint_scrapmetal'.
10:54:39: Дональд Шекельманн III has used '/CraftItem blueprint_scrapmetal'.
10:54:39: Дональд Шекельманн III has used '/CraftItem blueprint_scrapmetal'.
10:54:39: Дональд Шекельманн III has used '/CraftItem blueprint_scrapmetal'.
10:54:39: Дональд Шекельманн III has used '/CraftItem blueprint_scrapmetal'.
10:54:39: Дональд Шекельманн III has used '/CraftItem blueprint_scrapmetal'.
10:54:39: Дональд Шекельманн III has used '/CraftItem blueprint_scrapmetal'.
10:54:40: Дональд Шекельманн III has used '/CraftItem blueprint_scrapmetal'.
10:54:57: Дональд Шекельманн III has used '/StorageClose'.
10:55:04: Дональд Шекельманн III has gained a Breen's Water 1498809279.
10:55:08: Дональд Шекельманн III has gained a Empty Can 1498809378.
10:55:08: Дональд Шекельманн III has lost a Breen's Water 1498809279.
10:55:08: Дональд Шекельманн III has used '/InvAction use breens_water 1498809279.00'.
10:55:14: Дональд Шекельманн III has lost a Citizen Supplements 1498577965.
10:55:14: Дональд Шекельманн III has used '/InvAction use citizen_supplements 1498577965.00'.
10:55:15: Дональд Шекельманн III has lost a Citizen Supplements 1498589066.
10:55:15: Дональд Шекельманн III has used '/InvAction use citizen_supplements 1498589066.00'.
10:55:20: Дональд Шекельманн III has gained a Breen's Water 1498809282.
10:55:21: Дональд Шекельманн III has gained a Breen's Water 1498809298.
10:55:22: Дональд Шекельманн III has gained a Breen's Water 1498809295.
10:55:25: Дональд Шекельманн III has gained a Empty Can 1498809396.
10:55:25: Дональд Шекельманн III has lost a Breen's Water 1498809282.
10:55:25: Дональд Шекельманн III has used '/InvAction use breens_water 1498809282.00'.
10:55:26: Дональд Шекельманн III has gained a Empty Can 1498809398.
10:55:26: Дональд Шекельманн III has lost a Breen's Water 1498809295.
10:55:26: Дональд Шекельманн III has used '/InvAction use breens_water 1498809295.00'.
10:55:28: Дональд Шекельманн III has gained a Empty Can 1498809401.
10:55:28: Дональд Шекельманн III has lost a Breen's Water 1498809298.
10:55:28: Дональд Шекельманн III has used '/InvAction use breens_water 1498809298.00'.
10:55:29: Дональд Шекельманн III has gained a Empty Can 1498809403.
10:55:29: Дональд Шекельманн III has lost a Special Breen's Water 1498563763.
10:55:29: Дональд Шекельманн III has used '/InvAction use special_breens_water 1498563763.00'.
10:55:48: Дональд Шекельманн III has crafted a Scrap Metal.
10:55:48: Дональд Шекельманн III has lost a Empty Can 1498809403.
10:55:48: Дональд Шекельманн III has lost a Empty Can 1498809398.
10:55:48: Дональд Шекельманн III has lost a Empty Can 1498809378.
10:55:48: Дональд Шекельманн III has lost a Empty Can 1498809396.
10:55:48: Дональд Шекельманн III has lost a Empty Can 1498809401.
10:55:48: Дональд Шекельманн III has gained a Scrap Metal 1498809423.
10:55:48: Дональд Шекельманн III has used '/CraftItem blueprint_scrapmetal'.
10:55:50: Дональд Шекельманн III has used '/CraftItem blueprint_reclaimed_metal'.
10:55:51: Дональд Шекельманн III has crafted a Reclaimed Metal.
10:55:51: Дональд Шекельманн III has lost a Scrap Metal 1498809423.
10:55:51: Дональд Шекельманн III has lost a Scrap Metal 1498809346.
10:55:51: Дональд Шекельманн III has lost a Scrap Metal 1498809343.
10:55:51: Дональд Шекельманн III has gained a Reclaimed Metal 1498809427.
10:55:51: Дональд Шекельманн III has used '/CraftItem blueprint_reclaimed_metal'.
10:58:23: Hasan Rurg has gained a Loyalist Ration 1498809580.
11:01:56: Hasan Rurg has gained a Empty Can 1498809794.
11:02:26: ☢❷Ⓓ Aloe☢ (STEAM_0:1:80579394 / 92.240.210.59:27005) has connected.
11:02:27: Hasan Rurg has gained a Empty Chinese Takeout 1498809826.
11:02:33: Дональд Шекельманн III has gained a Paper 1498505165.
11:02:36: Дональд Шекельманн III has used '/InvAction use paper 1498505165.00'.
11:02:38: Дональд Шекельманн III has lost a Paper 1498505165.
11:02:38: Дональд Шекельманн III has used '/InvAction #Drop paper 1498505165.00'.
11:02:41: Дональд Шекельманн III has lost a Refined Metal 1498756205.
11:02:41: Дональд Шекельманн III has used '/InvAction #Drop refined_metal 1498756205.00'.
11:02:50: Дональд Шекельманн III has gained a Refined Metal 1498756205.
11:06:30: Hasan Rurg has used '/StorageClose'.
11:06:42: Hasan Rurg has used '/StorageClose'.
11:06:50: Hasan Rurg has lost a Union Branded Popcorn 1498808875.
11:06:50: Hasan Rurg has used '/InvAction use union_branded_popcorn 1498808875.00'.
11:06:57: Hasan Rurg has gained a Empty Can 1498810099.
11:06:57: Hasan Rurg has lost a Special Breen's Water 1498758209.
11:06:57: Hasan Rurg has used '/InvAction use special_breens_water 1498758209.00'.
11:07:02: Hasan Rurg has gained a Loyalist Supplements 1498810105.
11:07:02: Hasan Rurg has gained a Smooth Breen's Water 1498810106.
11:07:02: Hasan Rurg has gained a Union Branded Chocolate 1498810107.
11:07:02: Hasan Rurg has gained a Ration Package 1498810108.
11:07:02: Hasan Rurg has lost a Loyalist Ration 1498809580.
11:07:02: Hasan Rurg has used '/InvAction use ration_loyalist 1498809580.00'.
11:08:10: Hasan Rurg has used '/StorageClose'.
11:08:15: Hasan Rurg has used '/CraftItem blueprint_breach'.
11:08:16: Hasan Rurg has used '/CraftItem blueprint_reclaimed_metal'.
11:08:18: Hasan Rurg has used '/CraftItem blueprint_scrapmetal_2'.
11:08:19: Hasan Rurg has used '/CraftItem blueprint_scrapmetal'.
11:08:19: Hasan Rurg has used '/CraftItem blueprint_scrapmetal'.
11:08:26: Hasan Rurg has lost a Empty Chinese Takeout 1498809826.
11:08:26: Hasan Rurg has used '/StorageGiveItem empty_chinese_takeout 1498809826.00'.
11:08:29: Hasan Rurg has lost a Empty Chinese Takeout 1498808803.
11:08:29: Hasan Rurg has used '/StorageGiveItem empty_chinese_takeout 1498808803.00'.
11:08:33: Hasan Rurg has lost a Empty Can 1498809794.
11:08:33: Hasan Rurg has used '/StorageGiveItem empty_can 1498809794.00'.
11:08:35: Hasan Rurg has lost a Empty Can 1498810099.
11:08:35: Hasan Rurg has used '/StorageGiveItem empty_can 1498810099.00'.
11:08:39: Hasan Rurg has lost a Ration Package 1498810108.
11:08:39: Hasan Rurg has used '/StorageGiveItem ration_package 1498810108.00'.
11:08:40: Hasan Rurg has used '/StorageClose'.
11:08:50: Hasan Rurg has used '/InvAction use zip_tie 1498643703'.
11:08:51: Hasan Rurg has used '/CharSearch'.
11:09:34: Hasan Rurg has lost a Spray Can 1498757667.
11:09:34: Hasan Rurg has used '/StorageGiveItem spray_can 1498757667.00'.
11:09:39: Hasan Rurg has lost a Flashlight 1498808393.
11:09:39: Hasan Rurg has used '/StorageGiveItem cw_flashlight 1498808393.00'.
11:09:40: Hasan Rurg has used '/StorageClose'.
11:10:57: Hasan Rurg has gained a Spoiled beer 1498810344.
11:11:07: Hasan Rurg has gained a Empty Glass Bottle 1498810355.
11:11:07: Hasan Rurg has lost a Spoiled beer 1498810344.
11:11:07: Hasan Rurg has used '/InvAction use spoiled_beer 1498810344.00'.
11:13:13: Hasan Rurg has gained a Bleach 1498810482.
11:14:01: Дональд Шекельманн III (STEAM_0:0:54566263 / 178.140.58.86:27005) has disconnected.
11:17:36: ☢❷Ⓓ Aloe☢ (STEAM_0:1:80579394 / 92.240.210.59:27005) has connected.
11:18:35: ☢❷Ⓓ Aloe☢ has loaded the character 'Sophia Roux'.
11:19:18: Sophia Roux has gained a Cutting Knife 1498810848.
11:28:27: Шампиньон (STEAM_0:0:54566263 / 178.140.58.86:27005) has connected.
11:40:21: Шампиньон has loaded the character 'Дональд Шекельманн III'.
11:42:05: Дональд Шекельманн III has gained a Empty Plastic Can 1498812133.
11:43:42: Дональд Шекельманн III has gained a Empty Plastic Can 1498812231.
11:51:09: Дональд Шекельманн III has gained a Empty Carton 1498812679.
11:51:36: Дональд Шекельманн III has gained a Contact Lenses 1498812707.
11:53:04: Дональд Шекельманн III has gained a Empty Can 1498719583.
11:53:59: Дональд Шекельманн III has gained a Handheld Radio 1498812851.
11:54:29: Дональд Шекельманн III has gained a Empty Jug 1498812882.
11:54:32: Дональд Шекельманн III has lost a Empty Jug 1498812882.
11:54:32: Дональд Шекельманн III has used '/InvAction #Drop empty_jug 1498812882.00'.
11:54:35: Дональд Шекельманн III has lost a Empty Carton 1498812679.
11:54:35: Дональд Шекельманн III has used '/InvAction #Drop empty_carton 1498812679.00'.
11:54:36: Дональд Шекельманн III has lost a Empty Plastic Can 1498812231.
11:54:36: Дональд Шекельманн III has used '/InvAction #Drop empty_plastic_can 1498812231.00'.
11:54:39: Дональд Шекельманн III has lost a Empty Plastic Can 1498812133.
11:54:39: Дональд Шекельманн III has used '/InvAction #Drop empty_plastic_can 1498812133.00'.
11:54:44: Дональд Шекельманн III has gained a Empty Can 1498720266.
11:55:47: Дональд Шекельманн III has gained a Empty Chinese Takeout 1498812961.
11:56:38: Дональд Шекельманн III has lost a Empty Chinese Takeout 1498812961.
11:56:38: Дональд Шекельманн III has used '/InvAction #Drop empty_chinese_takeout 1498812961.00'.
11:57:45: Дональд Шекельманн III has lost a Olive Oil 1498402603.
11:57:45: Дональд Шекельманн III has used '/InvAction #Drop olive_oil 1498402603.00'.
12:00:12: Дональд Шекельманн III has gained a Hawthorn 1498813227.
12:03:36: Дональд Шекельманн III has gained a Ration Package 1498813432.
12:03:44: Дональд Шекельманн III has lost a Ration Package 1498813432.
12:03:44: Дональд Шекельманн III has used '/InvAction #Drop ration_package 1498813432.00'.
12:11:49: Дональд Шекельманн III (STEAM_0:0:54566263 / 178.140.58.86:27005) has disconnected.
12:11:55: coldzero (STEAM_0:0:93129723 / 178.141.174.125:27005) has connected.
12:21:18: coldzero has loaded the character 'Доминик Колорадо'.
12:22:13: Шампиньон (STEAM_0:0:54566263 / 178.140.58.86:27005) has connected.
12:22:16: SuperKOJIECO (STEAM_0:1:82306348 / 37.150.247.34:15330) has connected.
12:23:46: SuperKOJIECO has loaded the character 'Hasan Rurg'.
12:23:53: [OOC] Hasan Rurg: ARRRGH
12:25:04: Шампиньон has loaded the character 'Дональд Шекельманн III'.
12:25:17: Дональд Шекельманн III has used '/InvAction Frequency handheld_radio 1498812851.00'.
12:25:22: Дональд Шекельманн III has used '/SetFreq 178.8'.
12:25:31: [LOOC] Hasan Rurg: You see that shit?
12:25:31: [LOOC] Hasan Rurg: You see that shit?
12:25:35: [LOOC] Hasan Rurg: D:<
12:25:35: [LOOC] Hasan Rurg: D:<
12:25:37: [LOOC] Дональд Шекельманн III: Yep
12:25:37: [LOOC] Дональд Шекельманн III: Yep
12:25:39: [LOOC] Дональд Шекельманн III: :DDDDD
12:25:39: [LOOC] Дональд Шекельманн III: :DDDDD
12:26:14: Дональд Шекельманн III has lost a Refined Metal 1498756205.
12:26:14: Дональд Шекельманн III has used '/InvAction #Drop refined_metal 1498756205.00'.
12:26:26: Hasan Rurg has gained a Refined Metal 1498756205.
12:26:29: Дональд Шекельманн III has lost a Refined Metal 1498756206.
12:26:29: Дональд Шекельманн III has used '/InvAction #Drop refined_metal 1498756206.00'.
12:26:41: [LOOC] Hasan Rurg: Места нет :D
12:26:41: [LOOC] Hasan Rurg: Места нет :D
12:26:48: [LOOC] Дональд Шекельманн III: ДА БЛЯТЬ
12:26:48: [LOOC] Дональд Шекельманн III: ДА БЛЯТЬ
12:26:52: Hasan Rurg has lost a Refined Metal 1498756205.
12:26:52: Hasan Rurg has used '/InvAction #Drop refined_metal 1498756205.00'.
12:27:08: [LOOC] Дональд Шекельманн III: Я КОГДА С ТОБОЙ СБЕЖАЛ,ТЫ МНЕ ЭТУ ХУЙНЮ СЛУЧАЙНО СКИНУЛ.БЕРИ ЬЛЯТЬ
12:27:08: [LOOC] Дональд Шекельманн III: Я КОГДА С ТОБОЙ СБЕЖАЛ,ТЫ МНЕ ЭТУ ХУЙНЮ СЛУЧАЙНО СКИНУЛ.БЕРИ ЬЛЯТЬ
12:27:11: Дональд Шекельманн III has gained a Refined Metal 1498756205.
12:27:17: [LOOC] Hasan Rurg: That not true
12:27:17: [LOOC] Hasan Rurg: That not true
12:27:22: [LOOC] Hasan Rurg: Я никогда не находил брусков.
12:27:22: [LOOC] Hasan Rurg: Я никогда не находил брусков.
12:27:24: Дональд Шекельманн III has gained a Refined Metal 1498756206.
12:27:29: [LOOC] Дональд Шекельманн III: значт не ты
12:27:29: [LOOC] Дональд Шекельманн III: значт не ты
12:29:46: Hasan Rurg (STEAM_0:1:82306348 / 37.150.247.34:15330) has disconnected.
12:30:19: coldzero has loaded the character 'Джеймс Билли Бонг'.
12:30:33: [LOOC] Джеймс Билли Бонг: q
12:30:33: [LOOC] Джеймс Билли Бонг: q
12:30:37: [LOOC] Дональд Шекельманн III: АУЕ
12:30:37: [LOOC] Дональд Шекельманн III: АУЕ
12:31:07: Шампиньон has loaded the character 'Donald Shekelmann'.
12:32:04: Donald Shekelmann (STEAM_0:0:54566263 / 178.140.58.86:27005) has disconnected.
12:33:12: Джеймс Билли Бонг (STEAM_0:0:93129723 / 178.141.174.125:27005) has disconnected.
12:57:06: Шампиньон (STEAM_0:0:54566263 / 178.140.58.86:27005) has connected.
12:58:28: Шампиньон has loaded the character 'Donald Shekelmann'.
12:58:31: Шампиньон has loaded the character 'Дональд Шекельманн III'.
12:58:48: Шампиньон has loaded the character 'Donald Shekelmann'.
12:59:21: Donald Shekelmann has lost a Sweet ringlets 1498752341.
12:59:21: Donald Shekelmann has used '/InvAction use sweet_ringlets 1498752341.00'.
12:59:24: Donald Shekelmann has gained a Empty Carton 1498816772.
12:59:24: Donald Shekelmann has lost a Milk carton 1498643968.
12:59:24: Donald Shekelmann has used '/InvAction use milk_carton 1498643968.00'.
12:59:29: Donald Shekelmann has lost a Empty Carton 1498816772.
12:59:29: Donald Shekelmann has used '/InvAction #Drop empty_carton 1498816772.00'.
12:59:32: Donald Shekelmann has lost a Ration Package 1498808828.
12:59:32: Donald Shekelmann has used '/InvAction #Drop ration_package 1498808828.00'.
12:59:33: Donald Shekelmann has lost a Empty Can 1498754776.
12:59:33: Donald Shekelmann has used '/InvAction #Drop empty_can 1498754776.00'.
12:59:40: Donald Shekelmann has gained a Empty Can 1498816789.
12:59:40: Donald Shekelmann has lost a Breen's Water 1498808827.
12:59:40: Donald Shekelmann has used '/InvAction use breens_water 1498808827.00'.
12:59:43: Donald Shekelmann has lost a Empty Can 1498816789.
12:59:43: Donald Shekelmann has used '/InvAction #Drop empty_can 1498816789.00'.
13:00:50: SuperKOJIECO (STEAM_0:1:82306348 / 95.56.58.37:10172) has connected.
13:02:13: SuperKOJIECO has loaded the character 'Hasan Rurg'.
13:02:14: Donald Shekelmann has used '/StorageClose'.
13:02:30: Шампиньон has loaded the character 'Дональд Шекельманн III'.
13:02:46: Hasan Rurg has used '/StorageClose'.
13:02:49: Дональд Шекельманн III has lost a Refined Metal 1498756205.
13:02:49: Дональд Шекельманн III has used '/InvAction #Drop refined_metal 1498756205.00'.
13:02:50: Дональд Шекельманн III has lost a Refined Metal 1498756206.
13:02:50: Дональд Шекельманн III has used '/InvAction #Drop refined_metal 1498756206.00'.
13:02:52: Дональд Шекельманн III has lost a Reclaimed Metal 1498809202.
13:02:52: Дональд Шекельманн III has used '/InvAction #Drop reclaimed_metal 1498809202.00'.
13:02:54: Дональд Шекельманн III has lost a Reclaimed Metal 1498809427.
13:02:54: Дональд Шекельманн III has used '/InvAction #Drop reclaimed_metal 1498809427.00'.
13:02:55: Hasan Rurg has gained a Reclaimed Metal 1498809202.
13:02:57: Hasan Rurg has gained a Reclaimed Metal 1498809427.
13:03:03: Шампиньон has loaded the character 'Donald Shekelmann'.
13:03:04: Hasan Rurg has lost a Reclaimed Metal 1498809202.
13:03:04: Hasan Rurg has used '/StorageGiveItem reclaimed_metal 1498809202.00'.
13:03:06: Hasan Rurg has lost a Reclaimed Metal 1498809427.
13:03:06: Hasan Rurg has used '/StorageGiveItem reclaimed_metal 1498809427.00'.
13:03:07: Hasan Rurg has used '/StorageClose'.
13:03:10: Hasan Rurg has gained a Refined Metal 1498756205.
13:03:12: Donald Shekelmann has gained a Reclaimed Metal 1498809427.
13:03:12: Donald Shekelmann has used '/StorageTakeItem reclaimed_metal 1498809427.00'.
13:03:15: Donald Shekelmann has gained a Reclaimed Metal 1498809202.
13:03:15: Donald Shekelmann has used '/StorageTakeItem reclaimed_metal 1498809202.00'.
13:03:16: Donald Shekelmann has used '/StorageClose'.
13:03:18: Hasan Rurg has lost a Refined Metal 1498756205.
13:03:18: Hasan Rurg has used '/StorageGiveItem refined_metal 1498756205.00'.
13:03:19: Hasan Rurg has used '/StorageClose'.
13:03:21: Hasan Rurg has gained a Refined Metal 1498756206.
13:03:22: Donald Shekelmann has gained a Refined Metal 1498756205.
13:03:22: Donald Shekelmann has used '/StorageTakeItem refined_metal 1498756205.00'.
13:03:23: Donald Shekelmann has used '/StorageClose'.
13:03:34: Hasan Rurg has lost a Boxed Backpack 1498808248.
13:03:34: Hasan Rurg has used '/InvAction #Drop boxed_backpack 1498808248.00'.
13:03:37: Donald Shekelmann has gained a Boxed Backpack 1498808248.
13:03:37: Donald Shekelmann has used '/InvAction use boxed_backpack 1498808248'.
13:03:37: Donald Shekelmann has lost a Boxed Backpack 1498808248.
13:03:46: Hasan Rurg has gained a Boxed Backpack 1498808248.
13:03:55: Hasan Rurg has lost a Boxed Backpack 1498808248.
13:03:55: Hasan Rurg has used '/StorageGiveItem boxed_backpack 1498808248.00'.
13:03:57: Hasan Rurg has used '/StorageClose'.
13:04:00: Donald Shekelmann has used '/StorageClose'.
13:04:13: Шампиньон has loaded the character 'Дональд Шекельманн III'.
13:04:21: Hasan Rurg has used '/CharFallOver'.
13:04:22: Hasan Rurg has used '/CharGetUp'.
13:04:22: Hasan Rurg has used '/CharGetUp'.
13:04:42: Дональд Шекельманн III has lost a Civil Protection Supplements 1498563762.
13:04:42: Дональд Шекельманн III has used '/InvAction #Drop civil_protection_supplements 1498563762.00'.
13:04:45: Дональд Шекельманн III has gained a Civil Protection Supplements 1498563762.
13:05:29: Hasan Rurg (STEAM_0:1:82306348 / 95.56.58.37:10172) has disconnected.
13:05:29: Дональд Шекельманн III (STEAM_0:0:54566263 / 178.140.58.86:27005) has disconnected.
16:12:34: Шампиньон (STEAM_0:0:54566263 / 178.140.58.86:27005) has connected.
16:14:04: Шампиньон has loaded the character 'Donald Shekelmann'.
16:14:24: Шампиньон has loaded the character 'Дональд Шекельманн III'.
16:15:11: Дональд Шекельманн III has gained a Standard Ration 1498828515.
16:15:11: Дональд Шекельманн III has gained a Citizen Supplements 1498828520.
16:15:11: Дональд Шекельманн III has gained a Breen's Water 1498828521.
16:15:11: Дональд Шекельманн III has gained a Ration Package 1498828522.
16:15:11: Дональд Шекельманн III has lost a Standard Ration 1498828515.
16:15:11: Дональд Шекельманн III has used '/InvAction use ration_standard 1498828515'.
16:15:37: Дональд Шекельманн III (STEAM_0:0:54566263 / 178.140.58.86:27005) has disconnected.
17:16:28: Шампиньон (STEAM_0:0:54566263 / 178.140.58.86:27005) has connected.
17:17:06: Шампиньон has loaded the character 'Donald Shekelmann'.
17:17:21: Шампиньон has loaded the character 'Дональд Шекельманн III'.
17:17:38: Дональд Шекельманн III has gained a Standard Ration 1498832264.
17:17:38: Дональд Шекельманн III has gained a Citizen Supplements 1498832267.
17:17:38: Дональд Шекельманн III has gained a Breen's Water 1498832268.
17:17:38: Дональд Шекельманн III has gained a Ration Package 1498832269.
17:17:38: Дональд Шекельманн III has lost a Standard Ration 1498832264.
17:17:38: Дональд Шекельманн III has used '/InvAction use ration_standard 1498832264'.
17:18:50: Дональд Шекельманн III has gained a Empty Tin Can 1498675381.
17:18:57: Дональд Шекельманн III has gained a Empty Can 1498675208.
17:18:59: Дональд Шекельманн III has gained a Empty Can 1498748632.
17:19:01: Дональд Шекельманн III has gained a Empty Can 1498748643.
17:19:07: Snufcha (STEAM_0:0:85361962 / 37.214.224.76:28564) has connected.
17:19:18: Дональд Шекельманн III has used '/CraftItem blueprint_scrapmetal_2'.
17:19:19: Дональд Шекельманн III has crafted a Scrap Metal.
17:19:19: Дональд Шекельманн III has lost a Empty Can 1498748632.
17:19:19: Дональд Шекельманн III has lost a Empty Can 1498720266.
17:19:19: Дональд Шекельманн III has lost a Empty Can 1498748643.
17:19:19: Дональд Шекельманн III has lost a Empty Can 1498719583.
17:19:19: Дональд Шекельманн III has lost a Empty Can 1498675208.
17:19:19: Дональд Шекельманн III has gained a Scrap Metal 1498832371.
17:19:19: Дональд Шекельманн III has used '/CraftItem blueprint_scrapmetal'.
17:19:19: Дональд Шекельманн III has used '/CraftItem blueprint_scrapmetal_3'.
17:19:22: Дональд Шекельманн III has used '/CraftItem blueprint_scrapmetal'.
17:19:22: Дональд Шекельманн III has used '/CraftItem blueprint_scrapmetal_3'.
17:19:23: Дональд Шекельманн III has used '/CraftItem blueprint_scrapmetal'.
17:19:23: Дональд Шекельманн III has used '/CraftItem blueprint_plastic_3'.
17:19:24: Дональд Шекельманн III has used '/CraftItem blueprint_plastic'.
17:19:24: Дональд Шекельманн III has used '/CraftItem blueprint_reclaimed_metal'.
17:19:25: Дональд Шекельманн III has used '/CraftItem blueprint_reclaimed_metal'.
17:19:25: Дональд Шекельманн III has used '/CraftItem blueprint_refined_metal'.
17:19:25: Дональд Шекельманн III has used '/CraftItem blueprint_refined_metal'.
17:19:25: Дональд Шекельманн III has used '/CraftItem blueprint_refined_metal'.
17:19:26: Дональд Шекельманн III has used '/CraftItem blueprint_reclaimed_metal'.
17:19:26: Дональд Шекельманн III has used '/CraftItem blueprint_refined_metal'.
17:19:26: Дональд Шекельманн III has used '/CraftItem blueprint_reclaimed_metal'.
17:19:27: Дональд Шекельманн III has used '/CraftItem blueprint_refined_metal'.
17:19:27: Дональд Шекельманн III has used '/CraftItem blueprint_reclaimed_metal'.
17:19:27: Дональд Шекельманн III has used '/CraftItem blueprint_refined_metal'.
17:20:20: Snufcha has loaded the character 'Redly Dillinger'.
17:20:24: Дональд Шекельманн III has used '/InvAction Frequency handheld_radio 1498812851.00'.
17:20:26: Дональд Шекельманн III has used '/SetFreq 178.8'.
17:20:47: Дональд Шекельманн III has used '/Radio Есть ли кто-нибудь на этой частоте?'.
17:21:28: Redly Dillinger has lost a Cutting Knife 1498658844.
17:21:28: Redly Dillinger has used '/InvAction #Drop cutting_knife 1498658844.00'.
17:21:30: Redly Dillinger has lost a Civil Protection Supplements 1498572442.
17:21:30: Redly Dillinger has used '/InvAction #Drop civil_protection_supplements 1498572442.00'.
17:21:31: Шампиньон has loaded the character 'Donald Shekelmann'.
17:21:31: Redly Dillinger has lost a Civil Protection Supplements 1498569386.
17:21:31: Redly Dillinger has used '/InvAction #Drop civil_protection_supplements 1498569386.00'.
17:21:34: Redly Dillinger has gained a Minimal Ration 1498832504.
17:21:34: Redly Dillinger has gained a Minimal Supplements 1498832508.
17:21:34: Redly Dillinger has gained a Breen's Water 1498832509.
17:21:34: Redly Dillinger has gained a Ration Package 1498832510.
17:21:34: Redly Dillinger has lost a Minimal Ration 1498832504.
17:21:34: Redly Dillinger has used '/InvAction use ration_minimal 1498832504'.
17:21:43: Redly Dillinger has gained a Empty Can 1498832520.
17:21:43: Redly Dillinger has lost a Breen's Water 1498588749.
17:21:43: Redly Dillinger has used '/InvAction use breens_water 1498588749.00'.
17:21:54: Redly Dillinger has gained a Civil Protection Supplements 1498569386.
17:21:55: Redly Dillinger has gained a Civil Protection Supplements 1498572442.
17:22:15: Donald Shekelmann has used '/InvAction use light_medic_t-shirt_with_vest 1498747849.00'.
17:23:01: Redly Dillinger has lost a 9mm Pistol Bullets 1498598011.
17:23:01: Redly Dillinger has used '/InvAction #Drop ammo_pistol 1498598011.00'.
17:23:08: Donald Shekelmann has gained a 9mm Pistol Bullets 1498598011.
17:23:08: Donald Shekelmann has lost a 9mm Pistol Bullets 1498598011.
17:23:08: Donald Shekelmann has used '/InvAction use ammo_pistol 1498598011'.
17:23:16: [LOOC] Donald Shekelmann: Я КОНЧИЛ
17:23:16: [LOOC] Donald Shekelmann: Я КОНЧИЛ
17:23:27: [LOOC] Donald Shekelmann: Спа-си-б-о
17:23:27: [LOOC] Donald Shekelmann: Спа-си-б-о
17:23:33: Redly Dillinger has used '/InvAction use sxbase_357 1498368249.00'.
17:24:36: Redly Dillinger has used '/CharFallOver'.
17:24:37: Redly Dillinger has used '/CharGetUp'.
17:25:50: [LOOC] Redly Dillinger: lol , на писте фонар
17:25:50: [LOOC] Redly Dillinger: lol , на писте фонар
17:26:03: Redly Dillinger has used '/CharFallOver'.
17:26:03: Redly Dillinger has used '/CharGetUp'.
17:26:04: Redly Dillinger has used '/CharGetUp'.
17:27:04: Redly Dillinger has used '/CharFallOver'.
17:27:04: Redly Dillinger has used '/CharGetUp'.
17:27:21: Redly Dillinger (STEAM_0:0:85361962 / 37.214.224.76:28564) has disconnected.
17:27:58: Donald Shekelmann (STEAM_0:0:54566263 / 178.140.58.86:27005) has disconnected.
17:39:45: SuperKOJIECO (STEAM_0:1:82306348 / 37.150.231.108:18281) has connected.
17:41:44: SuperKOJIECO has loaded the character 'Hasan Rurg'.
17:42:35: Шампиньон (STEAM_0:0:54566263 / 178.140.58.86:27005) has connected.
17:43:23: Hasan Rurg has lost a Bleach 1498810482.
17:43:23: Hasan Rurg has used '/InvAction #Drop bleach 1498810482.00'.
17:43:26: Hasan Rurg has lost a Bleach 1498758539.
17:43:26: Hasan Rurg has used '/InvAction #Drop bleach 1498758539.00'.
17:44:49: Шампиньон has loaded the character 'Donald Shekelmann'.
17:44:55: Hasan Rurg has lost a Empty Glass Bottle 1498810355.
17:46:38: Snufcha (STEAM_0:0:85361962 / 37.214.224.76:57953) has connected.
17:46:54: [LOOC] Hasan Rurg: Сюды.
17:46:54: [LOOC] Hasan Rurg: Сюды.
17:46:57: [LOOC] Hasan Rurg: Ушел.
17:46:57: [LOOC] Hasan Rurg: Ушел.
17:47:05: [LOOC] Hasan Rurg: :O
17:47:05: [LOOC] Hasan Rurg: :O
17:47:08: Hasan Rurg has gained a Empty Glass Bottle 1498739445.
17:47:12: [LOOC] Hasan Rurg: Ты видал это?
17:47:12: [LOOC] Hasan Rurg: Ты видал это?
17:47:12: [LOOC] Donald Shekelmann: :DDDDDDD
17:47:12: [LOOC] Donald Shekelmann: :DDDDDDD
17:47:15: [LOOC] Hasan Rurg: Це винцо!
17:47:15: [LOOC] Hasan Rurg: Це винцо!
17:47:15: [LOOC] Donald Shekelmann: yep
17:47:15: [LOOC] Donald Shekelmann: yep
17:47:17: [LOOC] Donald Shekelmann: пустая
17:47:17: [LOOC] Donald Shekelmann: пустая
17:47:20: Hasan Rurg has gained a Union Branded Orange 1498749430.
17:47:20: Hasan Rurg has lost a Union Branded Orange 1498749430.
17:47:20: Hasan Rurg has used '/InvAction use union_branded_orange 1498749430'.
17:47:31: [LOOC] Hasan Rurg: D:
17:47:31: [LOOC] Hasan Rurg: D:
17:47:39: Snufcha has loaded the character 'Redly Dillinger'.
17:47:48: Hasan Rurg has lost a Empty Glass Bottle 1498739445.
17:47:48: Hasan Rurg has used '/InvAction #Drop empty_glass_bottle 1498739445.00'.
17:47:53: Redly Dillinger has used '/InvAction use sxbase_357 1498368249.00'.
17:48:01: [OOC] Hasan Rurg: Мы захватили власть в Сити-17!
17:48:04: [LOOC] Hasan Rurg: Идемс
17:48:04: [LOOC] Hasan Rurg: Идемс
17:48:11: [LOOC] Redly Dillinger: Вау , везет вам с формой
17:48:11: [LOOC] Redly Dillinger: Вау , везет вам с формой
17:48:15: [LOOC] Redly Dillinger: Вау , везет вам с формой
17:48:15: [LOOC] Redly Dillinger: Вау , везет вам с формой
17:48:41: Redly Dillinger has lost a Broken MP7 1498568321.
17:48:41: Redly Dillinger has used '/InvAction #Drop broken_mp7 1498568321.00'.
17:48:45: Redly Dillinger has gained a Broken MP7 1498568321.
17:48:53: Donald Shekelmann has used '/Radio [[ Как слышно сукабля?'.
17:48:57: Hasan Rurg has used '/Radio Найс'.
17:49:04: [LOOC] Donald Shekelmann: yeaaaa
17:49:04: [LOOC] Donald Shekelmann: yeaaaa
17:49:04: Hasan Rurg has used '/Radio [[ void'.
17:49:07: Redly Dillinger has gained a Empty Glass Bottle 1498739445.
17:49:10: Redly Dillinger has lost a Empty Glass Bottle 1498739445.
17:49:10: Redly Dillinger has used '/InvAction #Drop empty_glass_bottle 1498739445.00'.
17:49:15: Hasan Rurg (STEAM_0:1:82306348 / 37.150.231.108:18281) has disconnected.
17:49:16: Redly Dillinger has used '/InvAction Frequency handheld_radio 1498564588.00'.
17:49:20: Redly Dillinger has used '/SetFreq 178.8'.
17:49:34: [LOOC] Redly Dillinger: можно купит болты
17:49:34: [LOOC] Redly Dillinger: можно купит болты
17:49:37: SuperKOJIECO (STEAM_0:1:82306348 / 37.150.231.108:18281) has connected.
17:49:48: Redly Dillinger has used '/CharFallOver'.
17:49:48: Redly Dillinger has used '/CharGetUp'.
17:50:16: Redly Dillinger has lost a Ration Package 1498832510.
17:50:17: Redly Dillinger has lost a Empty Can 1498832520.
17:51:44: Donald Shekelmann has used '/StorageClose'.
17:52:24: Redly Dillinger has gained a .357 Magnum Bullets 1498834352.
17:53:24: Donald Shekelmann has gained a Empty Can 1498834413.
17:53:24: Donald Shekelmann has lost a Smooth Breen's Water 1498752897.
17:53:24: Donald Shekelmann has used '/InvAction use smooth_breens_water 1498752897.00'.
17:53:26: Donald Shekelmann has lost a Empty Can 1498834413.
17:53:26: Donald Shekelmann has used '/InvAction #Drop empty_can 1498834413.00'.
17:53:31: Donald Shekelmann has lost a Citizen Supplements 1498808826.
17:53:31: Donald Shekelmann has used '/InvAction use citizen_supplements 1498808826.00'.
17:53:33: Redly Dillinger has gained a Bleach 1498834423.
17:53:35: Donald Shekelmann has gained a Cutting Knife 1498658844.
17:55:15: [LOOC] Donald Shekelmann: ЗДЛОЯДЬ
17:55:15: [LOOC] Donald Shekelmann: ЗДЛОЯДЬ
17:55:22: [LOOC] Donald Shekelmann: ПОКАЗЫВАЙ ТОРГАША
17:55:22: [LOOC] Donald Shekelmann: ПОКАЗЫВАЙ ТОРГАША
17:55:29: Donald Shekelmann has used '/GiveCash 20'.
17:56:31: Redly Dillinger has lost a Spray Can 1498571488.
17:56:31: Redly Dillinger has used '/InvAction #Drop spray_can 1498571488.00'.
17:56:34: Redly Dillinger has lost a Spray Can 1498595606.
17:56:34: Redly Dillinger has used '/InvAction #Drop spray_can 1498595606.00'.
17:56:43: Redly Dillinger has gained a .357 Magnum Bullets 1498834614.
17:59:05: Redly Dillinger (STEAM_0:0:85361962 / 37.214.224.76:57953) has disconnected.
17:59:17: Donald Shekelmann (STEAM_0:0:54566263 / 178.140.58.86:27005) has disconnected.
18:00:44: SuperKOJIECO has loaded the character 'Hasan Rurg'.
18:02:01: Hasan Rurg has gained a Box of Screws 1498834933.
18:06:17: Hasan Rurg has gained a Suitcase 1498835190.
18:06:31: Hasan Rurg has lost a Suitcase 1498835190.
18:06:31: Hasan Rurg has used '/InvAction #Drop cw_suitcase 1498835190.00'.
18:11:19: Hasan Rurg has lost a Union Branded Chocolate 1498810107.
18:11:19: Hasan Rurg has used '/InvAction use union_branded_chocolate 1498810107.00'.
18:11:20: Hasan Rurg has lost a Loyalist Supplements 1498810105.
18:11:20: Hasan Rurg has used '/InvAction use loyalist_supplements 1498810105.00'.
18:11:22: Hasan Rurg has lost a Hot-dog 1498808293.
18:11:22: Hasan Rurg has used '/InvAction use hot-dog 1498808293.00'.
18:13:30: [OOC] Hasan Rurg: Somebody help me, i need teleport to ZS
18:15:23: Hasan Rurg has gained a Reclaimed Metal 1498835737.
18:15:24: Hasan Rurg has gained a Reclaimed Metal 1498835739.
18:16:14: Hasan Rurg has gained a Paper 1498505233.
18:16:18: Hasan Rurg has used '/InvAction use paper 1498505233.00'.
18:16:34: Hasan Rurg has lost a Paper 1498505233.
18:16:34: Hasan Rurg has used '/InvAction #Drop paper 1498505233.00'.
18:16:53: Hasan Rurg has used '/StorageClose'.
18:18:08: Hasan Rurg has gained a Empty Can 1498835904.
18:19:48: Hasan Rurg has gained a Empty Tin Can 1498836005.
18:20:52: Hasan Rurg has gained a Empty Tin Can 1498836070.
18:21:18: Hasan Rurg has gained a Empty Tin Can 1498836097.
18:21:22: Hasan Rurg (STEAM_0:1:82306348 / 37.150.231.108:18281) has disconnected.
18:44:40: Layka (STEAM_0:0:122774378 / 77.40.122.189:27005) has connected.
18:46:33: Layka has loaded the character 'Alfy Bishop'.
18:47:08: Alfy Bishop has used '/AnimLean #Emotes_animLean_Normal'.
18:54:04: Alfy Bishop has gained a Pickles 1498838052.
18:54:13: Alfy Bishop has lost a Union Branded Corn Cob 1498763077.
18:54:13: Alfy Bishop has used '/InvAction use union_branded_corn_cob 1498763077.00'.
18:55:57: Alfy Bishop has gained a Olive Oil 1498838166.
18:57:22: Alfy Bishop has gained a Empty Can 1498838252.
18:59:25: Alfy Bishop has used '/CharFallOver'.
18:59:26: Alfy Bishop has used '/CharGetUp'.
18:59:26: Alfy Bishop has used '/CharGetUp'.
18:59:26: Alfy Bishop has used '/CharGetUp'.
19:00:20: Alfy Bishop has gained a Cutting Knife 1498838431.
19:00:48: Alfy Bishop has gained a Empty Glass Bottle 1498838460.
19:02:03: Alfy Bishop has used '/AnimLean #Emotes_animLean_Normal'.
19:04:41: Alfy Bishop has gained a Civil Protection Ration 1498838694.
19:04:47: Alfy Bishop has gained a Civil Protection Supplements 1498838701.
19:04:47: Alfy Bishop has gained a Special Breen's Water 1498838702.
19:04:47: Alfy Bishop has gained a Ration Package 1498838703.
19:04:47: Alfy Bishop has lost a Civil Protection Ration 1498838694.
19:04:47: Alfy Bishop has used '/InvAction use ration_cp 1498838694.00'.
19:05:05: Шампиньон (STEAM_0:0:54566263 / 178.140.58.86:27005) has connected.
19:05:55: Alfy Bishop has gained a Bleach 1498838772.
19:06:28: Alfy Bishop has used '/CharFallOver'.
19:06:29: Alfy Bishop has used '/CharGetUp'.
19:06:29: Alfy Bishop has used '/CharGetUp'.
19:06:29: Alfy Bishop has used '/CharGetUp'.
19:06:29: Alfy Bishop has used '/CharGetUp'.
19:09:49: Alfy Bishop has lost a Bleach 1498838772.
19:09:49: Alfy Bishop has used '/InvAction #Drop bleach 1498838772.00'.
19:09:59: Alfy Bishop has gained a Empty Can 1498839002.
19:10:20: Alfy Bishop has used '/CharFallOver'.
19:10:21: Alfy Bishop has used '/CharGetUp'.
19:12:21: Alfy Bishop has lost a Empty Glass Bottle 1498838460.
19:12:21: Alfy Bishop has used '/StorageGiveItem empty_glass_bottle 1498838460.00'.
19:12:29: Alfy Bishop has lost a Olive Oil 1498838166.
19:12:29: Alfy Bishop has used '/StorageGiveItem olive_oil 1498838166.00'.
19:12:32: Шампиньон has loaded the character 'Donald Shekelmann'.
19:12:35: Alfy Bishop has used '/StorageClose'.
19:13:51: Alfy Bishop has used '/StorageClose'.
19:13:54: Alfy Bishop has used '/CraftItem blueprint_scrapmetal_3'.
19:13:55: Alfy Bishop has used '/CraftItem blueprint_scrapmetal'.
19:13:55: Alfy Bishop has used '/CraftItem blueprint_scrapmetal_2'.
19:13:56: Alfy Bishop has used '/CraftItem blueprint_plastic_4'.
19:13:56: Alfy Bishop has used '/CraftItem blueprint_plastic_3'.
19:13:57: Alfy Bishop has used '/CraftItem blueprint_plastic_2'.
19:13:58: Alfy Bishop has used '/CraftItem blueprint_plastic'.
19:14:42: Donald Shekelmann has used '/StorageClose'.
19:24:45: Alfy Bishop has used '/DropCash 665'.
19:25:22: Шампиньон has loaded the character 'Дональд Шекельманн III'.
19:25:43: Alfy Bishop has used '/AnimSit'.
19:29:33: Alfy Bishop has used '/StorageClose'.
19:29:43: Alfy Bishop has gained a Bullet Casings 1498840203.
19:29:56: Дональд Шекельманн III has gained a M7A3 Flashbang 1498840217.
19:29:58: Alfy Bishop has lost a Loyalist Supplements 1498749166.
19:29:58: Alfy Bishop has used '/InvAction use loyalist_supplements 1498749166.00'.
19:30:01: Alfy Bishop has gained a Empty Can 1498840223.
19:30:01: Alfy Bishop has lost a Special Breen's Water 1498838702.
19:30:01: Alfy Bishop has used '/InvAction use special_breens_water 1498838702.00'.
19:30:03: Alfy Bishop has gained a Bullet Casings 1498840226.
19:30:08: Snufcha (STEAM_0:0:85361962 / 37.214.224.76:14817) has connected.
19:31:41: Snufcha has loaded the character 'Redly Dillinger'.
19:32:06: Дональд Шекельманн III has lost a M7A3 Flashbang 1498840217.
19:32:06: Дональд Шекельманн III has used '/InvAction #Drop sxbase_fg 1498840217.00'.
19:32:17: Дональд Шекельманн III has lost a Hawthorn 1498813227.
19:32:17: Дональд Шекельманн III has used '/InvAction #Drop hawthorn 1498813227.00'.
19:32:19: Alfy Bishop has gained a M7A3 Flashbang 1498840217.
19:32:19: Alfy Bishop has used '/InvAction use sxbase_fg 1498840217'.
19:32:32: Alfy Bishop has gained a Hawthorn 1498813227.
19:32:32: Alfy Bishop has gained a Empty Glass Bottle 1498840376.
19:32:32: Alfy Bishop has lost a Hawthorn 1498813227.
19:32:32: Alfy Bishop has used '/InvAction use hawthorn 1498813227'.
19:32:38: [LOOC] Alfy Bishop: Флешбенк
19:32:38: [LOOC] Alfy Bishop: Флешбенк
19:33:07: Redly Dillinger has gained a Minimal Ration 1498840410.
19:33:07: Redly Dillinger has gained a Minimal Supplements 1498840413.
19:33:07: Redly Dillinger has gained a Breen's Water 1498840414.
19:33:07: Redly Dillinger has gained a Ration Package 1498840415.
19:33:07: Redly Dillinger has lost a Minimal Ration 1498840410.
19:33:07: Redly Dillinger has used '/InvAction use ration_minimal 1498840410'.
19:33:31: Alfy Bishop has taken 38 damage from worldspawn, leaving them at 62 health!
19:33:41: Alfy Bishop has lost a Bandage 1498765154.
19:33:41: Alfy Bishop has used '/InvAction use bandage 1498765154.00'.
19:33:47: Alfy Bishop has lost a Bandage 1498765158.
19:33:47: Alfy Bishop has used '/InvAction use bandage 1498765158.00'.
19:34:28: Redly Dillinger has used '/CharFallOver'.
19:34:30: Redly Dillinger has used '/CharGetUp'.
19:34:31: Шампиньон has loaded the character 'Donald Shekelmann'.
19:34:47: Redly Dillinger has used '/CharFallOver'.
19:34:47: Redly Dillinger has used '/CharGetUp'.
19:35:23: Redly Dillinger (STEAM_0:0:85361962 / 37.214.224.76:14817) has disconnected.
19:35:35: Alfy Bishop has gained a Juniper 1498840561.
19:35:35: Alfy Bishop has lost a Juniper 1498840561.
19:35:35: Alfy Bishop has used '/InvAction use juniper 1498840561'.
19:36:36: Donald Shekelmann has lost a Cutting Knife 1498658844.
19:36:36: Donald Shekelmann has used '/InvAction #Drop cutting_knife 1498658844.00'.
19:36:38: Donald Shekelmann has gained a Standard Ration 1498840627.
19:36:38: Donald Shekelmann has gained a Citizen Supplements 1498840630.
19:36:38: Donald Shekelmann has gained a Breen's Water 1498840631.
19:36:38: Donald Shekelmann has gained a Ration Package 1498840632.
19:36:38: Donald Shekelmann has lost a Standard Ration 1498840627.
19:36:38: Donald Shekelmann has used '/InvAction use ration_standard 1498840627'.
19:36:41: Donald Shekelmann has gained a Empty Can 1498840636.
19:36:41: Donald Shekelmann has lost a Breen's Water 1498840631.
19:36:41: Donald Shekelmann has used '/InvAction use breens_water 1498840631.00'.
19:36:43: Donald Shekelmann has lost a Empty Can 1498840636.
19:36:43: Donald Shekelmann has used '/InvAction #Drop empty_can 1498840636.00'.
19:36:45: Donald Shekelmann has lost a Ration Package 1498840632.
19:36:45: Donald Shekelmann has used '/InvAction #Drop ration_package 1498840632.00'.
19:36:47: Donald Shekelmann has lost a Citizen Supplements 1498840630.
19:36:47: Donald Shekelmann has used '/InvAction use citizen_supplements 1498840630.00'.
19:36:51: Donald Shekelmann has gained a Cutting Knife 1498658844.
19:37:30: Alfy Bishop has gained a Ration Package 1498840686.
19:38:59: Donald Shekelmann (STEAM_0:0:54566263 / 178.140.58.86:27005) has disconnected.
19:41:02: Alfy Bishop has used '/StorageClose'.
19:41:39: Alfy Bishop has used '/StorageClose'.
19:44:12: Alfy Bishop (STEAM_0:0:122774378 / 77.40.122.189:27005) has disconnected.
19:45:29: Шампиньон (STEAM_0:0:54566263 / 178.140.58.86:27005) has connected.
19:50:15: Шампиньон has loaded the character 'Donald Shekelmann'.
19:50:36: Шампиньон has loaded the character 'Дональд Шекельманн III'.
19:56:39: Дональд Шекельманн III (STEAM_0:0:54566263 / 178.140.58.86:27005) has disconnected.
22:37:16: Schwarz Kruppzo (STEAM_0:1:44629398 / 109.161.90.122:27005) has connected.
22:40:17: Schwarz Kruppzo has loaded the character 'Bug Report'.
22:40:22: Bug Report has used '/Observer'.
23:33:42: Bug Report (STEAM_0:1:44629398 / 109.161.90.122:27005) has disconnected.
