15:0:29: [EoAsm] SchwarzKruppzo (STEAM_0:1:44629398) has connected.
15:2:44: [EoAsm] SchwarzKruppzo has loaded the character 'C17.CP-DsP.00228'.
15:11:19: C17.CP-DsP.00228 (STEAM_0:1:44629398) has disconnected.
15:15:33: [EoAsm] SchwarzKruppzo (STEAM_0:1:44629398) has connected.
15:29:6: [EoAsm] SchwarzKruppzo (STEAM_0:1:44629398) has connected.
15:30:26: [EoAsm] SchwarzKruppzo has loaded the character 'C17.CP-DsP.00228'.
15:31:43: C17.CP-DsP.00228 (STEAM_0:1:44629398) has disconnected.
15:34:53: [EoAsm] SchwarzKruppzo (STEAM_0:1:44629398) has connected.
15:50:43: [EoAsm] SchwarzKruppzo (STEAM_0:1:44629398) has connected.
15:57:35: [EoAsm] SchwarzKruppzo (STEAM_0:1:44629398) has connected.
15:58:55: [EoAsm] SchwarzKruppzo has loaded the character 'C17.CP-DsP.00228'.
16:0:25: C17.CP-DsP.00228 (STEAM_0:1:44629398) has disconnected.
16:3:22: [EoAsm] SchwarzKruppzo (STEAM_0:1:44629398) has connected.
16:11:47: [EoAsm] SchwarzKruppzo (STEAM_0:1:44629398) has connected.
16:12:51: [EoAsm] SchwarzKruppzo has loaded the character 'C17.CP-DsP.00228'.
16:35:28: [EoAsm] SchwarzKruppzo (STEAM_0:1:44629398) has connected.
17:2:11: [EoAsm] SchwarzKruppzo has loaded the character 'C17.CP-DsP.00228'.
17:8:26: [EoAsm] SchwarzKruppzo (STEAM_0:1:44629398) has connected.
17:18:31: [EoAsm] SchwarzKruppzo (STEAM_0:1:44629398) has connected.
17:26:44: [EoAsm] SchwarzKruppzo (STEAM_0:1:44629398) has connected.
17:37:51: [EoAsm] SchwarzKruppzo (STEAM_0:1:44629398) has connected.
18:3:45: [EoAsm] SchwarzKruppzo (STEAM_0:1:44629398) has connected.
18:5:43: [EoAsm] SchwarzKruppzo has created a Citizen character called 'вфывфывфывфывфывфывфывфывфывфы'.
18:5:46: [EoAsm] SchwarzKruppzo has loaded the character 'вфывфывфывфывфывфывфывфывфывфы'.
18:7:2: вфывфывфывфывфывфывфывфывфывфы has used '/Observer'.
18:7:3: вфывфывфывфывфывфывфывфывфывфы has used '/Observer'.
18:7:4: вфывфывфывфывфывфывфывфывфывфы has used '/Observer'.
18:7:5: вфывфывфывфывфывфывфывфывфывфы has used '/Observer'.
18:7:6: вфывфывфывфывфывфывфывфывфывфы has used '/Observer'.
18:20:21: [EoAsm] SchwarzKruppzo (STEAM_0:1:44629398) has connected.
18:22:12: [EoAsm] SchwarzKruppzo has created a Citizen character called 'dasdsdadadasdasdddasdasdd'.
18:44:56: [EoAsm] SchwarzKruppzo (STEAM_0:1:44629398) has connected.
19:50:19: [EoAsm] SchwarzKruppzo (STEAM_0:1:44629398) has connected.
20:32:2: [EoAsm] SchwarzKruppzo (STEAM_0:1:44629398) has connected.
21:25:39: [EoAsm] SchwarzKruppzo (STEAM_0:1:44629398) has connected.
21:55:2: [EoAsm] SchwarzKruppzo (STEAM_0:1:44629398) has connected.
22:1:46: [EoAsm] SchwarzKruppzo (STEAM_0:1:44629398) has connected.
22:10:36: [EoAsm] SchwarzKruppzo (STEAM_0:1:44629398) has connected.
22:20:18: [EoAsm] SchwarzKruppzo (STEAM_0:1:44629398) has connected.
22:26:23: [EoAsm] SchwarzKruppzo (STEAM_0:1:44629398) has connected.
22:35:2: [EoAsm] SchwarzKruppzo (STEAM_0:1:44629398) has connected.
