0:7:48: [EoAsm] SchwarzKruppzo (STEAM_0:1:44629398) has connected.
0:9:12: [EoAsm] SchwarzKruppzo has loaded the character 'TestTestTestdsadTestTestTestTest'.
0:9:19: TestTestTestdsadTestTestTestTest has used '/Observer'.
0:9:30: TestTestTestdsadTestTestTestTest has used '/Observer'.
0:15:19: [EoAsm] SchwarzKruppzo (STEAM_0:1:44629398) has connected.
0:16:51: [EoAsm] SchwarzKruppzo has loaded the character 'TestTestTestdsadTestTestTestTest'.
0:16:57: TestTestTestdsadTestTestTestTest has used '/Observer'.
0:16:59: TestTestTestdsadTestTestTestTest has used '/Observer'.
0:18:31: TestTestTestdsadTestTestTestTest (STEAM_0:1:44629398) has disconnected.
14:10:34: [EoAsm] SchwarzKruppzo (STEAM_0:1:44629398) has connected.
14:13:0: [EoAsm] SchwarzKruppzo has created a Citizen character called 'Memes'.
14:13:16: [EoAsm] SchwarzKruppzo has loaded the character 'Memes'.
14:14:52: Memes has used '/CharVoiceDesc'.
14:14:55: Memes has used '/CharVoiceDesc Govnach'.
14:15:1: Memes has used '/CharVoiceDesc'.
15:11:12: [EoAsm] SchwarzKruppzo (STEAM_0:1:44629398) has connected.
15:16:52: [EoAsm] SchwarzKruppzo has loaded the character 'Memes'.
15:18:58: Memes has used '/Observer'.
15:18:59: Memes has used '/Observer'.
15:19:5: Memes has used '/Observer'.
15:19:6: Memes has used '/Observer'.
15:19:26: Memes has used '/Observer'.
15:19:27: Memes has used '/Observer'.
15:19:39: Memes has used '/Observer'.
15:19:40: Memes has used '/Observer'.
15:19:41: Memes has used '/Observer'.
15:19:41: Memes has used '/Observer'.
15:21:58: [EoAsm] Taishō Septic (STEAM_0:0:34008601) has connected.
15:23:14: Memes has used '/Observer'.
15:23:16: Memes has used '/Observer'.
15:23:20: [EoAsm] Taishō Septic has created a Citizen character called '111111111111111'.
15:23:23: [EoAsm] Taishō Septic has loaded the character '1111111111111'.
15:23:23: 1111111111111 has used '/CharVoiceDesc'.
15:23:29: 1111111111111 has used '/CharVoiceDesc wwwwwwww4355555555555553333333333'.
15:24:11: 1111111111111 has used '/CharFallOver 0'.
15:29:17: [EoAsm] SchwarzKruppzo (STEAM_0:1:44629398) has connected.
15:29:20: [EoAsm] Taishō Septic (STEAM_0:0:34008601) has connected.
15:30:51: [EoAsm] Taishō Septic has loaded the character '1111111111111'.
15:30:52: 1111111111111 has used '/CharVoiceDesc'.
15:30:56: 1111111111111 has used '/CharVoiceDesc ц122222222222222222222222222'.
15:31:2: 1111111111111 has used '/Observer'.
15:31:4: [EoAsm] SchwarzKruppzo has loaded the character 'Memes'.
15:31:8: 1111111111111 has used '/Observer'.
15:33:9: 1111111111111 (STEAM_0:0:34008601) has disconnected.
15:33:11: Memes (STEAM_0:1:44629398) has disconnected.
15:41:53: [EoAsm] SchwarzKruppzo (STEAM_0:1:44629398) has connected.
15:41:58: [EoAsm] Taishō Septic (STEAM_0:0:34008601) has connected.
15:43:27: [EoAsm] SchwarzKruppzo has loaded the character 'Memes'.
15:43:40: [EoAsm] Taishō Septic has loaded the character '1111111111111'.
15:43:48: [OOC] Memes: да ты ПАДЛА Я НЕ ЗВАЛ ТЕБЯ!!!!!!!!!!!!!!!!!!!
15:44:1: 1111111111111 has used '/Observer'.
15:44:1: 1111111111111 has used '/Observer'.
15:44:2: 1111111111111 has used '/CharFallOver 0'.
15:44:3: worldspawn has killed 1111111111111.
15:44:5: 1111111111111 (STEAM_0:0:34008601) has disconnected.
15:50:11: Memes has used '/Observer'.
15:50:13: Memes has used '/Observer'.
15:50:13: Memes has used '/Observer'.
15:50:20: Memes has used '/Observer'.
15:50:20: Memes has used '/Observer'.
15:50:47: Memes has used '/Observer'.
15:50:48: Memes has used '/Observer'.
15:50:50: Memes has used '/Observer'.
15:50:52: Memes has used '/Observer'.
15:50:53: Memes has used '/Observer'.
15:50:54: Memes has used '/Observer'.
15:50:54: Memes has used '/Observer'.
15:50:54: Memes has used '/Observer'.
15:50:55: Memes has used '/Observer'.
15:50:56: Memes has used '/Observer'.
15:50:57: Memes has used '/Observer'.
15:50:58: Memes has used '/Observer'.
15:50:59: Memes has used '/Observer'.
15:51:2: Memes has used '/Observer'.
15:51:2: Memes has used '/Observer'.
15:51:3: Memes has used '/Observer'.
15:51:3: Memes has used '/Observer'.
15:51:4: Memes has used '/Observer'.
15:51:4: Memes has used '/Observer'.
15:51:6: Memes has used '/Observer'.
15:51:6: Memes has used '/Observer'.
15:51:7: Memes has used '/Observer'.
15:51:8: Memes has used '/Observer'.
15:51:9: Memes has used '/Observer'.
15:51:9: Memes has used '/Observer'.
15:51:10: Memes has used '/Observer'.
15:51:10: Memes has used '/Observer'.
15:51:11: Memes has used '/Observer'.
15:51:12: Memes has used '/Observer'.
15:51:13: Memes has used '/Observer'.
15:51:13: Memes has used '/Observer'.
15:51:14: Memes has used '/Observer'.
15:51:14: Memes has used '/Observer'.
15:51:16: Memes has used '/Observer'.
15:51:16: Memes has used '/Observer'.
15:51:17: Memes has used '/Observer'.
15:51:17: Memes has used '/Observer'.
15:51:22: Memes has used '/Observer'.
15:51:22: Memes has used '/Observer'.
15:51:23: Memes has used '/Observer'.
15:51:23: Memes has used '/Observer'.
15:51:24: Memes has used '/Observer'.
15:51:24: Memes has used '/Observer'.
15:51:24: Memes has used '/Observer'.
15:51:25: Memes has used '/Observer'.
15:51:25: Memes has used '/Observer'.
15:51:27: Memes has used '/Observer'.
15:51:29: Memes has used '/Observer'.
15:51:29: Memes has used '/Observer'.
15:51:32: Memes has used '/Observer'.
15:51:33: Memes has used '/Observer'.
15:51:44: Memes has used '/Observer'.
15:51:44: Memes has used '/Observer'.
15:51:45: Memes has used '/Observer'.
15:52:9: Memes has used '/Observer'.
15:52:9: Memes has used '/Observer'.
15:52:10: Memes has used '/Observer'.
15:52:11: Memes has used '/Observer'.
15:52:11: Memes has used '/Observer'.
15:52:11: Memes has used '/Observer'.
15:52:11: Memes has used '/Observer'.
15:52:12: Memes has used '/Observer'.
15:52:12: Memes has used '/Observer'.
15:52:13: Memes has used '/Observer'.
15:52:13: Memes has used '/Observer'.
15:52:14: Memes has used '/Observer'.
15:52:14: Memes has used '/Observer'.
15:52:16: Memes has used '/Observer'.
15:52:16: Memes has used '/Observer'.
15:52:17: Memes has used '/Observer'.
15:52:17: Memes has used '/Observer'.
15:52:18: Memes has used '/Observer'.
15:52:18: Memes has used '/Observer'.
15:52:19: Memes has used '/Observer'.
15:52:19: Memes has used '/Observer'.
15:52:20: Memes has used '/Observer'.
15:52:30: Memes has used '/Observer'.
15:52:31: Memes has used '/Observer'.
15:52:31: Memes has used '/Observer'.
15:52:32: Memes has used '/Observer'.
15:52:32: Memes has used '/Observer'.
15:52:32: Memes has used '/Observer'.
15:52:33: Memes has used '/Observer'.
15:52:34: Memes has used '/Observer'.
15:52:34: Memes has used '/Observer'.
15:52:36: Memes has used '/Observer'.
15:52:39: Memes has used '/Observer'.
15:52:43: Memes has used '/Observer'.
15:52:44: Memes has used '/Observer'.
15:52:45: Memes has used '/Observer'.
15:52:45: Memes has used '/Observer'.
15:52:46: Memes has used '/Observer'.
15:52:46: Memes has used '/Observer'.
15:52:47: Memes has used '/Observer'.
15:52:47: Memes has used '/Observer'.
15:52:50: Memes has used '/Observer'.
15:52:50: Memes has used '/Observer'.
15:52:51: Memes has used '/Observer'.
15:52:51: Memes has used '/Observer'.
15:52:52: Memes has used '/Observer'.
15:52:52: Memes has used '/Observer'.
15:52:53: Memes has used '/Observer'.
15:52:54: Memes has used '/Observer'.
15:52:55: Memes has used '/Observer'.
15:58:47: [EoAsm] SchwarzKruppzo (STEAM_0:1:44629398) has connected.
16:0:14: [EoAsm] SchwarzKruppzo has loaded the character 'Memes'.
16:0:42: Memes has used '/Observer'.
16:0:43: Memes has used '/Observer'.
16:0:45: Memes has used '/Observer'.
16:0:45: Memes has used '/Observer'.
16:0:46: Memes has used '/Observer'.
16:1:14: Memes has used '/CharGiveFlags sch t'.
16:1:18: Memes has used '/CharGiveFlags mem t'.
16:1:22: Memes has used '/Observer'.
16:1:24: Memes has used '/Observer'.
16:1:26: Memes has used '/Observer'.
16:1:35: Memes has used '/CharFallOver 0'.
16:1:41: Memes has used '/Observer'.
16:7:56: [EoAsm] SchwarzKruppzo (STEAM_0:1:44629398) has connected.
16:9:49: [EoAsm] SchwarzKruppzo has loaded the character 'Memes'.
16:9:54: Memes has used '/Observer'.
16:10:9: Memes has used '/Observer'.
16:10:9: Memes has used '/Observer'.
16:10:10: Memes has used '/Observer'.
16:10:20: Memes has used '/CharFallOver 0'.
16:12:51: Memes has used '/Observer'.
16:22:28: [EoAsm] SchwarzKruppzo (STEAM_0:1:44629398) has connected.
16:23:54: [EoAsm] SchwarzKruppzo has loaded the character 'Memes'.
16:24:1: Memes has used '/Observer'.
16:24:2: Memes has used '/Observer'.
16:24:3: Memes has used '/Observer'.
16:24:3: Memes has used '/Observer'.
16:24:4: Memes has used '/Observer'.
16:24:4: Memes has used '/Observer'.
16:24:5: Memes has used '/Observer'.
16:24:6: Memes has used '/Observer'.
16:24:10: Memes has used '/Observer'.
16:24:10: Memes has used '/Observer'.
16:24:11: Memes has used '/Observer'.
16:24:11: Memes has used '/Observer'.
16:24:11: Memes has used '/Observer'.
16:24:12: Memes has used '/Observer'.
16:24:12: Memes has used '/Observer'.
16:24:13: Memes has used '/Observer'.
16:24:16: Memes has used '/Observer'.
16:24:16: Memes has used '/Observer'.
16:24:17: Memes has used '/Observer'.
16:24:17: Memes has used '/Observer'.
16:24:18: Memes has used '/Observer'.
16:24:18: Memes has used '/Observer'.
16:24:22: Memes has used '/Observer'.
16:24:36: Memes has used '/Observer'.
16:24:41: Memes has used '/CharFallOver'.
16:25:40: Memes has used '/CharGetUp'.
16:32:47: [EoAsm] SchwarzKruppzo (STEAM_0:1:44629398) has connected.
16:36:27: [EoAsm] SchwarzKruppzo has loaded the character 'Memes'.
16:36:43: Memes has used '/Observer'.
16:36:44: Memes has used '/Observer'.
16:36:55: Memes has used '/Observer'.
16:36:55: Memes has used '/Observer'.
16:36:56: Memes has used '/Observer'.
16:36:56: Memes has used '/Observer'.
16:36:57: Memes has used '/Observer'.
16:36:57: Memes has used '/Observer'.
16:36:58: Memes has used '/Observer'.
16:36:58: Memes has used '/Observer'.
16:36:59: Memes has used '/Observer'.
16:36:59: Memes has used '/Observer'.
16:37:0: Memes has used '/Observer'.
16:37:0: Memes has used '/Observer'.
16:37:1: Memes has used '/Observer'.
16:37:1: Memes has used '/Observer'.
16:37:2: Memes has used '/Observer'.
16:37:3: Memes has used '/Observer'.
16:37:3: Memes has used '/Observer'.
16:37:3: Memes has used '/Observer'.
16:37:4: Memes has used '/Observer'.
16:37:5: Memes has used '/Observer'.
16:37:6: Memes has used '/Observer'.
16:37:7: Memes has used '/Observer'.
16:37:7: Memes has used '/Observer'.
16:37:8: Memes has used '/Observer'.
16:37:8: Memes has used '/Observer'.
16:37:9: Memes has used '/Observer'.
16:37:10: Memes has used '/Observer'.
16:37:10: Memes has used '/Observer'.
16:37:15: Memes has used '/Observer'.
16:37:21: Memes has used '/Observer'.
16:37:26: Memes has used '/CharFallOver 0'.
16:37:27: Memes has lost a Suitcase 1448277181.
16:37:27: func_door has killed Memes.
17:4:7: [EoAsm] SchwarzKruppzo (STEAM_0:1:44629398) has connected.
17:5:27: [EoAsm] SchwarzKruppzo has loaded the character 'Memes'.
17:5:56: Memes has used '/DropTokens 100'.
17:5:59: Memes has used '/DropTokens 5'.
17:6:18: Memes has used '/SetTokens me 1000'.
17:6:21: Memes has used '/DropTokens 100'.
17:6:40: Memes has used '/DropTokens 5'.
17:6:47: Memes has used '/DropTokens 100'.
17:6:49: Memes has used '/DropTokens 100'.
17:6:53: Memes has used '/DropTokens 100'.
17:6:56: Memes has used '/DropTokens 100'.
17:6:58: Memes has used '/DropTokens 100'.
17:7:1: Memes has used '/DropTokens 100'.
17:7:3: Memes has used '/DropTokens 100'.
17:7:6: Memes has used '/DropTokens 100'.
17:8:6: Memes has used '/Observer'.
17:8:6: Memes has used '/Observer'.
17:8:7: Memes has used '/Observer'.
17:8:7: Memes has used '/Observer'.
17:8:8: Memes has used '/Observer'.
17:8:8: Memes has used '/Observer'.
17:8:9: Memes has used '/Observer'.
17:8:9: Memes has used '/Observer'.
17:8:10: Memes has used '/Observer'.
17:8:10: Memes has used '/Observer'.
17:8:11: Memes has used '/Observer'.
17:8:12: Memes has used '/Observer'.
17:8:13: Memes has used '/Observer'.
17:8:13: Memes has used '/Observer'.
17:8:14: Memes has used '/Observer'.
17:8:14: Memes has used '/Observer'.
17:8:15: Memes has used '/Observer'.
17:8:15: Memes has used '/Observer'.
17:8:16: Memes has used '/Observer'.
17:8:16: Memes has used '/Observer'.
17:8:17: Memes has used '/Observer'.
17:8:17: Memes has used '/Observer'.
17:8:18: Memes has used '/Observer'.
17:8:19: Memes has used '/Observer'.
17:8:20: Memes has used '/Observer'.
17:8:20: Memes has used '/Observer'.
17:8:21: Memes has used '/Observer'.
17:8:21: Memes has used '/Observer'.
17:8:22: Memes has used '/Observer'.
17:8:22: Memes has used '/Observer'.
17:8:37: Memes has used '/Observer'.
17:8:37: Memes has used '/Observer'.
17:8:38: Memes has used '/Observer'.
17:8:38: Memes has used '/Observer'.
17:8:39: Memes has used '/Observer'.
17:8:39: Memes has used '/Observer'.
17:8:39: Memes has used '/Observer'.
17:8:40: Memes has used '/Observer'.
17:8:40: Memes has used '/Observer'.
17:8:40: Memes has used '/Observer'.
17:8:41: Memes has used '/Observer'.
17:8:42: Memes has used '/Observer'.
17:8:42: Memes has used '/Observer'.
17:8:42: Memes has used '/Observer'.
17:8:43: Memes has used '/Observer'.
17:8:44: Memes has used '/Observer'.
17:8:44: Memes has used '/Observer'.
17:8:44: Memes has used '/Observer'.
17:8:46: Memes has used '/Observer'.
17:8:46: Memes has used '/Observer'.
17:8:47: Memes has used '/Observer'.
17:8:47: Memes has used '/Observer'.
17:8:48: Memes has used '/Observer'.
17:8:48: Memes has used '/Observer'.
17:8:49: Memes has used '/Observer'.
17:8:50: Memes has used '/Observer'.
17:8:51: Memes has used '/Observer'.
17:8:51: Memes has used '/Observer'.
17:8:52: Memes has used '/Observer'.
17:8:52: Memes has used '/Observer'.
17:8:53: Memes has used '/Observer'.
17:8:54: Memes has used '/Observer'.
17:8:55: Memes has used '/Observer'.
17:8:55: Memes has used '/Observer'.
17:8:56: Memes has used '/Observer'.
17:8:56: Memes has used '/Observer'.
17:8:58: Memes has used '/Observer'.
17:8:58: Memes has used '/Observer'.
17:9:0: Memes has used '/Observer'.
17:9:0: Memes has used '/Observer'.
17:9:1: Memes has used '/Observer'.
17:9:1: Memes has used '/Observer'.
17:9:2: Memes has used '/Observer'.
17:9:2: Memes has used '/Observer'.
17:9:3: Memes has used '/Observer'.
17:9:4: Memes has used '/Observer'.
17:9:5: Memes has used '/Observer'.
17:9:5: Memes has used '/Observer'.
17:9:6: Memes has used '/Observer'.
17:9:6: Memes has used '/Observer'.
17:9:8: Memes has used '/Observer'.
17:9:8: Memes has used '/Observer'.
17:9:10: Memes has used '/Observer'.
17:9:10: Memes has used '/Observer'.
17:9:12: Memes has used '/Observer'.
17:9:12: Memes has used '/Observer'.
17:9:14: Memes has used '/Observer'.
17:9:14: Memes has used '/Observer'.
17:9:17: Memes has used '/Observer'.
17:9:17: Memes has used '/Observer'.
17:9:20: Memes has used '/Observer'.
17:9:20: Memes has used '/Observer'.
17:9:22: Memes has used '/Observer'.
17:9:23: Memes has used '/Observer'.
17:9:25: Memes has used '/Observer'.
17:9:25: Memes has used '/Observer'.
17:9:28: Memes has used '/Observer'.
17:9:28: Memes has used '/Observer'.
17:9:30: Memes has used '/Observer'.
17:9:30: Memes has used '/Observer'.
17:9:32: Memes has used '/Observer'.
17:9:32: Memes has used '/Observer'.
17:9:34: Memes has used '/Observer'.
17:9:34: Memes has used '/Observer'.
17:9:36: Memes has used '/Observer'.
17:9:36: Memes has used '/Observer'.
17:9:38: Memes has used '/Observer'.
17:9:38: Memes has used '/Observer'.
17:9:39: Memes has used '/Observer'.
17:9:39: Memes has used '/Observer'.
17:9:41: Memes has used '/Observer'.
17:9:41: Memes has used '/Observer'.
17:9:42: Memes has used '/Observer'.
17:9:42: Memes has used '/Observer'.
17:9:44: Memes has used '/Observer'.
17:9:45: Memes has used '/Observer'.
17:9:48: Memes has used '/Observer'.
17:9:48: Memes has used '/Observer'.
17:9:49: Memes has used '/Observer'.
17:9:49: Memes has used '/Observer'.
17:9:50: Memes has used '/Observer'.
17:9:50: Memes has used '/Observer'.
17:9:52: Memes has used '/Observer'.
17:9:52: Memes has used '/Observer'.
17:9:54: Memes has used '/Observer'.
17:9:54: Memes has used '/Observer'.
17:9:56: Memes has used '/Observer'.
17:9:56: Memes has used '/Observer'.
17:9:58: Memes has used '/Observer'.
17:9:58: Memes has used '/Observer'.
17:10:3: Memes has used '/Observer'.
17:10:3: Memes has used '/Observer'.
17:15:44: [EoAsm] SchwarzKruppzo (STEAM_0:1:44629398) has connected.
17:16:44: [EoAsm] SchwarzKruppzo has loaded the character 'Memes'.
17:17:4: Memes has used '/DropTokens 500'.
17:17:9: Memes has used '/DropTokens 500'.
17:17:10: Memes has used '/DropTokens 500'.
17:17:11: Memes has used '/DropTokens 500'.
17:17:13: Memes has used '/DropTokens 500'.
17:17:13: Memes has used '/DropTokens 500'.
17:17:14: Memes has used '/DropTokens 500'.
17:17:14: Memes has used '/DropTokens 500'.
17:17:15: Memes has used '/DropTokens 500'.
17:17:16: Memes has used '/DropTokens 500'.
17:17:17: Memes has used '/DropTokens 500'.
17:17:18: Memes has used '/DropTokens 500'.
17:17:18: Memes has used '/DropTokens 500'.
17:17:19: Memes has used '/DropTokens 500'.
17:17:20: Memes has used '/DropTokens 500'.
17:17:23: Memes has used '/DropTokens 500'.
17:17:24: Memes has used '/DropTokens 500'.
17:17:24: Memes has used '/DropTokens 500'.
17:17:27: Memes has used '/DropTokens 500'.
17:17:27: Memes has used '/DropTokens 500'.
17:17:28: Memes has used '/DropTokens 500'.
17:17:30: Memes has used '/DropTokens 500'.
17:17:31: Memes has used '/DropTokens 500'.
17:17:32: Memes has used '/DropTokens 500'.
17:17:34: Memes has used '/DropTokens 500'.
17:17:36: Memes has used '/DropTokens 500'.
17:17:37: Memes has used '/DropTokens 500'.
17:17:38: Memes has used '/DropTokens 500'.
17:17:40: Memes has used '/DropTokens 500'.
17:17:40: Memes has used '/DropTokens 500'.
17:17:41: Memes has used '/DropTokens 500'.
17:17:41: Memes has used '/DropTokens 500'.
17:17:44: Memes has used '/DropTokens 500'.
17:17:45: Memes has used '/DropTokens 500'.
17:17:45: Memes has used '/DropTokens 500'.
17:17:47: Memes has used '/DropTokens 500'.
17:17:48: Memes has used '/DropTokens 500'.
17:17:50: Memes has used '/DropTokens 500'.
17:17:51: Memes has used '/DropTokens 500'.
17:17:52: Memes has used '/DropTokens 500'.
17:17:54: Memes has used '/DropTokens 500'.
17:17:54: Memes has used '/DropTokens 500'.
17:17:57: Memes has used '/DropTokens 500'.
17:18:2: Memes has used '/DropTokens 500'.
17:18:3: Memes has used '/DropTokens 500'.
17:18:5: Memes has used '/DropTokens 500'.
17:18:6: Memes has used '/DropTokens 500'.
17:18:7: Memes has used '/DropTokens 500'.
17:18:10: Memes has used '/DropTokens 500'.
18:0:50: Memes (STEAM_0:1:44629398) has disconnected.
