18:33:58: [EoAsm] SchwarzKruppzo (STEAM_0:1:44629398) has connected.
18:35:41: [EoAsm] SchwarzKruppzo has loaded the character 'Memes'.
18:36:47: Memes has used '/Observer'.
18:36:48: Memes has used '/Observer'.
18:44:53: Memes has used '/Observer'.
18:44:53: Memes has used '/Observer'.
18:44:53: Memes has used '/Observer'.
18:44:53: Memes has used '/Observer'.
18:44:54: Memes has used '/Observer'.
18:44:55: Memes has used '/Observer'.
18:44:56: Memes has used '/Observer'.
18:44:56: Memes has used '/Observer'.
18:44:57: Memes has used '/Observer'.
18:44:57: Memes has used '/Observer'.
18:44:58: Memes has used '/Observer'.
18:44:58: Memes has used '/Observer'.
18:44:59: Memes has used '/Observer'.
18:44:59: Memes has used '/Observer'.
18:45:0: Memes has used '/Observer'.
18:45:1: Memes has used '/Observer'.
18:45:1: Memes has used '/Observer'.
18:45:2: Memes has used '/Observer'.
18:45:3: Memes has used '/Observer'.
18:45:3: Memes has used '/Observer'.
18:45:4: Memes has used '/Observer'.
18:45:4: Memes has used '/Observer'.
18:45:4: Memes has used '/Observer'.
18:45:4: Memes has used '/Observer'.
18:45:5: Memes has used '/Observer'.
18:45:5: Memes has used '/Observer'.
18:45:6: Memes has used '/Observer'.
18:45:6: Memes has used '/Observer'.
18:45:7: Memes has used '/Observer'.
18:45:7: Memes has used '/Observer'.
18:45:9: Memes has used '/Observer'.
18:45:9: Memes has used '/Observer'.
18:45:10: Memes has used '/Observer'.
18:45:11: Memes has used '/Observer'.
18:45:12: Memes has used '/Observer'.
18:45:12: Memes has used '/Observer'.
18:45:13: Memes has used '/Observer'.
18:45:13: Memes has used '/Observer'.
18:45:15: Memes has used '/Observer'.
18:45:15: Memes has used '/Observer'.
18:45:16: Memes has used '/Observer'.
18:45:16: Memes has used '/Observer'.
18:45:17: Memes has used '/Observer'.
18:45:17: Memes has used '/Observer'.
18:45:18: Memes has used '/Observer'.
18:45:18: Memes has used '/Observer'.
18:45:19: Memes has used '/Observer'.
18:45:19: Memes has used '/Observer'.
18:45:20: Memes has used '/Observer'.
18:45:20: Memes has used '/Observer'.
18:45:21: Memes has used '/Observer'.
18:45:21: Memes has used '/Observer'.
18:45:22: Memes has used '/Observer'.
18:45:22: Memes has used '/Observer'.
18:45:23: Memes has used '/Observer'.
18:45:23: Memes has used '/Observer'.
18:45:24: Memes has used '/Observer'.
18:45:24: Memes has used '/Observer'.
18:45:26: Memes has used '/Observer'.
18:45:33: Memes has used '/Observer'.
18:45:33: Memes has used '/Observer'.
18:45:34: Memes has used '/Observer'.
18:45:35: Memes has used '/Observer'.
18:45:36: Memes has used '/Observer'.
18:45:36: Memes has used '/Observer'.
18:45:37: Memes has used '/Observer'.
18:45:38: Memes has used '/Observer'.
18:45:38: Memes has used '/Observer'.
18:45:39: Memes has used '/Observer'.
18:45:41: Memes has used '/Observer'.
18:45:42: Memes has used '/Observer'.
18:45:42: Memes has used '/Observer'.
18:45:43: Memes has used '/Observer'.
18:45:43: Memes has used '/Observer'.
18:45:44: Memes has used '/Observer'.
18:45:44: Memes has used '/Observer'.
18:45:44: Memes has used '/Observer'.
18:45:44: Memes has used '/Observer'.
18:45:45: Memes has used '/Observer'.
18:45:45: Memes has used '/Observer'.
18:45:46: Memes has used '/Observer'.
18:45:46: Memes has used '/Observer'.
18:45:48: Memes has used '/Observer'.
18:45:48: Memes has used '/Observer'.
18:45:49: Memes has used '/Observer'.
18:46:8: Memes has used '/Observer'.
18:46:8: Memes has used '/Observer'.
18:46:9: Memes has used '/Observer'.
18:46:10: Memes has used '/Observer'.
18:46:10: Memes has used '/Observer'.
18:46:10: Memes has used '/Observer'.
18:46:12: Memes has used '/Observer'.
18:46:12: Memes has used '/Observer'.
18:46:13: Memes has used '/Observer'.
18:46:13: Memes has used '/Observer'.
18:46:19: Memes has used '/Observer'.
18:46:20: Memes has used '/Observer'.
18:46:20: Memes has used '/Observer'.
18:46:30: Memes has used '/Observer'.
18:46:31: Memes has used '/Observer'.
18:46:33: Memes has used '/Observer'.
18:46:41: Memes has used '/Observer'.
18:46:42: Memes has used '/Observer'.
18:47:10: Memes has used '/Observer'.
18:47:11: Memes has used '/Observer'.
18:47:13: Memes has used '/Observer'.
18:47:14: Memes has used '/Observer'.
18:47:18: Memes has used '/Observer'.
18:47:19: Memes has used '/Observer'.
18:47:19: Memes has used '/Observer'.
18:47:20: Memes has used '/Observer'.
18:47:20: Memes has used '/Observer'.
18:47:36: Memes has used '/Observer'.
18:47:36: Memes has used '/Observer'.
18:47:37: Memes has used '/Observer'.
18:47:39: Memes has used '/Observer'.
18:47:39: Memes has used '/Observer'.
18:47:39: Memes has used '/Observer'.
18:47:40: Memes has used '/Observer'.
18:47:40: Memes has used '/Observer'.
18:47:41: Memes has used '/Observer'.
18:47:42: Memes has used '/Observer'.
18:47:43: Memes has used '/Observer'.
18:47:43: Memes has used '/Observer'.
18:47:44: Memes has used '/Observer'.
18:47:45: Memes has used '/Observer'.
18:51:34: Memes has used '/Observer'.
18:51:53: Memes has used '/Observer'.
18:51:53: Memes has used '/Observer'.
18:51:54: Memes has used '/Observer'.
18:51:56: Memes has used '/Observer'.
18:52:2: Memes has used '/Observer'.
18:52:3: Memes has used '/Observer'.
18:52:3: Memes has used '/Observer'.
18:52:4: Memes has used '/Observer'.
18:52:5: Memes has used '/Observer'.
18:52:6: Memes has used '/Observer'.
18:52:6: Memes has used '/Observer'.
18:52:7: Memes has used '/Observer'.
18:52:8: Memes has used '/Observer'.
18:52:9: Memes has used '/Observer'.
18:52:10: Memes has used '/Observer'.
18:52:11: Memes has used '/Observer'.
18:52:13: Memes has used '/Observer'.
18:52:13: Memes has used '/Observer'.
19:31:55: Memes has used '/Observer'.
19:31:56: Memes has used '/Observer'.
19:33:0: Memes has used '/Observer'.
19:33:0: Memes has used '/Observer'.
19:33:0: Memes has used '/Observer'.
19:33:2: Memes has used '/Observer'.
19:33:2: Memes has used '/Observer'.
19:33:3: Memes has used '/Observer'.
19:33:3: Memes has used '/Observer'.
19:33:4: Memes has used '/Observer'.
19:33:5: Memes has used '/Observer'.
19:33:6: Memes has used '/Observer'.
19:33:6: Memes has used '/Observer'.
19:33:7: Memes has used '/Observer'.
19:33:7: Memes has used '/Observer'.
19:33:8: Memes has used '/Observer'.
19:33:9: Memes has used '/Observer'.
19:33:10: Memes has used '/Observer'.
19:33:12: Memes has used '/Observer'.
19:33:12: Memes has used '/Observer'.
19:33:12: Memes has used '/Observer'.
19:33:13: Memes has used '/Observer'.
19:33:13: Memes has used '/Observer'.
19:33:14: Memes has used '/Observer'.
19:33:14: Memes has used '/Observer'.
19:33:14: Memes has used '/Observer'.
19:33:15: Memes has used '/Observer'.
19:33:16: Memes has used '/Observer'.
19:33:18: Memes has used '/Observer'.
19:33:19: Memes has used '/Observer'.
19:33:19: Memes has used '/Observer'.
19:33:19: Memes has used '/Observer'.
19:33:20: Memes has used '/Observer'.
19:33:20: Memes has used '/Observer'.
19:33:20: Memes has used '/Observer'.
19:33:21: Memes has used '/Observer'.
19:33:22: Memes has used '/Observer'.
19:33:28: Memes has used '/Observer'.
19:33:28: Memes has used '/Observer'.
19:33:31: Memes has used '/Observer'.
19:33:31: Memes has used '/Observer'.
19:33:31: Memes has used '/Observer'.
19:33:32: Memes has used '/Observer'.
19:33:32: Memes has used '/Observer'.
19:33:32: Memes has used '/Observer'.
19:33:33: Memes has used '/Observer'.
19:33:35: Memes has used '/Observer'.
19:33:41: Memes has used '/Observer'.
19:33:41: Memes has used '/Observer'.
19:33:42: Memes has used '/Observer'.
19:33:42: Memes has used '/Observer'.
19:33:43: Memes has used '/Observer'.
19:33:43: Memes has used '/Observer'.
19:33:43: Memes has used '/Observer'.
19:33:44: Memes has used '/Observer'.
19:33:45: Memes has used '/Observer'.
19:33:45: Memes has used '/Observer'.
19:33:45: Memes has used '/Observer'.
19:33:46: Memes has used '/Observer'.
19:33:47: Memes has used '/Observer'.
19:33:47: Memes has used '/Observer'.
19:33:48: Memes has used '/Observer'.
19:33:48: Memes has used '/Observer'.
19:33:48: Memes has used '/Observer'.
19:33:48: Memes has used '/Observer'.
19:33:49: Memes has used '/Observer'.
19:33:49: Memes has used '/Observer'.
19:33:50: Memes has used '/Observer'.
19:33:56: Memes has used '/Observer'.
19:33:56: Memes has used '/Observer'.
19:33:56: Memes has used '/Observer'.
19:35:6: Memes has used '/Observer'.
19:35:7: Memes has used '/Observer'.
19:35:7: Memes has used '/Observer'.
19:35:8: Memes has used '/Observer'.
19:48:58: [EoAsm] SchwarzKruppzo (STEAM_0:1:44629398) has connected.
19:50:20: [EoAsm] SchwarzKruppzo has loaded the character 'Memes'.
19:56:8: Memes has used '/Observer'.
19:56:36: Memes has used '/Observer'.
19:56:37: Memes has used '/Observer'.
19:56:37: Memes has used '/Observer'.
19:56:38: Memes has used '/Observer'.
19:56:38: Memes has used '/Observer'.
19:56:39: Memes has used '/Observer'.
19:56:39: Memes has used '/Observer'.
19:56:40: Memes has used '/Observer'.
19:56:40: Memes has used '/Observer'.
19:56:41: Memes has used '/Observer'.
19:56:41: Memes has used '/Observer'.
19:56:42: Memes has used '/Observer'.
19:56:42: Memes has used '/Observer'.
19:56:44: Memes has used '/Observer'.
19:56:44: Memes has used '/Observer'.
19:56:45: Memes has used '/Observer'.
19:56:45: Memes has used '/Observer'.
19:56:45: Memes has used '/Observer'.
19:56:46: Memes has used '/Observer'.
19:56:46: Memes has used '/Observer'.
19:56:46: Memes has used '/Observer'.
19:56:47: Memes has used '/Observer'.
19:56:47: Memes has used '/Observer'.
19:56:47: Memes has used '/Observer'.
19:56:47: Memes has used '/Observer'.
19:56:48: Memes has used '/Observer'.
19:56:48: Memes has used '/Observer'.
19:56:48: Memes has used '/Observer'.
19:56:49: Memes has used '/Observer'.
19:56:49: Memes has used '/Observer'.
19:56:50: Memes has used '/Observer'.
19:56:50: Memes has used '/Observer'.
19:56:50: Memes has used '/Observer'.
19:57:0: Memes has used '/Observer'.
19:57:0: Memes has used '/Observer'.
19:57:1: Memes has used '/Observer'.
19:57:1: Memes has used '/Observer'.
19:57:2: Memes has used '/Observer'.
19:57:2: Memes has used '/Observer'.
19:57:3: Memes has used '/Observer'.
19:57:4: Memes has used '/Observer'.
19:57:6: Memes has used '/Observer'.
19:57:6: Memes has used '/Observer'.
19:57:7: Memes has used '/Observer'.
19:57:8: Memes has used '/Observer'.
19:57:9: Memes has used '/Observer'.
19:57:9: Memes has used '/Observer'.
19:57:10: Memes has used '/Observer'.
19:57:10: Memes has used '/Observer'.
19:57:11: Memes has used '/Observer'.
19:57:11: Memes has used '/Observer'.
19:57:11: Memes has used '/Observer'.
19:57:12: Memes has used '/Observer'.
19:57:13: Memes has used '/Observer'.
19:57:14: Memes has used '/Observer'.
19:57:14: Memes has used '/Observer'.
19:57:14: Memes has used '/Observer'.
19:57:15: Memes has used '/Observer'.
19:57:16: Memes has used '/Observer'.
19:57:18: Memes has used '/Observer'.
19:57:18: Memes has used '/Observer'.
19:57:24: Memes has used '/Observer'.
19:57:25: Memes has used '/Observer'.
19:57:26: Memes has used '/Observer'.
19:57:26: Memes has used '/Observer'.
19:57:27: Memes has used '/Observer'.
19:57:28: Memes has used '/Observer'.
19:57:28: Memes has used '/Observer'.
19:57:29: Memes has used '/Observer'.
19:57:30: Memes has used '/Observer'.
19:57:30: Memes has used '/Observer'.
19:57:32: Memes has used '/Observer'.
19:57:37: Memes has used '/Observer'.
19:57:39: Memes has used '/Observer'.
19:57:39: Memes has used '/Observer'.
19:57:41: Memes has used '/Observer'.
19:57:42: Memes has used '/Observer'.
19:57:42: Memes has used '/Observer'.
19:57:43: Memes has used '/Observer'.
19:57:44: Memes has used '/Observer'.
19:57:46: Memes has used '/Observer'.
19:57:56: Memes has used '/Observer'.
19:57:56: Memes has used '/Observer'.
19:57:57: Memes has used '/Observer'.
19:57:57: Memes has used '/Observer'.
19:57:57: Memes has used '/Observer'.
19:57:58: Memes has used '/Observer'.
19:57:59: Memes has used '/Observer'.
19:57:59: Memes has used '/Observer'.
19:57:59: Memes has used '/Observer'.
19:58:1: Memes has used '/Observer'.
19:58:44: Memes has used '/Observer'.
19:58:45: Memes has used '/Observer'.
19:58:45: Memes has used '/Observer'.
19:58:46: Memes has used '/Observer'.
19:58:46: Memes has used '/Observer'.
19:58:47: Memes has used '/Observer'.
19:58:48: Memes has used '/Observer'.
19:58:48: Memes has used '/Observer'.
19:58:49: Memes has used '/Observer'.
19:58:49: Memes has used '/Observer'.
19:58:50: Memes has used '/Observer'.
19:58:52: Memes has used '/Observer'.
19:58:52: Memes has used '/Observer'.
19:58:53: Memes has used '/Observer'.
19:58:53: Memes has used '/Observer'.
19:58:55: Memes has used '/Observer'.
19:58:56: Memes has used '/Observer'.
19:58:56: Memes has used '/Observer'.
19:58:57: Memes has used '/Observer'.
19:58:59: Memes has used '/Observer'.
19:59:0: Memes has used '/Observer'.
19:59:0: Memes has used '/Observer'.
19:59:1: Memes has used '/Observer'.
19:59:2: Memes has used '/Observer'.
19:59:3: Memes has used '/Observer'.
19:59:4: Memes has used '/Observer'.
19:59:4: Memes has used '/Observer'.
19:59:8: Memes has used '/Observer'.
19:59:9: Memes has used '/Observer'.
19:59:9: Memes has used '/Observer'.
19:59:10: Memes has used '/Observer'.
19:59:11: Memes has used '/Observer'.
19:59:12: Memes has used '/Observer'.
19:59:13: Memes has used '/Observer'.
19:59:13: Memes has used '/Observer'.
19:59:20: Memes has used '/Observer'.
19:59:21: Memes has used '/Observer'.
19:59:41: Memes has used '/Observer'.
19:59:44: Memes has used '/Observer'.
19:59:45: Memes has used '/Observer'.
19:59:45: Memes has used '/Observer'.
19:59:46: Memes has used '/Observer'.
19:59:46: Memes has used '/Observer'.
19:59:46: Memes has used '/Observer'.
19:59:47: Memes has used '/Observer'.
19:59:49: Memes has used '/Observer'.
20:9:14: [EoAsm] SchwarzKruppzo (STEAM_0:1:44629398) has connected.
20:10:29: [EoAsm] SchwarzKruppzo has loaded the character 'Memes'.
20:12:52: Memes has used '/Observer'.
20:13:26: [EoAsm] SchwarzKruppzo has loaded the character 'KekcKekcKekcKekcKekcKekcKekcKekcKekcKekc'.
20:13:26: KekcKekcKekcKekcKekcKekcKekcKekcKekcKekc has used '/CharVoiceDesc'.
20:13:30: KekcKekcKekcKekcKekcKekcKekcKekcKekcKekc has used '/CharVoiceDesc Tetestwtt'.
20:13:33: KekcKekcKekcKekcKekcKekcKekcKekcKekcKekc has used '/Observer'.
