12:40:12: [EoAsm] SchwarzKruppzo (STEAM_0:1:44629398) has connected.
12:44:28: [EoAsm] SchwarzKruppzo has loaded the character 'Memes'.
12:44:38: Memes has used '/Observer'.
12:44:39: Memes has used '/Observer'.
12:57:59: Memes has used '/Observer'.
12:58:7: Memes has used '/Observer'.
12:58:7: Memes has used '/Observer'.
12:58:8: Memes has used '/Observer'.
12:58:9: Memes has used '/Observer'.
12:58:12: Memes has used '/Observer'.
12:58:12: Memes has used '/Observer'.
12:58:14: Memes has used '/Observer'.
12:58:20: Memes has used '/Observer'.
12:58:24: Memes has used '/Observer'.
13:40:16: Memes has used '/CharFallOver'.
13:40:19: Memes has used '/CharGetUp'.
13:41:6: Memes has used '/Observer'.
13:41:6: Memes has used '/Observer'.
13:41:7: worldspawn has killed Memes.
13:42:6: Memes has used '/CharGiveItem mem ar2'.
13:42:12: Memes has used '/CharGiveItem mem combine'.
13:42:13: Memes has used '/Observer'.
13:42:14: Memes has used '/Observer'.
13:42:17: Memes has used '/Observer'.
13:42:19: Memes has used '/Observer'.
13:42:19: Memes has used '/Observer'.
13:42:20: Memes has used '/Observer'.
13:42:20: Memes has used '/Observer'.
13:42:32: Memes has used '/Observer'.
13:42:32: Memes has used '/Observer'.
13:42:32: Memes has used '/Observer'.
13:42:35: Memes has used '/Observer'.
13:42:37: Memes has used '/Observer'.
13:42:38: Memes has used '/Observer'.
13:42:38: Memes has used '/Observer'.
13:42:39: Memes has used '/Observer'.
13:42:39: Memes has used '/Observer'.
13:42:41: Memes has used '/Observer'.
13:42:41: Memes has used '/Observer'.
13:42:56: Memes has used '/SalesmanAdd 1'.
13:44:0: Memes has used '/SalesmanEdit'.
13:44:25: Memes has gained a Impulse Rifle Mk.1 1448534666.
13:44:30: Memes has lost a Impulse Rifle Mk.1 1448534666.
13:44:30: Memes has used '/InvAction use sxbase_ar2 1448534666.00'.
13:44:48: Memes has used '/CharFallOver'.
13:44:49: Memes has used '/CharGetUp'.
13:45:14: Memes has used '/CharFallOver'.
13:45:15: Memes has used '/CharGetUp'.
13:47:58: Memes has lost a Impulse Rifle Mk.1 1448534666.
13:47:58: Memes has used '/DropWeapon'.
13:48:2: Memes has gained a Impulse Rifle Mk.1 1448534884.
13:48:5: Memes has lost a Impulse Rifle Mk.1 1448534884.
13:48:5: Memes has used '/InvAction use sxbase_ar2 1448534884.00'.
13:49:19: Memes has used '/Observer'.
13:49:19: Memes has used '/Observer'.
13:49:20: Memes has used '/Observer'.
13:49:22: Memes has used '/Observer'.
13:49:22: Memes has used '/Observer'.
13:49:24: Memes has used '/Observer'.
13:49:29: Memes has used '/Observer'.
13:49:42: Memes has used '/Observer'.
13:49:42: Memes has used '/Observer'.
13:49:44: Memes has used '/Observer'.
13:49:50: Memes has used '/Observer'.
13:49:52: Memes has used '/Observer'.
13:50:17: Memes has used '/Observer'.
13:50:22: Memes has used '/Observer'.
13:51:7: Memes has used '/DropWeapon'.
13:51:9: Memes has used '/CharFallOver'.
13:51:15: Memes has used '/CharGetUp'.
13:52:5: Memes has lost a Impulse Rifle Mk.1 1448534884.
13:52:5: Memes has used '/DropWeapon'.
13:52:8: Memes has gained a Impulse Rifle Mk.1 1448535131.
13:52:11: Memes has lost a Impulse Rifle Mk.1 1448535131.
13:52:11: Memes has used '/InvAction use sxbase_ar2 1448535131.00'.
13:52:13: Memes has used '/Observer'.
13:52:14: Memes has used '/Observer'.
13:52:32: Memes has used '/CharFallOver'.
13:52:34: Memes has used '/CharGetUp'.
13:52:51: Memes has used '/CharFallOver'.
13:52:52: Memes has used '/CharGetUp'.
13:54:2: Memes has lost a Impulse Rifle Mk.1 1448535131.
13:54:2: Memes has used '/DropWeapon'.
13:54:11: Memes has gained a Impulse Rifle Mk.1 1448535255.
13:54:14: Memes has lost a Impulse Rifle Mk.1 1448535255.
13:54:14: Memes has used '/InvAction use sxbase_ar2 1448535255.00'.
14:8:22: Memes has lost a Impulse Rifle Mk.1 1448535255.
14:8:22: Memes has used '/DropWeapon'.
14:8:33: Memes (STEAM_0:1:44629398) has disconnected.
14:18:55: [EoAsm] SchwarzKruppzo (STEAM_0:1:44629398) has connected.
14:20:14: [EoAsm] SchwarzKruppzo has loaded the character 'Memes'.
14:22:55: Memes (STEAM_0:1:44629398) has disconnected.
