21:27:12: [EoAsm] SchwarzKruppzo (STEAM_0:1:44629398) has connected.
21:33:23: [EoAsm] SchwarzKruppzo (STEAM_0:1:44629398) has connected.
21:34:52: [EoAsm] SchwarzKruppzo has loaded the character 'CP.RCT.17-96764'.
21:35:28: CP.RCT.17-96764 has lost a Handheld Radio 1427715659.
21:35:28: CP.RCT.17-96764 has lost a 9mm Pistol 1427715660.
21:35:28: CP.RCT.17-96764 has lost a Citizen ID 1427735721.
21:35:28: CP.RCT.17-96764 has lost a 9mm Pistol Bullets 1427715661.
21:35:28: CP.RCT.17-96764 has lost a 9mm Pistol Bullets 1427715662.
21:35:28: CP.RCT.17-96764 has killed CP.RCT.17-96764.
21:35:38: CP.RCT.17-96764 has gained a 9mm Pistol Bullets 1446834995.
21:35:38: CP.RCT.17-96764 has gained a 9mm Pistol Bullets 1446834996.
21:36:2: CP.RCT.17-96764 has used '/Observer'.
21:36:5: CP.RCT.17-96764 has used '/Observer'.
21:36:9: CP.RCT.17-96764 has used '/Observer'.
21:36:10: CP.RCT.17-96764 has used '/Observer'.
21:36:27: CP.RCT.17-96764 has used '/Observer'.
21:36:44: CP.RCT.17-96764 has used '/Observer'.
21:36:52: CP.RCT.17-96764 has used '/Observer'.
21:37:16: CP.RCT.17-96764 has used '/Observer'.
21:37:17: CP.RCT.17-96764 has used '/Observer'.
21:37:18: CP.RCT.17-96764 has used '/Observer'.
21:37:33: CP.RCT.17-96764 has used '/Observer'.
21:37:50: CP.RCT.17-96764 has used '/Observer'.
21:39:4: CP.RCT.17-96764 (STEAM_0:1:44629398) has disconnected.
21:50:57: [EoAsm] SchwarzKruppzo (STEAM_0:1:44629398) has connected.
