13:15:23: [EoAsm] SchwarzKruppzo (STEAM_0:1:44629398) has connected.
13:16:54: [EoAsm] SchwarzKruppzo has loaded the character 'CP.RCT.17-96764'.
13:17:7: CP.RCT.17-96764 has used '/Observer'.
13:17:35: CP.RCT.17-96764 has used '/Observer'.
13:17:46: [EoAsm] Taishō Septic (STEAM_0:0:34008601) has connected.
13:20:2: [EoAsm] Taishō Septic has loaded the character 'Jack Whitehouse'.
13:20:33: Jack Whitehouse has used '/CharFallOver 0'.
13:21:53: Jack Whitehouse has used '/CharFallOver 0'.
13:22:17: CP.RCT.17-96764 has lost a 9mm Pistol Bullets 1446834996.
13:22:17: CP.RCT.17-96764 has lost a 9mm Pistol Bullets 1446834995.
13:22:17: worldspawn has killed CP.RCT.17-96764.
13:22:18: Jack Whitehouse has used '/CharFallOver 0'.
13:22:24: Jack Whitehouse has used '/StorageTakeTokens 20.00'.
13:22:24: Jack Whitehouse has used '/StorageClose'.
13:22:26: CP.RCT.17-96764 has gained a 9mm Pistol Bullets 1446891803.
13:22:26: CP.RCT.17-96764 has gained a 9mm Pistol Bullets 1446891804.
13:39:14: [EoAsm] Taishō Septic (STEAM_0:0:34008601) has connected.
13:39:53: [EoAsm] Taishō Septic has loaded the character 'Jack Whitehouse'.
13:40:56: [EoAsm] SchwarzKruppzo (STEAM_0:1:44629398) has connected.
13:41:7: [Cellar] Arens. (STEAM_0:1:36296412) has connected.
13:42:8: Jack Whitehouse has used '/AnimIdle 1'.
13:42:14: [EoAsm] SchwarzKruppzo has loaded the character 'CP.RCT.17-96764'.
13:42:54: [Cellar] Arens. has created a Citizen character called 'Hank Callison'.
13:42:58: [Cellar] Arens. has loaded the character 'Hank Callison'.
13:43:1: CP.RCT.17-96764 has used '/Observer'.
13:43:2: CP.RCT.17-96764 has used '/Observer'.
13:43:6: CP.RCT.17-96764 has used '/Observer'.
13:43:7: CP.RCT.17-96764 has used '/Observer'.
13:43:15: CP.RCT.17-96764 has used '/Observer'.
13:43:40: [OOC] CP.RCT.17-96764: у д6?
13:43:53: [OOC] CP.RCT.17-96764: а это командер
13:45:3: CP.RCT.17-96764 has used '/PlySetGroup Hank Callison superadmin'.
13:45:5: Hank Callison has used '/CharFallOver'.
13:45:6: CP.RCT.17-96764 has used '/PlySetGroup Jack Whitehouse superadmin'.
13:45:8: Hank Callison has used '/CharGetUp'.
13:45:11: Hank Callison has used '/CharGetUp'.
13:45:11: Hank Callison has used '/Observer'.
13:45:12: Hank Callison has used '/CharGetUp'.
13:45:12: Hank Callison has used '/Observer'.
13:45:14: Hank Callison has used '/CharGetUp'.
13:45:15: Hank Callison has used '/Observer'.
13:45:15: Hank Callison has used '/CharGetUp'.
13:45:20: Hank Callison has used '/Observer'.
13:45:21: Jack Whitehouse has used '/Observer'.
13:45:22: Jack Whitehouse has used '/Observer'.
13:45:23: Jack Whitehouse has used '/Observer'.
13:45:31: Jack Whitehouse has used '/Observer'.
13:45:32: [OOC] CP.RCT.17-96764: устроим РЕКОНСТРУКЦИЮ сжигания септика
13:45:32: Jack Whitehouse has used '/Observer'.
13:45:33: Jack Whitehouse has used '/Observer'.
13:45:35: Jack Whitehouse has used '/Observer'.
13:45:40: CP.RCT.17-96764 has used '/Observer'.
13:45:42: CP.RCT.17-96764 has used '/Observer'.
13:45:47: [OOC] CP.RCT.17-96764: выруби нахуй
13:45:57: Jack Whitehouse has used '/CharGiveFlags Jack ept'.
13:46:6: CP.RCT.17-96764 has used '/Observer'.
13:46:15: [OOC] CP.RCT.17-96764: а да, предметы сохранились
13:46:16: CP.RCT.17-96764 has used '/Observer'.
13:46:21: CP.RCT.17-96764 has used '/PlyGoto jack'.
13:46:22: Jack Whitehouse has used '/PlyTeleport Hank'.
13:46:23: CP.RCT.17-96764 has used '/Observer'.
13:46:24: Hank Callison has used '/Observer'.
13:46:26: Jack Whitehouse has used '/Observer'.
13:46:30: Jack Whitehouse has used '/Observer'.
13:46:32: Hank Callison has gained a .357 Magnum Bullets 1427983034.
13:46:37: Jack Whitehouse has used '/Observer'.
13:46:50: Hank Callison has used '/Observer'.
13:46:50: Hank Callison has used '/Observer'.
13:46:54: Jack Whitehouse has used '/Observer'.
13:46:55: [OOC] CP.RCT.17-96764: а я видел там были ящики куча на берегу
13:46:56: Hank Callison has used '/Observer'.
13:46:58: Hank Callison has used '/Observer'.
13:46:58: Hank Callison has used '/Observer'.
13:46:58: Hank Callison has used '/Observer'.
13:46:59: Hank Callison has used '/Observer'.
13:47:7: Hank Callison has used '/Observer'.
13:47:8: Hank Callison has used '/Observer'.
13:47:10: Hank Callison has used '/Observer'.
13:47:10: Jack Whitehouse has used '/Observer'.
13:47:10: Jack Whitehouse has used '/Observer'.
13:47:11: Hank Callison has used '/Observer'.
13:47:12: Hank Callison has used '/Observer'.
13:47:12: Hank Callison has used '/Observer'.
13:47:12: Jack Whitehouse has used '/Observer'.
13:47:17: CP.RCT.17-96764 has used '/Observer'.
13:47:42: CP.RCT.17-96764 has used '/Observer'.
13:47:54: Hank Callison has used '/Observer'.
13:48:11: CP.RCT.17-96764 has used '/Observer'.
13:48:14: Hank Callison has used '/Observer'.
13:48:22: CP.RCT.17-96764 has used '/Observer'.
13:48:30: Jack Whitehouse has used '/CharGiveFlags Hank Callison eptdvVcCnrG'.
13:48:31: Hank Callison has used '/Observer'.
13:48:33: Hank Callison has used '/Observer'.
13:48:35: Hank Callison has used '/Observer'.
13:48:35: Hank Callison has used '/Observer'.
13:48:37: Hank Callison has used '/Observer'.
13:48:39: Jack Whitehouse has used '/Observer'.
13:48:40: CP.RCT.17-96764 has used '/Observer'.
13:48:42: Hank Callison has used '/Observer'.
13:48:50: Hank Callison has used '/Observer'.
13:48:50: Hank Callison has used '/Observer'.
13:48:50: Hank Callison has used '/Observer'.
13:48:51: Hank Callison has used '/Observer'.
13:48:51: Hank Callison has taken damage from worldspawn.
13:48:51: Hank Callison has used '/Observer'.
13:48:53: Hank Callison has used '/Observer'.
13:49:36: Hank Callison has taken damage from npc_metropolice.
13:49:55: C17.CP-DsP.00228 has used '/CharSetName rct C17.CP-DsP.00228'.
13:50:18: C17.CP-DsP.00228 has used '/Observer'.
13:50:34: C17.CP-DsP.00228 has used '/Observer'.
13:50:45: Jack Whitehouse has used '/Observer'.
13:50:46: Jack Whitehouse has taken damage from entityflame.
13:50:46: Jack Whitehouse has taken damage from point_hurt.
13:50:46: Jack Whitehouse has taken damage from entityflame.
13:50:46: C17.CP-DsP.00228 has taken damage from point_hurt.
13:50:46: Jack Whitehouse has taken damage from point_hurt.
13:50:46: Jack Whitehouse has taken damage from entityflame.
13:50:46: Jack Whitehouse has taken damage from entityflame.
13:50:46: Jack Whitehouse has taken damage from entityflame.
13:50:47: Jack Whitehouse has taken damage from entityflame.
13:50:47: Jack Whitehouse has taken damage from entityflame.
13:50:47: Jack Whitehouse has taken damage from point_hurt.
13:50:47: Jack Whitehouse has taken damage from point_hurt.
13:50:47: C17.CP-DsP.00228 has taken damage from point_hurt.
13:50:47: Jack Whitehouse has taken damage from point_hurt.
13:50:47: Jack Whitehouse has taken damage from entityflame.
13:50:47: Jack Whitehouse has taken damage from point_hurt.
13:50:47: C17.CP-DsP.00228 has taken damage from point_hurt.
13:50:47: Jack Whitehouse has taken damage from point_hurt.
13:50:47: C17.CP-DsP.00228 has taken damage from point_hurt.
13:50:47: Jack Whitehouse has taken damage from point_hurt.
13:50:47: Jack Whitehouse has taken damage from entityflame.
13:50:47: Jack Whitehouse has taken damage from point_hurt.
13:50:47: Jack Whitehouse has taken damage from point_hurt.
13:50:47: Jack Whitehouse has taken damage from point_hurt.
13:50:47: Jack Whitehouse has taken damage from point_hurt.
13:50:47: Jack Whitehouse has taken damage from point_hurt.
13:50:47: Jack Whitehouse has taken damage from entityflame.
13:50:47: Jack Whitehouse has taken damage from point_hurt.
13:50:48: Jack Whitehouse has taken damage from entityflame.
13:50:48: Jack Whitehouse has taken damage from point_hurt.
13:50:48: Jack Whitehouse has taken damage from entityflame.
13:50:48: Jack Whitehouse has taken damage from point_hurt.
13:50:48: Jack Whitehouse has taken damage from point_hurt.
13:50:48: Jack Whitehouse has taken damage from entityflame.
13:50:48: Jack Whitehouse has taken damage from point_hurt.
13:50:48: Jack Whitehouse has used '/Observer'.
13:50:49: Hank Callison has used '/VendorAdd 123'.
13:50:51: Hank Callison has used '/Observer'.
13:50:52: Hank Callison has used '/Observer'.
13:50:52: Hank Callison has used '/Observer'.
13:50:53: Hank Callison has used '/Observer'.
13:50:53: C17.CP-DsP.00228 has used '/Observer'.
13:50:53: Hank Callison has used '/Observer'.
13:50:53: Hank Callison has used '/Observer'.
13:50:59: C17.CP-DsP.00228 has used '/Observer'.
13:51:0: Hank Callison has taken damage from entityflame.
13:51:0: Hank Callison has taken damage from point_hurt.
13:51:0: Hank Callison has taken damage from point_hurt.
13:51:0: Hank Callison has taken damage from entityflame.
13:51:0: C17.CP-DsP.00228 has used '/Observer'.
13:51:0: Hank Callison has taken damage from point_hurt.
13:51:0: Hank Callison has taken damage from entityflame.
13:51:0: Hank Callison has taken damage from point_hurt.
13:51:1: Hank Callison has taken damage from entityflame.
13:51:1: Hank Callison has taken damage from entityflame.
13:51:1: Hank Callison has taken damage from entityflame.
13:51:1: Hank Callison has taken damage from entityflame.
13:51:1: Hank Callison has taken damage from entityflame.
13:51:2: Hank Callison has taken damage from entityflame.
13:51:2: Hank Callison has taken damage from entityflame.
13:51:2: Hank Callison has taken damage from entityflame.
13:51:6: Jack Whitehouse has used '/Observer'.
13:51:8: Jack Whitehouse has used '/Observer'.
13:51:10: C17.CP-DsP.00228 has used '/Observer'.
13:51:10: Hank Callison has used '/SalesmanAdd 1'.
13:51:14: C17.CP-DsP.00228 has used '/Observer'.
13:51:24: Jack Whitehouse has used '/Observer'.
13:51:25: Jack Whitehouse has used '/Observer'.
13:51:30: C17.CP-DsP.00228 has used '/Observer'.
13:51:31: C17.CP-DsP.00228 has used '/Observer'.
13:51:41: C17.CP-DsP.00228 has used '/Observer'.
13:51:46: C17.CP-DsP.00228 has used '/Observer'.
13:51:52: C17.CP-DsP.00228 has used '/Observer'.
13:51:53: C17.CP-DsP.00228 has used '/Observer'.
13:51:54: C17.CP-DsP.00228 has used '/Observer'.
13:51:55: C17.CP-DsP.00228 has used '/Observer'.
13:51:58: C17.CP-DsP.00228 has used '/Observer'.
13:51:58: C17.CP-DsP.00228 has used '/Observer'.
13:52:3: Jack Whitehouse has used '/Observer'.
13:52:11: Jack Whitehouse has taken damage from point_hurt.
13:52:11: Jack Whitehouse has taken damage from point_hurt.
13:52:11: Jack Whitehouse has taken damage from point_hurt.
13:52:11: Jack Whitehouse has taken damage from point_hurt.
13:52:11: Jack Whitehouse has taken damage from point_hurt.
13:52:11: Jack Whitehouse has taken damage from point_hurt.
13:52:11: Jack Whitehouse has taken damage from point_hurt.
13:52:11: Jack Whitehouse has taken damage from point_hurt.
13:52:11: Jack Whitehouse has taken damage from point_hurt.
13:52:11: Jack Whitehouse has taken damage from point_hurt.
13:52:11: Jack Whitehouse has used '/Observer'.
13:52:14: C17.CP-DsP.00228 has used '/Observer'.
13:52:14: Hank Callison has lost a .357 Magnum Bullets 1427983034.
13:52:14: Hank Callison has used '/InvAction drop ammo_357 1427983034.00'.
13:52:15: Hank Callison has lost a Suitcase 1446893031.
13:52:15: Hank Callison has used '/InvAction drop cw_suitcase 1446893031.00'.
13:52:16: C17.CP-DsP.00228 has used '/Observer'.
13:52:22: Jack Whitehouse has used '/Observer'.
13:52:29: Hank Callison has gained a Suitcase 1446893031.
13:52:29: Hank Callison has lost a Suitcase 1446893031.
13:52:29: Hank Callison has used '/InvAction use cw_suitcase 1446893031'.
13:52:33: Jack Whitehouse has used '/Observer'.
13:52:35: C17.CP-DsP.00228 has used '/Observer'.
13:52:36: C17.CP-DsP.00228 has used '/Observer'.
13:52:36: C17.CP-DsP.00228 has used '/Observer'.
13:52:38: C17.CP-DsP.00228 has used '/Observer'.
13:52:38: C17.CP-DsP.00228 has used '/Observer'.
13:52:39: C17.CP-DsP.00228 has used '/Observer'.
13:52:44: Hank Callison has gained a Vortigaunt Anatomy 1446893622.
13:52:44: Hank Callison has gained a Vortigaunt Anatomy 1446893623.
13:52:44: Hank Callison has gained a Vortigaunt Anatomy 1446893624.
13:52:44: Hank Callison has gained a Vortigaunt Anatomy 1446893625.
13:52:44: Hank Callison has gained a Vortigaunt Anatomy 1446893626.
13:52:46: Jack Whitehouse has used '/CharGiveItem Hank Backpack'.
13:52:47: Jack Whitehouse has used '/CharGiveItem Hank Backpack'.
13:52:47: Jack Whitehouse has used '/CharGiveItem Hank Backpack'.
13:52:48: C17.CP-DsP.00228 has used '/Observer'.
13:52:53: Jack Whitehouse has used '/CharGiveFlags Jack G'.
13:52:54: Hank Callison has gained a Backpack 1446893637.
13:52:54: Jack Whitehouse has used '/CharGiveItem Hank Backpack'.
13:52:54: Hank Callison has gained a Backpack 1446893638.
13:52:54: Jack Whitehouse has used '/CharGiveItem Hank Backpack'.
13:52:55: Hank Callison has gained a Backpack 1446893640.
13:52:55: Jack Whitehouse has used '/CharGiveItem Hank Backpack'.
13:52:55: Hank Callison has gained a Backpack 1446893641.
13:52:55: Jack Whitehouse has used '/CharGiveItem Hank Backpack'.
13:52:55: Hank Callison has gained a Backpack 1446893642.
13:52:55: Jack Whitehouse has used '/CharGiveItem Hank Backpack'.
13:52:56: Hank Callison has gained a Backpack 1446893644.
13:52:56: Jack Whitehouse has used '/CharGiveItem Hank Backpack'.
13:52:56: Hank Callison has gained a Backpack 1446893645.
13:52:56: Jack Whitehouse has used '/CharGiveItem Hank Backpack'.
13:52:56: Hank Callison has gained a Backpack 1446893646.
13:52:56: Jack Whitehouse has used '/CharGiveItem Hank Backpack'.
13:52:57: Hank Callison has gained a Backpack 1446893648.
13:52:57: Jack Whitehouse has used '/CharGiveItem Hank Backpack'.
13:52:57: Hank Callison has gained a Backpack 1446893649.
13:52:57: Jack Whitehouse has used '/CharGiveItem Hank Backpack'.
13:52:57: Hank Callison has gained a Backpack 1446893650.
13:52:57: Jack Whitehouse has used '/CharGiveItem Hank Backpack'.
13:52:57: Hank Callison has used '/Observer'.
13:52:58: Hank Callison has gained a Backpack 1446893652.
13:52:58: Jack Whitehouse has used '/CharGiveItem Hank Backpack'.
13:52:58: Hank Callison has gained a Backpack 1446893653.
13:52:58: Jack Whitehouse has used '/CharGiveItem Hank Backpack'.
13:52:58: Hank Callison has gained a Backpack 1446893654.
13:52:58: Jack Whitehouse has used '/CharGiveItem Hank Backpack'.
13:52:59: Hank Callison has gained a Backpack 1446893656.
13:52:59: Jack Whitehouse has used '/CharGiveItem Hank Backpack'.
13:52:59: Hank Callison has gained a Backpack 1446893657.
13:52:59: Jack Whitehouse has used '/CharGiveItem Hank Backpack'.
13:52:59: Hank Callison has gained a Backpack 1446893658.
13:52:59: Jack Whitehouse has used '/CharGiveItem Hank Backpack'.
13:53:0: Hank Callison has gained a Backpack 1446893660.
13:53:0: Jack Whitehouse has used '/CharGiveItem Hank Backpack'.
13:53:0: Hank Callison has gained a Backpack 1446893661.
13:53:0: Jack Whitehouse has used '/CharGiveItem Hank Backpack'.
13:53:0: Hank Callison has gained a Backpack 1446893662.
13:53:0: Jack Whitehouse has used '/CharGiveItem Hank Backpack'.
13:53:1: Hank Callison has gained a Backpack 1446893664.
13:53:1: Jack Whitehouse has used '/CharGiveItem Hank Backpack'.
13:53:1: Hank Callison has gained a Backpack 1446893665.
13:53:1: Jack Whitehouse has used '/CharGiveItem Hank Backpack'.
13:53:1: C17.CP-DsP.00228 has used '/Observer'.
13:53:1: Hank Callison has gained a Backpack 1446893666.
13:53:1: Jack Whitehouse has used '/CharGiveItem Hank Backpack'.
13:53:2: Hank Callison has gained a Backpack 1446893668.
13:53:2: Jack Whitehouse has used '/CharGiveItem Hank Backpack'.
13:53:5: Hank Callison has used '/Observer'.
13:53:8: Hank Callison has gained a Синяя рубашка с бронежилетом 1446893675.
13:53:8: Hank Callison has gained a Синяя рубашка с бронежилетом 1446893676.
13:53:8: Hank Callison has gained a Синяя рубашка с бронежилетом 1446893677.
13:53:8: Hank Callison has gained a Синяя рубашка с бронежилетом 1446893678.
13:53:8: Hank Callison has gained a Синяя рубашка с бронежилетом 1446893679.
13:53:10: Hank Callison has gained a Серые джинсы 1446893682.
13:53:10: Hank Callison has gained a Серые джинсы 1446893683.
13:53:10: Hank Callison has gained a Серые джинсы 1446893684.
13:53:10: Hank Callison has gained a Серые джинсы 1446893685.
13:53:10: Hank Callison has gained a Серые джинсы 1446893686.
13:53:14: Hank Callison has used '/InvAction use Синяя_рубашка_с_бронежилетом 1446893677.00'.
13:53:15: Hank Callison has used '/InvAction use Серые_джинсы 1446893684.00'.
13:53:17: Hank Callison has used '/InvAction use Серые_джинсы 1446893684.00'.
13:53:20: C17.CP-DsP.00228 has used '/Observer'.
13:53:22: C17.CP-DsP.00228 has used '/Observer'.
13:53:28: C17.CP-DsP.00228 has used '/Observer'.
13:53:28: Hank Callison has used '/Observer'.
13:53:29: C17.CP-DsP.00228 has used '/Observer'.
13:53:29: C17.CP-DsP.00228 has used '/Observer'.
13:53:31: C17.CP-DsP.00228 has used '/Observer'.
13:53:31: C17.CP-DsP.00228 has used '/Observer'.
13:53:34: C17.CP-DsP.00228 has used '/Observer'.
13:53:35: C17.CP-DsP.00228 has used '/Observer'.
13:53:37: C17.CP-DsP.00228 has used '/Observer'.
13:53:51: [OOC] C17.CP-DsP.00228: где он?
13:53:59: C17.CP-DsP.00228 has used '/Observer'.
13:54:1: C17.CP-DsP.00228 has used '/Observer'.
13:54:8: Hank Callison has used '/Observer'.
13:54:16: Hank Callison has used '/Observer'.
13:54:16: Hank Callison has used '/Observer'.
13:54:17: Hank Callison has used '/Observer'.
13:54:17: Hank Callison has used '/Observer'.
13:54:21: Hank Callison has used '/Observer'.
13:54:26: Jack Whitehouse has used '/Observer'.
13:54:28: Hank Callison has used '/Observer'.
13:54:29: Hank Callison has used '/Observer'.
13:54:29: C17.CP-DsP.00228 has used '/Observer'.
13:54:29: Hank Callison has used '/Observer'.
13:54:36: Jack Whitehouse has used '/Observer'.
13:54:38: C17.CP-DsP.00228 has used '/Observer'.
13:54:45: Jack Whitehouse has used '/Observer'.
13:54:49: Hank Callison has used '/Observer'.
13:54:52: Jack Whitehouse has used '/Observer'.
13:54:53: Jack Whitehouse has used '/Observer'.
13:54:56: Jack Whitehouse has used '/Observer'.
13:54:56: Jack Whitehouse has used '/Observer'.
13:54:58: Jack Whitehouse has used '/Observer'.
13:55:0: Jack Whitehouse has used '/Observer'.
13:55:4: C17.CP-DsP.00228 has used '/Observer'.
13:55:4: Hank Callison has used '/Observer'.
13:55:6: Hank Callison has used '/Observer'.
13:55:8: Hank Callison has used '/Observer'.
13:55:10: C17.CP-DsP.00228 has used '/Observer'.
13:55:11: C17.CP-DsP.00228 has used '/Observer'.
13:55:12: C17.CP-DsP.00228 has used '/Observer'.
13:55:12: C17.CP-DsP.00228 has used '/Observer'.
13:55:12: Jack Whitehouse has taken damage from point_hurt.
13:55:13: C17.CP-DsP.00228 has used '/Observer'.
13:55:13: Jack Whitehouse has used '/Observer'.
13:55:13: C17.CP-DsP.00228 has used '/Observer'.
13:55:15: C17.CP-DsP.00228 has used '/Observer'.
13:55:15: C17.CP-DsP.00228 has used '/Observer'.
13:55:17: C17.CP-DsP.00228 has used '/Observer'.
13:55:17: C17.CP-DsP.00228 has used '/Observer'.
13:55:19: C17.CP-DsP.00228 has used '/Observer'.
13:55:20: C17.CP-DsP.00228 has used '/Observer'.
13:55:21: C17.CP-DsP.00228 has used '/Observer'.
13:55:21: C17.CP-DsP.00228 has used '/Observer'.
13:55:23: C17.CP-DsP.00228 has used '/Observer'.
13:55:24: C17.CP-DsP.00228 has used '/Observer'.
13:55:27: C17.CP-DsP.00228 has used '/Observer'.
13:55:27: C17.CP-DsP.00228 has used '/Observer'.
13:55:27: C17.CP-DsP.00228 has used '/Observer'.
13:55:29: C17.CP-DsP.00228 has used '/Observer'.
13:55:31: C17.CP-DsP.00228 has used '/Observer'.
13:55:35: C17.CP-DsP.00228 has used '/Observer'.
13:55:37: C17.CP-DsP.00228 has used '/Observer'.
13:55:40: Hank Callison has taken damage from entityflame.
13:55:40: Hank Callison has taken damage from point_hurt.
13:55:40: Hank Callison has taken damage from point_hurt.
13:55:40: Hank Callison has taken damage from entityflame.
13:55:40: Hank Callison has taken damage from point_hurt.
13:55:40: Hank Callison has taken damage from point_hurt.
13:55:40: Hank Callison has taken damage from point_hurt.
13:55:40: Hank Callison has taken damage from entityflame.
13:55:40: Hank Callison has taken damage from point_hurt.
13:55:40: Hank Callison has taken damage from entityflame.
13:55:40: Hank Callison has taken damage from entityflame.
13:55:41: Hank Callison has taken damage from entityflame.
13:55:41: Hank Callison has used '/Observer'.
13:55:41: C17.CP-DsP.00228 has used '/Observer'.
13:55:42: C17.CP-DsP.00228 has used '/Observer'.
13:55:43: C17.CP-DsP.00228 has used '/Observer'.
13:55:45: C17.CP-DsP.00228 has used '/Observer'.
13:55:46: Hank Callison has used '/Observer'.
13:55:47: Hank Callison has used '/Observer'.
13:55:48: Hank Callison has used '/Observer'.
13:55:56: Hank Callison has used '/Observer'.
13:56:0: Jack Whitehouse has used '/Observer'.
13:56:8: Jack Whitehouse has used '/PlyTeleport Hank'.
13:56:11: C17.CP-DsP.00228 has used '/Observer'.
13:56:12: Jack Whitehouse has used '/PlyTeleport DsP'.
13:56:28: Jack Whitehouse has used '/TextRemove'.
13:56:47: C17.CP-DsP.00228 has taken damage from point_hurt.
13:56:47: Hank Callison has taken damage from point_hurt.
13:56:47: C17.CP-DsP.00228 has taken damage from point_hurt.
13:56:47: Hank Callison has taken damage from point_hurt.
13:56:47: C17.CP-DsP.00228 has taken damage from point_hurt.
13:56:47: Hank Callison has taken damage from point_hurt.
13:56:47: C17.CP-DsP.00228 has taken damage from point_hurt.
13:56:47: Hank Callison has taken damage from point_hurt.
13:56:54: C17.CP-DsP.00228 has lost a 9mm Pistol Bullets 1446834996.
13:56:54: C17.CP-DsP.00228 has lost a 9mm Pistol Bullets 1446834995.
13:56:54: Hank Callison has killed C17.CP-DsP.00228 with weapon_crossbow.
13:57:3: C17.CP-DsP.00228 has gained a 9mm Pistol Bullets 1446893920.
13:57:3: C17.CP-DsP.00228 has gained a 9mm Pistol Bullets 1446893921.
13:57:5: Hank Callison has used '/Observer'.
13:57:5: Jack Whitehouse has used '/CharFallOver 0'.
13:57:6: Hank Callison has used '/Observer'.
13:57:12: Jack Whitehouse has used '/CharFallOver 0'.
13:57:14: C17.CP-DsP.00228 has used '/Observer'.
13:57:18: C17.CP-DsP.00228 has used '/Observer'.
13:57:33: Jack Whitehouse has taken damage from Hank Callison with m9k_combinesniper.
13:57:36: Hank Callison has used '/Observer'.
13:57:46: Hank Callison has used '/Observer'.
13:57:47: Hank Callison has used '/Observer'.
13:57:48: Hank Callison has used '/Observer'.
13:57:49: Hank Callison has used '/Observer'.
13:57:50: Hank Callison has used '/Observer'.
13:57:54: Jack Whitehouse has used '/Observer'.
13:57:54: Jack Whitehouse has used '/Observer'.
13:57:57: Hank Callison has used '/Observer'.
13:57:57: Jack Whitehouse has used '/Observer'.
13:57:58: Jack Whitehouse has used '/Observer'.
13:57:58: Hank Callison has used '/Observer'.
13:58:0: Jack Whitehouse has used '/Observer'.
13:58:2: Hank Callison has used '/Observer'.
13:58:3: Hank Callison has used '/Observer'.
13:58:6: Hank Callison has used '/Observer'.
13:58:7: Hank Callison has used '/Observer'.
13:58:8: Hank Callison has used '/Observer'.
13:58:9: Hank Callison has used '/Observer'.
13:58:12: Hank Callison has used '/Observer'.
13:58:13: Hank Callison has used '/Observer'.
13:58:14: Hank Callison has used '/Observer'.
13:58:15: Hank Callison has used '/Observer'.
13:58:16: Hank Callison has used '/Observer'.
13:58:17: Hank Callison has used '/Observer'.
13:58:17: Hank Callison has used '/Observer'.
13:58:18: Hank Callison has used '/Observer'.
13:58:18: Hank Callison has used '/Observer'.
13:58:19: Hank Callison has used '/Observer'.
13:58:19: Hank Callison has used '/Observer'.
13:58:21: Jack Whitehouse has used '/Observer'.
13:58:22: [EoAsm] SchwarzKruppzo (STEAM_0:1:44629398) has connected.
13:58:23: Jack Whitehouse has used '/Observer'.
13:58:25: Jack Whitehouse has used '/Observer'.
13:58:27: Jack Whitehouse has used '/Observer'.
13:58:28: Jack Whitehouse has used '/Observer'.
13:58:28: Jack Whitehouse has used '/Observer'.
13:58:35: Jack Whitehouse has used '/Observer'.
13:58:37: Jack Whitehouse has used '/Observer'.
13:58:37: Jack Whitehouse has used '/Observer'.
13:58:53: Jack Whitehouse has used '/Observer'.
13:58:56: Jack Whitehouse has used '/Observer'.
13:58:57: Jack Whitehouse has used '/Observer'.
13:58:58: Jack Whitehouse has used '/Observer'.
13:59:0: Jack Whitehouse has used '/Observer'.
13:59:2: Jack Whitehouse has used '/Observer'.
13:59:4: Jack Whitehouse has used '/Observer'.
13:59:4: Jack Whitehouse has used '/Observer'.
13:59:5: Jack Whitehouse has used '/Observer'.
13:59:6: Jack Whitehouse has used '/Observer'.
13:59:7: Jack Whitehouse has used '/Observer'.
13:59:12: Jack Whitehouse has used '/Observer'.
13:59:34: Jack Whitehouse has used '/CharSetModel Jack models/Police.mdl'.
13:59:55: [EoAsm] SchwarzKruppzo has loaded the character 'C17.CP-DsP.00228'.
14:0:4: C17.CP-DsP.00228 has used '/Observer'.
14:0:20: C17.CP-DsP.00228 has used '/Observer'.
14:1:3: Jack Whitehouse has used '/Observer'.
14:1:7: Jack Whitehouse has used '/Observer'.
14:1:40: C17.CP-DsP.00228 has taken damage from Jack Whitehouse with cw_hands.
14:1:40: C17.CP-DsP.00228 has taken damage from Jack Whitehouse with cw_hands.
14:1:41: C17.CP-DsP.00228 has taken damage from Jack Whitehouse with cw_hands.
14:1:41: C17.CP-DsP.00228 has taken damage from Jack Whitehouse with cw_hands.
14:1:42: C17.CP-DsP.00228 has taken damage from Jack Whitehouse with cw_hands.
14:1:42: C17.CP-DsP.00228 has taken damage from Jack Whitehouse with cw_hands.
14:1:43: C17.CP-DsP.00228 has taken damage from Jack Whitehouse with cw_hands.
14:1:43: C17.CP-DsP.00228 has taken damage from Jack Whitehouse with cw_hands.
14:1:44: [OOC] C17.CP-DsP.00228: давайте как в кс 1.6 сделаем замедление при банихопе
14:1:58: [OOC] C17.CP-DsP.00228: ну да
14:2:32: Hank Callison has used '/Observer'.
14:2:32: Hank Callison has used '/Observer'.
14:2:34: Hank Callison has used '/Observer'.
14:2:35: Hank Callison has used '/Observer'.
14:2:35: Hank Callison has used '/Observer'.
14:2:39: Hank Callison has used '/Observer'.
14:2:41: Hank Callison has used '/Observer'.
14:2:43: Hank Callison has used '/Observer'.
14:2:44: Hank Callison has used '/Observer'.
14:2:45: Hank Callison has used '/Observer'.
14:2:45: Hank Callison has used '/Observer'.
14:2:46: Hank Callison has used '/Observer'.
14:2:58: C17.CP-DsP.00228 has lost a 9mm Pistol Bullets 1446834996.
14:2:58: C17.CP-DsP.00228 has lost a 9mm Pistol Bullets 1446834995.
14:2:58: worldspawn has killed C17.CP-DsP.00228.
14:2:59: Jack Whitehouse has used '/CharFallOver 0'.
14:3:2: Jack Whitehouse has used '/Observer'.
14:3:3: Jack Whitehouse has used '/Observer'.
14:3:8: C17.CP-DsP.00228 has gained a 9mm Pistol Bullets 1446894287.
14:3:8: C17.CP-DsP.00228 has gained a 9mm Pistol Bullets 1446894288.
14:3:9: Jack Whitehouse has used '/CharFallOver 0'.
14:3:9: C17.CP-DsP.00228 has used '/Observer'.
14:3:10: Hank Callison has used '/Observer'.
14:3:13: Hank Callison has used '/Observer'.
14:3:14: Jack Whitehouse has used '/Observer'.
14:3:14: Jack Whitehouse has used '/Observer'.
14:3:14: Jack Whitehouse has used '/Observer'.
14:3:15: Jack Whitehouse has used '/Observer'.
14:3:16: Hank Callison has used '/Observer'.
14:3:16: Jack Whitehouse has used '/Observer'.
14:3:16: Hank Callison has used '/Observer'.
14:3:17: Jack Whitehouse has used '/Observer'.
14:3:18: Hank Callison has used '/Observer'.
14:3:18: Jack Whitehouse has used '/CharFallOver 0'.
14:3:20: Hank Callison has used '/Observer'.
14:3:20: Hank Callison has used '/Observer'.
14:3:21: Hank Callison has used '/Observer'.
14:3:26: Jack Whitehouse has used '/Observer'.
14:3:27: Jack Whitehouse has used '/Observer'.
14:3:28: Jack Whitehouse has used '/CharFallOver 0'.
14:3:28: C17.CP-DsP.00228 has used '/Observer'.
14:3:28: C17.CP-DsP.00228 has used '/Observer'.
14:3:30: Jack Whitehouse has used '/Observer'.
14:3:34: Jack Whitehouse has used '/Observer'.
14:3:41: Jack Whitehouse has taken damage from point_hurt.
14:3:42: [OOC] C17.CP-DsP.00228: на цветокоррекцию всем похуй
14:3:49: Jack Whitehouse has taken damage from point_hurt.
14:3:50: Jack Whitehouse has taken damage from point_hurt.
14:3:50: Jack Whitehouse has taken damage from point_hurt.
14:3:50: Jack Whitehouse has taken damage from point_hurt.
14:3:50: Jack Whitehouse has taken damage from point_hurt.
14:3:51: Jack Whitehouse has used '/Observer'.
14:3:58: [OOC] C17.CP-DsP.00228: [Silencio] (2): Ты просто не изучил сервер...
14:4:8: Hank Callison has used '/Observer'.
14:4:9: Hank Callison has used '/Observer'.
14:4:9: Jack Whitehouse has used '/Observer'.
14:4:10: Jack Whitehouse has used '/Observer'.
14:4:11: Jack Whitehouse has used '/Observer'.
14:4:16: Jack Whitehouse has used '/Observer'.
14:4:18: Jack Whitehouse has used '/Observer'.
14:4:21: Hank Callison has used '/Observer'.
14:4:22: Hank Callison has used '/Observer'.
14:4:22: Hank Callison has used '/Observer'.
14:4:23: Hank Callison has used '/Observer'.
14:4:24: Hank Callison has used '/Observer'.
14:4:25: Hank Callison has used '/Observer'.
14:4:26: Hank Callison has used '/Observer'.
14:4:30: Hank Callison has used '/Observer'.
14:4:31: Jack Whitehouse has used '/Observer'.
14:4:32: Jack Whitehouse has used '/Observer'.
14:4:33: Jack Whitehouse has used '/CharFallOver 0'.
14:4:37: Hank Callison has used '/Observer'.
14:4:38: Hank Callison has used '/Observer'.
14:4:43: Hank Callison has used '/Observer'.
14:4:44: Hank Callison has used '/Observer'.
14:5:11: Hank Callison has used '/Observer'.
14:5:11: Hank Callison has used '/Observer'.
14:5:15: Hank Callison has used '/Observer'.
14:5:15: Hank Callison has used '/Observer'.
14:5:16: Hank Callison has used '/Observer'.
14:5:16: Hank Callison has used '/Observer'.
14:6:11: Hank Callison has used '/Observer'.
14:6:11: Hank Callison has used '/Observer'.
14:6:15: Hank Callison has used '/Observer'.
14:6:20: Jack Whitehouse has used '/Observer'.
14:6:26: Jack Whitehouse has used '/Observer'.
14:6:56: [OOC] C17.CP-DsP.00228: ИНФЛЯЦИЯ 5 ПРОЦЕНТОВ
14:7:2: [OOC] C17.CP-DsP.00228: ПОТРАТЬЕ 75 ДИП ОЧКОВ
14:7:11: [OOC] Jack Whitehouse: админ очков
14:7:26: Hank Callison has used '/Observer'.
14:7:27: Hank Callison has used '/Observer'.
14:7:38: C17.CP-DsP.00228 has used '/Observer'.
14:7:39: C17.CP-DsP.00228 has used '/Observer'.
14:7:40: Jack Whitehouse has used '/Observer'.
14:7:40: C17.CP-DsP.00228 has used '/Observer'.
14:7:41: Jack Whitehouse has used '/Observer'.
14:7:41: C17.CP-DsP.00228 has used '/Observer'.
14:7:42: Jack Whitehouse has used '/Observer'.
14:7:56: Hank Callison has used '/Observer'.
14:7:57: Hank Callison has used '/Observer'.
14:7:59: Hank Callison has used '/Observer'.
14:8:1: Hank Callison has used '/Observer'.
14:8:1: Hank Callison has used '/Observer'.
14:8:7: Jack Whitehouse has used '/Observer'.
14:8:8: Jack Whitehouse has used '/Observer'.
14:8:11: Jack Whitehouse has used '/Observer'.
14:8:41: Jack Whitehouse has used '/Observer'.
14:8:53: Hank Callison has used '/Observer'.
14:8:54: Hank Callison has used '/Observer'.
14:8:54: Hank Callison has used '/Observer'.
14:8:56: Hank Callison has used '/Observer'.
14:9:7: Jack Whitehouse has used '/Observer'.
14:9:10: Hank Callison has used '/Observer'.
14:9:11: Hank Callison has used '/Observer'.
14:9:12: Hank Callison has used '/Observer'.
14:9:12: Jack Whitehouse has used '/Observer'.
14:9:12: Hank Callison has used '/Observer'.
14:9:13: Hank Callison has used '/Observer'.
14:9:13: Hank Callison has used '/Observer'.
14:9:14: Hank Callison has used '/Observer'.
14:9:15: Hank Callison has used '/Observer'.
14:9:16: Hank Callison has used '/Observer'.
14:9:17: Hank Callison has used '/Observer'.
14:9:17: Hank Callison has used '/Observer'.
14:9:17: C17.CP-DsP.00228 has used '/Observer'.
14:9:18: Hank Callison has used '/Observer'.
14:9:19: Hank Callison has used '/Observer'.
14:9:19: Hank Callison has used '/Observer'.
14:9:20: Hank Callison has used '/Observer'.
14:9:21: Hank Callison has used '/Observer'.
14:9:23: Hank Callison has used '/Observer'.
14:9:24: Hank Callison has used '/Observer'.
14:9:29: Hank Callison has used '/Observer'.
14:9:31: Hank Callison has used '/Observer'.
14:9:32: Hank Callison has used '/Observer'.
14:9:33: Hank Callison has used '/Observer'.
14:9:35: Hank Callison has used '/Observer'.
14:9:39: Hank Callison has used '/Observer'.
14:9:52: Hank Callison has used '/Observer'.
14:9:53: Hank Callison has used '/Observer'.
14:9:53: Hank Callison has used '/Observer'.
14:9:55: Hank Callison has used '/Observer'.
14:9:56: Hank Callison has used '/Observer'.
14:9:58: Hank Callison has used '/Observer'.
14:10:11: C17.CP-DsP.00228 has lost a 9mm Pistol Bullets 1446894288.
14:10:11: C17.CP-DsP.00228 has lost a 9mm Pistol Bullets 1446894287.
14:10:11: Hank Callison has killed C17.CP-DsP.00228 with weapon_crossbow.
14:10:18: Jack Whitehouse has used '/Observer'.
14:10:20: Jack Whitehouse has used '/Observer'.
14:10:21: C17.CP-DsP.00228 has gained a 9mm Pistol Bullets 1446894722.
14:10:21: C17.CP-DsP.00228 has gained a 9mm Pistol Bullets 1446894723.
14:10:23: C17.CP-DsP.00228 has used '/Observer'.
14:10:24: Jack Whitehouse has used '/Observer'.
14:10:27: Jack Whitehouse (STEAM_0:0:34008601) has disconnected.
14:10:31: C17.CP-DsP.00228 has used '/Observer'.
14:10:41: Hank Callison has used '/Observer'.
14:10:43: Hank Callison has used '/Observer'.
14:10:54: Hank Callison has used '/Observer'.
14:10:55: Hank Callison has used '/Observer'.
14:10:58: Hank Callison has used '/Observer'.
14:10:59: Hank Callison has used '/Observer'.
14:11:5: Hank Callison has used '/Observer'.
14:11:6: Hank Callison has used '/Observer'.
14:11:9: Hank Callison has used '/Observer'.
14:11:10: Hank Callison has used '/Observer'.
14:11:12: Hank Callison has used '/Observer'.
14:11:36: Hank Callison has used '/Observer'.
14:11:37: Hank Callison has used '/Observer'.
14:11:38: Hank Callison has used '/Observer'.
14:11:39: Hank Callison has used '/Observer'.
14:11:39: Hank Callison has used '/Observer'.
14:11:40: Hank Callison has used '/Observer'.
14:11:47: Hank Callison has used '/Observer'.
14:11:47: Hank Callison has used '/Observer'.
14:11:52: Hank Callison has used '/Observer'.
14:12:21: Hank Callison has used '/Observer'.
14:12:21: Hank Callison has used '/Observer'.
14:12:25: Hank Callison has used '/Observer'.
14:12:27: Hank Callison has used '/Observer'.
14:12:28: Hank Callison has used '/Observer'.
14:12:28: Hank Callison has used '/Observer'.
14:12:30: Hank Callison has used '/Observer'.
14:12:30: Hank Callison has used '/Observer'.
14:12:32: Hank Callison has used '/Observer'.
14:12:36: Hank Callison has used '/Observer'.
14:13:29: Hank Callison has used '/Observer'.
14:13:30: Hank Callison has used '/Observer'.
14:13:31: Hank Callison has used '/Observer'.
14:13:33: Hank Callison has used '/Observer'.
14:13:33: Hank Callison has used '/Observer'.
14:13:34: Hank Callison has used '/Observer'.
14:13:38: Hank Callison has used '/Observer'.
14:13:40: Hank Callison has used '/Observer'.
14:14:2: Hank Callison has used '/Observer'.
14:14:4: Hank Callison has used '/Observer'.
14:14:6: Hank Callison has used '/Observer'.
14:14:11: Hank Callison has used '/Observer'.
14:14:12: Hank Callison has used '/Observer'.
14:14:12: Hank Callison has used '/Observer'.
14:14:20: Hank Callison has used '/Observer'.
14:14:25: Hank Callison has used '/Observer'.
14:14:27: Hank Callison has used '/Observer'.
14:14:28: Hank Callison has used '/Observer'.
14:14:30: Hank Callison has used '/Observer'.
14:14:35: C17.CP-DsP.00228 has used '/Observer'.
14:19:12: Hank Callison has used '/Observer'.
14:19:12: Hank Callison has used '/Observer'.
14:19:13: Hank Callison has used '/Observer'.
14:19:13: Hank Callison has used '/Observer'.
14:19:15: Hank Callison has used '/Observer'.
14:19:22: Hank Callison has used '/Observer'.
14:19:23: Hank Callison has used '/Observer'.
14:19:24: Hank Callison has used '/Observer'.
14:19:25: Hank Callison has used '/Observer'.
14:22:43: C17.CP-DsP.00228 has used '/Observer'.
14:22:43: C17.CP-DsP.00228 has used '/Observer'.
14:22:46: C17.CP-DsP.00228 has used '/Observer'.
14:22:47: C17.CP-DsP.00228 has used '/Observer'.
14:23:48: C17.CP-DsP.00228 has used '/Observer'.
14:23:49: C17.CP-DsP.00228 has used '/Observer'.
14:23:51: C17.CP-DsP.00228 has used '/Observer'.
14:23:51: C17.CP-DsP.00228 has used '/Observer'.
14:24:19: C17.CP-DsP.00228 has used '/Observer'.
14:24:19: C17.CP-DsP.00228 has used '/Observer'.
14:24:29: C17.CP-DsP.00228 has used '/Observer'.
14:24:32: C17.CP-DsP.00228 has used '/Observer'.
14:24:34: C17.CP-DsP.00228 has used '/Observer'.
14:24:40: C17.CP-DsP.00228 has used '/Observer'.
14:24:51: C17.CP-DsP.00228 has used '/Observer'.
14:24:52: C17.CP-DsP.00228 has used '/Observer'.
14:25:12: C17.CP-DsP.00228 has used '/Observer'.
14:26:30: C17.CP-DsP.00228 has used '/Observer'.
14:28:0: C17.CP-DsP.00228 has used '/Observer'.
14:28:7: C17.CP-DsP.00228 has used '/Observer'.
14:28:14: C17.CP-DsP.00228 has used '/Observer'.
14:28:16: C17.CP-DsP.00228 has used '/Observer'.
14:28:18: C17.CP-DsP.00228 has used '/Observer'.
14:28:19: C17.CP-DsP.00228 has used '/Observer'.
14:34:11: C17.CP-DsP.00228 has used '/Observer'.
14:34:12: C17.CP-DsP.00228 has used '/Observer'.
14:34:13: C17.CP-DsP.00228 has used '/Observer'.
14:34:38: C17.CP-DsP.00228 has used '/Observer'.
14:35:0: C17.CP-DsP.00228 has used '/Observer'.
14:35:1: C17.CP-DsP.00228 has used '/Observer'.
14:35:4: C17.CP-DsP.00228 has used '/Observer'.
14:35:5: C17.CP-DsP.00228 has used '/Observer'.
14:35:11: C17.CP-DsP.00228 has used '/Observer'.
14:35:12: C17.CP-DsP.00228 has used '/Observer'.
14:35:13: C17.CP-DsP.00228 has used '/Observer'.
14:35:15: C17.CP-DsP.00228 has used '/Observer'.
14:35:30: C17.CP-DsP.00228 has used '/Observer'.
14:35:34: C17.CP-DsP.00228 has used '/Observer'.
14:35:36: C17.CP-DsP.00228 has used '/Observer'.
14:35:37: C17.CP-DsP.00228 has used '/Observer'.
14:35:37: C17.CP-DsP.00228 has used '/Observer'.
14:35:38: C17.CP-DsP.00228 has used '/Observer'.
14:35:41: C17.CP-DsP.00228 has used '/Observer'.
14:35:41: C17.CP-DsP.00228 has used '/Observer'.
14:35:42: C17.CP-DsP.00228 has used '/Observer'.
14:35:51: C17.CP-DsP.00228 has used '/Observer'.
14:35:55: C17.CP-DsP.00228 has used '/Observer'.
14:35:55: C17.CP-DsP.00228 has used '/Observer'.
14:35:59: C17.CP-DsP.00228 has used '/Observer'.
14:35:59: C17.CP-DsP.00228 has used '/Observer'.
14:36:10: C17.CP-DsP.00228 has used '/Observer'.
14:36:10: C17.CP-DsP.00228 has used '/Observer'.
14:36:11: C17.CP-DsP.00228 has used '/Observer'.
14:36:12: C17.CP-DsP.00228 has used '/Observer'.
14:36:38: C17.CP-DsP.00228 has used '/Observer'.
14:37:26: C17.CP-DsP.00228 has used '/Observer'.
14:37:39: C17.CP-DsP.00228 has used '/Observer'.
14:37:40: C17.CP-DsP.00228 has used '/Observer'.
14:37:41: C17.CP-DsP.00228 has used '/Observer'.
14:37:42: C17.CP-DsP.00228 has used '/Observer'.
14:37:42: C17.CP-DsP.00228 has used '/Observer'.
14:37:43: C17.CP-DsP.00228 has used '/Observer'.
14:37:43: C17.CP-DsP.00228 has used '/Observer'.
14:37:43: C17.CP-DsP.00228 has used '/Observer'.
14:37:44: C17.CP-DsP.00228 has used '/Observer'.
14:37:44: C17.CP-DsP.00228 has used '/Observer'.
14:37:44: C17.CP-DsP.00228 has used '/Observer'.
14:37:45: C17.CP-DsP.00228 has used '/Observer'.
14:37:45: C17.CP-DsP.00228 has used '/Observer'.
14:37:45: C17.CP-DsP.00228 has used '/Observer'.
14:37:46: C17.CP-DsP.00228 has used '/Observer'.
14:37:46: C17.CP-DsP.00228 has used '/Observer'.
14:37:46: C17.CP-DsP.00228 has used '/Observer'.
14:37:47: C17.CP-DsP.00228 has used '/Observer'.
14:37:47: C17.CP-DsP.00228 has used '/Observer'.
14:37:47: C17.CP-DsP.00228 has used '/Observer'.
14:37:48: C17.CP-DsP.00228 has used '/Observer'.
14:37:48: C17.CP-DsP.00228 has used '/Observer'.
14:37:48: C17.CP-DsP.00228 has used '/Observer'.
14:37:49: C17.CP-DsP.00228 has used '/Observer'.
14:38:14: C17.CP-DsP.00228 has used '/Observer'.
14:38:15: C17.CP-DsP.00228 has used '/Observer'.
14:38:19: C17.CP-DsP.00228 has used '/Observer'.
14:38:20: C17.CP-DsP.00228 has used '/Observer'.
14:38:23: C17.CP-DsP.00228 has used '/Observer'.
14:38:24: C17.CP-DsP.00228 has used '/Observer'.
14:38:26: C17.CP-DsP.00228 has used '/Observer'.
14:39:45: C17.CP-DsP.00228 has used '/Observer'.
14:39:49: C17.CP-DsP.00228 has used '/Observer'.
14:40:17: C17.CP-DsP.00228 has used '/Observer'.
14:40:34: C17.CP-DsP.00228 has used '/Observer'.
14:40:35: C17.CP-DsP.00228 has used '/Observer'.
14:40:37: C17.CP-DsP.00228 has used '/Observer'.
14:40:38: C17.CP-DsP.00228 has used '/Observer'.
14:40:41: C17.CP-DsP.00228 has used '/Observer'.
14:40:41: C17.CP-DsP.00228 has used '/Observer'.
14:40:43: C17.CP-DsP.00228 has used '/Observer'.
14:40:43: C17.CP-DsP.00228 has used '/Observer'.
14:40:44: C17.CP-DsP.00228 has used '/Observer'.
14:40:54: C17.CP-DsP.00228 has used '/Observer'.
14:41:2: C17.CP-DsP.00228 has used '/Observer'.
14:41:52: C17.CP-DsP.00228 has used '/Observer'.
14:42:6: C17.CP-DsP.00228 has used '/Observer'.
14:42:6: C17.CP-DsP.00228 has used '/Observer'.
14:42:7: C17.CP-DsP.00228 has used '/Observer'.
14:42:54: C17.CP-DsP.00228 has used '/Observer'.
14:43:2: C17.CP-DsP.00228 has used '/Observer'.
14:43:5: C17.CP-DsP.00228 has used '/Observer'.
14:44:9: C17.CP-DsP.00228 has used '/Observer'.
14:44:16: C17.CP-DsP.00228 has used '/Observer'.
14:44:17: C17.CP-DsP.00228 has used '/Observer'.
14:44:18: C17.CP-DsP.00228 has used '/Observer'.
14:44:22: C17.CP-DsP.00228 has used '/Observer'.
14:44:23: C17.CP-DsP.00228 has used '/Observer'.
14:44:23: C17.CP-DsP.00228 has used '/Observer'.
14:44:23: C17.CP-DsP.00228 has used '/Observer'.
14:44:23: C17.CP-DsP.00228 has used '/Observer'.
14:44:24: C17.CP-DsP.00228 has used '/Observer'.
14:44:24: C17.CP-DsP.00228 has used '/Observer'.
14:44:24: C17.CP-DsP.00228 has used '/Observer'.
14:44:25: C17.CP-DsP.00228 has used '/Observer'.
14:44:25: C17.CP-DsP.00228 has used '/Observer'.
14:44:25: C17.CP-DsP.00228 has used '/Observer'.
14:44:26: C17.CP-DsP.00228 has used '/Observer'.
14:44:26: C17.CP-DsP.00228 has used '/Observer'.
14:44:26: C17.CP-DsP.00228 has used '/Observer'.
14:44:26: C17.CP-DsP.00228 has used '/Observer'.
14:44:27: C17.CP-DsP.00228 has used '/Observer'.
14:44:27: C17.CP-DsP.00228 has used '/Observer'.
14:44:27: C17.CP-DsP.00228 has used '/Observer'.
14:44:28: C17.CP-DsP.00228 has used '/Observer'.
14:44:28: C17.CP-DsP.00228 has used '/Observer'.
14:44:29: C17.CP-DsP.00228 has used '/Observer'.
14:44:29: C17.CP-DsP.00228 has used '/Observer'.
14:44:37: C17.CP-DsP.00228 has used '/Observer'.
14:44:37: C17.CP-DsP.00228 has used '/Observer'.
14:44:38: C17.CP-DsP.00228 has used '/Observer'.
14:44:38: C17.CP-DsP.00228 has used '/Observer'.
14:44:39: C17.CP-DsP.00228 has used '/Observer'.
14:44:40: C17.CP-DsP.00228 has used '/Observer'.
14:44:40: C17.CP-DsP.00228 has used '/Observer'.
14:44:40: C17.CP-DsP.00228 has used '/Observer'.
14:44:40: C17.CP-DsP.00228 has used '/Observer'.
14:44:40: C17.CP-DsP.00228 has used '/Observer'.
14:44:41: C17.CP-DsP.00228 has used '/Observer'.
14:44:41: C17.CP-DsP.00228 has used '/Observer'.
14:44:41: C17.CP-DsP.00228 has used '/Observer'.
14:44:41: C17.CP-DsP.00228 has used '/Observer'.
14:44:42: C17.CP-DsP.00228 has used '/Observer'.
14:44:42: C17.CP-DsP.00228 has used '/Observer'.
14:44:43: C17.CP-DsP.00228 has used '/Observer'.
14:44:44: C17.CP-DsP.00228 has used '/Observer'.
14:44:44: C17.CP-DsP.00228 has used '/Observer'.
14:44:45: C17.CP-DsP.00228 has used '/Observer'.
14:44:47: C17.CP-DsP.00228 has used '/Observer'.
14:44:47: C17.CP-DsP.00228 has used '/Observer'.
14:44:47: C17.CP-DsP.00228 has used '/Observer'.
14:44:48: C17.CP-DsP.00228 has used '/Observer'.
14:44:49: C17.CP-DsP.00228 has used '/Observer'.
14:44:50: C17.CP-DsP.00228 has used '/Observer'.
14:44:50: C17.CP-DsP.00228 has used '/Observer'.
14:44:51: C17.CP-DsP.00228 has used '/Observer'.
14:44:51: C17.CP-DsP.00228 has used '/Observer'.
14:44:51: C17.CP-DsP.00228 has used '/Observer'.
14:44:51: C17.CP-DsP.00228 has used '/Observer'.
14:44:53: C17.CP-DsP.00228 has used '/Observer'.
14:45:55: C17.CP-DsP.00228 has used '/Observer'.
14:45:56: C17.CP-DsP.00228 has used '/Observer'.
14:45:56: Hank Callison has used '/Observer'.
14:45:57: C17.CP-DsP.00228 has used '/Observer'.
14:45:57: C17.CP-DsP.00228 has used '/Observer'.
14:45:58: Hank Callison has used '/Observer'.
14:45:59: Hank Callison has used '/Observer'.
14:46:0: Hank Callison has used '/Observer'.
14:46:0: C17.CP-DsP.00228 has used '/Observer'.
14:46:1: Hank Callison has used '/Observer'.
14:46:2: C17.CP-DsP.00228 has used '/Observer'.
14:46:2: C17.CP-DsP.00228 has used '/Observer'.
14:46:2: Hank Callison has used '/Observer'.
14:46:2: C17.CP-DsP.00228 has used '/Observer'.
14:46:3: Hank Callison has used '/Observer'.
14:46:3: C17.CP-DsP.00228 has used '/Observer'.
14:46:3: C17.CP-DsP.00228 has used '/Observer'.
14:46:4: C17.CP-DsP.00228 has used '/Observer'.
14:46:4: C17.CP-DsP.00228 has used '/Observer'.
14:46:5: Hank Callison has used '/Observer'.
14:46:6: Hank Callison has used '/Observer'.
14:46:6: C17.CP-DsP.00228 has used '/Observer'.
14:46:6: C17.CP-DsP.00228 has used '/Observer'.
14:46:6: Hank Callison has used '/Observer'.
14:46:7: C17.CP-DsP.00228 has used '/Observer'.
14:46:8: C17.CP-DsP.00228 has used '/Observer'.
14:46:8: C17.CP-DsP.00228 has used '/Observer'.
14:46:8: Hank Callison has used '/Observer'.
14:46:9: Hank Callison has used '/Observer'.
14:46:9: Hank Callison has used '/Observer'.
14:46:9: C17.CP-DsP.00228 has used '/Observer'.
14:46:11: Hank Callison has used '/Observer'.
14:46:11: C17.CP-DsP.00228 has used '/Observer'.
14:46:12: Hank Callison has used '/Observer'.
14:46:13: Hank Callison has used '/Observer'.
14:46:13: Hank Callison has used '/Observer'.
14:46:15: Hank Callison has used '/Observer'.
14:46:15: Hank Callison has used '/Observer'.
14:46:16: Hank Callison has used '/Observer'.
14:46:17: Hank Callison has used '/Observer'.
14:46:18: Hank Callison has used '/Observer'.
14:46:18: Hank Callison has used '/Observer'.
14:46:19: Hank Callison has used '/Observer'.
14:46:20: Hank Callison has used '/Observer'.
14:46:22: Hank Callison has used '/Observer'.
14:46:23: Hank Callison has used '/Observer'.
14:46:24: Hank Callison has used '/Observer'.
14:46:24: Hank Callison has used '/Observer'.
14:46:25: Hank Callison has used '/Observer'.
14:46:26: Hank Callison has used '/Observer'.
14:46:27: Hank Callison has used '/Observer'.
14:46:28: Hank Callison has used '/Observer'.
14:46:28: Hank Callison has used '/Observer'.
14:46:29: Hank Callison has used '/Observer'.
14:46:32: Hank Callison has used '/Observer'.
14:46:32: Hank Callison has used '/Observer'.
14:46:35: Hank Callison has used '/Observer'.
14:46:36: Hank Callison has used '/Observer'.
14:46:44: Hank Callison has used '/Observer'.
14:46:45: Hank Callison has used '/Observer'.
14:46:45: Hank Callison has used '/Observer'.
14:46:47: Hank Callison has used '/Observer'.
14:46:47: Hank Callison has used '/Observer'.
14:46:48: Hank Callison has used '/Observer'.
14:46:49: Hank Callison has used '/Observer'.
14:46:50: Hank Callison has used '/Observer'.
14:46:50: Hank Callison has used '/Observer'.
14:46:50: Hank Callison has used '/Observer'.
14:46:51: Hank Callison has used '/Observer'.
14:46:51: Hank Callison has used '/Observer'.
14:46:52: Hank Callison has used '/Observer'.
14:46:52: Hank Callison has used '/Observer'.
14:46:52: Hank Callison has used '/Observer'.
14:46:53: Hank Callison has used '/Observer'.
14:46:53: Hank Callison has used '/Observer'.
14:46:53: Hank Callison has used '/Observer'.
14:46:54: Hank Callison has used '/Observer'.
14:46:55: Hank Callison has used '/Observer'.
14:47:12: C17.CP-DsP.00228 has used '/Observer'.
14:47:13: C17.CP-DsP.00228 has used '/Observer'.
14:47:14: C17.CP-DsP.00228 has used '/Observer'.
14:47:15: C17.CP-DsP.00228 has used '/Observer'.
14:47:17: C17.CP-DsP.00228 has used '/Observer'.
14:47:21: C17.CP-DsP.00228 has used '/Observer'.
14:47:21: C17.CP-DsP.00228 has used '/Observer'.
14:47:22: C17.CP-DsP.00228 has used '/Observer'.
14:47:23: C17.CP-DsP.00228 has used '/Observer'.
14:47:25: C17.CP-DsP.00228 has used '/Observer'.
14:47:33: Hank Callison has used '/Observer'.
14:47:33: Hank Callison has used '/Observer'.
15:3:49: C17.CP-DsP.00228 has used '/Observer'.
15:4:26: C17.CP-DsP.00228 has used '/Observer'.
15:4:26: C17.CP-DsP.00228 has used '/Observer'.
15:4:27: C17.CP-DsP.00228 has used '/Observer'.
15:4:28: C17.CP-DsP.00228 has used '/Observer'.
15:4:29: C17.CP-DsP.00228 has used '/Observer'.
15:4:29: C17.CP-DsP.00228 has used '/Observer'.
15:4:29: C17.CP-DsP.00228 has used '/Observer'.
15:4:29: C17.CP-DsP.00228 has used '/Observer'.
15:4:30: C17.CP-DsP.00228 has used '/Observer'.
15:5:10: C17.CP-DsP.00228 has used '/Observer'.
15:5:25: C17.CP-DsP.00228 has used '/Observer'.
15:5:47: C17.CP-DsP.00228 has used '/Observer'.
15:6:0: C17.CP-DsP.00228 has used '/Observer'.
15:6:3: C17.CP-DsP.00228 has used '/Observer'.
15:6:5: C17.CP-DsP.00228 has used '/Observer'.
15:6:6: C17.CP-DsP.00228 has used '/Observer'.
15:6:23: C17.CP-DsP.00228 has used '/Observer'.
15:7:28: C17.CP-DsP.00228 has used '/Observer'.
15:7:51: C17.CP-DsP.00228 has used '/Observer'.
15:7:55: C17.CP-DsP.00228 has used '/Observer'.
15:8:5: C17.CP-DsP.00228 has used '/Observer'.
15:8:6: C17.CP-DsP.00228 has used '/Observer'.
15:8:9: C17.CP-DsP.00228 has used '/Observer'.
15:8:12: C17.CP-DsP.00228 has used '/Observer'.
15:8:14: C17.CP-DsP.00228 has used '/Observer'.
15:8:15: C17.CP-DsP.00228 has used '/Observer'.
15:8:18: C17.CP-DsP.00228 has used '/Observer'.
15:8:26: C17.CP-DsP.00228 has used '/Observer'.
15:8:27: C17.CP-DsP.00228 has used '/Observer'.
15:8:30: C17.CP-DsP.00228 has used '/Observer'.
15:8:36: C17.CP-DsP.00228 has used '/Observer'.
15:8:40: C17.CP-DsP.00228 has used '/Observer'.
15:8:42: C17.CP-DsP.00228 has used '/Observer'.
15:8:47: C17.CP-DsP.00228 has used '/Observer'.
15:8:54: C17.CP-DsP.00228 has used '/Observer'.
15:8:55: C17.CP-DsP.00228 has used '/Observer'.
15:8:55: C17.CP-DsP.00228 has used '/Observer'.
15:8:56: C17.CP-DsP.00228 has used '/Observer'.
15:9:6: C17.CP-DsP.00228 has used '/Observer'.
15:9:8: C17.CP-DsP.00228 has taken damage from worldspawn.
15:9:8: C17.CP-DsP.00228 has used '/Observer'.
15:9:11: C17.CP-DsP.00228 has used '/Observer'.
15:9:28: C17.CP-DsP.00228 has used '/Observer'.
15:9:48: C17.CP-DsP.00228 has used '/Observer'.
15:9:51: C17.CP-DsP.00228 has used '/Observer'.
15:9:55: C17.CP-DsP.00228 has used '/Observer'.
15:10:38: C17.CP-DsP.00228 has used '/Observer'.
15:10:39: C17.CP-DsP.00228 has used '/Observer'.
15:10:41: C17.CP-DsP.00228 has used '/Observer'.
15:10:42: C17.CP-DsP.00228 has used '/Observer'.
15:10:42: C17.CP-DsP.00228 has lost a 9mm Pistol Bullets 1446894723.
15:10:42: C17.CP-DsP.00228 has lost a 9mm Pistol Bullets 1446894722.
15:10:42: worldspawn has killed C17.CP-DsP.00228.
15:10:52: C17.CP-DsP.00228 has gained a 9mm Pistol Bullets 1446898355.
15:10:52: C17.CP-DsP.00228 has gained a 9mm Pistol Bullets 1446898356.
15:11:3: C17.CP-DsP.00228 has used '/Observer'.
15:11:5: C17.CP-DsP.00228 has used '/Observer'.
15:13:42: C17.CP-DsP.00228 has used '/Observer'.
15:13:53: C17.CP-DsP.00228 has used '/Observer'.
15:14:17: C17.CP-DsP.00228 has used '/Observer'.
15:14:18: C17.CP-DsP.00228 has used '/Observer'.
15:14:38: C17.CP-DsP.00228 has used '/Observer'.
15:14:39: C17.CP-DsP.00228 has used '/Observer'.
15:14:40: C17.CP-DsP.00228 has used '/Observer'.
15:14:40: C17.CP-DsP.00228 has used '/Observer'.
15:14:41: C17.CP-DsP.00228 has used '/Observer'.
15:14:41: C17.CP-DsP.00228 has used '/Observer'.
15:14:42: C17.CP-DsP.00228 has used '/Observer'.
15:14:43: C17.CP-DsP.00228 has used '/Observer'.
15:14:45: C17.CP-DsP.00228 has used '/Observer'.
15:14:46: C17.CP-DsP.00228 has used '/Observer'.
15:14:47: C17.CP-DsP.00228 has used '/Observer'.
15:14:49: C17.CP-DsP.00228 has used '/Observer'.
15:14:52: C17.CP-DsP.00228 has used '/Observer'.
15:14:52: C17.CP-DsP.00228 has used '/Observer'.
15:14:53: C17.CP-DsP.00228 has used '/Observer'.
15:14:53: C17.CP-DsP.00228 has used '/Observer'.
15:14:54: C17.CP-DsP.00228 has used '/Observer'.
15:14:54: C17.CP-DsP.00228 has used '/Observer'.
15:14:55: C17.CP-DsP.00228 has used '/Observer'.
15:14:56: C17.CP-DsP.00228 has used '/Observer'.
15:15:1: C17.CP-DsP.00228 has used '/Observer'.
15:15:2: C17.CP-DsP.00228 has used '/Observer'.
15:15:3: C17.CP-DsP.00228 has used '/Observer'.
15:15:4: C17.CP-DsP.00228 has used '/Observer'.
15:15:4: C17.CP-DsP.00228 has used '/Observer'.
15:15:5: C17.CP-DsP.00228 has used '/Observer'.
15:15:18: C17.CP-DsP.00228 has used '/Observer'.
15:15:19: C17.CP-DsP.00228 has used '/Observer'.
15:15:33: C17.CP-DsP.00228 has used '/Observer'.
15:15:34: C17.CP-DsP.00228 has used '/Observer'.
15:15:41: C17.CP-DsP.00228 has used '/Observer'.
15:15:50: C17.CP-DsP.00228 has used '/Observer'.
15:15:51: C17.CP-DsP.00228 has used '/Observer'.
15:15:54: C17.CP-DsP.00228 has used '/Observer'.
15:15:55: C17.CP-DsP.00228 has taken damage from worldspawn.
15:16:0: C17.CP-DsP.00228 has used '/Observer'.
15:16:0: C17.CP-DsP.00228 has used '/Observer'.
15:16:1: C17.CP-DsP.00228 has used '/Observer'.
15:16:1: C17.CP-DsP.00228 has used '/Observer'.
15:16:2: C17.CP-DsP.00228 has used '/Observer'.
15:16:3: C17.CP-DsP.00228 has used '/Observer'.
15:16:5: C17.CP-DsP.00228 has used '/Observer'.
15:16:5: C17.CP-DsP.00228 has used '/Observer'.
15:16:6: C17.CP-DsP.00228 has used '/Observer'.
15:16:7: C17.CP-DsP.00228 has used '/Observer'.
15:16:7: C17.CP-DsP.00228 has used '/Observer'.
15:16:11: C17.CP-DsP.00228 has used '/Observer'.
15:16:11: C17.CP-DsP.00228 has used '/Observer'.
15:16:12: C17.CP-DsP.00228 has used '/Observer'.
15:16:12: C17.CP-DsP.00228 has taken damage from worldspawn.
15:16:13: C17.CP-DsP.00228 has used '/Observer'.
15:16:18: C17.CP-DsP.00228 has used '/Observer'.
15:16:18: C17.CP-DsP.00228 has used '/Observer'.
15:16:19: C17.CP-DsP.00228 has used '/Observer'.
15:16:19: C17.CP-DsP.00228 has used '/Observer'.
15:16:23: C17.CP-DsP.00228 has used '/Observer'.
15:16:23: C17.CP-DsP.00228 has used '/Observer'.
15:16:26: C17.CP-DsP.00228 has used '/Observer'.
15:16:29: C17.CP-DsP.00228 has used '/Observer'.
15:16:32: C17.CP-DsP.00228 has used '/Observer'.
15:16:40: C17.CP-DsP.00228 has used '/Observer'.
15:16:40: C17.CP-DsP.00228 has used '/Observer'.
15:16:41: C17.CP-DsP.00228 has used '/Observer'.
15:16:42: C17.CP-DsP.00228 has used '/Observer'.
15:16:42: C17.CP-DsP.00228 has used '/Observer'.
15:16:42: C17.CP-DsP.00228 has used '/Observer'.
15:16:43: C17.CP-DsP.00228 has used '/Observer'.
15:16:44: C17.CP-DsP.00228 has used '/Observer'.
15:16:44: C17.CP-DsP.00228 has used '/Observer'.
15:16:44: C17.CP-DsP.00228 has used '/Observer'.
15:16:44: C17.CP-DsP.00228 has used '/Observer'.
15:16:45: C17.CP-DsP.00228 has used '/Observer'.
15:16:45: C17.CP-DsP.00228 has used '/Observer'.
15:16:50: C17.CP-DsP.00228 has used '/Observer'.
15:16:50: C17.CP-DsP.00228 has used '/Observer'.
15:17:4: Hank Callison has used '/Observer'.
15:17:5: Hank Callison has used '/Observer'.
15:17:6: Hank Callison has used '/Observer'.
15:17:6: Hank Callison has used '/Observer'.
15:17:7: C17.CP-DsP.00228 has used '/Observer'.
15:17:11: C17.CP-DsP.00228 has used '/Observer'.
15:17:12: C17.CP-DsP.00228 has used '/Observer'.
15:17:12: C17.CP-DsP.00228 has used '/Observer'.
15:17:15: C17.CP-DsP.00228 has used '/Observer'.
15:17:15: C17.CP-DsP.00228 has used '/Observer'.
15:17:18: Hank Callison has used '/Observer'.
15:17:20: Hank Callison has used '/Observer'.
15:17:21: Hank Callison has used '/Observer'.
15:17:23: Hank Callison has used '/Observer'.
15:17:24: Hank Callison has used '/Observer'.
15:17:25: Hank Callison has used '/Observer'.
15:17:28: C17.CP-DsP.00228 has used '/Observer'.
15:17:31: Hank Callison has used '/Observer'.
15:17:32: Hank Callison has used '/Observer'.
15:17:32: Hank Callison has used '/Observer'.
15:17:33: C17.CP-DsP.00228 has used '/Observer'.
15:17:34: Hank Callison has used '/Observer'.
15:17:37: C17.CP-DsP.00228 has used '/Observer'.
15:17:39: C17.CP-DsP.00228 has used '/Observer'.
15:17:39: C17.CP-DsP.00228 has used '/Observer'.
15:17:41: C17.CP-DsP.00228 has used '/Observer'.
15:17:42: C17.CP-DsP.00228 has used '/Observer'.
15:17:43: C17.CP-DsP.00228 has used '/Observer'.
15:17:43: C17.CP-DsP.00228 has used '/Observer'.
15:17:44: C17.CP-DsP.00228 has used '/Observer'.
15:17:47: Hank Callison has used '/Observer'.
15:17:47: C17.CP-DsP.00228 has used '/Observer'.
15:17:48: C17.CP-DsP.00228 has used '/Observer'.
15:18:5: C17.CP-DsP.00228 has used '/Observer'.
15:18:29: Hank Callison has used '/Observer'.
15:18:38: Hank Callison has used '/Observer'.
15:18:39: Hank Callison has used '/Observer'.
15:18:42: Hank Callison has used '/Observer'.
15:18:42: Hank Callison has used '/Observer'.
15:18:43: Hank Callison has used '/Observer'.
15:18:53: C17.CP-DsP.00228 has used '/Observer'.
15:18:56: C17.CP-DsP.00228 has used '/Observer'.
15:18:57: C17.CP-DsP.00228 has used '/Observer'.
15:18:58: C17.CP-DsP.00228 has used '/Observer'.
15:18:58: Hank Callison has taken damage from grenade_helicopter.
15:18:58: Hank Callison has taken damage from grenade_helicopter.
15:18:58: Hank Callison has lost a Suitcase 1446893031.
15:18:58: Hank Callison has lost a Vortigaunt Anatomy 1446893626.
15:18:58: Hank Callison has lost a Vortigaunt Anatomy 1446893622.
15:18:58: Hank Callison has lost a Vortigaunt Anatomy 1446893625.
15:18:58: Hank Callison has lost a Vortigaunt Anatomy 1446893624.
15:18:58: Hank Callison has lost a Vortigaunt Anatomy 1446893623.
15:18:58: Hank Callison has lost a Синяя рубашка с бронежилетом 1446893679.
15:18:58: Hank Callison has lost a Синяя рубашка с бронежилетом 1446893675.
15:18:58: Hank Callison has lost a Синяя рубашка с бронежилетом 1446893678.
15:18:58: Hank Callison has lost a Синяя рубашка с бронежилетом 1446893677.
15:18:58: Hank Callison has lost a Синяя рубашка с бронежилетом 1446893676.
15:18:58: Hank Callison has lost a Серые джинсы 1446893686.
15:18:58: Hank Callison has lost a Серые джинсы 1446893682.
15:18:58: Hank Callison has lost a Серые джинсы 1446893685.
15:18:58: Hank Callison has lost a Серые джинсы 1446893684.
15:18:58: Hank Callison has lost a Серые джинсы 1446893683.
15:18:58: Hank Callison has lost a Backpack 1446893668.
15:18:58: Hank Callison has lost a Backpack 1446893666.
15:18:58: Hank Callison has lost a Backpack 1446893665.
15:18:58: Hank Callison has lost a Backpack 1446893664.
15:18:58: Hank Callison has lost a Backpack 1446893662.
15:18:58: Hank Callison has lost a Backpack 1446893654.
15:18:58: Hank Callison has lost a Backpack 1446893661.
15:18:58: Hank Callison has lost a Backpack 1446893660.
15:18:58: Hank Callison has lost a Backpack 1446893658.
15:18:58: Hank Callison has lost a Backpack 1446893644.
15:18:58: Hank Callison has lost a Backpack 1446893642.
15:18:58: Hank Callison has lost a Backpack 1446893646.
15:18:58: Hank Callison has lost a Backpack 1446893637.
15:18:58: Hank Callison has lost a Backpack 1446893657.
15:18:58: Hank Callison has lost a Backpack 1446893641.
15:18:58: Hank Callison has lost a Backpack 1446893640.
15:18:58: Hank Callison has lost a Backpack 1446893638.
15:18:58: Hank Callison has lost a Backpack 1446893648.
15:18:58: Hank Callison has lost a Backpack 1446893649.
15:18:58: Hank Callison has lost a Backpack 1446893650.
15:18:58: Hank Callison has lost a Backpack 1446893645.
15:18:58: Hank Callison has lost a Backpack 1446893656.
15:18:58: Hank Callison has lost a Backpack 1446893652.
15:18:58: Hank Callison has lost a Backpack 1446893653.
15:18:58: grenade_helicopter has killed Hank Callison.
15:18:59: C17.CP-DsP.00228 has used '/Observer'.
15:19:0: C17.CP-DsP.00228 has used '/Observer'.
15:19:0: C17.CP-DsP.00228 has used '/Observer'.
15:19:1: C17.CP-DsP.00228 has used '/Observer'.
15:19:1: C17.CP-DsP.00228 has used '/Observer'.
15:19:12: Hank Callison has used '/Observer'.
15:19:14: C17.CP-DsP.00228 has used '/Observer'.
15:19:15: C17.CP-DsP.00228 has used '/Observer'.
15:19:17: C17.CP-DsP.00228 has used '/Observer'.
15:19:17: C17.CP-DsP.00228 has used '/Observer'.
15:19:17: C17.CP-DsP.00228 has used '/Observer'.
15:19:19: C17.CP-DsP.00228 has used '/Observer'.
15:19:20: C17.CP-DsP.00228 has used '/Observer'.
15:19:20: C17.CP-DsP.00228 has used '/Observer'.
15:19:21: C17.CP-DsP.00228 has used '/Observer'.
15:19:22: Hank Callison has used '/Observer'.
15:19:22: C17.CP-DsP.00228 has used '/Observer'.
15:19:22: C17.CP-DsP.00228 has used '/Observer'.
15:19:22: Hank Callison has used '/Observer'.
15:19:25: C17.CP-DsP.00228 has used '/Observer'.
15:19:25: C17.CP-DsP.00228 has used '/Observer'.
15:19:28: C17.CP-DsP.00228 has used '/Observer'.
15:19:29: C17.CP-DsP.00228 has used '/Observer'.
15:19:30: Hank Callison has used '/Observer'.
15:19:31: C17.CP-DsP.00228 has used '/Observer'.
15:19:31: Hank Callison has used '/Observer'.
15:19:34: Hank Callison has used '/Observer'.
15:19:34: Hank Callison has used '/Observer'.
15:19:35: Hank Callison has used '/Observer'.
15:19:35: Hank Callison has used '/Observer'.
15:19:36: Hank Callison has used '/Observer'.
15:19:36: Hank Callison has used '/Observer'.
15:19:38: C17.CP-DsP.00228 has used '/Observer'.
15:19:38: Hank Callison has used '/Observer'.
15:19:39: Hank Callison has used '/Observer'.
15:19:39: C17.CP-DsP.00228 has used '/Observer'.
15:19:39: C17.CP-DsP.00228 has used '/Observer'.
15:19:40: Hank Callison has used '/Observer'.
15:19:40: Hank Callison has used '/Observer'.
15:19:42: C17.CP-DsP.00228 has lost a 9mm Pistol Bullets 1446898356.
15:19:42: C17.CP-DsP.00228 has lost a 9mm Pistol Bullets 1446898355.
15:19:42: worldspawn has killed C17.CP-DsP.00228.
15:19:43: Hank Callison has used '/Observer'.
15:19:43: Hank Callison has used '/Observer'.
15:19:44: Hank Callison has used '/Observer'.
15:19:44: Hank Callison has used '/Observer'.
15:19:45: Hank Callison has used '/Observer'.
15:19:45: Hank Callison has used '/Observer'.
15:19:49: Hank Callison has used '/Observer'.
15:19:49: Hank Callison has used '/Observer'.
15:19:51: C17.CP-DsP.00228 has gained a 9mm Pistol Bullets 1446898896.
15:19:51: C17.CP-DsP.00228 has gained a 9mm Pistol Bullets 1446898897.
15:19:52: Hank Callison has used '/Observer'.
15:19:53: Hank Callison has used '/Observer'.
15:19:53: C17.CP-DsP.00228 has used '/Observer'.
15:19:55: Hank Callison has used '/Observer'.
15:20:1: C17.CP-DsP.00228 has used '/Observer'.
15:20:1: C17.CP-DsP.00228 has used '/Observer'.
15:20:3: C17.CP-DsP.00228 has used '/Observer'.
15:20:4: C17.CP-DsP.00228 has used '/Observer'.
15:20:4: C17.CP-DsP.00228 has used '/Observer'.
15:20:5: C17.CP-DsP.00228 has used '/Observer'.
15:20:6: Hank Callison has used '/Observer'.
15:20:7: Hank Callison has used '/Observer'.
15:20:7: C17.CP-DsP.00228 has used '/Observer'.
15:20:9: Hank Callison has used '/Observer'.
15:20:12: Hank Callison has used '/Observer'.
15:20:13: C17.CP-DsP.00228 has used '/Observer'.
15:20:13: Hank Callison has used '/Observer'.
15:20:28: Hank Callison has used '/Observer'.
15:20:29: Hank Callison has used '/Observer'.
15:20:29: Hank Callison has used '/Observer'.
15:20:33: C17.CP-DsP.00228 has used '/Observer'.
15:20:36: Hank Callison has used '/Observer'.
15:20:36: C17.CP-DsP.00228 has used '/Observer'.
15:20:44: Hank Callison has used '/Observer'.
15:20:44: Hank Callison has used '/Observer'.
15:20:48: Hank Callison has used '/Observer'.
15:20:48: Hank Callison has used '/Observer'.
15:20:53: C17.CP-DsP.00228 has used '/Observer'.
15:20:53: C17.CP-DsP.00228 has used '/Observer'.
15:20:54: C17.CP-DsP.00228 has used '/Observer'.
15:20:54: C17.CP-DsP.00228 has used '/Observer'.
15:20:57: C17.CP-DsP.00228 has used '/Observer'.
15:20:57: C17.CP-DsP.00228 has used '/Observer'.
15:20:58: C17.CP-DsP.00228 has used '/Observer'.
15:20:58: C17.CP-DsP.00228 has used '/Observer'.
15:21:0: Hank Callison has used '/Observer'.
15:21:1: Hank Callison has used '/Observer'.
15:21:1: Hank Callison has used '/Observer'.
15:21:1: Hank Callison has used '/Observer'.
15:21:4: Hank Callison has used '/Observer'.
15:21:4: Hank Callison has used '/Observer'.
15:21:14: C17.CP-DsP.00228 has used '/Observer'.
15:21:15: C17.CP-DsP.00228 has used '/Observer'.
15:21:26: Hank Callison has used '/Observer'.
15:21:26: C17.CP-DsP.00228 has used '/Observer'.
15:21:26: C17.CP-DsP.00228 has used '/Observer'.
15:21:27: Hank Callison has used '/Observer'.
15:21:27: C17.CP-DsP.00228 has used '/Observer'.
15:21:28: C17.CP-DsP.00228 has used '/Observer'.
15:21:36: C17.CP-DsP.00228 has used '/Observer'.
15:21:36: C17.CP-DsP.00228 has used '/Observer'.
15:21:37: C17.CP-DsP.00228 has used '/Observer'.
15:21:37: C17.CP-DsP.00228 has used '/Observer'.
15:21:39: Hank Callison has used '/Observer'.
15:22:6: Hank Callison has used '/Observer'.
15:22:7: Hank Callison has used '/Observer'.
15:22:7: Hank Callison has used '/Observer'.
15:22:9: Hank Callison has used '/Observer'.
15:22:11: Hank Callison has used '/Observer'.
15:22:16: Hank Callison has used '/Observer'.
15:22:16: Hank Callison has used '/Observer'.
15:22:17: Hank Callison has used '/Observer'.
15:22:17: Hank Callison has used '/Observer'.
15:22:19: Hank Callison has used '/Observer'.
15:22:19: Hank Callison has used '/Observer'.
15:22:22: Hank Callison has used '/Observer'.
15:22:22: Hank Callison has used '/Observer'.
15:22:26: Hank Callison has used '/Observer'.
15:22:27: Hank Callison has used '/Observer'.
15:22:38: Hank Callison has used '/Observer'.
15:22:39: Hank Callison has used '/Observer'.
15:22:54: C17.CP-DsP.00228 has used '/Observer'.
15:22:54: C17.CP-DsP.00228 has used '/Observer'.
15:22:55: Hank Callison has used '/Observer'.
15:22:56: Hank Callison has used '/Observer'.
15:22:56: Hank Callison has used '/Observer'.
15:22:57: Hank Callison has used '/Observer'.
15:22:57: C17.CP-DsP.00228 has used '/Observer'.
15:22:57: Hank Callison has used '/Observer'.
15:22:58: C17.CP-DsP.00228 has used '/Observer'.
15:22:58: Hank Callison has used '/Observer'.
15:22:58: Hank Callison has used '/Observer'.
15:22:59: Hank Callison has used '/Observer'.
15:22:59: Hank Callison has used '/Observer'.
15:23:0: Hank Callison has used '/Observer'.
15:23:1: Hank Callison has used '/Observer'.
15:23:2: Hank Callison has used '/Observer'.
15:23:2: Hank Callison has used '/Observer'.
15:23:3: Hank Callison has used '/Observer'.
15:23:3: Hank Callison has used '/Observer'.
15:23:5: Hank Callison has used '/Observer'.
15:23:5: Hank Callison has used '/Observer'.
15:23:8: Hank Callison has used '/Observer'.
15:23:13: Hank Callison has used '/Observer'.
15:23:14: Hank Callison has used '/Observer'.
15:23:15: Hank Callison has used '/Observer'.
15:23:16: Hank Callison has used '/Observer'.
15:23:16: C17.CP-DsP.00228 has used '/Observer'.
15:23:17: Hank Callison has used '/Observer'.
15:23:18: Hank Callison has used '/Observer'.
15:23:21: C17.CP-DsP.00228 has used '/Observer'.
15:23:32: C17.CP-DsP.00228 has used '/Observer'.
15:23:33: C17.CP-DsP.00228 has used '/Observer'.
15:23:37: Hank Callison has used '/Observer'.
15:23:38: Hank Callison has used '/Observer'.
15:23:39: Hank Callison has used '/Observer'.
15:23:50: Hank Callison has used '/Observer'.
15:23:50: Hank Callison has used '/Observer'.
15:23:51: Hank Callison has used '/Observer'.
15:23:57: C17.CP-DsP.00228 has used '/Observer'.
15:23:57: C17.CP-DsP.00228 has used '/Observer'.
15:24:0: C17.CP-DsP.00228 has used '/Observer'.
15:24:0: C17.CP-DsP.00228 has used '/Observer'.
15:24:2: Hank Callison has used '/Observer'.
15:24:3: Hank Callison has used '/Observer'.
15:24:4: Hank Callison has used '/Observer'.
15:24:6: Hank Callison has used '/Observer'.
15:24:6: C17.CP-DsP.00228 has used '/Observer'.
15:24:9: Hank Callison has used '/Observer'.
15:24:10: Hank Callison has used '/Observer'.
15:24:16: C17.CP-DsP.00228 has used '/Observer'.
15:24:19: C17.CP-DsP.00228 has used '/Observer'.
15:24:19: C17.CP-DsP.00228 has used '/Observer'.
15:24:22: Hank Callison has used '/Observer'.
15:24:24: Hank Callison has used '/Observer'.
15:24:24: Hank Callison has used '/Observer'.
15:24:24: Hank Callison has used '/Observer'.
15:24:27: Hank Callison has used '/Observer'.
15:24:27: C17.CP-DsP.00228 has used '/Observer'.
15:24:28: C17.CP-DsP.00228 has used '/Observer'.
15:24:28: Hank Callison has used '/Observer'.
15:24:30: Hank Callison has used '/Observer'.
15:24:31: C17.CP-DsP.00228 has used '/Observer'.
15:24:32: C17.CP-DsP.00228 has used '/Observer'.
15:24:33: C17.CP-DsP.00228 has used '/Observer'.
15:24:34: C17.CP-DsP.00228 has used '/Observer'.
15:24:34: C17.CP-DsP.00228 has used '/Observer'.
15:24:34: C17.CP-DsP.00228 has used '/Observer'.
15:24:52: C17.CP-DsP.00228 has used '/Observer'.
15:24:53: Hank Callison has used '/Observer'.
15:24:54: Hank Callison has used '/Observer'.
15:24:55: C17.CP-DsP.00228 has used '/Observer'.
15:24:56: Hank Callison has used '/Observer'.
15:24:58: Hank Callison has used '/Observer'.
15:24:59: Hank Callison has used '/Observer'.
15:25:0: C17.CP-DsP.00228 has used '/Observer'.
15:25:1: C17.CP-DsP.00228 has used '/Observer'.
15:25:2: Hank Callison has used '/Observer'.
15:25:9: Hank Callison has used '/Observer'.
15:25:15: Hank Callison has used '/Observer'.
15:25:16: Hank Callison has used '/Observer'.
15:25:17: Hank Callison has used '/Observer'.
15:25:18: Hank Callison has used '/Observer'.
15:25:20: Hank Callison has used '/Observer'.
15:25:20: Hank Callison has used '/Observer'.
15:25:21: Hank Callison has used '/Observer'.
15:25:21: Hank Callison has used '/Observer'.
15:25:34: Hank Callison has used '/Observer'.
15:25:35: Hank Callison has used '/Observer'.
15:25:40: Hank Callison has used '/Observer'.
15:25:40: Hank Callison has used '/Observer'.
15:25:41: C17.CP-DsP.00228 has used '/Observer'.
15:25:44: C17.CP-DsP.00228 has used '/Observer'.
15:25:44: C17.CP-DsP.00228 has used '/Observer'.
15:25:46: Hank Callison has used '/Observer'.
15:25:46: C17.CP-DsP.00228 has used '/Observer'.
15:25:46: C17.CP-DsP.00228 has used '/Observer'.
15:25:46: Hank Callison has used '/Observer'.
15:25:47: Hank Callison has used '/Observer'.
15:25:48: Hank Callison has used '/Observer'.
15:25:49: Hank Callison has used '/Observer'.
15:25:49: Hank Callison has used '/Observer'.
15:25:49: C17.CP-DsP.00228 has used '/Observer'.
15:25:50: Hank Callison has used '/Observer'.
15:25:50: Hank Callison has used '/Observer'.
15:25:53: Hank Callison has used '/Observer'.
15:25:53: Hank Callison has used '/Observer'.
15:25:54: Hank Callison has used '/Observer'.
15:25:56: Hank Callison has used '/Observer'.
15:25:58: C17.CP-DsP.00228 has used '/Observer'.
15:25:59: C17.CP-DsP.00228 has used '/Observer'.
15:26:0: C17.CP-DsP.00228 has used '/Observer'.
15:26:0: C17.CP-DsP.00228 has used '/Observer'.
15:26:1: C17.CP-DsP.00228 has used '/Observer'.
15:26:1: C17.CP-DsP.00228 has used '/Observer'.
15:26:8: Hank Callison has used '/Observer'.
15:26:9: Hank Callison has used '/Observer'.
15:26:12: Hank Callison has used '/Observer'.
15:26:12: C17.CP-DsP.00228 has used '/Observer'.
15:26:12: C17.CP-DsP.00228 has used '/Observer'.
15:26:13: Hank Callison has used '/Observer'.
15:26:13: C17.CP-DsP.00228 has used '/Observer'.
15:26:13: C17.CP-DsP.00228 has used '/Observer'.
15:26:14: Hank Callison has used '/Observer'.
15:26:14: C17.CP-DsP.00228 has used '/Observer'.
15:26:15: C17.CP-DsP.00228 has used '/Observer'.
15:26:15: C17.CP-DsP.00228 has used '/Observer'.
15:26:18: C17.CP-DsP.00228 has used '/Observer'.
15:26:19: Hank Callison has used '/Observer'.
15:26:19: C17.CP-DsP.00228 has used '/Observer'.
15:26:23: C17.CP-DsP.00228 has used '/Observer'.
15:26:23: Hank Callison has used '/Observer'.
15:26:23: C17.CP-DsP.00228 has used '/Observer'.
15:26:27: C17.CP-DsP.00228 has used '/Observer'.
15:26:27: C17.CP-DsP.00228 has used '/Observer'.
15:26:29: Hank Callison has used '/Observer'.
15:26:29: Hank Callison has used '/Observer'.
15:26:30: C17.CP-DsP.00228 has used '/Observer'.
15:26:34: C17.CP-DsP.00228 has used '/Observer'.
15:26:34: C17.CP-DsP.00228 has used '/Observer'.
15:26:35: C17.CP-DsP.00228 has used '/Observer'.
15:26:35: C17.CP-DsP.00228 has used '/Observer'.
15:26:35: C17.CP-DsP.00228 has used '/Observer'.
15:26:36: C17.CP-DsP.00228 has used '/Observer'.
15:26:36: C17.CP-DsP.00228 has used '/Observer'.
15:26:36: Hank Callison has used '/Observer'.
15:26:37: C17.CP-DsP.00228 has used '/Observer'.
15:26:37: Hank Callison has used '/Observer'.
15:26:40: Hank Callison has used '/Observer'.
15:26:41: C17.CP-DsP.00228 has used '/Observer'.
15:26:41: Hank Callison has used '/Observer'.
15:26:42: Hank Callison has used '/Observer'.
15:26:43: Hank Callison has used '/Observer'.
15:26:44: C17.CP-DsP.00228 has used '/Observer'.
15:26:44: Hank Callison has used '/Observer'.
15:26:44: C17.CP-DsP.00228 has used '/Observer'.
15:26:46: Hank Callison has used '/Observer'.
15:26:47: C17.CP-DsP.00228 has used '/Observer'.
15:26:59: C17.CP-DsP.00228 has used '/Observer'.
15:27:0: C17.CP-DsP.00228 has used '/Observer'.
15:27:0: C17.CP-DsP.00228 has used '/Observer'.
15:27:2: C17.CP-DsP.00228 has used '/Observer'.
15:27:2: Hank Callison has used '/Observer'.
15:27:2: C17.CP-DsP.00228 has used '/Observer'.
15:27:3: C17.CP-DsP.00228 has used '/Observer'.
15:27:3: C17.CP-DsP.00228 has used '/Observer'.
15:27:4: C17.CP-DsP.00228 has used '/Observer'.
15:27:5: C17.CP-DsP.00228 has used '/Observer'.
15:27:5: C17.CP-DsP.00228 has used '/Observer'.
15:27:6: C17.CP-DsP.00228 has used '/Observer'.
15:27:6: C17.CP-DsP.00228 has used '/Observer'.
15:27:7: Hank Callison has used '/Observer'.
15:27:8: Hank Callison has used '/Observer'.
15:27:8: Hank Callison has used '/Observer'.
15:27:9: C17.CP-DsP.00228 has used '/Observer'.
15:27:9: C17.CP-DsP.00228 has used '/Observer'.
15:27:12: C17.CP-DsP.00228 has used '/Observer'.
15:27:12: C17.CP-DsP.00228 has used '/Observer'.
15:27:13: C17.CP-DsP.00228 has used '/Observer'.
15:27:13: C17.CP-DsP.00228 has used '/Observer'.
15:27:15: C17.CP-DsP.00228 has used '/Observer'.
15:27:16: C17.CP-DsP.00228 has used '/Observer'.
15:27:22: C17.CP-DsP.00228 has used '/Observer'.
15:27:22: C17.CP-DsP.00228 has used '/Observer'.
15:27:22: C17.CP-DsP.00228 has used '/Observer'.
15:27:23: C17.CP-DsP.00228 has used '/Observer'.
15:27:25: Hank Callison has used '/Observer'.
15:27:26: Hank Callison has used '/Observer'.
15:27:27: Hank Callison has used '/Observer'.
15:27:28: Hank Callison has used '/Observer'.
15:27:29: Hank Callison has used '/Observer'.
15:27:30: Hank Callison has used '/Observer'.
15:27:31: Hank Callison has used '/Observer'.
15:27:33: Hank Callison has used '/Observer'.
15:27:33: Hank Callison has used '/Observer'.
15:27:34: Hank Callison has used '/Observer'.
15:27:38: Hank Callison has used '/Observer'.
15:27:39: Hank Callison has used '/Observer'.
15:27:39: Hank Callison has used '/Observer'.
15:27:44: Hank Callison has used '/Observer'.
15:27:47: Hank Callison has used '/Observer'.
15:27:48: Hank Callison has used '/Observer'.
15:27:49: Hank Callison has used '/Observer'.
15:28:3: Hank Callison has used '/Observer'.
15:28:11: Hank Callison has used '/Observer'.
15:28:13: Hank Callison has used '/Observer'.
15:28:17: Hank Callison has used '/Observer'.
15:28:20: Hank Callison has used '/Observer'.
15:28:20: Hank Callison has used '/Observer'.
15:28:21: Hank Callison has used '/Observer'.
15:28:22: Hank Callison has used '/Observer'.
15:28:23: Hank Callison has used '/Observer'.
15:28:24: Hank Callison has used '/Observer'.
15:28:25: Hank Callison has used '/Observer'.
15:28:31: Hank Callison has used '/Observer'.
15:28:32: Hank Callison has used '/Observer'.
15:28:33: C17.CP-DsP.00228 has used '/Observer'.
15:28:33: C17.CP-DsP.00228 has used '/Observer'.
15:28:34: C17.CP-DsP.00228 has used '/Observer'.
15:28:35: C17.CP-DsP.00228 has used '/Observer'.
15:28:35: C17.CP-DsP.00228 has used '/Observer'.
15:28:36: C17.CP-DsP.00228 has used '/Observer'.
15:28:38: C17.CP-DsP.00228 has used '/Observer'.
15:28:40: C17.CP-DsP.00228 has used '/Observer'.
15:28:41: C17.CP-DsP.00228 has used '/Observer'.
15:28:41: C17.CP-DsP.00228 has used '/Observer'.
15:28:42: C17.CP-DsP.00228 has used '/Observer'.
15:28:43: C17.CP-DsP.00228 has used '/Observer'.
15:28:43: Hank Callison has used '/Observer'.
15:28:44: Hank Callison has used '/Observer'.
15:28:45: C17.CP-DsP.00228 has used '/Observer'.
15:28:45: C17.CP-DsP.00228 has used '/Observer'.
15:28:46: C17.CP-DsP.00228 has used '/Observer'.
15:28:46: C17.CP-DsP.00228 has used '/Observer'.
15:28:58: Hank Callison has used '/Observer'.
15:29:0: Hank Callison has used '/Observer'.
15:29:1: Hank Callison has used '/Observer'.
15:29:1: C17.CP-DsP.00228 has used '/Observer'.
15:29:1: Hank Callison has used '/Observer'.
15:29:2: C17.CP-DsP.00228 has used '/Observer'.
15:29:3: Hank Callison has used '/Observer'.
15:29:3: C17.CP-DsP.00228 has used '/Observer'.
15:29:4: C17.CP-DsP.00228 has used '/Observer'.
15:29:6: Hank Callison has used '/Observer'.
15:29:7: Hank Callison has used '/Observer'.
15:29:7: C17.CP-DsP.00228 has used '/Observer'.
15:29:8: C17.CP-DsP.00228 has used '/Observer'.
15:29:8: C17.CP-DsP.00228 has used '/Observer'.
15:29:9: Hank Callison has used '/Observer'.
15:29:9: C17.CP-DsP.00228 has used '/Observer'.
15:29:10: C17.CP-DsP.00228 has used '/Observer'.
15:29:11: C17.CP-DsP.00228 has used '/Observer'.
15:29:19: Hank Callison has used '/Observer'.
15:29:20: Hank Callison has used '/Observer'.
15:29:25: C17.CP-DsP.00228 has used '/Observer'.
15:29:26: C17.CP-DsP.00228 has used '/Observer'.
15:29:29: C17.CP-DsP.00228 has used '/Observer'.
15:29:30: C17.CP-DsP.00228 has used '/Observer'.
15:29:30: C17.CP-DsP.00228 has used '/Observer'.
15:29:31: C17.CP-DsP.00228 has used '/Observer'.
15:29:33: Hank Callison has used '/Observer'.
15:29:34: Hank Callison has used '/Observer'.
15:29:35: C17.CP-DsP.00228 has used '/Observer'.
15:29:40: C17.CP-DsP.00228 has used '/Observer'.
15:29:40: C17.CP-DsP.00228 has used '/Observer'.
15:29:41: C17.CP-DsP.00228 has used '/Observer'.
15:29:42: C17.CP-DsP.00228 has used '/Observer'.
15:29:43: C17.CP-DsP.00228 has used '/Observer'.
15:29:44: Hank Callison has used '/Observer'.
15:29:44: C17.CP-DsP.00228 has used '/Observer'.
15:29:45: Hank Callison has used '/Observer'.
15:29:45: Hank Callison has used '/Observer'.
15:29:46: Hank Callison has used '/Observer'.
15:29:46: C17.CP-DsP.00228 has used '/Observer'.
15:29:47: C17.CP-DsP.00228 has used '/Observer'.
15:29:47: Hank Callison has used '/Observer'.
15:29:48: C17.CP-DsP.00228 has used '/Observer'.
15:29:48: C17.CP-DsP.00228 has used '/Observer'.
15:29:48: Hank Callison has used '/Observer'.
15:29:49: C17.CP-DsP.00228 has used '/Observer'.
15:29:49: C17.CP-DsP.00228 has used '/Observer'.
15:29:50: C17.CP-DsP.00228 has used '/Observer'.
15:29:50: C17.CP-DsP.00228 has used '/Observer'.
15:29:52: C17.CP-DsP.00228 has used '/Observer'.
15:29:52: C17.CP-DsP.00228 has used '/Observer'.
15:29:53: C17.CP-DsP.00228 has used '/Observer'.
15:29:54: C17.CP-DsP.00228 has used '/Observer'.
15:29:54: Hank Callison has used '/Observer'.
15:29:55: C17.CP-DsP.00228 has used '/Observer'.
15:29:56: Hank Callison has used '/Observer'.
15:29:57: C17.CP-DsP.00228 has used '/Observer'.
15:30:0: C17.CP-DsP.00228 has used '/Observer'.
15:30:0: C17.CP-DsP.00228 has used '/Observer'.
15:30:1: C17.CP-DsP.00228 has used '/Observer'.
15:30:1: C17.CP-DsP.00228 has used '/Observer'.
15:30:3: C17.CP-DsP.00228 has used '/Observer'.
15:30:3: C17.CP-DsP.00228 has used '/Observer'.
15:30:4: C17.CP-DsP.00228 has used '/Observer'.
15:30:5: C17.CP-DsP.00228 has used '/Observer'.
15:30:5: C17.CP-DsP.00228 has used '/Observer'.
15:30:5: Hank Callison has used '/Observer'.
15:30:6: C17.CP-DsP.00228 has used '/Observer'.
15:30:6: C17.CP-DsP.00228 has used '/Observer'.
15:30:6: C17.CP-DsP.00228 has used '/Observer'.
15:30:6: Hank Callison has used '/Observer'.
15:30:8: C17.CP-DsP.00228 has used '/Observer'.
15:30:8: Hank Callison has used '/Observer'.
15:30:9: C17.CP-DsP.00228 has used '/Observer'.
15:30:9: C17.CP-DsP.00228 has used '/Observer'.
15:30:9: C17.CP-DsP.00228 has used '/Observer'.
15:30:10: Hank Callison has used '/Observer'.
15:30:11: C17.CP-DsP.00228 has used '/Observer'.
15:30:12: C17.CP-DsP.00228 has used '/Observer'.
15:30:12: C17.CP-DsP.00228 has used '/Observer'.
15:30:12: C17.CP-DsP.00228 has used '/Observer'.
15:30:17: Hank Callison has used '/Observer'.
15:30:18: Hank Callison has used '/Observer'.
15:30:19: Hank Callison has used '/Observer'.
15:30:24: Hank Callison has used '/Observer'.
15:30:25: Hank Callison has used '/Observer'.
15:30:36: Hank Callison has used '/Observer'.
15:30:39: Hank Callison has used '/Observer'.
15:30:41: Hank Callison has used '/Observer'.
15:30:42: Hank Callison has used '/Observer'.
15:30:43: Hank Callison has used '/Observer'.
15:30:44: Hank Callison has used '/Observer'.
15:30:46: Hank Callison has used '/Observer'.
15:30:46: Hank Callison has used '/Observer'.
15:30:47: Hank Callison has used '/Observer'.
15:30:47: C17.CP-DsP.00228 has used '/Observer'.
15:30:47: Hank Callison has used '/Observer'.
15:30:48: C17.CP-DsP.00228 has used '/Observer'.
15:30:48: C17.CP-DsP.00228 has used '/Observer'.
15:30:48: C17.CP-DsP.00228 has used '/Observer'.
15:30:50: C17.CP-DsP.00228 has used '/Observer'.
15:30:52: C17.CP-DsP.00228 has used '/Observer'.
15:30:53: C17.CP-DsP.00228 has used '/Observer'.
15:30:53: C17.CP-DsP.00228 has used '/Observer'.
15:30:55: C17.CP-DsP.00228 has used '/Observer'.
15:30:55: C17.CP-DsP.00228 has used '/Observer'.
15:30:55: C17.CP-DsP.00228 has used '/Observer'.
15:30:56: C17.CP-DsP.00228 has used '/Observer'.
15:30:56: Hank Callison has used '/Observer'.
15:30:57: C17.CP-DsP.00228 has used '/Observer'.
15:30:57: C17.CP-DsP.00228 has used '/Observer'.
15:30:58: Hank Callison has used '/Observer'.
15:30:58: C17.CP-DsP.00228 has used '/Observer'.
15:30:59: C17.CP-DsP.00228 has used '/Observer'.
15:30:59: Hank Callison has used '/Observer'.
15:31:0: Hank Callison has used '/Observer'.
15:31:0: C17.CP-DsP.00228 has used '/Observer'.
15:31:3: Hank Callison has used '/Observer'.
15:31:3: C17.CP-DsP.00228 has used '/Observer'.
15:31:5: Hank Callison has used '/Observer'.
15:31:5: C17.CP-DsP.00228 has used '/Observer'.
15:31:5: C17.CP-DsP.00228 has used '/Observer'.
15:31:6: Hank Callison has used '/Observer'.
15:31:6: Hank Callison has taken damage from worldspawn.
15:31:8: Hank Callison has used '/Observer'.
15:31:9: Hank Callison has used '/Observer'.
15:31:11: Hank Callison has used '/Observer'.
15:31:12: Hank Callison has used '/Observer'.
15:31:25: C17.CP-DsP.00228 has used '/Observer'.
15:31:26: C17.CP-DsP.00228 has used '/Observer'.
15:31:28: C17.CP-DsP.00228 has used '/Observer'.
15:31:29: C17.CP-DsP.00228 has used '/Observer'.
15:31:29: C17.CP-DsP.00228 has used '/Observer'.
15:31:30: C17.CP-DsP.00228 has used '/Observer'.
15:31:30: C17.CP-DsP.00228 has used '/Observer'.
15:31:31: C17.CP-DsP.00228 has used '/Observer'.
15:31:32: C17.CP-DsP.00228 has used '/Observer'.
15:31:32: C17.CP-DsP.00228 has used '/Observer'.
15:31:33: C17.CP-DsP.00228 has used '/Observer'.
15:31:33: C17.CP-DsP.00228 has used '/Observer'.
15:31:34: C17.CP-DsP.00228 has used '/Observer'.
15:31:34: C17.CP-DsP.00228 has used '/Observer'.
15:31:35: Hank Callison has used '/Observer'.
15:31:35: C17.CP-DsP.00228 has used '/Observer'.
15:31:36: C17.CP-DsP.00228 has used '/Observer'.
15:31:36: Hank Callison has used '/Observer'.
15:31:37: C17.CP-DsP.00228 has used '/Observer'.
15:31:37: C17.CP-DsP.00228 has used '/Observer'.
15:31:37: Hank Callison has used '/Observer'.
15:31:38: C17.CP-DsP.00228 has used '/Observer'.
15:31:39: Hank Callison has used '/Observer'.
15:31:40: C17.CP-DsP.00228 has used '/Observer'.
15:31:41: C17.CP-DsP.00228 has used '/Observer'.
15:31:41: C17.CP-DsP.00228 has used '/Observer'.
15:31:44: C17.CP-DsP.00228 has used '/Observer'.
15:31:45: C17.CP-DsP.00228 has used '/Observer'.
15:31:45: C17.CP-DsP.00228 has used '/Observer'.
15:31:46: C17.CP-DsP.00228 has used '/Observer'.
15:31:46: C17.CP-DsP.00228 has used '/Observer'.
15:31:47: C17.CP-DsP.00228 has used '/Observer'.
15:31:48: C17.CP-DsP.00228 has used '/Observer'.
15:31:48: C17.CP-DsP.00228 has used '/Observer'.
15:31:49: C17.CP-DsP.00228 has used '/Observer'.
15:31:54: C17.CP-DsP.00228 has used '/Observer'.
15:31:54: C17.CP-DsP.00228 has used '/Observer'.
15:31:55: C17.CP-DsP.00228 has used '/Observer'.
15:31:56: C17.CP-DsP.00228 has used '/Observer'.
15:31:56: C17.CP-DsP.00228 has used '/Observer'.
15:31:56: C17.CP-DsP.00228 has used '/Observer'.
15:31:57: C17.CP-DsP.00228 has used '/Observer'.
15:32:3: Hank Callison has used '/Observer'.
15:32:6: C17.CP-DsP.00228 has used '/Observer'.
15:32:6: C17.CP-DsP.00228 has used '/Observer'.
15:32:7: C17.CP-DsP.00228 has used '/Observer'.
15:32:7: C17.CP-DsP.00228 has used '/Observer'.
15:32:8: C17.CP-DsP.00228 has used '/Observer'.
15:32:9: C17.CP-DsP.00228 has used '/Observer'.
15:32:10: C17.CP-DsP.00228 has used '/Observer'.
15:32:11: C17.CP-DsP.00228 has used '/Observer'.
15:32:12: C17.CP-DsP.00228 has used '/Observer'.
15:32:12: C17.CP-DsP.00228 has used '/Observer'.
15:32:13: C17.CP-DsP.00228 has used '/Observer'.
15:32:14: C17.CP-DsP.00228 has used '/Observer'.
15:32:15: Hank Callison has used '/Observer'.
15:32:15: C17.CP-DsP.00228 has used '/Observer'.
15:32:16: C17.CP-DsP.00228 has used '/Observer'.
15:32:16: Hank Callison has used '/Observer'.
15:32:17: C17.CP-DsP.00228 has used '/Observer'.
15:32:17: C17.CP-DsP.00228 has used '/Observer'.
15:32:18: Hank Callison has used '/Observer'.
15:32:22: Hank Callison has used '/Observer'.
15:32:22: Hank Callison has used '/Observer'.
15:32:23: Hank Callison has used '/Observer'.
15:32:31: Hank Callison has used '/Observer'.
15:32:38: Hank Callison has used '/Observer'.
15:32:39: Hank Callison has used '/Observer'.
15:32:40: C17.CP-DsP.00228 has used '/Observer'.
15:32:41: C17.CP-DsP.00228 has used '/Observer'.
15:32:42: C17.CP-DsP.00228 has used '/Observer'.
15:32:43: Hank Callison has used '/Observer'.
15:32:43: C17.CP-DsP.00228 has used '/Observer'.
15:32:43: C17.CP-DsP.00228 has used '/Observer'.
15:32:44: Hank Callison has used '/Observer'.
15:32:44: C17.CP-DsP.00228 has used '/Observer'.
15:32:44: Hank Callison has used '/Observer'.
15:32:45: C17.CP-DsP.00228 has used '/Observer'.
15:32:45: C17.CP-DsP.00228 has used '/Observer'.
15:32:45: Hank Callison has used '/Observer'.
15:32:46: Hank Callison has used '/Observer'.
15:32:46: Hank Callison has used '/Observer'.
15:32:47: Hank Callison has used '/Observer'.
15:32:47: C17.CP-DsP.00228 has used '/Observer'.
15:32:47: Hank Callison has used '/Observer'.
15:32:48: Hank Callison has used '/Observer'.
15:32:48: Hank Callison has used '/Observer'.
15:32:49: C17.CP-DsP.00228 has used '/Observer'.
15:32:49: Hank Callison has used '/Observer'.
15:32:51: Hank Callison has used '/Observer'.
15:32:53: Hank Callison has used '/Observer'.
15:32:55: C17.CP-DsP.00228 has used '/Observer'.
15:32:56: C17.CP-DsP.00228 has used '/Observer'.
15:32:56: Hank Callison has used '/Observer'.
15:32:56: Hank Callison has used '/Observer'.
15:32:57: Hank Callison has used '/Observer'.
15:32:58: Hank Callison has used '/Observer'.
15:33:5: Hank Callison has used '/Observer'.
15:33:5: Hank Callison has used '/Observer'.
15:33:6: Hank Callison has used '/Observer'.
15:33:7: Hank Callison has used '/Observer'.
15:33:8: Hank Callison has used '/Observer'.
15:33:9: Hank Callison has used '/Observer'.
15:33:9: Hank Callison has used '/Observer'.
15:33:10: Hank Callison has used '/Observer'.
15:33:11: Hank Callison has used '/Observer'.
15:33:11: Hank Callison has used '/Observer'.
15:33:13: Hank Callison has used '/Observer'.
15:33:14: Hank Callison has used '/Observer'.
15:33:15: Hank Callison has used '/Observer'.
15:33:15: Hank Callison has used '/Observer'.
15:33:19: C17.CP-DsP.00228 has used '/Observer'.
15:33:20: C17.CP-DsP.00228 has used '/Observer'.
15:33:21: C17.CP-DsP.00228 has used '/Observer'.
15:33:22: C17.CP-DsP.00228 has used '/Observer'.
15:33:29: Hank Callison has used '/Observer'.
15:33:31: C17.CP-DsP.00228 has used '/Observer'.
15:33:31: C17.CP-DsP.00228 has used '/Observer'.
15:33:32: Hank Callison has used '/Observer'.
15:33:33: Hank Callison has used '/Observer'.
15:33:34: Hank Callison has used '/Observer'.
15:33:36: C17.CP-DsP.00228 has used '/Observer'.
15:33:36: Hank Callison has used '/Observer'.
15:33:36: C17.CP-DsP.00228 has used '/Observer'.
15:33:37: Hank Callison has used '/Observer'.
15:33:37: C17.CP-DsP.00228 has used '/Observer'.
15:33:38: C17.CP-DsP.00228 has used '/Observer'.
15:33:38: C17.CP-DsP.00228 has used '/Observer'.
15:33:39: C17.CP-DsP.00228 has used '/Observer'.
15:33:40: C17.CP-DsP.00228 has used '/Observer'.
15:33:41: C17.CP-DsP.00228 has used '/Observer'.
15:33:47: Hank Callison has used '/Observer'.
15:33:47: Hank Callison has used '/Observer'.
15:33:48: C17.CP-DsP.00228 has used '/Observer'.
15:33:49: Hank Callison has used '/Observer'.
15:33:56: C17.CP-DsP.00228 has used '/Observer'.
15:34:21: C17.CP-DsP.00228 has used '/Observer'.
15:34:23: C17.CP-DsP.00228 has used '/Observer'.
15:34:31: C17.CP-DsP.00228 has used '/Observer'.
15:34:32: C17.CP-DsP.00228 has used '/Observer'.
15:34:33: C17.CP-DsP.00228 has used '/Observer'.
15:34:33: C17.CP-DsP.00228 has used '/Observer'.
15:34:40: C17.CP-DsP.00228 has used '/Observer'.
15:34:40: C17.CP-DsP.00228 has used '/Observer'.
15:34:42: C17.CP-DsP.00228 has used '/Observer'.
15:34:42: C17.CP-DsP.00228 has used '/Observer'.
15:34:43: C17.CP-DsP.00228 has used '/Observer'.
15:34:44: C17.CP-DsP.00228 has used '/Observer'.
15:34:49: C17.CP-DsP.00228 has used '/Observer'.
15:34:50: C17.CP-DsP.00228 has used '/Observer'.
15:34:50: C17.CP-DsP.00228 has used '/Observer'.
15:34:51: C17.CP-DsP.00228 has used '/Observer'.
15:34:52: C17.CP-DsP.00228 has used '/Observer'.
15:34:52: C17.CP-DsP.00228 has used '/Observer'.
15:34:53: C17.CP-DsP.00228 has used '/Observer'.
15:34:53: C17.CP-DsP.00228 has used '/Observer'.
15:34:54: C17.CP-DsP.00228 has used '/Observer'.
15:34:55: C17.CP-DsP.00228 has used '/Observer'.
15:35:8: C17.CP-DsP.00228 has used '/Observer'.
15:35:8: C17.CP-DsP.00228 has used '/Observer'.
15:36:51: C17.CP-DsP.00228 has used '/Observer'.
15:36:52: C17.CP-DsP.00228 has used '/Observer'.
15:36:52: C17.CP-DsP.00228 has used '/Observer'.
15:36:52: C17.CP-DsP.00228 has used '/Observer'.
15:36:56: C17.CP-DsP.00228 has used '/Observer'.
15:36:58: C17.CP-DsP.00228 has used '/Observer'.
15:36:58: C17.CP-DsP.00228 has used '/Observer'.
15:36:59: C17.CP-DsP.00228 has used '/Observer'.
15:36:59: C17.CP-DsP.00228 has used '/Observer'.
15:37:0: C17.CP-DsP.00228 has used '/Observer'.
15:37:0: C17.CP-DsP.00228 has used '/Observer'.
15:37:1: C17.CP-DsP.00228 has used '/Observer'.
15:37:2: C17.CP-DsP.00228 has used '/Observer'.
15:37:5: C17.CP-DsP.00228 has used '/Observer'.
15:37:7: C17.CP-DsP.00228 has used '/Observer'.
15:37:7: C17.CP-DsP.00228 has used '/Observer'.
15:37:8: C17.CP-DsP.00228 has used '/Observer'.
15:37:8: C17.CP-DsP.00228 has used '/Observer'.
15:37:9: C17.CP-DsP.00228 has used '/Observer'.
15:37:11: C17.CP-DsP.00228 has used '/Observer'.
15:37:12: C17.CP-DsP.00228 has used '/Observer'.
15:37:25: C17.CP-DsP.00228 has used '/Observer'.
15:37:28: C17.CP-DsP.00228 has used '/Observer'.
15:37:30: C17.CP-DsP.00228 has used '/Observer'.
15:37:31: C17.CP-DsP.00228 has used '/Observer'.
15:37:32: C17.CP-DsP.00228 has used '/Observer'.
15:37:39: C17.CP-DsP.00228 has used '/Observer'.
15:37:40: C17.CP-DsP.00228 has used '/Observer'.
15:37:41: C17.CP-DsP.00228 has used '/Observer'.
15:37:45: C17.CP-DsP.00228 has used '/Observer'.
15:37:46: C17.CP-DsP.00228 has used '/Observer'.
15:37:47: C17.CP-DsP.00228 has used '/Observer'.
15:37:50: C17.CP-DsP.00228 has used '/Observer'.
15:37:53: C17.CP-DsP.00228 has used '/Observer'.
15:37:56: C17.CP-DsP.00228 has used '/Observer'.
15:37:56: C17.CP-DsP.00228 has used '/Observer'.
15:37:57: C17.CP-DsP.00228 has used '/Observer'.
15:37:58: C17.CP-DsP.00228 has used '/Observer'.
15:38:12: C17.CP-DsP.00228 has used '/Observer'.
15:38:13: C17.CP-DsP.00228 has used '/Observer'.
15:38:14: C17.CP-DsP.00228 has used '/Observer'.
15:38:21: C17.CP-DsP.00228 has used '/Observer'.
15:38:23: C17.CP-DsP.00228 has used '/Observer'.
15:38:25: C17.CP-DsP.00228 has used '/Observer'.
15:38:26: C17.CP-DsP.00228 has used '/Observer'.
15:38:26: C17.CP-DsP.00228 has used '/Observer'.
15:38:27: C17.CP-DsP.00228 has used '/Observer'.
15:38:29: C17.CP-DsP.00228 has used '/Observer'.
15:38:30: C17.CP-DsP.00228 has used '/Observer'.
15:38:30: C17.CP-DsP.00228 has used '/Observer'.
15:38:31: C17.CP-DsP.00228 has used '/Observer'.
15:38:31: C17.CP-DsP.00228 has used '/Observer'.
15:38:32: C17.CP-DsP.00228 has used '/Observer'.
15:38:33: C17.CP-DsP.00228 has used '/Observer'.
15:38:33: C17.CP-DsP.00228 has used '/Observer'.
15:38:34: C17.CP-DsP.00228 has used '/Observer'.
15:38:35: C17.CP-DsP.00228 has used '/Observer'.
15:38:37: C17.CP-DsP.00228 has used '/Observer'.
15:38:38: C17.CP-DsP.00228 has used '/Observer'.
15:38:39: C17.CP-DsP.00228 has used '/Observer'.
15:38:41: C17.CP-DsP.00228 has used '/Observer'.
15:38:43: C17.CP-DsP.00228 has used '/Observer'.
15:38:44: C17.CP-DsP.00228 has used '/Observer'.
15:38:45: C17.CP-DsP.00228 has used '/Observer'.
15:38:46: C17.CP-DsP.00228 has used '/Observer'.
15:38:48: C17.CP-DsP.00228 has used '/Observer'.
15:39:16: C17.CP-DsP.00228 has used '/Observer'.
15:39:17: C17.CP-DsP.00228 has used '/Observer'.
15:39:17: C17.CP-DsP.00228 has used '/Observer'.
15:39:18: C17.CP-DsP.00228 has used '/Observer'.
15:39:18: C17.CP-DsP.00228 has used '/Observer'.
15:39:18: C17.CP-DsP.00228 has used '/Observer'.
15:39:19: C17.CP-DsP.00228 has used '/Observer'.
15:39:20: C17.CP-DsP.00228 has used '/Observer'.
15:39:20: C17.CP-DsP.00228 has used '/Observer'.
15:39:21: C17.CP-DsP.00228 has used '/Observer'.
15:39:21: C17.CP-DsP.00228 has used '/Observer'.
15:39:21: C17.CP-DsP.00228 has used '/Observer'.
15:39:22: C17.CP-DsP.00228 has used '/Observer'.
15:39:22: C17.CP-DsP.00228 has used '/Observer'.
15:39:23: C17.CP-DsP.00228 has used '/Observer'.
15:39:24: C17.CP-DsP.00228 has used '/Observer'.
15:39:31: C17.CP-DsP.00228 has used '/Observer'.
15:39:33: C17.CP-DsP.00228 has used '/Observer'.
15:39:33: C17.CP-DsP.00228 has used '/Observer'.
15:39:35: C17.CP-DsP.00228 has used '/Observer'.
15:39:36: C17.CP-DsP.00228 has used '/Observer'.
15:39:37: C17.CP-DsP.00228 has used '/Observer'.
15:39:37: C17.CP-DsP.00228 has used '/Observer'.
15:39:39: C17.CP-DsP.00228 has used '/Observer'.
15:39:40: C17.CP-DsP.00228 has used '/Observer'.
15:39:40: C17.CP-DsP.00228 has used '/Observer'.
15:39:42: C17.CP-DsP.00228 has used '/Observer'.
15:39:47: C17.CP-DsP.00228 has used '/Observer'.
15:39:48: C17.CP-DsP.00228 has used '/Observer'.
15:39:52: C17.CP-DsP.00228 has used '/Observer'.
15:40:4: C17.CP-DsP.00228 has used '/Observer'.
15:40:5: C17.CP-DsP.00228 has used '/Observer'.
15:42:10: Hank Callison has used '/Observer'.
15:42:12: Hank Callison has used '/Observer'.
15:42:12: Hank Callison has used '/Observer'.
15:44:7: C17.CP-DsP.00228 has used '/Observer'.
15:44:8: C17.CP-DsP.00228 has used '/Observer'.
15:44:9: C17.CP-DsP.00228 has used '/Observer'.
15:44:17: C17.CP-DsP.00228 has used '/Observer'.
15:50:28: C17.CP-DsP.00228 (STEAM_0:1:44629398) has disconnected.
