15:15:50: SchwarzKruppzo (STEAM_0:1:44629398) has connected.
15:16:42: SchwarzKruppzo has loaded the character 'CP.RCT.17-96764'.
15:18:43: CP.RCT.17-96764 has gained a Axe 1428491924.
15:18:43: CP.RCT.17-96764 has used '/CharGiveItem rct axe'.
15:18:52: CP.RCT.17-96764 has used '/InvAction use hl2_m_axe 1428491924.00'.
15:18:56: CP.RCT.17-96764 has used '/InvAction use hl2_m_axe 1428491924.00'.
15:19:1: CP.RCT.17-96764 has used '/InvAction use hl2_m_axe 1428491924.00'.
15:19:2: CP.RCT.17-96764 has used '/InvAction use hl2_m_axe 1428491924.00'.
15:19:3: CP.RCT.17-96764 has lost a Axe 1428491924.
15:19:3: CP.RCT.17-96764 has used '/InvAction drop hl2_m_axe 1428491924.00'.
15:19:6: CP.RCT.17-96764 has gained a Axe 1428491924.
15:19:10: CP.RCT.17-96764 has used '/InvAction use hl2_m_axe 1428491924.00'.
15:25:11: SchwarzKruppzo (STEAM_0:1:44629398) has connected.
15:25:50: SchwarzKruppzo has loaded the character 'CP.RCT.17-96764'.
15:26:22: CP.RCT.17-96764 has used '/InvAction use hl2_m_axe 1428491924.00'.
15:34:28: SchwarzKruppzo (STEAM_0:1:44629398) has connected.
15:35:3: SchwarzKruppzo has loaded the character 'CP.RCT.17-96764'.
15:35:11: CP.RCT.17-96764 has used '/Observer'.
15:35:12: CP.RCT.17-96764 has used '/Observer'.
15:35:12: CP.RCT.17-96764 has used '/Observer'.
15:35:13: CP.RCT.17-96764 has used '/Observer'.
15:35:13: CP.RCT.17-96764 has used '/Observer'.
15:35:15: CP.RCT.17-96764 has used '/Observer'.
15:35:16: CP.RCT.17-96764 has used '/Observer'.
15:35:16: CP.RCT.17-96764 has used '/Observer'.
15:35:42: CP.RCT.17-96764 has used '/Observer'.
15:35:44: CP.RCT.17-96764 has used '/Observer'.
15:35:49: CP.RCT.17-96764 has used '/InvAction use hl2_m_axe 1428491924.00'.
15:35:50: CP.RCT.17-96764 has lost a Axe 1428491924.
15:35:50: CP.RCT.17-96764 has used '/InvAction drop hl2_m_axe 1428491924.00'.
15:35:58: CP.RCT.17-96764 has gained a Axe 1428492959.
15:35:58: CP.RCT.17-96764 has used '/CharGiveItem rct axe'.
15:36:1: CP.RCT.17-96764 has used '/InvAction use hl2_m_axe 1428492959.00'.
15:36:2: CP.RCT.17-96764 has lost a 9mm Pistol 1427715660.
15:36:2: CP.RCT.17-96764 has used '/InvAction use weapon_pistol 1427715660.00'.
15:36:6: CP.RCT.17-96764 has gained a 9mm Pistol 1427715660.
15:36:8: CP.RCT.17-96764 has used '/InvAction use hl2_m_axe 1428492959.00'.
15:37:9: CP.RCT.17-96764 has used '/Observer'.
15:37:9: CP.RCT.17-96764 has used '/Observer'.
15:37:10: CP.RCT.17-96764 has used '/Observer'.
15:37:13: CP.RCT.17-96764 (STEAM_0:1:44629398) has disconnected.
15:40:35: SchwarzKruppzo (STEAM_0:1:44629398) has connected.
15:40:57: SchwarzKruppzo has loaded the character 'CP.RCT.17-96764'.
15:41:16: CP.RCT.17-96764 (STEAM_0:1:44629398) has disconnected.
15:47:7: SchwarzKruppzo (STEAM_0:1:44629398) has connected.
15:48:6: SchwarzKruppzo has loaded the character 'CP.RCT.17-96764'.
15:48:12: CP.RCT.17-96764 has used '/Observer'.
15:48:17: CP.RCT.17-96764 has used '/Observer'.
15:48:41: CP.RCT.17-96764 has gained a Axe 1428493722.
15:48:41: CP.RCT.17-96764 has used '/CharGiveItem rct axe'.
15:48:52: CP.RCT.17-96764 has lost a Axe 1428493722.
15:48:52: CP.RCT.17-96764 has used '/InvAction use hl2_m_axe 1428493722.00'.
15:49:6: CP.RCT.17-96764 (STEAM_0:1:44629398) has disconnected.
15:52:35: SchwarzKruppzo (STEAM_0:1:44629398) has connected.
15:52:57: SchwarzKruppzo has loaded the character 'CP.RCT.17-96764'.
15:53:3: CP.RCT.17-96764 has lost a Axe 1428493722.
15:53:3: CP.RCT.17-96764 has used '/InvAction use hl2_m_axe 1428493722.00'.
15:53:30: CP.RCT.17-96764 has used '/Observer'.
15:53:31: CP.RCT.17-96764 has used '/Observer'.
15:53:31: CP.RCT.17-96764 has used '/Observer'.
15:54:36: CP.RCT.17-96764 has used '/Observer'.
15:54:37: CP.RCT.17-96764 has used '/Observer'.
15:54:37: CP.RCT.17-96764 has used '/Observer'.
15:54:39: CP.RCT.17-96764 has used '/Observer'.
15:54:41: CP.RCT.17-96764 has used '/CharSearch'.
15:54:44: CP.RCT.17-96764 has used '/Observer'.
15:55:4: CP.RCT.17-96764 has used '/Observer'.
15:55:51: CP.RCT.17-96764 has used '/Observer'.
15:55:53: CP.RCT.17-96764 has used '/Observer'.
15:55:53: CP.RCT.17-96764 has used '/Observer'.
15:55:55: CP.RCT.17-96764 has used '/Observer'.
15:55:55: CP.RCT.17-96764 has used '/Observer'.
15:56:11: CP.RCT.17-96764 (STEAM_0:1:44629398) has disconnected.
